[2018-01-10 10:22:33.721] [WARN] access - GET /api/user/userInfo
[2018-01-10 10:22:33.729] [WARN] access - GET /api/menu/listsTree
[2018-01-10 14:26:16.298] [WARN] access - GET /api/menu/listsTree
[2018-01-10 14:26:16.302] [WARN] access - GET /api/user/userInfo
[2018-01-10 14:26:20.189] [WARN] access - GET /api/act/components/lists?keys=
[2018-01-10 14:27:03.663] [WARN] access - GET /api/act/tpl/lists
[2018-01-10 14:27:06.976] [WARN] access - GET /api/menu/listsTree
[2018-01-10 14:27:06.985] [WARN] access - GET /api/user/userInfo
[2018-01-10 14:27:06.996] [WARN] access - GET /api/act/tpl/lists
[2018-01-10 14:27:28.305] [INFO] access - GET /api/act/tpl/38
[2018-01-10 14:28:09.938] [INFO] access - POST /api/act/upload
[2018-01-10 14:28:28.669] [INFO] access - POST /api/act/upload
[2018-01-10 14:29:16.889] [WARN] access - GET /api/menu/listsTree
[2018-01-10 14:29:16.906] [WARN] access - GET /api/user/userInfo
[2018-01-10 14:29:23.730] [WARN] access - GET /api/act/tpl/lists
[2018-01-10 14:29:25.521] [INFO] access - GET /api/act/tpl/38
[2018-01-10 14:29:31.891] [INFO] access - POST /api/act/upload
[2018-01-10 14:29:39.820] [INFO] access - POST /api/act/upload
[2018-01-10 14:34:00.118] [INFO] access - POST /api/act/upload
[2018-01-10 14:35:34.369] [INFO] access - POST /api/act/upload
[2018-01-10 14:36:02.426] [INFO] access - POST /api/act/upload
[2018-01-10 14:37:02.778] [INFO] access - POST /api/act/upload
[2018-01-10 14:38:41.870] [INFO] access - POST /api/act/upload
[2018-01-10 14:39:00.372] [INFO] access - POST /api/act/upload
[2018-01-10 14:39:45.075] [INFO] access - POST /api/act/upload
[2018-01-10 14:41:04.302] [INFO] access - POST /api/act/upload
[2018-01-10 14:41:26.461] [INFO] access - POST /api/act/upload
[2018-01-10 14:41:43.851] [WARN] access - GET /temp/undefined/btnbak_1515566040108.jpg
[2018-01-10 14:41:43.857] [INFO] access - POST /api/act/draft
[2018-01-10 14:41:44.201] [INFO] access - GET /api/act/lists?keys=&pageSize=15&pageIndex=1
[2018-01-10 14:41:46.214] [INFO] access - GET /api/act/77
[2018-01-10 14:42:21.982] [INFO] access - GET /preview/act?timeId=20180110144146&tplData=%7B%22title%22%3A%22%E7%AE%80%E5%8D%95%E5%80%9F%E6%AC%BE%22%2C%22style%22%3A%7B%22background-color%22%3A%22%22%2C%22background-repeat%22%3A%22no-repeat%22%2C%22background-image%22%3A%22%2Ftemp%2Fundefined%2Fbak_1515565771625.jpg%22%7D%2C%22components%22%3A%5B%7B%22name%22%3A%22images%22%2C%22image_path%22%3A%5B%22%2Ftemp%2Fundefined%2Fheader_1515565779812.jpg%22%5D%7D%2C%7B%22name%22%3A%22forms%22%2C%22image_path%22%3A%5B%5D%2C%22wrap%22%3A%7B%22value%22%3A%22havePadding%22%2C%22iconcolor%22%3A%22%22%2C%22style%22%3A%7B%22width%22%3A%22900px%22%2C%22background-color%22%3A%22%22%2C%22background-image%22%3A%22%22%7D%7D%2C%22input%22%3A%7B%22style%22%3A%7B%22height%22%3A%22NaNpx%22%7D%2C%22borderColor%22%3A%22%22%7D%2C%22buttons%22%3A%7B%22imageUrl%22%3A%22%22%2C%22usages%22%3A%5B%22goAlerts%22%5D%2C%22href%22%3A%22%22%2C%22style%22%3A%7B%22width%22%3A%22%22%2C%22height%22%3A%22%22%7D%2C%22responses%22%3A%5B%5D%2C%22uuid%22%3A%22ab214b028e374467a7bcb30f66ec5ee8%22%7D%7D%2C%7B%22name%22%3A%22alerts%22%2C%22wrap%22%3A%7B%22closeBtn%22%3A%7B%22isShow%22%3Atrue%2C%22image_path%22%3A%5B%22%2Ftemp%2Fundefined%2Fshut_1515566162420.png%22%5D%7D%2C%22style%22%3A%7B%22width%22%3A%22801px%22%2C%22height%22%3A%221105px%22%2C%22background-color%22%3A%22%22%2C%22background-image%22%3A%22%2Ftemp%2Fundefined%2Fregistemiddle_1515566134359.jpg%22%2C%22background-repeat%22%3A%22no-repeat%22%2C%22border-radius%22%3A%226px%22%7D%7D%2C%22contents%22%3A%7B%22name%22%3A%22_sample_alert%22%2C%22image_path%22%3A%5B%22%2Ftemp%2Fundefined%2Fregsuccess3_1515566340364.jpg%22%5D%2C%22uuid%22%3A%2284a704a7deed4232873282aab6a2f7ba%22%7D%2C%22buttons%22%3A%5B%7B%22imageUrl%22%3A%22%2Ftemp%2Fundefined%2Fbtnbak_1515566222772.jpg%22%2C%22usages%22%3A%5B%22goBackEnd%22%5D%2C%22href%22%3A%22%22%2C%22style%22%3A%7B%22width%22%3A%22400px%22%2C%22height%22%3A%22150px%22%7D%2C%22responses%22%3A%5B%7B%22201%22%3A%22this.handle%22%7D%5D%2C%22uuid%22%3A%22a465763947a14e9091424506dcc40c9e%22%7D%2C%7B%22imageUrl%22%3A%22%2Ftemp%2Fundefined%2Fbtnbak_1515566385068.jpg%22%2C%22usages%22%3A%5B%22download%22%5D%2C%22href%22%3A%22%22%2C%22style%22%3A%7B%22width%22%3A%22400px%22%2C%22height%22%3A%22150px%22%7D%2C%22responses%22%3A%5B%5D%2C%22uuid%22%3A%222bbd083c209944d4bc1b3ee3b44e7f30%22%7D%5D%7D%2C%7B%22name%22%3A%22alerts%22%2C%22wrap%22%3A%7B%22closeBtn%22%3A%7B%22isShow%22%3Afalse%2C%22image_path%22%3A%5B%5D%7D%2C%22style%22%3A%7B%22width%22%3A%22%22%2C%22height%22%3A%22%22%2C%22background-color%22%3A%22%22%2C%22background-image%22%3A%22%22%2C%22background-repeat%22%3A%22%22%2C%22border-radius%22%3A%22%22%7D%7D%2C%22contents%22%3A%7B%22name%22%3A%22%22%2C%22image_path%22%3A%5B%5D%2C%22uuid%22%3A%22e25d91e706684c9ba319002b8b0d7472%22%7D%2C%22buttons%22%3A%5B%5D%7D%2C%7B%22name%22%3A%22alerts%22%2C%22wrap%22%3A%7B%22closeBtn%22%3A%7B%22isShow%22%3Afalse%2C%22image_path%22%3A%5B%5D%7D%2C%22style%22%3A%7B%22width%22%3A%22%22%2C%22height%22%3A%22%22%2C%22background-color%22%3A%22%22%2C%22background-image%22%3A%22%22%2C%22background-repeat%22%3A%22%22%2C%22border-radius%22%3A%22%22%7D%7D%2C%22contents%22%3A%7B%22name%22%3A%22%22%2C%22image_path%22%3A%5B%5D%2C%22uuid%22%3A%228def34f13f85459f87342188f0cef7ba%22%7D%2C%22buttons%22%3A%5B%5D%7D%2C%7B%22name%22%3A%22alerts%22%2C%22wrap%22%3A%7B%22closeBtn%22%3A%7B%22isShow%22%3Afalse%2C%22image_path%22%3A%5B%5D%7D%2C%22style%22%3A%7B%22width%22%3A%22801px%22%2C%22height%22%3A%221105px%22%2C%22background-color%22%3A%22%22%2C%22background-image%22%3A%22%2Ftemp%2Fundefined%2Fregistesuccess_1515566464293.jpg%22%2C%22background-repeat%22%3A%22%22%2C%22border-radius%22%3A%226px%22%7D%7D%2C%22contents%22%3A%7B%22name%22%3A%22_sample_alert%22%2C%22image_path%22%3A%5B%5D%2C%22uuid%22%3A%22720e96503a774273817fda9441147908%22%7D%2C%22buttons%22%3A%5B%7B%22imageUrl%22%3A%22%2Ftemp%2Fundefined%2Fbtnbak_1515566486453.jpg%22%2C%22usages%22%3A%5B%5D%2C%22href%22%3A%22%22%2C%22style%22%3A%7B%22width%22%3A%22%22%2C%22height%22%3A%22150px%22%7D%2C%22responses%22%3A%5B%5D%2C%22uuid%22%3A%2232ae187e4db14263b2907acdadd3d1f7%22%7D%5D%7D%5D%2C%22activityCode%22%3A%222a3cd5b1b8cb449fb3e008360726f0c4%22%7D
[2018-01-10 14:42:22.016] [INFO] access - GET /temp/20180110144146/min.js
[2018-01-10 14:42:22.033] [WARN] access - GET /temp/undefined/header_1515565779812.jpg
[2018-01-10 14:42:22.038] [WARN] access - GET /temp/undefined/bak_1515565771625.jpg
[2018-01-10 14:42:26.828] [WARN] access - GET /temp/20180110144146/min.css
[2018-01-10 14:43:25.936] [WARN] access - GET /api/act/components/lists?keys=
[2018-01-10 14:43:46.649] [INFO] access - POST /api/act/components/add
[2018-01-10 14:43:46.678] [INFO] access - GET /api/act/components/lists?keys=
[2018-01-10 14:43:59.311] [INFO] access - POST /api/act/components/add
[2018-01-10 14:43:59.332] [INFO] access - GET /api/act/components/lists?keys=
[2018-01-10 14:44:03.106] [WARN] access - GET /api/act/lists?keys=&pageSize=15&pageIndex=1
[2018-01-10 14:44:04.978] [INFO] access - GET /api/act/77
[2018-01-10 14:44:05.113] [WARN] access - GET /temp/undefined/bak_1515565771625.jpg
[2018-01-10 14:44:05.252] [WARN] access - GET /temp/undefined/registemiddle_1515566134359.jpg
[2018-01-10 14:44:05.260] [WARN] access - GET /temp/undefined/registesuccess_1515566464293.jpg
[2018-01-10 14:44:05.265] [WARN] access - GET /temp/undefined/header_1515565779812.jpg
[2018-01-10 14:44:05.270] [WARN] access - GET /temp/undefined/btnbak_1515566040108.jpg
[2018-01-10 14:44:05.278] [WARN] access - GET /temp/undefined/btnbak_1515566222772.jpg
[2018-01-10 14:44:05.303] [WARN] access - GET /temp/undefined/btnbak_1515566385068.jpg
[2018-01-10 14:44:05.309] [WARN] access - GET /temp/undefined/regsuccess3_1515566340364.jpg
[2018-01-10 14:44:05.318] [WARN] access - GET /temp/undefined/shut_1515566162420.png
[2018-01-10 14:44:05.326] [WARN] access - GET /temp/undefined/btnbak_1515566486453.jpg
[2018-01-10 14:44:18.269] [INFO] access - POST /api/act/draft
[2018-01-10 14:44:18.553] [INFO] access - GET /api/act/lists?keys=&pageSize=15&pageIndex=1
[2018-01-10 14:44:20.291] [INFO] access - GET /api/act/77
[2018-01-10 14:44:22.075] [INFO] access - GET /preview/act?timeId=20180110144420&tplData=%7B%22title%22%3A%22%E7%AE%80%E5%8D%95%E5%80%9F%E6%AC%BE%22%2C%22style%22%3A%7B%22background-color%22%3A%22%22%2C%22background-repeat%22%3A%22no-repeat%22%2C%22background-image%22%3A%22%2Ftemp%2Fundefined%2Fbak_1515565771625.jpg%22%7D%2C%22components%22%3A%5B%7B%22name%22%3A%22images%22%2C%22image_path%22%3A%5B%22%2Ftemp%2Fundefined%2Fheader_1515565779812.jpg%22%5D%7D%2C%7B%22name%22%3A%22forms%22%2C%22image_path%22%3A%5B%5D%2C%22wrap%22%3A%7B%22value%22%3A%22havePadding%22%2C%22iconcolor%22%3A%22%22%2C%22style%22%3A%7B%22width%22%3A%22900px%22%2C%22background-color%22%3A%22%22%2C%22background-image%22%3A%22%22%7D%7D%2C%22input%22%3A%7B%22style%22%3A%7B%22height%22%3A%22NaNpx%22%7D%2C%22borderColor%22%3A%22%22%7D%2C%22buttons%22%3A%7B%22imageUrl%22%3A%22%22%2C%22usages%22%3A%5B%5D%2C%22href%22%3A%22%22%2C%22style%22%3A%7B%22width%22%3A%22%22%2C%22height%22%3A%22%22%7D%2C%22responses%22%3A%5B%5D%2C%22uuid%22%3A%2220c0e2a01c1341319bde6b962254797d%22%7D%7D%2C%7B%22name%22%3A%22alerts%22%2C%22wrap%22%3A%7B%22closeBtn%22%3A%7B%22isShow%22%3Atrue%2C%22image_path%22%3A%5B%22%2Ftemp%2Fundefined%2Fshut_1515566162420.png%22%5D%7D%2C%22style%22%3A%7B%22width%22%3A%22801px%22%2C%22height%22%3A%221105px%22%2C%22background-color%22%3A%22%22%2C%22background-image%22%3A%22%2Ftemp%2Fundefined%2Fregistemiddle_1515566134359.jpg%22%2C%22background-repeat%22%3A%22no-repeat%22%2C%22border-radius%22%3A%226px%22%7D%7D%2C%22contents%22%3A%7B%22name%22%3A%22_sample_alert%22%2C%22image_path%22%3A%5B%22%2Ftemp%2Fundefined%2Fregsuccess3_1515566340364.jpg%22%5D%2C%22uuid%22%3A%2284a704a7deed4232873282aab6a2f7ba%22%7D%2C%22buttons%22%3A%5B%7B%22imageUrl%22%3A%22%2Ftemp%2Fundefined%2Fbtnbak_1515566222772.jpg%22%2C%22usages%22%3A%5B%22goBackEnd%22%5D%2C%22href%22%3A%22%22%2C%22style%22%3A%7B%22width%22%3A%22400px%22%2C%22height%22%3A%22150px%22%7D%2C%22responses%22%3A%5B%7B%22201%22%3A%22this.handle%22%7D%5D%2C%22uuid%22%3A%22a465763947a14e9091424506dcc40c9e%22%7D%2C%7B%22imageUrl%22%3A%22%2Ftemp%2Fundefined%2Fbtnbak_1515566385068.jpg%22%2C%22usages%22%3A%5B%22download%22%5D%2C%22href%22%3A%22%22%2C%22style%22%3A%7B%22width%22%3A%22400px%22%2C%22height%22%3A%22150px%22%7D%2C%22responses%22%3A%5B%5D%2C%22uuid%22%3A%222bbd083c209944d4bc1b3ee3b44e7f30%22%7D%5D%7D%2C%7B%22name%22%3A%22alerts%22%2C%22wrap%22%3A%7B%22closeBtn%22%3A%7B%22isShow%22%3Afalse%2C%22image_path%22%3A%5B%5D%7D%2C%22style%22%3A%7B%22width%22%3A%22%22%2C%22height%22%3A%22%22%2C%22background-color%22%3A%22%22%2C%22background-image%22%3A%22%22%2C%22background-repeat%22%3A%22%22%2C%22border-radius%22%3A%22%22%7D%7D%2C%22contents%22%3A%7B%22name%22%3A%22%22%2C%22image_path%22%3A%5B%5D%2C%22uuid%22%3A%22e25d91e706684c9ba319002b8b0d7472%22%7D%2C%22buttons%22%3A%5B%5D%7D%2C%7B%22name%22%3A%22alerts%22%2C%22wrap%22%3A%7B%22closeBtn%22%3A%7B%22isShow%22%3Afalse%2C%22image_path%22%3A%5B%5D%7D%2C%22style%22%3A%7B%22width%22%3A%22%22%2C%22height%22%3A%22%22%2C%22background-color%22%3A%22%22%2C%22background-image%22%3A%22%22%2C%22background-repeat%22%3A%22%22%2C%22border-radius%22%3A%22%22%7D%7D%2C%22contents%22%3A%7B%22name%22%3A%22%22%2C%22image_path%22%3A%5B%5D%2C%22uuid%22%3A%228def34f13f85459f87342188f0cef7ba%22%7D%2C%22buttons%22%3A%5B%5D%7D%2C%7B%22name%22%3A%22alerts%22%2C%22wrap%22%3A%7B%22closeBtn%22%3A%7B%22isShow%22%3Afalse%2C%22image_path%22%3A%5B%5D%7D%2C%22style%22%3A%7B%22width%22%3A%22801px%22%2C%22height%22%3A%221105px%22%2C%22background-color%22%3A%22%22%2C%22background-image%22%3A%22%2Ftemp%2Fundefined%2Fregistesuccess_1515566464293.jpg%22%2C%22background-repeat%22%3A%22%22%2C%22border-radius%22%3A%226px%22%7D%7D%2C%22contents%22%3A%7B%22name%22%3A%22_sample_alert%22%2C%22image_path%22%3A%5B%5D%2C%22uuid%22%3A%22720e96503a774273817fda9441147908%22%7D%2C%22buttons%22%3A%5B%7B%22imageUrl%22%3A%22%2Ftemp%2Fundefined%2Fbtnbak_1515566486453.jpg%22%2C%22usages%22%3A%5B%5D%2C%22href%22%3A%22%22%2C%22style%22%3A%7B%22width%22%3A%22%22%2C%22height%22%3A%22150px%22%7D%2C%22responses%22%3A%5B%5D%2C%22uuid%22%3A%2232ae187e4db14263b2907acdadd3d1f7%22%7D%5D%7D%5D%2C%22activityCode%22%3A%222a3cd5b1b8cb449fb3e008360726f0c4%22%7D
[2018-01-10 14:44:22.133] [INFO] access - GET /temp/20180110144420/min.css
[2018-01-10 14:44:22.140] [WARN] access - GET /temp/undefined/header_1515565779812.jpg
[2018-01-10 14:44:22.147] [WARN] access - GET /temp/undefined/shut_1515566162420.png
[2018-01-10 14:44:22.152] [WARN] access - GET /temp/undefined/regsuccess3_1515566340364.jpg
[2018-01-10 14:44:22.161] [WARN] access - GET /temp/undefined/btnbak_1515566222772.jpg
[2018-01-10 14:44:22.195] [WARN] access - GET /temp/undefined/btnbak_1515566385068.jpg
[2018-01-10 14:44:22.202] [INFO] access - GET /temp/20180110144420/min.js
[2018-01-10 14:44:22.208] [WARN] access - GET /temp/undefined/btnbak_1515566486453.jpg
[2018-01-10 14:44:22.214] [WARN] access - GET /temp/undefined/bak_1515565771625.jpg
[2018-01-10 14:44:35.458] [WARN] access - GET /temp/20180110144420/min.css
[2018-01-10 14:47:39.118] [WARN] access - GET /api/act/tpl/lists
[2018-01-10 14:47:39.996] [WARN] access - GET /api/act/components/lists?keys=
[2018-01-10 14:47:58.482] [INFO] access - POST /api/act/components/update
[2018-01-10 14:47:58.505] [WARN] access - GET /api/act/components/lists?keys=
[2018-01-10 14:48:11.951] [INFO] access - POST /api/act/components/update
[2018-01-10 14:48:11.967] [WARN] access - GET /api/act/components/lists?keys=
[2018-01-10 14:48:17.204] [WARN] access - GET /api/act/lists?keys=&pageSize=15&pageIndex=1
[2018-01-10 14:48:18.531] [INFO] access - GET /api/act/77
[2018-01-10 14:48:18.668] [WARN] access - GET /temp/undefined/bak_1515565771625.jpg
[2018-01-10 14:48:18.788] [WARN] access - GET /temp/undefined/registemiddle_1515566134359.jpg
[2018-01-10 14:48:18.801] [WARN] access - GET /temp/undefined/registesuccess_1515566464293.jpg
[2018-01-10 14:48:18.810] [WARN] access - GET /temp/undefined/header_1515565779812.jpg
[2018-01-10 14:48:18.817] [WARN] access - GET /temp/undefined/btnbak_1515566222772.jpg
[2018-01-10 14:48:18.823] [WARN] access - GET /temp/undefined/btnbak_1515566385068.jpg
[2018-01-10 14:48:18.872] [WARN] access - GET /temp/undefined/btnbak_1515566486453.jpg
[2018-01-10 14:48:18.879] [WARN] access - GET /temp/undefined/regsuccess3_1515566340364.jpg
[2018-01-10 14:48:18.896] [WARN] access - GET /temp/undefined/shut_1515566162420.png
[2018-01-10 14:49:04.826] [INFO] access - GET /preview/act?timeId=20180110144818&tplData=%7B%22title%22%3A%22%E7%AE%80%E5%8D%95%E5%80%9F%E6%AC%BE%22%2C%22style%22%3A%7B%22background-color%22%3A%22%22%2C%22background-repeat%22%3A%22no-repeat%22%2C%22background-image%22%3A%22%2Ftemp%2Fundefined%2Fbak_1515565771625.jpg%22%7D%2C%22components%22%3A%5B%7B%22name%22%3A%22images%22%2C%22image_path%22%3A%5B%22%2Ftemp%2Fundefined%2Fheader_1515565779812.jpg%22%5D%7D%2C%7B%22name%22%3A%22forms%22%2C%22image_path%22%3A%5B%5D%2C%22wrap%22%3A%7B%22value%22%3A%22havePadding%22%2C%22iconcolor%22%3A%22%22%2C%22style%22%3A%7B%22width%22%3A%22900px%22%2C%22background-color%22%3A%22%22%2C%22background-image%22%3A%22%22%7D%7D%2C%22input%22%3A%7B%22style%22%3A%7B%22height%22%3A%22NaNpx%22%7D%2C%22borderColor%22%3A%22%22%7D%2C%22buttons%22%3A%7B%22imageUrl%22%3A%22%22%2C%22usages%22%3A%5B%5D%2C%22href%22%3A%22%22%2C%22style%22%3A%7B%22width%22%3A%22%22%2C%22height%22%3A%22%22%7D%2C%22responses%22%3A%5B%5D%2C%22uuid%22%3A%22970592e39335451984822bc446e685f3%22%7D%7D%2C%7B%22name%22%3A%22alerts%22%2C%22wrap%22%3A%7B%22closeBtn%22%3A%7B%22isShow%22%3Atrue%2C%22image_path%22%3A%5B%22%2Ftemp%2Fundefined%2Fshut_1515566162420.png%22%5D%7D%2C%22style%22%3A%7B%22width%22%3A%22801px%22%2C%22height%22%3A%221105px%22%2C%22background-color%22%3A%22%22%2C%22background-image%22%3A%22%2Ftemp%2Fundefined%2Fregistemiddle_1515566134359.jpg%22%2C%22background-repeat%22%3A%22no-repeat%22%2C%22border-radius%22%3A%226px%22%7D%7D%2C%22contents%22%3A%7B%22name%22%3A%22_sample_alert%22%2C%22image_path%22%3A%5B%22%2Ftemp%2Fundefined%2Fregsuccess3_1515566340364.jpg%22%5D%2C%22uuid%22%3A%2284a704a7deed4232873282aab6a2f7ba%22%7D%2C%22buttons%22%3A%5B%7B%22imageUrl%22%3A%22%2Ftemp%2Fundefined%2Fbtnbak_1515566222772.jpg%22%2C%22usages%22%3A%5B%22goBackEnd%22%5D%2C%22href%22%3A%22%22%2C%22style%22%3A%7B%22width%22%3A%22400px%22%2C%22height%22%3A%22150px%22%7D%2C%22responses%22%3A%5B%7B%22201%22%3A%22this.handle%22%7D%5D%2C%22uuid%22%3A%22a465763947a14e9091424506dcc40c9e%22%7D%2C%7B%22imageUrl%22%3A%22%2Ftemp%2Fundefined%2Fbtnbak_1515566385068.jpg%22%2C%22usages%22%3A%5B%22download%22%5D%2C%22href%22%3A%22%22%2C%22style%22%3A%7B%22width%22%3A%22400px%22%2C%22height%22%3A%22150px%22%7D%2C%22responses%22%3A%5B%5D%2C%22uuid%22%3A%222bbd083c209944d4bc1b3ee3b44e7f30%22%7D%5D%7D%2C%7B%22name%22%3A%22alerts%22%2C%22wrap%22%3A%7B%22closeBtn%22%3A%7B%22isShow%22%3Afalse%2C%22image_path%22%3A%5B%5D%7D%2C%22style%22%3A%7B%22width%22%3A%22%22%2C%22height%22%3A%22%22%2C%22background-color%22%3A%22%22%2C%22background-image%22%3A%22%22%2C%22background-repeat%22%3A%22%22%2C%22border-radius%22%3A%22%22%7D%7D%2C%22contents%22%3A%7B%22name%22%3A%22%22%2C%22image_path%22%3A%5B%5D%2C%22uuid%22%3A%22e25d91e706684c9ba319002b8b0d7472%22%7D%2C%22buttons%22%3A%5B%5D%7D%2C%7B%22name%22%3A%22alerts%22%2C%22wrap%22%3A%7B%22closeBtn%22%3A%7B%22isShow%22%3Afalse%2C%22image_path%22%3A%5B%5D%7D%2C%22style%22%3A%7B%22width%22%3A%22%22%2C%22height%22%3A%22%22%2C%22background-color%22%3A%22%22%2C%22background-image%22%3A%22%22%2C%22background-repeat%22%3A%22%22%2C%22border-radius%22%3A%22%22%7D%7D%2C%22contents%22%3A%7B%22name%22%3A%22%22%2C%22image_path%22%3A%5B%5D%2C%22uuid%22%3A%228def34f13f85459f87342188f0cef7ba%22%7D%2C%22buttons%22%3A%5B%5D%7D%2C%7B%22name%22%3A%22alerts%22%2C%22wrap%22%3A%7B%22closeBtn%22%3A%7B%22isShow%22%3Afalse%2C%22image_path%22%3A%5B%5D%7D%2C%22style%22%3A%7B%22width%22%3A%22801px%22%2C%22height%22%3A%221105px%22%2C%22background-color%22%3A%22%22%2C%22background-image%22%3A%22%2Ftemp%2Fundefined%2Fregistesuccess_1515566464293.jpg%22%2C%22background-repeat%22%3A%22%22%2C%22border-radius%22%3A%226px%22%7D%7D%2C%22contents%22%3A%7B%22name%22%3A%22_sample_alert%22%2C%22image_path%22%3A%5B%5D%2C%22uuid%22%3A%22720e96503a774273817fda9441147908%22%7D%2C%22buttons%22%3A%5B%7B%22imageUrl%22%3A%22%2Ftemp%2Fundefined%2Fbtnbak_1515566486453.jpg%22%2C%22usages%22%3A%5B%5D%2C%22href%22%3A%22%22%2C%22style%22%3A%7B%22width%22%3A%22%22%2C%22height%22%3A%22150px%22%7D%2C%22responses%22%3A%5B%5D%2C%22uuid%22%3A%2232ae187e4db14263b2907acdadd3d1f7%22%7D%5D%7D%5D%2C%22activityCode%22%3A%222a3cd5b1b8cb449fb3e008360726f0c4%22%7D
[2018-01-10 14:49:04.862] [INFO] access - GET /temp/20180110144818/min.css
[2018-01-10 14:49:04.869] [WARN] access - GET /temp/undefined/header_1515565779812.jpg
[2018-01-10 14:49:04.904] [INFO] access - GET /temp/20180110144818/min.js
[2018-01-10 14:49:04.910] [WARN] access - GET /temp/undefined/shut_1515566162420.png
[2018-01-10 14:49:04.916] [WARN] access - GET /temp/undefined/btnbak_1515566222772.jpg
[2018-01-10 14:49:04.922] [WARN] access - GET /temp/undefined/regsuccess3_1515566340364.jpg
[2018-01-10 14:49:04.927] [WARN] access - GET /temp/undefined/btnbak_1515566385068.jpg
[2018-01-10 14:49:04.944] [WARN] access - GET /temp/undefined/bak_1515565771625.jpg
[2018-01-10 14:49:04.950] [WARN] access - GET /temp/undefined/btnbak_1515566486453.jpg
[2018-01-10 14:49:04.956] [ERROR] access - GET /temp/20180110144818/src/themes/activity/components/forms/font/iconfont.ttf?t=1511945462093
[2018-01-10 14:49:18.217] [WARN] access - GET /api/act/lists?keys=&pageSize=15&pageIndex=1
[2018-01-10 14:49:37.751] [INFO] access - DELETE /api/act/77
[2018-01-10 14:49:37.827] [INFO] access - GET /api/act/lists?keys=&pageSize=15&pageIndex=1
[2018-01-10 14:49:40.518] [INFO] access - DELETE /api/act/68
[2018-01-10 14:49:40.566] [INFO] access - GET /api/act/lists?keys=&pageSize=15&pageIndex=1
[2018-01-10 14:50:47.305] [INFO] access - DELETE /api/act/61
[2018-01-10 14:50:47.356] [INFO] access - GET /api/act/lists?keys=&pageSize=15&pageIndex=1
[2018-01-10 14:50:49.738] [INFO] access - DELETE /api/act/60
[2018-01-10 14:50:49.809] [INFO] access - GET /api/act/lists?keys=&pageSize=15&pageIndex=1
[2018-01-10 14:50:52.537] [INFO] access - DELETE /api/act/58
[2018-01-10 14:50:52.588] [INFO] access - GET /api/act/lists?keys=&pageSize=15&pageIndex=1
[2018-01-10 14:50:56.419] [INFO] access - GET /api/act/lists?keys=&pageSize=15&pageIndex=2
[2018-01-10 14:51:00.961] [INFO] access - DELETE /api/act/26
[2018-01-10 14:51:01.132] [INFO] access - GET /api/act/lists?keys=&pageSize=15&pageIndex=2
[2018-01-10 14:51:03.269] [INFO] access - DELETE /api/act/25
[2018-01-10 14:51:03.316] [INFO] access - GET /api/act/lists?keys=&pageSize=15&pageIndex=2
[2018-01-10 14:51:06.087] [INFO] access - DELETE /api/act/40
[2018-01-10 14:51:06.130] [INFO] access - GET /api/act/lists?keys=&pageSize=15&pageIndex=2
[2018-01-10 14:51:08.768] [INFO] access - PUT /api/act/38
[2018-01-10 14:51:08.804] [INFO] access - GET /api/act/lists?keys=&pageSize=15&pageIndex=2
[2018-01-10 14:51:11.322] [INFO] access - DELETE /api/act/38
[2018-01-10 14:51:11.357] [INFO] access - GET /api/act/lists?keys=&pageSize=15&pageIndex=2
[2018-01-10 14:51:13.731] [INFO] access - PUT /api/act/36
[2018-01-10 14:51:13.761] [INFO] access - GET /api/act/lists?keys=&pageSize=15&pageIndex=2
[2018-01-10 14:51:16.099] [INFO] access - DELETE /api/act/36
[2018-01-10 14:51:16.149] [INFO] access - GET /api/act/lists?keys=&pageSize=15&pageIndex=2
[2018-01-10 14:51:20.994] [INFO] access - PUT /api/act/28
[2018-01-10 14:51:21.022] [INFO] access - GET /api/act/lists?keys=&pageSize=15&pageIndex=2
[2018-01-10 14:51:23.499] [INFO] access - DELETE /api/act/28
[2018-01-10 14:51:23.534] [INFO] access - GET /api/act/lists?keys=&pageSize=15&pageIndex=2
[2018-01-10 14:51:25.752] [INFO] access - PUT /api/act/39
[2018-01-10 14:51:25.838] [INFO] access - GET /api/act/lists?keys=&pageSize=15&pageIndex=2
[2018-01-10 14:51:27.951] [INFO] access - DELETE /api/act/39
[2018-01-10 14:51:27.982] [INFO] access - GET /api/act/lists?keys=&pageSize=15&pageIndex=2
[2018-01-10 14:51:28.047] [INFO] access - GET /api/act/lists?keys=&pageSize=15&pageIndex=1
[2018-01-10 14:51:32.696] [INFO] access - PUT /api/act/57
[2018-01-10 14:51:32.758] [INFO] access - GET /api/act/lists?keys=&pageSize=15&pageIndex=1
[2018-01-10 14:51:35.422] [INFO] access - DELETE /api/act/57
[2018-01-10 14:51:35.467] [INFO] access - GET /api/act/lists?keys=&pageSize=15&pageIndex=1
[2018-01-10 14:51:40.317] [INFO] access - PUT /api/act/42
[2018-01-10 14:51:40.376] [INFO] access - GET /api/act/lists?keys=&pageSize=15&pageIndex=1
[2018-01-10 14:51:44.477] [INFO] access - DELETE /api/act/42
[2018-01-10 14:51:44.543] [INFO] access - GET /api/act/lists?keys=&pageSize=15&pageIndex=1
