[2017-12-12 11:27:40.233] [WARN] access - GET /api/menu/listsTree
[2017-12-12 11:27:40.251] [WARN] access - GET /api/user/userInfo
[2017-12-12 11:27:40.263] [INFO] access - GET /api/act/tpl/23
[2017-12-12 11:28:51.247] [WARN] access - GET /api/menu/listsTree
[2017-12-12 11:28:51.274] [WARN] access - GET /api/user/userInfo
[2017-12-12 11:28:51.286] [INFO] access - GET /api/act/tpl/23
[2017-12-12 13:12:39.205] [WARN] access - GET /api/menu/listsTree
[2017-12-12 13:12:39.232] [WARN] access - GET /api/user/userInfo
[2017-12-12 13:12:39.249] [INFO] access - GET /api/act/tpl/23
[2017-12-12 13:17:15.964] [WARN] access - GET /api/menu/listsTree
[2017-12-12 13:17:15.974] [WARN] access - GET /api/user/userInfo
[2017-12-12 13:17:15.984] [INFO] access - GET /api/act/tpl/23
[2017-12-12 13:30:24.205] [INFO] access - POST /api/act/upload
[2017-12-12 13:30:50.091] [WARN] access - GET /api/menu/listsTree
[2017-12-12 13:30:50.101] [WARN] access - GET /api/user/userInfo
[2017-12-12 13:30:50.112] [INFO] access - GET /api/act/tpl/23
[2017-12-12 13:30:55.629] [INFO] access - POST /api/act/upload
[2017-12-12 13:31:41.102] [INFO] access - POST /api/act/upload
[2017-12-12 13:34:21.220] [WARN] access - GET /api/menu/listsTree
[2017-12-12 13:34:21.240] [WARN] access - GET /api/user/userInfo
[2017-12-12 13:34:21.265] [INFO] access - GET /api/act/tpl/23
[2017-12-12 13:34:26.327] [INFO] access - POST /api/act/upload
[2017-12-12 14:07:05.118] [INFO] access - POST /api/act/upload
[2017-12-12 14:07:22.942] [INFO] access - POST /api/act/upload
[2017-12-12 14:19:57.466] [INFO] access - POST /api/act/upload
[2017-12-12 14:24:30.650] [WARN] access - GET /api/menu/listsTree
[2017-12-12 14:24:30.665] [WARN] access - GET /api/user/userInfo
[2017-12-12 14:24:30.671] [INFO] access - GET /api/act/tpl/23
[2017-12-12 14:24:35.712] [INFO] access - POST /api/act/upload
[2017-12-12 14:25:21.373] [INFO] access - POST /api/act/upload
[2017-12-12 14:26:31.635] [WARN] access - GET /api/menu/listsTree
[2017-12-12 14:26:31.647] [WARN] access - GET /api/user/userInfo
[2017-12-12 14:26:31.661] [INFO] access - GET /api/act/tpl/23
[2017-12-12 14:26:36.208] [INFO] access - POST /api/act/upload
[2017-12-12 14:29:46.256] [INFO] access - POST /api/act/upload
[2017-12-12 15:41:10.432] [WARN] access - GET /api/menu/listsTree
[2017-12-12 15:41:10.447] [WARN] access - GET /api/user/userInfo
[2017-12-12 15:41:10.457] [WARN] access - GET /api/act/tpl/lists
[2017-12-12 15:41:10.849] [WARN] access - GET /images/act_tpl_image/1512985936259.png
[2017-12-12 15:41:10.894] [WARN] access - GET /images/act_tpl_image/1512978692388.jpg
[2017-12-12 15:41:16.757] [INFO] access - GET /api/act/tpl/23
[2017-12-12 15:41:59.115] [INFO] access - POST /api/act/upload
[2017-12-12 15:42:11.193] [INFO] access - POST /api/act/upload
