[2018-01-15 09:16:53.441] [INFO] access - GET /api/user/userInfo
[2018-01-15 09:16:53.464] [INFO] access - GET /api/menu/listsTree
[2018-01-15 09:18:48.382] [WARN] access - GET /api/menu/listsTree
[2018-01-15 09:18:48.483] [WARN] access - GET /api/user/userInfo
[2018-01-15 09:20:34.114] [WARN] access - GET /api/menu/listsTree
[2018-01-15 09:20:34.120] [WARN] access - GET /api/user/userInfo
[2018-01-15 09:21:18.994] [WARN] access - GET /api/menu/listsTree
[2018-01-15 09:21:18.999] [WARN] access - GET /api/user/userInfo
[2018-01-15 09:21:20.301] [WARN] access - GET /api/menu/listsTree
[2018-01-15 09:21:20.307] [WARN] access - GET /api/user/userInfo
[2018-01-15 09:21:57.013] [WARN] access - GET /api/menu/listsTree
[2018-01-15 09:21:57.018] [WARN] access - GET /api/user/userInfo
[2018-01-15 09:31:22.130] [WARN] access - GET /api/menu/listsTree
[2018-01-15 09:31:22.135] [WARN] access - GET /api/user/userInfo
[2018-01-15 09:39:27.059] [WARN] access - GET /api/menu/listsTree
[2018-01-15 09:39:27.064] [WARN] access - GET /api/user/userInfo
[2018-01-15 09:41:25.394] [WARN] access - GET /api/menu/listsTree
[2018-01-15 09:41:25.399] [WARN] access - GET /api/user/userInfo
[2018-01-15 09:43:11.280] [WARN] access - GET /api/menu/listsTree
[2018-01-15 09:43:11.284] [WARN] access - GET /api/user/userInfo
[2018-01-15 09:43:38.371] [WARN] access - GET /api/menu/listsTree
[2018-01-15 09:43:38.376] [WARN] access - GET /api/user/userInfo
[2018-01-15 10:29:05.226] [WARN] access - GET /api/menu/listsTree
[2018-01-15 10:29:05.234] [WARN] access - GET /api/user/userInfo
[2018-01-15 10:29:33.308] [WARN] access - GET /api/menu/listsTree
[2018-01-15 10:29:33.313] [WARN] access - GET /api/user/userInfo
[2018-01-15 10:36:45.991] [WARN] access - GET /api/menu/listsTree
[2018-01-15 10:36:45.996] [WARN] access - GET /api/user/userInfo
[2018-01-15 10:39:48.599] [WARN] access - GET /api/menu/listsTree
[2018-01-15 10:39:48.604] [WARN] access - GET /api/user/userInfo
[2018-01-15 10:46:41.464] [WARN] access - GET /api/menu/listsTree
[2018-01-15 10:46:41.469] [WARN] access - GET /api/user/userInfo
[2018-01-15 10:47:01.989] [WARN] access - GET /api/menu/listsTree
[2018-01-15 10:47:01.993] [WARN] access - GET /api/user/userInfo
[2018-01-15 10:47:43.578] [WARN] access - GET /api/menu/listsTree
[2018-01-15 10:47:43.582] [WARN] access - GET /api/user/userInfo
[2018-01-15 10:51:52.522] [WARN] access - GET /api/menu/listsTree
[2018-01-15 10:51:52.527] [WARN] access - GET /api/user/userInfo
[2018-01-15 10:52:44.063] [WARN] access - GET /api/menu/listsTree
[2018-01-15 10:52:44.079] [WARN] access - GET /api/user/userInfo
[2018-01-15 10:55:37.447] [WARN] access - GET /api/menu/listsTree
[2018-01-15 10:55:37.453] [WARN] access - GET /api/user/userInfo
[2018-01-15 10:57:46.884] [WARN] access - GET /api/menu/listsTree
[2018-01-15 10:57:46.890] [WARN] access - GET /api/user/userInfo
[2018-01-15 10:58:30.435] [WARN] access - GET /api/menu/listsTree
[2018-01-15 10:58:30.440] [WARN] access - GET /api/user/userInfo
[2018-01-15 11:03:57.513] [WARN] access - GET /api/menu/listsTree
[2018-01-15 11:03:57.520] [WARN] access - GET /api/user/userInfo
[2018-01-15 11:08:36.926] [WARN] access - GET /api/menu/listsTree
[2018-01-15 11:08:36.934] [WARN] access - GET /api/user/userInfo
[2018-01-15 11:12:25.586] [WARN] access - GET /api/menu/listsTree
[2018-01-15 11:12:25.591] [WARN] access - GET /api/user/userInfo
[2018-01-15 11:12:51.691] [WARN] access - GET /api/menu/listsTree
[2018-01-15 11:12:51.697] [WARN] access - GET /api/user/userInfo
[2018-01-15 11:14:10.418] [WARN] access - GET /api/act/components/lists?keys=
[2018-01-15 11:14:11.478] [WARN] access - GET /api/act/tpl/lists
[2018-01-15 11:14:11.518] [WARN] access - GET /images/act_tpl_image/1515743075801.png
[2018-01-15 11:14:11.523] [WARN] access - GET /images/act_tpl_image/1515638582004.png
[2018-01-15 11:14:11.530] [WARN] access - GET /images/act_tpl_image/1515745735194.png
[2018-01-15 11:14:14.686] [INFO] access - GET /api/act/tpl/39
[2018-01-15 11:15:28.195] [WARN] access - GET /api/menu/listsTree
[2018-01-15 11:15:28.202] [WARN] access - GET /api/user/userInfo
[2018-01-15 11:15:28.207] [INFO] access - GET /api/act/tpl/39
[2018-01-15 11:15:28.396] [WARN] access - GET /images/act_tpl_image/1515638582004.png
[2018-01-15 11:15:37.987] [WARN] access - GET /api/menu/listsTree
[2018-01-15 11:15:37.993] [WARN] access - GET /api/user/userInfo
[2018-01-15 11:15:37.997] [INFO] access - GET /api/act/tpl/39
[2018-01-15 11:15:38.167] [WARN] access - GET /images/act_tpl_image/1515638582004.png
[2018-01-15 11:15:44.437] [WARN] access - GET /api/act/lists?keys=&pageSize=15&pageIndex=1
[2018-01-15 11:15:46.919] [INFO] access - GET /api/act/80
[2018-01-15 11:15:47.008] [WARN] access - GET /temp/20180112160039/bg_1515744044220.jpg
[2018-01-15 11:16:17.135] [WARN] access - GET /api/menu/listsTree
[2018-01-15 11:16:17.141] [WARN] access - GET /api/user/userInfo
[2018-01-15 11:16:17.159] [INFO] access - GET /api/act/80
[2018-01-15 11:16:17.341] [WARN] access - GET /temp/20180112160039/bg_1515744044220.jpg
[2018-01-15 11:17:43.257] [WARN] access - GET /api/menu/listsTree
[2018-01-15 11:17:43.267] [WARN] access - GET /api/user/userInfo
[2018-01-15 11:17:43.277] [INFO] access - GET /api/act/80
[2018-01-15 11:17:43.474] [WARN] access - GET /temp/20180112160039/bg_1515744044220.jpg
[2018-01-15 11:18:49.885] [WARN] access - GET /api/menu/listsTree
[2018-01-15 11:18:49.898] [WARN] access - GET /api/user/userInfo
[2018-01-15 11:18:49.910] [INFO] access - GET /api/act/80
[2018-01-15 11:18:50.103] [WARN] access - GET /temp/20180112160039/bg_1515744044220.jpg
[2018-01-15 11:21:05.398] [WARN] access - GET /api/menu/listsTree
[2018-01-15 11:21:05.411] [WARN] access - GET /api/user/userInfo
[2018-01-15 11:21:05.417] [INFO] access - GET /api/act/80
[2018-01-15 11:21:05.546] [WARN] access - GET /temp/20180112160039/bg_1515744044220.jpg
[2018-01-15 11:22:04.156] [INFO] access - GET /api/act/80
[2018-01-15 11:22:38.221] [WARN] access - GET /api/menu/listsTree
[2018-01-15 11:22:38.226] [WARN] access - GET /api/user/userInfo
[2018-01-15 11:22:38.241] [INFO] access - GET /api/act/80
[2018-01-15 11:22:40.699] [WARN] access - GET /temp/20180112160039/bg_1515744044220.jpg
[2018-01-15 11:23:16.059] [ERROR] access - POST /api/act/upload
[2018-01-15 11:23:42.657] [WARN] access - GET /api/menu/listsTree
[2018-01-15 11:23:42.662] [WARN] access - GET /api/user/userInfo
[2018-01-15 11:23:42.686] [INFO] access - GET /api/act/80
[2018-01-15 11:24:00.918] [WARN] access - GET /temp/20180112160039/bg_1515744044220.jpg
[2018-01-15 11:24:02.201] [WARN] access - GET /api/menu/listsTree
[2018-01-15 11:24:02.211] [WARN] access - GET /api/user/userInfo
[2018-01-15 11:24:02.227] [INFO] access - GET /api/act/80
[2018-01-15 11:24:02.476] [WARN] access - GET /temp/20180112160039/bg_1515744044220.jpg
[2018-01-15 11:29:47.195] [INFO] access - GET /api/act/80
[2018-01-15 11:31:57.007] [ERROR] access - POST /api/act/upload
[2018-01-15 11:32:41.980] [INFO] access - GET /api/act/80
[2018-01-15 11:33:41.610] [WARN] access - GET /api/menu/listsTree
[2018-01-15 11:33:41.619] [WARN] access - GET /api/user/userInfo
[2018-01-15 11:33:41.628] [INFO] access - GET /api/act/80
[2018-01-15 11:34:54.339] [WARN] access - GET /temp/20180112160039/bg_1515744044220.jpg
[2018-01-15 11:34:55.584] [WARN] access - GET /api/menu/listsTree
[2018-01-15 11:34:55.588] [WARN] access - GET /api/user/userInfo
[2018-01-15 11:34:55.607] [INFO] access - GET /api/act/80
[2018-01-15 11:35:07.390] [WARN] access - GET /temp/20180112160039/bg_1515744044220.jpg
[2018-01-15 11:35:08.636] [WARN] access - GET /api/menu/listsTree
[2018-01-15 11:35:08.641] [WARN] access - GET /api/user/userInfo
[2018-01-15 11:35:08.655] [INFO] access - GET /api/act/80
[2018-01-15 11:35:08.852] [WARN] access - GET /temp/20180112160039/bg_1515744044220.jpg
[2018-01-15 11:35:14.948] [INFO] access - POST /api/act/upload
[2018-01-15 11:35:39.236] [WARN] access - GET /api/menu/listsTree
[2018-01-15 11:35:39.241] [WARN] access - GET /api/user/userInfo
[2018-01-15 11:35:39.256] [INFO] access - GET /api/act/80
[2018-01-15 11:35:39.414] [WARN] access - GET /temp/20180112160039/bg_1515744044220.jpg
[2018-01-15 11:36:57.905] [WARN] access - GET /api/menu/listsTree
[2018-01-15 11:36:57.913] [WARN] access - GET /api/user/userInfo
[2018-01-15 11:36:57.920] [INFO] access - GET /api/act/80
[2018-01-15 11:36:58.240] [WARN] access - GET /temp/20180112160039/bg_1515744044220.jpg
[2018-01-15 11:37:17.330] [WARN] access - GET /api/menu/listsTree
[2018-01-15 11:37:17.337] [WARN] access - GET /api/user/userInfo
[2018-01-15 11:37:17.354] [INFO] access - GET /api/act/80
[2018-01-15 11:37:17.542] [WARN] access - GET /temp/20180112160039/bg_1515744044220.jpg
[2018-01-15 11:37:20.845] [INFO] access - POST /api/act/upload
[2018-01-15 11:37:27.835] [WARN] access - GET /temp/20180115113717/bg_1515987440838.jpg
[2018-01-15 11:37:32.066] [WARN] access - GET /temp/20180115113717/bg_1515987440838.jpg
[2018-01-15 11:38:48.031] [INFO] access - GET /api/act/80
[2018-01-15 11:38:52.665] [INFO] access - GET /api/act/80
[2018-01-15 11:39:02.995] [INFO] access - GET /api/act/80
[2018-01-15 11:39:10.188] [INFO] access - POST /api/act/upload
[2018-01-15 11:40:26.705] [INFO] access - GET /api/act/80
[2018-01-15 11:40:37.157] [INFO] access - POST /api/act/upload
[2018-01-15 11:41:15.431] [WARN] access - GET /api/menu/listsTree
[2018-01-15 11:41:15.439] [WARN] access - GET /api/user/userInfo
[2018-01-15 11:41:15.455] [INFO] access - GET /api/act/80
[2018-01-15 11:41:18.347] [WARN] access - GET /temp/20180112160039/bg_1515744044220.jpg
[2018-01-15 11:41:22.227] [INFO] access - POST /api/act/upload
[2018-01-15 11:42:51.771] [INFO] access - GET /api/act/80
[2018-01-15 11:43:02.567] [WARN] access - GET /api/menu/listsTree
[2018-01-15 11:43:02.581] [WARN] access - GET /api/user/userInfo
[2018-01-15 11:43:02.586] [INFO] access - GET /api/act/80
[2018-01-15 11:43:02.786] [WARN] access - GET /temp/20180112160039/bg_1515744044220.jpg
[2018-01-15 11:43:12.032] [INFO] access - POST /api/act/upload
[2018-01-15 11:43:28.820] [WARN] access - GET /api/menu/listsTree
[2018-01-15 11:43:28.824] [WARN] access - GET /api/user/userInfo
[2018-01-15 11:43:28.840] [INFO] access - GET /api/act/80
[2018-01-15 11:43:28.990] [WARN] access - GET /temp/20180112160039/bg_1515744044220.jpg
[2018-01-15 11:44:09.781] [WARN] access - GET /api/menu/listsTree
[2018-01-15 11:44:09.786] [WARN] access - GET /api/user/userInfo
[2018-01-15 11:44:09.803] [INFO] access - GET /api/act/80
[2018-01-15 11:44:09.978] [WARN] access - GET /temp/20180112160039/bg_1515744044220.jpg
[2018-01-15 11:46:46.382] [WARN] access - GET /api/menu/listsTree
[2018-01-15 11:46:46.393] [WARN] access - GET /api/user/userInfo
[2018-01-15 11:46:46.421] [INFO] access - GET /api/act/80
[2018-01-15 11:46:46.627] [WARN] access - GET /temp/20180112160039/bg_1515744044220.jpg
[2018-01-15 11:48:57.792] [INFO] access - GET /api/act/80
[2018-01-15 11:49:11.269] [WARN] access - GET /api/menu/listsTree
[2018-01-15 11:49:11.274] [WARN] access - GET /api/user/userInfo
[2018-01-15 11:49:11.289] [INFO] access - GET /api/act/80
[2018-01-15 11:49:11.441] [WARN] access - GET /temp/20180112160039/bg_1515744044220.jpg
[2018-01-15 11:49:43.673] [INFO] access - GET /api/act/80
[2018-01-15 11:49:59.407] [INFO] access - GET /api/act/80
[2018-01-15 11:51:10.020] [INFO] access - GET /api/act/80
[2018-01-15 11:51:28.478] [WARN] access - GET /api/menu/listsTree
[2018-01-15 11:51:28.483] [WARN] access - GET /api/user/userInfo
[2018-01-15 11:51:28.498] [INFO] access - GET /api/act/80
[2018-01-15 11:51:31.087] [WARN] access - GET /temp/20180112160039/bg_1515744044220.jpg
[2018-01-15 11:52:37.908] [INFO] access - GET /api/act/80
[2018-01-15 11:54:18.277] [WARN] access - GET /api/menu/listsTree
[2018-01-15 11:54:18.284] [WARN] access - GET /api/user/userInfo
[2018-01-15 11:54:18.290] [INFO] access - GET /api/act/80
[2018-01-15 11:54:36.321] [WARN] access - GET /temp/20180112160039/bg_1515744044220.jpg
[2018-01-15 11:55:00.443] [INFO] access - GET /api/act/80
[2018-01-15 11:55:08.562] [WARN] access - GET /api/menu/listsTree
[2018-01-15 11:55:08.567] [WARN] access - GET /api/user/userInfo
[2018-01-15 11:55:08.586] [INFO] access - GET /api/act/80
[2018-01-15 11:55:08.729] [WARN] access - GET /temp/20180112160039/bg_1515744044220.jpg
[2018-01-15 11:55:20.294] [INFO] access - GET /api/act/80
[2018-01-15 11:55:41.365] [INFO] access - GET /api/act/80
[2018-01-15 11:58:31.183] [INFO] access - GET /api/act/80
[2018-01-15 11:58:43.835] [INFO] access - GET /api/act/80
[2018-01-15 11:58:57.215] [INFO] access - GET /api/act/80
[2018-01-15 11:59:25.971] [INFO] access - GET /api/act/80
[2018-01-15 12:01:06.688] [WARN] access - GET /api/act/tpl/lists
[2018-01-15 12:01:06.736] [WARN] access - GET /images/act_tpl_image/1515745735194.png
[2018-01-15 12:01:06.742] [WARN] access - GET /images/act_tpl_image/1515743075801.png
[2018-01-15 12:01:06.749] [WARN] access - GET /images/act_tpl_image/1515638582004.png
[2018-01-15 12:01:08.882] [INFO] access - GET /api/act/tpl/40
[2018-01-15 12:01:12.832] [WARN] access - GET /api/act/tpl/lists
[2018-01-15 12:01:14.042] [INFO] access - GET /api/act/tpl/40
[2018-01-15 12:01:17.500] [WARN] access - GET /api/act/tpl/lists
[2018-01-15 12:01:19.151] [INFO] access - GET /api/act/tpl/41
[2018-01-15 12:01:25.519] [WARN] access - GET /api/act/tpl/lists
[2018-01-15 12:01:27.014] [WARN] access - GET /api/act/lists?keys=&pageSize=15&pageIndex=1
[2018-01-15 12:01:29.812] [INFO] access - GET /api/act/79
[2018-01-15 12:01:30.060] [WARN] access - GET /temp/20180112151957/close_1515741616680.png
[2018-01-15 12:01:30.065] [WARN] access - GET /temp/20180112165020/submit_1515747039853.jpg
[2018-01-15 12:03:08.181] [WARN] access - GET /api/act/tpl/lists
[2018-01-15 12:03:22.660] [WARN] access - GET /api/act/lists?keys=&pageSize=15&pageIndex=1
[2018-01-15 12:03:28.439] [INFO] access - GET /api/act/80
[2018-01-15 12:03:32.859] [WARN] access - GET /api/act/tpl/lists
[2018-01-15 12:04:29.795] [INFO] access - POST /api/act/tpl/add
[2018-01-15 12:04:30.021] [INFO] access - GET /api/act/tpl/lists
[2018-01-15 12:04:33.798] [INFO] access - GET /api/act/tpl/42
[2018-01-15 12:04:46.100] [INFO] access - POST /api/act/upload
[2018-01-15 12:05:42.115] [WARN] access - GET /api/menu/listsTree
[2018-01-15 12:05:42.127] [WARN] access - GET /api/user/userInfo
[2018-01-15 12:05:42.136] [INFO] access - GET /api/act/tpl/42
[2018-01-15 12:07:57.452] [WARN] access - GET /api/menu/listsTree
[2018-01-15 12:07:57.459] [WARN] access - GET /api/user/userInfo
[2018-01-15 12:07:57.464] [INFO] access - GET /api/act/tpl/42
[2018-01-15 12:09:37.278] [INFO] access - GET /api/act/tpl/42
[2018-01-15 12:09:43.942] [INFO] access - POST /api/act/upload
[2018-01-15 12:10:25.164] [INFO] access - GET /api/act/tpl/42
[2018-01-15 12:10:28.043] [WARN] access - GET /api/menu/listsTree
[2018-01-15 12:10:28.048] [WARN] access - GET /api/user/userInfo
[2018-01-15 12:10:28.074] [INFO] access - GET /api/act/tpl/42
[2018-01-15 12:10:31.773] [INFO] access - POST /api/act/upload
[2018-01-15 13:20:28.889] [WARN] access - GET /api/menu/listsTree
[2018-01-15 13:20:28.897] [WARN] access - GET /api/user/userInfo
[2018-01-15 13:20:28.905] [INFO] access - GET /api/act/tpl/42
[2018-01-15 13:24:50.016] [WARN] access - GET /api/menu/listsTree
[2018-01-15 13:24:50.022] [WARN] access - GET /api/user/userInfo
[2018-01-15 13:24:50.026] [INFO] access - GET /api/act/tpl/42
[2018-01-15 13:25:40.333] [WARN] access - GET /api/menu/listsTree
[2018-01-15 13:25:40.345] [WARN] access - GET /api/user/userInfo
[2018-01-15 13:25:40.355] [INFO] access - GET /api/act/tpl/42
[2018-01-15 13:26:08.780] [WARN] access - GET /api/menu/listsTree
[2018-01-15 13:26:08.785] [WARN] access - GET /api/user/userInfo
[2018-01-15 13:26:08.803] [INFO] access - GET /api/act/tpl/42
[2018-01-15 13:28:53.259] [WARN] access - GET /api/menu/listsTree
[2018-01-15 13:28:53.268] [WARN] access - GET /api/user/userInfo
[2018-01-15 13:28:53.277] [INFO] access - GET /api/act/tpl/42
[2018-01-15 13:29:17.394] [WARN] access - GET /api/menu/listsTree
[2018-01-15 13:29:17.399] [WARN] access - GET /api/user/userInfo
[2018-01-15 13:29:17.418] [INFO] access - GET /api/act/tpl/42
[2018-01-15 13:29:40.822] [WARN] access - GET /api/menu/listsTree
[2018-01-15 13:29:40.828] [WARN] access - GET /api/user/userInfo
[2018-01-15 13:29:40.841] [INFO] access - GET /api/act/tpl/42
[2018-01-15 13:30:15.240] [WARN] access - GET /api/menu/listsTree
[2018-01-15 13:30:15.246] [WARN] access - GET /api/user/userInfo
[2018-01-15 13:30:15.262] [INFO] access - GET /api/act/tpl/42
[2018-01-15 13:32:34.431] [WARN] access - GET /api/menu/listsTree
[2018-01-15 13:32:34.437] [WARN] access - GET /api/user/userInfo
[2018-01-15 13:32:34.443] [INFO] access - GET /api/act/tpl/42
[2018-01-15 13:33:28.001] [WARN] access - GET /api/menu/listsTree
[2018-01-15 13:33:28.008] [WARN] access - GET /api/user/userInfo
[2018-01-15 13:33:28.014] [INFO] access - GET /api/act/tpl/42
[2018-01-15 13:34:50.814] [WARN] access - GET /api/menu/listsTree
[2018-01-15 13:34:50.821] [WARN] access - GET /api/user/userInfo
[2018-01-15 13:34:50.832] [INFO] access - GET /api/act/tpl/42
[2018-01-15 13:36:49.547] [INFO] access - POST /api/act/upload
[2018-01-15 13:37:37.633] [WARN] access - GET /api/menu/listsTree
[2018-01-15 13:37:37.650] [WARN] access - GET /api/user/userInfo
[2018-01-15 13:37:37.662] [INFO] access - GET /api/act/tpl/42
[2018-01-15 13:37:44.786] [INFO] access - POST /api/act/upload
[2018-01-15 13:40:19.782] [WARN] access - GET /api/menu/listsTree
[2018-01-15 13:40:19.791] [WARN] access - GET /api/user/userInfo
[2018-01-15 13:40:19.797] [INFO] access - GET /api/act/tpl/42
[2018-01-15 13:48:30.847] [WARN] access - GET /api/menu/listsTree
[2018-01-15 13:48:30.853] [WARN] access - GET /api/user/userInfo
[2018-01-15 13:48:30.859] [INFO] access - GET /api/act/tpl/42
[2018-01-15 13:51:37.030] [WARN] access - GET /api/menu/listsTree
[2018-01-15 13:51:37.038] [WARN] access - GET /api/user/userInfo
[2018-01-15 13:51:37.043] [INFO] access - GET /api/act/tpl/42
[2018-01-15 13:52:03.385] [WARN] access - GET /api/menu/listsTree
[2018-01-15 13:52:03.393] [WARN] access - GET /api/user/userInfo
[2018-01-15 13:52:03.397] [INFO] access - GET /api/act/tpl/42
[2018-01-15 13:53:41.037] [WARN] access - GET /api/menu/listsTree
[2018-01-15 13:53:41.048] [WARN] access - GET /api/user/userInfo
[2018-01-15 13:53:41.054] [INFO] access - GET /api/act/tpl/42
[2018-01-15 13:54:09.734] [WARN] access - GET /api/menu/listsTree
[2018-01-15 13:54:09.746] [WARN] access - GET /api/user/userInfo
[2018-01-15 13:54:09.751] [INFO] access - GET /api/act/tpl/42
[2018-01-15 13:54:38.486] [WARN] access - GET /api/menu/listsTree
[2018-01-15 13:54:38.491] [WARN] access - GET /api/user/userInfo
[2018-01-15 13:54:38.511] [INFO] access - GET /api/act/tpl/42
[2018-01-15 13:55:19.853] [WARN] access - GET /api/menu/listsTree
[2018-01-15 13:55:19.859] [WARN] access - GET /api/user/userInfo
[2018-01-15 13:55:19.878] [INFO] access - GET /api/act/tpl/42
[2018-01-15 14:00:23.997] [WARN] access - GET /api/menu/listsTree
[2018-01-15 14:00:24.003] [WARN] access - GET /api/user/userInfo
[2018-01-15 14:00:24.008] [INFO] access - GET /api/act/tpl/42
[2018-01-15 14:07:00.374] [INFO] access - GET /api/menu/listsTree
[2018-01-15 14:07:00.384] [INFO] access - GET /api/user/userInfo
[2018-01-15 14:07:00.403] [INFO] access - GET /api/act/tpl/42
[2018-01-15 14:07:02.885] [WARN] access - GET /api/menu/listsTree
[2018-01-15 14:07:02.909] [WARN] access - GET /api/user/userInfo
[2018-01-15 14:07:02.920] [INFO] access - GET /api/act/tpl/42
[2018-01-15 14:07:18.781] [INFO] access - POST /api/act/upload
[2018-01-15 14:09:09.609] [WARN] access - GET /api/menu/listsTree
[2018-01-15 14:09:09.615] [WARN] access - GET /api/user/userInfo
[2018-01-15 14:09:09.622] [INFO] access - GET /api/act/tpl/42
[2018-01-15 14:09:41.139] [WARN] access - GET /api/menu/listsTree
[2018-01-15 14:09:41.144] [WARN] access - GET /api/user/userInfo
[2018-01-15 14:09:41.159] [INFO] access - GET /api/act/tpl/42
[2018-01-15 14:11:51.106] [WARN] access - GET /api/menu/listsTree
[2018-01-15 14:11:51.115] [WARN] access - GET /api/user/userInfo
[2018-01-15 14:11:51.127] [INFO] access - GET /api/act/tpl/42
[2018-01-15 14:12:07.542] [WARN] access - GET /api/menu/listsTree
[2018-01-15 14:12:07.547] [WARN] access - GET /api/user/userInfo
[2018-01-15 14:12:07.562] [INFO] access - GET /api/act/tpl/42
[2018-01-15 14:12:30.965] [WARN] access - GET /api/menu/listsTree
[2018-01-15 14:12:30.972] [WARN] access - GET /api/user/userInfo
[2018-01-15 14:12:30.987] [INFO] access - GET /api/act/tpl/42
[2018-01-15 14:13:12.117] [WARN] access - GET /api/menu/listsTree
[2018-01-15 14:13:12.141] [WARN] access - GET /api/user/userInfo
[2018-01-15 14:13:12.158] [INFO] access - GET /api/act/tpl/42
[2018-01-15 14:13:28.864] [WARN] access - GET /api/menu/listsTree
[2018-01-15 14:13:28.873] [WARN] access - GET /api/user/userInfo
[2018-01-15 14:13:28.891] [INFO] access - GET /api/act/tpl/42
[2018-01-15 14:13:39.074] [INFO] access - POST /api/act/upload
[2018-01-15 14:14:37.060] [INFO] access - POST /api/act/upload
[2018-01-15 14:15:08.218] [WARN] access - GET /api/menu/listsTree
[2018-01-15 14:15:08.222] [WARN] access - GET /api/user/userInfo
[2018-01-15 14:15:08.241] [INFO] access - GET /api/act/tpl/42
[2018-01-15 14:15:14.898] [INFO] access - POST /api/act/upload
[2018-01-15 14:15:47.577] [WARN] access - GET /api/menu/listsTree
[2018-01-15 14:15:47.591] [WARN] access - GET /api/user/userInfo
[2018-01-15 14:15:47.595] [INFO] access - GET /api/act/tpl/42
[2018-01-15 14:15:54.264] [INFO] access - POST /api/act/upload
[2018-01-15 14:30:17.948] [WARN] access - GET /api/menu/listsTree
[2018-01-15 14:30:17.956] [WARN] access - GET /api/user/userInfo
[2018-01-15 14:30:17.960] [INFO] access - GET /api/act/tpl/42
[2018-01-15 14:36:22.670] [WARN] access - GET /api/menu/listsTree
[2018-01-15 14:36:22.676] [WARN] access - GET /api/user/userInfo
[2018-01-15 14:36:22.681] [INFO] access - GET /api/act/tpl/42
[2018-01-15 14:36:30.032] [INFO] access - POST /api/act/upload
[2018-01-15 14:38:30.902] [WARN] access - GET /api/menu/listsTree
[2018-01-15 14:38:30.909] [WARN] access - GET /api/user/userInfo
[2018-01-15 14:38:30.915] [INFO] access - GET /api/act/tpl/42
[2018-01-15 14:38:37.174] [INFO] access - POST /api/act/upload
[2018-01-15 14:39:19.517] [INFO] access - POST /api/act/upload
[2018-01-15 14:39:34.128] [WARN] access - GET /api/menu/listsTree
[2018-01-15 14:39:34.135] [WARN] access - GET /api/user/userInfo
[2018-01-15 14:39:34.172] [INFO] access - GET /api/act/tpl/42
[2018-01-15 14:39:41.390] [INFO] access - POST /api/act/upload
[2018-01-15 14:44:13.403] [WARN] access - GET /api/menu/listsTree
[2018-01-15 14:44:13.409] [WARN] access - GET /api/user/userInfo
[2018-01-15 14:44:13.415] [INFO] access - GET /api/act/tpl/42
[2018-01-15 14:44:24.541] [WARN] access - GET /api/menu/listsTree
[2018-01-15 14:44:24.559] [WARN] access - GET /api/user/userInfo
[2018-01-15 14:44:24.601] [INFO] access - GET /api/act/tpl/42
[2018-01-15 14:45:30.103] [WARN] access - GET /api/menu/listsTree
[2018-01-15 14:45:30.116] [WARN] access - GET /api/user/userInfo
[2018-01-15 14:45:30.123] [INFO] access - GET /api/act/tpl/42
[2018-01-15 15:12:36.583] [WARN] access - GET /api/menu/listsTree
[2018-01-15 15:12:36.592] [WARN] access - GET /api/user/userInfo
[2018-01-15 15:12:36.599] [INFO] access - GET /api/act/tpl/42
[2018-01-15 15:12:43.690] [INFO] access - POST /api/act/upload
[2018-01-15 15:14:11.091] [INFO] access - POST /api/act/upload
[2018-01-15 15:26:26.027] [WARN] access - GET /api/menu/listsTree
[2018-01-15 15:26:26.037] [WARN] access - GET /api/user/userInfo
[2018-01-15 15:26:26.045] [INFO] access - GET /api/act/tpl/42
[2018-01-15 15:27:54.209] [INFO] access - POST /api/act/upload
[2018-01-15 15:29:13.028] [INFO] access - POST /api/act/upload
[2018-01-15 15:30:15.336] [WARN] access - GET /api/menu/listsTree
[2018-01-15 15:30:15.347] [WARN] access - GET /api/user/userInfo
[2018-01-15 15:30:15.355] [INFO] access - GET /api/act/tpl/42
[2018-01-15 15:30:23.883] [INFO] access - POST /api/act/upload
[2018-01-15 15:30:42.253] [INFO] access - POST /api/act/upload
[2018-01-15 15:30:49.270] [INFO] access - POST /api/act/upload
[2018-01-15 15:38:53.794] [WARN] access - GET /api/menu/listsTree
[2018-01-15 15:38:53.799] [WARN] access - GET /api/user/userInfo
[2018-01-15 15:38:53.805] [INFO] access - GET /api/act/tpl/42
[2018-01-15 15:41:20.544] [WARN] access - GET /api/menu/listsTree
[2018-01-15 15:41:20.551] [WARN] access - GET /api/user/userInfo
[2018-01-15 15:41:20.556] [INFO] access - GET /api/act/tpl/42
[2018-01-15 15:46:40.763] [WARN] access - GET /api/menu/listsTree
[2018-01-15 15:46:40.769] [WARN] access - GET /api/user/userInfo
[2018-01-15 15:46:40.775] [INFO] access - GET /api/act/tpl/42
[2018-01-15 15:46:50.946] [INFO] access - POST /api/act/upload
[2018-01-15 15:49:00.698] [INFO] access - POST /api/act/upload
[2018-01-15 15:51:59.832] [WARN] access - GET /api/menu/listsTree
[2018-01-15 15:51:59.846] [WARN] access - GET /api/user/userInfo
[2018-01-15 15:51:59.854] [INFO] access - GET /api/act/tpl/42
[2018-01-15 15:55:47.103] [WARN] access - GET /api/menu/listsTree
[2018-01-15 15:55:47.150] [WARN] access - GET /api/user/userInfo
[2018-01-15 15:55:47.182] [INFO] access - GET /api/act/tpl/42
[2018-01-15 15:58:39.922] [INFO] access - POST /api/act/upload
[2018-01-15 16:13:19.857] [WARN] access - GET /api/menu/listsTree
[2018-01-15 16:13:19.868] [WARN] access - GET /api/user/userInfo
[2018-01-15 16:13:19.873] [INFO] access - GET /api/act/tpl/42
[2018-01-15 16:13:31.356] [INFO] access - POST /api/act/upload
[2018-01-15 16:14:16.088] [INFO] access - POST /api/act/upload
[2018-01-15 16:14:30.625] [WARN] access - GET /api/menu/listsTree
[2018-01-15 16:14:30.630] [WARN] access - GET /api/user/userInfo
[2018-01-15 16:14:30.652] [INFO] access - GET /api/act/tpl/42
[2018-01-15 16:14:37.582] [INFO] access - POST /api/act/upload
[2018-01-15 16:15:58.695] [WARN] access - GET /api/menu/listsTree
[2018-01-15 16:15:58.703] [WARN] access - GET /api/user/userInfo
[2018-01-15 16:15:58.710] [INFO] access - GET /api/act/tpl/42
[2018-01-15 16:16:07.692] [INFO] access - POST /api/act/upload
[2018-01-15 16:16:38.931] [INFO] access - POST /api/act/upload
[2018-01-15 16:48:44.027] [WARN] access - GET /api/menu/listsTree
[2018-01-15 16:48:44.040] [WARN] access - GET /api/user/userInfo
[2018-01-15 16:48:44.052] [INFO] access - GET /api/act/tpl/42
[2018-01-15 16:49:57.578] [WARN] access - GET /api/menu/listsTree
[2018-01-15 16:49:57.590] [WARN] access - GET /api/user/userInfo
[2018-01-15 16:49:57.602] [INFO] access - GET /api/act/tpl/42
[2018-01-15 16:51:26.096] [WARN] access - GET /api/menu/listsTree
[2018-01-15 16:51:26.106] [WARN] access - GET /api/user/userInfo
[2018-01-15 16:51:26.117] [INFO] access - GET /api/act/tpl/42
[2018-01-15 16:56:26.784] [INFO] access - GET /api/menu/listsTree
[2018-01-15 16:56:26.806] [INFO] access - GET /api/user/userInfo
[2018-01-15 16:56:26.823] [INFO] access - GET /api/act/tpl/42
[2018-01-15 17:05:15.300] [WARN] access - GET /api/menu/listsTree
[2018-01-15 17:05:15.308] [WARN] access - GET /api/user/userInfo
[2018-01-15 17:05:15.312] [INFO] access - GET /api/act/tpl/42
[2018-01-15 17:05:24.199] [INFO] access - POST /api/act/upload
[2018-01-15 17:05:52.663] [WARN] access - GET /api/menu/listsTree
[2018-01-15 17:05:52.668] [WARN] access - GET /api/user/userInfo
[2018-01-15 17:05:52.690] [INFO] access - GET /api/act/tpl/42
[2018-01-15 17:05:59.239] [INFO] access - POST /api/act/upload
[2018-01-15 17:07:01.379] [INFO] access - POST /api/act/upload
[2018-01-15 17:07:04.798] [WARN] access - GET /api/menu/listsTree
[2018-01-15 17:07:04.802] [WARN] access - GET /api/user/userInfo
[2018-01-15 17:07:04.827] [INFO] access - GET /api/act/tpl/42
[2018-01-15 17:07:12.826] [INFO] access - POST /api/act/upload
[2018-01-15 17:07:23.423] [INFO] access - POST /api/act/upload
[2018-01-15 17:07:34.924] [WARN] access - GET /api/menu/listsTree
[2018-01-15 17:07:34.930] [WARN] access - GET /api/user/userInfo
[2018-01-15 17:07:34.944] [INFO] access - GET /api/act/tpl/42
[2018-01-15 17:07:47.183] [WARN] access - GET /api/menu/listsTree
[2018-01-15 17:07:47.191] [WARN] access - GET /api/user/userInfo
[2018-01-15 17:07:47.333] [INFO] access - GET /api/act/tpl/42
[2018-01-15 17:08:01.550] [INFO] access - POST /api/act/upload
[2018-01-15 17:10:45.537] [WARN] access - GET /api/menu/listsTree
[2018-01-15 17:10:45.543] [WARN] access - GET /api/user/userInfo
[2018-01-15 17:10:45.551] [INFO] access - GET /api/act/tpl/42
[2018-01-15 17:10:52.982] [INFO] access - POST /api/act/upload
[2018-01-15 17:11:12.193] [WARN] access - GET /api/menu/listsTree
[2018-01-15 17:11:12.198] [WARN] access - GET /api/user/userInfo
[2018-01-15 17:11:12.214] [INFO] access - GET /api/act/tpl/42
[2018-01-15 17:11:20.540] [INFO] access - POST /api/act/upload
[2018-01-15 17:12:00.349] [INFO] access - POST /api/act/upload
[2018-01-15 17:13:37.108] [WARN] access - GET /api/menu/listsTree
[2018-01-15 17:13:37.115] [WARN] access - GET /api/user/userInfo
[2018-01-15 17:13:37.120] [INFO] access - GET /api/act/tpl/42
[2018-01-15 17:15:33.593] [WARN] access - GET /api/menu/listsTree
[2018-01-15 17:15:33.603] [WARN] access - GET /api/user/userInfo
[2018-01-15 17:15:33.608] [INFO] access - GET /api/act/tpl/42
[2018-01-15 17:21:56.634] [WARN] access - GET /api/menu/listsTree
[2018-01-15 17:21:56.640] [WARN] access - GET /api/user/userInfo
[2018-01-15 17:21:56.648] [INFO] access - GET /api/act/tpl/42
[2018-01-15 17:22:32.644] [WARN] access - GET /api/menu/listsTree
[2018-01-15 17:22:32.650] [WARN] access - GET /api/user/userInfo
[2018-01-15 17:22:32.664] [INFO] access - GET /api/act/tpl/42
[2018-01-15 17:23:19.241] [WARN] access - GET /api/menu/listsTree
[2018-01-15 17:23:19.253] [WARN] access - GET /api/user/userInfo
[2018-01-15 17:23:19.258] [INFO] access - GET /api/act/tpl/42
[2018-01-15 17:24:19.904] [WARN] access - GET /api/menu/listsTree
[2018-01-15 17:24:19.930] [WARN] access - GET /api/user/userInfo
[2018-01-15 17:24:19.995] [INFO] access - GET /api/act/tpl/42
[2018-01-15 17:24:43.603] [WARN] access - GET /api/menu/listsTree
[2018-01-15 17:24:43.609] [WARN] access - GET /api/user/userInfo
[2018-01-15 17:24:43.637] [INFO] access - GET /api/act/tpl/42
[2018-01-15 17:25:45.176] [WARN] access - GET /api/menu/listsTree
[2018-01-15 17:25:45.182] [WARN] access - GET /api/user/userInfo
[2018-01-15 17:25:45.188] [INFO] access - GET /api/act/tpl/42
[2018-01-15 17:26:50.139] [WARN] access - GET /api/menu/listsTree
[2018-01-15 17:26:50.166] [WARN] access - GET /api/user/userInfo
[2018-01-15 17:26:50.179] [INFO] access - GET /api/act/tpl/42
[2018-01-15 17:27:22.465] [WARN] access - GET /api/menu/listsTree
[2018-01-15 17:27:22.478] [WARN] access - GET /api/user/userInfo
[2018-01-15 17:27:22.485] [INFO] access - GET /api/act/tpl/42
[2018-01-15 17:28:04.943] [WARN] access - GET /api/menu/listsTree
[2018-01-15 17:28:04.953] [WARN] access - GET /api/user/userInfo
[2018-01-15 17:28:04.960] [INFO] access - GET /api/act/tpl/42
[2018-01-15 17:38:37.971] [WARN] access - GET /api/menu/listsTree
[2018-01-15 17:38:37.979] [WARN] access - GET /api/user/userInfo
[2018-01-15 17:38:37.984] [INFO] access - GET /api/act/tpl/42
[2018-01-15 17:41:38.933] [WARN] access - GET /api/menu/listsTree
[2018-01-15 17:41:38.939] [WARN] access - GET /api/user/userInfo
[2018-01-15 17:41:38.946] [INFO] access - GET /api/act/tpl/42
[2018-01-15 17:41:56.677] [WARN] access - GET /api/menu/listsTree
[2018-01-15 17:41:56.683] [WARN] access - GET /api/user/userInfo
[2018-01-15 17:41:56.703] [INFO] access - GET /api/act/tpl/42
[2018-01-15 17:42:40.276] [WARN] access - GET /api/menu/listsTree
[2018-01-15 17:42:40.281] [WARN] access - GET /api/user/userInfo
[2018-01-15 17:42:40.295] [INFO] access - GET /api/act/tpl/42
[2018-01-15 17:43:07.032] [INFO] access - POST /api/act/upload
[2018-01-15 17:47:34.686] [WARN] access - GET /api/menu/listsTree
[2018-01-15 17:47:34.696] [WARN] access - GET /api/user/userInfo
[2018-01-15 17:47:34.709] [INFO] access - GET /api/act/tpl/42
[2018-01-15 17:49:29.370] [WARN] access - GET /api/menu/listsTree
[2018-01-15 17:49:29.380] [WARN] access - GET /api/user/userInfo
[2018-01-15 17:49:29.386] [INFO] access - GET /api/act/tpl/42
[2018-01-15 17:49:51.339] [INFO] access - POST /api/act/upload
[2018-01-15 17:54:12.254] [INFO] access - POST /api/act/upload
[2018-01-15 17:55:28.815] [INFO] access - POST /api/act/upload
[2018-01-15 18:33:04.216] [WARN] access - GET /api/act/lists?keys=&pageSize=15&pageIndex=1
[2018-01-15 18:33:06.766] [INFO] access - DELETE /api/act/81
[2018-01-15 18:33:06.794] [INFO] access - GET /api/act/lists?keys=&pageSize=15&pageIndex=1
[2018-01-15 18:33:08.942] [INFO] access - DELETE /api/act/80
[2018-01-15 18:33:08.965] [INFO] access - GET /api/act/lists?keys=&pageSize=15&pageIndex=1
[2018-01-15 18:33:10.784] [WARN] access - GET /api/act/tpl/lists
[2018-01-15 18:33:10.840] [WARN] access - GET /images/act_tpl_image/1515989069760.png
[2018-01-15 18:33:10.846] [WARN] access - GET /images/act_tpl_image/1515745735194.png
[2018-01-15 18:33:10.852] [WARN] access - GET /images/act_tpl_image/1515743075801.png
[2018-01-15 18:33:10.856] [WARN] access - GET /images/act_tpl_image/1515638582004.png
[2018-01-15 18:33:14.615] [INFO] access - GET /api/act/tpl/42
[2018-01-15 18:33:43.710] [INFO] access - POST /api/act/upload
[2018-01-15 18:34:11.466] [INFO] access - POST /api/act/upload
[2018-01-15 18:34:58.819] [INFO] access - POST /api/act/upload
[2018-01-15 18:36:43.246] [INFO] access - POST /api/act/upload
[2018-01-15 18:38:13.805] [WARN] access - GET /api/menu/listsTree
[2018-01-15 18:38:13.847] [WARN] access - GET /api/user/userInfo
[2018-01-15 18:38:13.886] [INFO] access - GET /api/act/tpl/42
[2018-01-15 19:13:17.921] [INFO] access - POST /api/act/upload
[2018-01-15 19:13:33.192] [INFO] access - POST /api/act/upload
[2018-01-15 19:13:42.765] [INFO] access - POST /api/act/upload
[2018-01-15 19:14:08.509] [INFO] access - POST /api/act/upload
[2018-01-15 19:15:54.365] [INFO] access - GET /temp/20180115183813/alertbtn_bg_1516014848503.png
[2018-01-15 19:16:01.647] [WARN] access - GET /temp/20180115183813/alertbtn_bg_1516014848503.png
[2018-01-15 19:17:24.205] [WARN] access - GET /temp/20180115183813/alertbtn_bg_1516014848503.png
[2018-01-15 19:18:23.409] [WARN] access - GET /temp/20180115183813/alertbtn_bg_1516014848503.png
[2018-01-15 19:24:25.475] [WARN] access - GET /temp/20180115183813/bg_1516014797912.jpg
[2018-01-15 19:33:51.746] [WARN] access - GET /temp/20180115183813/alertbtn_bg_1516014848503.png
[2018-01-15 19:33:52.008] [WARN] access - GET /temp/20180115183813/bg_1516014797912.jpg
[2018-01-15 19:34:46.630] [WARN] access - GET /temp/20180115183813/alertbtn_bg_1516014848503.png
[2018-01-15 19:35:21.257] [WARN] access - GET /temp/20180115183813/alertbtn_bg_1516014848503.png
[2018-01-15 19:35:41.765] [WARN] access - GET /temp/20180115183813/alertbtn_bg_1516014848503.png
[2018-01-15 19:35:43.869] [WARN] access - GET /temp/20180115183813/alertbtn_bg_1516014848503.png
[2018-01-15 19:35:49.317] [WARN] access - GET /temp/20180115183813/alertbtn_bg_1516014848503.png
[2018-01-15 19:36:00.001] [WARN] access - GET /temp/20180115183813/alertbtn_bg_1516014848503.png
[2018-01-15 19:36:17.464] [WARN] access - GET /temp/20180115183813/alertbtn_bg_1516014848503.png
[2018-01-15 19:38:42.832] [WARN] access - GET /temp/20180115183813/alertbtn_bg_1516014848503.png
[2018-01-15 19:44:57.057] [WARN] access - GET /temp/20180115183813/close_1516014813185.png
[2018-01-15 19:44:57.063] [WARN] access - GET /temp/20180115183813/alertbtn_bg_1516014848503.png
[2018-01-15 19:45:17.397] [WARN] access - GET /temp/20180115183813/alertbtn_bg_1516014848503.png
[2018-01-15 19:45:17.404] [WARN] access - GET /temp/20180115183813/close_1516014813185.png
[2018-01-15 19:46:24.161] [WARN] access - GET /temp/20180115183813/alertbtn_bg_1516014848503.png
[2018-01-15 19:46:24.167] [WARN] access - GET /temp/20180115183813/close_1516014813185.png
[2018-01-15 19:46:53.399] [WARN] access - GET /temp/20180115183813/alertbtn_bg_1516014848503.png
[2018-01-15 19:46:53.404] [WARN] access - GET /temp/20180115183813/close_1516014813185.png
[2018-01-15 19:47:09.980] [WARN] access - GET /temp/20180115183813/alertbtn_bg_1516014848503.png
[2018-01-15 19:47:09.985] [WARN] access - GET /temp/20180115183813/close_1516014813185.png
[2018-01-15 19:47:11.012] [WARN] access - GET /temp/20180115183813/alertbtn_bg_1516014848503.png
[2018-01-15 19:47:11.017] [WARN] access - GET /temp/20180115183813/close_1516014813185.png
[2018-01-15 19:48:13.598] [WARN] access - GET /temp/20180115183813/alertbtn_bg_1516014848503.png
[2018-01-15 19:48:13.605] [WARN] access - GET /temp/20180115183813/close_1516014813185.png
[2018-01-15 19:48:14.961] [WARN] access - GET /temp/20180115183813/alertbtn_bg_1516014848503.png
[2018-01-15 19:48:14.966] [WARN] access - GET /temp/20180115183813/close_1516014813185.png
[2018-01-15 19:48:32.437] [WARN] access - GET /temp/20180115183813/bg_1516014797912.jpg
[2018-01-15 19:48:51.976] [WARN] access - GET /temp/20180115183813/alertbtn_bg_1516014848503.png
[2018-01-15 19:48:51.986] [WARN] access - GET /temp/20180115183813/close_1516014813185.png
[2018-01-15 19:48:51.992] [WARN] access - GET /temp/20180115183813/bg_1516014797912.jpg
[2018-01-15 19:48:52.895] [WARN] access - GET /temp/20180115183813/alertbtn_bg_1516014848503.png
[2018-01-15 19:48:52.900] [WARN] access - GET /temp/20180115183813/close_1516014813185.png
[2018-01-15 19:48:52.912] [WARN] access - GET /temp/20180115183813/bg_1516014797912.jpg
[2018-01-15 19:50:12.920] [WARN] access - GET /temp/20180115183813/alertbtn_bg_1516014848503.png
[2018-01-15 19:50:12.926] [WARN] access - GET /temp/20180115183813/close_1516014813185.png
[2018-01-15 19:50:12.932] [WARN] access - GET /temp/20180115183813/bg_1516014797912.jpg
[2018-01-15 19:52:39.125] [WARN] access - GET /temp/20180115183813/alertbtn_bg_1516014848503.png
[2018-01-15 19:52:39.132] [WARN] access - GET /temp/20180115183813/close_1516014813185.png
[2018-01-15 19:52:39.144] [WARN] access - GET /temp/20180115183813/bg_1516014797912.jpg
[2018-01-15 19:54:49.938] [WARN] access - GET /temp/20180115183813/alertbtn_bg_1516014848503.png
[2018-01-15 19:54:49.949] [WARN] access - GET /temp/20180115183813/close_1516014813185.png
[2018-01-15 19:54:49.954] [WARN] access - GET /temp/20180115183813/bg_1516014797912.jpg
[2018-01-15 19:54:51.194] [WARN] access - GET /temp/20180115183813/alertbtn_bg_1516014848503.png
[2018-01-15 19:54:51.199] [WARN] access - GET /temp/20180115183813/close_1516014813185.png
[2018-01-15 19:54:51.207] [WARN] access - GET /temp/20180115183813/bg_1516014797912.jpg
[2018-01-15 19:54:52.939] [WARN] access - GET /temp/20180115183813/alertbtn_bg_1516014848503.png
[2018-01-15 19:54:52.944] [WARN] access - GET /temp/20180115183813/close_1516014813185.png
[2018-01-15 19:54:52.948] [WARN] access - GET /temp/20180115183813/bg_1516014797912.jpg
[2018-01-15 19:55:36.556] [WARN] access - GET /temp/20180115183813/alertbtn_bg_1516014848503.png
[2018-01-15 19:55:36.562] [WARN] access - GET /temp/20180115183813/close_1516014813185.png
[2018-01-15 19:55:36.583] [WARN] access - GET /temp/20180115183813/bg_1516014797912.jpg
[2018-01-15 19:55:38.128] [WARN] access - GET /temp/20180115183813/alertbtn_bg_1516014848503.png
[2018-01-15 19:55:38.145] [WARN] access - GET /temp/20180115183813/close_1516014813185.png
[2018-01-15 19:55:38.150] [WARN] access - GET /temp/20180115183813/bg_1516014797912.jpg
[2018-01-15 19:56:29.162] [WARN] access - GET /temp/20180115183813/alertbtn_bg_1516014848503.png
[2018-01-15 19:56:29.172] [WARN] access - GET /temp/20180115183813/close_1516014813185.png
[2018-01-15 19:56:29.184] [WARN] access - GET /temp/20180115183813/bg_1516014797912.jpg
[2018-01-15 19:56:31.791] [WARN] access - GET /temp/20180115183813/alertbtn_bg_1516014848503.png
[2018-01-15 19:56:31.801] [WARN] access - GET /temp/20180115183813/close_1516014813185.png
[2018-01-15 19:56:31.806] [WARN] access - GET /temp/20180115183813/bg_1516014797912.jpg
[2018-01-15 19:56:33.237] [WARN] access - GET /temp/20180115183813/alertbtn_bg_1516014848503.png
[2018-01-15 19:56:33.242] [WARN] access - GET /temp/20180115183813/close_1516014813185.png
[2018-01-15 19:56:33.252] [WARN] access - GET /temp/20180115183813/bg_1516014797912.jpg
[2018-01-15 19:58:31.826] [WARN] access - GET /temp/20180115183813/alertbtn_bg_1516014848503.png
[2018-01-15 19:58:31.830] [WARN] access - GET /temp/20180115183813/close_1516014813185.png
[2018-01-15 19:58:31.845] [WARN] access - GET /temp/20180115183813/bg_1516014797912.jpg
[2018-01-15 20:00:36.506] [WARN] access - GET /temp/20180115183813/bg_1516014797912.jpg
[2018-01-15 20:00:36.520] [WARN] access - GET /temp/20180115183813/alertbtn_bg_1516014848503.png
[2018-01-15 20:00:36.536] [WARN] access - GET /temp/20180115183813/close_1516014813185.png
[2018-01-15 20:01:35.713] [WARN] access - GET /temp/20180115183813/alertbtn_bg_1516014848503.png
[2018-01-15 20:01:35.720] [WARN] access - GET /temp/20180115183813/close_1516014813185.png
[2018-01-15 20:01:35.725] [WARN] access - GET /temp/20180115183813/bg_1516014797912.jpg
[2018-01-15 20:02:26.362] [WARN] access - GET /temp/20180115183813/alertbtn_bg_1516014848503.png
[2018-01-15 20:02:26.372] [WARN] access - GET /temp/20180115183813/close_1516014813185.png
[2018-01-15 20:02:26.385] [WARN] access - GET /temp/20180115183813/bg_1516014797912.jpg
[2018-01-15 20:02:38.206] [WARN] access - GET /temp/20180115183813/alertbtn_bg_1516014848503.png
[2018-01-15 20:02:38.210] [WARN] access - GET /temp/20180115183813/close_1516014813185.png
[2018-01-15 20:02:38.234] [WARN] access - GET /temp/20180115183813/bg_1516014797912.jpg
[2018-01-15 20:05:49.504] [WARN] access - GET /temp/20180115183813/alertbtn_bg_1516014848503.png
[2018-01-15 20:05:49.509] [WARN] access - GET /temp/20180115183813/close_1516014813185.png
[2018-01-15 20:05:49.587] [WARN] access - GET /temp/20180115183813/bg_1516014797912.jpg
[2018-01-15 20:05:54.704] [WARN] access - GET /temp/20180115183813/alertbtn_bg_1516014848503.png
[2018-01-15 20:05:54.710] [WARN] access - GET /temp/20180115183813/close_1516014813185.png
[2018-01-15 20:05:54.739] [WARN] access - GET /temp/20180115183813/bg_1516014797912.jpg
[2018-01-15 20:06:55.054] [WARN] access - GET /temp/20180115183813/alertbtn_bg_1516014848503.png
[2018-01-15 20:06:55.060] [WARN] access - GET /temp/20180115183813/close_1516014813185.png
[2018-01-15 20:06:55.065] [WARN] access - GET /temp/20180115183813/bg_1516014797912.jpg
[2018-01-15 20:07:36.745] [WARN] access - GET /temp/20180115183813/alertbtn_bg_1516014848503.png
[2018-01-15 20:07:36.755] [WARN] access - GET /temp/20180115183813/close_1516014813185.png
[2018-01-15 20:07:36.766] [WARN] access - GET /temp/20180115183813/bg_1516014797912.jpg
[2018-01-15 20:11:30.940] [WARN] access - GET /temp/20180115183813/alertbtn_bg_1516014848503.png
[2018-01-15 20:11:30.950] [WARN] access - GET /temp/20180115183813/close_1516014813185.png
[2018-01-15 20:11:30.979] [WARN] access - GET /temp/20180115183813/bg_1516014797912.jpg
[2018-01-15 20:11:30.990] [WARN] access - GET /temp/20180115183813/fail_con_1516014822738.png
[2018-01-15 20:15:30.748] [WARN] access - GET /temp/20180115183813/alertbtn_bg_1516014848503.png
[2018-01-15 20:15:30.753] [WARN] access - GET /temp/20180115183813/close_1516014813185.png
[2018-01-15 20:15:30.760] [WARN] access - GET /temp/20180115183813/fail_con_1516014822738.png
[2018-01-15 20:15:30.768] [WARN] access - GET /temp/20180115183813/bg_1516014797912.jpg
[2018-01-15 20:16:48.860] [WARN] access - GET /temp/20180115183813/alertbtn_bg_1516014848503.png
[2018-01-15 20:16:48.868] [WARN] access - GET /temp/20180115183813/close_1516014813185.png
[2018-01-15 20:16:48.881] [WARN] access - GET /temp/20180115183813/fail_con_1516014822738.png
[2018-01-15 20:16:48.886] [WARN] access - GET /temp/20180115183813/bg_1516014797912.jpg
[2018-01-15 20:17:03.595] [WARN] access - GET /temp/20180115183813/alertbtn_bg_1516014848503.png
[2018-01-15 20:17:03.600] [WARN] access - GET /temp/20180115183813/close_1516014813185.png
[2018-01-15 20:17:03.606] [WARN] access - GET /temp/20180115183813/fail_con_1516014822738.png
[2018-01-15 20:17:03.616] [WARN] access - GET /temp/20180115183813/bg_1516014797912.jpg
[2018-01-15 20:19:37.309] [WARN] access - GET /temp/20180115183813/alertbtn_bg_1516014848503.png
[2018-01-15 20:19:37.315] [WARN] access - GET /temp/20180115183813/close_1516014813185.png
[2018-01-15 20:19:37.321] [WARN] access - GET /temp/20180115183813/bg_1516014797912.jpg
[2018-01-15 20:19:37.328] [WARN] access - GET /temp/20180115183813/fail_con_1516014822738.png
[2018-01-15 20:21:12.828] [WARN] access - GET /temp/20180115183813/alertbtn_bg_1516014848503.png
[2018-01-15 20:21:12.833] [WARN] access - GET /temp/20180115183813/close_1516014813185.png
[2018-01-15 20:21:12.840] [WARN] access - GET /temp/20180115183813/bg_1516014797912.jpg
[2018-01-15 20:21:12.846] [WARN] access - GET /temp/20180115183813/fail_con_1516014822738.png
[2018-01-15 20:21:14.008] [WARN] access - GET /temp/20180115183813/alertbtn_bg_1516014848503.png
[2018-01-15 20:21:14.014] [WARN] access - GET /temp/20180115183813/close_1516014813185.png
[2018-01-15 20:21:14.021] [WARN] access - GET /temp/20180115183813/fail_con_1516014822738.png
[2018-01-15 20:21:14.030] [WARN] access - GET /temp/20180115183813/bg_1516014797912.jpg
[2018-01-15 20:21:25.882] [WARN] access - GET /temp/20180115183813/alertbtn_bg_1516014848503.png
[2018-01-15 20:21:25.888] [WARN] access - GET /temp/20180115183813/close_1516014813185.png
[2018-01-15 20:21:25.894] [WARN] access - GET /temp/20180115183813/fail_con_1516014822738.png
[2018-01-15 20:21:25.903] [WARN] access - GET /temp/20180115183813/bg_1516014797912.jpg
[2018-01-15 20:21:33.070] [WARN] access - GET /temp/20180115183813/alertbtn_bg_1516014848503.png
[2018-01-15 20:21:33.088] [WARN] access - GET /temp/20180115183813/close_1516014813185.png
[2018-01-15 20:21:33.099] [WARN] access - GET /temp/20180115183813/bg_1516014797912.jpg
[2018-01-15 20:21:33.104] [WARN] access - GET /temp/20180115183813/fail_con_1516014822738.png
[2018-01-15 20:22:14.588] [WARN] access - GET /temp/20180115183813/alertbtn_bg_1516014848503.png
[2018-01-15 20:22:14.595] [WARN] access - GET /temp/20180115183813/close_1516014813185.png
[2018-01-15 20:22:14.601] [WARN] access - GET /temp/20180115183813/bg_1516014797912.jpg
[2018-01-15 20:22:14.606] [WARN] access - GET /temp/20180115183813/fail_con_1516014822738.png
[2018-01-15 20:24:57.292] [WARN] access - GET /temp/20180115183813/close_1516014813185.png
[2018-01-15 20:24:57.307] [WARN] access - GET /temp/20180115183813/fail_con_1516014822738.png
[2018-01-15 20:24:57.313] [WARN] access - GET /temp/20180115183813/alertbtn_bg_1516014848503.png
[2018-01-15 20:24:57.319] [WARN] access - GET /temp/20180115183813/bg_1516014797912.jpg
[2018-01-15 20:25:00.586] [WARN] access - GET /temp/20180115183813/close_1516014813185.png
[2018-01-15 20:25:00.595] [WARN] access - GET /temp/20180115183813/fail_con_1516014822738.png
[2018-01-15 20:25:00.600] [WARN] access - GET /temp/20180115183813/alertbtn_bg_1516014848503.png
[2018-01-15 20:25:00.606] [WARN] access - GET /temp/20180115183813/bg_1516014797912.jpg
[2018-01-15 20:26:27.748] [WARN] access - GET /temp/20180115183813/close_1516014813185.png
[2018-01-15 20:26:27.758] [WARN] access - GET /temp/20180115183813/fail_con_1516014822738.png
[2018-01-15 20:26:27.764] [WARN] access - GET /temp/20180115183813/alertbtn_bg_1516014848503.png
[2018-01-15 20:26:27.770] [WARN] access - GET /temp/20180115183813/bg_1516014797912.jpg
[2018-01-15 20:26:28.887] [WARN] access - GET /temp/20180115183813/close_1516014813185.png
[2018-01-15 20:26:28.894] [WARN] access - GET /temp/20180115183813/fail_con_1516014822738.png
[2018-01-15 20:26:28.900] [WARN] access - GET /temp/20180115183813/alertbtn_bg_1516014848503.png
[2018-01-15 20:26:28.910] [WARN] access - GET /temp/20180115183813/bg_1516014797912.jpg
[2018-01-15 20:27:09.045] [WARN] access - GET /temp/20180115183813/close_1516014813185.png
[2018-01-15 20:27:09.051] [WARN] access - GET /temp/20180115183813/fail_con_1516014822738.png
[2018-01-15 20:27:09.058] [WARN] access - GET /temp/20180115183813/alertbtn_bg_1516014848503.png
[2018-01-15 20:27:09.073] [WARN] access - GET /temp/20180115183813/bg_1516014797912.jpg
[2018-01-15 20:27:10.186] [WARN] access - GET /temp/20180115183813/close_1516014813185.png
[2018-01-15 20:27:10.191] [WARN] access - GET /temp/20180115183813/fail_con_1516014822738.png
[2018-01-15 20:27:10.197] [WARN] access - GET /temp/20180115183813/alertbtn_bg_1516014848503.png
[2018-01-15 20:27:10.210] [WARN] access - GET /temp/20180115183813/bg_1516014797912.jpg
[2018-01-15 20:27:11.003] [WARN] access - GET /temp/20180115183813/close_1516014813185.png
[2018-01-15 20:27:11.010] [WARN] access - GET /temp/20180115183813/fail_con_1516014822738.png
[2018-01-15 20:27:11.016] [WARN] access - GET /temp/20180115183813/alertbtn_bg_1516014848503.png
[2018-01-15 20:27:11.025] [WARN] access - GET /temp/20180115183813/bg_1516014797912.jpg
[2018-01-15 20:27:36.908] [WARN] access - GET /temp/20180115183813/close_1516014813185.png
[2018-01-15 20:27:36.920] [WARN] access - GET /temp/20180115183813/fail_con_1516014822738.png
[2018-01-15 20:27:36.925] [WARN] access - GET /temp/20180115183813/bg_1516014797912.jpg
[2018-01-15 20:27:36.935] [WARN] access - GET /temp/20180115183813/alertbtn_bg_1516014848503.png
[2018-01-15 20:27:38.471] [WARN] access - GET /temp/20180115183813/close_1516014813185.png
[2018-01-15 20:27:38.478] [WARN] access - GET /temp/20180115183813/fail_con_1516014822738.png
[2018-01-15 20:27:38.486] [WARN] access - GET /temp/20180115183813/alertbtn_bg_1516014848503.png
[2018-01-15 20:27:38.496] [WARN] access - GET /temp/20180115183813/bg_1516014797912.jpg
