[2018-04-04 13:03:59.129] [INFO] access - POST /api/signin
[2018-04-04 13:03:59.237] [WARN] access - GET /api/menu/listsTree
[2018-04-04 13:03:59.241] [WARN] access - GET /api/user/userInfo
[2018-04-04 13:04:06.553] [WARN] access - GET /api/act/lists?keys=&pageSize=15&pageIndex=1
[2018-04-04 13:04:11.169] [INFO] access - GET /api/act/100
[2018-04-04 13:04:11.174] [WARN] access - GET /api/act/config/lists
[2018-04-04 13:04:11.937] [WARN] access - GET /temp/20180328131449/1522214324443.png
[2018-04-04 13:04:11.945] [WARN] access - GET /temp/20180328131449/1522214277419.png
[2018-04-04 13:04:11.954] [WARN] access - GET /temp/20180328131449/1522214192895.png
[2018-04-04 13:04:11.971] [WARN] access - GET /temp/20180328131449/1522214130555.png
[2018-04-04 13:04:11.985] [WARN] access - GET /temp/20180328113919/1522208388827.png
[2018-04-04 13:04:12.053] [WARN] access - GET /temp/20180328120816/1522214063349.png
[2018-04-04 13:04:12.064] [WARN] access - GET /temp/20180328120816/1522213988336.png
[2018-04-04 13:04:12.071] [WARN] access - GET /temp/20180328113919/1522208379476.png
[2018-04-04 13:04:12.324] [WARN] access - GET /temp/20180328120816/1522214038486.png
[2018-04-04 13:04:12.346] [WARN] access - GET /temp/20180328131449/1522214135365.png
[2018-04-04 13:04:12.413] [WARN] access - GET /temp/20180328131449/1522214228327.png
[2018-04-04 13:04:12.425] [WARN] access - GET /temp/20180328131449/1522214284709.png
[2018-04-04 13:04:12.432] [WARN] access - GET /temp/20180328131449/1522214370646.png
[2018-04-04 13:04:12.444] [WARN] access - GET /temp/20180328131449/1522214201767.png
[2018-04-04 13:05:08.684] [INFO] access - POST /api/act/publish
[2018-04-04 13:05:09.069] [INFO] access - GET /api/act/lists?keys=&pageSize=15&pageIndex=1
[2018-04-04 13:07:01.367] [WARN] access - GET /api/act/config/lists?keys=
[2018-04-04 13:20:31.560] [INFO] access - GET /api/user/userInfo
[2018-04-04 13:20:31.571] [INFO] access - GET /api/menu/listsTree
[2018-04-04 13:20:31.589] [INFO] access - GET /api/act/lists?keys=&pageSize=15&pageIndex=1
[2018-04-04 13:20:39.678] [INFO] access - GET /api/act/100
[2018-04-04 13:20:39.685] [WARN] access - GET /api/act/config/lists
[2018-04-04 13:20:47.399] [INFO] access - POST /api/act/publish
[2018-04-04 13:28:11.421] [WARN] access - GET /api/user/userInfo
[2018-04-04 13:28:11.435] [WARN] access - GET /api/menu/listsTree
[2018-04-04 13:28:11.440] [INFO] access - GET /api/act/lists?keys=&pageSize=15&pageIndex=1
[2018-04-04 13:28:18.771] [INFO] access - GET /api/act/100
[2018-04-04 13:28:18.778] [WARN] access - GET /api/act/config/lists
[2018-04-04 16:52:14.507] [WARN] access - GET /api/user/userInfo
[2018-04-04 16:52:14.513] [WARN] access - GET /api/menu/listsTree
[2018-04-04 16:52:14.595] [INFO] access - GET /api/act/lists?keys=&pageSize=15&pageIndex=1
[2018-04-04 16:52:31.366] [INFO] access - GET /api/act/101
[2018-04-04 16:52:31.370] [WARN] access - GET /api/act/config/lists
[2018-04-04 18:15:04.818] [INFO] access - POST /api/signin
[2018-04-04 18:15:04.898] [WARN] access - GET /api/menu/listsTree
[2018-04-04 18:15:04.908] [WARN] access - GET /api/user/userInfo
[2018-04-04 18:15:10.401] [WARN] access - GET /api/act/lists?keys=&pageSize=15&pageIndex=1
[2018-04-04 18:15:14.751] [INFO] access - GET /api/act/101
[2018-04-04 18:15:14.755] [WARN] access - GET /api/act/config/lists
[2018-04-04 18:16:07.256] [WARN] access - GET /api/menu/listsTree
[2018-04-04 18:16:07.276] [WARN] access - GET /api/user/userInfo
[2018-04-04 18:16:07.288] [INFO] access - GET /api/act/101
[2018-04-04 18:16:07.296] [WARN] access - GET /api/act/config/lists
[2018-04-04 18:17:33.311] [WARN] access - GET /api/menu/listsTree
[2018-04-04 18:17:33.329] [WARN] access - GET /api/user/userInfo
[2018-04-04 18:17:33.346] [INFO] access - GET /api/act/101
[2018-04-04 18:17:33.352] [WARN] access - GET /api/act/config/lists
[2018-04-04 18:20:06.458] [WARN] access - GET /api/menu/listsTree
[2018-04-04 18:20:06.482] [WARN] access - GET /api/user/userInfo
[2018-04-04 18:20:06.488] [INFO] access - GET /api/act/101
[2018-04-04 18:20:06.492] [WARN] access - GET /api/act/config/lists
[2018-04-04 18:21:23.105] [WARN] access - GET /api/menu/listsTree
[2018-04-04 18:21:23.110] [WARN] access - GET /api/user/userInfo
[2018-04-04 18:21:23.138] [INFO] access - GET /api/act/101
[2018-04-04 18:21:23.146] [WARN] access - GET /api/act/config/lists
[2018-04-04 18:27:21.971] [WARN] access - GET /api/menu/listsTree
[2018-04-04 18:27:21.979] [WARN] access - GET /api/user/userInfo
[2018-04-04 18:27:21.996] [INFO] access - GET /api/act/101
[2018-04-04 18:27:22.003] [WARN] access - GET /api/act/config/lists
[2018-04-04 18:28:06.219] [INFO] access - POST /api/act/publish
[2018-04-04 18:28:11.942] [WARN] access - GET /api/user/userInfo
[2018-04-04 18:28:11.951] [WARN] access - GET /api/menu/listsTree
[2018-04-04 18:28:11.973] [INFO] access - GET /api/act/lists?keys=&pageSize=15&pageIndex=1
[2018-04-04 18:28:14.838] [INFO] access - GET /api/act/101
[2018-04-04 18:28:14.843] [WARN] access - GET /api/act/config/lists
[2018-04-04 18:28:18.619] [INFO] access - POST /api/act/publish
[2018-04-04 18:28:18.938] [INFO] access - GET /api/act/lists?keys=&pageSize=15&pageIndex=1
[2018-04-04 18:28:44.578] [WARN] access - GET /api/user/userInfo
[2018-04-04 18:28:44.586] [WARN] access - GET /api/menu/listsTree
[2018-04-04 18:28:44.681] [WARN] access - GET /api/act/lists?keys=&pageSize=15&pageIndex=1
[2018-04-04 18:28:47.342] [INFO] access - GET /api/act/101
[2018-04-04 18:28:47.346] [WARN] access - GET /api/act/config/lists
[2018-04-04 18:29:18.163] [INFO] access - POST /api/act/publish
[2018-04-04 18:29:24.793] [WARN] access - GET /api/user/userInfo
[2018-04-04 18:29:24.815] [WARN] access - GET /api/menu/listsTree
[2018-04-04 18:29:24.820] [INFO] access - GET /api/act/lists?keys=&pageSize=15&pageIndex=1
[2018-04-04 18:29:57.117] [INFO] access - GET /api/act/tpl/lists
[2018-04-04 18:29:57.155] [WARN] access - GET /images/act_tpl_image/1520574967573.jpg
[2018-04-04 18:29:57.161] [WARN] access - GET /images/act_tpl_image/1520488106123.png
[2018-04-04 18:30:00.018] [WARN] access - GET /api/act/config/lists
[2018-04-04 18:30:00.024] [INFO] access - GET /api/act/tpl/53
[2018-04-04 18:30:33.294] [INFO] access - POST /api/act/upload
[2018-04-04 18:31:00.875] [INFO] access - POST /api/act/upload
[2018-04-04 18:32:26.272] [INFO] access - POST /api/act/upload
[2018-04-04 18:32:35.572] [INFO] access - POST /api/act/upload
[2018-04-04 18:32:53.895] [INFO] access - POST /api/act/upload
[2018-04-04 18:33:13.710] [INFO] access - POST /api/act/upload
[2018-04-04 18:33:17.598] [INFO] access - POST /api/act/upload
[2018-04-04 18:33:40.194] [INFO] access - POST /api/act/upload
[2018-04-04 18:33:52.172] [INFO] access - POST /api/act/publish
[2018-04-04 18:33:52.491] [INFO] access - GET /api/act/lists?keys=&pageSize=15&pageIndex=1
[2018-04-04 18:35:49.898] [INFO] access - GET /api/act/102
[2018-04-04 18:35:49.903] [WARN] access - GET /api/act/config/lists
[2018-04-04 18:36:38.167] [WARN] access - GET /api/user/userInfo
[2018-04-04 18:36:38.175] [WARN] access - GET /api/menu/listsTree
[2018-04-04 18:36:38.181] [INFO] access - GET /api/act/102
[2018-04-04 18:36:38.186] [WARN] access - GET /api/act/config/lists
[2018-04-04 18:36:41.240] [INFO] access - POST /api/act/publish
[2018-04-04 18:36:41.635] [INFO] access - GET /api/act/lists?keys=&pageSize=15&pageIndex=1
[2018-04-04 18:37:58.499] [INFO] access - GET /api/act/102
[2018-04-04 18:37:58.509] [WARN] access - GET /api/act/config/lists
[2018-04-04 18:38:12.140] [INFO] access - POST /api/act/publish
[2018-04-04 18:38:12.421] [INFO] access - GET /api/act/lists?keys=&pageSize=15&pageIndex=1
[2018-04-04 18:38:22.387] [INFO] access - GET /api/act/102
[2018-04-04 18:38:22.392] [WARN] access - GET /api/act/config/lists
[2018-04-04 18:38:44.050] [INFO] access - POST /api/act/publish
[2018-04-04 18:38:44.337] [INFO] access - GET /api/act/lists?keys=&pageSize=15&pageIndex=1
[2018-04-04 18:44:15.648] [INFO] access - GET /api/act/102
[2018-04-04 18:44:15.715] [WARN] access - GET /api/act/config/lists
[2018-04-04 18:44:50.577] [INFO] access - POST /api/act/publish
[2018-04-04 18:44:50.873] [INFO] access - GET /api/act/lists?keys=&pageSize=15&pageIndex=1
[2018-04-04 19:41:59.798] [INFO] access - GET /api/act/102
[2018-04-04 19:41:59.802] [WARN] access - GET /api/act/config/lists
[2018-04-04 19:43:14.881] [WARN] access - GET /api/menu/listsTree
[2018-04-04 19:43:14.906] [WARN] access - GET /api/user/userInfo
[2018-04-04 19:43:14.911] [INFO] access - GET /api/act/102
[2018-04-04 19:43:14.920] [WARN] access - GET /api/act/config/lists
[2018-04-04 19:43:27.938] [WARN] access - GET /api/menu/listsTree
[2018-04-04 19:43:27.964] [WARN] access - GET /api/user/userInfo
[2018-04-04 19:43:27.978] [INFO] access - GET /api/act/102
[2018-04-04 19:43:27.985] [WARN] access - GET /api/act/config/lists
[2018-04-04 19:43:36.520] [INFO] access - POST /api/act/publish
[2018-04-04 19:43:36.887] [INFO] access - GET /api/act/lists?keys=&pageSize=15&pageIndex=1
[2018-04-04 19:43:38.502] [WARN] access - GET /api/act/config/lists
[2018-04-04 19:43:38.508] [INFO] access - GET /api/act/102
[2018-04-04 19:46:11.168] [WARN] access - GET /api/menu/listsTree
[2018-04-04 19:46:11.186] [WARN] access - GET /api/user/userInfo
[2018-04-04 19:46:11.191] [INFO] access - GET /api/act/102
[2018-04-04 19:46:11.196] [WARN] access - GET /api/act/config/lists
[2018-04-04 19:46:23.608] [INFO] access - POST /api/act/publish
[2018-04-04 19:46:23.932] [INFO] access - GET /api/act/lists?keys=&pageSize=15&pageIndex=1
[2018-04-04 19:46:25.716] [INFO] access - GET /api/act/102
[2018-04-04 19:46:25.721] [WARN] access - GET /api/act/config/lists
