[2018-05-23 10:25:02.110] [INFO] access - GET /api/act/tpl/lists
[2018-05-23 10:44:40.767] [WARN] access - GET /api/menu/listsTree
[2018-05-23 10:44:40.780] [WARN] access - GET /api/user/userInfo
[2018-05-23 11:05:56.051] [INFO] access - GET /api/act/components/lists?keys=
[2018-05-23 11:05:57.334] [WARN] access - GET /api/act/tpl/lists
[2018-05-23 11:05:57.366] [WARN] access - GET /images/act_tpl_image/1526883401442.png
[2018-05-23 11:05:57.397] [WARN] access - GET /images/act_tpl_image/1526280829890.jpeg
[2018-05-23 11:05:57.425] [WARN] access - GET /images/act_tpl_image/1525680727077.png
[2018-05-23 11:06:02.758] [INFO] access - GET /api/act/tpl/53
[2018-05-23 11:06:02.768] [WARN] access - GET /api/act/config/lists
[2018-05-23 11:13:12.595] [WARN] access - GET /api/act/tpl/lists
[2018-05-23 11:13:55.576] [INFO] access - POST /api/act/tpl/add
[2018-05-23 11:13:55.836] [INFO] access - GET /api/act/tpl/lists
[2018-05-23 11:13:57.737] [INFO] access - GET /api/act/tpl/59
[2018-05-23 11:13:57.742] [WARN] access - GET /api/act/config/lists
[2018-05-23 12:01:02.894] [WARN] access - GET /api/menu/listsTree
[2018-05-23 12:01:02.923] [WARN] access - GET /api/user/userInfo
[2018-05-23 12:01:02.938] [INFO] access - GET /api/act/tpl/59
[2018-05-23 12:01:02.944] [WARN] access - GET /api/act/config/lists
[2018-05-23 13:51:24.112] [WARN] access - GET /api/user/userInfo
[2018-05-23 13:51:24.118] [WARN] access - GET /api/menu/listsTree
[2018-05-23 13:51:24.132] [WARN] access - GET /api/act/config/lists
[2018-05-23 13:51:24.137] [INFO] access - GET /api/act/tpl/59
[2018-05-23 14:06:52.897] [INFO] access - POST /api/act/upload
[2018-05-23 14:13:43.866] [WARN] access - GET /api/menu/listsTree
[2018-05-23 14:13:43.874] [WARN] access - GET /api/user/userInfo
[2018-05-23 14:13:43.983] [INFO] access - GET /api/act/tpl/59
[2018-05-23 14:13:43.989] [WARN] access - GET /api/act/config/lists
[2018-05-23 14:14:35.663] [WARN] access - GET /api/menu/listsTree
[2018-05-23 14:14:35.667] [WARN] access - GET /api/user/userInfo
[2018-05-23 14:14:35.756] [INFO] access - GET /api/act/tpl/59
[2018-05-23 14:14:35.760] [WARN] access - GET /api/act/config/lists
[2018-05-23 14:18:09.491] [WARN] access - GET /api/menu/listsTree
[2018-05-23 14:18:09.496] [WARN] access - GET /api/user/userInfo
[2018-05-23 14:18:09.592] [WARN] access - GET /api/act/config/lists
[2018-05-23 14:18:09.597] [INFO] access - GET /api/act/tpl/59
[2018-05-23 14:18:26.851] [WARN] access - GET /api/menu/listsTree
[2018-05-23 14:18:26.856] [WARN] access - GET /api/user/userInfo
[2018-05-23 14:18:26.898] [INFO] access - GET /api/act/tpl/59
[2018-05-23 14:18:26.904] [WARN] access - GET /api/act/config/lists
[2018-05-23 14:19:01.357] [WARN] access - GET /api/menu/listsTree
[2018-05-23 14:19:01.364] [WARN] access - GET /api/user/userInfo
[2018-05-23 14:19:01.368] [INFO] access - GET /api/act/tpl/59
[2018-05-23 14:19:01.376] [WARN] access - GET /api/act/config/lists
[2018-05-23 14:20:21.154] [WARN] access - GET /api/menu/listsTree
[2018-05-23 14:20:21.159] [WARN] access - GET /api/user/userInfo
[2018-05-23 14:20:21.187] [INFO] access - GET /api/act/tpl/59
[2018-05-23 14:20:21.210] [WARN] access - GET /api/act/config/lists
[2018-05-23 14:20:53.994] [WARN] access - GET /api/menu/listsTree
[2018-05-23 14:20:53.998] [WARN] access - GET /api/user/userInfo
[2018-05-23 14:20:54.040] [INFO] access - GET /api/act/tpl/59
[2018-05-23 14:20:54.048] [WARN] access - GET /api/act/config/lists
[2018-05-23 14:24:16.838] [WARN] access - GET /api/menu/listsTree
[2018-05-23 14:24:16.843] [WARN] access - GET /api/user/userInfo
[2018-05-23 14:24:16.872] [INFO] access - GET /api/act/tpl/59
[2018-05-23 14:24:16.877] [WARN] access - GET /api/act/config/lists
[2018-05-23 14:27:08.674] [INFO] access - POST /api/act/upload
[2018-05-23 14:33:47.544] [WARN] access - GET /api/menu/listsTree
[2018-05-23 14:33:47.549] [WARN] access - GET /api/user/userInfo
[2018-05-23 14:33:47.555] [WARN] access - GET /api/act/config/lists
[2018-05-23 14:33:47.563] [INFO] access - GET /api/act/tpl/59
[2018-05-23 14:34:06.748] [WARN] access - GET /api/menu/listsTree
[2018-05-23 14:34:06.816] [WARN] access - GET /api/user/userInfo
[2018-05-23 14:34:06.826] [INFO] access - GET /api/act/tpl/59
[2018-05-23 14:34:06.835] [WARN] access - GET /api/act/config/lists
[2018-05-23 14:36:14.657] [WARN] access - GET /api/menu/listsTree
[2018-05-23 14:36:14.675] [WARN] access - GET /api/user/userInfo
[2018-05-23 14:36:14.684] [INFO] access - GET /api/act/tpl/59
[2018-05-23 14:36:14.690] [WARN] access - GET /api/act/config/lists
[2018-05-23 14:36:40.759] [WARN] access - GET /api/menu/listsTree
[2018-05-23 14:36:40.763] [WARN] access - GET /api/user/userInfo
[2018-05-23 14:36:40.770] [INFO] access - GET /api/act/tpl/59
[2018-05-23 14:36:40.777] [WARN] access - GET /api/act/config/lists
[2018-05-23 14:40:45.441] [WARN] access - GET /api/menu/listsTree
[2018-05-23 14:40:45.448] [WARN] access - GET /api/user/userInfo
[2018-05-23 14:40:45.486] [INFO] access - GET /api/act/tpl/59
[2018-05-23 14:40:45.494] [WARN] access - GET /api/act/config/lists
[2018-05-23 14:42:26.872] [WARN] access - GET /api/menu/listsTree
[2018-05-23 14:42:26.878] [WARN] access - GET /api/user/userInfo
[2018-05-23 14:42:26.931] [INFO] access - GET /api/act/tpl/59
[2018-05-23 14:42:26.936] [WARN] access - GET /api/act/config/lists
[2018-05-23 14:42:35.176] [WARN] access - GET /api/menu/listsTree
[2018-05-23 14:42:35.182] [WARN] access - GET /api/user/userInfo
[2018-05-23 14:42:35.207] [INFO] access - GET /api/act/tpl/59
[2018-05-23 14:42:35.213] [WARN] access - GET /api/act/config/lists
[2018-05-23 14:45:55.757] [WARN] access - GET /api/menu/listsTree
[2018-05-23 14:45:55.768] [WARN] access - GET /api/user/userInfo
[2018-05-23 14:45:55.798] [INFO] access - GET /api/act/tpl/59
[2018-05-23 14:45:55.809] [WARN] access - GET /api/act/config/lists
[2018-05-23 14:46:25.903] [INFO] access - POST /api/act/upload
[2018-05-23 14:47:26.047] [WARN] access - GET /api/menu/listsTree
[2018-05-23 14:47:26.051] [WARN] access - GET /api/user/userInfo
[2018-05-23 14:47:26.139] [INFO] access - GET /api/act/tpl/59
[2018-05-23 14:47:26.152] [WARN] access - GET /api/act/config/lists
[2018-05-23 15:03:44.415] [WARN] access - GET /api/menu/listsTree
[2018-05-23 15:03:44.476] [WARN] access - GET /api/user/userInfo
[2018-05-23 15:03:44.486] [INFO] access - GET /api/act/tpl/59
[2018-05-23 15:03:44.491] [WARN] access - GET /api/act/config/lists
[2018-05-23 15:03:53.534] [INFO] access - POST /api/act/upload
[2018-05-23 15:06:54.568] [INFO] access - POST /api/act/upload
[2018-05-23 16:11:37.582] [WARN] access - GET /temp/20180523150344/1527059214552.jpg
[2018-05-23 16:27:34.561] [WARN] access - GET /temp/20180523150344/1527059214552.jpg
[2018-05-23 16:29:03.594] [WARN] access - GET /temp/20180523150344/1527059214552.jpg
[2018-05-23 16:29:14.961] [WARN] access - GET /temp/20180523150344/1527059214552.jpg
[2018-05-23 17:19:13.045] [WARN] access - GET /api/user/userInfo
[2018-05-23 17:19:13.053] [WARN] access - GET /api/menu/listsTree
[2018-05-23 17:19:13.355] [INFO] access - GET /api/config/lists?keys=&pageSize=15&pageIndex=1
