[2018-04-19 10:53:10.195] [INFO] access - POST /api/signin
[2018-04-19 10:53:10.360] [INFO] access - GET /api/user/userInfo
[2018-04-19 10:53:10.366] [INFO] access - GET /api/menu/listsTree
[2018-04-19 10:53:15.444] [INFO] access - GET /api/rule/allLists
[2018-04-19 10:53:15.448] [WARN] access - GET /api/menu/listsTree
[2018-04-19 10:53:33.249] [INFO] access - GET /api/rule/lists?keys=6
[2018-04-19 10:53:36.294] [INFO] access - GET /api/rule/allLists?keys=-1
[2018-04-19 10:53:56.881] [WARN] access - GET /api/rule/allLists
[2018-04-19 10:53:56.886] [WARN] access - GET /api/menu/listsTree
[2018-04-19 10:54:47.014] [INFO] access - GET /api/dep/treeList
[2018-04-19 10:54:47.018] [INFO] access - GET /api/roles/lists?keys=&pageIndex=1&pageSize=15
[2018-04-19 10:54:50.119] [INFO] access - GET /api/roles/edit/3?id=3
[2018-04-19 10:54:50.126] [INFO] access - GET /api/rule/allFnLists
[2018-04-19 10:55:15.316] [WARN] access - GET /api/roles/lists?keys=&pageIndex=1&pageSize=15
[2018-04-19 10:55:15.322] [WARN] access - GET /api/dep/treeList
[2018-04-19 10:55:31.251] [WARN] access - GET /api/rule/allLists
[2018-04-19 10:55:31.256] [WARN] access - GET /api/menu/listsTree
[2018-04-19 10:56:31.892] [WARN] access - GET /api/menu/listsTree
[2018-04-19 10:56:31.898] [INFO] access - GET /api/menu/lists?keys=
[2018-04-19 10:56:31.906] [WARN] access - GET /api/menu/listsTree
[2018-04-19 10:56:54.843] [WARN] access - GET /api/rule/allLists
[2018-04-19 10:56:54.848] [WARN] access - GET /api/menu/listsTree
[2018-04-19 11:00:48.335] [INFO] access - GET /api/rule/lists?keys=17
[2018-04-19 11:00:54.648] [INFO] access - GET /api/rule/lists?keys=16
[2018-04-19 11:00:58.637] [INFO] access - GET /api/rule/lists?keys=18
[2018-04-19 11:01:01.585] [INFO] access - GET /api/rule/lists?keys=20
[2018-04-19 11:01:10.641] [WARN] access - GET /api/dep/treeList
[2018-04-19 11:01:10.652] [INFO] access - GET /api/user/lists?keys=&pageSize=15&pageIndex=1
[2018-04-19 11:01:14.008] [WARN] access - GET /api/rule/allLists
[2018-04-19 11:01:14.012] [WARN] access - GET /api/menu/listsTree
[2018-04-19 11:01:16.126] [WARN] access - GET /api/roles/lists?keys=&pageIndex=1&pageSize=15
[2018-04-19 11:01:16.139] [WARN] access - GET /api/dep/treeList
[2018-04-19 11:01:17.301] [INFO] access - GET /api/dep/lists?keys=
[2018-04-19 11:01:17.306] [WARN] access - GET /api/dep/treeList
[2018-04-19 11:01:20.981] [WARN] access - GET /api/roles/lists?keys=&pageIndex=1&pageSize=15
[2018-04-19 11:01:20.988] [WARN] access - GET /api/dep/treeList
[2018-04-19 11:01:26.743] [WARN] access - GET /api/dep/lists?keys=
[2018-04-19 11:01:26.751] [WARN] access - GET /api/dep/treeList
[2018-04-19 11:01:38.979] [WARN] access - GET /api/rule/allLists
[2018-04-19 11:01:39.174] [WARN] access - GET /api/menu/listsTree
[2018-04-19 11:01:51.613] [INFO] access - GET /api/rule/lists?keys=2
[2018-04-19 11:01:56.734] [INFO] access - GET /api/rule/lists?keys=3
[2018-04-19 11:01:59.001] [WARN] access - GET /api/rule/lists?keys=2
[2018-04-19 11:06:01.167] [WARN] access - GET /api/rule/lists?keys=3
[2018-04-19 11:06:30.516] [WARN] access - GET /api/rule/allLists?keys=-1
[2018-04-19 11:06:46.250] [WARN] access - GET /api/rule/lists?keys=2
[2018-04-19 11:06:49.632] [WARN] access - GET /api/rule/allLists?keys=-1
[2018-04-19 11:40:06.120] [INFO] access - GET /api/rule/lists?keys=2
[2018-04-19 11:44:38.292] [WARN] access - GET /api/dep/treeList
[2018-04-19 11:44:38.296] [INFO] access - GET /api/roles/lists?keys=&pageIndex=1&pageSize=15
[2018-04-19 11:44:40.160] [INFO] access - GET /api/roles/edit/3?id=3
[2018-04-19 11:44:40.166] [INFO] access - GET /api/rule/allFnLists
[2018-04-19 11:50:59.532] [WARN] access - GET /api/menu/listsTree
[2018-04-19 11:50:59.536] [INFO] access - GET /api/rule/allLists
[2018-04-19 13:38:00.741] [INFO] access - GET /api/rule/allLists?keys=-1
[2018-04-19 13:42:02.017] [INFO] access - GET /api/logs/lists?keys=&pageSize=15&pageIndex=1
[2018-04-19 13:42:02.980] [WARN] access - GET /api/menu/listsTree
[2018-04-19 13:42:02.985] [WARN] access - GET /api/menu/lists?keys=
[2018-04-19 13:42:02.994] [WARN] access - GET /api/menu/listsTree
[2018-04-19 13:42:52.480] [WARN] access - GET /api/menu/listsTree
[2018-04-19 13:42:52.484] [WARN] access - GET /api/rule/allLists
[2018-04-19 13:54:45.371] [WARN] access - GET /api/logs/lists?keys=&pageSize=15&pageIndex=1
[2018-04-19 13:54:56.727] [WARN] access - GET /api/menu/listsTree
[2018-04-19 13:54:56.736] [WARN] access - GET /api/user/userInfo
[2018-04-19 13:54:56.952] [WARN] access - GET /api/logs/lists?keys=&pageSize=15&pageIndex=1
[2018-04-19 13:58:51.613] [WARN] access - GET /api/menu/listsTree
[2018-04-19 13:58:51.617] [WARN] access - GET /api/rule/allLists
[2018-04-19 13:59:26.182] [WARN] access - GET /api/menu/listsTree
[2018-04-19 13:59:26.187] [WARN] access - GET /api/menu/lists?keys=
[2018-04-19 13:59:26.203] [WARN] access - GET /api/menu/listsTree
[2018-04-19 14:01:16.105] [WARN] access - GET /api/menu/listsTree
[2018-04-19 14:01:16.110] [WARN] access - GET /api/rule/allLists
[2018-04-19 14:53:18.284] [INFO] access - GET /api/logs/lists?keys=&pageSize=15&pageIndex=1
[2018-04-19 14:56:04.047] [WARN] access - GET /api/menu/listsTree
[2018-04-19 14:56:04.056] [WARN] access - GET /api/rule/allLists
[2018-04-19 15:28:41.310] [WARN] access - GET /api/user/userInfo
[2018-04-19 15:28:41.318] [WARN] access - GET /api/menu/listsTree
[2018-04-19 15:28:41.325] [INFO] access - GET /api/rule/alllists
[2018-04-19 15:28:41.341] [INFO] access - GET /api/rule/lists?keys=
[2018-04-19 15:29:12.026] [INFO] access - GET /api/contracts/vm/lists?keys=
[2018-04-19 15:29:12.080] [INFO] access - GET /api/contracts/type/lists?keys=
[2018-04-19 15:29:16.338] [INFO] access - GET /api/contracts/lists?keys=
[2018-04-19 15:29:19.863] [INFO] access - GET /api/contracts/5
[2018-04-19 15:29:19.900] [INFO] access - GET /api/contracts/vm/lists
[2018-04-19 15:37:41.782] [INFO] access - GET /api/news/lists?keys=&pageIndex=1&pageSize=15
[2018-04-19 15:37:45.299] [WARN] access - GET /api/contracts/vm/lists
[2018-04-19 15:37:45.311] [INFO] access - GET /api/news/type/alllists
[2018-04-19 15:40:57.845] [WARN] access - GET /api/contracts/lists?keys=
[2018-04-19 15:40:59.871] [INFO] access - GET /api/contracts/type/lists
[2018-04-19 15:40:59.880] [WARN] access - GET /api/contracts/vm/lists
[2018-04-19 16:06:46.386] [ERROR] access - GET /api/act/components/lists?keys=
[2018-04-19 16:37:50.756] [WARN] access - GET /api/menu/listsTree
[2018-04-19 16:37:50.765] [WARN] access - GET /api/user/userInfo
[2018-04-19 16:37:50.782] [ERROR] access - GET /api/act/components/lists?keys=
[2018-04-19 16:38:18.796] [WARN] access - GET /api/contracts/vm/lists?keys=
[2018-04-19 16:38:18.822] [WARN] access - GET /api/contracts/type/lists?keys=
[2018-04-19 16:38:19.770] [WARN] access - GET /api/contracts/lists?keys=
[2018-04-19 16:38:23.872] [WARN] access - GET /api/contracts/5
[2018-04-19 16:38:27.773] [WARN] access - GET /api/contracts/vm/lists
[2018-04-19 16:38:34.821] [WARN] access - GET /api/contracts/5
[2018-04-19 16:38:34.839] [WARN] access - GET /api/menu/listsTree
[2018-04-19 16:38:34.844] [WARN] access - GET /api/user/userInfo
[2018-04-19 16:38:38.073] [WARN] access - GET /api/contracts/vm/lists
[2018-04-19 16:46:16.899] [WARN] access - GET /api/contracts/5
[2018-04-19 16:46:16.909] [WARN] access - GET /api/menu/listsTree
[2018-04-19 16:46:16.914] [WARN] access - GET /api/user/userInfo
[2018-04-19 16:46:20.524] [WARN] access - GET /api/contracts/vm/lists
[2018-04-19 17:03:47.355] [WARN] access - GET /api/menu/listsTree
[2018-04-19 17:03:47.359] [WARN] access - GET /api/user/userInfo
[2018-04-19 17:03:47.369] [INFO] access - GET /api/contracts/5
[2018-04-19 17:03:50.787] [WARN] access - GET /api/contracts/vm/lists
[2018-04-19 17:18:09.532] [INFO] access - GET /api/contracts/lists?keys=
[2018-04-19 17:18:14.394] [WARN] access - GET /api/contracts/vm/lists
[2018-04-19 17:18:14.399] [INFO] access - GET /api/contracts/type/lists
[2018-04-19 17:39:47.283] [WARN] access - GET /api/contracts/vm/lists
[2018-04-19 17:39:55.767] [WARN] access - GET /api/menu/listsTree
[2018-04-19 17:39:55.825] [WARN] access - GET /api/user/userInfo
[2018-04-19 17:39:58.892] [WARN] access - GET /api/contracts/vm/lists
[2018-04-19 17:39:58.929] [WARN] access - GET /api/contracts/type/lists
[2018-04-19 17:40:11.717] [WARN] access - GET /api/contracts/lists?keys=
[2018-04-19 17:40:13.951] [WARN] access - GET /api/contracts/5
[2018-04-19 17:40:17.770] [WARN] access - GET /api/contracts/vm/lists
[2018-04-19 17:41:10.443] [WARN] access - GET /api/menu/listsTree
[2018-04-19 17:41:10.452] [WARN] access - GET /api/contracts/5
[2018-04-19 17:41:10.462] [WARN] access - GET /api/user/userInfo
[2018-04-19 17:41:13.392] [WARN] access - GET /api/contracts/vm/lists
[2018-04-19 17:41:17.476] [WARN] access - GET /api/contracts/5
[2018-04-19 17:41:17.498] [WARN] access - GET /api/menu/listsTree
[2018-04-19 17:41:17.502] [WARN] access - GET /api/user/userInfo
[2018-04-19 17:41:20.128] [WARN] access - GET /api/contracts/vm/lists
[2018-04-19 17:41:27.928] [WARN] access - GET /api/contracts/lists?keys=
[2018-04-19 17:41:29.818] [WARN] access - GET /api/contracts/5
[2018-04-19 17:41:32.711] [WARN] access - GET /api/contracts/vm/lists
[2018-04-19 17:48:44.368] [WARN] access - GET /api/contracts/5
[2018-04-19 17:48:44.404] [WARN] access - GET /api/menu/listsTree
[2018-04-19 17:48:44.424] [WARN] access - GET /api/user/userInfo
[2018-04-19 17:48:44.429] [INFO] access - GET /api/contracts/vm/lists
[2018-04-19 17:48:49.203] [WARN] access - GET /api/contracts/5
[2018-04-19 17:48:49.224] [WARN] access - GET /api/menu/listsTree
[2018-04-19 17:48:49.235] [WARN] access - GET /api/user/userInfo
[2018-04-19 17:48:49.242] [WARN] access - GET /api/contracts/vm/lists
[2018-04-19 17:48:53.692] [WARN] access - GET /api/contracts/lists?keys=
[2018-04-19 17:48:55.556] [WARN] access - GET /api/contracts/5
[2018-04-19 17:48:55.625] [WARN] access - GET /api/contracts/vm/lists
[2018-04-19 17:51:17.943] [WARN] access - GET /api/menu/listsTree
[2018-04-19 17:51:17.969] [WARN] access - GET /api/user/userInfo
[2018-04-19 17:51:17.978] [WARN] access - GET /api/contracts/5
[2018-04-19 17:51:17.992] [WARN] access - GET /api/contracts/vm/lists
[2018-04-19 17:51:40.924] [WARN] access - GET /api/contracts/5
[2018-04-19 17:51:40.953] [WARN] access - GET /api/menu/listsTree
[2018-04-19 17:51:40.967] [WARN] access - GET /api/user/userInfo
[2018-04-19 17:51:40.987] [WARN] access - GET /api/contracts/vm/lists
[2018-04-19 17:53:41.954] [WARN] access - GET /api/contracts/vm/lists
[2018-04-19 17:53:51.566] [WARN] access - GET /api/contracts/vm/lists
[2018-04-19 17:53:54.656] [WARN] access - GET /api/contracts/5
[2018-04-19 17:53:54.689] [WARN] access - GET /api/menu/listsTree
[2018-04-19 17:53:54.695] [WARN] access - GET /api/user/userInfo
[2018-04-19 17:53:54.717] [WARN] access - GET /api/contracts/vm/lists
[2018-04-19 17:54:27.500] [WARN] access - GET /api/contracts/vm/lists
[2018-04-19 17:54:30.785] [WARN] access - GET /api/contracts/5
[2018-04-19 17:54:30.806] [WARN] access - GET /api/menu/listsTree
[2018-04-19 17:54:30.814] [WARN] access - GET /api/user/userInfo
[2018-04-19 17:54:30.887] [WARN] access - GET /api/contracts/vm/lists
[2018-04-19 18:13:16.910] [WARN] access - GET /api/contracts/vm/lists
[2018-04-19 18:13:21.489] [WARN] access - GET /api/contracts/5
[2018-04-19 18:13:21.517] [WARN] access - GET /api/menu/listsTree
[2018-04-19 18:13:21.538] [WARN] access - GET /api/user/userInfo
[2018-04-19 18:13:21.543] [WARN] access - GET /api/contracts/vm/lists
[2018-04-19 18:13:35.950] [WARN] access - GET /api/contracts/vm/lists
[2018-04-19 18:13:40.272] [WARN] access - GET /api/contracts/5
[2018-04-19 18:13:40.295] [WARN] access - GET /api/menu/listsTree
[2018-04-19 18:13:40.301] [WARN] access - GET /api/user/userInfo
[2018-04-19 18:13:40.317] [WARN] access - GET /api/contracts/vm/lists
[2018-04-19 18:14:47.777] [WARN] access - GET /api/contracts/vm/lists
[2018-04-19 18:15:03.536] [WARN] access - GET /api/contracts/5
[2018-04-19 18:15:03.547] [WARN] access - GET /api/menu/listsTree
[2018-04-19 18:15:03.564] [WARN] access - GET /api/user/userInfo
[2018-04-19 18:15:03.574] [WARN] access - GET /api/contracts/vm/lists
[2018-04-19 18:15:15.131] [WARN] access - GET /api/contracts/5
[2018-04-19 18:15:15.158] [WARN] access - GET /api/menu/listsTree
[2018-04-19 18:15:15.166] [WARN] access - GET /api/user/userInfo
[2018-04-19 18:15:15.196] [WARN] access - GET /api/contracts/vm/lists
[2018-04-19 18:16:07.401] [WARN] access - GET /api/menu/listsTree
[2018-04-19 18:16:07.417] [WARN] access - GET /api/contracts/5
[2018-04-19 18:16:07.424] [WARN] access - GET /api/user/userInfo
[2018-04-19 18:16:07.436] [WARN] access - GET /api/contracts/vm/lists
[2018-04-19 18:16:14.099] [WARN] access - GET /api/contracts/5
[2018-04-19 18:16:14.120] [WARN] access - GET /api/menu/listsTree
[2018-04-19 18:16:14.137] [WARN] access - GET /api/user/userInfo
[2018-04-19 18:16:14.150] [WARN] access - GET /api/contracts/vm/lists
[2018-04-19 18:16:39.904] [WARN] access - GET /api/contracts/vm/lists
[2018-04-19 18:16:52.734] [WARN] access - GET /api/contracts/5
[2018-04-19 18:16:52.759] [WARN] access - GET /api/menu/listsTree
[2018-04-19 18:16:52.765] [WARN] access - GET /api/user/userInfo
[2018-04-19 18:16:52.794] [WARN] access - GET /api/contracts/vm/lists
[2018-04-19 18:16:56.208] [WARN] access - GET /api/contracts/5
[2018-04-19 18:16:56.227] [WARN] access - GET /api/menu/listsTree
[2018-04-19 18:16:56.233] [WARN] access - GET /api/user/userInfo
[2018-04-19 18:16:56.253] [WARN] access - GET /api/contracts/vm/lists
[2018-04-19 18:17:37.723] [WARN] access - GET /api/contracts/5
[2018-04-19 18:17:37.752] [WARN] access - GET /api/menu/listsTree
[2018-04-19 18:17:37.756] [WARN] access - GET /api/user/userInfo
[2018-04-19 18:17:37.780] [WARN] access - GET /api/contracts/vm/lists
[2018-04-19 18:18:40.101] [WARN] access - GET /api/contracts/vm/lists
[2018-04-19 18:18:42.968] [WARN] access - GET /api/contracts/5
[2018-04-19 18:18:42.999] [WARN] access - GET /api/menu/listsTree
[2018-04-19 18:18:43.012] [WARN] access - GET /api/user/userInfo
[2018-04-19 18:18:43.018] [WARN] access - GET /api/contracts/vm/lists
[2018-04-19 18:18:48.053] [WARN] access - GET /api/contracts/5
[2018-04-19 18:18:48.090] [WARN] access - GET /api/menu/listsTree
[2018-04-19 18:18:48.106] [WARN] access - GET /api/user/userInfo
[2018-04-19 18:18:48.120] [WARN] access - GET /api/contracts/vm/lists
[2018-04-19 18:19:32.500] [WARN] access - GET /api/contracts/vm/lists
[2018-04-19 18:32:58.224] [WARN] access - GET /api/contracts/vm/lists
[2018-04-19 18:33:01.424] [WARN] access - GET /api/contracts/5
[2018-04-19 18:33:01.453] [WARN] access - GET /api/menu/listsTree
[2018-04-19 18:33:01.460] [WARN] access - GET /api/user/userInfo
[2018-04-19 18:33:01.554] [WARN] access - GET /api/contracts/vm/lists
[2018-04-19 18:33:42.424] [WARN] access - GET /api/contracts/vm/lists
[2018-04-19 18:33:45.005] [WARN] access - GET /api/contracts/5
[2018-04-19 18:33:45.028] [WARN] access - GET /api/menu/listsTree
[2018-04-19 18:33:45.034] [WARN] access - GET /api/user/userInfo
[2018-04-19 18:33:45.133] [WARN] access - GET /api/contracts/vm/lists
[2018-04-19 18:33:47.954] [WARN] access - GET /api/contracts/5
[2018-04-19 18:33:47.972] [WARN] access - GET /api/menu/listsTree
[2018-04-19 18:33:47.978] [WARN] access - GET /api/user/userInfo
[2018-04-19 18:33:48.089] [WARN] access - GET /api/contracts/vm/lists
[2018-04-19 18:33:51.054] [WARN] access - GET /api/contracts/5
[2018-04-19 18:33:51.072] [WARN] access - GET /api/menu/listsTree
[2018-04-19 18:33:51.076] [WARN] access - GET /api/user/userInfo
[2018-04-19 18:33:51.178] [WARN] access - GET /api/contracts/vm/lists
[2018-04-19 18:33:53.801] [WARN] access - GET /api/contracts/5
[2018-04-19 18:33:53.819] [WARN] access - GET /api/menu/listsTree
[2018-04-19 18:33:53.825] [WARN] access - GET /api/user/userInfo
[2018-04-19 18:33:53.910] [WARN] access - GET /api/contracts/vm/lists
[2018-04-19 18:36:08.921] [WARN] access - GET /api/contracts/5
[2018-04-19 18:36:08.927] [WARN] access - GET /api/menu/listsTree
[2018-04-19 18:36:08.935] [WARN] access - GET /api/user/userInfo
[2018-04-19 18:36:09.014] [WARN] access - GET /api/contracts/vm/lists
[2018-04-19 18:36:11.397] [WARN] access - GET /api/contracts/5
[2018-04-19 18:36:11.418] [WARN] access - GET /api/menu/listsTree
[2018-04-19 18:36:11.422] [WARN] access - GET /api/user/userInfo
[2018-04-19 18:36:11.512] [WARN] access - GET /api/contracts/vm/lists
[2018-04-19 18:36:16.651] [WARN] access - GET /api/contracts/5
[2018-04-19 18:36:16.675] [WARN] access - GET /api/menu/listsTree
[2018-04-19 18:36:16.680] [WARN] access - GET /api/user/userInfo
[2018-04-19 18:36:16.780] [WARN] access - GET /api/contracts/vm/lists
[2018-04-19 19:26:21.727] [WARN] access - GET /api/user/userInfo
[2018-04-19 19:26:21.734] [WARN] access - GET /api/contracts/5
[2018-04-19 19:26:21.740] [WARN] access - GET /api/menu/listsTree
[2018-04-19 19:26:22.014] [WARN] access - GET /api/contracts/vm/lists
[2018-04-19 19:37:17.145] [WARN] access - GET /api/contracts/5
[2018-04-19 19:37:17.897] [WARN] access - GET /api/contracts/vm/lists
[2018-04-19 19:37:18.257] [WARN] access - GET /api/contracts/5
[2018-04-19 19:37:18.533] [WARN] access - GET /api/contracts/vm/lists
[2018-04-19 19:37:23.523] [WARN] access - GET /api/contracts/5
[2018-04-19 19:37:23.530] [WARN] access - GET /api/menu/listsTree
[2018-04-19 19:37:23.535] [WARN] access - GET /api/user/userInfo
[2018-04-19 19:37:23.822] [WARN] access - GET /api/contracts/vm/lists
[2018-04-19 19:40:32.731] [WARN] access - GET /api/menu/listsTree
[2018-04-19 19:40:32.736] [WARN] access - GET /api/contracts/5
[2018-04-19 19:40:32.742] [WARN] access - GET /api/user/userInfo
[2018-04-19 19:40:33.049] [WARN] access - GET /api/contracts/vm/lists
[2018-04-19 19:40:58.455] [WARN] access - GET /api/contracts/5
[2018-04-19 19:40:58.482] [WARN] access - GET /api/contracts/vm/lists
[2018-04-19 19:40:59.776] [WARN] access - GET /api/contracts/5
[2018-04-19 19:40:59.797] [WARN] access - GET /api/menu/listsTree
[2018-04-19 19:40:59.802] [WARN] access - GET /api/user/userInfo
[2018-04-19 19:41:00.096] [WARN] access - GET /api/contracts/vm/lists
[2018-04-19 19:42:30.744] [WARN] access - GET /api/contracts/lists?keys=
[2018-04-19 19:42:33.252] [WARN] access - GET /api/contracts/type/lists
[2018-04-19 19:43:24.740] [INFO] access - GET /api/contracts/history/lists?keys=&pageSize=15&pageIndex=1
[2018-04-19 19:43:26.860] [WARN] access - GET /api/contracts/lists?keys=
[2018-04-19 19:43:30.398] [WARN] access - GET /api/contracts/type/lists
[2018-04-19 19:43:45.143] [WARN] access - GET /api/contracts/lists?keys=
[2018-04-19 19:43:47.856] [WARN] access - GET /api/contracts/5
[2018-04-19 19:43:47.879] [WARN] access - GET /api/contracts/vm/lists
[2018-04-19 19:45:36.317] [WARN] access - GET /api/contracts/history/lists?keys=&pageSize=15&pageIndex=1
[2018-04-19 19:45:39.449] [WARN] access - GET /api/menu/listsTree
[2018-04-19 19:45:39.454] [WARN] access - GET /api/user/userInfo
[2018-04-19 19:45:39.723] [WARN] access - GET /api/contracts/history/lists?keys=&pageSize=15&pageIndex=1
[2018-04-19 19:45:45.156] [WARN] access - GET /api/contracts/lists?keys=
[2018-04-19 19:45:49.389] [WARN] access - GET /api/contracts/5
[2018-04-19 19:45:49.416] [WARN] access - GET /api/contracts/vm/lists
[2018-04-19 19:45:53.822] [WARN] access - GET /api/contracts/vm/lists?keys=
[2018-04-19 19:45:53.849] [INFO] access - GET /api/contracts/type/lists?keys=
[2018-04-19 19:45:58.458] [WARN] access - GET /api/contracts/lists?keys=
[2018-04-19 19:46:00.834] [WARN] access - GET /api/contracts/5
[2018-04-19 19:46:00.855] [WARN] access - GET /api/contracts/vm/lists
[2018-04-19 19:46:07.888] [WARN] access - GET /api/contracts/history/lists?keys=&pageSize=15&pageIndex=1
[2018-04-19 19:46:15.626] [WARN] access - GET /api/contracts/lists?keys=
[2018-04-19 19:46:24.231] [WARN] access - GET /api/contracts/5
[2018-04-19 19:46:24.257] [WARN] access - GET /api/contracts/vm/lists
[2018-04-19 19:46:47.580] [WARN] access - GET /api/contracts/history/lists?keys=&pageSize=15&pageIndex=1
[2018-04-19 19:46:53.638] [WARN] access - GET /api/contracts/lists?keys=
[2018-04-19 19:46:56.161] [WARN] access - GET /api/contracts/5
[2018-04-19 19:46:56.196] [WARN] access - GET /api/contracts/vm/lists
[2018-04-19 19:47:01.980] [WARN] access - GET /api/contracts/lists?keys=
[2018-04-19 19:47:15.392] [WARN] access - GET /api/contracts/5
[2018-04-19 19:47:15.416] [WARN] access - GET /api/contracts/vm/lists
[2018-04-19 19:47:20.422] [WARN] access - GET /api/contracts/lists?keys=
[2018-04-19 19:47:26.686] [WARN] access - GET /api/contracts/type/lists
[2018-04-19 19:47:35.839] [WARN] access - GET /api/contracts/lists?keys=
[2018-04-19 19:55:28.688] [WARN] access - GET /api/menu/listsTree
[2018-04-19 19:55:28.692] [WARN] access - GET /api/contracts/5
[2018-04-19 19:55:28.696] [WARN] access - GET /api/user/userInfo
[2018-04-19 19:55:29.031] [WARN] access - GET /api/contracts/vm/lists
[2018-04-19 20:02:10.750] [WARN] access - GET /api/contracts/5
[2018-04-19 20:02:10.755] [WARN] access - GET /api/menu/listsTree
[2018-04-19 20:02:10.760] [WARN] access - GET /api/user/userInfo
[2018-04-19 20:02:11.087] [WARN] access - GET /api/contracts/vm/lists
[2018-04-19 20:09:19.315] [WARN] access - GET /api/menu/listsTree
[2018-04-19 20:09:19.321] [WARN] access - GET /api/contracts/5
[2018-04-19 20:09:19.324] [WARN] access - GET /api/user/userInfo
[2018-04-19 20:09:19.636] [WARN] access - GET /api/contracts/vm/lists
[2018-04-19 20:11:59.445] [WARN] access - GET /api/menu/listsTree
[2018-04-19 20:11:59.449] [WARN] access - GET /api/contracts/5
[2018-04-19 20:11:59.453] [WARN] access - GET /api/user/userInfo
[2018-04-19 20:11:59.764] [WARN] access - GET /api/contracts/vm/lists
[2018-04-19 20:12:10.089] [WARN] access - GET /api/contracts/5
[2018-04-19 20:12:10.117] [WARN] access - GET /api/menu/listsTree
[2018-04-19 20:12:10.120] [WARN] access - GET /api/user/userInfo
[2018-04-19 20:12:10.413] [WARN] access - GET /api/contracts/vm/lists
[2018-04-19 20:13:56.030] [WARN] access - GET /api/contracts/5
[2018-04-19 20:13:56.038] [WARN] access - GET /api/menu/listsTree
[2018-04-19 20:13:56.041] [WARN] access - GET /api/user/userInfo
[2018-04-19 20:13:56.337] [WARN] access - GET /api/contracts/vm/lists
[2018-04-19 20:14:34.458] [WARN] access - GET /api/contracts/5
[2018-04-19 20:14:34.478] [WARN] access - GET /api/menu/listsTree
[2018-04-19 20:14:34.481] [WARN] access - GET /api/user/userInfo
[2018-04-19 20:14:34.810] [WARN] access - GET /api/contracts/vm/lists
[2018-04-19 20:14:47.364] [WARN] access - GET /api/contracts/5
[2018-04-19 20:14:47.383] [WARN] access - GET /api/menu/listsTree
[2018-04-19 20:14:47.389] [WARN] access - GET /api/user/userInfo
[2018-04-19 20:14:47.662] [WARN] access - GET /api/contracts/vm/lists
[2018-04-19 20:15:39.973] [WARN] access - GET /api/contracts/5
[2018-04-19 20:15:39.981] [WARN] access - GET /api/menu/listsTree
[2018-04-19 20:15:39.987] [WARN] access - GET /api/user/userInfo
[2018-04-19 20:15:40.237] [WARN] access - GET /api/contracts/vm/lists
[2018-04-19 20:20:28.122] [WARN] access - GET /api/contracts/5
[2018-04-19 20:20:28.129] [WARN] access - GET /api/menu/listsTree
[2018-04-19 20:20:28.133] [WARN] access - GET /api/user/userInfo
[2018-04-19 20:20:28.388] [WARN] access - GET /api/contracts/vm/lists
[2018-04-19 20:25:30.671] [WARN] access - GET /api/contracts/5
[2018-04-19 20:25:30.686] [WARN] access - GET /api/menu/listsTree
[2018-04-19 20:25:30.690] [WARN] access - GET /api/user/userInfo
[2018-04-19 20:25:30.965] [WARN] access - GET /api/contracts/vm/lists
[2018-04-19 20:25:44.582] [WARN] access - GET /api/contracts/5
[2018-04-19 20:25:44.608] [WARN] access - GET /api/menu/listsTree
[2018-04-19 20:25:44.613] [WARN] access - GET /api/user/userInfo
[2018-04-19 20:25:44.934] [WARN] access - GET /api/contracts/vm/lists
[2018-04-19 20:26:46.793] [WARN] access - GET /api/contracts/5
[2018-04-19 20:26:46.807] [WARN] access - GET /api/menu/listsTree
[2018-04-19 20:26:46.812] [WARN] access - GET /api/user/userInfo
[2018-04-19 20:26:47.070] [WARN] access - GET /api/contracts/vm/lists
[2018-04-19 20:27:14.497] [WARN] access - GET /api/contracts/5
[2018-04-19 20:27:14.516] [WARN] access - GET /api/menu/listsTree
[2018-04-19 20:27:14.520] [WARN] access - GET /api/user/userInfo
[2018-04-19 20:27:14.818] [WARN] access - GET /api/contracts/vm/lists
[2018-04-19 20:27:41.030] [WARN] access - GET /api/contracts/5
[2018-04-19 20:27:41.051] [WARN] access - GET /api/menu/listsTree
[2018-04-19 20:27:41.055] [WARN] access - GET /api/user/userInfo
[2018-04-19 20:27:41.382] [WARN] access - GET /api/contracts/vm/lists
[2018-04-19 20:28:04.482] [WARN] access - GET /api/contracts/5
[2018-04-19 20:28:04.499] [WARN] access - GET /api/menu/listsTree
[2018-04-19 20:28:04.503] [WARN] access - GET /api/user/userInfo
[2018-04-19 20:28:04.802] [WARN] access - GET /api/contracts/vm/lists
[2018-04-19 20:28:42.171] [WARN] access - GET /api/contracts/5
[2018-04-19 20:28:42.196] [WARN] access - GET /api/menu/listsTree
[2018-04-19 20:28:42.201] [WARN] access - GET /api/user/userInfo
[2018-04-19 20:28:42.498] [WARN] access - GET /api/contracts/vm/lists
[2018-04-19 20:29:23.897] [WARN] access - GET /api/contracts/5
[2018-04-19 20:29:23.919] [WARN] access - GET /api/menu/listsTree
[2018-04-19 20:29:23.923] [WARN] access - GET /api/user/userInfo
[2018-04-19 20:29:24.207] [WARN] access - GET /api/contracts/vm/lists
[2018-04-19 20:30:12.844] [WARN] access - GET /api/contracts/5
[2018-04-19 20:30:12.861] [WARN] access - GET /api/menu/listsTree
[2018-04-19 20:30:12.864] [WARN] access - GET /api/user/userInfo
[2018-04-19 20:30:13.168] [WARN] access - GET /api/contracts/vm/lists
[2018-04-19 20:30:51.188] [WARN] access - GET /api/contracts/5
[2018-04-19 20:30:51.212] [WARN] access - GET /api/menu/listsTree
[2018-04-19 20:30:51.218] [WARN] access - GET /api/user/userInfo
[2018-04-19 20:30:51.492] [WARN] access - GET /api/contracts/vm/lists
[2018-04-19 20:31:45.438] [WARN] access - GET /api/contracts/5
[2018-04-19 20:31:45.448] [WARN] access - GET /api/menu/listsTree
[2018-04-19 20:31:45.452] [WARN] access - GET /api/user/userInfo
[2018-04-19 20:31:45.731] [WARN] access - GET /api/contracts/vm/lists
[2018-04-19 20:34:55.846] [WARN] access - GET /api/menu/listsTree
[2018-04-19 20:34:55.849] [WARN] access - GET /api/contracts/5
[2018-04-19 20:34:55.856] [WARN] access - GET /api/user/userInfo
[2018-04-19 20:34:56.151] [WARN] access - GET /api/contracts/vm/lists
[2018-04-19 20:36:01.091] [WARN] access - GET /api/contracts/5
[2018-04-19 20:36:01.106] [WARN] access - GET /api/menu/listsTree
[2018-04-19 20:36:01.113] [WARN] access - GET /api/user/userInfo
[2018-04-19 20:36:01.442] [WARN] access - GET /api/contracts/vm/lists
[2018-04-19 20:36:36.089] [WARN] access - GET /api/contracts/5
[2018-04-19 20:36:36.108] [WARN] access - GET /api/menu/listsTree
[2018-04-19 20:36:36.112] [WARN] access - GET /api/user/userInfo
[2018-04-19 20:36:36.382] [WARN] access - GET /api/contracts/vm/lists
[2018-04-19 20:37:02.876] [WARN] access - GET /api/contracts/5
[2018-04-19 20:37:02.894] [WARN] access - GET /api/menu/listsTree
[2018-04-19 20:37:02.898] [WARN] access - GET /api/user/userInfo
[2018-04-19 20:37:03.171] [WARN] access - GET /api/contracts/vm/lists
[2018-04-19 20:37:17.023] [WARN] access - GET /api/contracts/5
[2018-04-19 20:37:17.057] [WARN] access - GET /api/menu/listsTree
[2018-04-19 20:37:17.060] [WARN] access - GET /api/user/userInfo
[2018-04-19 20:37:17.359] [WARN] access - GET /api/contracts/vm/lists
[2018-04-19 20:37:33.308] [WARN] access - GET /api/contracts/5
[2018-04-19 20:37:33.344] [WARN] access - GET /api/menu/listsTree
[2018-04-19 20:37:33.349] [WARN] access - GET /api/user/userInfo
[2018-04-19 20:37:33.630] [WARN] access - GET /api/contracts/vm/lists
[2018-04-19 20:37:54.867] [WARN] access - GET /api/contracts/5
[2018-04-19 20:37:54.885] [WARN] access - GET /api/menu/listsTree
[2018-04-19 20:37:54.889] [WARN] access - GET /api/user/userInfo
[2018-04-19 20:37:55.221] [WARN] access - GET /api/contracts/vm/lists
[2018-04-19 20:37:59.461] [WARN] access - GET /api/contracts/5
[2018-04-19 20:37:59.483] [WARN] access - GET /api/menu/listsTree
[2018-04-19 20:37:59.487] [WARN] access - GET /api/user/userInfo
[2018-04-19 20:37:59.780] [WARN] access - GET /api/contracts/vm/lists
[2018-04-19 20:38:14.139] [WARN] access - GET /api/contracts/5
[2018-04-19 20:38:14.155] [WARN] access - GET /api/menu/listsTree
[2018-04-19 20:38:14.159] [WARN] access - GET /api/user/userInfo
[2018-04-19 20:38:14.452] [WARN] access - GET /api/contracts/vm/lists
[2018-04-19 20:38:31.400] [WARN] access - GET /api/contracts/5
[2018-04-19 20:38:31.425] [WARN] access - GET /api/menu/listsTree
[2018-04-19 20:38:31.430] [WARN] access - GET /api/user/userInfo
[2018-04-19 20:38:31.709] [WARN] access - GET /api/contracts/vm/lists
[2018-04-19 20:39:36.175] [WARN] access - GET /api/contracts/5
[2018-04-19 20:39:36.189] [WARN] access - GET /api/menu/listsTree
[2018-04-19 20:39:36.194] [WARN] access - GET /api/user/userInfo
[2018-04-19 20:39:36.480] [WARN] access - GET /api/contracts/vm/lists
[2018-04-19 20:43:49.870] [WARN] access - GET /api/contracts/5
[2018-04-19 20:43:49.875] [WARN] access - GET /api/menu/listsTree
[2018-04-19 20:43:49.879] [WARN] access - GET /api/user/userInfo
[2018-04-19 20:43:50.214] [WARN] access - GET /api/contracts/vm/lists
[2018-04-19 20:43:58.180] [WARN] access - GET /api/contracts/5
[2018-04-19 20:43:58.208] [WARN] access - GET /api/menu/listsTree
[2018-04-19 20:43:58.212] [WARN] access - GET /api/user/userInfo
[2018-04-19 20:43:58.492] [WARN] access - GET /api/contracts/vm/lists
