[2018-01-29 09:45:26.517] [INFO] access - GET /api/act/tpl/50
[2018-01-29 09:45:56.706] [INFO] access - POST /api/act/upload
[2018-01-29 09:46:11.092] [INFO] access - POST /api/act/upload
[2018-01-29 10:52:22.079] [WARN] access - GET /api/user/userInfo
[2018-01-29 10:52:22.084] [WARN] access - GET /api/menu/listsTree
[2018-01-29 10:52:22.087] [INFO] access - GET /api/act/tpl/50
[2018-01-29 10:52:46.234] [WARN] access - GET /api/menu/listsTree
[2018-01-29 10:52:46.240] [WARN] access - GET /api/user/userInfo
[2018-01-29 10:52:46.259] [INFO] access - GET /api/act/tpl/50
[2018-01-29 10:53:04.668] [INFO] access - POST /api/act/upload
[2018-01-29 10:53:16.932] [INFO] access - POST /api/act/upload
[2018-01-29 10:59:27.075] [WARN] access - GET /api/menu/listsTree
[2018-01-29 10:59:27.083] [WARN] access - GET /api/user/userInfo
[2018-01-29 10:59:27.089] [INFO] access - GET /api/act/tpl/50
[2018-01-29 10:59:37.255] [INFO] access - POST /api/act/upload
[2018-01-29 10:59:46.549] [INFO] access - POST /api/act/upload
[2018-01-29 11:03:47.394] [INFO] access - POST /api/act/upload
[2018-01-29 11:03:55.366] [INFO] access - POST /api/act/upload
[2018-01-29 11:07:08.111] [WARN] access - GET /api/menu/listsTree
[2018-01-29 11:07:08.116] [WARN] access - GET /api/user/userInfo
[2018-01-29 11:07:08.135] [INFO] access - GET /api/act/tpl/50
[2018-01-29 11:07:28.311] [INFO] access - POST /api/act/upload
[2018-01-29 11:07:36.642] [INFO] access - POST /api/act/upload
[2018-01-29 11:08:04.670] [WARN] access - GET /api/menu/listsTree
[2018-01-29 11:08:04.674] [WARN] access - GET /api/user/userInfo
[2018-01-29 11:08:04.690] [INFO] access - GET /api/act/tpl/50
[2018-01-29 11:08:15.944] [INFO] access - POST /api/act/upload
[2018-01-29 11:08:22.295] [INFO] access - POST /api/act/upload
[2018-01-29 11:13:30.886] [INFO] access - POST /api/act/upload
[2018-01-29 11:13:43.145] [INFO] access - POST /api/act/upload
[2018-01-29 11:14:29.967] [INFO] access - POST /api/act/upload
[2018-01-29 11:14:37.499] [INFO] access - POST /api/act/upload
[2018-01-29 11:23:09.767] [WARN] access - GET /temp/20180129110804/btn_1517195669962.png
[2018-01-29 11:23:09.772] [WARN] access - GET /temp/20180129110804/btn0_1517195677493.png
[2018-01-29 11:24:58.768] [WARN] access - GET /temp/20180129110804/btn_1517195669962.png
[2018-01-29 11:24:58.777] [WARN] access - GET /temp/20180129110804/btn0_1517195677493.png
[2018-01-29 11:25:01.565] [WARN] access - GET /temp/20180129110804/btn_1517195669962.png
[2018-01-29 11:25:01.572] [WARN] access - GET /temp/20180129110804/btn0_1517195677493.png
[2018-01-29 11:25:03.101] [WARN] access - GET /temp/20180129110804/btn_1517195669962.png
[2018-01-29 11:25:03.126] [WARN] access - GET /temp/20180129110804/btn0_1517195677493.png
[2018-01-29 11:26:35.935] [WARN] access - GET /temp/20180129110804/btn_1517195669962.png
[2018-01-29 11:26:35.940] [WARN] access - GET /temp/20180129110804/btn0_1517195677493.png
[2018-01-29 11:28:22.482] [WARN] access - GET /temp/20180129110804/btn_1517195669962.png
[2018-01-29 11:28:22.498] [WARN] access - GET /temp/20180129110804/btn0_1517195677493.png
[2018-01-29 11:35:46.506] [INFO] access - POST /api/act/upload
[2018-01-29 11:35:57.604] [INFO] access - POST /api/act/upload
[2018-01-29 11:36:27.671] [WARN] access - GET /temp/20180129110804/btn_1517196946501.png
[2018-01-29 11:36:27.675] [WARN] access - GET /temp/20180129110804/btn0_1517196957599.png
[2018-01-29 11:36:30.304] [WARN] access - GET /temp/20180129110804/btn_1517196946501.png
[2018-01-29 11:36:30.310] [WARN] access - GET /temp/20180129110804/btn0_1517196957599.png
[2018-01-29 11:37:53.061] [WARN] access - GET /api/menu/listsTree
[2018-01-29 11:37:53.065] [WARN] access - GET /api/user/userInfo
[2018-01-29 11:37:53.086] [INFO] access - GET /api/act/tpl/50
[2018-01-29 11:38:08.154] [INFO] access - POST /api/act/upload
[2018-01-29 11:38:16.537] [INFO] access - POST /api/act/upload
[2018-01-29 11:39:24.902] [WARN] access - GET /temp/20180129113753/btn_1517197088148.png
[2018-01-29 11:39:24.906] [WARN] access - GET /temp/20180129113753/btn_1517197096532.png
[2018-01-29 11:39:32.886] [WARN] access - GET /temp/20180129113753/btn_1517197088148.png
[2018-01-29 11:39:32.896] [WARN] access - GET /temp/20180129113753/btn_1517197096532.png
[2018-01-29 11:41:51.447] [WARN] access - GET /api/act/lists?keys=&pageSize=15&pageIndex=1
[2018-01-29 11:41:52.287] [WARN] access - GET /api/act/tpl/lists
[2018-01-29 11:41:52.325] [WARN] access - GET /images/act_tpl_image/1516789986163.png
[2018-01-29 11:41:52.331] [WARN] access - GET /images/act_tpl_image/1516700283859.png
[2018-01-29 11:42:09.509] [INFO] access - POST /api/act/tpl/add
[2018-01-29 11:42:09.742] [INFO] access - GET /api/act/tpl/lists
[2018-01-29 11:42:11.802] [INFO] access - GET /api/act/tpl/51
[2018-01-29 11:43:18.282] [WARN] access - GET /api/act/tpl/lists
[2018-01-29 11:43:21.602] [WARN] access - GET /api/act/lists?keys=&pageSize=15&pageIndex=1
[2018-01-29 11:43:23.631] [INFO] access - GET /api/act/91
[2018-01-29 11:43:29.300] [WARN] access - GET /api/act/lists?keys=&pageSize=15&pageIndex=1
[2018-01-29 11:43:32.201] [INFO] access - DELETE /api/act/91
[2018-01-29 11:43:32.228] [INFO] access - GET /api/act/lists?keys=&pageSize=15&pageIndex=1
[2018-01-29 11:43:34.185] [WARN] access - GET /api/act/tpl/lists
[2018-01-29 11:49:31.693] [WARN] access - GET /api/menu/listsTree
[2018-01-29 11:49:31.708] [WARN] access - GET /api/user/userInfo
[2018-01-29 11:49:31.711] [WARN] access - GET /api/act/tpl/lists
[2018-01-29 11:49:31.924] [WARN] access - GET /images/act_tpl_image/1517197329483.png
[2018-01-29 11:49:31.962] [WARN] access - GET /images/act_tpl_image/1516789986163.png
[2018-01-29 11:49:32.000] [WARN] access - GET /images/act_tpl_image/1516700283859.png
[2018-01-29 11:49:33.681] [INFO] access - GET /api/act/tpl/51
[2018-01-29 11:49:51.788] [WARN] access - GET /api/menu/listsTree
[2018-01-29 11:49:51.792] [WARN] access - GET /api/user/userInfo
[2018-01-29 11:49:51.806] [INFO] access - GET /api/act/tpl/51
[2018-01-29 11:51:17.571] [INFO] access - POST /api/act/upload
[2018-01-29 11:52:40.668] [WARN] access - GET /api/menu/listsTree
[2018-01-29 11:52:40.681] [WARN] access - GET /api/user/userInfo
[2018-01-29 11:52:40.693] [INFO] access - GET /api/act/tpl/51
[2018-01-29 11:52:48.822] [INFO] access - POST /api/act/upload
[2018-01-29 11:53:00.947] [INFO] access - POST /api/act/upload
[2018-01-29 13:12:09.819] [WARN] access - GET /api/menu/listsTree
[2018-01-29 13:12:09.825] [WARN] access - GET /api/user/userInfo
[2018-01-29 13:12:09.829] [INFO] access - GET /api/act/tpl/51
[2018-01-29 13:12:19.460] [INFO] access - POST /api/act/upload
[2018-01-29 13:13:10.605] [WARN] access - GET /api/menu/listsTree
[2018-01-29 13:13:10.612] [WARN] access - GET /api/user/userInfo
[2018-01-29 13:13:10.625] [INFO] access - GET /api/act/tpl/51
[2018-01-29 13:13:17.078] [INFO] access - POST /api/act/upload
[2018-01-29 13:13:25.556] [INFO] access - POST /api/act/upload
[2018-01-29 13:14:36.705] [WARN] access - GET /temp/20180129113753/btn_1517197088148.png
[2018-01-29 13:14:36.714] [WARN] access - GET /temp/20180129113753/btn_1517197096532.png
[2018-01-29 13:16:15.616] [WARN] access - GET /temp/20180129131310/btn0_1517202797074.png
[2018-01-29 13:16:15.625] [WARN] access - GET /temp/20180129131310/btn0_1517202805551.png
[2018-01-29 13:17:17.248] [WARN] access - GET /temp/20180129131310/btn0_1517202797074.png
[2018-01-29 13:17:17.253] [WARN] access - GET /temp/20180129131310/btn0_1517202805551.png
[2018-01-29 13:17:18.583] [WARN] access - GET /temp/20180129131310/btn0_1517202797074.png
[2018-01-29 13:17:18.588] [WARN] access - GET /temp/20180129131310/btn0_1517202805551.png
[2018-01-29 13:17:19.268] [WARN] access - GET /temp/20180129131310/btn0_1517202797074.png
[2018-01-29 13:17:19.275] [WARN] access - GET /temp/20180129131310/btn0_1517202805551.png
[2018-01-29 13:17:56.879] [WARN] access - GET /temp/20180129131310/btn0_1517202797074.png
[2018-01-29 13:17:56.889] [WARN] access - GET /temp/20180129131310/btn0_1517202805551.png
[2018-01-29 13:17:58.443] [WARN] access - GET /temp/20180129131310/btn0_1517202797074.png
[2018-01-29 13:17:58.448] [WARN] access - GET /temp/20180129131310/btn0_1517202805551.png
[2018-01-29 13:18:12.141] [WARN] access - GET /api/act/lists?keys=&pageSize=15&pageIndex=1
[2018-01-29 13:18:13.495] [WARN] access - GET /api/act/tpl/lists
[2018-01-29 13:18:13.538] [WARN] access - GET /images/act_tpl_image/1517197329483.png
[2018-01-29 13:18:13.543] [WARN] access - GET /images/act_tpl_image/1516700283859.png
[2018-01-29 13:18:13.550] [WARN] access - GET /images/act_tpl_image/1516789986163.png
[2018-01-29 13:18:15.559] [INFO] access - GET /api/act/tpl/50
[2018-01-29 13:18:36.559] [INFO] access - POST /api/act/upload
[2018-01-29 13:19:05.731] [WARN] access - GET /api/menu/listsTree
[2018-01-29 13:19:05.736] [WARN] access - GET /api/user/userInfo
[2018-01-29 13:19:05.785] [INFO] access - GET /api/act/tpl/50
[2018-01-29 13:19:14.352] [INFO] access - POST /api/act/upload
[2018-01-29 13:19:23.065] [INFO] access - POST /api/act/upload
[2018-01-29 13:19:58.641] [WARN] access - GET /temp/20180129131310/btn0_1517202797074.png
[2018-01-29 13:19:58.645] [WARN] access - GET /temp/20180129131310/btn0_1517202805551.png
[2018-01-29 13:20:51.283] [WARN] access - GET /temp/20180129131905/btn_1517203154346.png
[2018-01-29 13:20:51.287] [WARN] access - GET /temp/20180129131905/btn0_1517203163056.png
[2018-01-29 13:50:01.683] [WARN] access - GET /temp/20180129131905/btn_1517203154346.png
[2018-01-29 13:50:01.688] [WARN] access - GET /temp/20180129131905/btn0_1517203163056.png
[2018-01-29 13:55:56.267] [WARN] access - GET /temp/20180129131905/btn_1517203154346.png
[2018-01-29 13:55:56.272] [WARN] access - GET /temp/20180129131905/btn0_1517203163056.png
[2018-01-29 13:58:09.539] [WARN] access - GET /temp/20180129131905/btn0_1517203163056.png
[2018-01-29 13:58:09.556] [WARN] access - GET /temp/20180129131905/btn_1517203154346.png
[2018-01-29 14:00:17.266] [WARN] access - GET /temp/20180129131905/btn_1517203154346.png
[2018-01-29 14:00:17.276] [WARN] access - GET /temp/20180129131905/btn0_1517203163056.png
[2018-01-29 14:00:35.985] [WARN] access - GET /temp/20180129131905/btn_1517203154346.png
[2018-01-29 14:02:36.011] [WARN] access - GET /temp/20180129131905/btn0_1517203163056.png
[2018-01-29 14:03:19.578] [WARN] access - GET /temp/20180129131905/btn_1517203154346.png
[2018-01-29 14:03:19.588] [WARN] access - GET /temp/20180129131905/btn0_1517203163056.png
[2018-01-29 14:03:30.162] [WARN] access - GET /temp/20180129131905/btn_1517203154346.png
[2018-01-29 14:03:30.168] [WARN] access - GET /temp/20180129131905/btn0_1517203163056.png
[2018-01-29 14:03:31.449] [WARN] access - GET /temp/20180129131905/btn_1517203154346.png
[2018-01-29 14:03:31.463] [WARN] access - GET /temp/20180129131905/btn0_1517203163056.png
[2018-01-29 14:05:57.320] [WARN] access - GET /temp/20180129131905/btn_1517203154346.png
[2018-01-29 14:05:57.351] [WARN] access - GET /temp/20180129131905/btn0_1517203163056.png
[2018-01-29 14:09:23.822] [WARN] access - GET /temp/20180129131905/btn0_1517203163056.png
[2018-01-29 14:09:23.835] [WARN] access - GET /temp/20180129131905/btn_1517203154346.png
[2018-01-29 14:09:34.372] [WARN] access - GET /temp/20180129131905/btn_1517203154346.png
[2018-01-29 14:09:34.381] [WARN] access - GET /temp/20180129131905/btn0_1517203163056.png
[2018-01-29 14:10:34.877] [WARN] access - GET /temp/20180129131905/btn_1517203154346.png
[2018-01-29 14:10:34.886] [WARN] access - GET /temp/20180129131905/btn0_1517203163056.png
[2018-01-29 14:10:51.286] [WARN] access - GET /temp/20180129131905/btn_1517203154346.png
[2018-01-29 14:10:51.299] [WARN] access - GET /temp/20180129131905/btn0_1517203163056.png
[2018-01-29 14:11:10.694] [WARN] access - GET /temp/20180129131905/btn_1517203154346.png
[2018-01-29 14:11:10.704] [WARN] access - GET /temp/20180129131905/btn0_1517203163056.png
[2018-01-29 14:11:16.322] [WARN] access - GET /temp/20180129131905/btn_1517203154346.png
[2018-01-29 14:11:16.327] [WARN] access - GET /temp/20180129131905/btn0_1517203163056.png
[2018-01-29 14:13:45.319] [WARN] access - GET /temp/20180129131905/btn_1517203154346.png
[2018-01-29 14:13:45.323] [WARN] access - GET /temp/20180129131905/btn0_1517203163056.png
[2018-01-29 14:13:46.813] [WARN] access - GET /temp/20180129131905/btn_1517203154346.png
[2018-01-29 14:13:46.822] [WARN] access - GET /temp/20180129131905/btn0_1517203163056.png
[2018-01-29 14:13:53.592] [WARN] access - GET /temp/20180129131905/btn_1517203154346.png
[2018-01-29 14:13:53.601] [WARN] access - GET /temp/20180129131905/btn0_1517203163056.png
[2018-01-29 14:14:10.518] [WARN] access - GET /temp/20180129131905/btn_1517203154346.png
[2018-01-29 14:14:10.523] [WARN] access - GET /temp/20180129131905/btn0_1517203163056.png
[2018-01-29 14:14:17.733] [WARN] access - GET /temp/20180129131905/btn_1517203154346.png
[2018-01-29 14:14:17.737] [WARN] access - GET /temp/20180129131905/btn0_1517203163056.png
[2018-01-29 14:15:58.282] [WARN] access - GET /temp/20180129131905/btn_1517203154346.png
[2018-01-29 14:15:58.287] [WARN] access - GET /temp/20180129131905/btn0_1517203163056.png
[2018-01-29 14:16:00.804] [WARN] access - GET /temp/20180129131905/btn_1517203154346.png
[2018-01-29 14:16:00.809] [WARN] access - GET /temp/20180129131905/btn0_1517203163056.png
[2018-01-29 14:16:02.880] [WARN] access - GET /temp/20180129131905/btn_1517203154346.png
[2018-01-29 14:16:02.887] [WARN] access - GET /temp/20180129131905/btn0_1517203163056.png
[2018-01-29 14:16:17.431] [WARN] access - GET /temp/20180129131905/btn_1517203154346.png
[2018-01-29 14:16:17.441] [WARN] access - GET /temp/20180129131905/btn0_1517203163056.png
[2018-01-29 14:16:23.887] [WARN] access - GET /temp/20180129131905/btn_1517203154346.png
[2018-01-29 14:16:23.897] [WARN] access - GET /temp/20180129131905/btn0_1517203163056.png
[2018-01-29 14:16:45.303] [WARN] access - GET /temp/20180129131905/btn_1517203154346.png
[2018-01-29 14:16:45.315] [WARN] access - GET /temp/20180129131905/btn0_1517203163056.png
[2018-01-29 14:17:04.493] [WARN] access - GET /temp/20180129131905/btn_1517203154346.png
[2018-01-29 14:17:04.497] [WARN] access - GET /temp/20180129131905/btn0_1517203163056.png
[2018-01-29 14:17:12.910] [WARN] access - GET /temp/20180129131905/btn_1517203154346.png
[2018-01-29 14:17:12.918] [WARN] access - GET /temp/20180129131905/btn0_1517203163056.png
[2018-01-29 14:19:20.984] [WARN] access - GET /temp/20180129131905/btn_1517203154346.png
[2018-01-29 14:19:20.990] [WARN] access - GET /temp/20180129131905/btn0_1517203163056.png
[2018-01-29 14:19:22.895] [WARN] access - GET /temp/20180129131905/btn_1517203154346.png
[2018-01-29 14:19:22.926] [WARN] access - GET /temp/20180129131905/btn0_1517203163056.png
[2018-01-29 14:19:26.265] [WARN] access - GET /temp/20180129131905/btn_1517203154346.png
[2018-01-29 14:19:26.282] [WARN] access - GET /temp/20180129131905/btn0_1517203163056.png
[2018-01-29 14:23:08.186] [WARN] access - GET /temp/20180129131905/btn_1517203154346.png
[2018-01-29 14:23:08.196] [WARN] access - GET /temp/20180129131905/btn0_1517203163056.png
[2018-01-29 14:23:32.879] [WARN] access - GET /temp/20180129131905/btn_1517203154346.png
[2018-01-29 14:23:32.883] [WARN] access - GET /temp/20180129131905/btn0_1517203163056.png
[2018-01-29 14:23:37.280] [WARN] access - GET /temp/20180129131905/btn_1517203154346.png
[2018-01-29 14:23:37.285] [WARN] access - GET /temp/20180129131905/btn0_1517203163056.png
[2018-01-29 14:23:39.706] [WARN] access - GET /temp/20180129131905/btn_1517203154346.png
[2018-01-29 14:23:39.711] [WARN] access - GET /temp/20180129131905/btn0_1517203163056.png
[2018-01-29 14:38:29.929] [WARN] access - GET /temp/20180129131905/btn_1517203154346.png
[2018-01-29 14:38:29.944] [WARN] access - GET /temp/20180129131905/btn0_1517203163056.png
[2018-01-29 14:38:32.648] [WARN] access - GET /temp/20180129131905/btn_1517203154346.png
[2018-01-29 14:38:32.652] [WARN] access - GET /temp/20180129131905/btn0_1517203163056.png
[2018-01-29 14:39:27.148] [WARN] access - GET /temp/20180129131905/btn_1517203154346.png
[2018-01-29 14:39:27.154] [WARN] access - GET /temp/20180129131905/btn0_1517203163056.png
[2018-01-29 14:40:09.481] [WARN] access - GET /temp/20180129131905/btn_1517203154346.png
[2018-01-29 14:40:09.501] [WARN] access - GET /temp/20180129131905/btn0_1517203163056.png
[2018-01-29 14:40:20.675] [WARN] access - GET /temp/20180129131905/btn_1517203154346.png
[2018-01-29 14:40:20.685] [WARN] access - GET /temp/20180129131905/btn0_1517203163056.png
[2018-01-29 14:40:21.471] [WARN] access - GET /temp/20180129131905/btn_1517203154346.png
[2018-01-29 14:40:21.476] [WARN] access - GET /temp/20180129131905/btn0_1517203163056.png
[2018-01-29 14:40:23.269] [WARN] access - GET /temp/20180129131905/btn_1517203154346.png
[2018-01-29 14:40:23.274] [WARN] access - GET /temp/20180129131905/btn0_1517203163056.png
[2018-01-29 14:51:16.767] [WARN] access - GET /temp/20180129131905/btn_1517203154346.png
[2018-01-29 14:51:16.772] [WARN] access - GET /temp/20180129131905/btn0_1517203163056.png
[2018-01-29 14:51:38.378] [WARN] access - GET /temp/20180129131905/btn_1517203154346.png
[2018-01-29 14:51:38.382] [WARN] access - GET /temp/20180129131905/btn0_1517203163056.png
[2018-01-29 17:59:38.009] [INFO] access - GET /api/act/tpl/50
[2018-01-29 18:00:45.958] [WARN] access - GET /api/act/components/lists?keys=
[2018-01-29 18:00:48.765] [WARN] access - GET /api/act/tpl/lists
[2018-01-29 18:00:48.814] [WARN] access - GET /images/act_tpl_image/1517197329483.png
[2018-01-29 18:00:48.820] [WARN] access - GET /images/act_tpl_image/1516789986163.png
[2018-01-29 18:00:48.825] [WARN] access - GET /images/act_tpl_image/1516700283859.png
[2018-01-29 18:02:55.598] [WARN] access - GET /api/menu/listsTree
[2018-01-29 18:02:55.602] [WARN] access - GET /api/user/userInfo
[2018-01-29 18:03:33.226] [WARN] access - GET /api/menu/listsTree
[2018-01-29 18:03:33.230] [WARN] access - GET /api/user/userInfo
[2018-01-29 18:06:53.838] [WARN] access - GET /api/menu/listsTree
[2018-01-29 18:06:53.842] [WARN] access - GET /api/user/userInfo
[2018-01-29 18:07:43.796] [WARN] access - GET /api/menu/listsTree
[2018-01-29 18:07:43.800] [WARN] access - GET /api/user/userInfo
[2018-01-29 18:08:07.176] [WARN] access - GET /api/menu/listsTree
[2018-01-29 18:08:07.180] [WARN] access - GET /api/user/userInfo
[2018-01-29 18:21:31.211] [WARN] access - GET /api/menu/listsTree
[2018-01-29 18:21:31.214] [WARN] access - GET /api/user/userInfo
[2018-01-29 18:26:02.793] [WARN] access - GET /api/menu/listsTree
[2018-01-29 18:26:02.802] [WARN] access - GET /api/user/userInfo
[2018-01-29 18:26:52.844] [WARN] access - GET /api/menu/listsTree
[2018-01-29 18:26:52.853] [WARN] access - GET /api/user/userInfo
[2018-01-29 18:28:42.031] [WARN] access - GET /api/menu/listsTree
[2018-01-29 18:28:42.036] [WARN] access - GET /api/user/userInfo
[2018-01-29 18:50:52.132] [WARN] access - GET /api/menu/listsTree
[2018-01-29 18:50:52.136] [WARN] access - GET /api/user/userInfo
[2018-01-29 18:51:27.403] [WARN] access - GET /api/menu/listsTree
[2018-01-29 18:51:27.407] [WARN] access - GET /api/user/userInfo
[2018-01-29 18:51:45.389] [WARN] access - GET /api/menu/listsTree
[2018-01-29 18:51:45.394] [WARN] access - GET /api/user/userInfo
[2018-01-29 18:55:33.102] [WARN] access - GET /api/menu/listsTree
[2018-01-29 18:55:33.107] [WARN] access - GET /api/user/userInfo
[2018-01-29 19:26:15.339] [WARN] access - GET /api/menu/listsTree
[2018-01-29 19:26:15.343] [WARN] access - GET /api/user/userInfo
[2018-01-29 19:26:59.195] [WARN] access - GET /api/menu/listsTree
[2018-01-29 19:26:59.199] [WARN] access - GET /api/user/userInfo
[2018-01-29 19:27:27.483] [WARN] access - GET /api/menu/listsTree
[2018-01-29 19:27:27.488] [WARN] access - GET /api/user/userInfo
[2018-01-29 19:27:46.570] [WARN] access - GET /api/menu/listsTree
[2018-01-29 19:27:46.574] [WARN] access - GET /api/user/userInfo
[2018-01-29 19:29:17.336] [WARN] access - GET /api/menu/listsTree
[2018-01-29 19:29:17.341] [WARN] access - GET /api/user/userInfo
[2018-01-29 19:42:58.742] [WARN] access - GET /api/menu/listsTree
[2018-01-29 19:42:58.757] [WARN] access - GET /api/user/userInfo
[2018-01-29 19:56:31.795] [WARN] access - GET /api/menu/listsTree
[2018-01-29 19:56:31.800] [WARN] access - GET /api/user/userInfo
[2018-01-29 19:57:05.910] [WARN] access - GET /api/menu/listsTree
[2018-01-29 19:57:05.914] [WARN] access - GET /api/user/userInfo
[2018-01-29 19:57:30.627] [WARN] access - GET /api/menu/listsTree
[2018-01-29 19:57:30.630] [WARN] access - GET /api/user/userInfo
[2018-01-29 20:24:58.670] [WARN] access - GET /api/menu/listsTree
[2018-01-29 20:24:58.676] [WARN] access - GET /api/user/userInfo
[2018-01-29 20:25:45.000] [WARN] access - GET /api/menu/listsTree
[2018-01-29 20:25:45.007] [WARN] access - GET /api/user/userInfo
[2018-01-29 20:48:37.453] [WARN] access - GET /api/menu/listsTree
[2018-01-29 20:48:37.459] [WARN] access - GET /api/user/userInfo
[2018-01-29 20:55:02.939] [WARN] access - GET /api/menu/listsTree
[2018-01-29 20:55:02.944] [WARN] access - GET /api/user/userInfo
[2018-01-29 20:56:23.208] [WARN] access - GET /api/menu/listsTree
[2018-01-29 20:56:23.212] [WARN] access - GET /api/user/userInfo
[2018-01-29 20:57:36.040] [WARN] access - GET /api/menu/listsTree
[2018-01-29 20:57:36.045] [WARN] access - GET /api/user/userInfo
