[2018-04-24 10:05:37.018] [WARN] access - GET /api/user/userInfo
[2018-04-24 10:05:37.033] [WARN] access - GET /api/menu/listsTree
[2018-04-24 10:05:38.013] [WARN] access - GET /api/menu/listsTree
[2018-04-24 10:05:38.019] [WARN] access - GET /api/user/userInfo
[2018-04-24 10:05:38.265] [WARN] access - GET /api/menu/listsTree
[2018-04-24 10:05:38.272] [WARN] access - GET /api/user/userInfo
[2018-04-24 10:05:38.785] [WARN] access - GET /api/menu/listsTree
[2018-04-24 10:05:38.870] [WARN] access - GET /api/user/userInfo
[2018-04-24 10:05:38.879] [WARN] access - GET /api/contracts/lists?keys=
[2018-04-24 10:05:39.312] [INFO] access - GET /api/rule/alllists
[2018-04-24 10:05:39.346] [INFO] access - GET /api/rule/lists?keys=
[2018-04-24 10:06:30.899] [WARN] access - GET /api/user/userInfo
[2018-04-24 10:06:30.920] [WARN] access - GET /api/menu/listsTree
[2018-04-24 10:06:30.962] [WARN] access - GET /api/contracts/lists?keys=
[2018-04-24 10:06:31.995] [WARN] access - GET /api/menu/listsTree
[2018-04-24 10:06:31.999] [WARN] access - GET /api/user/userInfo
[2018-04-24 10:06:32.051] [WARN] access - GET /api/contracts/lists?keys=
[2018-04-24 10:07:03.958] [WARN] access - GET /api/menu/listsTree
[2018-04-24 10:07:03.965] [WARN] access - GET /api/user/userInfo
[2018-04-24 10:07:03.995] [WARN] access - GET /api/contracts/lists?keys=
[2018-04-24 10:07:05.404] [WARN] access - GET /api/menu/listsTree
[2018-04-24 10:07:05.408] [WARN] access - GET /api/user/userInfo
[2018-04-24 10:07:05.463] [WARN] access - GET /api/contracts/lists?keys=
[2018-04-24 10:07:16.164] [WARN] access - GET /api/operate/lists?pageSize=20&pageNumber=1&appCode=100001
[2018-04-24 10:10:44.223] [WARN] access - GET /api/contracts/vm/lists?keys=
[2018-04-24 10:10:44.257] [WARN] access - GET /api/contracts/type/lists?keys=
[2018-04-24 10:10:50.696] [WARN] access - GET /api/contracts/lists?keys=
[2018-04-24 10:21:46.961] [INFO] access - GET /api/contracts/vm/lists?keys=
[2018-04-24 10:21:46.994] [WARN] access - GET /api/contracts/type/lists?keys=
[2018-04-24 10:28:27.308] [INFO] access - GET /api/contracts/type/lists
[2018-04-24 10:28:27.315] [INFO] access - GET /api/contracts/vm/lists
[2018-04-24 10:28:31.539] [INFO] access - GET /api/contracts/vm/lists?keys=
[2018-04-24 10:28:31.635] [WARN] access - GET /api/contracts/type/lists?keys=
[2018-04-24 10:41:38.611] [WARN] access - GET /api/menu/listsTree
[2018-04-24 10:41:38.618] [WARN] access - GET /api/user/userInfo
[2018-04-24 10:41:39.352] [WARN] access - GET /api/menu/listsTree
[2018-04-24 10:41:39.356] [WARN] access - GET /api/user/userInfo
[2018-04-24 10:41:39.550] [WARN] access - GET /api/menu/listsTree
[2018-04-24 10:41:39.556] [WARN] access - GET /api/user/userInfo
[2018-04-24 10:41:39.866] [WARN] access - GET /api/contracts/vm/lists?keys=
[2018-04-24 10:41:39.899] [WARN] access - GET /api/menu/listsTree
[2018-04-24 10:41:39.903] [WARN] access - GET /api/user/userInfo
[2018-04-24 10:41:40.087] [WARN] access - GET /api/contracts/type/lists?keys=
[2018-04-24 10:41:40.360] [WARN] access - GET /api/rule/alllists
[2018-04-24 10:41:40.371] [WARN] access - GET /api/rule/lists?keys=
[2018-04-24 10:42:17.507] [INFO] access - GET /api/contracts/vm/lists?keys=&pageIndex=2
[2018-04-24 10:42:17.534] [WARN] access - GET /api/contracts/type/lists?keys=
[2018-04-24 10:42:19.992] [INFO] access - GET /api/contracts/vm/lists?keys=&pageIndex=1
[2018-04-24 10:42:20.017] [WARN] access - GET /api/contracts/type/lists?keys=
[2018-04-24 10:42:23.986] [INFO] access - GET /api/contracts/vm/lists?keys=&pageIndex=1&pageSize=30
[2018-04-24 10:42:24.010] [WARN] access - GET /api/contracts/type/lists?keys=
[2018-04-24 10:42:30.490] [INFO] access - GET /api/contracts/vm/lists?keys=&pageIndex=1&pageSize=15
[2018-04-24 10:42:30.521] [WARN] access - GET /api/contracts/type/lists?keys=
[2018-04-24 10:43:18.271] [WARN] access - GET /api/menu/listsTree
[2018-04-24 10:43:18.278] [WARN] access - GET /api/user/userInfo
[2018-04-24 10:43:18.296] [INFO] access - GET /api/contracts/vm/lists?keys=
[2018-04-24 10:43:18.475] [WARN] access - GET /api/contracts/type/lists?keys=
[2018-04-24 10:43:30.890] [INFO] access - PUT /api/contracts/vm/38
[2018-04-24 10:43:30.914] [INFO] access - GET /api/contracts/vm/lists?keys=&pageIndex=1&pageSize=15
[2018-04-24 10:43:30.950] [WARN] access - GET /api/contracts/type/lists?keys=
[2018-04-24 10:44:24.725] [INFO] access - PUT /api/contracts/vm/38
[2018-04-24 10:44:24.750] [INFO] access - GET /api/contracts/vm/lists?keys=&pageIndex=1&pageSize=15
[2018-04-24 10:44:24.785] [WARN] access - GET /api/contracts/type/lists?keys=
[2018-04-24 10:45:11.015] [WARN] access - GET /api/contracts/type/lists?keys=
[2018-04-24 10:46:01.419] [WARN] access - GET /api/contracts/lists?keys=
[2018-04-24 10:46:09.990] [WARN] access - GET /api/contracts/type/lists?keys=
[2018-04-24 10:46:17.628] [INFO] access - PUT /api/contracts/type/2
[2018-04-24 10:46:17.653] [INFO] access - GET /api/contracts/type/lists?keys=
[2018-04-24 10:46:22.118] [INFO] access - GET /api/contracts/vm/lists?keys=
[2018-04-24 10:46:22.143] [WARN] access - GET /api/contracts/type/lists?keys=
[2018-04-24 10:48:55.486] [WARN] access - GET /api/contracts/type/lists?keys=
[2018-04-24 10:50:20.406] [WARN] access - GET /api/contracts/lists?keys=
[2018-04-24 10:55:17.836] [INFO] access - GET /api/contracts/vm/lists?keys=
[2018-04-24 10:55:17.859] [WARN] access - GET /api/contracts/type/lists?keys=
[2018-04-24 10:59:00.524] [ERROR] access - POST /api/contracts/vm/add
[2018-04-24 16:14:00.249] [INFO] access - GET /api/contracts/vm/lists?keys=
[2018-04-24 16:14:01.957] [INFO] access - GET /api/contracts/type/lists?keys=
[2018-04-24 16:14:08.895] [WARN] access - GET /api/menu/listsTree
[2018-04-24 16:14:08.902] [WARN] access - GET /api/user/userInfo
[2018-04-24 16:14:09.871] [WARN] access - GET /api/menu/listsTree
[2018-04-24 16:14:09.877] [WARN] access - GET /api/user/userInfo
[2018-04-24 16:14:10.166] [WARN] access - GET /api/contracts/vm/lists?keys=
[2018-04-24 16:14:10.294] [WARN] access - GET /api/menu/listsTree
[2018-04-24 16:14:10.299] [WARN] access - GET /api/user/userInfo
[2018-04-24 16:14:10.321] [WARN] access - GET /api/contracts/type/lists?keys=
[2018-04-24 16:14:10.797] [WARN] access - GET /api/rule/alllists
[2018-04-24 16:14:10.823] [WARN] access - GET /api/rule/lists?keys=
[2018-04-24 16:14:16.552] [WARN] access - GET /api/menu/listsTree
[2018-04-24 16:14:16.556] [WARN] access - GET /api/user/userInfo
[2018-04-24 16:14:16.796] [WARN] access - GET /api/contracts/vm/lists?keys=
[2018-04-24 16:14:16.928] [WARN] access - GET /api/contracts/type/lists?keys=
[2018-04-24 16:14:23.497] [WARN] access - GET /api/contracts/type/lists?keys=
[2018-04-24 16:14:29.343] [INFO] access - PUT /api/contracts/type/2
[2018-04-24 16:14:29.368] [INFO] access - GET /api/contracts/type/lists?keys=
[2018-04-24 16:14:32.011] [INFO] access - GET /api/contracts/vm/lists?keys=
[2018-04-24 16:14:32.037] [WARN] access - GET /api/contracts/type/lists?keys=
[2018-04-24 16:14:33.370] [WARN] access - GET /api/menu/listsTree
[2018-04-24 16:14:33.406] [WARN] access - GET /api/user/userInfo
[2018-04-24 16:14:33.417] [INFO] access - GET /api/rule/alllists
[2018-04-24 16:14:33.427] [INFO] access - GET /api/rule/lists?keys=
[2018-04-24 16:14:36.916] [WARN] access - GET /api/contracts/type/lists?keys=
[2018-04-24 16:14:39.687] [INFO] access - GET /api/contracts/vm/lists?keys=
[2018-04-24 16:14:41.244] [WARN] access - GET /api/menu/listsTree
[2018-04-24 16:14:41.250] [WARN] access - GET /api/user/userInfo
[2018-04-24 16:14:41.275] [INFO] access - GET /api/contracts/vm/lists?keys=
[2018-04-24 16:14:41.590] [INFO] access - GET /api/contracts/type/lists?keys=
[2018-04-24 16:14:41.896] [INFO] access - PUT /api/contracts/type/2
[2018-04-24 16:14:41.931] [INFO] access - GET /api/contracts/type/lists?keys=
[2018-04-24 16:14:50.662] [INFO] access - PUT /api/contracts/type/2
[2018-04-24 16:14:50.695] [INFO] access - GET /api/contracts/type/lists?keys=
[2018-04-24 16:14:53.026] [INFO] access - GET /api/contracts/vm/lists?keys=
[2018-04-24 16:14:53.065] [WARN] access - GET /api/contracts/type/lists?keys=
[2018-04-24 16:15:03.397] [WARN] access - GET /api/contracts/lists?keys=
[2018-04-24 16:15:05.460] [WARN] access - GET /api/contracts/type/lists?keys=
[2018-04-24 16:15:10.567] [INFO] access - PUT /api/contracts/type/2
[2018-04-24 16:15:10.592] [INFO] access - GET /api/contracts/type/lists?keys=
[2018-04-24 16:15:14.135] [WARN] access - GET /api/contracts/vm/lists?keys=
[2018-04-24 16:15:14.337] [WARN] access - GET /api/contracts/type/lists?keys=
[2018-04-24 16:16:19.617] [INFO] access - POST /api/contracts/vm/add
[2018-04-24 16:16:19.649] [WARN] access - GET /api/contracts/vm/lists?keys=
[2018-04-24 16:16:19.682] [WARN] access - GET /api/contracts/type/lists?keys=
[2018-04-24 16:16:43.837] [INFO] access - PUT /api/contracts/vm/37
[2018-04-24 16:16:43.866] [INFO] access - GET /api/contracts/vm/lists?keys=
[2018-04-24 16:16:43.907] [WARN] access - GET /api/contracts/type/lists?keys=
[2018-04-24 16:16:55.537] [INFO] access - PUT /api/contracts/vm/37
[2018-04-24 16:16:55.564] [WARN] access - GET /api/contracts/vm/lists?keys=
[2018-04-24 16:16:55.604] [WARN] access - GET /api/contracts/type/lists?keys=
[2018-04-24 16:17:24.141] [INFO] access - DELETE /api/contracts/vm/17
[2018-04-24 16:17:24.165] [INFO] access - GET /api/contracts/vm/lists?keys=
[2018-04-24 16:17:24.192] [WARN] access - GET /api/contracts/type/lists?keys=
[2018-04-24 16:17:30.841] [INFO] access - DELETE /api/contracts/vm/23
[2018-04-24 16:17:30.867] [INFO] access - GET /api/contracts/vm/lists?keys=
[2018-04-24 16:17:30.893] [WARN] access - GET /api/contracts/type/lists?keys=
[2018-04-24 16:17:33.744] [INFO] access - GET /api/contracts/vm/lists?keys=&pageIndex=2
[2018-04-24 16:17:33.768] [WARN] access - GET /api/contracts/type/lists?keys=
[2018-04-24 16:17:35.542] [INFO] access - GET /api/contracts/vm/lists?keys=&pageIndex=1
[2018-04-24 16:17:35.574] [WARN] access - GET /api/contracts/type/lists?keys=
[2018-04-24 16:17:41.895] [WARN] access - GET /api/contracts/lists?keys=
[2018-04-24 16:17:44.104] [INFO] access - GET /api/contracts/type/lists
[2018-04-24 16:17:44.109] [INFO] access - GET /api/contracts/vm/lists
[2018-04-24 16:18:00.026] [WARN] access - GET /api/contracts/vm/lists?keys=
[2018-04-24 16:18:00.056] [WARN] access - GET /api/contracts/type/lists?keys=
[2018-04-24 16:18:01.466] [WARN] access - GET /api/contracts/lists?keys=
[2018-04-24 16:35:12.402] [INFO] access - GET /api/news/type/search?name=
[2018-04-24 16:35:12.408] [WARN] access - GET /api/news/type/alllists
[2018-04-24 16:36:21.882] [INFO] access - POST /api/news/type/add
[2018-04-24 16:36:51.927] [INFO] access - POST /api/news/type/add
[2018-04-24 16:43:59.083] [WARN] access - GET /api/news/type/alllists
[2018-04-24 16:43:59.102] [INFO] access - GET /api/news/seo/lists?keys=&pageSize=15&pageIndex=1
[2018-04-24 16:44:11.259] [WARN] access - GET /api/news/lists?keys=&pageIndex=1&pageSize=15
[2018-04-24 16:44:14.291] [WARN] access - GET /api/contracts/vm/lists?keys=
[2018-04-24 16:44:14.323] [WARN] access - GET /api/contracts/type/lists?keys=
[2018-04-24 16:44:17.291] [WARN] access - GET /api/contracts/lists?keys=
[2018-04-24 16:44:18.317] [WARN] access - GET /api/contracts/history/lists?keys=&pageSize=15&pageIndex=1
[2018-04-24 16:44:19.916] [WARN] access - GET /api/contracts/lists?keys=
[2018-04-24 16:44:20.718] [WARN] access - GET /api/contracts/history/lists?keys=&pageSize=15&pageIndex=1
[2018-04-24 16:44:21.386] [WARN] access - GET /api/contracts/type/lists?keys=
[2018-04-24 16:44:22.271] [WARN] access - GET /api/contracts/history/lists?keys=&pageSize=15&pageIndex=1
[2018-04-24 17:20:23.870] [WARN] access - GET /api/dep/lists?keys=
[2018-04-24 17:20:23.878] [WARN] access - GET /api/dep/treeList
[2018-04-24 17:20:29.984] [INFO] access - GET /api/roles/lists?keys=&pageIndex=1&pageSize=15
[2018-04-24 17:20:29.991] [WARN] access - GET /api/dep/treeList
[2018-04-24 17:20:40.495] [WARN] access - GET /api/dep/treeList
[2018-04-24 17:20:40.501] [INFO] access - GET /api/user/lists?keys=&pageSize=15&pageIndex=1
[2018-04-24 17:20:44.837] [WARN] access - GET /api/rule/alllists
[2018-04-24 17:20:44.857] [WARN] access - GET /api/rule/lists?keys=
[2018-04-24 17:20:50.961] [WARN] access - GET /api/user/lists?keys=&pageSize=15&pageIndex=1
[2018-04-24 17:20:50.966] [WARN] access - GET /api/dep/treeList
[2018-04-24 17:20:54.345] [WARN] access - GET /api/roles/lists?keys=&pageIndex=1&pageSize=15
[2018-04-24 17:20:54.381] [WARN] access - GET /api/dep/treeList
[2018-04-24 17:20:56.078] [INFO] access - GET /api/rule/rulelists
[2018-04-24 17:20:56.085] [INFO] access - GET /api/roles/edit/3?id=3
[2018-04-24 18:06:34.065] [WARN] access - GET /api/user/userInfo
[2018-04-24 18:06:34.086] [WARN] access - GET /api/menu/listsTree
[2018-04-24 18:06:35.547] [WARN] access - GET /api/menu/listsTree
[2018-04-24 18:06:35.553] [WARN] access - GET /api/user/userInfo
[2018-04-24 18:06:35.860] [WARN] access - GET /api/rule/alllists
[2018-04-24 18:06:35.879] [WARN] access - GET /api/rule/lists?keys=
[2018-04-24 18:06:39.418] [INFO] access - GET /api/contracts/vm/lists?keys=
[2018-04-24 18:06:39.455] [INFO] access - GET /api/contracts/type/lists?keys=
[2018-04-24 18:06:45.893] [WARN] access - GET /api/rule/alllists
[2018-04-24 18:06:45.920] [WARN] access - GET /api/rule/lists?keys=
[2018-04-24 18:06:46.804] [WARN] access - GET /api/menu/listsTree
[2018-04-24 18:06:46.845] [WARN] access - GET /api/user/userInfo
[2018-04-24 18:06:46.853] [WARN] access - GET /api/rule/alllists
[2018-04-24 18:06:46.867] [WARN] access - GET /api/rule/lists?keys=
[2018-04-24 18:06:49.784] [INFO] access - GET /api/contracts/vm/lists?keys=&pageIndex=2
[2018-04-24 18:06:49.817] [WARN] access - GET /api/contracts/type/lists?keys=
[2018-04-24 18:06:51.877] [INFO] access - GET /api/contracts/vm/lists?keys=&pageIndex=1
[2018-04-24 18:06:51.919] [WARN] access - GET /api/contracts/type/lists?keys=
[2018-04-24 18:06:53.829] [WARN] access - GET /api/contracts/vm/lists?keys=
[2018-04-24 18:06:54.785] [WARN] access - GET /api/menu/listsTree
[2018-04-24 18:06:54.794] [WARN] access - GET /api/user/userInfo
[2018-04-24 18:06:54.831] [INFO] access - GET /api/contracts/vm/lists?keys=
[2018-04-24 18:06:55.022] [WARN] access - GET /api/contracts/type/lists?keys=
[2018-04-24 18:07:01.007] [INFO] access - POST /api/contracts/vm/add
[2018-04-24 18:07:01.048] [INFO] access - GET /api/contracts/vm/lists?keys=&pageIndex=1
[2018-04-24 18:07:01.112] [WARN] access - GET /api/contracts/type/lists?keys=
[2018-04-24 18:07:16.502] [INFO] access - PUT /api/contracts/vm/43
[2018-04-24 18:07:16.529] [INFO] access - GET /api/contracts/vm/lists?keys=&pageIndex=1
[2018-04-24 18:07:16.586] [WARN] access - GET /api/contracts/type/lists?keys=
[2018-04-24 18:07:25.720] [INFO] access - PUT /api/contracts/vm/43
[2018-04-24 18:07:39.792] [INFO] access - PUT /api/contracts/vm/43
[2018-04-24 18:07:39.824] [INFO] access - GET /api/contracts/vm/lists?keys=&pageIndex=1
[2018-04-24 18:07:39.875] [WARN] access - GET /api/contracts/type/lists?keys=
[2018-04-24 18:07:45.278] [INFO] access - DELETE /api/contracts/vm/43
[2018-04-24 18:07:45.328] [INFO] access - GET /api/contracts/vm/lists?keys=&pageIndex=1
[2018-04-24 18:07:45.365] [WARN] access - GET /api/contracts/type/lists?keys=
[2018-04-24 18:07:48.937] [INFO] access - DELETE /api/contracts/vm/21
[2018-04-24 18:07:48.984] [INFO] access - GET /api/contracts/vm/lists?keys=&pageIndex=1
[2018-04-24 18:07:49.019] [WARN] access - GET /api/contracts/type/lists?keys=
[2018-04-24 18:07:52.164] [WARN] access - GET /api/contracts/lists?keys=
[2018-04-24 18:07:56.041] [INFO] access - GET /api/contracts/vm/lists?keys=
[2018-04-24 18:07:56.079] [WARN] access - GET /api/contracts/type/lists?keys=
[2018-04-24 18:07:57.820] [WARN] access - GET /api/contracts/lists?keys=
[2018-04-24 18:09:52.982] [WARN] access - GET /api/contracts/vm/lists?keys=
[2018-04-24 18:09:53.022] [WARN] access - GET /api/contracts/type/lists?keys=
[2018-04-24 18:09:54.204] [WARN] access - GET /api/contracts/lists?keys=
[2018-04-24 18:11:33.459] [WARN] access - GET /api/menu/listsTree
[2018-04-24 18:11:33.467] [WARN] access - GET /api/user/userInfo
[2018-04-24 18:11:34.149] [WARN] access - GET /api/contracts/lists?keys=
[2018-04-24 18:11:34.502] [WARN] access - GET /api/menu/listsTree
[2018-04-24 18:11:34.508] [WARN] access - GET /api/user/userInfo
[2018-04-24 18:11:34.579] [WARN] access - GET /api/contracts/lists?keys=
[2018-04-24 18:11:47.117] [WARN] access - GET /api/menu/listsTree
[2018-04-24 18:11:47.131] [WARN] access - GET /api/user/userInfo
[2018-04-24 18:11:47.167] [WARN] access - GET /api/contracts/lists?keys=
[2018-04-24 18:12:01.825] [WARN] access - GET /api/menu/listsTree
[2018-04-24 18:12:01.843] [WARN] access - GET /api/user/userInfo
[2018-04-24 18:12:01.858] [WARN] access - GET /api/contracts/lists?keys=
[2018-04-24 18:13:13.325] [WARN] access - GET /api/menu/listsTree
[2018-04-24 18:13:13.333] [WARN] access - GET /api/user/userInfo
[2018-04-24 18:13:13.558] [WARN] access - GET /api/contracts/lists?keys=
[2018-04-24 18:13:33.318] [WARN] access - GET /api/contracts/type/lists?keys=
[2018-04-24 18:13:38.104] [WARN] access - GET /api/contracts/history/lists?keys=&pageSize=15&pageIndex=1
[2018-04-24 18:13:41.843] [WARN] access - GET /api/contracts/lists?keys=
[2018-04-24 18:13:43.044] [INFO] access - GET /api/contracts/vm/lists?keys=
[2018-04-24 18:13:43.077] [WARN] access - GET /api/contracts/type/lists?keys=
[2018-04-24 18:18:05.392] [WARN] access - GET /api/menu/listsTree
[2018-04-24 18:18:05.398] [WARN] access - GET /api/user/userInfo
[2018-04-24 18:18:08.482] [INFO] access - GET /api/config/lists?keys=&pageSize=15&pageIndex=1
[2018-04-24 18:18:11.361] [INFO] access - GET /api/logs/lists?keys=&pageSize=15&pageIndex=1
[2018-04-24 18:18:11.977] [WARN] access - GET /api/config/lists?keys=&pageSize=15&pageIndex=1
[2018-04-24 18:18:12.882] [WARN] access - GET /api/menu/listsTree
[2018-04-24 18:18:12.887] [WARN] access - GET /api/menu/lists?keys=
[2018-04-24 18:18:12.903] [WARN] access - GET /api/menu/listsTree
[2018-04-24 18:18:32.942] [INFO] access - PUT /api/menu/18
[2018-04-24 18:18:32.971] [INFO] access - GET /api/menu/listsTree
[2018-04-24 18:18:32.984] [INFO] access - GET /api/menu/lists?keys=
[2018-04-24 18:18:32.988] [WARN] access - GET /api/menu/listsTree
[2018-04-24 18:23:24.488] [WARN] access - GET /api/contracts/vm/lists?keys=
[2018-04-24 18:23:24.517] [WARN] access - GET /api/contracts/type/lists?keys=
[2018-04-24 18:50:08.488] [INFO] access - POST /api/contracts/vm/add
[2018-04-24 18:50:08.526] [INFO] access - GET /api/contracts/vm/lists?keys=
[2018-04-24 18:50:08.608] [WARN] access - GET /api/contracts/type/lists?keys=
[2018-04-24 18:51:09.392] [INFO] access - PUT /api/contracts/vm/43
[2018-04-24 19:13:49.840] [WARN] access - GET /api/user/userInfo
[2018-04-24 19:13:49.845] [WARN] access - GET /api/menu/listsTree
[2018-04-24 19:13:50.089] [INFO] access - GET /api/contracts/vm/lists?keys=
[2018-04-24 19:13:50.230] [WARN] access - GET /api/contracts/type/lists?keys=
[2018-04-24 19:13:57.130] [INFO] access - PUT /api/contracts/vm/44
[2018-04-24 19:13:57.153] [INFO] access - GET /api/contracts/vm/lists?keys=
[2018-04-24 19:13:57.198] [WARN] access - GET /api/contracts/type/lists?keys=
[2018-04-24 19:19:08.826] [WARN] access - GET /api/user/userInfo
[2018-04-24 19:19:08.835] [WARN] access - GET /api/menu/listsTree
[2018-04-24 19:19:08.973] [WARN] access - GET /api/contracts/vm/lists?keys=
[2018-04-24 19:19:09.076] [WARN] access - GET /api/contracts/type/lists?keys=
[2018-04-24 19:19:22.544] [INFO] access - PUT /api/contracts/vm/44
[2018-04-24 19:19:22.568] [INFO] access - GET /api/contracts/vm/lists?keys=
[2018-04-24 19:19:22.600] [WARN] access - GET /api/contracts/type/lists?keys=
[2018-04-24 19:19:30.540] [INFO] access - PUT /api/contracts/vm/44
[2018-04-24 19:19:43.036] [INFO] access - PUT /api/contracts/vm/44
[2018-04-24 19:19:43.066] [INFO] access - GET /api/contracts/vm/lists?keys=
[2018-04-24 19:19:43.093] [WARN] access - GET /api/contracts/type/lists?keys=
[2018-04-24 19:19:50.041] [INFO] access - PUT /api/contracts/vm/44
[2018-04-24 19:19:50.069] [INFO] access - GET /api/contracts/vm/lists?keys=
[2018-04-24 19:19:50.098] [WARN] access - GET /api/contracts/type/lists?keys=
[2018-04-24 19:20:02.834] [INFO] access - PUT /api/contracts/vm/44
[2018-04-24 19:20:02.877] [INFO] access - GET /api/contracts/vm/lists?keys=
[2018-04-24 19:20:02.907] [WARN] access - GET /api/contracts/type/lists?keys=
[2018-04-24 19:30:19.557] [INFO] access - PUT /api/contracts/vm/44
[2018-04-24 19:30:25.052] [INFO] access - PUT /api/contracts/vm/44
[2018-04-24 19:30:25.082] [INFO] access - GET /api/contracts/vm/lists?keys=
[2018-04-24 19:30:25.106] [WARN] access - GET /api/contracts/type/lists?keys=
[2018-04-24 19:30:54.202] [WARN] access - GET /api/contracts/vm/lists?keys=
[2018-04-24 19:30:54.224] [WARN] access - GET /api/contracts/type/lists?keys=
[2018-04-24 19:31:00.566] [INFO] access - PUT /api/contracts/vm/44
[2018-04-24 19:31:00.587] [INFO] access - GET /api/contracts/vm/lists?keys=
[2018-04-24 19:31:00.617] [WARN] access - GET /api/contracts/type/lists?keys=
[2018-04-24 19:34:50.705] [WARN] access - GET /api/menu/listsTree
[2018-04-24 19:34:50.710] [WARN] access - GET /api/user/userInfo
[2018-04-24 19:34:50.949] [INFO] access - GET /api/contracts/vm/lists?keys=
[2018-04-24 19:34:51.054] [WARN] access - GET /api/contracts/type/lists?keys=
[2018-04-24 19:35:16.105] [WARN] access - GET /api/menu/listsTree
[2018-04-24 19:35:16.117] [WARN] access - GET /api/user/userInfo
[2018-04-24 19:35:16.353] [INFO] access - GET /api/contracts/vm/lists?keys=
[2018-04-24 19:35:16.465] [WARN] access - GET /api/contracts/type/lists?keys=
[2018-04-24 19:35:54.478] [WARN] access - GET /api/menu/listsTree
[2018-04-24 19:35:54.483] [WARN] access - GET /api/user/userInfo
[2018-04-24 19:35:54.715] [WARN] access - GET /api/contracts/vm/lists?keys=
[2018-04-24 19:35:54.838] [WARN] access - GET /api/contracts/type/lists?keys=
[2018-04-24 19:36:06.914] [INFO] access - PUT /api/contracts/vm/44
[2018-04-24 19:36:06.938] [INFO] access - GET /api/contracts/vm/lists?keys=
[2018-04-24 19:36:06.985] [WARN] access - GET /api/contracts/type/lists?keys=
[2018-04-24 19:36:12.469] [INFO] access - PUT /api/contracts/vm/44
[2018-04-24 19:36:12.491] [INFO] access - GET /api/contracts/vm/lists?keys=
[2018-04-24 19:36:12.523] [WARN] access - GET /api/contracts/type/lists?keys=
[2018-04-24 19:36:24.313] [WARN] access - GET /api/menu/listsTree
[2018-04-24 19:36:24.318] [WARN] access - GET /api/user/userInfo
[2018-04-24 19:36:24.565] [WARN] access - GET /api/contracts/vm/lists?keys=
[2018-04-24 19:36:24.688] [WARN] access - GET /api/contracts/type/lists?keys=
[2018-04-24 19:36:31.104] [INFO] access - PUT /api/contracts/vm/44
[2018-04-24 19:36:31.125] [INFO] access - GET /api/contracts/vm/lists?keys=
[2018-04-24 19:36:31.157] [WARN] access - GET /api/contracts/type/lists?keys=
[2018-04-24 19:37:53.956] [WARN] access - GET /api/menu/listsTree
[2018-04-24 19:37:53.960] [WARN] access - GET /api/user/userInfo
[2018-04-24 19:37:54.209] [WARN] access - GET /api/contracts/vm/lists?keys=
[2018-04-24 19:37:54.343] [WARN] access - GET /api/contracts/type/lists?keys=
[2018-04-24 19:38:29.024] [WARN] access - GET /api/menu/listsTree
[2018-04-24 19:38:29.028] [WARN] access - GET /api/user/userInfo
[2018-04-24 19:38:29.259] [WARN] access - GET /api/contracts/vm/lists?keys=
[2018-04-24 19:38:29.388] [WARN] access - GET /api/contracts/type/lists?keys=
[2018-04-24 19:38:34.332] [INFO] access - PUT /api/contracts/vm/44
[2018-04-24 19:38:34.354] [INFO] access - GET /api/contracts/vm/lists?keys=
[2018-04-24 19:38:34.388] [WARN] access - GET /api/contracts/type/lists?keys=
[2018-04-24 19:41:54.292] [WARN] access - GET /api/menu/listsTree
[2018-04-24 19:41:54.297] [WARN] access - GET /api/user/userInfo
[2018-04-24 19:41:54.513] [WARN] access - GET /api/contracts/vm/lists?keys=
[2018-04-24 19:41:54.612] [WARN] access - GET /api/contracts/type/lists?keys=
[2018-04-24 19:42:05.974] [INFO] access - PUT /api/contracts/vm/44
[2018-04-24 19:42:05.992] [INFO] access - GET /api/contracts/vm/lists?keys=
[2018-04-24 19:42:06.020] [WARN] access - GET /api/contracts/type/lists?keys=
[2018-04-24 19:44:05.278] [WARN] access - GET /api/menu/listsTree
[2018-04-24 19:44:05.281] [WARN] access - GET /api/user/userInfo
[2018-04-24 19:44:05.492] [WARN] access - GET /api/contracts/vm/lists?keys=
[2018-04-24 19:44:05.597] [WARN] access - GET /api/contracts/type/lists?keys=
[2018-04-24 19:44:11.512] [INFO] access - PUT /api/contracts/vm/44
[2018-04-24 19:44:11.535] [INFO] access - GET /api/contracts/vm/lists?keys=
[2018-04-24 19:44:11.562] [WARN] access - GET /api/contracts/type/lists?keys=
[2018-04-24 19:46:00.608] [WARN] access - GET /api/menu/listsTree
[2018-04-24 19:46:00.612] [WARN] access - GET /api/user/userInfo
[2018-04-24 19:46:00.901] [WARN] access - GET /api/contracts/vm/lists?keys=
[2018-04-24 19:46:01.061] [WARN] access - GET /api/contracts/type/lists?keys=
[2018-04-24 19:46:17.559] [WARN] access - GET /api/menu/listsTree
[2018-04-24 19:46:17.563] [WARN] access - GET /api/user/userInfo
[2018-04-24 19:46:17.777] [WARN] access - GET /api/contracts/vm/lists?keys=
[2018-04-24 19:46:17.888] [WARN] access - GET /api/contracts/type/lists?keys=
[2018-04-24 19:47:01.283] [WARN] access - GET /api/menu/listsTree
[2018-04-24 19:47:01.288] [WARN] access - GET /api/user/userInfo
[2018-04-24 19:47:01.541] [WARN] access - GET /api/contracts/vm/lists?keys=
[2018-04-24 19:47:01.674] [WARN] access - GET /api/contracts/type/lists?keys=
[2018-04-24 19:47:33.344] [WARN] access - GET /api/menu/listsTree
[2018-04-24 19:47:33.348] [WARN] access - GET /api/user/userInfo
[2018-04-24 19:47:33.592] [WARN] access - GET /api/contracts/vm/lists?keys=
[2018-04-24 19:47:33.729] [WARN] access - GET /api/contracts/type/lists?keys=
[2018-04-24 19:49:06.998] [WARN] access - GET /api/menu/listsTree
[2018-04-24 19:49:07.002] [WARN] access - GET /api/user/userInfo
[2018-04-24 19:49:07.244] [WARN] access - GET /api/contracts/vm/lists?keys=
[2018-04-24 19:49:07.352] [WARN] access - GET /api/contracts/type/lists?keys=
[2018-04-24 19:50:20.677] [WARN] access - GET /api/contracts/vm/lists?keys=
[2018-04-24 19:50:20.928] [WARN] access - GET /api/contracts/type/lists?keys=
[2018-04-24 19:50:39.533] [WARN] access - GET /api/contracts/vm/lists?keys=
[2018-04-24 19:50:39.557] [WARN] access - GET /api/contracts/type/lists?keys=
[2018-04-24 19:50:44.426] [WARN] access - GET /api/contracts/vm/lists?keys=
[2018-04-24 19:50:53.789] [WARN] access - GET /api/contracts/vm/lists?keys=
[2018-04-24 19:50:53.832] [WARN] access - GET /api/contracts/type/lists?keys=
[2018-04-24 19:51:43.998] [INFO] access - PUT /api/contracts/vm/44
[2018-04-24 19:51:44.020] [INFO] access - GET /api/contracts/vm/lists?keys=
[2018-04-24 19:51:52.482] [INFO] access - PUT /api/contracts/vm/43
[2018-04-24 19:51:52.501] [INFO] access - GET /api/contracts/vm/lists?keys=
[2018-04-24 19:53:05.479] [WARN] access - GET /api/menu/listsTree
[2018-04-24 19:53:05.483] [WARN] access - GET /api/user/userInfo
[2018-04-24 19:53:05.789] [WARN] access - GET /api/contracts/vm/lists?keys=
[2018-04-24 19:53:05.794] [WARN] access - GET /api/contracts/type/lists?keys=
[2018-04-24 19:53:13.837] [INFO] access - POST /api/contracts/vm/add
[2018-04-24 19:53:13.869] [INFO] access - GET /api/contracts/vm/lists?keys=
[2018-04-24 19:53:23.714] [INFO] access - DELETE /api/contracts/vm/45
[2018-04-24 19:53:23.734] [INFO] access - GET /api/contracts/vm/lists?keys=
[2018-04-24 19:53:56.696] [WARN] access - GET /api/menu/listsTree
[2018-04-24 19:53:56.701] [WARN] access - GET /api/user/userInfo
[2018-04-24 19:53:56.922] [WARN] access - GET /api/contracts/vm/lists?keys=
[2018-04-24 19:53:56.931] [WARN] access - GET /api/contracts/type/lists?keys=
[2018-04-24 19:54:06.700] [ERROR] access - POST /api/contracts/vm/add
[2018-04-24 19:54:42.579] [WARN] access - GET /api/menu/listsTree
[2018-04-24 19:54:42.583] [WARN] access - GET /api/user/userInfo
[2018-04-24 19:54:42.830] [WARN] access - GET /api/contracts/vm/lists?keys=
[2018-04-24 19:54:42.834] [WARN] access - GET /api/contracts/type/lists?keys=
[2018-04-24 20:00:32.033] [WARN] access - GET /api/menu/listsTree
[2018-04-24 20:00:32.038] [WARN] access - GET /api/user/userInfo
[2018-04-24 20:00:32.311] [WARN] access - GET /api/contracts/vm/lists?keys=
[2018-04-24 20:00:32.317] [WARN] access - GET /api/contracts/type/lists?keys=
[2018-04-24 20:00:47.265] [WARN] access - GET /api/menu/listsTree
[2018-04-24 20:00:47.272] [WARN] access - GET /api/user/userInfo
[2018-04-24 20:00:47.527] [WARN] access - GET /api/contracts/vm/lists?keys=
[2018-04-24 20:00:47.553] [WARN] access - GET /api/contracts/type/lists?keys=
[2018-04-24 20:01:18.886] [INFO] access - POST /api/contracts/vm/add
[2018-04-24 20:01:18.907] [INFO] access - GET /api/contracts/vm/lists?keys=
[2018-04-24 20:04:06.995] [INFO] access - GET /api/user/userInfo
[2018-04-24 20:04:07.004] [INFO] access - GET /api/menu/listsTree
[2018-04-24 20:04:07.199] [INFO] access - GET /api/contracts/vm/lists?keys=
[2018-04-24 20:04:07.207] [INFO] access - GET /api/contracts/type/lists?keys=
[2018-04-24 20:04:18.556] [WARN] access - GET /api/menu/listsTree
[2018-04-24 20:04:18.560] [WARN] access - GET /api/user/userInfo
[2018-04-24 20:04:18.784] [WARN] access - GET /api/contracts/vm/lists?keys=
[2018-04-24 20:04:18.790] [WARN] access - GET /api/contracts/type/lists?keys=
[2018-04-24 20:04:20.508] [WARN] access - GET /api/menu/listsTree
[2018-04-24 20:04:20.512] [WARN] access - GET /api/user/userInfo
[2018-04-24 20:04:20.738] [WARN] access - GET /api/contracts/vm/lists?keys=
[2018-04-24 20:04:20.745] [WARN] access - GET /api/contracts/type/lists?keys=
[2018-04-24 20:04:22.204] [WARN] access - GET /api/menu/listsTree
[2018-04-24 20:04:22.210] [WARN] access - GET /api/user/userInfo
[2018-04-24 20:04:22.435] [WARN] access - GET /api/contracts/vm/lists?keys=
[2018-04-24 20:04:22.441] [WARN] access - GET /api/contracts/type/lists?keys=
[2018-04-24 20:04:58.652] [WARN] access - GET /api/menu/listsTree
[2018-04-24 20:04:58.656] [WARN] access - GET /api/user/userInfo
[2018-04-24 20:04:58.894] [WARN] access - GET /api/contracts/vm/lists?keys=
[2018-04-24 20:04:58.900] [WARN] access - GET /api/contracts/type/lists?keys=
[2018-04-24 20:05:23.734] [WARN] access - GET /api/menu/listsTree
[2018-04-24 20:05:23.739] [WARN] access - GET /api/user/userInfo
[2018-04-24 20:05:23.932] [WARN] access - GET /api/contracts/vm/lists?keys=
[2018-04-24 20:05:23.937] [WARN] access - GET /api/contracts/type/lists?keys=
[2018-04-24 20:05:39.197] [INFO] access - PUT /api/contracts/vm/46
[2018-04-24 20:05:39.219] [INFO] access - GET /api/contracts/vm/lists?keys=
[2018-04-24 20:06:42.626] [WARN] access - GET /api/menu/listsTree
[2018-04-24 20:06:42.631] [WARN] access - GET /api/user/userInfo
[2018-04-24 20:06:42.896] [WARN] access - GET /api/contracts/vm/lists?keys=
[2018-04-24 20:06:42.900] [WARN] access - GET /api/contracts/type/lists?keys=
[2018-04-24 20:17:40.330] [WARN] access - GET /api/user/userInfo
[2018-04-24 20:17:40.340] [WARN] access - GET /api/rule/alllists
[2018-04-24 20:17:40.347] [INFO] access - GET /api/menu/listsTree
[2018-04-24 20:17:40.357] [WARN] access - GET /api/rule/lists?keys=
[2018-04-24 20:17:40.378] [WARN] access - GET /api/contracts/lists?keys=
[2018-04-24 20:17:41.245] [INFO] access - GET /api/menu/listsTree
[2018-04-24 20:17:41.257] [WARN] access - GET /api/user/userInfo
[2018-04-24 20:17:41.325] [INFO] access - GET /api/menu/listsTree
[2018-04-24 20:17:41.330] [WARN] access - GET /api/contracts/lists?keys=
[2018-04-24 20:17:41.338] [WARN] access - GET /api/user/userInfo
[2018-04-24 20:17:41.393] [WARN] access - GET /api/rule/alllists
[2018-04-24 20:17:41.417] [WARN] access - GET /api/rule/lists?keys=
[2018-04-24 20:17:42.789] [WARN] access - GET /api/menu/listsTree
[2018-04-24 20:17:42.794] [WARN] access - GET /api/user/userInfo
[2018-04-24 20:24:47.700] [WARN] access - GET /api/menu/listsTree
[2018-04-24 20:24:47.708] [WARN] access - GET /api/user/userInfo
[2018-04-24 20:24:48.170] [INFO] access - GET /api/contracts/vm/lists?keys=
[2018-04-24 20:24:48.176] [WARN] access - GET /api/contracts/type/lists?keys=
[2018-04-24 20:24:56.138] [WARN] access - GET /api/menu/listsTree
[2018-04-24 20:24:56.143] [WARN] access - GET /api/user/userInfo
