[2018-01-20 13:34:06.817] [INFO] access - GET /api/user/userInfo
[2018-01-20 13:34:06.849] [INFO] access - GET /api/menu/listsTree
[2018-01-20 13:34:11.024] [INFO] access - GET /api/operate/lists?pageSize=20&pageNumber=1&name=&appCode=100001&startDate=&endDate=
[2018-01-20 13:34:24.482] [WARN] access - GET /api/operate/lists?pageSize=20&pageNumber=1&name=&appCode=100001&startDate=&endDate=
[2018-01-20 13:34:45.454] [WARN] access - GET /api/user/userInfo
[2018-01-20 13:34:45.466] [WARN] access - GET /api/menu/listsTree
[2018-01-20 13:34:45.470] [WARN] access - GET /api/operate/lists?pageSize=20&pageNumber=1&name=&appCode=100001&startDate=&endDate=
[2018-01-20 13:35:02.677] [WARN] access - GET /api/user/userInfo
[2018-01-20 13:35:02.689] [WARN] access - GET /api/menu/listsTree
[2018-01-20 13:35:02.693] [WARN] access - GET /api/operate/lists?pageSize=20&pageNumber=1&name=&appCode=100001&startDate=&endDate=
[2018-01-20 13:35:17.308] [WARN] access - GET /api/menu/listsTree
[2018-01-20 13:35:17.312] [WARN] access - GET /api/user/userInfo
[2018-01-20 13:35:17.534] [WARN] access - GET /api/operate/lists?pageSize=20&pageNumber=1&name=&appCode=100001&startDate=&endDate=
[2018-01-20 13:36:03.979] [WARN] access - GET /api/user/userInfo
[2018-01-20 13:36:03.986] [WARN] access - GET /api/menu/listsTree
[2018-01-20 13:36:04.226] [INFO] access - GET /api/operate/lists?pageSize=20&pageNumber=1&name=&appCode=100001&startDate=&endDate=
[2018-01-20 13:37:06.761] [WARN] access - GET /api/user/userInfo
[2018-01-20 13:37:06.779] [WARN] access - GET /api/menu/listsTree
[2018-01-20 13:37:06.973] [INFO] access - GET /api/operate/lists?pageSize=20&pageNumber=1&name=&appCode=100001&startDate=&endDate=
[2018-01-20 13:39:10.842] [WARN] access - GET /api/menu/listsTree
[2018-01-20 13:39:10.847] [WARN] access - GET /api/user/userInfo
[2018-01-20 13:39:11.043] [WARN] access - GET /api/operate/lists?pageSize=20&pageNumber=1&name=&appCode=100001&startDate=&endDate=
[2018-01-20 13:39:13.801] [WARN] access - GET /api/menu/listsTree
[2018-01-20 13:39:13.809] [WARN] access - GET /api/user/userInfo
[2018-01-20 13:39:14.065] [WARN] access - GET /api/operate/lists?pageSize=20&pageNumber=1&name=&appCode=100001&startDate=&endDate=
[2018-01-20 13:39:55.638] [WARN] access - GET /api/menu/listsTree
[2018-01-20 13:39:55.643] [WARN] access - GET /api/user/userInfo
[2018-01-20 13:39:55.873] [WARN] access - GET /api/operate/lists?pageSize=20&pageNumber=1&name=&appCode=100001&startDate=&endDate=
[2018-01-20 13:40:05.379] [WARN] access - GET /api/menu/listsTree
[2018-01-20 13:40:05.390] [WARN] access - GET /api/user/userInfo
[2018-01-20 13:40:05.574] [WARN] access - GET /api/operate/lists?pageSize=20&pageNumber=1&name=&appCode=100001&startDate=&endDate=
[2018-01-20 13:41:03.004] [WARN] access - GET /api/user/userInfo
[2018-01-20 13:41:03.023] [WARN] access - GET /api/menu/listsTree
[2018-01-20 13:41:03.247] [INFO] access - GET /api/operate/lists?pageSize=20&pageNumber=1&name=&appCode=100001&startDate=&endDate=
[2018-01-20 13:41:37.029] [WARN] access - GET /api/user/userInfo
[2018-01-20 13:41:37.036] [WARN] access - GET /api/menu/listsTree
[2018-01-20 13:41:37.224] [WARN] access - GET /api/operate/lists?pageSize=20&pageNumber=1&name=&appCode=100001&startDate=&endDate=
[2018-01-20 15:42:50.115] [INFO] access - POST /api/signin
[2018-01-20 15:42:50.209] [INFO] access - GET /api/user/userInfo
[2018-01-20 15:42:50.214] [INFO] access - GET /api/menu/listsTree
[2018-01-20 15:42:55.889] [INFO] access - GET /api/operate/lists?pageSize=20&pageNumber=1&name=&appCode=100001&startDate=&endDate=
[2018-01-20 15:43:02.677] [ERROR] access - POST /api/operate/upload
[2018-01-20 15:43:48.055] [ERROR] access - POST /api/operate/upload
[2018-01-20 15:44:24.510] [ERROR] access - POST /api/operate/upload
[2018-01-20 15:44:56.774] [ERROR] access - POST /api/operate/upload
[2018-01-20 15:45:29.049] [ERROR] access - POST /api/operate/upload
[2018-01-20 15:53:44.639] [ERROR] access - POST /api/operate/upload
[2018-01-20 16:05:19.563] [ERROR] access - POST /api/operate/upload
[2018-01-20 16:20:05.767] [INFO] access - POST /api/operate/upload
[2018-01-20 16:24:34.691] [ERROR] access - POST /api/operate/upload
[2018-01-20 16:25:21.406] [ERROR] access - POST /api/operate/upload
[2018-01-20 16:26:37.854] [ERROR] access - POST /api/operate/upload
[2018-01-20 16:27:36.930] [ERROR] access - POST /api/operate/upload
[2018-01-20 16:35:47.112] [INFO] access - POST /api/operate/upload
[2018-01-20 16:36:11.229] [INFO] access - POST /api/operate/upload
[2018-01-20 16:45:57.436] [WARN] access - GET /api/user/userInfo
[2018-01-20 16:45:57.442] [WARN] access - GET /api/menu/listsTree
[2018-01-20 16:47:20.458] [WARN] access - GET /api/menu/listsTree
[2018-01-20 16:47:20.470] [WARN] access - GET /api/user/userInfo
[2018-01-20 16:47:20.768] [INFO] access - GET /api/operate/lists?pageSize=20&pageNumber=1&name=&appCode=100001
[2018-01-20 16:49:18.487] [WARN] access - GET /api/menu/listsTree
[2018-01-20 16:49:18.491] [WARN] access - GET /api/user/userInfo
[2018-01-20 16:49:19.988] [WARN] access - GET /api/menu/listsTree
[2018-01-20 16:49:19.999] [WARN] access - GET /api/user/userInfo
[2018-01-20 16:49:20.231] [WARN] access - GET /api/operate/lists?pageSize=20&pageNumber=1&name=&appCode=100001
[2018-01-20 16:53:07.569] [WARN] access - GET /api/menu/listsTree
[2018-01-20 16:53:07.575] [WARN] access - GET /api/user/userInfo
[2018-01-20 16:53:07.834] [WARN] access - GET /api/operate/lists?pageSize=20&pageNumber=1&name=&appCode=100001
[2018-01-20 16:53:47.485] [INFO] access - POST /api/signin
[2018-01-20 16:53:47.636] [INFO] access - GET /api/menu/listsTree
[2018-01-20 16:53:47.641] [WARN] access - GET /api/user/userInfo
[2018-01-20 16:53:50.904] [INFO] access - GET /api/operate/lists?pageSize=20&pageNumber=1&name=&appCode=100001
[2018-01-20 16:53:54.281] [WARN] access - GET /api/operate/lists?pageSize=20&pageNumber=1&name=&appCode=100001
[2018-01-20 16:54:01.056] [INFO] access - GET /api/operate/5
