[2018-05-31 10:31:54.799] [WARN] access - GET /temp/20180530152331/1527665016458.png
[2018-05-31 10:31:54.874] [WARN] access - GET /temp/20180530152331/1527665020505.png
[2018-05-31 10:34:06.968] [WARN] access - GET /temp/20180530152331/1527665016458.png
[2018-05-31 10:34:07.003] [WARN] access - GET /temp/20180530152331/1527665020505.png
[2018-05-31 10:36:11.393] [WARN] access - GET /temp/20180530152331/1527665016458.png
[2018-05-31 10:36:11.401] [WARN] access - GET /temp/20180530152331/1527665020505.png
[2018-05-31 11:01:11.345] [WARN] access - GET /temp/20180530152331/1527665016458.png
[2018-05-31 11:01:11.350] [WARN] access - GET /temp/20180530152331/1527665020505.png
[2018-05-31 11:05:44.803] [WARN] access - GET /temp/20180530152331/1527665016458.png
[2018-05-31 11:05:44.812] [WARN] access - GET /temp/20180530152331/1527665020505.png
[2018-05-31 11:06:04.008] [WARN] access - GET /temp/20180530152331/1527665016458.png
[2018-05-31 11:06:04.034] [WARN] access - GET /temp/20180530152331/1527665020505.png
[2018-05-31 11:06:35.431] [WARN] access - GET /temp/20180530152331/1527665016458.png
[2018-05-31 11:06:35.442] [WARN] access - GET /temp/20180530152331/1527665020505.png
[2018-05-31 11:07:20.232] [WARN] access - GET /temp/20180530152331/1527665016458.png
[2018-05-31 11:07:20.247] [WARN] access - GET /temp/20180530152331/1527665020505.png
[2018-05-31 11:08:17.793] [WARN] access - GET /temp/20180530152331/1527665016458.png
[2018-05-31 11:08:17.799] [WARN] access - GET /temp/20180530152331/1527665020505.png
[2018-05-31 11:08:51.694] [WARN] access - GET /temp/20180530152331/1527665016458.png
[2018-05-31 11:08:51.708] [WARN] access - GET /temp/20180530152331/1527665020505.png
[2018-05-31 11:11:15.509] [WARN] access - GET /temp/20180530152331/1527665016458.png
[2018-05-31 11:11:15.520] [WARN] access - GET /temp/20180530152331/1527665020505.png
[2018-05-31 11:12:11.307] [WARN] access - GET /temp/20180530152331/1527665016458.png
[2018-05-31 11:12:11.311] [WARN] access - GET /temp/20180530152331/1527665020505.png
[2018-05-31 11:12:15.772] [WARN] access - GET /temp/20180530152331/1527665020505.png
[2018-05-31 11:12:15.777] [WARN] access - GET /temp/20180530152331/1527665016458.png
[2018-05-31 11:13:56.558] [WARN] access - GET /temp/20180530152331/1527665016458.png
[2018-05-31 11:13:56.591] [WARN] access - GET /temp/20180530152331/1527665020505.png
[2018-05-31 11:14:29.375] [WARN] access - GET /temp/20180530152331/1527665020505.png
[2018-05-31 11:14:29.384] [WARN] access - GET /temp/20180530152331/1527665016458.png
[2018-05-31 11:16:51.293] [WARN] access - GET /temp/20180530152331/1527665020505.png
[2018-05-31 11:16:51.301] [WARN] access - GET /temp/20180530152331/1527665016458.png
[2018-05-31 11:16:57.390] [WARN] access - GET /temp/20180530152331/1527665016458.png
[2018-05-31 11:16:57.405] [WARN] access - GET /temp/20180530152331/1527665020505.png
[2018-05-31 11:17:50.572] [WARN] access - GET /temp/20180530152331/1527665016458.png
[2018-05-31 11:17:50.577] [WARN] access - GET /temp/20180530152331/1527665020505.png
[2018-05-31 11:18:22.572] [WARN] access - GET /temp/20180530152331/1527665020505.png
[2018-05-31 11:18:22.580] [WARN] access - GET /temp/20180530152331/1527665016458.png
[2018-05-31 11:19:20.982] [WARN] access - GET /temp/20180530152331/1527665016458.png
[2018-05-31 11:19:20.987] [WARN] access - GET /temp/20180530152331/1527665020505.png
[2018-05-31 11:19:51.192] [WARN] access - GET /temp/20180530152331/1527665016458.png
[2018-05-31 11:19:51.198] [WARN] access - GET /temp/20180530152331/1527665020505.png
[2018-05-31 11:20:51.164] [WARN] access - GET /temp/20180530152331/1527665016458.png
[2018-05-31 11:20:51.169] [WARN] access - GET /temp/20180530152331/1527665020505.png
[2018-05-31 11:22:47.172] [WARN] access - GET /temp/20180530152331/1527665016458.png
[2018-05-31 11:22:47.176] [WARN] access - GET /temp/20180530152331/1527665020505.png
[2018-05-31 11:23:14.500] [WARN] access - GET /temp/20180530152331/1527665016458.png
[2018-05-31 11:23:14.510] [WARN] access - GET /temp/20180530152331/1527665020505.png
[2018-05-31 11:23:59.656] [WARN] access - GET /temp/20180530152331/1527665016458.png
[2018-05-31 11:23:59.660] [WARN] access - GET /temp/20180530152331/1527665020505.png
[2018-05-31 11:24:39.410] [WARN] access - GET /temp/20180530152331/1527665016458.png
[2018-05-31 11:24:39.415] [WARN] access - GET /temp/20180530152331/1527665020505.png
[2018-05-31 11:25:44.649] [WARN] access - GET /temp/20180530152331/1527665016458.png
[2018-05-31 11:25:44.680] [WARN] access - GET /temp/20180530152331/1527665020505.png
[2018-05-31 11:26:40.958] [WARN] access - GET /temp/20180530152331/1527665016458.png
[2018-05-31 11:26:40.961] [WARN] access - GET /temp/20180530152331/1527665020505.png
[2018-05-31 11:26:42.983] [WARN] access - GET /temp/20180530152331/1527665028186.png
[2018-05-31 11:38:13.058] [WARN] access - GET /temp/20180530152331/1527665016458.png
[2018-05-31 11:38:13.062] [WARN] access - GET /temp/20180530152331/1527665020505.png
[2018-05-31 11:38:14.966] [WARN] access - GET /temp/20180530152331/1527665028186.png
[2018-05-31 11:38:27.883] [WARN] access - GET /temp/20180530152331/1527665016458.png
[2018-05-31 11:38:27.887] [WARN] access - GET /temp/20180530152331/1527665020505.png
[2018-05-31 11:42:20.930] [INFO] access - GET /temp/20180530152331/1527665071756.png
[2018-05-31 11:42:20.956] [WARN] access - GET /temp/20180530152331/1527665016458.png
[2018-05-31 11:42:20.963] [WARN] access - GET /temp/20180530152331/1527665020505.png
[2018-05-31 11:42:22.410] [WARN] access - GET /temp/20180530152331/1527665033573.png
[2018-05-31 11:42:22.461] [WARN] access - GET /temp/20180530152331/1527665071756.png
[2018-05-31 11:42:22.467] [WARN] access - GET /temp/20180530152331/1527665016458.png
[2018-05-31 11:42:22.471] [WARN] access - GET /temp/20180530152331/1527665020505.png
[2018-05-31 11:42:24.461] [WARN] access - GET /temp/20180530152331/1527665067116.png
[2018-05-31 11:44:52.021] [WARN] access - GET /temp/20180530152331/1527665071756.png
[2018-05-31 11:44:52.027] [WARN] access - GET /temp/20180530152331/1527665033573.png
[2018-05-31 11:44:52.135] [WARN] access - GET /temp/20180530152331/1527665016458.png
[2018-05-31 11:44:52.140] [WARN] access - GET /temp/20180530152331/1527665020505.png
[2018-05-31 11:51:16.956] [WARN] access - GET /temp/20180530152331/1527665033573.png
[2018-05-31 11:51:16.963] [WARN] access - GET /temp/20180530152331/1527665071756.png
[2018-05-31 11:51:16.970] [WARN] access - GET /temp/20180530152331/1527665020505.png
[2018-05-31 11:51:16.976] [WARN] access - GET /temp/20180530152331/1527665016458.png
[2018-05-31 11:51:19.628] [WARN] access - GET /temp/20180530152331/1527665067116.png
[2018-05-31 11:52:45.007] [WARN] access - GET /temp/20180530152331/1527665033573.png
[2018-05-31 11:52:45.012] [WARN] access - GET /temp/20180530152331/1527665071756.png
[2018-05-31 11:52:45.017] [WARN] access - GET /temp/20180530152331/1527665016458.png
[2018-05-31 11:52:45.025] [WARN] access - GET /temp/20180530152331/1527665020505.png
[2018-05-31 13:50:32.438] [WARN] access - GET /temp/20180530152331/1527665033573.png
[2018-05-31 13:50:32.442] [WARN] access - GET /temp/20180530152331/1527665071756.png
[2018-05-31 13:50:32.447] [WARN] access - GET /temp/20180530152331/1527665016458.png
[2018-05-31 13:50:32.451] [WARN] access - GET /temp/20180530152331/1527665020505.png
[2018-05-31 13:50:34.302] [WARN] access - GET /temp/20180530152331/1527665067116.png
[2018-05-31 13:51:16.268] [WARN] access - GET /temp/20180530152331/1527665033573.png
[2018-05-31 13:51:16.303] [WARN] access - GET /temp/20180530152331/1527665071756.png
[2018-05-31 13:51:16.322] [WARN] access - GET /temp/20180530152331/1527665016458.png
[2018-05-31 13:51:16.333] [WARN] access - GET /temp/20180530152331/1527665020505.png
[2018-05-31 13:51:18.313] [WARN] access - GET /temp/20180530152331/1527665067116.png
[2018-05-31 13:51:40.565] [WARN] access - GET /temp/20180530152331/1527665033573.png
[2018-05-31 13:51:40.573] [WARN] access - GET /temp/20180530152331/1527665071756.png
[2018-05-31 13:51:40.578] [WARN] access - GET /temp/20180530152331/1527665016458.png
[2018-05-31 13:51:40.582] [WARN] access - GET /temp/20180530152331/1527665020505.png
[2018-05-31 13:52:20.127] [WARN] access - GET /temp/20180530152331/1527665067116.png
[2018-05-31 13:53:43.025] [WARN] access - GET /temp/20180530152331/1527665033573.png
[2018-05-31 13:53:43.039] [WARN] access - GET /temp/20180530152331/1527665071756.png
[2018-05-31 13:53:43.049] [WARN] access - GET /temp/20180530152331/1527665016458.png
[2018-05-31 13:53:43.066] [WARN] access - GET /temp/20180530152331/1527665020505.png
[2018-05-31 13:54:02.853] [WARN] access - GET /api/user/userInfo
[2018-05-31 13:54:02.861] [WARN] access - GET /api/menu/listsTree
[2018-05-31 13:54:02.866] [WARN] access - GET /api/act/config/lists
[2018-05-31 13:54:02.876] [INFO] access - GET /api/act/125
[2018-05-31 13:54:03.066] [WARN] access - GET /temp/20180530152331/1527665016458.png
[2018-05-31 13:54:17.485] [WARN] access - GET /api/menu/listsTree
[2018-05-31 13:54:17.574] [WARN] access - GET /api/user/userInfo
[2018-05-31 13:54:17.582] [WARN] access - GET /api/act/config/lists
[2018-05-31 13:54:17.595] [INFO] access - GET /api/act/125
[2018-05-31 13:54:17.760] [WARN] access - GET /temp/20180530152331/1527665016458.png
[2018-05-31 14:46:53.198] [WARN] access - GET /api/menu/listsTree
[2018-05-31 14:46:53.220] [WARN] access - GET /api/user/userInfo
[2018-05-31 14:46:53.250] [INFO] access - GET /api/act/125
[2018-05-31 14:46:53.254] [WARN] access - GET /api/act/config/lists
[2018-05-31 14:46:53.512] [WARN] access - GET /temp/20180530152331/1527665016458.png
[2018-05-31 14:48:09.431] [WARN] access - GET /api/menu/listsTree
[2018-05-31 14:48:09.498] [WARN] access - GET /api/user/userInfo
[2018-05-31 14:48:09.522] [INFO] access - GET /api/act/125
[2018-05-31 14:48:09.559] [WARN] access - GET /api/act/config/lists
[2018-05-31 14:48:09.664] [WARN] access - GET /temp/20180530152331/1527665016458.png
[2018-05-31 14:48:53.317] [WARN] access - GET /api/menu/listsTree
[2018-05-31 14:48:53.320] [WARN] access - GET /api/user/userInfo
[2018-05-31 14:48:53.398] [INFO] access - GET /api/act/125
[2018-05-31 14:48:53.402] [WARN] access - GET /api/act/config/lists
[2018-05-31 14:48:53.646] [WARN] access - GET /temp/20180530152331/1527665016458.png
[2018-05-31 14:49:09.501] [WARN] access - GET /api/menu/listsTree
[2018-05-31 14:49:09.506] [WARN] access - GET /api/user/userInfo
[2018-05-31 14:49:09.629] [INFO] access - GET /api/act/125
[2018-05-31 14:49:09.633] [WARN] access - GET /api/act/config/lists
[2018-05-31 14:49:10.014] [WARN] access - GET /temp/20180530152331/1527665016458.png
[2018-05-31 14:49:13.409] [WARN] access - GET /temp/20180530152331/1527665067116.png
[2018-05-31 14:49:13.412] [WARN] access - GET /temp/20180530152331/1527665099529.png
[2018-05-31 14:49:13.416] [WARN] access - GET /temp/20180530152331/1527665028186.png
[2018-05-31 14:49:13.445] [WARN] access - GET /temp/20180530152331/1527665033573.png
[2018-05-31 14:49:13.460] [WARN] access - GET /temp/20180530152331/1527665071756.png
[2018-05-31 14:50:06.964] [WARN] access - GET /api/menu/listsTree
[2018-05-31 14:50:06.972] [WARN] access - GET /api/user/userInfo
[2018-05-31 14:50:07.054] [INFO] access - GET /api/act/125
[2018-05-31 14:50:07.064] [WARN] access - GET /api/act/config/lists
[2018-05-31 14:50:07.274] [WARN] access - GET /temp/20180530152331/1527665016458.png
[2018-05-31 14:50:44.514] [WARN] access - GET /temp/20180530152331/1527665099529.png
[2018-05-31 14:50:44.528] [WARN] access - GET /temp/20180530152331/1527665067116.png
[2018-05-31 14:50:44.535] [WARN] access - GET /temp/20180530152331/1527665028186.png
[2018-05-31 14:50:44.562] [WARN] access - GET /temp/20180530152331/1527665071756.png
[2018-05-31 14:50:44.570] [WARN] access - GET /temp/20180530152331/1527665033573.png
[2018-05-31 14:52:15.453] [WARN] access - GET /api/menu/listsTree
[2018-05-31 14:52:15.458] [WARN] access - GET /api/user/userInfo
[2018-05-31 14:52:15.543] [INFO] access - GET /api/act/125
[2018-05-31 14:52:15.549] [WARN] access - GET /api/act/config/lists
[2018-05-31 14:52:15.850] [WARN] access - GET /temp/20180530152331/1527665016458.png
[2018-05-31 14:52:18.802] [WARN] access - GET /temp/20180530152331/1527665067116.png
[2018-05-31 14:52:18.808] [WARN] access - GET /temp/20180530152331/1527665099529.png
[2018-05-31 14:52:18.813] [WARN] access - GET /temp/20180530152331/1527665028186.png
[2018-05-31 14:52:18.827] [WARN] access - GET /temp/20180530152331/1527665033573.png
[2018-05-31 14:52:18.840] [WARN] access - GET /temp/20180530152331/1527665071756.png
[2018-05-31 14:54:08.884] [WARN] access - GET /temp/20180530152331/1527665033573.png
[2018-05-31 14:54:08.889] [WARN] access - GET /temp/20180530152331/1527665071756.png
[2018-05-31 14:54:08.897] [WARN] access - GET /temp/20180530152331/1527665020505.png
[2018-05-31 14:54:08.901] [WARN] access - GET /temp/20180530152331/1527665016458.png
[2018-05-31 14:54:14.931] [WARN] access - GET /temp/20180530152331/1527665067116.png
[2018-05-31 14:54:43.594] [WARN] access - GET /temp/20180530152331/1527665033573.png
[2018-05-31 14:54:43.606] [WARN] access - GET /temp/20180530152331/1527665071756.png
[2018-05-31 14:54:43.611] [WARN] access - GET /temp/20180530152331/1527665016458.png
[2018-05-31 14:54:43.615] [WARN] access - GET /temp/20180530152331/1527665020505.png
[2018-05-31 14:54:45.541] [WARN] access - GET /temp/20180530152331/1527665067116.png
[2018-05-31 14:56:41.284] [WARN] access - GET /temp/20180530152331/1527665033573.png
[2018-05-31 14:56:41.292] [WARN] access - GET /temp/20180530152331/1527665071756.png
[2018-05-31 14:56:41.303] [WARN] access - GET /temp/20180530152331/1527665016458.png
[2018-05-31 14:56:41.308] [WARN] access - GET /temp/20180530152331/1527665020505.png
[2018-05-31 14:56:43.313] [WARN] access - GET /temp/20180530152331/1527665067116.png
[2018-05-31 14:56:48.035] [WARN] access - GET /api/menu/listsTree
[2018-05-31 14:56:48.106] [WARN] access - GET /api/user/userInfo
[2018-05-31 14:56:48.133] [INFO] access - GET /api/act/125
[2018-05-31 14:56:48.147] [WARN] access - GET /api/act/config/lists
[2018-05-31 14:56:48.298] [WARN] access - GET /temp/20180530152331/1527665016458.png
[2018-05-31 14:56:52.347] [WARN] access - GET /api/menu/listsTree
[2018-05-31 14:56:52.351] [WARN] access - GET /api/user/userInfo
[2018-05-31 14:56:52.462] [INFO] access - GET /api/act/125
[2018-05-31 14:56:52.472] [WARN] access - GET /api/act/config/lists
[2018-05-31 14:56:52.647] [WARN] access - GET /temp/20180530152331/1527665016458.png
[2018-05-31 14:56:56.539] [WARN] access - GET /api/menu/listsTree
[2018-05-31 14:56:56.730] [WARN] access - GET /api/user/userInfo
[2018-05-31 14:56:56.925] [INFO] access - GET /api/act/125
[2018-05-31 14:56:56.942] [WARN] access - GET /api/act/config/lists
[2018-05-31 14:56:57.046] [WARN] access - GET /temp/20180530152331/1527665016458.png
[2018-05-31 14:57:03.231] [WARN] access - GET /api/menu/listsTree
[2018-05-31 14:57:03.242] [WARN] access - GET /api/user/userInfo
[2018-05-31 14:57:03.357] [INFO] access - GET /api/act/125
[2018-05-31 14:57:03.377] [WARN] access - GET /api/act/config/lists
[2018-05-31 14:57:03.489] [WARN] access - GET /temp/20180530152331/1527665016458.png
[2018-05-31 14:57:07.380] [WARN] access - GET /api/menu/listsTree
[2018-05-31 14:57:07.824] [WARN] access - GET /api/user/userInfo
[2018-05-31 14:57:07.834] [INFO] access - GET /api/act/125
[2018-05-31 14:57:07.886] [WARN] access - GET /api/act/config/lists
[2018-05-31 14:57:07.981] [WARN] access - GET /temp/20180530152331/1527665016458.png
[2018-05-31 14:57:10.181] [WARN] access - GET /api/menu/listsTree
[2018-05-31 14:57:10.188] [WARN] access - GET /api/user/userInfo
[2018-05-31 14:57:10.222] [INFO] access - GET /api/act/125
[2018-05-31 14:57:10.232] [WARN] access - GET /api/act/config/lists
[2018-05-31 14:57:10.389] [WARN] access - GET /temp/20180530152331/1527665016458.png
[2018-05-31 14:57:13.360] [WARN] access - GET /api/user/userInfo
[2018-05-31 14:57:13.369] [WARN] access - GET /api/menu/listsTree
[2018-05-31 14:57:13.432] [INFO] access - GET /api/act/125
[2018-05-31 14:57:13.444] [WARN] access - GET /api/act/config/lists
[2018-05-31 14:57:13.656] [WARN] access - GET /temp/20180530152331/1527665016458.png
[2018-05-31 14:57:17.575] [WARN] access - GET /api/menu/listsTree
[2018-05-31 14:57:17.580] [WARN] access - GET /api/user/userInfo
[2018-05-31 14:57:17.608] [INFO] access - GET /api/act/125
[2018-05-31 14:57:17.616] [WARN] access - GET /api/act/config/lists
[2018-05-31 14:57:17.777] [WARN] access - GET /temp/20180530152331/1527665016458.png
[2018-05-31 14:57:21.348] [WARN] access - GET /api/menu/listsTree
[2018-05-31 14:57:21.357] [WARN] access - GET /api/user/userInfo
[2018-05-31 14:57:21.425] [INFO] access - GET /api/act/125
[2018-05-31 14:57:21.430] [WARN] access - GET /api/act/config/lists
[2018-05-31 14:57:21.608] [WARN] access - GET /temp/20180530152331/1527665016458.png
[2018-05-31 14:57:24.647] [WARN] access - GET /api/menu/listsTree
[2018-05-31 14:57:24.654] [WARN] access - GET /api/user/userInfo
[2018-05-31 14:57:24.701] [INFO] access - GET /api/act/125
[2018-05-31 14:57:24.711] [WARN] access - GET /api/act/config/lists
[2018-05-31 14:57:24.920] [WARN] access - GET /temp/20180530152331/1527665016458.png
[2018-05-31 14:59:51.717] [WARN] access - GET /temp/20180530152331/1527665020505.png
[2018-05-31 14:59:56.664] [WARN] access - GET /api/menu/listsTree
[2018-05-31 14:59:56.669] [WARN] access - GET /api/user/userInfo
[2018-05-31 14:59:56.791] [INFO] access - GET /api/act/125
[2018-05-31 14:59:56.806] [WARN] access - GET /api/act/config/lists
[2018-05-31 14:59:57.049] [WARN] access - GET /temp/20180530152331/1527665016458.png
[2018-05-31 14:59:57.052] [WARN] access - GET /temp/20180530152331/1527665020505.png
[2018-05-31 15:00:25.160] [WARN] access - GET /api/menu/listsTree
[2018-05-31 15:00:25.168] [WARN] access - GET /api/user/userInfo
[2018-05-31 15:00:25.196] [INFO] access - GET /api/act/125
[2018-05-31 15:00:25.200] [WARN] access - GET /api/act/config/lists
[2018-05-31 15:00:25.371] [WARN] access - GET /temp/20180530152331/1527665020505.png
[2018-05-31 15:00:25.410] [WARN] access - GET /temp/20180530152331/1527665016458.png
[2018-05-31 15:02:32.248] [WARN] access - GET /api/menu/listsTree
[2018-05-31 15:02:32.283] [WARN] access - GET /api/user/userInfo
[2018-05-31 15:02:32.291] [INFO] access - GET /api/act/125
[2018-05-31 15:02:32.295] [WARN] access - GET /api/act/config/lists
[2018-05-31 15:02:32.585] [WARN] access - GET /temp/20180530152331/1527665020505.png
[2018-05-31 15:02:32.677] [WARN] access - GET /temp/20180530152331/1527665016458.png
[2018-05-31 15:02:56.741] [WARN] access - GET /api/menu/listsTree
[2018-05-31 15:02:56.809] [WARN] access - GET /api/user/userInfo
[2018-05-31 15:02:56.821] [INFO] access - GET /api/act/125
[2018-05-31 15:02:56.826] [WARN] access - GET /api/act/config/lists
[2018-05-31 15:02:57.046] [WARN] access - GET /temp/20180530152331/1527665020505.png
[2018-05-31 15:02:57.096] [WARN] access - GET /temp/20180530152331/1527665016458.png
[2018-05-31 15:04:54.812] [WARN] access - GET /temp/20180530152331/1527665020505.png
[2018-05-31 15:04:54.826] [WARN] access - GET /temp/20180530152331/1527665071756.png
[2018-05-31 15:04:54.830] [WARN] access - GET /temp/20180530152331/1527665033573.png
[2018-05-31 15:04:54.836] [WARN] access - GET /temp/20180530152331/1527665016458.png
[2018-05-31 15:04:56.734] [WARN] access - GET /temp/20180530152331/1527665067116.png
[2018-05-31 15:05:00.935] [WARN] access - GET /temp/20180530152331/1527665020505.png
[2018-05-31 15:05:00.939] [WARN] access - GET /temp/20180530152331/1527665033573.png
[2018-05-31 15:05:00.946] [WARN] access - GET /temp/20180530152331/1527665071756.png
[2018-05-31 15:05:00.950] [WARN] access - GET /temp/20180530152331/1527665016458.png
[2018-05-31 15:05:02.879] [WARN] access - GET /temp/20180530152331/1527665067116.png
[2018-05-31 15:06:37.375] [WARN] access - GET /api/menu/listsTree
[2018-05-31 15:06:37.460] [WARN] access - GET /api/user/userInfo
[2018-05-31 15:06:37.495] [WARN] access - GET /api/act/config/lists
[2018-05-31 15:06:37.501] [INFO] access - GET /api/act/125
[2018-05-31 15:06:37.604] [WARN] access - GET /temp/20180530152331/1527665020505.png
[2018-05-31 15:06:37.630] [WARN] access - GET /temp/20180530152331/1527665016458.png
[2018-05-31 15:06:47.891] [WARN] access - GET /temp/20180530152331/1527665020505.png
[2018-05-31 15:06:47.896] [WARN] access - GET /temp/20180530152331/1527665033573.png
[2018-05-31 15:06:47.900] [WARN] access - GET /temp/20180530152331/1527665071756.png
[2018-05-31 15:06:47.904] [WARN] access - GET /temp/20180530152331/1527665016458.png
[2018-05-31 15:06:49.840] [WARN] access - GET /temp/20180530152331/1527665067116.png
[2018-05-31 15:06:53.156] [WARN] access - GET /temp/20180530152331/1527665020505.png
[2018-05-31 15:06:53.161] [WARN] access - GET /temp/20180530152331/1527665033573.png
[2018-05-31 15:06:53.166] [WARN] access - GET /temp/20180530152331/1527665071756.png
[2018-05-31 15:06:53.171] [WARN] access - GET /temp/20180530152331/1527665016458.png
[2018-05-31 15:06:55.096] [WARN] access - GET /temp/20180530152331/1527665067116.png
[2018-05-31 15:08:35.932] [WARN] access - GET /temp/20180530152331/1527665020505.png
[2018-05-31 15:08:35.938] [WARN] access - GET /temp/20180530152331/1527665033573.png
[2018-05-31 15:08:36.005] [WARN] access - GET /temp/20180530152331/1527665071756.png
[2018-05-31 15:08:36.012] [WARN] access - GET /temp/20180530152331/1527665016458.png
[2018-05-31 15:08:37.945] [WARN] access - GET /temp/20180530152331/1527665067116.png
[2018-05-31 15:12:05.080] [WARN] access - GET /temp/20180530152331/1527665020505.png
[2018-05-31 15:12:05.093] [WARN] access - GET /temp/20180530152331/1527665033573.png
[2018-05-31 15:12:05.102] [WARN] access - GET /temp/20180530152331/1527665071756.png
[2018-05-31 15:12:05.111] [WARN] access - GET /temp/20180530152331/1527665016458.png
[2018-05-31 15:12:07.788] [WARN] access - GET /temp/20180530152331/1527665067116.png
[2018-05-31 15:12:37.072] [WARN] access - GET /temp/20180530152331/1527665020505.png
[2018-05-31 15:12:37.079] [WARN] access - GET /temp/20180530152331/1527665033573.png
[2018-05-31 15:12:37.098] [WARN] access - GET /temp/20180530152331/1527665071756.png
[2018-05-31 15:12:37.119] [WARN] access - GET /temp/20180530152331/1527665016458.png
[2018-05-31 15:12:38.902] [WARN] access - GET /temp/20180530152331/1527665067116.png
[2018-05-31 15:12:40.151] [WARN] access - GET /temp/20180530152331/1527665020505.png
[2018-05-31 15:12:40.162] [WARN] access - GET /temp/20180530152331/1527665033573.png
[2018-05-31 15:12:40.190] [WARN] access - GET /temp/20180530152331/1527665071756.png
[2018-05-31 15:12:40.196] [WARN] access - GET /temp/20180530152331/1527665016458.png
[2018-05-31 15:12:42.108] [WARN] access - GET /temp/20180530152331/1527665067116.png
[2018-05-31 15:12:59.028] [WARN] access - GET /temp/20180530152331/1527665020505.png
[2018-05-31 15:12:59.067] [WARN] access - GET /temp/20180530152331/1527665033573.png
[2018-05-31 15:12:59.080] [WARN] access - GET /temp/20180530152331/1527665071756.png
[2018-05-31 15:12:59.087] [WARN] access - GET /temp/20180530152331/1527665016458.png
[2018-05-31 15:13:00.874] [WARN] access - GET /temp/20180530152331/1527665067116.png
[2018-05-31 15:13:13.079] [WARN] access - GET /temp/20180530152331/1527665020505.png
[2018-05-31 15:13:13.087] [WARN] access - GET /temp/20180530152331/1527665033573.png
[2018-05-31 15:13:13.092] [WARN] access - GET /temp/20180530152331/1527665071756.png
[2018-05-31 15:13:13.101] [WARN] access - GET /temp/20180530152331/1527665016458.png
[2018-05-31 15:13:15.037] [WARN] access - GET /temp/20180530152331/1527665067116.png
[2018-05-31 15:14:06.782] [WARN] access - GET /temp/20180530152331/1527665020505.png
[2018-05-31 15:14:06.798] [WARN] access - GET /temp/20180530152331/1527665033573.png
[2018-05-31 15:14:06.809] [WARN] access - GET /temp/20180530152331/1527665071756.png
[2018-05-31 15:14:06.815] [WARN] access - GET /temp/20180530152331/1527665016458.png
[2018-05-31 15:14:08.762] [WARN] access - GET /temp/20180530152331/1527665067116.png
[2018-05-31 15:14:49.146] [WARN] access - GET /temp/20180530152331/1527665020505.png
[2018-05-31 15:14:49.154] [WARN] access - GET /temp/20180530152331/1527665033573.png
[2018-05-31 15:14:49.158] [WARN] access - GET /temp/20180530152331/1527665071756.png
[2018-05-31 15:14:49.163] [WARN] access - GET /temp/20180530152331/1527665016458.png
[2018-05-31 15:14:51.062] [WARN] access - GET /temp/20180530152331/1527665067116.png
[2018-05-31 15:15:23.934] [WARN] access - GET /temp/20180530152331/1527665020505.png
[2018-05-31 15:15:23.938] [WARN] access - GET /temp/20180530152331/1527665033573.png
[2018-05-31 15:15:23.951] [WARN] access - GET /temp/20180530152331/1527665071756.png
[2018-05-31 15:15:23.959] [WARN] access - GET /temp/20180530152331/1527665016458.png
[2018-05-31 15:15:25.725] [WARN] access - GET /temp/20180530152331/1527665067116.png
[2018-05-31 15:17:31.441] [WARN] access - GET /temp/20180530152331/1527665020505.png
[2018-05-31 15:17:31.452] [WARN] access - GET /temp/20180530152331/1527665033573.png
[2018-05-31 15:17:31.464] [WARN] access - GET /temp/20180530152331/1527665071756.png
[2018-05-31 15:17:31.511] [WARN] access - GET /temp/20180530152331/1527665016458.png
[2018-05-31 15:17:33.354] [WARN] access - GET /temp/20180530152331/1527665067116.png
[2018-05-31 15:19:26.394] [WARN] access - GET /temp/20180530152331/1527665020505.png
[2018-05-31 15:19:26.400] [WARN] access - GET /temp/20180530152331/1527665071756.png
[2018-05-31 15:19:26.408] [WARN] access - GET /temp/20180530152331/1527665033573.png
[2018-05-31 15:19:26.423] [WARN] access - GET /temp/20180530152331/1527665016458.png
[2018-05-31 15:19:28.246] [WARN] access - GET /temp/20180530152331/1527665067116.png
[2018-05-31 15:20:30.752] [WARN] access - GET /temp/20180530152331/1527665020505.png
[2018-05-31 15:20:30.761] [WARN] access - GET /temp/20180530152331/1527665033573.png
[2018-05-31 15:20:30.767] [WARN] access - GET /temp/20180530152331/1527665071756.png
[2018-05-31 15:20:30.775] [WARN] access - GET /temp/20180530152331/1527665016458.png
[2018-05-31 15:20:56.458] [WARN] access - GET /temp/20180530152331/1527665020505.png
[2018-05-31 15:20:56.470] [WARN] access - GET /temp/20180530152331/1527665033573.png
[2018-05-31 15:20:56.478] [WARN] access - GET /temp/20180530152331/1527665071756.png
[2018-05-31 15:20:56.485] [WARN] access - GET /temp/20180530152331/1527665016458.png
[2018-05-31 15:21:09.067] [WARN] access - GET /temp/20180530152331/1527665020505.png
[2018-05-31 15:21:09.073] [WARN] access - GET /temp/20180530152331/1527665033573.png
[2018-05-31 15:21:09.082] [WARN] access - GET /temp/20180530152331/1527665071756.png
[2018-05-31 15:21:09.089] [WARN] access - GET /temp/20180530152331/1527665016458.png
[2018-05-31 15:25:05.356] [WARN] access - GET /temp/20180530152331/1527665020505.png
[2018-05-31 15:25:05.415] [WARN] access - GET /temp/20180530152331/1527665033573.png
[2018-05-31 15:25:05.419] [WARN] access - GET /temp/20180530152331/1527665071756.png
[2018-05-31 15:25:05.436] [WARN] access - GET /temp/20180530152331/1527665016458.png
[2018-05-31 15:25:07.289] [WARN] access - GET /temp/20180530152331/1527665067116.png
[2018-05-31 15:25:43.491] [WARN] access - GET /temp/20180530152331/1527665020505.png
[2018-05-31 15:25:43.501] [WARN] access - GET /temp/20180530152331/1527665033573.png
[2018-05-31 15:25:43.513] [WARN] access - GET /temp/20180530152331/1527665071756.png
[2018-05-31 15:25:43.521] [WARN] access - GET /temp/20180530152331/1527665016458.png
[2018-05-31 15:25:45.469] [WARN] access - GET /temp/20180530152331/1527665067116.png
[2018-05-31 15:25:50.742] [WARN] access - GET /temp/20180530152331/1527665020505.png
[2018-05-31 15:25:50.749] [WARN] access - GET /temp/20180530152331/1527665033573.png
[2018-05-31 15:25:50.773] [WARN] access - GET /temp/20180530152331/1527665071756.png
[2018-05-31 15:25:50.788] [WARN] access - GET /temp/20180530152331/1527665016458.png
[2018-05-31 15:25:52.750] [WARN] access - GET /temp/20180530152331/1527665067116.png
[2018-05-31 15:26:35.211] [WARN] access - GET /temp/20180530152331/1527665020505.png
[2018-05-31 15:26:35.225] [WARN] access - GET /temp/20180530152331/1527665033573.png
[2018-05-31 15:26:35.237] [WARN] access - GET /temp/20180530152331/1527665071756.png
[2018-05-31 15:26:35.258] [WARN] access - GET /temp/20180530152331/1527665016458.png
[2018-05-31 15:26:37.162] [WARN] access - GET /temp/20180530152331/1527665067116.png
[2018-05-31 15:27:20.307] [WARN] access - GET /temp/20180530152331/1527665020505.png
[2018-05-31 15:27:20.335] [WARN] access - GET /temp/20180530152331/1527665033573.png
[2018-05-31 15:27:20.343] [WARN] access - GET /temp/20180530152331/1527665071756.png
[2018-05-31 15:27:20.349] [WARN] access - GET /temp/20180530152331/1527665016458.png
[2018-05-31 15:27:22.323] [WARN] access - GET /temp/20180530152331/1527665067116.png
[2018-05-31 15:31:17.740] [WARN] access - GET /temp/20180530152331/1527665020505.png
[2018-05-31 15:31:17.748] [WARN] access - GET /temp/20180530152331/1527665033573.png
[2018-05-31 15:31:17.752] [WARN] access - GET /temp/20180530152331/1527665071756.png
[2018-05-31 15:31:17.760] [WARN] access - GET /temp/20180530152331/1527665016458.png
[2018-05-31 15:31:19.772] [WARN] access - GET /temp/20180530152331/1527665067116.png
[2018-05-31 15:39:28.774] [WARN] access - GET /temp/20180530152331/1527665020505.png
[2018-05-31 15:39:28.786] [WARN] access - GET /temp/20180530152331/1527665033573.png
[2018-05-31 15:39:28.798] [WARN] access - GET /temp/20180530152331/1527665071756.png
[2018-05-31 15:39:28.807] [WARN] access - GET /temp/20180530152331/1527665016458.png
[2018-05-31 15:39:30.621] [WARN] access - GET /temp/20180530152331/1527665067116.png
[2018-05-31 15:40:38.906] [WARN] access - GET /temp/20180530152331/1527665020505.png
[2018-05-31 15:40:38.918] [WARN] access - GET /temp/20180530152331/1527665033573.png
[2018-05-31 15:40:38.936] [WARN] access - GET /temp/20180530152331/1527665071756.png
[2018-05-31 15:40:38.942] [WARN] access - GET /temp/20180530152331/1527665016458.png
[2018-05-31 15:40:40.784] [WARN] access - GET /temp/20180530152331/1527665067116.png
[2018-05-31 15:40:41.561] [WARN] access - GET /temp/20180530152331/1527665020505.png
[2018-05-31 15:40:41.607] [WARN] access - GET /temp/20180530152331/1527665033573.png
[2018-05-31 15:40:41.614] [WARN] access - GET /temp/20180530152331/1527665071756.png
[2018-05-31 15:40:41.621] [WARN] access - GET /temp/20180530152331/1527665016458.png
[2018-05-31 15:40:43.641] [WARN] access - GET /temp/20180530152331/1527665067116.png
[2018-05-31 15:40:49.600] [WARN] access - GET /temp/20180530152331/1527665020505.png
[2018-05-31 15:40:49.627] [WARN] access - GET /temp/20180530152331/1527665033573.png
[2018-05-31 15:40:49.647] [WARN] access - GET /temp/20180530152331/1527665071756.png
[2018-05-31 15:40:49.676] [WARN] access - GET /temp/20180530152331/1527665016458.png
[2018-05-31 15:40:51.519] [WARN] access - GET /temp/20180530152331/1527665020505.png
[2018-05-31 15:40:51.529] [WARN] access - GET /temp/20180530152331/1527665033573.png
[2018-05-31 15:40:51.541] [WARN] access - GET /temp/20180530152331/1527665071756.png
[2018-05-31 15:40:51.552] [WARN] access - GET /temp/20180530152331/1527665016458.png
[2018-05-31 15:40:53.546] [WARN] access - GET /temp/20180530152331/1527665067116.png
[2018-05-31 15:41:04.652] [WARN] access - GET /temp/20180530152331/1527665020505.png
[2018-05-31 15:41:04.660] [WARN] access - GET /temp/20180530152331/1527665033573.png
[2018-05-31 15:41:04.670] [WARN] access - GET /temp/20180530152331/1527665071756.png
[2018-05-31 15:41:04.675] [WARN] access - GET /temp/20180530152331/1527665016458.png
[2018-05-31 15:41:06.718] [WARN] access - GET /temp/20180530152331/1527665067116.png
[2018-05-31 15:41:30.448] [WARN] access - GET /temp/20180530152331/1527665020505.png
[2018-05-31 15:41:30.460] [WARN] access - GET /temp/20180530152331/1527665033573.png
[2018-05-31 15:41:30.471] [WARN] access - GET /temp/20180530152331/1527665071756.png
[2018-05-31 15:41:30.480] [WARN] access - GET /temp/20180530152331/1527665016458.png
[2018-05-31 15:41:32.496] [WARN] access - GET /temp/20180530152331/1527665067116.png
[2018-05-31 15:42:23.485] [WARN] access - GET /temp/20180530152331/1527665020505.png
[2018-05-31 15:42:23.496] [WARN] access - GET /temp/20180530152331/1527665033573.png
[2018-05-31 15:42:23.504] [WARN] access - GET /temp/20180530152331/1527665071756.png
[2018-05-31 15:42:23.516] [WARN] access - GET /temp/20180530152331/1527665016458.png
[2018-05-31 15:42:25.465] [WARN] access - GET /temp/20180530152331/1527665067116.png
[2018-05-31 15:43:01.626] [WARN] access - GET /temp/20180530152331/1527665020505.png
[2018-05-31 15:43:01.673] [WARN] access - GET /temp/20180530152331/1527665033573.png
[2018-05-31 15:43:01.689] [WARN] access - GET /temp/20180530152331/1527665071756.png
[2018-05-31 15:43:01.705] [WARN] access - GET /temp/20180530152331/1527665016458.png
[2018-05-31 15:43:03.654] [WARN] access - GET /temp/20180530152331/1527665067116.png
[2018-05-31 15:46:28.995] [WARN] access - GET /temp/20180530152331/1527665020505.png
[2018-05-31 15:46:29.000] [WARN] access - GET /temp/20180530152331/1527665033573.png
[2018-05-31 15:46:29.005] [WARN] access - GET /temp/20180530152331/1527665071756.png
[2018-05-31 15:46:29.009] [WARN] access - GET /temp/20180530152331/1527665016458.png
[2018-05-31 15:46:31.624] [WARN] access - GET /temp/20180530152331/1527665067116.png
[2018-05-31 15:46:38.122] [WARN] access - GET /temp/20180530152331/1527665020505.png
[2018-05-31 15:46:38.131] [WARN] access - GET /temp/20180530152331/1527665033573.png
[2018-05-31 15:46:38.135] [WARN] access - GET /temp/20180530152331/1527665071756.png
[2018-05-31 15:46:38.144] [WARN] access - GET /temp/20180530152331/1527665016458.png
[2018-05-31 15:46:40.120] [WARN] access - GET /temp/20180530152331/1527665067116.png
[2018-05-31 15:46:41.913] [WARN] access - GET /temp/20180530152331/1527665020505.png
[2018-05-31 15:46:41.952] [WARN] access - GET /temp/20180530152331/1527665033573.png
[2018-05-31 15:46:41.972] [WARN] access - GET /temp/20180530152331/1527665071756.png
[2018-05-31 15:46:41.978] [WARN] access - GET /temp/20180530152331/1527665016458.png
[2018-05-31 15:46:43.971] [WARN] access - GET /temp/20180530152331/1527665067116.png
[2018-05-31 15:47:18.481] [WARN] access - GET /temp/20180530152331/1527665020505.png
[2018-05-31 15:47:18.519] [WARN] access - GET /temp/20180530152331/1527665033573.png
[2018-05-31 15:47:18.550] [WARN] access - GET /temp/20180530152331/1527665071756.png
[2018-05-31 15:47:18.555] [WARN] access - GET /temp/20180530152331/1527665016458.png
[2018-05-31 15:47:20.656] [WARN] access - GET /temp/20180530152331/1527665067116.png
[2018-05-31 15:48:12.150] [WARN] access - GET /temp/20180530152331/1527665020505.png
[2018-05-31 15:48:12.156] [WARN] access - GET /temp/20180530152331/1527665033573.png
[2018-05-31 15:48:12.163] [WARN] access - GET /temp/20180530152331/1527665071756.png
[2018-05-31 15:48:12.168] [WARN] access - GET /temp/20180530152331/1527665016458.png
[2018-05-31 15:48:14.152] [WARN] access - GET /temp/20180530152331/1527665067116.png
[2018-05-31 15:50:27.818] [WARN] access - GET /temp/20180530152331/1527665020505.png
[2018-05-31 15:50:27.839] [WARN] access - GET /temp/20180530152331/1527665071756.png
[2018-05-31 15:50:27.859] [WARN] access - GET /temp/20180530152331/1527665033573.png
[2018-05-31 15:50:27.877] [WARN] access - GET /temp/20180530152331/1527665016458.png
[2018-05-31 15:50:29.850] [WARN] access - GET /temp/20180530152331/1527665067116.png
[2018-05-31 15:50:54.161] [WARN] access - GET /temp/20180530152331/1527665020505.png
[2018-05-31 15:50:54.175] [WARN] access - GET /temp/20180530152331/1527665033573.png
[2018-05-31 15:50:54.180] [WARN] access - GET /temp/20180530152331/1527665071756.png
[2018-05-31 15:50:54.183] [WARN] access - GET /temp/20180530152331/1527665016458.png
[2018-05-31 15:50:56.156] [WARN] access - GET /temp/20180530152331/1527665067116.png
[2018-05-31 16:15:51.168] [WARN] access - GET /temp/20180530152331/1527665020505.png
[2018-05-31 16:15:51.221] [WARN] access - GET /temp/20180530152331/1527665033573.png
[2018-05-31 16:15:51.258] [WARN] access - GET /temp/20180530152331/1527665016458.png
[2018-05-31 16:15:51.323] [WARN] access - GET /temp/20180530152331/1527665071756.png
[2018-05-31 16:15:53.899] [WARN] access - GET /temp/20180530152331/1527665020505.png
[2018-05-31 16:15:53.923] [WARN] access - GET /temp/20180530152331/1527665033573.png
[2018-05-31 16:15:53.940] [WARN] access - GET /temp/20180530152331/1527665071756.png
[2018-05-31 16:15:53.953] [WARN] access - GET /temp/20180530152331/1527665016458.png
[2018-05-31 16:15:55.862] [WARN] access - GET /temp/20180530152331/1527665067116.png
[2018-05-31 16:16:22.346] [WARN] access - GET /temp/20180530152331/1527665033573.png
[2018-05-31 16:16:22.354] [WARN] access - GET /temp/20180530152331/1527665020505.png
[2018-05-31 16:16:22.363] [WARN] access - GET /temp/20180530152331/1527665071756.png
[2018-05-31 16:16:22.511] [WARN] access - GET /temp/20180530152331/1527665016458.png
[2018-05-31 16:16:24.235] [WARN] access - GET /temp/20180530152331/1527665067116.png
[2018-05-31 16:18:25.233] [WARN] access - GET /temp/20180530152331/1527665020505.png
[2018-05-31 16:18:25.245] [WARN] access - GET /temp/20180530152331/1527665033573.png
[2018-05-31 16:18:25.258] [WARN] access - GET /temp/20180530152331/1527665071756.png
[2018-05-31 16:18:25.262] [WARN] access - GET /temp/20180530152331/1527665016458.png
[2018-05-31 16:18:27.140] [WARN] access - GET /temp/20180530152331/1527665067116.png
[2018-05-31 16:19:02.650] [WARN] access - GET /temp/20180530152331/1527665020505.png
[2018-05-31 16:19:02.695] [WARN] access - GET /temp/20180530152331/1527665033573.png
[2018-05-31 16:19:02.709] [WARN] access - GET /temp/20180530152331/1527665071756.png
[2018-05-31 16:19:02.714] [WARN] access - GET /temp/20180530152331/1527665016458.png
[2018-05-31 16:19:04.666] [WARN] access - GET /temp/20180530152331/1527665067116.png
[2018-05-31 16:19:28.994] [WARN] access - GET /temp/20180530152331/1527665020505.png
[2018-05-31 16:19:29.014] [WARN] access - GET /temp/20180530152331/1527665033573.png
[2018-05-31 16:19:29.019] [WARN] access - GET /temp/20180530152331/1527665071756.png
[2018-05-31 16:19:29.033] [WARN] access - GET /temp/20180530152331/1527665016458.png
[2018-05-31 16:20:07.090] [WARN] access - GET /temp/20180530152331/1527665067116.png
[2018-05-31 16:20:09.569] [WARN] access - GET /temp/20180530152331/1527665020505.png
[2018-05-31 16:20:09.597] [WARN] access - GET /temp/20180530152331/1527665033573.png
[2018-05-31 16:20:09.617] [WARN] access - GET /temp/20180530152331/1527665071756.png
[2018-05-31 16:20:09.635] [WARN] access - GET /temp/20180530152331/1527665016458.png
[2018-05-31 16:20:15.644] [WARN] access - GET /temp/20180530152331/1527665067116.png
[2018-05-31 16:20:40.823] [WARN] access - GET /temp/20180530152331/1527665020505.png
[2018-05-31 16:20:40.834] [WARN] access - GET /temp/20180530152331/1527665071756.png
[2018-05-31 16:20:40.844] [WARN] access - GET /temp/20180530152331/1527665033573.png
[2018-05-31 16:20:40.867] [WARN] access - GET /temp/20180530152331/1527665016458.png
[2018-05-31 16:20:42.816] [WARN] access - GET /temp/20180530152331/1527665067116.png
[2018-05-31 16:20:43.130] [WARN] access - GET /temp/20180530152331/1527665020505.png
[2018-05-31 16:20:43.138] [WARN] access - GET /temp/20180530152331/1527665033573.png
[2018-05-31 16:20:43.148] [WARN] access - GET /temp/20180530152331/1527665071756.png
[2018-05-31 16:20:43.162] [WARN] access - GET /temp/20180530152331/1527665016458.png
[2018-05-31 16:20:45.114] [WARN] access - GET /temp/20180530152331/1527665067116.png
[2018-05-31 16:21:36.404] [WARN] access - GET /temp/20180530152331/1527665020505.png
[2018-05-31 16:21:36.415] [WARN] access - GET /temp/20180530152331/1527665033573.png
[2018-05-31 16:21:36.422] [WARN] access - GET /temp/20180530152331/1527665071756.png
[2018-05-31 16:21:36.435] [WARN] access - GET /temp/20180530152331/1527665016458.png
[2018-05-31 16:21:38.344] [WARN] access - GET /temp/20180530152331/1527665067116.png
[2018-05-31 16:21:51.860] [WARN] access - GET /temp/20180530152331/1527665020505.png
[2018-05-31 16:21:51.954] [WARN] access - GET /temp/20180530152331/1527665033573.png
[2018-05-31 16:21:51.961] [WARN] access - GET /temp/20180530152331/1527665071756.png
[2018-05-31 16:21:51.973] [WARN] access - GET /temp/20180530152331/1527665016458.png
[2018-05-31 16:21:53.901] [WARN] access - GET /temp/20180530152331/1527665067116.png
[2018-05-31 16:21:54.479] [WARN] access - GET /temp/20180530152331/1527665020505.png
[2018-05-31 16:21:54.485] [WARN] access - GET /temp/20180530152331/1527665033573.png
[2018-05-31 16:21:54.491] [WARN] access - GET /temp/20180530152331/1527665071756.png
[2018-05-31 16:21:54.497] [WARN] access - GET /temp/20180530152331/1527665016458.png
[2018-05-31 16:21:56.474] [WARN] access - GET /temp/20180530152331/1527665067116.png
[2018-05-31 16:22:53.657] [WARN] access - GET /temp/20180530152331/1527665020505.png
[2018-05-31 16:22:53.695] [WARN] access - GET /temp/20180530152331/1527665033573.png
[2018-05-31 16:22:53.710] [WARN] access - GET /temp/20180530152331/1527665071756.png
[2018-05-31 16:22:53.733] [WARN] access - GET /temp/20180530152331/1527665016458.png
[2018-05-31 16:22:55.570] [WARN] access - GET /temp/20180530152331/1527665067116.png
[2018-05-31 16:26:49.081] [WARN] access - GET /temp/20180530152331/1527665033573.png
[2018-05-31 16:26:49.111] [WARN] access - GET /temp/20180530152331/1527665020505.png
[2018-05-31 16:26:49.147] [WARN] access - GET /temp/20180530152331/1527665071756.png
[2018-05-31 16:26:49.173] [WARN] access - GET /temp/20180530152331/1527665016458.png
[2018-05-31 16:26:50.627] [WARN] access - GET /temp/20180530152331/1527665067116.png
[2018-05-31 16:49:49.861] [WARN] access - GET /temp/20180530152331/1527665020505.png
[2018-05-31 16:49:49.872] [WARN] access - GET /temp/20180530152331/1527665071756.png
[2018-05-31 16:49:49.876] [WARN] access - GET /temp/20180530152331/1527665033573.png
[2018-05-31 16:49:49.883] [WARN] access - GET /temp/20180530152331/1527665016458.png
[2018-05-31 16:50:11.519] [WARN] access - GET /temp/20180530152331/1527665020505.png
[2018-05-31 16:50:11.523] [WARN] access - GET /temp/20180530152331/1527665033573.png
[2018-05-31 16:50:11.528] [WARN] access - GET /temp/20180530152331/1527665071756.png
[2018-05-31 16:50:11.534] [WARN] access - GET /temp/20180530152331/1527665016458.png
[2018-05-31 16:50:13.544] [WARN] access - GET /temp/20180530152331/1527665067116.png
[2018-05-31 17:00:06.610] [WARN] access - GET /temp/20180530152331/1527665071756.png
[2018-05-31 17:00:06.616] [WARN] access - GET /temp/20180530152331/1527665016458.png
[2018-05-31 17:00:06.620] [WARN] access - GET /temp/20180530152331/1527665020505.png
[2018-05-31 17:00:06.624] [WARN] access - GET /temp/20180530152331/1527665033573.png
[2018-05-31 17:04:45.210] [INFO] access - GET /api/act/components/lists?keys=
[2018-05-31 18:38:44.078] [WARN] access - GET /temp/20180530152331/1527665020505.png
[2018-05-31 18:38:44.094] [WARN] access - GET /temp/20180530152331/1527665033573.png
[2018-05-31 18:38:44.099] [WARN] access - GET /temp/20180530152331/1527665071756.png
[2018-05-31 18:38:44.104] [WARN] access - GET /temp/20180530152331/1527665016458.png
[2018-05-31 18:38:46.079] [WARN] access - GET /temp/20180530152331/1527665067116.png
[2018-05-31 18:39:20.128] [WARN] access - GET /temp/20180530152331/1527665020505.png
[2018-05-31 18:39:20.134] [WARN] access - GET /temp/20180530152331/1527665033573.png
[2018-05-31 18:39:20.139] [WARN] access - GET /temp/20180530152331/1527665071756.png
[2018-05-31 18:39:20.144] [WARN] access - GET /temp/20180530152331/1527665016458.png
[2018-05-31 18:39:22.157] [WARN] access - GET /temp/20180530152331/1527665067116.png
[2018-05-31 18:41:39.097] [WARN] access - GET /temp/20180530152331/1527665020505.png
[2018-05-31 18:41:39.103] [WARN] access - GET /temp/20180530152331/1527665033573.png
[2018-05-31 18:41:39.107] [WARN] access - GET /temp/20180530152331/1527665071756.png
[2018-05-31 18:41:39.110] [WARN] access - GET /temp/20180530152331/1527665016458.png
[2018-05-31 18:41:41.145] [WARN] access - GET /temp/20180530152331/1527665067116.png
[2018-05-31 18:42:40.461] [WARN] access - GET /temp/20180530152331/1527665020505.png
[2018-05-31 18:42:40.466] [WARN] access - GET /temp/20180530152331/1527665033573.png
[2018-05-31 18:42:40.478] [WARN] access - GET /temp/20180530152331/1527665071756.png
[2018-05-31 18:42:40.485] [WARN] access - GET /temp/20180530152331/1527665016458.png
[2018-05-31 18:42:42.531] [WARN] access - GET /temp/20180530152331/1527665067116.png
[2018-05-31 18:42:43.020] [WARN] access - GET /temp/20180530152331/1527665020505.png
[2018-05-31 18:42:43.050] [WARN] access - GET /temp/20180530152331/1527665033573.png
[2018-05-31 18:42:43.056] [WARN] access - GET /temp/20180530152331/1527665071756.png
[2018-05-31 18:42:43.060] [WARN] access - GET /temp/20180530152331/1527665016458.png
[2018-05-31 18:42:45.133] [WARN] access - GET /temp/20180530152331/1527665067116.png
[2018-05-31 18:44:03.660] [WARN] access - GET /temp/20180530152331/1527665020505.png
[2018-05-31 18:44:03.665] [WARN] access - GET /temp/20180530152331/1527665033573.png
[2018-05-31 18:44:03.669] [WARN] access - GET /temp/20180530152331/1527665071756.png
[2018-05-31 18:44:03.673] [WARN] access - GET /temp/20180530152331/1527665016458.png
[2018-05-31 18:44:05.708] [WARN] access - GET /temp/20180530152331/1527665067116.png
[2018-05-31 18:44:30.913] [WARN] access - GET /temp/20180530152331/1527665020505.png
[2018-05-31 18:44:30.918] [WARN] access - GET /temp/20180530152331/1527665033573.png
[2018-05-31 18:44:30.934] [WARN] access - GET /temp/20180530152331/1527665071756.png
[2018-05-31 18:44:30.938] [WARN] access - GET /temp/20180530152331/1527665016458.png
[2018-05-31 18:44:32.954] [WARN] access - GET /temp/20180530152331/1527665067116.png
[2018-05-31 18:44:39.052] [WARN] access - GET /temp/20180530152331/1527665020505.png
[2018-05-31 18:44:39.056] [WARN] access - GET /temp/20180530152331/1527665033573.png
[2018-05-31 18:44:39.061] [WARN] access - GET /temp/20180530152331/1527665071756.png
[2018-05-31 18:44:39.064] [WARN] access - GET /temp/20180530152331/1527665016458.png
[2018-05-31 18:44:41.084] [WARN] access - GET /temp/20180530152331/1527665067116.png
[2018-05-31 18:46:21.027] [WARN] access - GET /temp/20180530152331/1527665020505.png
[2018-05-31 18:46:21.033] [WARN] access - GET /temp/20180530152331/1527665033573.png
[2018-05-31 18:46:21.039] [WARN] access - GET /temp/20180530152331/1527665071756.png
[2018-05-31 18:46:21.048] [WARN] access - GET /temp/20180530152331/1527665016458.png
[2018-05-31 18:46:23.141] [WARN] access - GET /temp/20180530152331/1527665067116.png
[2018-05-31 18:48:21.509] [WARN] access - GET /temp/20180530152331/1527665020505.png
[2018-05-31 18:48:21.514] [WARN] access - GET /temp/20180530152331/1527665033573.png
[2018-05-31 18:48:21.519] [WARN] access - GET /temp/20180530152331/1527665071756.png
[2018-05-31 18:48:21.523] [WARN] access - GET /temp/20180530152331/1527665016458.png
[2018-05-31 18:48:24.125] [WARN] access - GET /temp/20180530152331/1527665067116.png
[2018-05-31 18:53:08.705] [WARN] access - GET /temp/20180530152331/1527665020505.png
[2018-05-31 18:53:08.725] [WARN] access - GET /temp/20180530152331/1527665033573.png
[2018-05-31 18:53:08.732] [WARN] access - GET /temp/20180530152331/1527665071756.png
[2018-05-31 18:53:08.736] [WARN] access - GET /temp/20180530152331/1527665016458.png
[2018-05-31 18:54:03.382] [WARN] access - GET /temp/20180530152331/1527665020505.png
[2018-05-31 18:54:03.393] [WARN] access - GET /temp/20180530152331/1527665033573.png
[2018-05-31 18:54:03.421] [WARN] access - GET /temp/20180530152331/1527665071756.png
[2018-05-31 18:54:03.439] [WARN] access - GET /temp/20180530152331/1527665016458.png
[2018-05-31 18:54:05.339] [WARN] access - GET /temp/20180530152331/1527665067116.png
[2018-05-31 18:54:29.980] [WARN] access - GET /temp/20180530152331/1527665020505.png
[2018-05-31 18:54:30.001] [WARN] access - GET /temp/20180530152331/1527665033573.png
[2018-05-31 18:54:30.022] [WARN] access - GET /temp/20180530152331/1527665071756.png
[2018-05-31 18:54:30.054] [WARN] access - GET /temp/20180530152331/1527665016458.png
[2018-05-31 18:54:31.732] [WARN] access - GET /temp/20180530152331/1527665067116.png
[2018-05-31 18:54:55.875] [WARN] access - GET /temp/20180530152331/1527665020505.png
[2018-05-31 18:54:55.905] [WARN] access - GET /temp/20180530152331/1527665033573.png
[2018-05-31 18:54:55.909] [WARN] access - GET /temp/20180530152331/1527665071756.png
[2018-05-31 18:54:55.913] [WARN] access - GET /temp/20180530152331/1527665016458.png
[2018-05-31 18:54:57.943] [WARN] access - GET /temp/20180530152331/1527665067116.png
[2018-05-31 18:54:58.146] [WARN] access - GET /temp/20180530152331/1527665020505.png
[2018-05-31 18:54:58.152] [WARN] access - GET /temp/20180530152331/1527665033573.png
[2018-05-31 18:54:58.158] [WARN] access - GET /temp/20180530152331/1527665071756.png
[2018-05-31 18:54:58.163] [WARN] access - GET /temp/20180530152331/1527665016458.png
[2018-05-31 18:55:00.194] [WARN] access - GET /temp/20180530152331/1527665067116.png
[2018-05-31 18:55:00.377] [WARN] access - GET /temp/20180530152331/1527665020505.png
[2018-05-31 18:55:00.395] [WARN] access - GET /temp/20180530152331/1527665033573.png
[2018-05-31 18:55:00.400] [WARN] access - GET /temp/20180530152331/1527665071756.png
[2018-05-31 18:55:00.405] [WARN] access - GET /temp/20180530152331/1527665016458.png
[2018-05-31 18:55:02.404] [WARN] access - GET /temp/20180530152331/1527665067116.png
[2018-05-31 18:55:19.520] [WARN] access - GET /temp/20180530152331/1527665020505.png
[2018-05-31 18:55:19.553] [WARN] access - GET /temp/20180530152331/1527665071756.png
[2018-05-31 18:55:19.582] [WARN] access - GET /temp/20180530152331/1527665033573.png
[2018-05-31 18:55:19.597] [WARN] access - GET /temp/20180530152331/1527665016458.png
[2018-05-31 18:55:21.501] [WARN] access - GET /temp/20180530152331/1527665067116.png
[2018-05-31 18:56:04.617] [WARN] access - GET /temp/20180530152331/1527665020505.png
[2018-05-31 18:56:04.625] [WARN] access - GET /temp/20180530152331/1527665071756.png
[2018-05-31 18:56:04.629] [WARN] access - GET /temp/20180530152331/1527665033573.png
[2018-05-31 18:56:04.634] [WARN] access - GET /temp/20180530152331/1527665016458.png
[2018-05-31 18:56:06.633] [WARN] access - GET /temp/20180530152331/1527665067116.png
[2018-05-31 18:56:23.047] [WARN] access - GET /temp/20180530152331/1527665020505.png
[2018-05-31 18:56:23.072] [WARN] access - GET /temp/20180530152331/1527665033573.png
[2018-05-31 18:56:23.076] [WARN] access - GET /temp/20180530152331/1527665071756.png
[2018-05-31 18:56:23.081] [WARN] access - GET /temp/20180530152331/1527665016458.png
[2018-05-31 18:56:24.908] [WARN] access - GET /temp/20180530152331/1527665020505.png
[2018-05-31 18:56:24.927] [WARN] access - GET /temp/20180530152331/1527665033573.png
[2018-05-31 18:56:24.930] [WARN] access - GET /temp/20180530152331/1527665071756.png
[2018-05-31 18:56:24.935] [WARN] access - GET /temp/20180530152331/1527665016458.png
[2018-05-31 18:56:41.358] [WARN] access - GET /temp/20180530152331/1527665020505.png
[2018-05-31 18:56:41.362] [WARN] access - GET /temp/20180530152331/1527665033573.png
[2018-05-31 18:56:41.366] [WARN] access - GET /temp/20180530152331/1527665071756.png
[2018-05-31 18:56:41.371] [WARN] access - GET /temp/20180530152331/1527665016458.png
[2018-05-31 18:56:43.401] [WARN] access - GET /temp/20180530152331/1527665067116.png
[2018-05-31 18:57:23.595] [WARN] access - GET /temp/20180530152331/1527665020505.png
[2018-05-31 18:57:23.608] [WARN] access - GET /temp/20180530152331/1527665033573.png
[2018-05-31 18:57:23.615] [WARN] access - GET /temp/20180530152331/1527665071756.png
[2018-05-31 18:57:23.623] [WARN] access - GET /temp/20180530152331/1527665016458.png
[2018-05-31 18:57:25.664] [WARN] access - GET /temp/20180530152331/1527665067116.png
[2018-05-31 18:58:30.145] [WARN] access - GET /temp/20180530152331/1527665020505.png
[2018-05-31 18:58:30.153] [WARN] access - GET /temp/20180530152331/1527665033573.png
[2018-05-31 18:58:30.158] [WARN] access - GET /temp/20180530152331/1527665071756.png
[2018-05-31 18:58:30.162] [WARN] access - GET /temp/20180530152331/1527665016458.png
[2018-05-31 18:58:32.183] [WARN] access - GET /temp/20180530152331/1527665067116.png
[2018-05-31 18:59:05.981] [WARN] access - GET /temp/20180530152331/1527665020505.png
[2018-05-31 18:59:05.996] [WARN] access - GET /temp/20180530152331/1527665016458.png
[2018-05-31 18:59:06.011] [WARN] access - GET /temp/20180530152331/1527665033573.png
[2018-05-31 18:59:06.025] [WARN] access - GET /temp/20180530152331/1527665071756.png
[2018-05-31 18:59:08.902] [WARN] access - GET /temp/20180530152331/1527665020505.png
[2018-05-31 18:59:08.907] [WARN] access - GET /temp/20180530152331/1527665033573.png
[2018-05-31 18:59:08.914] [WARN] access - GET /temp/20180530152331/1527665071756.png
[2018-05-31 18:59:08.924] [WARN] access - GET /temp/20180530152331/1527665016458.png
[2018-05-31 18:59:10.969] [WARN] access - GET /temp/20180530152331/1527665067116.png
[2018-05-31 19:01:19.987] [WARN] access - GET /temp/20180530152331/1527665020505.png
[2018-05-31 19:01:19.992] [WARN] access - GET /temp/20180530152331/1527665071756.png
[2018-05-31 19:01:19.999] [WARN] access - GET /temp/20180530152331/1527665033573.png
[2018-05-31 19:01:20.009] [WARN] access - GET /temp/20180530152331/1527665016458.png
[2018-05-31 19:01:21.941] [WARN] access - GET /temp/20180530152331/1527665067116.png
[2018-05-31 19:02:05.258] [WARN] access - GET /temp/20180530152331/1527665020505.png
[2018-05-31 19:02:05.288] [WARN] access - GET /temp/20180530152331/1527665033573.png
[2018-05-31 19:02:05.308] [WARN] access - GET /temp/20180530152331/1527665071756.png
[2018-05-31 19:02:05.350] [WARN] access - GET /temp/20180530152331/1527665016458.png
[2018-05-31 19:02:07.139] [WARN] access - GET /temp/20180530152331/1527665067116.png
[2018-05-31 19:19:30.924] [WARN] access - GET /temp/20180530152331/1527665020505.png
[2018-05-31 19:19:30.953] [WARN] access - GET /temp/20180530152331/1527665071756.png
[2018-05-31 19:19:30.958] [WARN] access - GET /temp/20180530152331/1527665033573.png
[2018-05-31 19:19:30.963] [WARN] access - GET /temp/20180530152331/1527665016458.png
[2018-05-31 19:21:32.596] [WARN] access - GET /temp/20180530152331/1527665020505.png
[2018-05-31 19:21:32.600] [WARN] access - GET /temp/20180530152331/1527665033573.png
[2018-05-31 19:21:32.609] [WARN] access - GET /temp/20180530152331/1527665071756.png
[2018-05-31 19:21:32.620] [WARN] access - GET /temp/20180530152331/1527665016458.png
