[2018-03-26 09:42:20.962] [WARN] access - GET /api/act/config/lists?keys=
[2018-03-26 09:51:31.153] [INFO] access - PUT /api/act/config/5
[2018-03-26 09:51:31.185] [INFO] access - GET /api/act/config/lists?keys=
[2018-03-26 09:51:39.731] [INFO] access - PUT /api/act/config/2
[2018-03-26 09:51:39.762] [INFO] access - GET /api/act/config/lists?keys=
[2018-03-26 11:55:14.205] [WARN] access - GET /api/act/lists?keys=&pageSize=15&pageIndex=1
[2018-03-26 11:55:16.673] [INFO] access - GET /api/act/98
[2018-03-26 11:55:16.677] [INFO] access - GET /api/act/config/lists
[2018-03-26 11:56:27.815] [WARN] access - GET /api/user/userInfo
[2018-03-26 11:56:27.824] [WARN] access - GET /api/menu/listsTree
[2018-03-26 11:56:27.832] [INFO] access - GET /api/act/98
[2018-03-26 11:56:27.843] [WARN] access - GET /api/act/config/lists
[2018-03-26 12:00:22.755] [WARN] access - GET /api/menu/listsTree
[2018-03-26 12:00:22.760] [WARN] access - GET /api/user/userInfo
[2018-03-26 12:00:27.992] [WARN] access - GET /api/act/lists?keys=&pageSize=15&pageIndex=1
[2018-03-26 12:02:07.867] [INFO] access - GET /api/act/98
[2018-03-26 12:02:07.871] [WARN] access - GET /api/act/config/lists
[2018-03-26 12:42:56.051] [WARN] access - GET /api/user/userInfo
[2018-03-26 12:42:56.058] [WARN] access - GET /api/menu/listsTree
[2018-03-26 12:42:56.063] [INFO] access - GET /api/act/98
[2018-03-26 12:42:56.067] [WARN] access - GET /api/act/config/lists
[2018-03-26 12:43:03.409] [INFO] access - POST /api/act/upload
[2018-03-26 12:43:17.646] [INFO] access - POST /api/act/upload
[2018-03-26 12:43:49.534] [INFO] access - POST /api/act/upload
[2018-03-26 12:43:56.544] [INFO] access - POST /api/act/publish
[2018-03-26 12:44:00.936] [WARN] access - GET /api/user/userInfo
[2018-03-26 12:44:00.949] [WARN] access - GET /api/menu/listsTree
[2018-03-26 12:44:00.955] [INFO] access - GET /api/act/lists?keys=&pageSize=15&pageIndex=1
[2018-03-26 12:44:03.549] [INFO] access - GET /api/act/98
[2018-03-26 12:44:03.552] [WARN] access - GET /api/act/config/lists
[2018-03-26 12:44:43.350] [WARN] access - GET /api/user/userInfo
[2018-03-26 12:44:43.358] [WARN] access - GET /api/menu/listsTree
[2018-03-26 12:44:43.365] [INFO] access - GET /api/act/98
[2018-03-26 12:44:43.370] [WARN] access - GET /api/act/config/lists
[2018-03-26 12:44:49.836] [INFO] access - POST /api/act/upload
[2018-03-26 12:44:59.533] [INFO] access - POST /api/act/upload
[2018-03-26 12:45:08.489] [INFO] access - POST /api/act/upload
[2018-03-26 12:45:12.834] [INFO] access - POST /api/act/publish
[2018-03-26 12:45:53.136] [WARN] access - GET /api/user/userInfo
[2018-03-26 12:45:53.145] [WARN] access - GET /api/menu/listsTree
[2018-03-26 12:45:53.160] [INFO] access - GET /api/act/lists?keys=&pageSize=15&pageIndex=1
[2018-03-26 12:45:56.219] [INFO] access - GET /api/act/98
[2018-03-26 12:45:56.223] [WARN] access - GET /api/act/config/lists
[2018-03-26 12:48:21.921] [WARN] access - GET /api/menu/listsTree
[2018-03-26 12:48:21.931] [WARN] access - GET /api/user/userInfo
[2018-03-26 12:48:21.937] [INFO] access - GET /api/act/98
[2018-03-26 12:48:21.942] [WARN] access - GET /api/act/config/lists
[2018-03-26 12:48:27.939] [WARN] access - GET /api/menu/listsTree
[2018-03-26 12:48:27.944] [WARN] access - GET /api/user/userInfo
[2018-03-26 12:48:27.967] [INFO] access - GET /api/act/98
[2018-03-26 12:48:27.972] [WARN] access - GET /api/act/config/lists
[2018-03-26 12:49:29.013] [WARN] access - GET /api/menu/listsTree
[2018-03-26 12:49:29.025] [WARN] access - GET /api/user/userInfo
[2018-03-26 12:49:29.046] [INFO] access - GET /api/act/98
[2018-03-26 12:49:29.049] [WARN] access - GET /api/act/config/lists
[2018-03-26 13:04:07.605] [WARN] access - GET /api/user/userInfo
[2018-03-26 13:04:07.612] [WARN] access - GET /api/menu/listsTree
[2018-03-26 13:04:07.619] [INFO] access - GET /api/act/98
[2018-03-26 13:04:07.623] [WARN] access - GET /api/act/config/lists
[2018-03-26 13:19:49.688] [WARN] access - GET /api/act/config/lists?keys=
[2018-03-26 13:20:09.923] [WARN] access - GET /api/act/lists?keys=&pageSize=15&pageIndex=1
[2018-03-26 13:43:05.298] [WARN] access - GET /api/config/lists?keys=&pageSize=15&pageIndex=1
[2018-03-26 13:43:07.867] [WARN] access - GET /api/menu/listsTree
[2018-03-26 13:43:07.873] [WARN] access - GET /api/menu/lists?keys=
[2018-03-26 13:43:07.888] [WARN] access - GET /api/menu/listsTree
[2018-03-26 13:48:55.155] [WARN] access - GET /api/act/config/lists?keys=
[2018-03-26 13:49:02.015] [INFO] access - GET /api/act/lists?keys=&pageSize=15&pageIndex=1
[2018-03-26 15:16:48.792] [WARN] access - GET /api/act/config/lists?keys=
[2018-03-26 16:29:21.141] [WARN] access - GET /api/act/lists?keys=&pageSize=15&pageIndex=1
[2018-03-26 16:29:24.531] [INFO] access - GET /api/act/98
[2018-03-26 16:29:24.547] [WARN] access - GET /api/act/config/lists
[2018-03-26 16:29:30.754] [WARN] access - GET /api/act/lists?keys=&pageSize=15&pageIndex=1
[2018-03-26 16:29:33.342] [INFO] access - GET /api/act/98
[2018-03-26 16:29:33.437] [WARN] access - GET /api/act/config/lists
[2018-03-26 16:30:32.647] [WARN] access - GET /api/menu/listsTree
[2018-03-26 16:30:32.682] [WARN] access - GET /api/user/userInfo
[2018-03-26 16:30:32.698] [INFO] access - GET /api/act/98
[2018-03-26 16:30:32.717] [WARN] access - GET /api/act/config/lists
[2018-03-26 17:12:54.616] [WARN] access - GET /api/menu/listsTree
[2018-03-26 17:12:54.635] [WARN] access - GET /api/user/userInfo
[2018-03-26 17:12:54.686] [INFO] access - GET /api/act/98
[2018-03-26 17:12:54.708] [WARN] access - GET /api/act/config/lists
[2018-03-26 17:15:36.198] [WARN] access - GET /api/menu/listsTree
[2018-03-26 17:15:36.211] [WARN] access - GET /api/user/userInfo
[2018-03-26 17:15:36.217] [INFO] access - GET /api/act/98
[2018-03-26 17:15:36.223] [WARN] access - GET /api/act/config/lists
[2018-03-26 17:34:35.584] [INFO] access - GET /api/act/98
[2018-03-26 17:34:35.784] [WARN] access - GET /api/act/config/lists
[2018-03-26 17:38:36.636] [WARN] access - GET /api/menu/listsTree
[2018-03-26 17:38:36.655] [WARN] access - GET /api/user/userInfo
[2018-03-26 17:38:36.671] [INFO] access - GET /api/act/98
[2018-03-26 17:38:36.679] [WARN] access - GET /api/act/config/lists
[2018-03-26 17:38:46.871] [INFO] access - POST /api/act/upload
[2018-03-26 17:39:02.160] [INFO] access - POST /api/act/upload
[2018-03-26 17:47:40.053] [WARN] access - GET /api/user/userInfo
[2018-03-26 17:48:38.589] [WARN] access - GET /api/user/userInfo
[2018-03-26 17:49:53.981] [WARN] access - GET /api/user/userInfo
[2018-03-26 17:52:03.015] [WARN] access - GET /api/user/userInfo
[2018-03-26 17:52:16.787] [WARN] access - GET /api/user/userInfo
[2018-03-26 17:52:46.563] [WARN] access - GET /api/user/userInfo
[2018-03-26 17:53:16.275] [WARN] access - GET /api/user/userInfo
[2018-03-26 17:53:47.115] [WARN] access - GET /api/user/userInfo
[2018-03-26 17:54:27.504] [WARN] access - GET /api/user/userInfo
[2018-03-26 17:54:31.078] [WARN] access - GET /api/user/userInfo
[2018-03-26 17:54:41.159] [WARN] access - GET /api/user/userInfo
[2018-03-26 17:54:52.170] [WARN] access - GET /api/user/userInfo
[2018-03-26 17:56:50.300] [WARN] access - GET /api/user/userInfo
[2018-03-26 17:57:22.316] [WARN] access - GET /api/user/userInfo
[2018-03-26 17:57:55.245] [WARN] access - GET /api/user/userInfo
[2018-03-26 18:00:22.436] [WARN] access - GET /api/user/userInfo
[2018-03-26 18:00:45.755] [WARN] access - GET /api/user/userInfo
[2018-03-26 18:03:06.512] [INFO] access - GET /api/act/98
[2018-03-26 18:03:06.522] [WARN] access - GET /api/act/config/lists
[2018-03-26 18:03:09.565] [WARN] access - GET /api/menu/listsTree
[2018-03-26 18:03:09.570] [WARN] access - GET /api/user/userInfo
[2018-03-26 18:03:09.589] [INFO] access - GET /api/act/98
[2018-03-26 18:03:09.592] [WARN] access - GET /api/act/config/lists
[2018-03-26 18:03:34.305] [WARN] access - GET /api/menu/listsTree
[2018-03-26 18:03:34.320] [WARN] access - GET /api/user/userInfo
[2018-03-26 18:03:34.337] [INFO] access - GET /api/act/98
[2018-03-26 18:03:34.338] [WARN] access - GET /api/act/config/lists
[2018-03-26 18:03:43.626] [INFO] access - POST /api/act/upload
[2018-03-26 18:04:45.104] [INFO] access - POST /api/act/upload
[2018-03-26 18:05:56.514] [INFO] access - POST /api/act/upload
[2018-03-26 18:08:49.424] [INFO] access - POST /api/act/upload
[2018-03-26 18:09:07.972] [INFO] access - POST /api/act/upload
[2018-03-26 18:11:15.353] [WARN] access - GET /api/menu/listsTree
[2018-03-26 18:11:15.358] [WARN] access - GET /api/user/userInfo
[2018-03-26 18:11:15.365] [INFO] access - GET /api/act/98
[2018-03-26 18:11:15.369] [WARN] access - GET /api/act/config/lists
[2018-03-26 18:11:31.331] [INFO] access - POST /api/act/upload
[2018-03-26 18:12:58.561] [WARN] access - GET /api/menu/listsTree
[2018-03-26 18:12:58.569] [WARN] access - GET /api/user/userInfo
[2018-03-26 18:12:58.574] [INFO] access - GET /api/act/98
[2018-03-26 18:12:58.582] [WARN] access - GET /api/act/config/lists
[2018-03-26 18:13:14.758] [INFO] access - GET /api/act/98
[2018-03-26 18:13:14.788] [WARN] access - GET /api/act/config/lists
[2018-03-26 18:13:16.636] [WARN] access - GET /api/menu/listsTree
[2018-03-26 18:13:16.650] [WARN] access - GET /api/user/userInfo
[2018-03-26 18:13:16.659] [INFO] access - GET /api/act/98
[2018-03-26 18:13:16.667] [WARN] access - GET /api/act/config/lists
[2018-03-26 18:13:31.661] [INFO] access - POST /api/act/upload
[2018-03-26 18:14:35.013] [INFO] access - POST /api/act/upload
[2018-03-26 18:15:51.435] [INFO] access - GET /api/act/98
[2018-03-26 18:15:51.596] [WARN] access - GET /api/act/config/lists
[2018-03-26 18:16:02.096] [INFO] access - GET /api/act/98
[2018-03-26 18:16:02.107] [WARN] access - GET /api/act/config/lists
[2018-03-26 18:16:04.864] [WARN] access - GET /api/menu/listsTree
[2018-03-26 18:16:04.902] [WARN] access - GET /api/user/userInfo
[2018-03-26 18:16:04.914] [INFO] access - GET /api/act/98
[2018-03-26 18:16:04.934] [WARN] access - GET /api/act/config/lists
[2018-03-26 18:16:13.949] [INFO] access - POST /api/act/upload
[2018-03-26 18:18:16.296] [INFO] access - GET /api/act/98
[2018-03-26 18:18:16.319] [WARN] access - GET /api/act/config/lists
[2018-03-26 18:18:28.545] [INFO] access - POST /api/act/upload
[2018-03-26 18:19:22.588] [WARN] access - GET /api/act/lists?keys=&pageSize=15&pageIndex=1
[2018-03-26 18:19:23.560] [WARN] access - GET /api/act/tpl/lists
[2018-03-26 18:19:23.590] [WARN] access - GET /images/act_tpl_image/1520574967573.jpg
[2018-03-26 18:19:23.596] [WARN] access - GET /images/act_tpl_image/1520488106123.png
[2018-03-26 18:19:26.704] [INFO] access - GET /api/act/tpl/53
[2018-03-26 18:19:26.804] [WARN] access - GET /api/act/config/lists
[2018-03-26 18:19:57.958] [INFO] access - POST /api/act/upload
[2018-03-26 18:27:01.410] [INFO] access - POST /api/act/upload
[2018-03-26 18:32:25.458] [INFO] access - POST /api/act/upload
[2018-03-26 18:34:38.076] [WARN] access - GET /api/user/userInfo
[2018-03-26 18:34:38.081] [WARN] access - GET /api/menu/listsTree
[2018-03-26 18:34:38.087] [INFO] access - GET /api/act/tpl/53
[2018-03-26 18:34:38.092] [WARN] access - GET /api/act/config/lists
[2018-03-26 18:34:45.183] [INFO] access - POST /api/act/upload
[2018-03-26 18:36:17.733] [WARN] access - GET /api/menu/listsTree
[2018-03-26 18:36:17.756] [WARN] access - GET /api/user/userInfo
[2018-03-26 18:36:17.762] [INFO] access - GET /api/act/tpl/53
[2018-03-26 18:36:17.768] [WARN] access - GET /api/act/config/lists
[2018-03-26 18:36:26.853] [INFO] access - POST /api/act/upload
[2018-03-26 18:36:52.721] [WARN] access - GET /api/menu/listsTree
[2018-03-26 18:36:52.726] [WARN] access - GET /api/user/userInfo
[2018-03-26 18:36:52.750] [INFO] access - GET /api/act/tpl/53
[2018-03-26 18:36:52.756] [WARN] access - GET /api/act/config/lists
[2018-03-26 18:37:05.195] [INFO] access - POST /api/act/upload
[2018-03-26 18:37:53.360] [WARN] access - GET /api/menu/listsTree
[2018-03-26 18:37:53.365] [WARN] access - GET /api/user/userInfo
[2018-03-26 18:37:53.386] [INFO] access - GET /api/act/tpl/53
[2018-03-26 18:37:53.391] [WARN] access - GET /api/act/config/lists
[2018-03-26 18:38:00.041] [INFO] access - POST /api/act/upload
[2018-03-26 18:48:12.087] [WARN] access - GET /api/menu/listsTree
[2018-03-26 18:48:12.094] [WARN] access - GET /api/user/userInfo
[2018-03-26 18:48:12.101] [INFO] access - GET /api/act/tpl/53
[2018-03-26 18:48:12.110] [WARN] access - GET /api/act/config/lists
[2018-03-26 18:48:19.221] [INFO] access - POST /api/act/upload
[2018-03-26 18:49:47.203] [WARN] access - GET /api/menu/listsTree
[2018-03-26 18:49:47.218] [WARN] access - GET /api/user/userInfo
[2018-03-26 18:49:47.224] [INFO] access - GET /api/act/tpl/53
[2018-03-26 18:49:47.235] [WARN] access - GET /api/act/config/lists
[2018-03-26 18:49:54.089] [INFO] access - POST /api/act/upload
[2018-03-26 18:53:53.753] [WARN] access - GET /api/user/userInfo
[2018-03-26 18:53:54.018] [INFO] access - GET /api/act/tpl/53
[2018-03-26 18:53:54.053] [WARN] access - GET /api/act/config/lists
[2018-03-26 18:54:04.597] [WARN] access - GET /api/user/userInfo
[2018-03-26 18:54:05.255] [INFO] access - GET /api/act/tpl/53
[2018-03-26 18:54:05.290] [WARN] access - GET /api/act/config/lists
[2018-03-26 18:54:14.885] [INFO] access - POST /api/act/upload
[2018-03-26 18:57:06.059] [INFO] access - POST /api/act/upload
[2018-03-26 18:58:02.917] [INFO] access - POST /api/act/upload
[2018-03-26 18:58:42.783] [INFO] access - POST /api/act/upload
[2018-03-26 18:59:03.514] [INFO] access - POST /api/act/upload
[2018-03-26 19:00:51.740] [INFO] access - POST /api/act/upload
[2018-03-26 19:07:46.618] [INFO] access - POST /api/act/upload
[2018-03-26 19:13:57.094] [WARN] access - GET /api/menu/listsTree
[2018-03-26 19:13:57.104] [WARN] access - GET /api/user/userInfo
[2018-03-26 19:13:57.112] [INFO] access - GET /api/act/tpl/53
[2018-03-26 19:13:57.122] [WARN] access - GET /api/act/config/lists
[2018-03-26 19:14:05.130] [INFO] access - POST /api/act/upload
[2018-03-26 19:14:10.690] [INFO] access - POST /api/act/upload
[2018-03-26 19:15:25.055] [INFO] access - POST /api/act/upload
[2018-03-26 19:18:30.692] [INFO] access - POST /api/act/upload
