[2017-11-22 10:02:09.567] [ERROR] access - GET /apis/news/
[2017-11-22 10:02:49.859] [ERROR] access - GET /apis/news/
[2017-11-22 10:03:10.171] [ERROR] access - GET /apis/news/
[2017-11-22 10:03:44.849] [ERROR] access - GET /apis/news/
[2017-11-22 10:10:32.527] [INFO] access - GET /apis/zixun/gongjijindaikuan
[2017-11-22 10:10:35.327] [INFO] access - GET /apis/zixun/gongjijindaikuan
[2017-11-22 10:10:41.697] [INFO] access - GET /apis/zixun/gongjijindaikuan
[2017-11-22 10:10:47.101] [INFO] access - GET /apis/zixun/gongjijindaikuan
[2017-11-22 10:10:50.249] [INFO] access - GET /apis/zixun/gongjijindaikuan?pn=2
[2017-11-22 10:15:56.584] [INFO] access - GET /apis/news/84
[2017-11-22 10:15:56.668] [INFO] access - GET /apis/wenda
[2017-11-22 10:21:49.446] [WARN] access - GET /apis/news/84
[2017-11-22 10:21:49.570] [INFO] access - GET /apis/wenda
[2017-11-22 10:21:58.932] [ERROR] access - GET /apis/news/
[2017-11-22 10:22:04.656] [INFO] access - GET /apis/zixun/gongjijindaikuan
[2017-11-22 10:23:17.163] [WARN] access - GET /apis/news/84
[2017-11-22 10:23:17.307] [INFO] access - GET /apis/wenda
[2017-11-22 10:23:30.007] [INFO] access - GET /apis/zixun/
[2017-11-22 10:23:36.724] [INFO] access - GET /apis/zixun/?pn=2
[2017-11-22 10:23:43.914] [INFO] access - GET /apis/zixun/?pn=3
[2017-11-22 10:23:45.434] [INFO] access - GET /apis/zixun/?pn=4
[2017-11-22 10:23:49.745] [INFO] access - GET /apis/zixun/?pn=5
[2017-11-22 10:24:58.089] [INFO] access - GET /apis/zixun/gongjijindaikuan
[2017-11-22 10:24:59.413] [INFO] access - GET /apis/zixun/xiaoedaikuan
[2017-11-22 10:25:13.918] [INFO] access - GET /apis/zixun/gongjijindaikuan
[2017-11-22 10:25:15.603] [INFO] access - GET /apis/zixun/xiaoedaikuan
[2017-11-22 10:28:12.287] [INFO] access - GET /apis/zixun/
[2017-11-22 10:29:16.108] [INFO] access - GET /apis/zixun/
[2017-11-22 10:29:27.021] [INFO] access - GET /apis/zixun/
[2017-11-22 10:30:36.631] [INFO] access - GET /apis/zixun/xiaoedaikuan
[2017-11-22 10:30:39.812] [INFO] access - GET /apis/zixun/gongjijindaikuan
[2017-11-22 10:30:41.703] [INFO] access - GET /apis/zixun/xiaoedaikuan
[2017-11-22 10:30:42.534] [INFO] access - GET /apis/zixun/diyadaikuan
[2017-11-22 10:30:57.699] [ERROR] access - GET /apis/news/
[2017-11-22 10:31:15.292] [ERROR] access - GET /apis/news/
[2017-11-22 10:31:17.669] [ERROR] access - GET /apis/news/
[2017-11-22 10:31:24.800] [INFO] access - GET /apis/zixun/
[2017-11-22 10:31:28.117] [INFO] access - GET /apis/news/110
[2017-11-22 10:31:28.194] [INFO] access - GET /apis/wenda
[2017-11-22 11:56:17.682] [INFO] access - GET /apis/zixun
[2017-11-22 11:56:23.370] [INFO] access - GET /apis/zixun
[2017-11-22 11:56:26.140] [INFO] access - GET /apis/zixun
[2017-11-22 11:56:30.291] [INFO] access - GET /apis/zixun/gongjijindaikuan
[2017-11-22 11:56:37.315] [INFO] access - GET /apis/zixun/diyadaikuan
[2017-11-22 11:56:44.954] [INFO] access - GET /apis/zixun/xiaoedaikuan
[2017-11-22 11:56:48.147] [INFO] access - GET /apis/zixun/diyadaikuan
[2017-11-22 11:56:51.259] [INFO] access - GET /apis/wenda/maichedaikuan
[2017-11-22 11:56:56.922] [INFO] access - GET /apis/zixun/xiaoedaikuan
[2017-11-22 11:56:58.804] [INFO] access - GET /apis/zixun/diyadaikuan
[2017-11-22 11:57:00.248] [INFO] access - GET /apis/zixun/xinyongkadaikuan
[2017-11-22 11:57:02.950] [INFO] access - GET /apis/zixun/diyadaikuan
[2017-11-22 11:57:05.921] [INFO] access - GET /apis/wenda/diyadaikuan
[2017-11-22 11:57:07.444] [INFO] access - GET /apis/wenda/diyadaikuan
[2017-11-22 11:57:08.679] [INFO] access - GET /apis/news/123
[2017-11-22 11:57:09.231] [WARN] access - GET /apis/news/123
[2017-11-22 11:57:10.036] [WARN] access - GET /apis/news/123
[2017-11-22 11:57:10.333] [WARN] access - GET /apis/news/123
[2017-11-22 11:57:18.275] [WARN] access - GET /apis/news/123
[2017-11-22 11:57:23.048] [INFO] access - GET /apis/zixun
[2017-11-22 11:57:24.354] [INFO] access - GET /apis/zixun
[2017-11-22 11:57:26.039] [INFO] access - GET /apis/zixun/xiaoedaikuan
[2017-11-22 11:57:27.535] [INFO] access - GET /apis/zixun/diyadaikuan
[2017-11-22 11:57:28.667] [INFO] access - GET /apis/zixun/xinyongkadaikuan
[2017-11-22 11:57:29.966] [INFO] access - GET /apis/wenda/diyadaikuan
[2017-11-22 11:57:31.772] [INFO] access - GET /apis/wenda/gerendaikuan
[2017-11-22 11:57:34.558] [INFO] access - GET /apis/wenda/maifangdaikuan
[2017-11-22 11:57:36.332] [INFO] access - GET /apis/zixun/xinyongkadaikuan
[2017-11-22 11:57:37.872] [INFO] access - GET /apis/zixun/xiaoedaikuan
[2017-11-22 11:57:39.533] [INFO] access - GET /apis/zixun/gongjijindaikuan
[2017-11-22 14:29:32.899] [WARN] access - GET /api/user/userInfo
[2017-11-22 14:29:32.913] [WARN] access - GET /api/menu/listsTree
[2017-11-22 14:29:33.086] [WARN] access - GET /api/news/lists?keys=&pageIndex=1&pageSize=15
[2017-11-22 14:29:36.551] [ERROR] access - GET /preview/news/264
[2017-11-22 14:29:46.239] [ERROR] access - GET /preview/news/263
[2017-11-22 14:30:47.128] [WARN] access - GET /api/menu/listsTree
[2017-11-22 14:30:47.133] [WARN] access - GET /api/user/userInfo
[2017-11-22 14:30:47.206] [WARN] access - GET /api/news/lists?keys=&pageIndex=1&pageSize=15
[2017-11-22 14:30:49.944] [ERROR] access - GET /preview/news/264
[2017-11-22 14:31:14.554] [INFO] access - GET /preview/news/264
[2017-11-22 14:31:17.809] [WARN] access - GET /preview/news/264
[2017-11-22 14:31:38.281] [INFO] access - GET /api/config/lists?keys=&pageSize=15&pageIndex=1
[2017-11-22 14:31:46.423] [INFO] access - PUT /api/config/1
[2017-11-22 14:31:46.458] [INFO] access - GET /api/config/lists?keys=&pageSize=15&pageIndex=1
[2017-11-22 14:31:49.792] [INFO] access - GET /preview/news/264
[2017-11-22 14:33:12.695] [INFO] access - GET /preview/news/264
[2017-11-22 14:33:12.862] [ERROR] access - GET /apis/news/
[2017-11-22 14:33:32.471] [WARN] access - GET /api/news/lists?keys=&pageIndex=1&pageSize=15
[2017-11-22 14:33:35.284] [WARN] access - GET /preview/news/264
[2017-11-22 14:33:35.432] [ERROR] access - GET /apis/news/
[2017-11-22 14:33:59.165] [WARN] access - GET /preview/news/264
[2017-11-22 14:33:59.237] [ERROR] access - GET /apis/news/
[2017-11-22 14:37:33.237] [WARN] access - GET /preview/news/264
[2017-11-22 14:37:33.385] [ERROR] access - GET /apis/news/
[2017-11-22 14:39:28.428] [ERROR] access - GET /preview/news?id=264
[2017-11-22 14:39:46.183] [INFO] access - GET /preview/news/264?id=264
[2017-11-22 14:39:46.341] [INFO] access - GET /apis/news/264
[2017-11-22 14:40:17.029] [WARN] access - GET /preview/news/264?id=264
[2017-11-22 14:40:17.241] [WARN] access - GET /apis/news/264
[2017-11-22 15:10:31.806] [WARN] access - GET /api/user/userInfo
[2017-11-22 15:10:31.812] [WARN] access - GET /api/menu/listsTree
[2017-11-22 15:10:38.390] [WARN] access - GET /api/news/lists?keys=&pageIndex=1&pageSize=15
[2017-11-22 15:10:41.032] [ERROR] access - GET /preview/news/264
[2017-11-22 15:13:29.486] [INFO] access - GET /preview/news/264
[2017-11-22 15:13:29.652] [ERROR] access - GET /apis/news/
[2017-11-22 15:13:43.674] [WARN] access - GET /preview/news/264
[2017-11-22 15:13:43.836] [ERROR] access - GET /apis/news/
[2017-11-22 15:14:31.827] [WARN] access - GET /preview/news/264
[2017-11-22 15:14:32.032] [ERROR] access - GET /apis/news/
[2017-11-22 15:16:03.877] [WARN] access - GET /api/news/lists?keys=&pageIndex=1&pageSize=15
[2017-11-22 15:16:07.079] [WARN] access - GET /api/menu/listsTree
[2017-11-22 15:16:07.084] [WARN] access - GET /api/user/userInfo
[2017-11-22 15:16:07.133] [WARN] access - GET /api/news/lists?keys=&pageIndex=1&pageSize=15
[2017-11-22 15:16:08.989] [WARN] access - GET /preview/news/264?id=264
[2017-11-22 15:16:09.074] [WARN] access - GET /apis/news/264
[2017-11-22 15:16:24.659] [WARN] access - GET /preview/news/264?id=264
[2017-11-22 15:16:24.842] [WARN] access - GET /apis/news/264
[2017-11-22 15:20:54.689] [WARN] access - GET /preview/news/264?id=264
[2017-11-22 15:20:55.048] [WARN] access - GET /apis/news/264
[2017-11-22 15:21:54.012] [WARN] access - GET /preview/news/264?id=264
[2017-11-22 15:21:54.440] [WARN] access - GET /apis/news/264
[2017-11-22 15:22:50.190] [WARN] access - GET /api/config/lists?keys=&pageSize=15&pageIndex=1
[2017-11-22 15:22:58.087] [INFO] access - PUT /api/config/1
[2017-11-22 15:22:58.154] [INFO] access - GET /api/config/lists?keys=&pageSize=15&pageIndex=1
[2017-11-22 15:23:02.969] [WARN] access - GET /api/news/lists?keys=&pageIndex=1&pageSize=15
[2017-11-22 15:23:04.814] [INFO] access - GET /preview/news/264?id=264
[2017-11-22 15:39:36.786] [WARN] access - GET /preview/news/264?id=264
[2017-11-22 15:39:41.583] [WARN] access - GET /api/menu/listsTree
[2017-11-22 15:39:41.589] [WARN] access - GET /api/user/userInfo
[2017-11-22 15:39:41.668] [WARN] access - GET /api/news/lists?keys=&pageIndex=1&pageSize=15
[2017-11-22 15:39:43.839] [WARN] access - GET /preview/news/264?id=264
[2017-11-22 15:40:44.357] [WARN] access - GET /api/menu/listsTree
[2017-11-22 15:40:44.363] [WARN] access - GET /api/user/userInfo
[2017-11-22 15:41:10.606] [WARN] access - GET /api/config/lists?keys=&pageSize=15&pageIndex=1
[2017-11-22 15:41:16.464] [INFO] access - PUT /api/config/1
[2017-11-22 15:41:16.498] [INFO] access - GET /api/config/lists?keys=&pageSize=15&pageIndex=1
[2017-11-22 15:41:21.708] [WARN] access - GET /api/news/lists?keys=&pageIndex=1&pageSize=15
[2017-11-22 15:41:27.995] [INFO] access - GET /preview/news/263?id=263
[2017-11-22 15:41:28.082] [INFO] access - GET /apis/news/263
[2017-11-22 15:41:28.231] [INFO] access - GET /apis/wenda
[2017-11-22 16:53:12.990] [WARN] access - GET /api/user/userInfo
[2017-11-22 16:53:13.023] [WARN] access - GET /api/menu/listsTree
[2017-11-22 16:53:13.044] [WARN] access - GET /api/news/lists?keys=&pageIndex=1&pageSize=15
[2017-11-22 16:53:16.683] [INFO] access - POST /api/news/publish/264
[2017-11-22 16:53:16.795] [INFO] access - GET /api/news/lists?keys=&pageIndex=1&pageSize=15
[2017-11-22 16:53:21.712] [INFO] access - POST /api/news/publish/264
[2017-11-22 16:53:21.814] [INFO] access - GET /api/news/lists?keys=&pageIndex=1&pageSize=15
[2017-11-22 18:10:00.096] [WARN] access - GET /api/menu/listsTree
[2017-11-22 18:10:00.107] [WARN] access - GET /api/user/userInfo
[2017-11-22 18:10:00.140] [WARN] access - GET /api/news/lists?keys=&pageIndex=1&pageSize=15
[2017-11-22 18:10:02.322] [INFO] access - GET /preview/news/264?id=264
[2017-11-22 18:10:02.470] [INFO] access - GET /apis/news/264
[2017-11-22 18:10:02.547] [INFO] access - GET /apis/wenda
[2017-11-22 19:02:46.812] [ERROR] access - GET /temp/20171121165822/header1_1511255342465.jpg
[2017-11-22 19:02:46.839] [ERROR] access - GET /temp/20171121165822/header2_1511255348948.jpg
[2017-11-22 19:02:46.851] [ERROR] access - GET /temp/20171121165822/header3_1511255353099.jpg
[2017-11-22 19:02:46.861] [ERROR] access - GET /temp/20171121165822/btn_1511254707880.png
