[2017-10-31 09:24:03.949] [INFO] access - GET /api/menu/listsTree
[2017-10-31 09:24:03.965] [INFO] access - GET /api/user/userInfo
[2017-10-31 09:29:51.524] [WARN] access - GET /api/menu/listsTree
[2017-10-31 09:29:51.529] [WARN] access - GET /api/user/userInfo
[2017-10-31 09:38:53.716] [WARN] access - GET /api/menu/listsTree
[2017-10-31 09:38:53.725] [WARN] access - GET /api/user/userInfo
[2017-10-31 09:41:03.075] [WARN] access - GET /api/menu/listsTree
[2017-10-31 09:41:03.081] [WARN] access - GET /api/user/userInfo
[2017-10-31 09:41:13.892] [WARN] access - GET /api/menu/listsTree
[2017-10-31 09:41:13.901] [WARN] access - GET /api/user/userInfo
[2017-10-31 09:42:56.979] [WARN] access - GET /api/menu/listsTree
[2017-10-31 09:42:56.985] [WARN] access - GET /api/user/userInfo
[2017-10-31 09:44:55.285] [WARN] access - GET /api/menu/listsTree
[2017-10-31 09:44:55.292] [WARN] access - GET /api/user/userInfo
[2017-10-31 10:11:32.807] [ERROR] access - POST /api/signin
[2017-10-31 10:14:30.809] [ERROR] access - POST /api/signin
[2017-10-31 10:14:54.071] [ERROR] access - POST /api/signin
[2017-10-31 10:15:16.411] [ERROR] access - POST /api/signin
[2017-10-31 10:15:39.150] [ERROR] access - POST /api/signin
[2017-10-31 10:16:25.435] [ERROR] access - POST /api/signin
[2017-10-31 10:17:07.147] [ERROR] access - POST /api/signin
[2017-10-31 10:18:53.311] [ERROR] access - POST /api/signin
[2017-10-31 10:19:02.837] [ERROR] access - POST /api/signin
[2017-10-31 10:19:48.446] [ERROR] access - POST /api/signin
[2017-10-31 10:20:17.605] [ERROR] access - POST /api/signin
[2017-10-31 10:20:26.465] [ERROR] access - POST /api/signin
[2017-10-31 10:20:55.925] [INFO] access - POST /api/signin
[2017-10-31 10:20:56.020] [WARN] access - GET /api/user/userInfo
[2017-10-31 10:20:56.028] [WARN] access - GET /api/menu/listsTree
[2017-10-31 10:21:23.687] [INFO] access - POST /api/signout
[2017-10-31 10:21:32.908] [INFO] access - POST /api/signin
[2017-10-31 10:21:32.978] [WARN] access - GET /api/menu/listsTree
[2017-10-31 10:21:32.987] [WARN] access - GET /api/user/userInfo
[2017-10-31 10:25:55.825] [WARN] access - GET /api/menu/listsTree
[2017-10-31 10:25:55.831] [WARN] access - GET /api/user/userInfo
[2017-10-31 10:34:41.712] [WARN] access - GET /api/menu/listsTree
[2017-10-31 10:34:41.718] [WARN] access - GET /api/user/userInfo
[2017-10-31 10:41:19.390] [WARN] access - GET /api/menu/listsTree
[2017-10-31 10:41:19.406] [WARN] access - GET /api/user/userInfo
[2017-10-31 10:42:22.392] [WARN] access - GET /api/menu/listsTree
[2017-10-31 10:42:22.413] [WARN] access - GET /api/user/userInfo
[2017-10-31 10:46:47.720] [WARN] access - GET /api/menu/listsTree
[2017-10-31 10:46:47.727] [WARN] access - GET /api/user/userInfo
[2017-10-31 11:14:44.814] [WARN] access - GET /api/menu/listsTree
[2017-10-31 11:14:44.819] [WARN] access - GET /api/user/userInfo
[2017-10-31 11:22:28.210] [WARN] access - GET /api/menu/listsTree
[2017-10-31 11:22:28.219] [WARN] access - GET /api/user/userInfo
[2017-10-31 11:22:56.001] [WARN] access - GET /api/menu/listsTree
[2017-10-31 11:22:56.008] [WARN] access - GET /api/user/userInfo
[2017-10-31 11:23:20.407] [WARN] access - GET /api/menu/listsTree
[2017-10-31 11:23:20.416] [WARN] access - GET /api/user/userInfo
[2017-10-31 11:24:03.664] [WARN] access - GET /api/menu/listsTree
[2017-10-31 11:24:03.669] [WARN] access - GET /api/user/userInfo
[2017-10-31 11:25:42.748] [WARN] access - GET /api/menu/listsTree
[2017-10-31 11:25:42.754] [WARN] access - GET /api/user/userInfo
[2017-10-31 11:26:52.438] [WARN] access - GET /api/menu/listsTree
[2017-10-31 11:26:52.443] [WARN] access - GET /api/user/userInfo
[2017-10-31 11:30:37.691] [WARN] access - GET /api/menu/listsTree
[2017-10-31 11:30:37.696] [WARN] access - GET /api/user/userInfo
[2017-10-31 11:31:36.518] [WARN] access - GET /api/menu/listsTree
[2017-10-31 11:31:36.522] [WARN] access - GET /api/user/userInfo
[2017-10-31 11:43:44.420] [WARN] access - GET /api/menu/listsTree
[2017-10-31 11:43:44.426] [WARN] access - GET /api/user/userInfo
[2017-10-31 11:44:05.823] [WARN] access - GET /api/menu/listsTree
[2017-10-31 11:44:05.830] [WARN] access - GET /api/user/userInfo
[2017-10-31 11:51:38.356] [WARN] access - GET /api/menu/listsTree
[2017-10-31 11:51:38.362] [WARN] access - GET /api/user/userInfo
[2017-10-31 11:52:06.439] [WARN] access - GET /api/menu/listsTree
[2017-10-31 11:52:06.445] [WARN] access - GET /api/user/userInfo
[2017-10-31 11:56:55.396] [WARN] access - GET /api/menu/listsTree
[2017-10-31 11:56:55.401] [WARN] access - GET /api/user/userInfo
[2017-10-31 11:57:16.409] [WARN] access - GET /api/menu/listsTree
[2017-10-31 11:57:16.413] [WARN] access - GET /api/user/userInfo
[2017-10-31 11:57:18.348] [WARN] access - GET /api/menu/listsTree
[2017-10-31 11:57:18.355] [WARN] access - GET /api/user/userInfo
[2017-10-31 11:58:26.565] [WARN] access - GET /api/menu/listsTree
[2017-10-31 11:58:26.570] [WARN] access - GET /api/user/userInfo
[2017-10-31 11:58:52.080] [WARN] access - GET /api/menu/listsTree
[2017-10-31 11:58:52.085] [WARN] access - GET /api/user/userInfo
[2017-10-31 11:59:23.472] [WARN] access - GET /api/menu/listsTree
[2017-10-31 11:59:23.486] [WARN] access - GET /api/user/userInfo
[2017-10-31 13:16:49.488] [WARN] access - GET /api/menu/listsTree
[2017-10-31 13:16:49.494] [WARN] access - GET /api/user/userInfo
[2017-10-31 13:23:23.043] [WARN] access - GET /api/menu/listsTree
[2017-10-31 13:23:23.049] [WARN] access - GET /api/user/userInfo
[2017-10-31 13:27:03.845] [WARN] access - GET /api/menu/listsTree
[2017-10-31 13:27:03.860] [WARN] access - GET /api/user/userInfo
[2017-10-31 13:30:06.815] [WARN] access - GET /api/user/userInfo
[2017-10-31 13:30:06.822] [WARN] access - GET /api/menu/listsTree
[2017-10-31 13:31:09.184] [WARN] access - GET /api/menu/listsTree
[2017-10-31 13:31:09.191] [WARN] access - GET /api/user/userInfo
[2017-10-31 13:31:14.038] [WARN] access - GET /api/menu/listsTree
[2017-10-31 13:31:14.043] [WARN] access - GET /api/user/userInfo
[2017-10-31 13:31:54.364] [WARN] access - GET /api/menu/listsTree
[2017-10-31 13:31:54.387] [WARN] access - GET /api/menu/lists?keys=
[2017-10-31 13:31:54.392] [WARN] access - GET /api/menu/listsTree
[2017-10-31 13:32:00.205] [INFO] access - PUT /api/menu/24
[2017-10-31 13:32:00.241] [INFO] access - GET /api/menu/listsTree
[2017-10-31 13:32:00.268] [INFO] access - GET /api/menu/lists?keys=
[2017-10-31 13:32:00.274] [WARN] access - GET /api/menu/listsTree
[2017-10-31 13:32:48.229] [WARN] access - GET /api/rule/alllists
[2017-10-31 13:32:48.241] [WARN] access - GET /api/rule/lists?keys=
[2017-10-31 13:33:06.593] [WARN] access - GET /api/menu/listsTree
[2017-10-31 13:33:06.598] [WARN] access - GET /api/menu/lists?keys=
[2017-10-31 13:33:06.612] [WARN] access - GET /api/menu/listsTree
[2017-10-31 13:33:29.135] [WARN] access - GET /api/rule/alllists
[2017-10-31 13:33:29.153] [WARN] access - GET /api/rule/lists?keys=
[2017-10-31 13:33:46.924] [INFO] access - PUT /api/rule/32
[2017-10-31 13:33:46.965] [INFO] access - GET /api/rule/alllists
[2017-10-31 13:33:46.977] [INFO] access - GET /api/rule/lists?keys=
[2017-10-31 13:39:49.701] [WARN] access - GET /api/menu/listsTree
[2017-10-31 13:39:49.729] [WARN] access - GET /api/user/userInfo
[2017-10-31 13:40:13.224] [WARN] access - GET /api/menu/listsTree
[2017-10-31 13:40:13.230] [WARN] access - GET /api/user/userInfo
[2017-10-31 13:40:51.076] [WARN] access - GET /api/menu/listsTree
[2017-10-31 13:40:51.081] [WARN] access - GET /api/user/userInfo
[2017-10-31 13:42:48.370] [WARN] access - GET /api/menu/listsTree
[2017-10-31 13:42:48.380] [WARN] access - GET /api/user/userInfo
[2017-10-31 13:43:12.987] [WARN] access - GET /api/menu/listsTree
[2017-10-31 13:43:12.993] [WARN] access - GET /api/user/userInfo
[2017-10-31 13:43:49.133] [WARN] access - GET /api/menu/listsTree
[2017-10-31 13:43:49.138] [WARN] access - GET /api/user/userInfo
[2017-10-31 13:44:11.559] [WARN] access - GET /api/menu/listsTree
[2017-10-31 13:44:11.564] [WARN] access - GET /api/user/userInfo
[2017-10-31 13:51:33.274] [WARN] access - GET /api/menu/listsTree
[2017-10-31 13:51:33.282] [WARN] access - GET /api/user/userInfo
[2017-10-31 13:51:44.202] [WARN] access - GET /api/menu/listsTree
[2017-10-31 13:51:44.208] [WARN] access - GET /api/user/userInfo
[2017-10-31 13:52:06.390] [WARN] access - GET /api/menu/listsTree
[2017-10-31 13:52:06.401] [WARN] access - GET /api/user/userInfo
[2017-10-31 13:57:07.624] [WARN] access - GET /api/menu/listsTree
[2017-10-31 13:57:07.629] [WARN] access - GET /api/user/userInfo
[2017-10-31 14:02:17.437] [WARN] access - GET /api/menu/listsTree
[2017-10-31 14:02:18.132] [WARN] access - GET /api/user/userInfo
[2017-10-31 14:02:52.683] [WARN] access - GET /api/menu/listsTree
[2017-10-31 14:02:52.709] [WARN] access - GET /api/user/userInfo
[2017-10-31 14:04:01.745] [WARN] access - GET /api/menu/listsTree
[2017-10-31 14:04:01.801] [WARN] access - GET /api/user/userInfo
[2017-10-31 14:04:43.690] [WARN] access - GET /api/menu/listsTree
[2017-10-31 14:04:43.728] [WARN] access - GET /api/user/userInfo
[2017-10-31 14:07:36.106] [WARN] access - GET /api/menu/listsTree
[2017-10-31 14:07:36.682] [WARN] access - GET /api/user/userInfo
[2017-10-31 14:18:29.724] [WARN] access - GET /api/menu/listsTree
[2017-10-31 14:18:30.286] [WARN] access - GET /api/user/userInfo
[2017-10-31 14:21:12.961] [WARN] access - GET /api/menu/listsTree
[2017-10-31 14:21:12.991] [WARN] access - GET /api/user/userInfo
[2017-10-31 14:21:36.913] [WARN] access - GET /api/menu/listsTree
[2017-10-31 14:21:36.942] [WARN] access - GET /api/user/userInfo
