[2018-05-08 10:55:54.016] [WARN] access - GET /api/menu/listsTree
[2018-05-08 10:55:54.051] [WARN] access - GET /api/user/userInfo
[2018-05-08 10:55:54.067] [INFO] access - GET /api/act/tpl/55
[2018-05-08 10:55:54.082] [WARN] access - GET /api/act/config/lists
[2018-05-08 13:47:38.428] [WARN] access - GET /api/menu/listsTree
[2018-05-08 13:47:38.459] [WARN] access - GET /api/user/userInfo
[2018-05-08 13:47:38.468] [INFO] access - GET /api/act/tpl/55
[2018-05-08 13:47:38.472] [WARN] access - GET /api/act/config/lists
[2018-05-08 13:47:43.393] [WARN] access - GET /api/menu/listsTree
[2018-05-08 13:47:43.400] [WARN] access - GET /api/user/userInfo
[2018-05-08 13:47:43.428] [INFO] access - GET /api/act/tpl/55
[2018-05-08 13:47:43.433] [WARN] access - GET /api/act/config/lists
[2018-05-08 13:51:05.464] [WARN] access - GET /api/menu/listsTree
[2018-05-08 13:51:05.468] [WARN] access - GET /api/user/userInfo
[2018-05-08 13:51:05.504] [INFO] access - GET /api/act/tpl/55
[2018-05-08 13:51:05.521] [WARN] access - GET /api/act/config/lists
[2018-05-08 13:54:44.734] [ERROR] access - POST /api/act/upload
[2018-05-08 13:55:43.619] [WARN] access - GET /api/menu/listsTree
[2018-05-08 13:55:43.623] [WARN] access - GET /api/user/userInfo
[2018-05-08 13:55:43.670] [INFO] access - GET /api/act/tpl/55
[2018-05-08 13:55:43.676] [WARN] access - GET /api/act/config/lists
[2018-05-08 14:28:39.243] [WARN] access - GET /api/menu/listsTree
[2018-05-08 14:28:39.249] [WARN] access - GET /api/user/userInfo
[2018-05-08 14:28:39.262] [WARN] access - GET /api/act/tpl/lists
[2018-05-08 14:28:39.379] [ERROR] access - GET /images/act_tpl_image/1524735070034.png
[2018-05-08 14:28:39.387] [WARN] access - GET /images/act_tpl_image/1525680727077.png
[2018-05-08 14:28:39.392] [ERROR] access - GET /images/act_tpl_image/1520488106123.png
[2018-05-08 14:28:42.955] [INFO] access - GET /api/act/tpl/55
[2018-05-08 14:28:42.965] [WARN] access - GET /api/act/config/lists
[2018-05-08 14:29:31.382] [WARN] access - GET /api/menu/listsTree
[2018-05-08 14:29:31.386] [WARN] access - GET /api/user/userInfo
[2018-05-08 14:29:31.391] [WARN] access - GET /api/act/tpl/lists
[2018-05-08 14:29:31.492] [ERROR] access - GET /images/act_tpl_image/1524735070034.png
[2018-05-08 14:29:31.497] [ERROR] access - GET /images/act_tpl_image/1520488106123.png
[2018-05-08 14:29:31.502] [WARN] access - GET /images/act_tpl_image/1525680727077.png
[2018-05-08 14:29:33.499] [INFO] access - GET /api/act/tpl/55
[2018-05-08 14:29:33.504] [WARN] access - GET /api/act/config/lists
[2018-05-08 14:30:09.431] [WARN] access - GET /api/menu/listsTree
[2018-05-08 14:30:09.441] [WARN] access - GET /api/user/userInfo
[2018-05-08 14:30:09.459] [INFO] access - GET /api/act/tpl/55
[2018-05-08 14:30:09.463] [WARN] access - GET /api/act/config/lists
[2018-05-08 14:31:07.967] [WARN] access - GET /api/menu/listsTree
[2018-05-08 14:31:07.985] [WARN] access - GET /api/user/userInfo
[2018-05-08 14:31:08.000] [INFO] access - GET /api/act/tpl/55
[2018-05-08 14:31:08.007] [WARN] access - GET /api/act/config/lists
[2018-05-08 14:32:00.321] [WARN] access - GET /api/menu/listsTree
[2018-05-08 14:32:00.329] [WARN] access - GET /api/user/userInfo
[2018-05-08 14:32:00.349] [INFO] access - GET /api/act/tpl/55
[2018-05-08 14:32:00.353] [WARN] access - GET /api/act/config/lists
[2018-05-08 14:33:03.467] [WARN] access - GET /api/menu/listsTree
[2018-05-08 14:33:03.471] [WARN] access - GET /api/user/userInfo
[2018-05-08 14:33:03.489] [INFO] access - GET /api/act/tpl/55
[2018-05-08 14:33:03.493] [WARN] access - GET /api/act/config/lists
[2018-05-08 16:19:46.836] [WARN] access - GET /api/menu/listsTree
[2018-05-08 16:19:46.841] [WARN] access - GET /api/user/userInfo
[2018-05-08 16:19:46.846] [INFO] access - GET /api/act/tpl/55
[2018-05-08 16:19:46.851] [WARN] access - GET /api/act/config/lists
[2018-05-08 16:24:33.239] [WARN] access - GET /api/menu/listsTree
[2018-05-08 16:24:33.249] [WARN] access - GET /api/user/userInfo
[2018-05-08 16:24:33.254] [INFO] access - GET /api/act/tpl/55
[2018-05-08 16:24:33.258] [WARN] access - GET /api/act/config/lists
[2018-05-08 16:25:04.827] [WARN] access - GET /api/menu/listsTree
[2018-05-08 16:25:04.847] [WARN] access - GET /api/user/userInfo
[2018-05-08 16:25:04.851] [INFO] access - GET /api/act/tpl/55
[2018-05-08 16:25:04.857] [WARN] access - GET /api/act/config/lists
[2018-05-08 16:40:09.042] [WARN] access - GET /api/menu/listsTree
[2018-05-08 16:40:09.050] [WARN] access - GET /api/user/userInfo
[2018-05-08 16:40:09.056] [INFO] access - GET /api/act/tpl/55
[2018-05-08 16:40:09.062] [WARN] access - GET /api/act/config/lists
[2018-05-08 16:45:05.180] [WARN] access - GET /api/menu/listsTree
[2018-05-08 16:45:05.213] [WARN] access - GET /api/user/userInfo
[2018-05-08 16:45:05.242] [INFO] access - GET /api/act/tpl/55
[2018-05-08 16:45:05.246] [WARN] access - GET /api/act/config/lists
[2018-05-08 16:48:29.392] [WARN] access - GET /api/menu/listsTree
[2018-05-08 16:48:29.397] [WARN] access - GET /api/user/userInfo
[2018-05-08 16:48:29.406] [INFO] access - GET /api/act/tpl/55
[2018-05-08 16:48:29.410] [WARN] access - GET /api/act/config/lists
[2018-05-08 16:49:31.264] [WARN] access - GET /api/menu/listsTree
[2018-05-08 16:49:31.268] [WARN] access - GET /api/user/userInfo
[2018-05-08 16:49:31.307] [INFO] access - GET /api/act/tpl/55
[2018-05-08 16:49:31.325] [WARN] access - GET /api/act/config/lists
[2018-05-08 16:50:16.010] [ERROR] access - POST /api/act/upload
[2018-05-08 16:51:15.676] [WARN] access - GET /api/menu/listsTree
[2018-05-08 16:51:15.721] [WARN] access - GET /api/user/userInfo
[2018-05-08 16:51:15.764] [INFO] access - GET /api/act/tpl/55
[2018-05-08 16:51:15.807] [WARN] access - GET /api/act/config/lists
[2018-05-08 16:51:24.293] [ERROR] access - POST /api/act/upload
[2018-05-08 16:59:46.873] [WARN] access - GET /api/menu/listsTree
[2018-05-08 16:59:46.895] [WARN] access - GET /api/user/userInfo
[2018-05-08 16:59:46.904] [INFO] access - GET /api/act/tpl/55
[2018-05-08 16:59:46.908] [WARN] access - GET /api/act/config/lists
[2018-05-08 17:01:25.896] [WARN] access - GET /api/menu/listsTree
[2018-05-08 17:01:25.917] [WARN] access - GET /api/user/userInfo
[2018-05-08 17:01:25.924] [INFO] access - GET /api/act/tpl/55
[2018-05-08 17:01:25.928] [WARN] access - GET /api/act/config/lists
[2018-05-08 17:01:34.272] [ERROR] access - POST /api/act/upload
[2018-05-08 17:02:37.555] [WARN] access - GET /api/user/userInfo
[2018-05-08 17:02:37.560] [WARN] access - GET /api/menu/listsTree
[2018-05-08 17:02:37.565] [INFO] access - GET /api/act/tpl/55
[2018-05-08 17:02:37.569] [WARN] access - GET /api/act/config/lists
[2018-05-08 17:02:47.262] [INFO] access - POST /api/act/upload
[2018-05-08 17:04:01.881] [WARN] access - GET /api/menu/listsTree
[2018-05-08 17:04:01.887] [WARN] access - GET /api/user/userInfo
[2018-05-08 17:04:01.908] [INFO] access - GET /api/act/tpl/55
[2018-05-08 17:04:01.912] [WARN] access - GET /api/act/config/lists
[2018-05-08 17:04:12.582] [INFO] access - POST /api/act/upload
[2018-05-08 17:05:50.609] [WARN] access - GET /api/menu/listsTree
[2018-05-08 17:05:50.621] [WARN] access - GET /api/user/userInfo
[2018-05-08 17:05:50.630] [INFO] access - GET /api/act/tpl/55
[2018-05-08 17:05:50.639] [WARN] access - GET /api/act/config/lists
[2018-05-08 17:17:05.429] [WARN] access - GET /api/menu/listsTree
[2018-05-08 17:17:05.455] [WARN] access - GET /api/user/userInfo
[2018-05-08 17:17:05.467] [INFO] access - GET /api/act/tpl/55
[2018-05-08 17:17:05.472] [WARN] access - GET /api/act/config/lists
[2018-05-08 17:19:54.280] [WARN] access - GET /api/menu/listsTree
[2018-05-08 17:19:54.300] [WARN] access - GET /api/user/userInfo
[2018-05-08 17:19:54.306] [INFO] access - GET /api/act/tpl/55
[2018-05-08 17:19:54.310] [WARN] access - GET /api/act/config/lists
[2018-05-08 17:20:02.269] [INFO] access - POST /api/act/upload
[2018-05-08 17:22:32.174] [WARN] access - GET /api/menu/listsTree
[2018-05-08 17:22:32.195] [WARN] access - GET /api/user/userInfo
[2018-05-08 17:22:32.211] [INFO] access - GET /api/act/tpl/55
[2018-05-08 17:22:32.217] [WARN] access - GET /api/act/config/lists
[2018-05-08 17:22:40.504] [INFO] access - POST /api/act/upload
[2018-05-08 17:23:02.576] [INFO] access - POST /api/act/upload
[2018-05-08 17:23:09.384] [WARN] access - GET /api/menu/listsTree
[2018-05-08 17:23:09.404] [WARN] access - GET /api/user/userInfo
[2018-05-08 17:23:09.409] [INFO] access - GET /api/act/tpl/55
[2018-05-08 17:23:09.412] [WARN] access - GET /api/act/config/lists
[2018-05-08 17:23:41.681] [WARN] access - GET /api/menu/listsTree
[2018-05-08 17:23:41.686] [WARN] access - GET /api/user/userInfo
[2018-05-08 17:23:41.704] [INFO] access - GET /api/act/tpl/55
[2018-05-08 17:23:41.708] [WARN] access - GET /api/act/config/lists
[2018-05-08 17:23:49.399] [INFO] access - POST /api/act/upload
[2018-05-08 17:31:39.251] [WARN] access - GET /api/menu/listsTree
[2018-05-08 17:31:39.289] [WARN] access - GET /api/user/userInfo
[2018-05-08 17:31:39.296] [INFO] access - GET /api/act/tpl/55
[2018-05-08 17:31:39.301] [WARN] access - GET /api/act/config/lists
[2018-05-08 17:32:39.688] [INFO] access - POST /api/act/upload
[2018-05-08 17:37:40.377] [INFO] access - POST /api/act/upload
[2018-05-08 17:38:02.210] [WARN] access - GET /api/menu/listsTree
[2018-05-08 17:38:02.216] [WARN] access - GET /api/user/userInfo
[2018-05-08 17:38:02.240] [INFO] access - GET /api/act/tpl/55
[2018-05-08 17:38:02.248] [WARN] access - GET /api/act/config/lists
[2018-05-08 17:38:16.727] [WARN] access - GET /api/menu/listsTree
[2018-05-08 17:38:16.732] [WARN] access - GET /api/user/userInfo
[2018-05-08 17:38:16.749] [INFO] access - GET /api/act/tpl/55
[2018-05-08 17:38:16.755] [WARN] access - GET /api/act/config/lists
[2018-05-08 17:38:24.381] [INFO] access - POST /api/act/upload
[2018-05-08 17:38:37.211] [INFO] access - POST /api/act/upload
[2018-05-08 17:41:17.696] [WARN] access - GET /api/menu/listsTree
[2018-05-08 17:41:17.711] [WARN] access - GET /api/user/userInfo
[2018-05-08 17:41:17.721] [INFO] access - GET /api/act/tpl/55
[2018-05-08 17:41:17.725] [WARN] access - GET /api/act/config/lists
[2018-05-08 17:45:38.440] [WARN] access - GET /api/menu/listsTree
[2018-05-08 17:45:38.454] [WARN] access - GET /api/user/userInfo
[2018-05-08 17:45:38.458] [INFO] access - GET /api/act/tpl/55
[2018-05-08 17:45:38.462] [WARN] access - GET /api/act/config/lists
[2018-05-08 17:45:46.420] [INFO] access - POST /api/act/upload
[2018-05-08 18:04:24.503] [WARN] access - GET /api/menu/listsTree
[2018-05-08 18:04:24.531] [WARN] access - GET /api/user/userInfo
[2018-05-08 18:04:24.536] [INFO] access - GET /api/act/tpl/55
[2018-05-08 18:04:24.541] [WARN] access - GET /api/act/config/lists
[2018-05-08 18:07:30.838] [WARN] access - GET /api/menu/listsTree
[2018-05-08 18:07:30.844] [WARN] access - GET /api/user/userInfo
[2018-05-08 18:07:30.876] [INFO] access - GET /api/act/tpl/55
[2018-05-08 18:07:30.880] [WARN] access - GET /api/act/config/lists
[2018-05-08 18:07:45.106] [WARN] access - GET /api/menu/listsTree
[2018-05-08 18:07:45.110] [WARN] access - GET /api/user/userInfo
[2018-05-08 18:07:45.166] [INFO] access - GET /api/act/tpl/55
[2018-05-08 18:07:45.171] [WARN] access - GET /api/act/config/lists
[2018-05-08 18:11:42.862] [WARN] access - GET /api/menu/listsTree
[2018-05-08 18:11:42.867] [WARN] access - GET /api/user/userInfo
[2018-05-08 18:11:42.873] [INFO] access - GET /api/act/tpl/55
[2018-05-08 18:11:42.878] [WARN] access - GET /api/act/config/lists
[2018-05-08 18:12:34.486] [WARN] access - GET /api/menu/listsTree
[2018-05-08 18:12:34.508] [WARN] access - GET /api/user/userInfo
[2018-05-08 18:12:34.526] [INFO] access - GET /api/act/tpl/55
[2018-05-08 18:12:34.529] [WARN] access - GET /api/act/config/lists
[2018-05-08 18:13:44.716] [WARN] access - GET /api/menu/listsTree
[2018-05-08 18:13:44.734] [WARN] access - GET /api/user/userInfo
[2018-05-08 18:13:44.745] [INFO] access - GET /api/act/tpl/55
[2018-05-08 18:13:44.749] [WARN] access - GET /api/act/config/lists
[2018-05-08 18:14:26.808] [WARN] access - GET /api/menu/listsTree
[2018-05-08 18:14:26.818] [WARN] access - GET /api/user/userInfo
[2018-05-08 18:14:26.831] [INFO] access - GET /api/act/tpl/55
[2018-05-08 18:14:26.836] [WARN] access - GET /api/act/config/lists
[2018-05-08 18:15:58.821] [WARN] access - GET /api/act/tpl/lists
[2018-05-08 18:15:58.879] [ERROR] access - GET /images/act_tpl_image/1524735070034.png
[2018-05-08 18:15:58.885] [ERROR] access - GET /images/act_tpl_image/1520488106123.png
[2018-05-08 18:15:58.888] [WARN] access - GET /images/act_tpl_image/1525680727077.png
[2018-05-08 18:16:00.587] [INFO] access - GET /api/act/tpl/55
[2018-05-08 18:16:00.593] [WARN] access - GET /api/act/config/lists
[2018-05-08 18:16:03.798] [WARN] access - GET /api/act/tpl/lists
[2018-05-08 18:16:03.832] [ERROR] access - GET /images/act_tpl_image/1524735070034.png
[2018-05-08 18:16:03.837] [ERROR] access - GET /images/act_tpl_image/1520488106123.png
[2018-05-08 18:17:13.893] [INFO] access - GET /api/act/tpl/55
[2018-05-08 18:17:13.902] [WARN] access - GET /api/act/config/lists
[2018-05-08 18:18:02.115] [WARN] access - GET /api/menu/listsTree
[2018-05-08 18:18:02.121] [WARN] access - GET /api/user/userInfo
[2018-05-08 18:18:02.139] [INFO] access - GET /api/act/tpl/55
[2018-05-08 18:18:02.144] [WARN] access - GET /api/act/config/lists
[2018-05-08 18:18:43.913] [WARN] access - GET /api/menu/listsTree
[2018-05-08 18:18:43.924] [WARN] access - GET /api/user/userInfo
[2018-05-08 18:18:43.959] [INFO] access - GET /api/act/tpl/55
[2018-05-08 18:18:44.002] [WARN] access - GET /api/act/config/lists
[2018-05-08 18:19:28.145] [WARN] access - GET /api/menu/listsTree
[2018-05-08 18:19:28.163] [WARN] access - GET /api/user/userInfo
[2018-05-08 18:19:28.167] [INFO] access - GET /api/act/tpl/55
[2018-05-08 18:19:28.175] [WARN] access - GET /api/act/config/lists
[2018-05-08 18:23:09.202] [WARN] access - GET /api/menu/listsTree
[2018-05-08 18:23:09.206] [WARN] access - GET /api/user/userInfo
[2018-05-08 18:23:09.212] [INFO] access - GET /api/act/tpl/55
[2018-05-08 18:23:09.216] [WARN] access - GET /api/act/config/lists
[2018-05-08 18:23:56.084] [WARN] access - GET /api/menu/listsTree
[2018-05-08 18:23:56.090] [WARN] access - GET /api/user/userInfo
[2018-05-08 18:23:56.108] [INFO] access - GET /api/act/tpl/55
[2018-05-08 18:23:56.114] [WARN] access - GET /api/act/config/lists
[2018-05-08 18:24:10.319] [WARN] access - GET /api/menu/listsTree
[2018-05-08 18:24:10.359] [WARN] access - GET /api/user/userInfo
[2018-05-08 18:24:10.393] [INFO] access - GET /api/act/tpl/55
[2018-05-08 18:24:10.414] [WARN] access - GET /api/act/config/lists
[2018-05-08 18:24:59.235] [WARN] access - GET /api/menu/listsTree
[2018-05-08 18:24:59.241] [WARN] access - GET /api/user/userInfo
[2018-05-08 18:24:59.266] [INFO] access - GET /api/act/tpl/55
[2018-05-08 18:24:59.271] [WARN] access - GET /api/act/config/lists
[2018-05-08 18:25:09.989] [INFO] access - POST /api/act/upload
[2018-05-08 18:25:31.345] [INFO] access - POST /api/act/upload
[2018-05-08 18:26:31.577] [WARN] access - GET /api/menu/listsTree
[2018-05-08 18:26:31.598] [WARN] access - GET /api/user/userInfo
[2018-05-08 18:26:31.603] [INFO] access - GET /api/act/tpl/55
[2018-05-08 18:26:31.608] [WARN] access - GET /api/act/config/lists
[2018-05-08 18:27:33.598] [WARN] access - GET /api/menu/listsTree
[2018-05-08 18:27:33.613] [WARN] access - GET /api/user/userInfo
[2018-05-08 18:27:33.620] [INFO] access - GET /api/act/tpl/55
[2018-05-08 18:27:33.624] [WARN] access - GET /api/act/config/lists
[2018-05-08 18:27:40.326] [INFO] access - POST /api/act/upload
[2018-05-08 18:28:15.764] [WARN] access - GET /api/menu/listsTree
[2018-05-08 18:28:15.794] [WARN] access - GET /api/user/userInfo
[2018-05-08 18:28:15.810] [INFO] access - GET /api/act/tpl/55
[2018-05-08 18:28:15.821] [WARN] access - GET /api/act/config/lists
[2018-05-08 18:28:22.883] [INFO] access - POST /api/act/upload
[2018-05-08 18:28:28.620] [INFO] access - POST /api/act/upload
[2018-05-08 18:29:05.784] [WARN] access - GET /api/menu/listsTree
[2018-05-08 18:29:05.812] [WARN] access - GET /api/user/userInfo
[2018-05-08 18:29:05.827] [INFO] access - GET /api/act/tpl/55
[2018-05-08 18:29:05.833] [WARN] access - GET /api/act/config/lists
[2018-05-08 18:29:11.906] [INFO] access - POST /api/act/upload
[2018-05-08 18:29:31.669] [INFO] access - POST /api/act/upload
[2018-05-08 18:39:03.607] [WARN] access - GET /api/menu/listsTree
[2018-05-08 18:39:03.615] [WARN] access - GET /api/user/userInfo
[2018-05-08 18:39:03.620] [INFO] access - GET /api/act/tpl/55
[2018-05-08 18:39:03.625] [WARN] access - GET /api/act/config/lists
[2018-05-08 18:39:43.751] [WARN] access - GET /api/menu/listsTree
[2018-05-08 18:39:43.764] [WARN] access - GET /api/user/userInfo
[2018-05-08 18:39:43.783] [INFO] access - GET /api/act/tpl/55
[2018-05-08 18:39:43.791] [WARN] access - GET /api/act/config/lists
[2018-05-08 18:39:52.527] [INFO] access - POST /api/act/upload
[2018-05-08 18:40:03.405] [INFO] access - POST /api/act/upload
[2018-05-08 18:42:20.090] [WARN] access - GET /api/menu/listsTree
[2018-05-08 18:42:20.099] [WARN] access - GET /api/user/userInfo
[2018-05-08 18:42:20.104] [INFO] access - GET /api/act/tpl/55
[2018-05-08 18:42:20.112] [WARN] access - GET /api/act/config/lists
[2018-05-08 18:42:42.774] [INFO] access - POST /api/act/upload
[2018-05-08 18:44:30.017] [WARN] access - GET /api/menu/listsTree
[2018-05-08 18:44:30.022] [WARN] access - GET /api/user/userInfo
[2018-05-08 18:44:30.047] [INFO] access - GET /api/act/tpl/55
[2018-05-08 18:44:30.054] [WARN] access - GET /api/act/config/lists
[2018-05-08 18:44:43.279] [INFO] access - POST /api/act/upload
[2018-05-08 18:44:59.083] [WARN] access - GET /api/menu/listsTree
[2018-05-08 18:44:59.087] [WARN] access - GET /api/user/userInfo
[2018-05-08 18:44:59.106] [INFO] access - GET /api/act/tpl/55
[2018-05-08 18:44:59.111] [WARN] access - GET /api/act/config/lists
[2018-05-08 18:45:07.321] [INFO] access - POST /api/act/upload
[2018-05-08 18:46:07.320] [INFO] access - POST /api/act/upload
[2018-05-08 18:46:55.031] [WARN] access - GET /api/menu/listsTree
[2018-05-08 18:46:55.045] [WARN] access - GET /api/user/userInfo
[2018-05-08 18:46:55.053] [INFO] access - GET /api/act/tpl/55
[2018-05-08 18:46:55.060] [WARN] access - GET /api/act/config/lists
[2018-05-08 18:47:13.208] [INFO] access - POST /api/act/upload
[2018-05-08 18:48:29.182] [INFO] access - POST /api/act/upload
[2018-05-08 18:48:55.138] [WARN] access - GET /api/menu/listsTree
[2018-05-08 18:48:55.143] [WARN] access - GET /api/user/userInfo
[2018-05-08 18:48:55.165] [INFO] access - GET /api/act/tpl/55
[2018-05-08 18:48:55.170] [WARN] access - GET /api/act/config/lists
[2018-05-08 18:49:02.100] [INFO] access - POST /api/act/upload
[2018-05-08 18:49:10.100] [INFO] access - POST /api/act/upload
[2018-05-08 18:49:40.993] [INFO] access - POST /api/act/upload
[2018-05-08 18:54:38.776] [WARN] access - GET /api/menu/listsTree
[2018-05-08 18:54:38.801] [WARN] access - GET /api/user/userInfo
[2018-05-08 18:54:38.807] [INFO] access - GET /api/act/tpl/55
[2018-05-08 18:54:38.812] [WARN] access - GET /api/act/config/lists
[2018-05-08 18:56:15.467] [WARN] access - GET /api/menu/listsTree
[2018-05-08 18:56:15.476] [WARN] access - GET /api/user/userInfo
[2018-05-08 18:56:15.487] [INFO] access - GET /api/act/tpl/55
[2018-05-08 18:56:15.497] [WARN] access - GET /api/act/config/lists
[2018-05-08 19:00:40.509] [WARN] access - GET /api/menu/listsTree
[2018-05-08 19:00:40.527] [WARN] access - GET /api/user/userInfo
[2018-05-08 19:00:40.532] [INFO] access - GET /api/act/tpl/55
[2018-05-08 19:00:40.537] [WARN] access - GET /api/act/config/lists
[2018-05-08 19:06:37.381] [WARN] access - GET /api/menu/listsTree
[2018-05-08 19:06:37.387] [WARN] access - GET /api/user/userInfo
[2018-05-08 19:06:37.391] [INFO] access - GET /api/act/tpl/55
[2018-05-08 19:06:37.395] [WARN] access - GET /api/act/config/lists
[2018-05-08 20:35:55.227] [WARN] access - GET /api/menu/listsTree
[2018-05-08 20:35:55.234] [WARN] access - GET /api/user/userInfo
[2018-05-08 20:35:55.240] [INFO] access - GET /api/act/tpl/55
[2018-05-08 20:35:55.245] [WARN] access - GET /api/act/config/lists
[2018-05-08 20:36:23.195] [WARN] access - GET /api/menu/listsTree
[2018-05-08 20:36:23.199] [WARN] access - GET /api/user/userInfo
[2018-05-08 20:36:23.220] [INFO] access - GET /api/act/tpl/55
[2018-05-08 20:36:23.225] [WARN] access - GET /api/act/config/lists
[2018-05-08 20:37:28.262] [WARN] access - GET /api/menu/listsTree
[2018-05-08 20:37:28.268] [WARN] access - GET /api/user/userInfo
[2018-05-08 20:37:28.273] [INFO] access - GET /api/act/tpl/55
[2018-05-08 20:37:28.277] [WARN] access - GET /api/act/config/lists
[2018-05-08 20:37:52.720] [WARN] access - GET /api/menu/listsTree
[2018-05-08 20:37:52.726] [WARN] access - GET /api/user/userInfo
[2018-05-08 20:37:52.754] [INFO] access - GET /api/act/tpl/55
[2018-05-08 20:37:52.759] [WARN] access - GET /api/act/config/lists
[2018-05-08 20:38:30.901] [WARN] access - GET /api/menu/listsTree
[2018-05-08 20:38:30.907] [WARN] access - GET /api/user/userInfo
[2018-05-08 20:38:30.950] [INFO] access - GET /api/act/tpl/55
[2018-05-08 20:38:30.955] [WARN] access - GET /api/act/config/lists
[2018-05-08 20:41:53.776] [WARN] access - GET /api/menu/listsTree
[2018-05-08 20:41:53.781] [WARN] access - GET /api/user/userInfo
[2018-05-08 20:41:53.819] [INFO] access - GET /api/act/tpl/55
[2018-05-08 20:41:53.824] [WARN] access - GET /api/act/config/lists
[2018-05-08 20:42:41.652] [WARN] access - GET /api/menu/listsTree
[2018-05-08 20:42:41.658] [WARN] access - GET /api/user/userInfo
[2018-05-08 20:42:41.686] [INFO] access - GET /api/act/tpl/55
[2018-05-08 20:42:41.689] [WARN] access - GET /api/act/config/lists
[2018-05-08 20:44:45.664] [WARN] access - GET /api/menu/listsTree
[2018-05-08 20:44:45.692] [WARN] access - GET /api/user/userInfo
[2018-05-08 20:44:45.701] [INFO] access - GET /api/act/tpl/55
[2018-05-08 20:44:45.706] [WARN] access - GET /api/act/config/lists
[2018-05-08 20:47:38.052] [WARN] access - GET /api/menu/listsTree
[2018-05-08 20:47:38.070] [WARN] access - GET /api/user/userInfo
[2018-05-08 20:47:38.075] [INFO] access - GET /api/act/tpl/55
[2018-05-08 20:47:38.079] [WARN] access - GET /api/act/config/lists
[2018-05-08 20:48:13.402] [WARN] access - GET /api/menu/listsTree
[2018-05-08 20:48:13.406] [WARN] access - GET /api/user/userInfo
[2018-05-08 20:48:13.424] [INFO] access - GET /api/act/tpl/55
[2018-05-08 20:48:13.428] [WARN] access - GET /api/act/config/lists
[2018-05-08 20:58:51.793] [WARN] access - GET /api/menu/listsTree
[2018-05-08 20:58:51.801] [WARN] access - GET /api/user/userInfo
[2018-05-08 20:58:51.810] [INFO] access - GET /api/act/tpl/55
[2018-05-08 20:58:51.814] [WARN] access - GET /api/act/config/lists
[2018-05-08 21:00:28.513] [WARN] access - GET /api/menu/listsTree
[2018-05-08 21:00:28.519] [WARN] access - GET /api/user/userInfo
[2018-05-08 21:00:28.523] [INFO] access - GET /api/act/tpl/55
[2018-05-08 21:00:28.527] [WARN] access - GET /api/act/config/lists
[2018-05-08 21:03:32.714] [WARN] access - GET /api/menu/listsTree
[2018-05-08 21:03:32.728] [WARN] access - GET /api/user/userInfo
[2018-05-08 21:03:32.735] [INFO] access - GET /api/act/tpl/55
[2018-05-08 21:03:32.740] [WARN] access - GET /api/act/config/lists
[2018-05-08 21:04:08.238] [WARN] access - GET /api/menu/listsTree
[2018-05-08 21:04:08.243] [WARN] access - GET /api/user/userInfo
[2018-05-08 21:04:08.257] [INFO] access - GET /api/act/tpl/55
[2018-05-08 21:04:08.261] [WARN] access - GET /api/act/config/lists
[2018-05-08 21:06:27.694] [WARN] access - GET /api/menu/listsTree
[2018-05-08 21:06:27.700] [WARN] access - GET /api/user/userInfo
[2018-05-08 21:06:27.705] [INFO] access - GET /api/act/tpl/55
[2018-05-08 21:06:27.710] [WARN] access - GET /api/act/config/lists
[2018-05-08 21:06:51.306] [WARN] access - GET /api/menu/listsTree
[2018-05-08 21:06:51.313] [WARN] access - GET /api/user/userInfo
[2018-05-08 21:06:51.326] [INFO] access - GET /api/act/tpl/55
[2018-05-08 21:06:51.330] [WARN] access - GET /api/act/config/lists
[2018-05-08 21:09:46.777] [WARN] access - GET /api/menu/listsTree
[2018-05-08 21:09:46.784] [WARN] access - GET /api/user/userInfo
[2018-05-08 21:09:46.789] [INFO] access - GET /api/act/tpl/55
[2018-05-08 21:09:46.806] [WARN] access - GET /api/act/config/lists
[2018-05-08 21:10:09.401] [WARN] access - GET /api/menu/listsTree
[2018-05-08 21:10:09.405] [WARN] access - GET /api/user/userInfo
[2018-05-08 21:10:09.423] [INFO] access - GET /api/act/tpl/55
[2018-05-08 21:10:09.427] [WARN] access - GET /api/act/config/lists
[2018-05-08 21:10:41.158] [WARN] access - GET /api/menu/listsTree
[2018-05-08 21:10:41.174] [WARN] access - GET /api/user/userInfo
[2018-05-08 21:10:41.179] [INFO] access - GET /api/act/tpl/55
[2018-05-08 21:10:41.183] [WARN] access - GET /api/act/config/lists
[2018-05-08 21:10:49.371] [WARN] access - GET /api/menu/listsTree
[2018-05-08 21:10:49.379] [WARN] access - GET /api/user/userInfo
[2018-05-08 21:10:49.394] [INFO] access - GET /api/act/tpl/55
[2018-05-08 21:10:49.399] [WARN] access - GET /api/act/config/lists
[2018-05-08 21:14:53.479] [WARN] access - GET /api/menu/listsTree
[2018-05-08 21:14:53.486] [WARN] access - GET /api/user/userInfo
[2018-05-08 21:14:53.505] [INFO] access - GET /api/act/tpl/55
[2018-05-08 21:14:53.518] [WARN] access - GET /api/act/config/lists
[2018-05-08 21:18:23.296] [WARN] access - GET /api/menu/listsTree
[2018-05-08 21:18:23.308] [WARN] access - GET /api/user/userInfo
[2018-05-08 21:18:23.314] [INFO] access - GET /api/act/tpl/55
[2018-05-08 21:18:23.317] [WARN] access - GET /api/act/config/lists
[2018-05-08 21:19:05.958] [WARN] access - GET /api/menu/listsTree
[2018-05-08 21:19:05.965] [WARN] access - GET /api/user/userInfo
[2018-05-08 21:19:05.985] [INFO] access - GET /api/act/tpl/55
[2018-05-08 21:19:05.990] [WARN] access - GET /api/act/config/lists
[2018-05-08 21:19:23.855] [WARN] access - GET /api/menu/listsTree
[2018-05-08 21:19:23.860] [WARN] access - GET /api/user/userInfo
[2018-05-08 21:19:23.877] [INFO] access - GET /api/act/tpl/55
[2018-05-08 21:19:23.883] [WARN] access - GET /api/act/config/lists
[2018-05-08 21:21:20.023] [WARN] access - GET /api/menu/listsTree
[2018-05-08 21:21:20.027] [WARN] access - GET /api/user/userInfo
[2018-05-08 21:21:20.045] [INFO] access - GET /api/act/tpl/55
[2018-05-08 21:21:20.056] [WARN] access - GET /api/act/config/lists
[2018-05-08 21:22:52.189] [WARN] access - GET /api/menu/listsTree
[2018-05-08 21:22:52.200] [WARN] access - GET /api/user/userInfo
[2018-05-08 21:22:52.205] [INFO] access - GET /api/act/tpl/55
[2018-05-08 21:22:52.209] [WARN] access - GET /api/act/config/lists
