[2018-05-09 12:59:52.403] [WARN] access - GET /api/menu/listsTree
[2018-05-09 12:59:52.411] [WARN] access - GET /api/user/userInfo
[2018-05-09 12:59:52.416] [INFO] access - GET /api/act/tpl/55
[2018-05-09 12:59:52.420] [WARN] access - GET /api/act/config/lists
[2018-05-09 13:03:27.802] [WARN] access - GET /api/menu/listsTree
[2018-05-09 13:03:27.850] [WARN] access - GET /api/user/userInfo
[2018-05-09 13:03:27.860] [INFO] access - GET /api/act/tpl/55
[2018-05-09 13:03:27.871] [WARN] access - GET /api/act/config/lists
[2018-05-09 13:04:12.860] [WARN] access - GET /api/menu/listsTree
[2018-05-09 13:04:12.865] [WARN] access - GET /api/user/userInfo
[2018-05-09 13:04:12.872] [INFO] access - GET /api/act/tpl/55
[2018-05-09 13:04:12.878] [WARN] access - GET /api/act/config/lists
[2018-05-09 13:04:25.880] [INFO] access - POST /api/act/upload
[2018-05-09 13:04:38.066] [WARN] access - GET /api/act/tpl/lists
[2018-05-09 13:04:38.139] [ERROR] access - GET /images/act_tpl_image/1524735070034.png
[2018-05-09 13:04:38.144] [ERROR] access - GET /images/act_tpl_image/1520488106123.png
[2018-05-09 13:04:38.151] [WARN] access - GET /images/act_tpl_image/1525680727077.png
[2018-05-09 13:04:41.965] [INFO] access - GET /api/act/tpl/53
[2018-05-09 13:04:41.971] [WARN] access - GET /api/act/config/lists
[2018-05-09 13:06:08.450] [WARN] access - GET /api/act/tpl/lists
[2018-05-09 13:06:08.556] [ERROR] access - GET /images/act_tpl_image/1524735070034.png
[2018-05-09 13:06:08.561] [ERROR] access - GET /images/act_tpl_image/1520488106123.png
[2018-05-09 13:06:10.096] [INFO] access - GET /api/act/tpl/55
[2018-05-09 13:06:10.104] [WARN] access - GET /api/act/config/lists
[2018-05-09 13:06:52.991] [WARN] access - GET /api/menu/listsTree
[2018-05-09 13:06:52.996] [WARN] access - GET /api/user/userInfo
[2018-05-09 13:06:53.002] [INFO] access - GET /api/act/tpl/55
[2018-05-09 13:06:53.009] [WARN] access - GET /api/act/config/lists
[2018-05-09 13:08:15.354] [WARN] access - GET /api/menu/listsTree
[2018-05-09 13:08:15.385] [WARN] access - GET /api/user/userInfo
[2018-05-09 13:08:15.392] [INFO] access - GET /api/act/tpl/55
[2018-05-09 13:08:15.397] [WARN] access - GET /api/act/config/lists
[2018-05-09 15:17:54.563] [WARN] access - GET /api/menu/listsTree
[2018-05-09 15:17:54.572] [WARN] access - GET /api/user/userInfo
[2018-05-09 15:17:54.579] [INFO] access - GET /api/act/tpl/55
[2018-05-09 15:17:54.586] [WARN] access - GET /api/act/config/lists
[2018-05-09 15:18:24.797] [WARN] access - GET /api/menu/listsTree
[2018-05-09 15:18:24.805] [WARN] access - GET /api/user/userInfo
[2018-05-09 15:18:24.813] [INFO] access - GET /api/act/tpl/55
[2018-05-09 15:18:24.817] [WARN] access - GET /api/act/config/lists
[2018-05-09 15:19:38.426] [WARN] access - GET /api/menu/listsTree
[2018-05-09 15:19:38.485] [WARN] access - GET /api/user/userInfo
[2018-05-09 15:19:38.525] [INFO] access - GET /api/act/tpl/55
[2018-05-09 15:19:38.538] [WARN] access - GET /api/act/config/lists
[2018-05-09 15:20:51.779] [WARN] access - GET /api/menu/listsTree
[2018-05-09 15:20:51.793] [WARN] access - GET /api/user/userInfo
[2018-05-09 15:20:51.799] [INFO] access - GET /api/act/tpl/55
[2018-05-09 15:20:51.803] [WARN] access - GET /api/act/config/lists
[2018-05-09 15:31:13.304] [WARN] access - GET /api/menu/listsTree
[2018-05-09 15:31:13.352] [WARN] access - GET /api/user/userInfo
[2018-05-09 15:31:13.356] [INFO] access - GET /api/act/tpl/55
[2018-05-09 15:31:13.361] [WARN] access - GET /api/act/config/lists
[2018-05-09 15:31:45.371] [WARN] access - GET /api/menu/listsTree
[2018-05-09 15:31:45.376] [WARN] access - GET /api/user/userInfo
[2018-05-09 15:31:45.380] [INFO] access - GET /api/act/tpl/55
[2018-05-09 15:31:45.385] [WARN] access - GET /api/act/config/lists
[2018-05-09 15:47:22.189] [WARN] access - GET /api/menu/listsTree
[2018-05-09 15:47:22.199] [WARN] access - GET /api/user/userInfo
[2018-05-09 15:47:22.204] [INFO] access - GET /api/act/tpl/55
[2018-05-09 15:47:22.208] [WARN] access - GET /api/act/config/lists
[2018-05-09 16:03:04.974] [WARN] access - GET /api/menu/listsTree
[2018-05-09 16:03:05.004] [WARN] access - GET /api/user/userInfo
[2018-05-09 16:03:05.017] [INFO] access - GET /api/act/tpl/55
[2018-05-09 16:03:05.025] [WARN] access - GET /api/act/config/lists
[2018-05-09 16:04:34.431] [WARN] access - GET /api/menu/listsTree
[2018-05-09 16:04:34.446] [WARN] access - GET /api/user/userInfo
[2018-05-09 16:04:34.473] [INFO] access - GET /api/act/tpl/55
[2018-05-09 16:04:34.487] [WARN] access - GET /api/act/config/lists
[2018-05-09 16:15:23.098] [WARN] access - GET /api/menu/listsTree
[2018-05-09 16:15:23.114] [WARN] access - GET /api/user/userInfo
[2018-05-09 16:15:23.138] [INFO] access - GET /api/act/tpl/55
[2018-05-09 16:15:23.143] [WARN] access - GET /api/act/config/lists
[2018-05-09 16:33:10.969] [WARN] access - GET /api/menu/listsTree
[2018-05-09 16:33:11.006] [WARN] access - GET /api/user/userInfo
[2018-05-09 16:33:11.018] [INFO] access - GET /api/act/tpl/55
[2018-05-09 16:33:11.021] [WARN] access - GET /api/act/config/lists
[2018-05-09 16:34:10.814] [WARN] access - GET /api/menu/listsTree
[2018-05-09 16:34:10.819] [WARN] access - GET /api/user/userInfo
[2018-05-09 16:34:10.827] [INFO] access - GET /api/act/tpl/55
[2018-05-09 16:34:10.834] [WARN] access - GET /api/act/config/lists
[2018-05-09 16:41:17.202] [WARN] access - GET /api/menu/listsTree
[2018-05-09 16:41:17.223] [WARN] access - GET /api/user/userInfo
[2018-05-09 16:41:17.229] [INFO] access - GET /api/act/tpl/55
[2018-05-09 16:41:17.233] [WARN] access - GET /api/act/config/lists
[2018-05-09 16:42:42.213] [WARN] access - GET /api/menu/listsTree
[2018-05-09 16:42:42.222] [WARN] access - GET /api/user/userInfo
[2018-05-09 16:42:42.251] [INFO] access - GET /api/act/tpl/55
[2018-05-09 16:42:42.260] [WARN] access - GET /api/act/config/lists
[2018-05-09 16:43:03.575] [WARN] access - GET /api/menu/listsTree
[2018-05-09 16:43:03.580] [WARN] access - GET /api/user/userInfo
[2018-05-09 16:43:03.604] [INFO] access - GET /api/act/tpl/55
[2018-05-09 16:43:03.609] [WARN] access - GET /api/act/config/lists
[2018-05-09 16:43:17.449] [WARN] access - GET /api/menu/listsTree
[2018-05-09 16:43:17.454] [WARN] access - GET /api/user/userInfo
[2018-05-09 16:43:17.471] [INFO] access - GET /api/act/tpl/55
[2018-05-09 16:43:17.476] [WARN] access - GET /api/act/config/lists
[2018-05-09 17:10:06.177] [WARN] access - GET /api/user/userInfo
[2018-05-09 17:10:06.202] [WARN] access - GET /api/menu/listsTree
[2018-05-09 17:10:06.208] [INFO] access - GET /api/act/tpl/55
[2018-05-09 17:10:06.213] [WARN] access - GET /api/act/config/lists
[2018-05-09 17:22:38.410] [WARN] access - GET /api/menu/listsTree
[2018-05-09 17:22:38.429] [WARN] access - GET /api/user/userInfo
[2018-05-09 17:22:38.440] [INFO] access - GET /api/act/tpl/55
[2018-05-09 17:22:38.444] [WARN] access - GET /api/act/config/lists
[2018-05-09 19:07:29.194] [WARN] access - GET /api/menu/listsTree
[2018-05-09 19:07:29.223] [WARN] access - GET /api/user/userInfo
[2018-05-09 19:07:29.230] [INFO] access - GET /api/act/tpl/55
[2018-05-09 19:07:29.234] [WARN] access - GET /api/act/config/lists
[2018-05-09 19:08:31.465] [WARN] access - GET /api/menu/listsTree
[2018-05-09 19:08:31.497] [WARN] access - GET /api/user/userInfo
[2018-05-09 19:08:31.524] [INFO] access - GET /api/act/tpl/55
[2018-05-09 19:08:31.532] [WARN] access - GET /api/act/config/lists
[2018-05-09 19:09:57.405] [WARN] access - GET /api/menu/listsTree
[2018-05-09 19:09:57.409] [WARN] access - GET /api/user/userInfo
[2018-05-09 19:09:57.448] [INFO] access - GET /api/act/tpl/55
[2018-05-09 19:09:57.454] [WARN] access - GET /api/act/config/lists
[2018-05-09 19:12:08.865] [WARN] access - GET /api/menu/listsTree
[2018-05-09 19:12:08.869] [WARN] access - GET /api/user/userInfo
[2018-05-09 19:12:08.903] [INFO] access - GET /api/act/tpl/55
[2018-05-09 19:12:08.907] [WARN] access - GET /api/act/config/lists
[2018-05-09 19:32:30.452] [WARN] access - GET /api/menu/listsTree
[2018-05-09 19:32:30.457] [WARN] access - GET /api/user/userInfo
[2018-05-09 19:32:30.461] [INFO] access - GET /api/act/tpl/55
[2018-05-09 19:32:30.465] [WARN] access - GET /api/act/config/lists
[2018-05-09 19:32:51.767] [WARN] access - GET /api/menu/listsTree
[2018-05-09 19:32:51.798] [WARN] access - GET /api/user/userInfo
[2018-05-09 19:32:51.831] [INFO] access - GET /api/act/tpl/55
[2018-05-09 19:32:51.835] [WARN] access - GET /api/act/config/lists
[2018-05-09 19:37:56.965] [WARN] access - GET /api/menu/listsTree
[2018-05-09 19:37:56.969] [WARN] access - GET /api/user/userInfo
[2018-05-09 19:37:56.973] [INFO] access - GET /api/act/tpl/55
[2018-05-09 19:37:56.977] [WARN] access - GET /api/act/config/lists
[2018-05-09 19:41:13.035] [INFO] access - POST /api/act/upload
[2018-05-09 19:41:21.086] [INFO] access - POST /api/act/upload
[2018-05-09 19:41:28.904] [INFO] access - POST /api/act/upload
[2018-05-09 19:41:37.956] [INFO] access - POST /api/act/upload
[2018-05-09 19:45:02.767] [WARN] access - GET /api/menu/listsTree
[2018-05-09 19:45:02.782] [WARN] access - GET /api/user/userInfo
[2018-05-09 19:45:02.788] [INFO] access - GET /api/act/tpl/55
[2018-05-09 19:45:02.792] [WARN] access - GET /api/act/config/lists
[2018-05-09 19:46:22.413] [WARN] access - GET /api/menu/listsTree
[2018-05-09 19:46:22.452] [WARN] access - GET /api/user/userInfo
[2018-05-09 19:46:22.459] [INFO] access - GET /api/act/tpl/55
[2018-05-09 19:46:22.476] [WARN] access - GET /api/act/config/lists
[2018-05-09 19:46:33.892] [WARN] access - GET /api/menu/listsTree
[2018-05-09 19:46:33.905] [WARN] access - GET /api/user/userInfo
[2018-05-09 19:46:33.910] [INFO] access - GET /api/act/tpl/55
[2018-05-09 19:46:33.917] [WARN] access - GET /api/act/config/lists
[2018-05-09 19:52:08.600] [INFO] access - POST /api/act/upload
[2018-05-09 19:52:16.394] [INFO] access - POST /api/act/upload
[2018-05-09 20:09:42.007] [WARN] access - GET /api/menu/listsTree
[2018-05-09 20:09:42.020] [WARN] access - GET /api/user/userInfo
[2018-05-09 20:09:42.025] [INFO] access - GET /api/act/tpl/55
[2018-05-09 20:09:42.029] [WARN] access - GET /api/act/config/lists
[2018-05-09 20:10:09.471] [WARN] access - GET /api/menu/listsTree
[2018-05-09 20:10:09.485] [WARN] access - GET /api/user/userInfo
[2018-05-09 20:10:09.506] [INFO] access - GET /api/act/tpl/55
[2018-05-09 20:10:09.515] [WARN] access - GET /api/act/config/lists
[2018-05-09 20:11:08.261] [WARN] access - GET /api/menu/listsTree
[2018-05-09 20:11:08.282] [WARN] access - GET /api/user/userInfo
[2018-05-09 20:11:08.318] [INFO] access - GET /api/act/tpl/55
[2018-05-09 20:11:08.322] [WARN] access - GET /api/act/config/lists
[2018-05-09 20:12:03.630] [WARN] access - GET /api/menu/listsTree
[2018-05-09 20:12:03.634] [WARN] access - GET /api/user/userInfo
[2018-05-09 20:12:03.662] [INFO] access - GET /api/act/tpl/55
[2018-05-09 20:12:03.667] [WARN] access - GET /api/act/config/lists
[2018-05-09 20:13:57.683] [WARN] access - GET /api/menu/listsTree
[2018-05-09 20:13:57.721] [WARN] access - GET /api/user/userInfo
[2018-05-09 20:13:57.752] [INFO] access - GET /api/act/tpl/55
[2018-05-09 20:13:57.756] [WARN] access - GET /api/act/config/lists
[2018-05-09 20:15:23.692] [WARN] access - GET /api/menu/listsTree
[2018-05-09 20:15:23.697] [WARN] access - GET /api/user/userInfo
[2018-05-09 20:15:23.733] [INFO] access - GET /api/act/tpl/55
[2018-05-09 20:15:23.737] [WARN] access - GET /api/act/config/lists
[2018-05-09 20:18:23.136] [INFO] access - POST /api/act/upload
[2018-05-09 20:19:39.513] [WARN] access - GET /api/menu/listsTree
[2018-05-09 20:19:39.518] [WARN] access - GET /api/user/userInfo
[2018-05-09 20:19:39.544] [INFO] access - GET /api/act/tpl/55
[2018-05-09 20:19:39.548] [WARN] access - GET /api/act/config/lists
[2018-05-09 20:20:43.076] [INFO] access - POST /api/act/upload
[2018-05-09 20:23:32.236] [INFO] access - POST /api/act/upload
[2018-05-09 20:23:36.584] [INFO] access - POST /api/act/upload
[2018-05-09 20:23:41.505] [INFO] access - POST /api/act/upload
[2018-05-09 20:23:47.738] [INFO] access - POST /api/act/upload
[2018-05-09 20:26:10.221] [WARN] access - GET /api/menu/listsTree
[2018-05-09 20:26:10.245] [WARN] access - GET /api/user/userInfo
[2018-05-09 20:26:10.250] [INFO] access - GET /api/act/tpl/55
[2018-05-09 20:26:10.257] [WARN] access - GET /api/act/config/lists
[2018-05-09 20:37:21.417] [WARN] access - GET /api/menu/listsTree
[2018-05-09 20:37:21.445] [WARN] access - GET /api/user/userInfo
[2018-05-09 20:37:21.453] [INFO] access - GET /api/act/tpl/55
[2018-05-09 20:37:21.456] [WARN] access - GET /api/act/config/lists
[2018-05-09 20:42:08.194] [WARN] access - GET /api/menu/listsTree
[2018-05-09 20:42:08.203] [WARN] access - GET /api/user/userInfo
[2018-05-09 20:42:08.210] [INFO] access - GET /api/act/tpl/55
[2018-05-09 20:42:08.214] [WARN] access - GET /api/act/config/lists
[2018-05-09 20:43:44.952] [WARN] access - GET /api/menu/listsTree
[2018-05-09 20:43:44.968] [WARN] access - GET /api/user/userInfo
[2018-05-09 20:43:44.986] [INFO] access - GET /api/act/tpl/55
[2018-05-09 20:43:44.991] [WARN] access - GET /api/act/config/lists
[2018-05-09 20:52:49.256] [WARN] access - GET /api/menu/listsTree
[2018-05-09 20:52:49.289] [WARN] access - GET /api/user/userInfo
[2018-05-09 20:52:49.295] [INFO] access - GET /api/act/tpl/55
[2018-05-09 20:52:49.299] [WARN] access - GET /api/act/config/lists
[2018-05-09 20:53:14.743] [INFO] access - POST /api/act/upload
[2018-05-09 20:55:49.752] [WARN] access - GET /api/menu/listsTree
[2018-05-09 20:55:49.756] [WARN] access - GET /api/user/userInfo
[2018-05-09 20:55:49.795] [INFO] access - GET /api/act/tpl/55
[2018-05-09 20:55:49.804] [WARN] access - GET /api/act/config/lists
