[2018-03-23 09:29:17.300] [WARN] access - GET /api/act/lists?keys=&pageSize=15&pageIndex=1
[2018-03-23 09:29:23.275] [WARN] access - GET /api/act/tpl/lists
[2018-03-23 09:29:23.315] [WARN] access - GET /images/act_tpl_image/1520574967573.jpg
[2018-03-23 09:29:23.320] [WARN] access - GET /images/act_tpl_image/1520488106123.png
[2018-03-23 09:29:29.608] [INFO] access - GET /api/act/tpl/54
[2018-03-23 09:44:48.632] [INFO] access - GET /api/act/tpl/54
[2018-03-23 09:47:15.680] [INFO] access - GET /api/act/tpl/54
[2018-03-23 09:48:56.336] [WARN] access - GET /api/menu/listsTree
[2018-03-23 09:48:56.349] [WARN] access - GET /api/user/userInfo
[2018-03-23 09:48:56.360] [INFO] access - GET /api/act/tpl/54
[2018-03-23 09:52:14.886] [INFO] access - GET /api/act/tpl/54
[2018-03-23 10:00:19.064] [INFO] access - GET /api/act/tpl/54
[2018-03-23 10:00:50.942] [INFO] access - GET /api/act/tpl/54
[2018-03-23 10:01:02.542] [INFO] access - GET /api/act/tpl/54
[2018-03-23 10:01:06.296] [INFO] access - GET /api/act/tpl/54
[2018-03-23 10:01:21.612] [INFO] access - GET /api/act/tpl/54
[2018-03-23 10:01:44.622] [INFO] access - GET /api/act/tpl/54
[2018-03-23 10:01:57.527] [INFO] access - GET /api/act/tpl/54
[2018-03-23 10:01:57.710] [INFO] access - GET /api/act/config/lists
[2018-03-23 10:12:01.113] [INFO] access - GET /api/act/tpl/54
[2018-03-23 10:12:01.128] [WARN] access - GET /api/act/config/lists
[2018-03-23 10:12:17.023] [INFO] access - GET /api/act/tpl/54
[2018-03-23 10:12:17.028] [WARN] access - GET /api/act/config/lists
[2018-03-23 10:13:02.947] [INFO] access - GET /api/act/tpl/54
[2018-03-23 10:13:03.150] [WARN] access - GET /api/act/config/lists
[2018-03-23 10:13:25.172] [INFO] access - GET /api/act/tpl/54
[2018-03-23 10:13:25.176] [WARN] access - GET /api/act/config/lists
[2018-03-23 10:36:11.158] [WARN] access - GET /api/config/lists?keys=&pageSize=15&pageIndex=1
[2018-03-23 10:41:47.820] [INFO] access - GET /api/act/config/lists?keys=
[2018-03-23 10:42:46.835] [INFO] access - POST /api/act/config/add
[2018-03-23 10:42:46.858] [INFO] access - GET /api/act/config/lists?keys=
[2018-03-23 10:43:26.806] [INFO] access - POST /api/act/config/add
[2018-03-23 10:43:26.923] [INFO] access - GET /api/act/config/lists?keys=
[2018-03-23 10:43:30.296] [WARN] access - GET /api/act/lists?keys=&pageSize=15&pageIndex=1
[2018-03-23 10:43:33.927] [INFO] access - GET /api/act/97
[2018-03-23 10:43:42.378] [WARN] access - GET /api/act/tpl/lists
[2018-03-23 10:43:42.414] [WARN] access - GET /images/act_tpl_image/1520574967573.jpg
[2018-03-23 10:43:42.420] [WARN] access - GET /images/act_tpl_image/1520488106123.png
[2018-03-23 10:43:43.718] [INFO] access - GET /api/act/tpl/54
[2018-03-23 10:43:43.728] [INFO] access - GET /api/act/config/lists
[2018-03-23 11:14:28.754] [WARN] access - GET /api/user/userInfo
[2018-03-23 11:14:28.760] [WARN] access - GET /api/menu/listsTree
[2018-03-23 11:14:28.764] [INFO] access - GET /api/act/tpl/lists
[2018-03-23 11:14:28.806] [WARN] access - GET /images/act_tpl_image/1520574967573.jpg
[2018-03-23 11:14:28.811] [WARN] access - GET /images/act_tpl_image/1520488106123.png
[2018-03-23 11:14:30.834] [INFO] access - GET /api/act/tpl/54
[2018-03-23 11:14:30.842] [WARN] access - GET /api/act/config/lists
[2018-03-23 11:14:59.264] [INFO] access - POST /api/act/upload
[2018-03-23 11:15:40.948] [INFO] access - POST /api/act/upload
[2018-03-23 11:16:11.228] [INFO] access - POST /api/act/upload
[2018-03-23 11:16:21.133] [ERROR] access - POST /api/act/publish
[2018-03-23 11:17:07.347] [ERROR] access - POST /api/act/publish
[2018-03-23 11:17:19.101] [ERROR] access - POST /api/act/publish
[2018-03-23 11:18:29.936] [ERROR] access - POST /api/act/publish
[2018-03-23 11:18:59.562] [ERROR] access - POST /api/act/publish
[2018-03-23 11:19:07.102] [INFO] access - POST /api/act/draft
[2018-03-23 11:19:07.442] [INFO] access - GET /api/act/lists?keys=&pageSize=15&pageIndex=1
[2018-03-23 11:19:10.191] [INFO] access - GET /api/act/98
[2018-03-23 11:19:15.872] [WARN] access - GET /api/menu/listsTree
[2018-03-23 11:19:15.884] [WARN] access - GET /api/user/userInfo
[2018-03-23 11:19:15.889] [INFO] access - GET /api/act/98
[2018-03-23 11:19:15.980] [WARN] access - GET /temp/20180323111430/1521774899255.png
[2018-03-23 11:19:15.985] [WARN] access - GET /temp/20180323111430/1521774940941.png
[2018-03-23 11:19:16.004] [WARN] access - GET /temp/20180323111430/1521774971217.png
[2018-03-23 11:20:28.007] [INFO] access - GET /api/act/98
[2018-03-23 11:20:33.998] [INFO] access - GET /api/act/98
[2018-03-23 11:20:45.361] [INFO] access - GET /api/act/98
[2018-03-23 11:21:11.415] [INFO] access - GET /api/act/98
[2018-03-23 11:21:24.478] [INFO] access - GET /api/act/98
[2018-03-23 11:21:43.371] [INFO] access - GET /api/act/98
[2018-03-23 11:21:43.377] [WARN] access - GET /api/act/config/lists
[2018-03-23 11:21:55.954] [WARN] access - GET /api/menu/listsTree
[2018-03-23 11:21:55.975] [WARN] access - GET /api/user/userInfo
[2018-03-23 11:21:55.983] [INFO] access - GET /api/act/98
[2018-03-23 11:21:55.987] [WARN] access - GET /api/act/config/lists
[2018-03-23 11:21:56.086] [WARN] access - GET /temp/20180323111430/1521774899255.png
[2018-03-23 11:21:56.092] [WARN] access - GET /temp/20180323111430/1521774940941.png
[2018-03-23 11:21:56.110] [WARN] access - GET /temp/20180323111430/1521774971217.png
[2018-03-23 11:22:00.733] [ERROR] access - POST /api/act/publish
[2018-03-23 11:23:10.669] [ERROR] access - POST /api/act/publish
[2018-03-23 11:23:24.512] [ERROR] access - POST /api/act/publish
[2018-03-23 11:23:44.024] [ERROR] access - POST /api/act/publish
[2018-03-23 11:26:05.874] [ERROR] access - POST /api/act/publish
[2018-03-23 11:26:34.387] [INFO] access - POST /api/act/publish
[2018-03-23 11:26:34.707] [INFO] access - GET /api/act/lists?keys=&pageSize=15&pageIndex=1
[2018-03-23 11:28:05.648] [INFO] access - GET /api/act/98
[2018-03-23 11:28:05.654] [WARN] access - GET /api/act/config/lists
[2018-03-23 11:31:49.656] [WARN] access - GET /api/user/userInfo
[2018-03-23 11:31:49.660] [WARN] access - GET /api/menu/listsTree
[2018-03-23 11:31:49.666] [INFO] access - GET /api/act/98
[2018-03-23 11:31:49.670] [WARN] access - GET /api/act/config/lists
[2018-03-23 11:32:15.151] [WARN] access - GET /api/act/lists?keys=&pageSize=15&pageIndex=1
[2018-03-23 12:33:14.068] [INFO] access - GET /api/act/98
[2018-03-23 12:33:14.075] [WARN] access - GET /api/act/config/lists
[2018-03-23 12:33:41.176] [WARN] access - GET /api/menu/listsTree
[2018-03-23 12:33:41.181] [WARN] access - GET /api/user/userInfo
[2018-03-23 12:33:41.204] [INFO] access - GET /api/act/98
[2018-03-23 12:33:41.209] [WARN] access - GET /api/act/config/lists
[2018-03-23 12:33:45.267] [INFO] access - POST /api/act/publish
[2018-03-23 12:33:45.678] [INFO] access - GET /api/act/lists?keys=&pageSize=15&pageIndex=1
[2018-03-23 12:35:29.100] [INFO] access - GET /api/act/98
[2018-03-23 12:35:29.104] [WARN] access - GET /api/act/config/lists
[2018-03-23 12:35:33.106] [INFO] access - POST /api/act/publish
[2018-03-23 12:35:33.544] [INFO] access - GET /api/act/lists?keys=&pageSize=15&pageIndex=1
[2018-03-23 15:30:59.558] [WARN] access - GET /api/act/tpl/lists
[2018-03-23 15:30:59.610] [WARN] access - GET /images/act_tpl_image/1520574967573.jpg
[2018-03-23 15:30:59.614] [WARN] access - GET /images/act_tpl_image/1520488106123.png
[2018-03-23 15:31:10.092] [WARN] access - GET /api/act/lists?keys=&pageSize=15&pageIndex=1
[2018-03-23 15:31:29.768] [WARN] access - GET /api/act/tpl/lists
[2018-03-23 15:31:29.801] [WARN] access - GET /images/act_tpl_image/1520574967573.jpg
[2018-03-23 15:31:29.806] [WARN] access - GET /images/act_tpl_image/1520488106123.png
[2018-03-23 15:31:32.522] [INFO] access - GET /api/act/tpl/54
[2018-03-23 15:31:32.527] [WARN] access - GET /api/act/config/lists
[2018-03-23 15:37:48.336] [WARN] access - GET /api/act/lists?keys=&pageSize=15&pageIndex=1
[2018-03-23 15:37:49.642] [WARN] access - GET /api/act/config/lists?keys=
[2018-03-23 15:59:30.739] [WARN] access - GET /api/user/userInfo
[2018-03-23 15:59:30.746] [WARN] access - GET /api/menu/listsTree
[2018-03-23 15:59:30.752] [WARN] access - GET /api/act/config/lists?keys=
[2018-03-23 15:59:33.889] [INFO] access - DELETE /api/act/config/1
[2018-03-23 15:59:33.912] [INFO] access - GET /api/act/config/lists?keys=
[2018-03-23 15:59:39.028] [WARN] access - GET /api/menu/listsTree
[2018-03-23 15:59:39.033] [WARN] access - GET /api/user/userInfo
[2018-03-23 15:59:39.045] [WARN] access - GET /api/act/config/lists?keys=
[2018-03-23 16:00:33.226] [WARN] access - GET /api/user/userInfo
[2018-03-23 16:00:33.233] [WARN] access - GET /api/menu/listsTree
[2018-03-23 16:00:33.238] [WARN] access - GET /api/act/config/lists?keys=
[2018-03-23 16:00:59.435] [INFO] access - POST /api/act/config/add
[2018-03-23 16:00:59.464] [INFO] access - GET /api/act/config/lists?keys=
[2018-03-23 16:01:04.561] [INFO] access - DELETE /api/act/config/3
[2018-03-23 16:01:04.590] [INFO] access - GET /api/act/config/lists?keys=
[2018-03-23 16:01:24.409] [INFO] access - POST /api/act/config/add
[2018-03-23 16:01:24.433] [INFO] access - GET /api/act/config/lists?keys=
[2018-03-23 16:01:28.038] [INFO] access - DELETE /api/act/config/4
[2018-03-23 16:01:28.061] [INFO] access - GET /api/act/config/lists?keys=
[2018-03-23 16:02:26.623] [INFO] access - POST /api/act/config/add
[2018-03-23 16:02:26.650] [INFO] access - GET /api/act/config/lists?keys=
[2018-03-23 16:02:29.672] [WARN] access - GET /api/act/lists?keys=&pageSize=15&pageIndex=1
