[2018-03-27 10:16:14.201] [WARN] access - GET /api/user/userInfo
[2018-03-27 14:35:47.806] [INFO] access - GET /api/act/tpl/53
[2018-03-27 14:35:47.809] [WARN] access - GET /api/act/config/lists
[2018-03-27 19:19:00.166] [WARN] access - GET /api/act/tpl/lists
[2018-03-27 19:19:00.227] [WARN] access - GET /images/act_tpl_image/1520574967573.jpg
[2018-03-27 19:19:00.232] [WARN] access - GET /images/act_tpl_image/1520488106123.png
[2018-03-27 19:19:03.186] [INFO] access - GET /api/act/tpl/53
[2018-03-27 19:19:03.191] [WARN] access - GET /api/act/config/lists
[2018-03-27 19:21:48.319] [INFO] access - POST /api/act/upload
[2018-03-27 19:21:54.902] [INFO] access - POST /api/act/upload
[2018-03-27 19:23:11.324] [INFO] access - POST /api/act/upload
[2018-03-27 19:24:15.770] [INFO] access - POST /api/act/upload
[2018-03-27 19:24:27.827] [INFO] access - POST /api/act/upload
[2018-03-27 19:24:27.850] [INFO] access - GET /temp/20180327191903/1522149867820.png
[2018-03-27 19:25:15.538] [INFO] access - POST /api/act/upload
[2018-03-27 19:25:30.930] [INFO] access - POST /api/act/upload
[2018-03-27 19:25:34.265] [INFO] access - POST /api/act/upload
[2018-03-27 19:25:56.861] [INFO] access - POST /api/act/upload
[2018-03-27 19:26:04.392] [INFO] access - POST /api/act/upload
[2018-03-27 19:26:49.007] [INFO] access - POST /api/act/upload
[2018-03-27 19:27:18.325] [INFO] access - POST /api/act/upload
[2018-03-27 19:27:27.623] [INFO] access - POST /api/act/upload
[2018-03-27 19:29:27.480] [INFO] access - POST /api/act/upload
[2018-03-27 19:30:46.743] [INFO] access - POST /api/act/upload
[2018-03-27 19:32:00.646] [INFO] access - POST /api/act/draft
[2018-03-27 19:32:01.031] [INFO] access - GET /api/act/lists?keys=&pageSize=15&pageIndex=1
[2018-03-27 19:32:03.430] [INFO] access - GET /api/act/99
[2018-03-27 19:32:03.433] [WARN] access - GET /api/act/config/lists
[2018-03-27 19:32:50.998] [INFO] access - POST /api/act/publish
[2018-03-27 19:32:51.296] [INFO] access - GET /api/act/lists?keys=&pageSize=15&pageIndex=1
[2018-03-27 19:35:16.576] [INFO] access - GET /api/act/99
[2018-03-27 19:35:16.583] [WARN] access - GET /api/act/config/lists
[2018-03-27 19:47:55.617] [WARN] access - GET /api/user/userInfo
[2018-03-27 19:47:55.628] [WARN] access - GET /api/menu/listsTree
[2018-03-27 19:47:55.635] [INFO] access - GET /api/act/99
[2018-03-27 19:47:55.639] [WARN] access - GET /api/act/config/lists
[2018-03-27 19:47:59.453] [ERROR] access - POST /api/act/publish
[2018-03-27 19:48:32.875] [WARN] access - GET /api/user/userInfo
[2018-03-27 19:48:32.882] [WARN] access - GET /api/menu/listsTree
[2018-03-27 19:48:32.888] [INFO] access - GET /api/act/99
[2018-03-27 19:48:32.893] [WARN] access - GET /api/act/config/lists
[2018-03-27 19:48:36.325] [INFO] access - POST /api/act/publish
[2018-03-27 19:48:36.652] [INFO] access - GET /api/act/lists?keys=&pageSize=15&pageIndex=1
[2018-03-27 19:48:38.826] [INFO] access - GET /api/act/99
[2018-03-27 19:48:38.831] [WARN] access - GET /api/act/config/lists
[2018-03-27 19:57:33.473] [WARN] access - GET /api/menu/listsTree
[2018-03-27 19:57:33.482] [WARN] access - GET /api/user/userInfo
[2018-03-27 19:57:33.488] [INFO] access - GET /api/act/99
[2018-03-27 19:57:33.492] [WARN] access - GET /api/act/config/lists
[2018-03-27 19:57:36.465] [INFO] access - POST /api/act/publish
[2018-03-27 19:57:36.772] [INFO] access - GET /api/act/lists?keys=&pageSize=15&pageIndex=1
[2018-03-27 20:42:12.541] [WARN] access - GET /api/act/config/lists?keys=
[2018-03-27 20:45:27.599] [WARN] access - GET /api/menu/listsTree
[2018-03-27 20:45:27.608] [WARN] access - GET /api/user/userInfo
[2018-03-27 20:45:27.616] [WARN] access - GET /api/act/config/lists?keys=
[2018-03-27 20:46:53.748] [WARN] access - GET /api/menu/listsTree
[2018-03-27 20:46:53.758] [WARN] access - GET /api/user/userInfo
[2018-03-27 20:46:53.783] [WARN] access - GET /api/act/config/lists?keys=
[2018-03-27 20:48:23.883] [INFO] access - POST /api/act/config/add
[2018-03-27 20:48:23.908] [INFO] access - GET /api/act/config/lists?keys=
[2018-03-27 20:49:45.942] [WARN] access - GET /api/act/lists?keys=&pageSize=15&pageIndex=1
[2018-03-27 20:49:47.530] [INFO] access - GET /api/act/99
[2018-03-27 20:49:47.534] [INFO] access - GET /api/act/config/lists
[2018-03-27 20:50:02.874] [INFO] access - POST /api/act/publish
[2018-03-27 20:50:03.178] [INFO] access - GET /api/act/lists?keys=&pageSize=15&pageIndex=1
[2018-03-27 20:50:26.664] [INFO] access - GET /api/act/99
[2018-03-27 20:50:26.670] [WARN] access - GET /api/act/config/lists
[2018-03-27 20:50:52.147] [WARN] access - GET /api/act/config/lists?keys=
[2018-03-27 20:53:45.060] [INFO] access - GET /api/act/lists?keys=&pageSize=15&pageIndex=1
[2018-03-27 20:53:47.231] [INFO] access - GET /api/act/99
[2018-03-27 20:53:47.236] [WARN] access - GET /api/act/config/lists
[2018-03-27 20:53:56.669] [INFO] access - POST /api/act/publish
[2018-03-27 20:53:56.961] [INFO] access - GET /api/act/lists?keys=&pageSize=15&pageIndex=1
[2018-03-27 20:54:49.465] [WARN] access - GET /api/act/tpl/lists
[2018-03-27 20:54:49.505] [WARN] access - GET /images/act_tpl_image/1520574967573.jpg
[2018-03-27 20:54:49.509] [WARN] access - GET /images/act_tpl_image/1520488106123.png
[2018-03-27 20:54:50.868] [WARN] access - GET /api/act/config/lists?keys=
[2018-03-27 21:00:35.662] [WARN] access - GET /api/act/lists?keys=&pageSize=15&pageIndex=1
[2018-03-27 21:00:45.508] [INFO] access - GET /api/act/99
[2018-03-27 21:00:45.512] [WARN] access - GET /api/act/config/lists
[2018-03-27 21:00:52.064] [WARN] access - GET /api/menu/listsTree
[2018-03-27 21:00:52.069] [WARN] access - GET /api/user/userInfo
[2018-03-27 21:00:52.093] [INFO] access - GET /api/act/99
[2018-03-27 21:00:52.098] [WARN] access - GET /api/act/config/lists
[2018-03-27 21:13:05.387] [WARN] access - GET /api/user/userInfo
[2018-03-27 21:13:05.394] [WARN] access - GET /api/menu/listsTree
[2018-03-27 21:13:05.399] [INFO] access - GET /api/act/99
[2018-03-27 21:13:05.404] [WARN] access - GET /api/act/config/lists
[2018-03-27 21:16:09.945] [WARN] access - GET /api/menu/listsTree
[2018-03-27 21:16:09.956] [WARN] access - GET /api/user/userInfo
[2018-03-27 21:16:09.960] [INFO] access - GET /api/act/99
[2018-03-27 21:16:09.964] [WARN] access - GET /api/act/config/lists
[2018-03-27 21:18:00.987] [WARN] access - GET /api/menu/listsTree
[2018-03-27 21:18:01.008] [WARN] access - GET /api/user/userInfo
[2018-03-27 21:18:01.014] [INFO] access - GET /api/act/99
[2018-03-27 21:18:01.018] [WARN] access - GET /api/act/config/lists
[2018-03-27 21:23:29.070] [WARN] access - GET /api/act/tpl/lists
[2018-03-27 21:23:29.111] [WARN] access - GET /images/act_tpl_image/1520574967573.jpg
[2018-03-27 21:23:29.116] [WARN] access - GET /images/act_tpl_image/1520488106123.png
[2018-03-27 21:23:30.912] [INFO] access - GET /api/act/lists?keys=&pageSize=15&pageIndex=1
[2018-03-27 21:23:45.548] [INFO] access - PUT /api/act/99
[2018-03-27 21:23:45.581] [INFO] access - GET /api/act/lists?keys=&pageSize=15&pageIndex=1
[2018-03-27 21:23:49.195] [ERROR] access - DELETE /api/act/99
[2018-03-27 21:25:57.769] [WARN] access - GET /api/user/userInfo
[2018-03-27 21:25:57.776] [WARN] access - GET /api/menu/listsTree
[2018-03-27 21:25:57.784] [WARN] access - GET /api/act/lists?keys=&pageSize=15&pageIndex=1
[2018-03-27 21:26:00.186] [ERROR] access - DELETE /api/act/99
[2018-03-27 21:27:25.278] [ERROR] access - DELETE /api/act/99
[2018-03-27 21:27:46.201] [INFO] access - DELETE /api/act/99
[2018-03-27 21:27:46.240] [WARN] access - GET /api/act/lists?keys=&pageSize=15&pageIndex=1
[2018-03-27 21:27:52.852] [WARN] access - GET /api/menu/listsTree
[2018-03-27 21:27:52.857] [WARN] access - GET /api/user/userInfo
[2018-03-27 21:27:52.883] [WARN] access - GET /api/act/lists?keys=&pageSize=15&pageIndex=1
[2018-03-27 21:29:03.562] [WARN] access - GET /api/user/userInfo
[2018-03-27 21:29:03.569] [WARN] access - GET /api/menu/listsTree
[2018-03-27 21:29:03.574] [WARN] access - GET /api/act/lists?keys=&pageSize=15&pageIndex=1
[2018-03-27 21:29:05.934] [INFO] access - DELETE /api/act/99
[2018-03-27 21:29:05.973] [INFO] access - GET /api/act/lists?keys=&pageSize=15&pageIndex=1
[2018-03-27 21:29:28.724] [INFO] access - GET /api/act/98
[2018-03-27 21:29:28.728] [WARN] access - GET /api/act/config/lists
[2018-03-27 21:37:19.292] [INFO] access - GET /api/act/98
[2018-03-27 21:37:19.297] [WARN] access - GET /api/act/config/lists
[2018-03-27 21:37:23.181] [WARN] access - GET /api/menu/listsTree
[2018-03-27 21:37:23.187] [WARN] access - GET /api/user/userInfo
[2018-03-27 21:37:23.197] [INFO] access - GET /api/act/98
[2018-03-27 21:37:23.202] [WARN] access - GET /api/act/config/lists
[2018-03-27 21:37:40.978] [WARN] access - GET /api/menu/listsTree
[2018-03-27 21:37:40.998] [WARN] access - GET /api/user/userInfo
[2018-03-27 21:37:41.004] [INFO] access - GET /api/act/98
[2018-03-27 21:37:41.008] [WARN] access - GET /api/act/config/lists
[2018-03-27 21:38:00.043] [INFO] access - POST /api/act/publish
[2018-03-27 21:38:00.358] [INFO] access - GET /api/act/lists?keys=&pageSize=15&pageIndex=1
[2018-03-27 21:38:02.483] [INFO] access - GET /api/act/98
[2018-03-27 21:38:02.492] [WARN] access - GET /api/act/config/lists
[2018-03-27 21:38:33.660] [INFO] access - GET /api/act/98
[2018-03-27 21:38:33.664] [WARN] access - GET /api/act/config/lists
[2018-03-27 21:39:13.416] [WARN] access - GET /api/menu/listsTree
[2018-03-27 21:39:13.423] [WARN] access - GET /api/user/userInfo
[2018-03-27 21:39:13.430] [INFO] access - GET /api/act/98
[2018-03-27 21:39:13.433] [WARN] access - GET /api/act/config/lists
[2018-03-27 21:40:12.067] [INFO] access - GET /api/act/98
[2018-03-27 21:40:12.072] [WARN] access - GET /api/act/config/lists
[2018-03-27 21:40:29.921] [INFO] access - GET /api/act/98
[2018-03-27 21:40:29.925] [WARN] access - GET /api/act/config/lists
[2018-03-27 21:41:39.261] [WARN] access - GET /api/menu/listsTree
[2018-03-27 21:41:39.279] [WARN] access - GET /api/user/userInfo
[2018-03-27 21:41:39.290] [INFO] access - GET /api/act/98
[2018-03-27 21:41:39.296] [WARN] access - GET /api/act/config/lists
[2018-03-27 21:42:03.546] [INFO] access - GET /api/act/98
[2018-03-27 21:42:03.550] [WARN] access - GET /api/act/config/lists
[2018-03-27 21:42:07.315] [WARN] access - GET /api/menu/listsTree
[2018-03-27 21:42:07.332] [WARN] access - GET /api/user/userInfo
[2018-03-27 21:42:07.337] [INFO] access - GET /api/act/98
[2018-03-27 21:42:07.341] [WARN] access - GET /api/act/config/lists
[2018-03-27 21:42:19.547] [INFO] access - GET /api/act/98
[2018-03-27 21:42:19.586] [WARN] access - GET /api/act/config/lists
[2018-03-27 21:43:18.776] [WARN] access - GET /api/menu/listsTree
[2018-03-27 21:43:18.781] [WARN] access - GET /api/user/userInfo
[2018-03-27 21:43:18.805] [INFO] access - GET /api/act/98
[2018-03-27 21:43:18.809] [WARN] access - GET /api/act/config/lists
[2018-03-27 21:43:59.358] [INFO] access - GET /api/act/98
[2018-03-27 21:43:59.363] [WARN] access - GET /api/act/config/lists
[2018-03-27 21:44:03.149] [INFO] access - GET /api/act/98
[2018-03-27 21:44:03.154] [WARN] access - GET /api/act/config/lists
[2018-03-27 21:44:08.180] [WARN] access - GET /api/menu/listsTree
[2018-03-27 21:44:08.202] [WARN] access - GET /api/user/userInfo
[2018-03-27 21:44:08.208] [WARN] access - GET /api/act/config/lists
[2018-03-27 21:44:08.213] [INFO] access - GET /api/act/98
[2018-03-27 21:44:26.344] [INFO] access - GET /api/act/98
[2018-03-27 21:44:26.350] [WARN] access - GET /api/act/config/lists
[2018-03-27 21:44:29.837] [INFO] access - GET /api/act/98
[2018-03-27 21:44:29.842] [WARN] access - GET /api/act/config/lists
[2018-03-27 21:44:32.593] [WARN] access - GET /api/menu/listsTree
[2018-03-27 21:44:32.602] [WARN] access - GET /api/user/userInfo
[2018-03-27 21:44:32.622] [INFO] access - GET /api/act/98
[2018-03-27 21:44:32.627] [WARN] access - GET /api/act/config/lists
[2018-03-27 21:44:40.144] [INFO] access - GET /api/act/98
[2018-03-27 21:44:40.149] [WARN] access - GET /api/act/config/lists
[2018-03-27 21:44:49.470] [INFO] access - GET /api/act/98
[2018-03-27 21:44:49.477] [WARN] access - GET /api/act/config/lists
[2018-03-27 21:44:51.207] [INFO] access - GET /api/act/98
[2018-03-27 21:44:51.211] [WARN] access - GET /api/act/config/lists
[2018-03-27 21:46:30.058] [WARN] access - GET /api/menu/listsTree
[2018-03-27 21:46:30.063] [WARN] access - GET /api/user/userInfo
[2018-03-27 21:46:30.085] [INFO] access - GET /api/act/98
[2018-03-27 21:46:30.089] [WARN] access - GET /api/act/config/lists
[2018-03-27 21:47:13.057] [WARN] access - GET /api/user/userInfo
[2018-03-27 21:47:13.065] [WARN] access - GET /api/menu/listsTree
[2018-03-27 21:47:13.071] [INFO] access - GET /api/act/98
[2018-03-27 21:47:13.074] [WARN] access - GET /api/act/config/lists
[2018-03-27 21:47:15.282] [INFO] access - POST /api/act/publish
[2018-03-27 21:47:15.605] [INFO] access - GET /api/act/lists?keys=&pageSize=15&pageIndex=1
[2018-03-27 21:47:20.960] [INFO] access - GET /api/act/98
[2018-03-27 21:47:20.965] [WARN] access - GET /api/act/config/lists
