[2018-04-26 10:49:44.940] [WARN] access - GET /api/user/userInfo
[2018-04-26 10:49:44.947] [INFO] access - GET /api/menu/listsTree
[2018-04-26 10:49:51.089] [INFO] access - GET /api/act/tpl/lists
[2018-04-26 10:49:53.837] [INFO] access - GET /api/act/lists?keys=&pageSize=15&pageIndex=1
[2018-04-26 10:49:56.296] [INFO] access - GET /api/act/config/lists?keys=
[2018-04-26 10:49:58.404] [WARN] access - GET /api/act/lists?keys=&pageSize=15&pageIndex=1
[2018-04-26 10:49:59.212] [WARN] access - GET /api/act/tpl/lists
[2018-04-26 10:50:00.535] [INFO] access - GET /api/act/components/lists?keys=
[2018-04-26 10:50:02.170] [WARN] access - GET /api/act/tpl/lists
[2018-04-26 11:03:12.018] [ERROR] access - POST /api/act/components/add
[2018-04-26 11:27:34.882] [WARN] access - GET /api/user/userInfo
[2018-04-26 11:27:34.909] [WARN] access - GET /api/menu/listsTree
[2018-04-26 11:27:34.921] [ERROR] access - GET /api/act/components/lists?keys=
[2018-04-26 11:27:36.780] [WARN] access - GET /api/menu/listsTree
[2018-04-26 11:27:36.830] [WARN] access - GET /api/user/userInfo
[2018-04-26 11:27:36.864] [ERROR] access - GET /api/act/components/lists?keys=
[2018-04-26 11:27:59.700] [WARN] access - GET /api/menu/listsTree
[2018-04-26 11:27:59.724] [WARN] access - GET /api/user/userInfo
[2018-04-26 11:27:59.775] [ERROR] access - GET /api/act/components/lists?keys=
[2018-04-26 11:30:09.319] [INFO] access - POST /api/act/components/add
[2018-04-26 11:30:09.393] [INFO] access - GET /api/act/components/lists?keys=
[2018-04-26 11:39:37.567] [WARN] access - GET /api/user/userInfo
[2018-04-26 11:39:37.574] [INFO] access - GET /api/act/components/lists?keys=
[2018-04-26 11:39:37.578] [WARN] access - GET /api/menu/listsTree
[2018-04-26 11:39:42.388] [INFO] access - POST /api/act/components/add
[2018-04-26 11:39:42.415] [INFO] access - GET /api/act/components/lists?keys=
[2018-04-26 17:23:46.072] [WARN] access - GET /api/user/userInfo
[2018-04-26 17:23:46.077] [WARN] access - GET /api/menu/listsTree
[2018-04-26 17:23:46.081] [INFO] access - GET /api/act/components/lists?keys=
[2018-04-26 17:24:07.245] [INFO] access - POST /api/act/components/add
[2018-04-26 17:24:07.296] [INFO] access - GET /api/act/components/lists?keys=
[2018-04-26 17:26:17.972] [WARN] access - GET /api/act/tpl/lists
[2018-04-26 17:26:18.035] [ERROR] access - GET /images/act_tpl_image/1520574967573.jpg
[2018-04-26 17:26:18.050] [ERROR] access - GET /images/act_tpl_image/1520488106123.png
[2018-04-26 17:26:21.232] [WARN] access - GET /api/act/lists?keys=&pageSize=15&pageIndex=1
[2018-04-26 17:26:22.312] [WARN] access - GET /api/act/config/lists?keys=
[2018-04-26 17:26:23.326] [WARN] access - GET /api/act/lists?keys=&pageSize=15&pageIndex=1
[2018-04-26 17:26:26.730] [WARN] access - GET /api/act/tpl/lists
[2018-04-26 17:26:26.800] [ERROR] access - GET /images/act_tpl_image/1520574967573.jpg
[2018-04-26 17:26:26.814] [ERROR] access - GET /images/act_tpl_image/1520488106123.png
[2018-04-26 17:26:29.139] [INFO] access - GET /api/act/tpl/54
[2018-04-26 17:26:29.219] [ERROR] access - GET /images/act_tpl_image/1520574967573.jpg
[2018-04-26 17:27:39.670] [INFO] access - POST /api/act/tpl/update
[2018-04-26 17:27:39.932] [INFO] access - GET /api/act/tpl/lists
[2018-04-26 17:27:39.982] [ERROR] access - GET /images/act_tpl_image/1524734859636.png
[2018-04-26 17:27:39.992] [ERROR] access - GET /images/act_tpl_image/1520488106123.png
[2018-04-26 17:28:33.401] [WARN] access - GET /api/config/lists?keys=&pageSize=15&pageIndex=1
[2018-04-26 17:30:37.881] [WARN] access - GET /api/menu/listsTree
[2018-04-26 17:30:37.899] [WARN] access - GET /api/user/userInfo
[2018-04-26 17:30:38.046] [WARN] access - GET /api/config/lists?keys=&pageSize=15&pageIndex=1
[2018-04-26 17:30:46.517] [WARN] access - GET /api/act/tpl/lists
[2018-04-26 17:30:46.579] [ERROR] access - GET /images/act_tpl_image/1524734859636.png
[2018-04-26 17:30:46.587] [ERROR] access - GET /images/act_tpl_image/1520488106123.png
[2018-04-26 17:30:50.143] [INFO] access - GET /api/act/tpl/54
[2018-04-26 17:30:50.245] [ERROR] access - GET /images/act_tpl_image/1524734859636.png
[2018-04-26 17:31:10.072] [INFO] access - POST /api/act/tpl/update
[2018-04-26 17:31:10.338] [INFO] access - GET /api/act/tpl/lists
[2018-04-26 17:31:10.384] [ERROR] access - GET /images/act_tpl_image/1524735070034.png
[2018-04-26 17:31:10.402] [ERROR] access - GET /images/act_tpl_image/1520488106123.png
