[2017-11-23 11:34:33.407] [INFO] access - GET /api/act/tpl/lists
[2017-11-23 11:34:37.878] [INFO] access - GET /api/act/tpl/2
[2017-11-23 11:35:05.120] [INFO] access - POST /api/act/tpl/update
[2017-11-23 11:35:05.379] [INFO] access - GET /api/act/tpl/lists
[2017-11-23 11:35:08.319] [INFO] access - GET /api/act/tpl/2
[2017-11-23 11:35:27.557] [INFO] access - POST /api/act/upload
[2017-11-23 11:35:33.107] [INFO] access - POST /api/act/upload
[2017-11-23 11:35:36.256] [ERROR] access - POST /api/act/publish
[2017-11-23 11:36:59.053] [ERROR] access - POST /api/act/publish
[2017-11-23 11:51:59.997] [ERROR] access - POST /api/act/publish
[2017-11-23 11:52:17.841] [INFO] access - POST /api/act/publish
[2017-11-23 11:52:18.263] [INFO] access - GET /api/act/lists?keys=&pageSize=15&pageIndex=1
[2017-11-23 11:56:14.259] [WARN] access - GET /api/act/tpl/lists
[2017-11-23 11:56:18.001] [INFO] access - GET /api/act/tpl/2
[2017-11-23 11:56:35.776] [INFO] access - POST /api/act/tpl/update
[2017-11-23 11:56:36.046] [INFO] access - GET /api/act/tpl/lists
[2017-11-23 11:56:39.829] [INFO] access - GET /api/act/tpl/2
[2017-11-23 11:56:51.979] [INFO] access - POST /api/act/upload
[2017-11-23 11:56:57.312] [INFO] access - POST /api/act/upload
[2017-11-23 11:56:57.355] [INFO] access - GET /temp/20171123115639/logo_1511409417304.png
[2017-11-23 11:56:59.209] [INFO] access - POST /api/act/publish
[2017-11-23 11:56:59.608] [INFO] access - GET /api/act/lists?keys=&pageSize=15&pageIndex=1
[2017-11-23 11:58:01.022] [WARN] access - GET /api/act/tpl/lists
[2017-11-23 11:58:06.550] [INFO] access - GET /api/act/tpl/2
[2017-11-23 11:58:29.520] [INFO] access - POST /api/act/tpl/update
[2017-11-23 11:58:29.803] [INFO] access - GET /api/act/tpl/lists
[2017-11-23 11:58:35.075] [WARN] access - GET /api/menu/listsTree
[2017-11-23 11:58:35.081] [WARN] access - GET /api/user/userInfo
[2017-11-23 11:58:35.087] [WARN] access - GET /api/act/tpl/lists
[2017-11-23 11:58:37.571] [INFO] access - GET /api/act/tpl/2
[2017-11-23 11:58:48.072] [INFO] access - POST /api/act/upload
[2017-11-23 11:58:52.833] [INFO] access - POST /api/act/upload
[2017-11-23 11:58:56.948] [INFO] access - POST /api/act/publish
[2017-11-23 11:58:57.274] [INFO] access - GET /api/act/lists?keys=&pageSize=15&pageIndex=1
[2017-11-23 13:16:52.402] [ERROR] access - GET /temp/20171121165822/header1_1511255342465.jpg
[2017-11-23 13:16:52.530] [ERROR] access - GET /temp/20171121165822/header2_1511255348948.jpg
[2017-11-23 13:16:52.540] [ERROR] access - GET /temp/20171121165822/btn_1511254707880.png
[2017-11-23 13:16:52.547] [ERROR] access - GET /temp/20171121165822/header3_1511255353099.jpg
[2017-11-23 13:16:54.287] [ERROR] access - GET /temp/20171121165822/header1_1511255342465.jpg
[2017-11-23 13:16:54.305] [ERROR] access - GET /temp/20171121165822/header2_1511255348948.jpg
[2017-11-23 13:16:54.315] [ERROR] access - GET /temp/20171121165822/header3_1511255353099.jpg
[2017-11-23 13:16:54.320] [ERROR] access - GET /temp/20171121165822/btn_1511254707880.png
[2017-11-23 13:16:55.406] [ERROR] access - GET /temp/20171121165822/header2_1511255348948.jpg
[2017-11-23 13:16:55.415] [ERROR] access - GET /temp/20171121165822/header3_1511255353099.jpg
[2017-11-23 13:16:55.420] [ERROR] access - GET /temp/20171121165822/btn_1511254707880.png
[2017-11-23 13:22:52.497] [INFO] access - GET /api/act/20
[2017-11-23 13:23:24.630] [INFO] access - POST /api/act/upload
[2017-11-23 13:23:33.363] [INFO] access - POST /api/act/upload
[2017-11-23 13:23:36.661] [INFO] access - POST /api/act/publish
[2017-11-23 13:23:37.051] [INFO] access - GET /api/act/lists?keys=&pageSize=15&pageIndex=1
[2017-11-23 15:39:45.262] [WARN] access - GET /api/user/userInfo
[2017-11-23 15:39:45.268] [WARN] access - GET /api/menu/listsTree
[2017-11-23 15:39:45.287] [INFO] access - GET /api/act/lists?keys=&pageSize=15&pageIndex=1
[2017-11-23 16:01:02.376] [WARN] access - GET /api/user/userInfo
[2017-11-23 16:01:02.658] [WARN] access - GET /api/menu/listsTree
[2017-11-23 16:01:02.917] [WARN] access - GET /api/act/lists?keys=&pageSize=15&pageIndex=1
[2017-11-23 16:03:04.064] [INFO] access - GET /api/act/tpl/lists
[2017-11-23 16:54:11.339] [WARN] access - GET /api/news/lists?keys=&pageIndex=1&pageSize=15
[2017-11-23 16:54:13.907] [WARN] access - GET /preview/news/264?id=264
[2017-11-23 16:54:35.150] [WARN] access - GET /preview/news/264?id=264
[2017-11-23 16:54:35.340] [WARN] access - GET /apis/news/264
[2017-11-23 16:54:35.783] [INFO] access - GET /apis/wenda
[2017-11-23 16:54:41.520] [INFO] access - GET /preview/news/262?id=262
[2017-11-23 16:54:41.631] [INFO] access - GET /apis/news/262
[2017-11-23 16:54:49.418] [WARN] access - GET /preview/news/262?id=262
[2017-11-23 16:54:49.547] [WARN] access - GET /apis/news/262
[2017-11-23 16:55:10.762] [WARN] access - GET /preview/news/262?id=262
[2017-11-23 16:55:10.886] [WARN] access - GET /apis/news/262
[2017-11-23 16:55:47.246] [WARN] access - GET /preview/news/262?id=262
[2017-11-23 16:55:47.363] [WARN] access - GET /apis/news/262
[2017-11-23 16:55:58.355] [WARN] access - GET /preview/news/262?id=262
[2017-11-23 16:55:58.571] [WARN] access - GET /apis/news/262
[2017-11-23 17:25:08.570] [WARN] access - GET /api/menu/listsTree
[2017-11-23 17:25:08.579] [WARN] access - GET /api/user/userInfo
[2017-11-23 17:25:08.826] [WARN] access - GET /api/news/lists?keys=&pageIndex=1&pageSize=15
[2017-11-23 17:25:35.726] [WARN] access - GET /preview/news/264?id=264
[2017-11-23 17:25:35.843] [WARN] access - GET /apis/news/264
[2017-11-23 17:25:35.995] [INFO] access - GET /apis/wenda
[2017-11-23 17:25:43.517] [WARN] access - GET /preview/news/264?id=264
[2017-11-23 17:25:43.636] [WARN] access - GET /apis/news/264
[2017-11-23 17:25:43.829] [INFO] access - GET /apis/wenda
[2017-11-23 18:10:19.775] [INFO] access - GET /api/act/tpl/lists
[2017-11-23 18:10:21.532] [INFO] access - GET /api/act/lists?keys=&pageSize=15&pageIndex=1
[2017-11-23 18:10:22.786] [WARN] access - GET /api/act/tpl/lists
[2017-11-23 18:16:12.893] [WARN] access - GET /api/menu/listsTree
[2017-11-23 18:16:12.904] [WARN] access - GET /api/user/userInfo
[2017-11-23 18:18:59.057] [WARN] access - GET /api/menu/listsTree
[2017-11-23 18:18:59.062] [WARN] access - GET /api/user/userInfo
[2017-11-23 18:22:50.515] [WARN] access - GET /api/menu/listsTree
[2017-11-23 18:22:50.529] [WARN] access - GET /api/user/userInfo
[2017-11-23 18:23:53.186] [INFO] access - POST /api/act/tpl/add
[2017-11-23 18:23:53.628] [INFO] access - GET /api/act/tpl/lists
[2017-11-23 18:23:56.970] [INFO] access - GET /api/act/tpl/1
[2017-11-23 18:24:03.789] [INFO] access - POST /api/act/upload
[2017-11-23 18:24:48.972] [WARN] access - GET /api/act/tpl/lists
[2017-11-23 18:25:05.931] [WARN] access - GET /api/act/lists?keys=&pageSize=15&pageIndex=1
[2017-11-23 18:25:08.034] [WARN] access - GET /api/act/tpl/lists
[2017-11-23 18:25:11.548] [INFO] access - GET /api/act/tpl/1
[2017-11-23 18:25:32.572] [INFO] access - POST /api/act/upload
[2017-11-23 18:27:09.030] [INFO] access - POST /api/act/upload
[2017-11-23 18:27:53.505] [WARN] access - GET /api/act/tpl/lists
[2017-11-23 18:38:07.598] [WARN] access - GET /api/act/tpl/lists
[2017-11-23 18:38:09.108] [INFO] access - GET /api/act/tpl/1
