[2017-11-29 10:16:53.331] [WARN] access - GET /api/menu/listsTree
[2017-11-29 10:16:53.358] [WARN] access - GET /api/menu/lists?keys=
[2017-11-29 10:16:53.365] [WARN] access - GET /api/menu/listsTree
[2017-11-29 16:47:05.863] [INFO] access - GET /api/act/tpl/lists
[2017-11-29 16:47:05.931] [WARN] access - GET /activity/ttt/20171123/img/card.jpg
[2017-11-29 16:47:05.961] [ERROR] access - GET /activity/noticetpl/20171129/img/card.jpg
[2017-11-29 16:47:05.970] [ERROR] access - GET /activity/ce/20171129/img/card.jpg
[2017-11-29 16:47:05.978] [ERROR] access - GET /activity/registers/20171127/img/card.jpg
[2017-11-29 16:47:17.327] [INFO] access - GET /api/act/tpl/6
[2017-11-29 16:59:21.088] [WARN] access - GET /api/act/tpl/lists
[2017-11-29 16:59:27.528] [INFO] access - GET /api/act/tpl/3
[2017-11-29 17:00:08.828] [INFO] access - POST /api/act/tpl/update
[2017-11-29 17:00:09.115] [INFO] access - GET /api/act/tpl/lists
[2017-11-29 17:00:13.486] [INFO] access - GET /api/act/tpl/3
[2017-11-29 17:02:41.742] [INFO] access - POST /api/act/upload
[2017-11-29 17:02:58.152] [INFO] access - POST /api/act/upload
[2017-11-29 17:03:09.574] [INFO] access - POST /api/act/upload
[2017-11-29 17:03:17.029] [INFO] access - POST /api/act/upload
[2017-11-29 17:03:26.274] [INFO] access - POST /api/act/upload
[2017-11-29 17:06:07.523] [INFO] access - GET /preview/act?tpl=activity/fans/20171129/tpl_fans.html&tplData={%22title%22:%22%E7%AE%80%E5%8D%95%E5%80%9F%E6%AC%BE%22,%22style%22:{%22background-color%22:%22%22,%22background-repeat%22:%22repeat-x%22,%22background-image%22:%22/temp/20171129170013/bg_1511946161731.jpg%22},%22activityCode%22:%22fd6c87420e3d4226b2ce065c94b5a0e1%22,%22images_0%22:{%22image_path%22:[%22/temp/20171129170013/tit_1511946178141.png%22,%22/temp/20171129170013/time_1511946189563.png%22,%22/temp/20171129170013/rules_1511946197014.png%22]},%22buttons_1%22:{%22image_path%22:[%22/temp/20171129170013/btn_1511946206263.png%22],%22button%22:{%22usages%22:%22download%22,%22style%22:{%22width%22:%22600px%22,%22height%22:%22%22}},%22wrap%22:{%22style%22:{%22height%22:%22200px%22,%22background-color%22:%22%22}}},%22footers_2%22:{%22footers%22:{%22style%22:{%22width%22:%22%22,%22height%22:%22200px%22,%22color%22:%22red%22,%22background-color%22:%22%22},%22txt%22:{%22line1%22:{%22content%22:%22%E6%B5%8B%E8%AF%95%E6%96%B9%E6%A1%88%E5%86%85%E5%AE%B91%22,%22style%22:{%22font-size%22:%22%22}},%22line2%22:{%22content%22:%22%E6%B5%8B%E8%AF%95%E6%96%B9%E6%A1%88%E5%86%85%E5%AE%B92%22,%22style%22:{%22font-size%22:%22%22}},%22line3%22:{%22content%22:%22%E6%B5%8B%E8%AF%95%E6%96%B9%E6%A1%88%E5%86%85%E5%AE%B93%22,%22style%22:{%22font-size%22:%22%22}}}}}}
[2017-11-29 17:06:07.709] [INFO] access - GET /activity/fans/20171129/tpl_fans.css
[2017-11-29 17:06:07.714] [WARN] access - GET /temp/20171129170013/tit_1511946178141.png
[2017-11-29 17:06:07.763] [WARN] access - GET /temp/20171129170013/time_1511946189563.png
[2017-11-29 17:06:07.781] [WARN] access - GET /temp/20171129170013/rules_1511946197014.png
[2017-11-29 17:06:07.786] [WARN] access - GET /temp/20171129170013/btn_1511946206263.png
[2017-11-29 17:06:07.793] [WARN] access - GET /temp/20171129170013/bg_1511946161731.jpg
[2017-11-29 17:10:34.646] [INFO] access - GET /api/act/tpl/3
[2017-11-29 17:11:40.493] [INFO] access - GET /api/act/lists?keys=&pageSize=15&pageIndex=1
[2017-11-29 17:11:41.337] [WARN] access - GET /api/act/tpl/lists
[2017-11-29 17:11:41.547] [WARN] access - GET /activity/fans/20171129/img/card.jpg
[2017-11-29 17:11:41.559] [WARN] access - GET /activity/ttt/20171123/img/card.jpg
[2017-11-29 17:11:44.657] [INFO] access - GET /api/act/tpl/3
[2017-11-29 17:12:08.317] [WARN] access - GET /api/act/tpl/lists
[2017-11-29 17:12:11.867] [INFO] access - GET /api/act/tpl/3
[2017-11-29 17:12:49.334] [INFO] access - POST /api/act/upload
[2017-11-29 17:13:01.832] [INFO] access - POST /api/act/upload
[2017-11-29 17:13:29.664] [INFO] access - POST /api/act/upload
[2017-11-29 17:13:37.942] [INFO] access - POST /api/act/upload
[2017-11-29 17:15:05.373] [INFO] access - GET /preview/act?tpl=activity/fans/20171129/tpl_fans.html&tplData={%22title%22:%22%E7%AE%80%E5%8D%95%E5%80%9F%E6%AC%BE%22,%22style%22:{%22background-color%22:%22%22,%22background-repeat%22:%22repeat-x%22,%22background-image%22:%22/temp/20171129171211/bg_1511946769323.jpg%22},%22activityCode%22:%22bfad56334a0143189b55c1845964ce9c%22,%22images_0%22:{%22image_path%22:[%22/temp/20171129171211/tit_1511946781821.png%22,%22/temp/20171129171211/time_1511946809657.png%22]},%22buttons_1%22:{%22image_path%22:[%22/temp/20171129171211/btn_1511946817934.png%22],%22button%22:{%22usages%22:%22download%22,%22style%22:{%22width%22:%22800px%22,%22height%22:%22%22}},%22wrap%22:{%22style%22:{%22height%22:%22%22,%22background-color%22:%22%22}}},%22footers_2%22:{%22footers%22:{%22style%22:{%22width%22:%22%22,%22height%22:%22300px%22,%22color%22:%22red%22,%22background-color%22:%22%22},%22txt%22:{%22line1%22:{%22content%22:%221%E3%80%81%E6%B5%8B%E8%AF%95%E6%96%B9%E6%A1%88%22,%22style%22:{%22font-size%22:%2218px%22}},%22line2%22:{%22content%22:%222%E3%80%81%E6%B5%8B%E8%AF%95%E6%96%B9%E6%A1%88%22,%22style%22:{%22font-size%22:%2218px%22}},%22line3%22:{%22content%22:%223%E3%80%81%E6%B5%8B%E8%AF%95%E6%96%B9%E6%A1%88%22,%22style%22:{%22font-size%22:%2218px%22}}}}}}
[2017-11-29 17:15:05.406] [WARN] access - GET /activity/fans/20171129/tpl_fans.css
[2017-11-29 17:15:05.410] [WARN] access - GET /temp/20171129171211/tit_1511946781821.png
[2017-11-29 17:15:05.442] [WARN] access - GET /temp/20171129171211/time_1511946809657.png
[2017-11-29 17:15:05.452] [WARN] access - GET /activity/fans/20171129/tpl_fans.js
[2017-11-29 17:15:05.460] [WARN] access - GET /temp/20171129171211/btn_1511946817934.png
[2017-11-29 17:15:05.465] [WARN] access - GET /temp/20171129171211/bg_1511946769323.jpg
[2017-11-29 17:15:08.994] [WARN] access - GET /preview/act?tpl=activity/fans/20171129/tpl_fans.html&tplData={%22title%22:%22%E7%AE%80%E5%8D%95%E5%80%9F%E6%AC%BE%22,%22style%22:{%22background-color%22:%22%22,%22background-repeat%22:%22repeat-x%22,%22background-image%22:%22/temp/20171129171211/bg_1511946769323.jpg%22},%22activityCode%22:%22bfad56334a0143189b55c1845964ce9c%22,%22images_0%22:{%22image_path%22:[%22/temp/20171129171211/tit_1511946781821.png%22,%22/temp/20171129171211/time_1511946809657.png%22]},%22buttons_1%22:{%22image_path%22:[%22/temp/20171129171211/btn_1511946817934.png%22],%22button%22:{%22usages%22:%22download%22,%22style%22:{%22width%22:%22800px%22,%22height%22:%22%22}},%22wrap%22:{%22style%22:{%22height%22:%22%22,%22background-color%22:%22%22}}},%22footers_2%22:{%22footers%22:{%22style%22:{%22width%22:%22%22,%22height%22:%22300px%22,%22color%22:%22red%22,%22background-color%22:%22%22},%22txt%22:{%22line1%22:{%22content%22:%221%E3%80%81%E6%B5%8B%E8%AF%95%E6%96%B9%E6%A1%88%22,%22style%22:{%22font-size%22:%2218px%22}},%22line2%22:{%22content%22:%222%E3%80%81%E6%B5%8B%E8%AF%95%E6%96%B9%E6%A1%88%22,%22style%22:{%22font-size%22:%2218px%22}},%22line3%22:{%22content%22:%223%E3%80%81%E6%B5%8B%E8%AF%95%E6%96%B9%E6%A1%88%22,%22style%22:{%22font-size%22:%2218px%22}}}}}}
[2017-11-29 17:15:09.031] [WARN] access - GET /activity/fans/20171129/tpl_fans.css
[2017-11-29 17:15:09.042] [WARN] access - GET /activity/fans/20171129/tpl_fans.js
[2017-11-29 17:15:09.070] [WARN] access - GET /temp/20171129171211/tit_1511946781821.png
[2017-11-29 17:15:09.077] [WARN] access - GET /temp/20171129171211/time_1511946809657.png
[2017-11-29 17:15:09.086] [WARN] access - GET /temp/20171129171211/btn_1511946817934.png
[2017-11-29 17:15:09.098] [WARN] access - GET /temp/20171129171211/bg_1511946769323.jpg
[2017-11-29 17:15:09.851] [WARN] access - GET /preview/act?tpl=activity/fans/20171129/tpl_fans.html&tplData={%22title%22:%22%E7%AE%80%E5%8D%95%E5%80%9F%E6%AC%BE%22,%22style%22:{%22background-color%22:%22%22,%22background-repeat%22:%22repeat-x%22,%22background-image%22:%22/temp/20171129171211/bg_1511946769323.jpg%22},%22activityCode%22:%22bfad56334a0143189b55c1845964ce9c%22,%22images_0%22:{%22image_path%22:[%22/temp/20171129171211/tit_1511946781821.png%22,%22/temp/20171129171211/time_1511946809657.png%22]},%22buttons_1%22:{%22image_path%22:[%22/temp/20171129171211/btn_1511946817934.png%22],%22button%22:{%22usages%22:%22download%22,%22style%22:{%22width%22:%22800px%22,%22height%22:%22%22}},%22wrap%22:{%22style%22:{%22height%22:%22%22,%22background-color%22:%22%22}}},%22footers_2%22:{%22footers%22:{%22style%22:{%22width%22:%22%22,%22height%22:%22300px%22,%22color%22:%22red%22,%22background-color%22:%22%22},%22txt%22:{%22line1%22:{%22content%22:%221%E3%80%81%E6%B5%8B%E8%AF%95%E6%96%B9%E6%A1%88%22,%22style%22:{%22font-size%22:%2218px%22}},%22line2%22:{%22content%22:%222%E3%80%81%E6%B5%8B%E8%AF%95%E6%96%B9%E6%A1%88%22,%22style%22:{%22font-size%22:%2218px%22}},%22line3%22:{%22content%22:%223%E3%80%81%E6%B5%8B%E8%AF%95%E6%96%B9%E6%A1%88%22,%22style%22:{%22font-size%22:%2218px%22}}}}}}
[2017-11-29 17:15:09.880] [WARN] access - GET /activity/fans/20171129/tpl_fans.css
[2017-11-29 17:15:09.893] [WARN] access - GET /activity/fans/20171129/tpl_fans.js
[2017-11-29 17:15:09.919] [WARN] access - GET /temp/20171129171211/tit_1511946781821.png
[2017-11-29 17:15:09.925] [WARN] access - GET /temp/20171129171211/time_1511946809657.png
[2017-11-29 17:15:09.930] [WARN] access - GET /temp/20171129171211/btn_1511946817934.png
[2017-11-29 17:15:09.942] [WARN] access - GET /temp/20171129171211/bg_1511946769323.jpg
[2017-11-29 17:15:11.350] [WARN] access - GET /activity/fans/20171129/tpl_fans.css
[2017-11-29 17:15:21.674] [WARN] access - GET /preview/act?tpl=activity/fans/20171129/tpl_fans.html&tplData={%22title%22:%22%E7%AE%80%E5%8D%95%E5%80%9F%E6%AC%BE%22,%22style%22:{%22background-color%22:%22%22,%22background-repeat%22:%22repeat-x%22,%22background-image%22:%22/temp/20171129171211/bg_1511946769323.jpg%22},%22activityCode%22:%22bfad56334a0143189b55c1845964ce9c%22,%22images_0%22:{%22image_path%22:[%22/temp/20171129171211/tit_1511946781821.png%22,%22/temp/20171129171211/time_1511946809657.png%22]},%22buttons_1%22:{%22image_path%22:[%22/temp/20171129171211/btn_1511946817934.png%22],%22button%22:{%22usages%22:%22download%22,%22style%22:{%22width%22:%22800px%22,%22height%22:%22%22}},%22wrap%22:{%22style%22:{%22height%22:%22%22,%22background-color%22:%22%22}}},%22footers_2%22:{%22footers%22:{%22style%22:{%22width%22:%22%22,%22height%22:%22300px%22,%22color%22:%22red%22,%22background-color%22:%22%22},%22txt%22:{%22line1%22:{%22content%22:%221%E3%80%81%E6%B5%8B%E8%AF%95%E6%96%B9%E6%A1%88%22,%22style%22:{%22font-size%22:%2218px%22}},%22line2%22:{%22content%22:%222%E3%80%81%E6%B5%8B%E8%AF%95%E6%96%B9%E6%A1%88%22,%22style%22:{%22font-size%22:%2218px%22}},%22line3%22:{%22content%22:%223%E3%80%81%E6%B5%8B%E8%AF%95%E6%96%B9%E6%A1%88%22,%22style%22:{%22font-size%22:%2218px%22}}}}}}
[2017-11-29 17:15:21.706] [WARN] access - GET /activity/fans/20171129/tpl_fans.css
[2017-11-29 17:15:21.742] [WARN] access - GET /temp/20171129171211/tit_1511946781821.png
[2017-11-29 17:15:21.749] [WARN] access - GET /activity/fans/20171129/tpl_fans.js
[2017-11-29 17:15:21.757] [WARN] access - GET /temp/20171129171211/time_1511946809657.png
[2017-11-29 17:15:21.779] [WARN] access - GET /temp/20171129171211/btn_1511946817934.png
[2017-11-29 17:15:21.790] [WARN] access - GET /temp/20171129171211/bg_1511946769323.jpg
[2017-11-29 17:15:23.343] [WARN] access - GET /preview/act?tpl=activity/fans/20171129/tpl_fans.html&tplData={%22title%22:%22%E7%AE%80%E5%8D%95%E5%80%9F%E6%AC%BE%22,%22style%22:{%22background-color%22:%22%22,%22background-repeat%22:%22repeat-x%22,%22background-image%22:%22/temp/20171129171211/bg_1511946769323.jpg%22},%22activityCode%22:%22bfad56334a0143189b55c1845964ce9c%22,%22images_0%22:{%22image_path%22:[%22/temp/20171129171211/tit_1511946781821.png%22,%22/temp/20171129171211/time_1511946809657.png%22]},%22buttons_1%22:{%22image_path%22:[%22/temp/20171129171211/btn_1511946817934.png%22],%22button%22:{%22usages%22:%22download%22,%22style%22:{%22width%22:%22800px%22,%22height%22:%22%22}},%22wrap%22:{%22style%22:{%22height%22:%22%22,%22background-color%22:%22%22}}},%22footers_2%22:{%22footers%22:{%22style%22:{%22width%22:%22%22,%22height%22:%22300px%22,%22color%22:%22red%22,%22background-color%22:%22%22},%22txt%22:{%22line1%22:{%22content%22:%221%E3%80%81%E6%B5%8B%E8%AF%95%E6%96%B9%E6%A1%88%22,%22style%22:{%22font-size%22:%2218px%22}},%22line2%22:{%22content%22:%222%E3%80%81%E6%B5%8B%E8%AF%95%E6%96%B9%E6%A1%88%22,%22style%22:{%22font-size%22:%2218px%22}},%22line3%22:{%22content%22:%223%E3%80%81%E6%B5%8B%E8%AF%95%E6%96%B9%E6%A1%88%22,%22style%22:{%22font-size%22:%2218px%22}}}}}}
[2017-11-29 17:15:23.371] [WARN] access - GET /activity/fans/20171129/tpl_fans.css
[2017-11-29 17:15:23.382] [WARN] access - GET /activity/fans/20171129/tpl_fans.js
[2017-11-29 17:15:23.399] [WARN] access - GET /temp/20171129171211/tit_1511946781821.png
[2017-11-29 17:15:23.409] [WARN] access - GET /temp/20171129171211/time_1511946809657.png
[2017-11-29 17:15:23.415] [WARN] access - GET /temp/20171129171211/btn_1511946817934.png
[2017-11-29 17:15:23.420] [WARN] access - GET /temp/20171129171211/bg_1511946769323.jpg
[2017-11-29 17:24:00.515] [INFO] access - GET /api/act/tpl/3
[2017-11-29 17:24:05.874] [WARN] access - GET /api/menu/listsTree
[2017-11-29 17:24:05.880] [WARN] access - GET /api/user/userInfo
[2017-11-29 17:24:05.893] [INFO] access - GET /api/act/tpl/3
[2017-11-29 17:24:25.147] [INFO] access - POST /api/act/upload
[2017-11-29 17:24:32.563] [INFO] access - POST /api/act/upload
[2017-11-29 17:24:36.041] [INFO] access - POST /api/act/upload
[2017-11-29 17:24:42.011] [INFO] access - POST /api/act/upload
[2017-11-29 17:26:06.655] [INFO] access - GET /preview/act?tpl=activity/fans/20171129/tpl_fans.html&tplData={%22title%22:%22%E7%AE%80%E5%8D%95%E5%80%9F%E6%AC%BE%22,%22style%22:{%22background-color%22:%22%22,%22background-repeat%22:%22repeat-x%22,%22background-image%22:%22/temp/20171129172405/bg_1511947465138.jpg%22},%22activityCode%22:%226f644543f0b74dab8309bd0bf2b60e76%22,%22images_0%22:{%22image_path%22:[%22/temp/20171129172405/tit_1511947472554.png%22,%22/temp/20171129172405/time_1511947476035.png%22]},%22buttons_1%22:{%22image_path%22:[%22/temp/20171129172405/btn_1511947482005.png%22],%22button%22:{%22usages%22:%22download%22,%22style%22:{%22width%22:%22800px%22,%22height%22:%22%22}},%22wrap%22:{%22style%22:{%22height%22:%22300px%22,%22background-color%22:%22%22}}},%22footers_2%22:{%22footers%22:{%22style%22:{%22width%22:%22%22,%22height%22:%22300px%22,%22color%22:%22red%22,%22background-color%22:%22%22},%22txt%22:{%22line1%22:{%22content%22:%221%E3%80%81%E6%B5%8B%E8%AF%95%E6%96%B9%E6%A1%88%22,%22style%22:{%22font-size%22:%2218px%22}},%22line2%22:{%22content%22:%222%E3%80%81%E6%B5%8B%E8%AF%95%E6%96%B9%E6%A1%88%22,%22style%22:{%22font-size%22:%2218px%22}},%22line3%22:{%22content%22:%223%E3%80%81%E6%B5%8B%E8%AF%95%E6%96%B9%E6%A1%88%22,%22style%22:{%22font-size%22:%2218px%22}}}}}}
[2017-11-29 17:26:06.681] [WARN] access - GET /activity/fans/20171129/tpl_fans.css
[2017-11-29 17:26:06.686] [WARN] access - GET /temp/20171129172405/tit_1511947472554.png
[2017-11-29 17:26:06.711] [WARN] access - GET /activity/fans/20171129/tpl_fans.js
[2017-11-29 17:26:06.719] [WARN] access - GET /temp/20171129172405/time_1511947476035.png
[2017-11-29 17:26:06.725] [WARN] access - GET /temp/20171129172405/btn_1511947482005.png
[2017-11-29 17:26:06.731] [WARN] access - GET /temp/20171129172405/bg_1511947465138.jpg
[2017-11-29 17:26:13.239] [WARN] access - GET /activity/fans/20171129/tpl_fans.css
[2017-11-29 17:26:22.305] [INFO] access - POST /api/act/publish
[2017-11-29 17:26:22.633] [INFO] access - GET /api/act/lists?keys=&pageSize=15&pageIndex=1
[2017-11-29 17:27:34.215] [INFO] access - GET /api/act/10
[2017-11-29 17:27:42.379] [WARN] access - GET /api/act/lists?keys=&pageSize=15&pageIndex=1
[2017-11-29 17:28:50.877] [INFO] access - GET /api/act/10
[2017-11-29 17:28:53.839] [INFO] access - GET /preview/act?tpl=activity/fans/20171129/tpl_fans.html&tplData={%22title%22:%22%E7%AE%80%E5%8D%95%E5%80%9F%E6%AC%BE%22,%22style%22:{%22background-color%22:%22%22,%22background-repeat%22:%22repeat-x%22,%22background-image%22:%22http://local_activity.jiandanjiekuan.com/pages/act9/img/bg_1511947465138.jpg%22},%22activityCode%22:%226f644543f0b74dab8309bd0bf2b60e76%22,%22images_0%22:{%22image_path%22:[%22http://local_activity.jiandanjiekuan.com/pages/act9/img/tit_1511947472554.png%22,%22http://local_activity.jiandanjiekuan.com/pages/act9/img/time_1511947476035.png%22]},%22buttons_1%22:{%22image_path%22:[%22http://local_activity.jiandanjiekuan.com/pages/act9/img/btn_1511947482005.png%22],%22button%22:{%22usages%22:%22download%22,%22style%22:{%22width%22:%22800px%22,%22height%22:%22%22}},%22wrap%22:{%22style%22:{%22height%22:%22300px%22,%22background-color%22:%22%22}}},%22footers_2%22:{%22footers%22:{%22style%22:{%22width%22:%22%22,%22height%22:%22300px%22,%22color%22:%22red%22,%22background-color%22:%22%22},%22txt%22:{%22line1%22:{%22content%22:%221%E3%80%81%E6%B5%8B%E8%AF%95%E6%96%B9%E6%A1%88%22,%22style%22:{%22font-size%22:%2218px%22}},%22line2%22:{%22content%22:%222%E3%80%81%E6%B5%8B%E8%AF%95%E6%96%B9%E6%A1%88%22,%22style%22:{%22font-size%22:%2218px%22}},%22line3%22:{%22content%22:%223%E3%80%81%E6%B5%8B%E8%AF%95%E6%96%B9%E6%A1%88%22,%22style%22:{%22font-size%22:%2218px%22}}}}}}
[2017-11-29 17:28:53.865] [WARN] access - GET /activity/fans/20171129/tpl_fans.css
[2017-11-29 17:28:53.876] [WARN] access - GET /activity/fans/20171129/tpl_fans.js
[2017-11-29 17:29:39.488] [INFO] access - GET /preview/act?tpl=activity/fans/20171129/tpl_fans.html&tplData={%22title%22:%22%E7%AE%80%E5%8D%95%E5%80%9F%E6%AC%BE%22,%22style%22:{%22background-color%22:%22%22,%22background-repeat%22:%22repeat-x%22,%22background-image%22:%22http://local_activity.jiandanjiekuan.com/pages/act9/img/bg_1511947465138.jpg%22},%22activityCode%22:%226f644543f0b74dab8309bd0bf2b60e76%22,%22images_0%22:{%22image_path%22:[%22http://local_activity.jiandanjiekuan.com/pages/act9/img/tit_1511947472554.png%22,%22http://local_activity.jiandanjiekuan.com/pages/act9/img/time_1511947476035.png%22]},%22buttons_1%22:{%22image_path%22:[%22http://local_activity.jiandanjiekuan.com/pages/act9/img/btn_1511947482005.png%22],%22button%22:{%22usages%22:%22download%22,%22style%22:{%22width%22:%22800px%22,%22height%22:%22%22}},%22wrap%22:{%22style%22:{%22height%22:%22300px%22,%22background-color%22:%22%22}}},%22footers_2%22:{%22footers%22:{%22style%22:{%22width%22:%22%22,%22height%22:%22300px%22,%22color%22:%22red%22,%22background-color%22:%22%22},%22txt%22:{%22line1%22:{%22content%22:%221%E3%80%81%E6%B5%8B%E8%AF%95%E6%96%B9%E6%A1%88%22,%22style%22:{%22font-size%22:%2218px%22}},%22line2%22:{%22content%22:%222%E3%80%81%E6%B5%8B%E8%AF%95%E6%96%B9%E6%A1%88%22,%22style%22:{%22font-size%22:%2218px%22}},%22line3%22:{%22content%22:%223%E3%80%81%E6%B5%8B%E8%AF%95%E6%96%B9%E6%A1%88%22,%22style%22:{%22font-size%22:%2218px%22}}}}}}
[2017-11-29 17:29:39.512] [WARN] access - GET /activity/fans/20171129/tpl_fans.css
[2017-11-29 17:29:39.523] [WARN] access - GET /activity/fans/20171129/tpl_fans.js
[2017-11-29 17:29:42.896] [WARN] access - GET /activity/fans/20171129/tpl_fans.css
[2017-11-29 17:29:46.940] [WARN] access - GET /preview/act?tpl=activity/fans/20171129/tpl_fans.html&tplData={%22title%22:%22%E7%AE%80%E5%8D%95%E5%80%9F%E6%AC%BE%22,%22style%22:{%22background-color%22:%22%22,%22background-repeat%22:%22repeat-x%22,%22background-image%22:%22http://local_activity.jiandanjiekuan.com/pages/act9/img/bg_1511947465138.jpg%22},%22activityCode%22:%226f644543f0b74dab8309bd0bf2b60e76%22,%22images_0%22:{%22image_path%22:[%22http://local_activity.jiandanjiekuan.com/pages/act9/img/tit_1511947472554.png%22,%22http://local_activity.jiandanjiekuan.com/pages/act9/img/time_1511947476035.png%22]},%22buttons_1%22:{%22image_path%22:[%22http://local_activity.jiandanjiekuan.com/pages/act9/img/btn_1511947482005.png%22],%22button%22:{%22usages%22:%22download%22,%22style%22:{%22width%22:%22800px%22,%22height%22:%22%22}},%22wrap%22:{%22style%22:{%22height%22:%22300px%22,%22background-color%22:%22%22}}},%22footers_2%22:{%22footers%22:{%22style%22:{%22width%22:%22%22,%22height%22:%22300px%22,%22color%22:%22red%22,%22background-color%22:%22%22},%22txt%22:{%22line1%22:{%22content%22:%221%E3%80%81%E6%B5%8B%E8%AF%95%E6%96%B9%E6%A1%88%22,%22style%22:{%22font-size%22:%2218px%22}},%22line2%22:{%22content%22:%222%E3%80%81%E6%B5%8B%E8%AF%95%E6%96%B9%E6%A1%88%22,%22style%22:{%22font-size%22:%2218px%22}},%22line3%22:{%22content%22:%223%E3%80%81%E6%B5%8B%E8%AF%95%E6%96%B9%E6%A1%88%22,%22style%22:{%22font-size%22:%2218px%22}}}}}}
[2017-11-29 17:29:46.974] [WARN] access - GET /activity/fans/20171129/tpl_fans.css
[2017-11-29 17:29:46.991] [WARN] access - GET /activity/fans/20171129/tpl_fans.js
[2017-11-29 17:29:54.669] [WARN] access - GET /preview/act?tpl=activity/fans/20171129/tpl_fans.html&tplData={%22title%22:%22%E7%AE%80%E5%8D%95%E5%80%9F%E6%AC%BE%22,%22style%22:{%22background-color%22:%22%22,%22background-repeat%22:%22repeat-x%22,%22background-image%22:%22http://local_activity.jiandanjiekuan.com/pages/act9/img/bg_1511947465138.jpg%22},%22activityCode%22:%226f644543f0b74dab8309bd0bf2b60e76%22,%22images_0%22:{%22image_path%22:[%22http://local_activity.jiandanjiekuan.com/pages/act9/img/tit_1511947472554.png%22,%22http://local_activity.jiandanjiekuan.com/pages/act9/img/time_1511947476035.png%22]},%22buttons_1%22:{%22image_path%22:[%22http://local_activity.jiandanjiekuan.com/pages/act9/img/btn_1511947482005.png%22],%22button%22:{%22usages%22:%22download%22,%22style%22:{%22width%22:%22800px%22,%22height%22:%22%22}},%22wrap%22:{%22style%22:{%22height%22:%22300px%22,%22background-color%22:%22%22}}},%22footers_2%22:{%22footers%22:{%22style%22:{%22width%22:%22%22,%22height%22:%22300px%22,%22color%22:%22red%22,%22background-color%22:%22%22},%22txt%22:{%22line1%22:{%22content%22:%221%E3%80%81%E6%B5%8B%E8%AF%95%E6%96%B9%E6%A1%88%22,%22style%22:{%22font-size%22:%2218px%22}},%22line2%22:{%22content%22:%222%E3%80%81%E6%B5%8B%E8%AF%95%E6%96%B9%E6%A1%88%22,%22style%22:{%22font-size%22:%2218px%22}},%22line3%22:{%22content%22:%223%E3%80%81%E6%B5%8B%E8%AF%95%E6%96%B9%E6%A1%88%22,%22style%22:{%22font-size%22:%2218px%22}}}}}}
[2017-11-29 17:29:54.709] [WARN] access - GET /activity/fans/20171129/tpl_fans.css
[2017-11-29 17:29:54.714] [WARN] access - GET /activity/fans/20171129/tpl_fans.js
[2017-11-29 17:29:55.451] [WARN] access - GET /preview/act?tpl=activity/fans/20171129/tpl_fans.html&tplData={%22title%22:%22%E7%AE%80%E5%8D%95%E5%80%9F%E6%AC%BE%22,%22style%22:{%22background-color%22:%22%22,%22background-repeat%22:%22repeat-x%22,%22background-image%22:%22http://local_activity.jiandanjiekuan.com/pages/act9/img/bg_1511947465138.jpg%22},%22activityCode%22:%226f644543f0b74dab8309bd0bf2b60e76%22,%22images_0%22:{%22image_path%22:[%22http://local_activity.jiandanjiekuan.com/pages/act9/img/tit_1511947472554.png%22,%22http://local_activity.jiandanjiekuan.com/pages/act9/img/time_1511947476035.png%22]},%22buttons_1%22:{%22image_path%22:[%22http://local_activity.jiandanjiekuan.com/pages/act9/img/btn_1511947482005.png%22],%22button%22:{%22usages%22:%22download%22,%22style%22:{%22width%22:%22800px%22,%22height%22:%22%22}},%22wrap%22:{%22style%22:{%22height%22:%22300px%22,%22background-color%22:%22%22}}},%22footers_2%22:{%22footers%22:{%22style%22:{%22width%22:%22%22,%22height%22:%22300px%22,%22color%22:%22red%22,%22background-color%22:%22%22},%22txt%22:{%22line1%22:{%22content%22:%221%E3%80%81%E6%B5%8B%E8%AF%95%E6%96%B9%E6%A1%88%22,%22style%22:{%22font-size%22:%2218px%22}},%22line2%22:{%22content%22:%222%E3%80%81%E6%B5%8B%E8%AF%95%E6%96%B9%E6%A1%88%22,%22style%22:{%22font-size%22:%2218px%22}},%22line3%22:{%22content%22:%223%E3%80%81%E6%B5%8B%E8%AF%95%E6%96%B9%E6%A1%88%22,%22style%22:{%22font-size%22:%2218px%22}}}}}}
[2017-11-29 17:29:55.487] [WARN] access - GET /activity/fans/20171129/tpl_fans.css
[2017-11-29 17:29:55.493] [WARN] access - GET /activity/fans/20171129/tpl_fans.js
[2017-11-29 17:29:55.749] [WARN] access - GET /preview/act?tpl=activity/fans/20171129/tpl_fans.html&tplData={%22title%22:%22%E7%AE%80%E5%8D%95%E5%80%9F%E6%AC%BE%22,%22style%22:{%22background-color%22:%22%22,%22background-repeat%22:%22repeat-x%22,%22background-image%22:%22http://local_activity.jiandanjiekuan.com/pages/act9/img/bg_1511947465138.jpg%22},%22activityCode%22:%226f644543f0b74dab8309bd0bf2b60e76%22,%22images_0%22:{%22image_path%22:[%22http://local_activity.jiandanjiekuan.com/pages/act9/img/tit_1511947472554.png%22,%22http://local_activity.jiandanjiekuan.com/pages/act9/img/time_1511947476035.png%22]},%22buttons_1%22:{%22image_path%22:[%22http://local_activity.jiandanjiekuan.com/pages/act9/img/btn_1511947482005.png%22],%22button%22:{%22usages%22:%22download%22,%22style%22:{%22width%22:%22800px%22,%22height%22:%22%22}},%22wrap%22:{%22style%22:{%22height%22:%22300px%22,%22background-color%22:%22%22}}},%22footers_2%22:{%22footers%22:{%22style%22:{%22width%22:%22%22,%22height%22:%22300px%22,%22color%22:%22red%22,%22background-color%22:%22%22},%22txt%22:{%22line1%22:{%22content%22:%221%E3%80%81%E6%B5%8B%E8%AF%95%E6%96%B9%E6%A1%88%22,%22style%22:{%22font-size%22:%2218px%22}},%22line2%22:{%22content%22:%222%E3%80%81%E6%B5%8B%E8%AF%95%E6%96%B9%E6%A1%88%22,%22style%22:{%22font-size%22:%2218px%22}},%22line3%22:{%22content%22:%223%E3%80%81%E6%B5%8B%E8%AF%95%E6%96%B9%E6%A1%88%22,%22style%22:{%22font-size%22:%2218px%22}}}}}}
[2017-11-29 17:29:55.785] [WARN] access - GET /activity/fans/20171129/tpl_fans.css
[2017-11-29 17:29:55.791] [WARN] access - GET /activity/fans/20171129/tpl_fans.js
[2017-11-29 17:29:56.039] [WARN] access - GET /preview/act?tpl=activity/fans/20171129/tpl_fans.html&tplData={%22title%22:%22%E7%AE%80%E5%8D%95%E5%80%9F%E6%AC%BE%22,%22style%22:{%22background-color%22:%22%22,%22background-repeat%22:%22repeat-x%22,%22background-image%22:%22http://local_activity.jiandanjiekuan.com/pages/act9/img/bg_1511947465138.jpg%22},%22activityCode%22:%226f644543f0b74dab8309bd0bf2b60e76%22,%22images_0%22:{%22image_path%22:[%22http://local_activity.jiandanjiekuan.com/pages/act9/img/tit_1511947472554.png%22,%22http://local_activity.jiandanjiekuan.com/pages/act9/img/time_1511947476035.png%22]},%22buttons_1%22:{%22image_path%22:[%22http://local_activity.jiandanjiekuan.com/pages/act9/img/btn_1511947482005.png%22],%22button%22:{%22usages%22:%22download%22,%22style%22:{%22width%22:%22800px%22,%22height%22:%22%22}},%22wrap%22:{%22style%22:{%22height%22:%22300px%22,%22background-color%22:%22%22}}},%22footers_2%22:{%22footers%22:{%22style%22:{%22width%22:%22%22,%22height%22:%22300px%22,%22color%22:%22red%22,%22background-color%22:%22%22},%22txt%22:{%22line1%22:{%22content%22:%221%E3%80%81%E6%B5%8B%E8%AF%95%E6%96%B9%E6%A1%88%22,%22style%22:{%22font-size%22:%2218px%22}},%22line2%22:{%22content%22:%222%E3%80%81%E6%B5%8B%E8%AF%95%E6%96%B9%E6%A1%88%22,%22style%22:{%22font-size%22:%2218px%22}},%22line3%22:{%22content%22:%223%E3%80%81%E6%B5%8B%E8%AF%95%E6%96%B9%E6%A1%88%22,%22style%22:{%22font-size%22:%2218px%22}}}}}}
[2017-11-29 17:29:56.086] [WARN] access - GET /activity/fans/20171129/tpl_fans.css
[2017-11-29 17:29:56.098] [WARN] access - GET /activity/fans/20171129/tpl_fans.js
[2017-11-29 17:29:56.238] [WARN] access - GET /preview/act?tpl=activity/fans/20171129/tpl_fans.html&tplData={%22title%22:%22%E7%AE%80%E5%8D%95%E5%80%9F%E6%AC%BE%22,%22style%22:{%22background-color%22:%22%22,%22background-repeat%22:%22repeat-x%22,%22background-image%22:%22http://local_activity.jiandanjiekuan.com/pages/act9/img/bg_1511947465138.jpg%22},%22activityCode%22:%226f644543f0b74dab8309bd0bf2b60e76%22,%22images_0%22:{%22image_path%22:[%22http://local_activity.jiandanjiekuan.com/pages/act9/img/tit_1511947472554.png%22,%22http://local_activity.jiandanjiekuan.com/pages/act9/img/time_1511947476035.png%22]},%22buttons_1%22:{%22image_path%22:[%22http://local_activity.jiandanjiekuan.com/pages/act9/img/btn_1511947482005.png%22],%22button%22:{%22usages%22:%22download%22,%22style%22:{%22width%22:%22800px%22,%22height%22:%22%22}},%22wrap%22:{%22style%22:{%22height%22:%22300px%22,%22background-color%22:%22%22}}},%22footers_2%22:{%22footers%22:{%22style%22:{%22width%22:%22%22,%22height%22:%22300px%22,%22color%22:%22red%22,%22background-color%22:%22%22},%22txt%22:{%22line1%22:{%22content%22:%221%E3%80%81%E6%B5%8B%E8%AF%95%E6%96%B9%E6%A1%88%22,%22style%22:{%22font-size%22:%2218px%22}},%22line2%22:{%22content%22:%222%E3%80%81%E6%B5%8B%E8%AF%95%E6%96%B9%E6%A1%88%22,%22style%22:{%22font-size%22:%2218px%22}},%22line3%22:{%22content%22:%223%E3%80%81%E6%B5%8B%E8%AF%95%E6%96%B9%E6%A1%88%22,%22style%22:{%22font-size%22:%2218px%22}}}}}}
[2017-11-29 17:29:56.306] [WARN] access - GET /activity/fans/20171129/tpl_fans.css
[2017-11-29 17:29:56.314] [WARN] access - GET /activity/fans/20171129/tpl_fans.js
[2017-11-29 17:29:56.468] [WARN] access - GET /preview/act?tpl=activity/fans/20171129/tpl_fans.html&tplData={%22title%22:%22%E7%AE%80%E5%8D%95%E5%80%9F%E6%AC%BE%22,%22style%22:{%22background-color%22:%22%22,%22background-repeat%22:%22repeat-x%22,%22background-image%22:%22http://local_activity.jiandanjiekuan.com/pages/act9/img/bg_1511947465138.jpg%22},%22activityCode%22:%226f644543f0b74dab8309bd0bf2b60e76%22,%22images_0%22:{%22image_path%22:[%22http://local_activity.jiandanjiekuan.com/pages/act9/img/tit_1511947472554.png%22,%22http://local_activity.jiandanjiekuan.com/pages/act9/img/time_1511947476035.png%22]},%22buttons_1%22:{%22image_path%22:[%22http://local_activity.jiandanjiekuan.com/pages/act9/img/btn_1511947482005.png%22],%22button%22:{%22usages%22:%22download%22,%22style%22:{%22width%22:%22800px%22,%22height%22:%22%22}},%22wrap%22:{%22style%22:{%22height%22:%22300px%22,%22background-color%22:%22%22}}},%22footers_2%22:{%22footers%22:{%22style%22:{%22width%22:%22%22,%22height%22:%22300px%22,%22color%22:%22red%22,%22background-color%22:%22%22},%22txt%22:{%22line1%22:{%22content%22:%221%E3%80%81%E6%B5%8B%E8%AF%95%E6%96%B9%E6%A1%88%22,%22style%22:{%22font-size%22:%2218px%22}},%22line2%22:{%22content%22:%222%E3%80%81%E6%B5%8B%E8%AF%95%E6%96%B9%E6%A1%88%22,%22style%22:{%22font-size%22:%2218px%22}},%22line3%22:{%22content%22:%223%E3%80%81%E6%B5%8B%E8%AF%95%E6%96%B9%E6%A1%88%22,%22style%22:{%22font-size%22:%2218px%22}}}}}}
[2017-11-29 17:29:56.540] [WARN] access - GET /activity/fans/20171129/tpl_fans.js
[2017-11-29 17:29:56.545] [WARN] access - GET /activity/fans/20171129/tpl_fans.css
[2017-11-29 17:29:56.570] [WARN] access - GET /preview/act?tpl=activity/fans/20171129/tpl_fans.html&tplData={%22title%22:%22%E7%AE%80%E5%8D%95%E5%80%9F%E6%AC%BE%22,%22style%22:{%22background-color%22:%22%22,%22background-repeat%22:%22repeat-x%22,%22background-image%22:%22http://local_activity.jiandanjiekuan.com/pages/act9/img/bg_1511947465138.jpg%22},%22activityCode%22:%226f644543f0b74dab8309bd0bf2b60e76%22,%22images_0%22:{%22image_path%22:[%22http://local_activity.jiandanjiekuan.com/pages/act9/img/tit_1511947472554.png%22,%22http://local_activity.jiandanjiekuan.com/pages/act9/img/time_1511947476035.png%22]},%22buttons_1%22:{%22image_path%22:[%22http://local_activity.jiandanjiekuan.com/pages/act9/img/btn_1511947482005.png%22],%22button%22:{%22usages%22:%22download%22,%22style%22:{%22width%22:%22800px%22,%22height%22:%22%22}},%22wrap%22:{%22style%22:{%22height%22:%22300px%22,%22background-color%22:%22%22}}},%22footers_2%22:{%22footers%22:{%22style%22:{%22width%22:%22%22,%22height%22:%22300px%22,%22color%22:%22red%22,%22background-color%22:%22%22},%22txt%22:{%22line1%22:{%22content%22:%221%E3%80%81%E6%B5%8B%E8%AF%95%E6%96%B9%E6%A1%88%22,%22style%22:{%22font-size%22:%2218px%22}},%22line2%22:{%22content%22:%222%E3%80%81%E6%B5%8B%E8%AF%95%E6%96%B9%E6%A1%88%22,%22style%22:{%22font-size%22:%2218px%22}},%22line3%22:{%22content%22:%223%E3%80%81%E6%B5%8B%E8%AF%95%E6%96%B9%E6%A1%88%22,%22style%22:{%22font-size%22:%2218px%22}}}}}}
[2017-11-29 17:29:56.606] [WARN] access - GET /activity/fans/20171129/tpl_fans.css
[2017-11-29 17:29:56.611] [WARN] access - GET /activity/fans/20171129/tpl_fans.js
[2017-11-29 17:29:56.769] [WARN] access - GET /preview/act?tpl=activity/fans/20171129/tpl_fans.html&tplData={%22title%22:%22%E7%AE%80%E5%8D%95%E5%80%9F%E6%AC%BE%22,%22style%22:{%22background-color%22:%22%22,%22background-repeat%22:%22repeat-x%22,%22background-image%22:%22http://local_activity.jiandanjiekuan.com/pages/act9/img/bg_1511947465138.jpg%22},%22activityCode%22:%226f644543f0b74dab8309bd0bf2b60e76%22,%22images_0%22:{%22image_path%22:[%22http://local_activity.jiandanjiekuan.com/pages/act9/img/tit_1511947472554.png%22,%22http://local_activity.jiandanjiekuan.com/pages/act9/img/time_1511947476035.png%22]},%22buttons_1%22:{%22image_path%22:[%22http://local_activity.jiandanjiekuan.com/pages/act9/img/btn_1511947482005.png%22],%22button%22:{%22usages%22:%22download%22,%22style%22:{%22width%22:%22800px%22,%22height%22:%22%22}},%22wrap%22:{%22style%22:{%22height%22:%22300px%22,%22background-color%22:%22%22}}},%22footers_2%22:{%22footers%22:{%22style%22:{%22width%22:%22%22,%22height%22:%22300px%22,%22color%22:%22red%22,%22background-color%22:%22%22},%22txt%22:{%22line1%22:{%22content%22:%221%E3%80%81%E6%B5%8B%E8%AF%95%E6%96%B9%E6%A1%88%22,%22style%22:{%22font-size%22:%2218px%22}},%22line2%22:{%22content%22:%222%E3%80%81%E6%B5%8B%E8%AF%95%E6%96%B9%E6%A1%88%22,%22style%22:{%22font-size%22:%2218px%22}},%22line3%22:{%22content%22:%223%E3%80%81%E6%B5%8B%E8%AF%95%E6%96%B9%E6%A1%88%22,%22style%22:{%22font-size%22:%2218px%22}}}}}}
[2017-11-29 17:29:56.806] [WARN] access - GET /activity/fans/20171129/tpl_fans.css
[2017-11-29 17:29:56.811] [WARN] access - GET /activity/fans/20171129/tpl_fans.js
[2017-11-29 17:29:56.968] [WARN] access - GET /preview/act?tpl=activity/fans/20171129/tpl_fans.html&tplData={%22title%22:%22%E7%AE%80%E5%8D%95%E5%80%9F%E6%AC%BE%22,%22style%22:{%22background-color%22:%22%22,%22background-repeat%22:%22repeat-x%22,%22background-image%22:%22http://local_activity.jiandanjiekuan.com/pages/act9/img/bg_1511947465138.jpg%22},%22activityCode%22:%226f644543f0b74dab8309bd0bf2b60e76%22,%22images_0%22:{%22image_path%22:[%22http://local_activity.jiandanjiekuan.com/pages/act9/img/tit_1511947472554.png%22,%22http://local_activity.jiandanjiekuan.com/pages/act9/img/time_1511947476035.png%22]},%22buttons_1%22:{%22image_path%22:[%22http://local_activity.jiandanjiekuan.com/pages/act9/img/btn_1511947482005.png%22],%22button%22:{%22usages%22:%22download%22,%22style%22:{%22width%22:%22800px%22,%22height%22:%22%22}},%22wrap%22:{%22style%22:{%22height%22:%22300px%22,%22background-color%22:%22%22}}},%22footers_2%22:{%22footers%22:{%22style%22:{%22width%22:%22%22,%22height%22:%22300px%22,%22color%22:%22red%22,%22background-color%22:%22%22},%22txt%22:{%22line1%22:{%22content%22:%221%E3%80%81%E6%B5%8B%E8%AF%95%E6%96%B9%E6%A1%88%22,%22style%22:{%22font-size%22:%2218px%22}},%22line2%22:{%22content%22:%222%E3%80%81%E6%B5%8B%E8%AF%95%E6%96%B9%E6%A1%88%22,%22style%22:{%22font-size%22:%2218px%22}},%22line3%22:{%22content%22:%223%E3%80%81%E6%B5%8B%E8%AF%95%E6%96%B9%E6%A1%88%22,%22style%22:{%22font-size%22:%2218px%22}}}}}}
[2017-11-29 17:29:57.011] [WARN] access - GET /activity/fans/20171129/tpl_fans.css
[2017-11-29 17:29:57.016] [WARN] access - GET /activity/fans/20171129/tpl_fans.js
[2017-11-29 17:29:57.158] [WARN] access - GET /preview/act?tpl=activity/fans/20171129/tpl_fans.html&tplData={%22title%22:%22%E7%AE%80%E5%8D%95%E5%80%9F%E6%AC%BE%22,%22style%22:{%22background-color%22:%22%22,%22background-repeat%22:%22repeat-x%22,%22background-image%22:%22http://local_activity.jiandanjiekuan.com/pages/act9/img/bg_1511947465138.jpg%22},%22activityCode%22:%226f644543f0b74dab8309bd0bf2b60e76%22,%22images_0%22:{%22image_path%22:[%22http://local_activity.jiandanjiekuan.com/pages/act9/img/tit_1511947472554.png%22,%22http://local_activity.jiandanjiekuan.com/pages/act9/img/time_1511947476035.png%22]},%22buttons_1%22:{%22image_path%22:[%22http://local_activity.jiandanjiekuan.com/pages/act9/img/btn_1511947482005.png%22],%22button%22:{%22usages%22:%22download%22,%22style%22:{%22width%22:%22800px%22,%22height%22:%22%22}},%22wrap%22:{%22style%22:{%22height%22:%22300px%22,%22background-color%22:%22%22}}},%22footers_2%22:{%22footers%22:{%22style%22:{%22width%22:%22%22,%22height%22:%22300px%22,%22color%22:%22red%22,%22background-color%22:%22%22},%22txt%22:{%22line1%22:{%22content%22:%221%E3%80%81%E6%B5%8B%E8%AF%95%E6%96%B9%E6%A1%88%22,%22style%22:{%22font-size%22:%2218px%22}},%22line2%22:{%22content%22:%222%E3%80%81%E6%B5%8B%E8%AF%95%E6%96%B9%E6%A1%88%22,%22style%22:{%22font-size%22:%2218px%22}},%22line3%22:{%22content%22:%223%E3%80%81%E6%B5%8B%E8%AF%95%E6%96%B9%E6%A1%88%22,%22style%22:{%22font-size%22:%2218px%22}}}}}}
[2017-11-29 17:29:57.219] [WARN] access - GET /activity/fans/20171129/tpl_fans.css
[2017-11-29 17:29:57.235] [WARN] access - GET /activity/fans/20171129/tpl_fans.js
[2017-11-29 17:31:40.401] [INFO] access - GET /preview/act?tpl=activity/fans/20171129/tpl_fans.html&tplData={%22title%22:%22%E7%AE%80%E5%8D%95%E5%80%9F%E6%AC%BE%22,%22style%22:{%22background-color%22:%22%22,%22background-repeat%22:%22repeat-x%22,%22background-image%22:%22http://local_activity.jiandanjiekuan.com/pages/act9/img/bg_1511947465138.jpg%22},%22activityCode%22:%226f644543f0b74dab8309bd0bf2b60e76%22,%22images_0%22:{%22image_path%22:[%22http://local_activity.jiandanjiekuan.com/pages/act9/img/tit_1511947472554.png%22,%22http://local_activity.jiandanjiekuan.com/pages/act9/img/time_1511947476035.png%22]},%22buttons_1%22:{%22image_path%22:[%22http://local_activity.jiandanjiekuan.com/pages/act9/img/btn_1511947482005.png%22],%22button%22:{%22usages%22:%22download%22,%22style%22:{%22width%22:%22300px%22,%22height%22:%22%22}},%22wrap%22:{%22style%22:{%22height%22:%22300px%22,%22background-color%22:%22%22}}},%22footers_2%22:{%22footers%22:{%22style%22:{%22width%22:%22%22,%22height%22:%22300px%22,%22color%22:%22red%22,%22background-color%22:%22%22},%22txt%22:{%22line1%22:{%22content%22:%221%E3%80%81%E6%B5%8B%E8%AF%95%E6%96%B9%E6%A1%88%22,%22style%22:{%22font-size%22:%2218px%22}},%22line2%22:{%22content%22:%222%E3%80%81%E6%B5%8B%E8%AF%95%E6%96%B9%E6%A1%88%22,%22style%22:{%22font-size%22:%2218px%22}},%22line3%22:{%22content%22:%223%E3%80%81%E6%B5%8B%E8%AF%95%E6%96%B9%E6%A1%88%22,%22style%22:{%22font-size%22:%2218px%22}}}}}}
[2017-11-29 17:31:40.426] [WARN] access - GET /activity/fans/20171129/tpl_fans.css
[2017-11-29 17:31:40.436] [WARN] access - GET /activity/fans/20171129/tpl_fans.js
[2017-11-29 17:32:19.220] [WARN] access - GET /api/act/tpl/lists
[2017-11-29 17:32:19.352] [WARN] access - GET /activity/fans/20171129/img/card.jpg
[2017-11-29 17:32:19.363] [WARN] access - GET /activity/ttt/20171123/img/card.jpg
[2017-11-29 17:32:28.986] [INFO] access - GET /api/act/tpl/3
[2017-11-29 19:07:18.618] [INFO] access - GET /api/act/tpl/lists
[2017-11-29 19:07:18.707] [WARN] access - GET /activity/ttt/20171123/img/card.jpg
[2017-11-29 19:07:23.133] [INFO] access - GET /api/act/tpl/1
[2017-11-29 19:07:28.460] [INFO] access - POST /api/act/upload
[2017-11-29 19:18:46.520] [WARN] access - GET /api/user/userInfo
[2017-11-29 19:18:46.528] [WARN] access - GET /api/menu/listsTree
[2017-11-29 19:18:46.533] [INFO] access - GET /api/act/tpl/1
[2017-11-29 19:18:54.441] [WARN] access - GET /api/act/tpl/lists
[2017-11-29 19:18:54.533] [WARN] access - GET /activity/ttt/20171123/img/card.jpg
[2017-11-29 19:18:57.568] [INFO] access - GET /api/act/tpl/1
[2017-11-29 19:22:40.356] [INFO] access - GET /api/config/lists?keys=&pageSize=15&pageIndex=1
[2017-11-29 19:31:15.414] [WARN] access - GET /activity/fans/20171129/tpl_fans.css
