[2018-05-25 11:41:54.951] [WARN] access - GET /api/user/userInfo
[2018-05-25 11:41:54.981] [WARN] access - GET /api/menu/listsTree
[2018-05-25 11:41:54.987] [WARN] access - GET /api/act/config/lists
[2018-05-25 11:41:54.993] [INFO] access - GET /api/act/tpl/60
[2018-05-25 11:43:12.052] [WARN] access - GET /api/menu/listsTree
[2018-05-25 11:43:12.077] [WARN] access - GET /api/user/userInfo
[2018-05-25 11:43:12.091] [INFO] access - GET /api/act/tpl/60
[2018-05-25 11:43:12.097] [WARN] access - GET /api/act/config/lists
[2018-05-25 11:46:11.933] [WARN] access - GET /api/menu/listsTree
[2018-05-25 11:46:11.943] [WARN] access - GET /api/user/userInfo
[2018-05-25 11:46:11.953] [INFO] access - GET /api/act/tpl/60
[2018-05-25 11:46:11.959] [WARN] access - GET /api/act/config/lists
[2018-05-25 11:46:52.487] [WARN] access - GET /api/menu/listsTree
[2018-05-25 11:46:52.495] [WARN] access - GET /api/user/userInfo
[2018-05-25 11:46:52.525] [INFO] access - GET /api/act/tpl/60
[2018-05-25 11:46:52.530] [WARN] access - GET /api/act/config/lists
[2018-05-25 11:48:43.883] [WARN] access - GET /api/menu/listsTree
[2018-05-25 11:48:43.889] [WARN] access - GET /api/user/userInfo
[2018-05-25 11:48:43.925] [INFO] access - GET /api/act/tpl/60
[2018-05-25 11:48:43.931] [WARN] access - GET /api/act/config/lists
[2018-05-25 11:49:56.569] [WARN] access - GET /api/menu/listsTree
[2018-05-25 11:49:56.575] [WARN] access - GET /api/user/userInfo
[2018-05-25 11:49:56.580] [INFO] access - GET /api/act/tpl/60
[2018-05-25 11:49:56.584] [WARN] access - GET /api/act/config/lists
[2018-05-25 11:51:40.783] [WARN] access - GET /api/menu/listsTree
[2018-05-25 11:51:40.803] [WARN] access - GET /api/user/userInfo
[2018-05-25 11:51:40.808] [INFO] access - GET /api/act/tpl/60
[2018-05-25 11:51:40.813] [WARN] access - GET /api/act/config/lists
[2018-05-25 11:52:56.170] [WARN] access - GET /api/menu/listsTree
[2018-05-25 11:52:56.197] [WARN] access - GET /api/user/userInfo
[2018-05-25 11:52:56.206] [INFO] access - GET /api/act/tpl/60
[2018-05-25 11:52:56.212] [WARN] access - GET /api/act/config/lists
[2018-05-25 11:53:06.687] [WARN] access - GET /api/menu/listsTree
[2018-05-25 11:53:06.705] [WARN] access - GET /api/user/userInfo
[2018-05-25 11:53:06.711] [INFO] access - GET /api/act/tpl/60
[2018-05-25 11:53:06.714] [WARN] access - GET /api/act/config/lists
[2018-05-25 11:53:19.425] [WARN] access - GET /api/menu/listsTree
[2018-05-25 11:53:19.430] [WARN] access - GET /api/user/userInfo
[2018-05-25 11:53:19.471] [INFO] access - GET /api/act/tpl/60
[2018-05-25 11:53:19.480] [WARN] access - GET /api/act/config/lists
[2018-05-25 16:22:10.570] [WARN] access - GET /api/menu/listsTree
[2018-05-25 16:22:10.618] [WARN] access - GET /api/user/userInfo
[2018-05-25 16:22:10.664] [INFO] access - GET /api/act/tpl/60
[2018-05-25 16:22:10.669] [WARN] access - GET /api/act/config/lists
[2018-05-25 16:22:22.638] [WARN] access - GET /api/menu/listsTree
[2018-05-25 16:22:22.665] [WARN] access - GET /api/user/userInfo
[2018-05-25 16:22:22.701] [INFO] access - GET /api/act/tpl/60
[2018-05-25 16:22:22.712] [WARN] access - GET /api/act/config/lists
[2018-05-25 16:22:29.426] [WARN] access - GET /api/menu/listsTree
[2018-05-25 16:22:29.433] [WARN] access - GET /api/user/userInfo
[2018-05-25 16:22:29.477] [INFO] access - GET /api/act/tpl/60
[2018-05-25 16:22:29.481] [WARN] access - GET /api/act/config/lists
[2018-05-25 16:24:38.785] [WARN] access - GET /api/menu/listsTree
[2018-05-25 16:24:38.793] [WARN] access - GET /api/user/userInfo
[2018-05-25 16:24:38.799] [INFO] access - GET /api/act/tpl/60
[2018-05-25 16:24:38.811] [WARN] access - GET /api/act/config/lists
[2018-05-25 16:28:27.361] [WARN] access - GET /api/menu/listsTree
[2018-05-25 16:28:27.397] [WARN] access - GET /api/user/userInfo
[2018-05-25 16:28:27.402] [INFO] access - GET /api/act/tpl/60
[2018-05-25 16:28:27.407] [WARN] access - GET /api/act/config/lists
[2018-05-25 16:30:46.091] [WARN] access - GET /api/menu/listsTree
[2018-05-25 16:30:46.103] [WARN] access - GET /api/user/userInfo
[2018-05-25 16:30:46.118] [INFO] access - GET /api/act/tpl/60
[2018-05-25 16:30:46.127] [WARN] access - GET /api/act/config/lists
[2018-05-25 16:41:56.280] [ERROR] access - POST /api/act/upload
[2018-05-25 16:42:23.201] [WARN] access - GET /api/menu/listsTree
[2018-05-25 16:42:23.212] [WARN] access - GET /api/user/userInfo
[2018-05-25 16:42:23.230] [INFO] access - GET /api/act/tpl/60
[2018-05-25 16:42:23.237] [WARN] access - GET /api/act/config/lists
[2018-05-25 16:42:34.284] [ERROR] access - POST /api/act/upload
[2018-05-25 16:43:56.969] [WARN] access - GET /api/user/userInfo
[2018-05-25 16:43:57.003] [WARN] access - GET /api/menu/listsTree
[2018-05-25 16:43:57.010] [WARN] access - GET /api/act/config/lists
[2018-05-25 16:43:57.017] [INFO] access - GET /api/act/tpl/60
[2018-05-25 16:44:08.306] [INFO] access - POST /api/act/upload
[2018-05-25 16:45:12.631] [WARN] access - GET /api/menu/listsTree
[2018-05-25 16:45:12.637] [WARN] access - GET /api/user/userInfo
[2018-05-25 16:45:12.648] [INFO] access - GET /api/act/tpl/60
[2018-05-25 16:45:12.654] [WARN] access - GET /api/act/config/lists
[2018-05-25 16:45:30.846] [INFO] access - POST /api/act/upload
[2018-05-25 16:45:48.778] [WARN] access - GET /api/menu/listsTree
[2018-05-25 16:45:48.800] [WARN] access - GET /api/user/userInfo
[2018-05-25 16:45:48.803] [INFO] access - GET /api/act/tpl/60
[2018-05-25 16:45:48.810] [WARN] access - GET /api/act/config/lists
[2018-05-25 16:45:57.194] [WARN] access - GET /api/menu/listsTree
[2018-05-25 16:45:57.199] [WARN] access - GET /api/user/userInfo
[2018-05-25 16:45:57.225] [INFO] access - GET /api/act/tpl/60
[2018-05-25 16:45:57.249] [WARN] access - GET /api/act/config/lists
[2018-05-25 16:46:08.377] [INFO] access - POST /api/act/upload
[2018-05-25 16:54:38.946] [WARN] access - GET /api/menu/listsTree
[2018-05-25 16:54:38.969] [WARN] access - GET /api/user/userInfo
[2018-05-25 16:54:38.974] [WARN] access - GET /api/act/config/lists
[2018-05-25 16:54:38.979] [INFO] access - GET /api/act/tpl/60
[2018-05-25 16:54:52.245] [INFO] access - POST /api/act/upload
[2018-05-25 16:55:30.520] [INFO] access - POST /api/act/upload
[2018-05-25 16:56:02.347] [WARN] access - GET /api/menu/listsTree
[2018-05-25 16:56:02.358] [WARN] access - GET /api/user/userInfo
[2018-05-25 16:56:02.421] [WARN] access - GET /api/act/config/lists
[2018-05-25 16:56:02.426] [INFO] access - GET /api/act/tpl/60
[2018-05-25 16:56:12.141] [INFO] access - POST /api/act/upload
[2018-05-25 16:56:21.501] [INFO] access - POST /api/act/upload
[2018-05-25 16:57:17.357] [WARN] access - GET /api/menu/listsTree
[2018-05-25 16:57:17.368] [WARN] access - GET /api/user/userInfo
[2018-05-25 16:57:17.373] [INFO] access - GET /api/act/tpl/60
[2018-05-25 16:57:17.377] [WARN] access - GET /api/act/config/lists
[2018-05-25 16:57:29.164] [INFO] access - POST /api/act/upload
[2018-05-25 16:57:57.561] [INFO] access - POST /api/act/upload
[2018-05-25 17:01:19.082] [WARN] access - GET /api/menu/listsTree
[2018-05-25 17:01:19.104] [WARN] access - GET /api/user/userInfo
[2018-05-25 17:01:19.124] [INFO] access - GET /api/act/tpl/60
[2018-05-25 17:01:19.128] [WARN] access - GET /api/act/config/lists
[2018-05-25 17:01:30.123] [INFO] access - POST /api/act/upload
[2018-05-25 17:01:41.053] [INFO] access - POST /api/act/upload
[2018-05-25 17:09:09.247] [WARN] access - GET /api/menu/listsTree
[2018-05-25 17:09:09.263] [WARN] access - GET /api/user/userInfo
[2018-05-25 17:09:09.269] [INFO] access - GET /api/act/tpl/60
[2018-05-25 17:09:09.284] [WARN] access - GET /api/act/config/lists
[2018-05-25 17:09:56.733] [INFO] access - POST /api/act/upload
[2018-05-25 17:10:10.174] [INFO] access - POST /api/act/upload
[2018-05-25 17:14:16.435] [WARN] access - GET /api/menu/listsTree
[2018-05-25 17:14:16.456] [WARN] access - GET /api/user/userInfo
[2018-05-25 17:14:16.483] [INFO] access - GET /api/act/tpl/60
[2018-05-25 17:14:16.489] [WARN] access - GET /api/act/config/lists
[2018-05-25 17:14:39.026] [WARN] access - GET /api/menu/listsTree
[2018-05-25 17:14:39.032] [WARN] access - GET /api/user/userInfo
[2018-05-25 17:14:39.061] [INFO] access - GET /api/act/tpl/60
[2018-05-25 17:14:39.072] [WARN] access - GET /api/act/config/lists
[2018-05-25 17:26:29.518] [WARN] access - GET /api/menu/listsTree
[2018-05-25 17:26:29.539] [WARN] access - GET /api/user/userInfo
[2018-05-25 17:26:29.545] [INFO] access - GET /api/act/tpl/60
[2018-05-25 17:26:29.550] [WARN] access - GET /api/act/config/lists
[2018-05-25 17:39:25.022] [WARN] access - GET /api/menu/listsTree
[2018-05-25 17:39:25.035] [WARN] access - GET /api/user/userInfo
[2018-05-25 17:39:25.040] [INFO] access - GET /api/act/tpl/60
[2018-05-25 17:39:25.044] [WARN] access - GET /api/act/config/lists
[2018-05-25 17:39:51.578] [INFO] access - POST /api/act/upload
[2018-05-25 17:41:24.734] [INFO] access - POST /api/act/upload
[2018-05-25 17:41:43.074] [INFO] access - POST /api/act/upload
[2018-05-25 18:15:31.735] [WARN] access - GET /api/menu/listsTree
[2018-05-25 18:15:31.741] [WARN] access - GET /api/user/userInfo
[2018-05-25 18:15:31.747] [INFO] access - GET /api/act/tpl/60
[2018-05-25 18:15:31.752] [WARN] access - GET /api/act/config/lists
[2018-05-25 18:15:58.306] [WARN] access - GET /api/menu/listsTree
[2018-05-25 18:15:58.316] [WARN] access - GET /api/user/userInfo
[2018-05-25 18:15:58.344] [INFO] access - GET /api/act/tpl/60
[2018-05-25 18:15:58.349] [WARN] access - GET /api/act/config/lists
[2018-05-25 18:17:06.520] [WARN] access - GET /api/menu/listsTree
[2018-05-25 18:17:06.547] [WARN] access - GET /api/user/userInfo
[2018-05-25 18:17:06.561] [INFO] access - GET /api/act/tpl/60
[2018-05-25 18:17:06.567] [WARN] access - GET /api/act/config/lists
[2018-05-25 19:25:23.080] [WARN] access - GET /api/menu/listsTree
[2018-05-25 19:25:23.107] [WARN] access - GET /api/user/userInfo
[2018-05-25 19:25:23.134] [INFO] access - GET /api/act/tpl/60
[2018-05-25 19:25:23.138] [WARN] access - GET /api/act/config/lists
