[2017-11-16 11:28:54.636] [WARN] access - GET /api/menu/listsTree
[2017-11-16 11:28:54.777] [WARN] access - GET /api/user/userInfo
[2017-11-16 11:28:54.807] [INFO] access - GET /api/act/tpl/lists
[2017-11-16 11:29:21.122] [INFO] access - POST /api/act/tpl/add
[2017-11-16 11:29:21.394] [INFO] access - GET /api/act/tpl/lists
[2017-11-16 11:29:21.431] [ERROR] access - GET /activity/sss/20171116/img/card.jpg
[2017-11-16 11:29:26.454] [INFO] access - GET /api/act/tpl/2
[2017-11-16 11:29:45.827] [INFO] access - POST /api/act/upload
[2017-11-16 11:29:51.934] [INFO] access - POST /api/act/upload
[2017-11-16 11:29:57.436] [INFO] access - POST /api/act/upload
[2017-11-16 11:30:01.089] [INFO] access - POST /api/act/publish
[2017-11-16 11:30:01.429] [INFO] access - GET /api/act/lists?keys=&pageSize=15&pageIndex=1
[2017-11-16 14:21:00.595] [WARN] access - GET /api/user/userInfo
[2017-11-16 14:21:00.603] [WARN] access - GET /api/menu/listsTree
[2017-11-16 14:21:00.872] [INFO] access - GET /api/config/lists?keys=&pageSize=15&pageIndex=1
[2017-11-16 14:21:21.881] [INFO] access - PUT /api/config/6
[2017-11-16 14:21:21.910] [INFO] access - GET /api/config/lists?keys=&pageSize=15&pageIndex=1
[2017-11-16 14:22:01.080] [INFO] access - GET /api/act/lists?keys=&pageSize=15&pageIndex=1
[2017-11-16 14:22:55.889] [INFO] access - GET /api/act/1
[2017-11-16 14:23:22.942] [WARN] access - GET /api/act/tpl/lists
[2017-11-16 14:23:26.134] [WARN] access - GET /api/act/lists?keys=&pageSize=15&pageIndex=1
[2017-11-16 14:23:32.708] [ERROR] access - DELETE /api/act/1
[2017-11-16 14:25:48.513] [WARN] access - GET /api/config/lists?keys=&pageSize=15&pageIndex=1
[2017-11-16 14:27:57.783] [WARN] access - GET /api/act/lists?keys=&pageSize=15&pageIndex=1
[2017-11-16 14:28:00.340] [INFO] access - DELETE /api/act/1
[2017-11-16 14:28:00.368] [INFO] access - GET /api/act/lists?keys=&pageSize=15&pageIndex=1
[2017-11-16 14:28:55.648] [WARN] access - GET /api/act/tpl/lists
[2017-11-16 14:28:55.708] [WARN] access - GET /activity/zjk/20171116/img/card.jpg
[2017-11-16 14:28:57.930] [INFO] access - GET /api/act/tpl/2
[2017-11-16 14:29:20.568] [INFO] access - POST /api/act/upload
[2017-11-16 14:29:26.434] [INFO] access - POST /api/act/upload
[2017-11-16 14:29:30.752] [INFO] access - POST /api/act/upload
[2017-11-16 14:29:34.147] [INFO] access - POST /api/act/publish
[2017-11-16 14:29:34.459] [INFO] access - GET /api/act/lists?keys=&pageSize=15&pageIndex=1
[2017-11-16 14:45:59.749] [INFO] access - DELETE /api/act/2
[2017-11-16 14:45:59.799] [INFO] access - GET /api/act/lists?keys=&pageSize=15&pageIndex=1
[2017-11-16 14:48:59.198] [WARN] access - GET /api/act/tpl/lists
[2017-11-16 14:49:04.945] [INFO] access - GET /api/act/tpl/2
[2017-11-16 14:49:40.581] [INFO] access - POST /api/act/upload
[2017-11-16 14:49:40.623] [INFO] access - GET /temp/20171116144904/card_1510814980565.jpg
[2017-11-16 14:49:45.278] [INFO] access - POST /api/act/upload
[2017-11-16 14:49:49.717] [INFO] access - POST /api/act/upload
[2017-11-16 14:49:52.754] [INFO] access - POST /api/act/publish
[2017-11-16 14:49:53.062] [INFO] access - GET /api/act/lists?keys=&pageSize=15&pageIndex=1
[2017-11-16 14:49:55.014] [INFO] access - GET /api/act/3
[2017-11-16 14:50:51.983] [WARN] access - GET /api/user/userInfo
[2017-11-16 14:50:51.993] [WARN] access - GET /api/menu/listsTree
[2017-11-16 14:50:51.998] [INFO] access - GET /api/act/3
[2017-11-16 15:02:50.922] [WARN] access - GET /api/act/tpl/lists
[2017-11-16 15:02:51.001] [WARN] access - GET /activity/zjk/20171116/img/card.jpg
[2017-11-16 15:02:52.052] [WARN] access - GET /api/act/lists?keys=&pageSize=15&pageIndex=1
[2017-11-16 15:02:58.217] [INFO] access - DELETE /api/act/3
[2017-11-16 15:02:58.271] [INFO] access - GET /api/act/lists?keys=&pageSize=15&pageIndex=1
[2017-11-16 15:03:07.156] [WARN] access - GET /api/act/tpl/lists
[2017-11-16 15:03:09.102] [INFO] access - GET /api/act/tpl/2
[2017-11-16 15:03:17.718] [INFO] access - POST /api/act/upload
[2017-11-16 15:03:23.120] [INFO] access - POST /api/act/upload
[2017-11-16 15:03:29.438] [INFO] access - POST /api/act/upload
[2017-11-16 15:04:21.267] [INFO] access - POST /api/act/publish
[2017-11-16 15:06:39.663] [WARN] access - GET /api/user/userInfo
[2017-11-16 15:06:39.690] [WARN] access - GET /api/menu/listsTree
[2017-11-16 15:06:39.697] [INFO] access - GET /api/act/lists?keys=&pageSize=15&pageIndex=1
[2017-11-16 15:06:42.915] [INFO] access - DELETE /api/act/4
[2017-11-16 15:07:17.373] [INFO] access - DELETE /api/act/4
[2017-11-16 15:07:17.407] [INFO] access - GET /api/act/lists?keys=&pageSize=15&pageIndex=1
[2017-11-16 15:07:23.458] [WARN] access - GET /api/act/tpl/lists
[2017-11-16 15:07:23.519] [WARN] access - GET /activity/zjk/20171116/img/card.jpg
[2017-11-16 15:07:25.267] [INFO] access - GET /api/act/tpl/2
[2017-11-16 15:07:49.612] [INFO] access - POST /api/act/upload
[2017-11-16 15:07:57.981] [INFO] access - POST /api/act/upload
[2017-11-16 15:08:04.545] [INFO] access - POST /api/act/upload
[2017-11-16 15:08:09.019] [INFO] access - POST /api/act/publish
[2017-11-16 15:08:09.313] [INFO] access - GET /api/act/lists?keys=&pageSize=15&pageIndex=1
[2017-11-16 15:08:13.434] [INFO] access - GET /api/act/5
[2017-11-16 15:08:28.931] [WARN] access - GET /api/act/lists?keys=&pageSize=15&pageIndex=1
[2017-11-16 15:08:37.465] [WARN] access - GET /api/act/tpl/lists
[2017-11-16 15:08:39.705] [INFO] access - GET /api/act/tpl/2
[2017-11-16 15:09:32.907] [INFO] access - PUT /api/act/tpl/2
[2017-11-16 15:09:33.153] [INFO] access - GET /api/act/tpl/lists
[2017-11-16 15:09:37.048] [WARN] access - GET /api/act/lists?keys=&pageSize=15&pageIndex=1
[2017-11-16 15:09:42.080] [INFO] access - GET /api/act/5
[2017-11-16 15:09:50.075] [INFO] access - POST /api/act/publish
[2017-11-16 15:09:50.363] [INFO] access - GET /api/act/lists?keys=&pageSize=15&pageIndex=1
[2017-11-16 15:10:02.742] [WARN] access - GET /api/act/tpl/lists
[2017-11-16 15:10:06.345] [INFO] access - GET /api/act/tpl/2
[2017-11-16 15:12:17.427] [INFO] access - PUT /api/act/tpl/2
[2017-11-16 15:12:17.682] [INFO] access - GET /api/act/tpl/lists
[2017-11-16 15:12:17.718] [ERROR] access - GET /activity/sss/20171116/img/card.jpg
[2017-11-16 15:12:19.563] [INFO] access - GET /api/act/tpl/2
[2017-11-16 15:12:44.149] [INFO] access - POST /api/act/upload
[2017-11-16 15:12:48.985] [INFO] access - POST /api/act/upload
[2017-11-16 15:13:04.229] [INFO] access - POST /api/act/upload
[2017-11-16 15:13:09.307] [INFO] access - POST /api/act/upload
[2017-11-16 15:13:11.493] [INFO] access - POST /api/act/publish
[2017-11-16 15:13:11.829] [INFO] access - GET /api/act/lists?keys=&pageSize=15&pageIndex=1
[2017-11-16 16:03:36.178] [WARN] access - GET /api/act/tpl/lists
[2017-11-16 16:03:36.218] [ERROR] access - GET /activity/sss/20171116/img/card.jpg
[2017-11-16 16:03:37.941] [INFO] access - GET /api/act/tpl/2
[2017-11-16 16:03:49.582] [WARN] access - GET /api/act/tpl/lists
[2017-11-16 16:03:50.862] [WARN] access - GET /api/act/lists?keys=&pageSize=15&pageIndex=1
[2017-11-16 16:03:52.734] [INFO] access - GET /api/act/6
[2017-11-16 16:04:10.723] [WARN] access - GET /api/act/tpl/lists
[2017-11-16 16:04:11.713] [WARN] access - GET /api/act/lists?keys=&pageSize=15&pageIndex=1
[2017-11-16 16:04:13.462] [INFO] access - GET /api/act/5
[2017-11-16 16:04:22.602] [WARN] access - GET /api/act/tpl/lists
[2017-11-16 16:08:07.695] [WARN] access - GET /api/act/lists?keys=&pageSize=15&pageIndex=1
[2017-11-16 16:08:11.630] [INFO] access - GET /api/act/6
[2017-11-16 16:09:04.459] [INFO] access - POST /api/act/publish
[2017-11-16 16:09:04.765] [INFO] access - GET /api/act/lists?keys=&pageSize=15&pageIndex=1
[2017-11-16 16:09:59.394] [INFO] access - GET /api/act/6
[2017-11-16 16:10:02.995] [INFO] access - POST /api/act/publish
[2017-11-16 16:10:03.298] [INFO] access - GET /api/act/lists?keys=&pageSize=15&pageIndex=1
[2017-11-16 16:14:37.293] [INFO] access - GET /api/act/6
[2017-11-16 16:14:41.975] [INFO] access - POST /api/act/publish
[2017-11-16 16:14:42.269] [INFO] access - GET /api/act/lists?keys=&pageSize=15&pageIndex=1
[2017-11-16 16:14:58.125] [INFO] access - GET /api/act/6
[2017-11-16 16:15:00.357] [INFO] access - POST /api/act/publish
[2017-11-16 16:15:00.622] [INFO] access - GET /api/act/lists?keys=&pageSize=15&pageIndex=1
[2017-11-16 16:15:28.540] [INFO] access - GET /api/act/6
[2017-11-16 16:15:31.144] [INFO] access - POST /api/act/publish
[2017-11-16 16:15:31.455] [INFO] access - GET /api/act/lists?keys=&pageSize=15&pageIndex=1
[2017-11-16 16:15:52.664] [INFO] access - GET /api/act/6
[2017-11-16 16:15:54.775] [INFO] access - POST /api/act/publish
[2017-11-16 16:15:55.072] [INFO] access - GET /api/act/lists?keys=&pageSize=15&pageIndex=1
[2017-11-16 16:17:06.410] [WARN] access - GET /api/act/tpl/lists
[2017-11-16 16:17:13.021] [INFO] access - GET /api/act/tpl/lists?keys=z
[2017-11-16 16:17:16.989] [INFO] access - GET /api/act/tpl/lists?keys=s
[2017-11-16 16:17:21.987] [WARN] access - GET /api/act/tpl/lists?keys=z
[2017-11-16 16:17:33.744] [INFO] access - GET /api/act/tpl/2
[2017-11-16 16:17:41.116] [WARN] access - GET /api/act/lists?keys=&pageSize=15&pageIndex=1
