[2017-12-21 11:19:07.089] [WARN] access - GET /api/menu/listsTree
[2017-12-21 11:19:07.100] [WARN] access - GET /api/user/userInfo
[2017-12-21 11:19:07.107] [INFO] access - GET /api/act/tpl/24
[2017-12-21 11:23:29.640] [WARN] access - GET /api/menu/listsTree
[2017-12-21 11:23:29.765] [WARN] access - GET /api/user/userInfo
[2017-12-21 11:23:29.923] [INFO] access - GET /api/act/tpl/24
[2017-12-21 11:26:23.875] [WARN] access - GET /api/menu/listsTree
[2017-12-21 11:26:23.888] [WARN] access - GET /api/user/userInfo
[2017-12-21 11:26:23.896] [INFO] access - GET /api/act/tpl/24
[2017-12-21 11:27:36.274] [WARN] access - GET /api/menu/listsTree
[2017-12-21 11:27:36.282] [WARN] access - GET /api/user/userInfo
[2017-12-21 11:27:36.290] [INFO] access - GET /api/act/tpl/24
[2017-12-21 11:28:50.975] [WARN] access - GET /api/menu/listsTree
[2017-12-21 11:28:50.988] [WARN] access - GET /api/user/userInfo
[2017-12-21 11:28:50.997] [INFO] access - GET /api/act/tpl/24
[2017-12-21 11:29:09.821] [WARN] access - GET /api/menu/listsTree
[2017-12-21 11:29:09.828] [WARN] access - GET /api/user/userInfo
[2017-12-21 11:29:09.863] [INFO] access - GET /api/act/tpl/24
[2017-12-21 11:29:26.456] [WARN] access - GET /api/menu/listsTree
[2017-12-21 11:29:26.482] [WARN] access - GET /api/user/userInfo
[2017-12-21 11:29:26.495] [INFO] access - GET /api/act/tpl/24
[2017-12-21 11:33:42.203] [WARN] access - GET /api/menu/listsTree
[2017-12-21 11:33:42.220] [WARN] access - GET /api/user/userInfo
[2017-12-21 11:33:42.226] [INFO] access - GET /api/act/tpl/24
[2017-12-21 11:34:51.582] [WARN] access - GET /api/menu/listsTree
[2017-12-21 11:34:51.603] [WARN] access - GET /api/user/userInfo
[2017-12-21 11:34:51.623] [INFO] access - GET /api/act/tpl/24
[2017-12-21 11:35:51.709] [WARN] access - GET /api/act/tpl/lists
[2017-12-21 11:35:51.914] [WARN] access - GET /images/act_tpl_image/1512978692388.jpg
[2017-12-21 11:44:22.155] [WARN] access - GET /api/menu/listsTree
[2017-12-21 11:44:22.164] [WARN] access - GET /api/user/userInfo
[2017-12-21 11:46:28.295] [WARN] access - GET /api/menu/listsTree
[2017-12-21 11:46:28.300] [WARN] access - GET /api/user/userInfo
[2017-12-21 11:48:10.744] [WARN] access - GET /api/menu/listsTree
[2017-12-21 11:48:10.754] [WARN] access - GET /api/user/userInfo
[2017-12-21 11:48:40.995] [WARN] access - GET /api/menu/listsTree
[2017-12-21 11:48:41.474] [WARN] access - GET /api/user/userInfo
[2017-12-21 11:50:25.159] [WARN] access - GET /api/menu/listsTree
[2017-12-21 11:50:25.195] [WARN] access - GET /api/user/userInfo
[2017-12-21 11:50:54.999] [WARN] access - GET /api/menu/listsTree
[2017-12-21 11:50:55.080] [WARN] access - GET /api/user/userInfo
[2017-12-21 11:51:06.495] [WARN] access - GET /api/menu/listsTree
[2017-12-21 11:51:06.500] [WARN] access - GET /api/user/userInfo
[2017-12-21 11:51:19.565] [WARN] access - GET /api/menu/listsTree
[2017-12-21 11:51:19.576] [WARN] access - GET /api/user/userInfo
[2017-12-21 11:53:02.373] [WARN] access - GET /api/act/tpl/lists
[2017-12-21 11:53:02.573] [WARN] access - GET /images/act_tpl_image/1512978692388.jpg
[2017-12-21 11:53:06.615] [INFO] access - GET /api/act/tpl/24
[2017-12-21 11:56:42.408] [WARN] access - GET /api/act/tpl/lists
[2017-12-21 11:58:00.447] [WARN] access - GET /api/menu/listsTree
[2017-12-21 11:58:00.454] [WARN] access - GET /api/user/userInfo
[2017-12-21 11:58:27.522] [WARN] access - GET /api/menu/listsTree
[2017-12-21 11:58:27.536] [WARN] access - GET /api/user/userInfo
[2017-12-21 11:59:45.069] [WARN] access - GET /api/menu/listsTree
[2017-12-21 11:59:45.074] [WARN] access - GET /api/user/userInfo
[2017-12-21 11:59:56.528] [WARN] access - GET /api/act/tpl/lists
[2017-12-21 11:59:56.686] [WARN] access - GET /images/act_tpl_image/1512978692388.jpg
[2017-12-21 12:00:00.231] [INFO] access - GET /api/act/tpl/26
[2017-12-21 12:00:42.629] [WARN] access - GET /api/act/lists?keys=&pageSize=15&pageIndex=1
[2017-12-21 12:00:46.014] [WARN] access - GET /api/act/tpl/lists
[2017-12-21 12:00:47.660] [INFO] access - GET /api/act/tpl/26
[2017-12-21 12:00:52.283] [WARN] access - GET /api/act/lists?keys=&pageSize=15&pageIndex=1
[2017-12-21 12:00:54.623] [INFO] access - GET /api/act/53
[2017-12-21 12:02:48.295] [WARN] access - GET /api/menu/listsTree
[2017-12-21 12:02:48.301] [WARN] access - GET /api/user/userInfo
[2017-12-21 12:02:48.308] [INFO] access - GET /api/act/53
[2017-12-21 12:02:53.475] [WARN] access - GET /api/act/tpl/lists
[2017-12-21 12:02:53.697] [WARN] access - GET /images/act_tpl_image/1512978692388.jpg
[2017-12-21 12:02:55.694] [INFO] access - GET /api/act/tpl/24
[2017-12-21 12:04:47.150] [WARN] access - GET /api/act/tpl/lists
[2017-12-21 12:04:47.334] [ERROR] access - GET /images/act_tpl_image/1512613559840.png
[2017-12-21 12:04:49.064] [INFO] access - GET /api/act/tpl/24
[2017-12-21 12:05:25.778] [WARN] access - GET /api/act/lists?keys=&pageSize=15&pageIndex=1
[2017-12-21 12:05:27.660] [INFO] access - GET /api/act/53
[2017-12-21 12:07:18.864] [WARN] access - GET /api/act/lists?keys=&pageSize=15&pageIndex=1
[2017-12-21 12:07:19.982] [WARN] access - GET /api/act/tpl/lists
[2017-12-21 12:07:21.632] [INFO] access - GET /api/act/tpl/24
[2017-12-21 12:07:27.892] [WARN] access - GET /api/act/tpl/lists
[2017-12-21 12:08:41.941] [WARN] access - GET /api/menu/listsTree
[2017-12-21 12:08:41.949] [WARN] access - GET /api/user/userInfo
[2017-12-21 12:10:16.318] [WARN] access - GET /api/menu/listsTree
[2017-12-21 12:10:16.324] [WARN] access - GET /api/user/userInfo
[2017-12-21 12:10:31.486] [WARN] access - GET /api/menu/listsTree
[2017-12-21 12:10:31.513] [WARN] access - GET /api/user/userInfo
[2017-12-21 12:10:40.678] [WARN] access - GET /api/menu/listsTree
[2017-12-21 12:10:40.687] [WARN] access - GET /api/user/userInfo
[2017-12-21 12:13:13.760] [WARN] access - GET /api/menu/listsTree
[2017-12-21 12:13:13.766] [WARN] access - GET /api/user/userInfo
[2017-12-21 12:48:15.246] [WARN] access - GET /api/menu/listsTree
[2017-12-21 12:48:15.300] [WARN] access - GET /api/user/userInfo
[2017-12-21 12:51:42.694] [WARN] access - GET /api/menu/listsTree
[2017-12-21 12:51:42.733] [WARN] access - GET /api/user/userInfo
[2017-12-21 12:52:18.938] [WARN] access - GET /api/menu/listsTree
[2017-12-21 12:52:18.945] [WARN] access - GET /api/user/userInfo
[2017-12-21 12:57:13.795] [WARN] access - GET /api/menu/listsTree
[2017-12-21 12:57:13.807] [WARN] access - GET /api/user/userInfo
[2017-12-21 12:58:34.254] [WARN] access - GET /api/act/tpl/lists
[2017-12-21 12:58:34.466] [WARN] access - GET /images/act_tpl_image/1512978692388.jpg
[2017-12-21 12:58:37.416] [INFO] access - GET /api/act/tpl/24
[2017-12-21 12:59:02.519] [WARN] access - GET /api/menu/listsTree
[2017-12-21 12:59:02.533] [WARN] access - GET /api/user/userInfo
[2017-12-21 12:59:02.541] [INFO] access - GET /api/act/tpl/24
[2017-12-21 12:59:35.723] [WARN] access - GET /api/menu/listsTree
[2017-12-21 12:59:35.775] [WARN] access - GET /api/user/userInfo
[2017-12-21 12:59:35.781] [INFO] access - GET /api/act/tpl/24
[2017-12-21 13:05:32.709] [WARN] access - GET /api/menu/listsTree
[2017-12-21 13:05:32.724] [WARN] access - GET /api/user/userInfo
[2017-12-21 13:05:32.742] [INFO] access - GET /api/act/tpl/24
[2017-12-21 13:06:07.270] [WARN] access - GET /api/menu/listsTree
[2017-12-21 13:06:07.279] [WARN] access - GET /api/user/userInfo
[2017-12-21 13:06:07.296] [INFO] access - GET /api/act/tpl/24
[2017-12-21 13:07:18.228] [WARN] access - GET /api/menu/listsTree
[2017-12-21 13:07:18.246] [WARN] access - GET /api/user/userInfo
[2017-12-21 13:07:18.268] [INFO] access - GET /api/act/tpl/24
[2017-12-21 13:09:22.312] [WARN] access - GET /api/menu/listsTree
[2017-12-21 13:09:22.326] [WARN] access - GET /api/user/userInfo
[2017-12-21 13:09:22.334] [INFO] access - GET /api/act/tpl/24
[2017-12-21 13:09:33.235] [WARN] access - GET /api/menu/listsTree
[2017-12-21 13:09:33.252] [WARN] access - GET /api/user/userInfo
[2017-12-21 13:09:33.262] [INFO] access - GET /api/act/tpl/24
[2017-12-21 13:14:15.621] [WARN] access - GET /api/menu/listsTree
[2017-12-21 13:14:15.632] [WARN] access - GET /api/user/userInfo
[2017-12-21 13:14:15.666] [INFO] access - GET /api/act/tpl/24
[2017-12-21 13:15:16.680] [WARN] access - GET /api/menu/listsTree
[2017-12-21 13:15:16.711] [WARN] access - GET /api/user/userInfo
[2017-12-21 13:15:16.731] [INFO] access - GET /api/act/tpl/24
[2017-12-21 13:17:01.358] [WARN] access - GET /api/act/tpl/lists
[2017-12-21 13:17:01.933] [WARN] access - GET /images/act_tpl_image/1512978692388.jpg
[2017-12-21 13:17:26.694] [WARN] access - GET /api/act/tpl/lists
[2017-12-21 13:17:29.215] [INFO] access - GET /api/act/tpl/24
[2017-12-21 13:18:22.861] [WARN] access - GET /api/act/tpl/lists
[2017-12-21 13:18:25.084] [INFO] access - GET /api/act/tpl/24
[2017-12-21 13:26:59.591] [WARN] access - GET /api/menu/listsTree
[2017-12-21 13:26:59.603] [WARN] access - GET /api/user/userInfo
[2017-12-21 13:26:59.625] [INFO] access - GET /api/act/tpl/24
[2017-12-21 13:28:49.153] [WARN] access - GET /api/menu/listsTree
[2017-12-21 13:28:49.168] [WARN] access - GET /api/user/userInfo
[2017-12-21 13:28:49.173] [INFO] access - GET /api/act/tpl/24
[2017-12-21 13:29:16.693] [WARN] access - GET /api/act/lists?keys=&pageSize=15&pageIndex=1
[2017-12-21 13:29:18.391] [INFO] access - GET /api/act/53
[2017-12-21 13:29:33.974] [WARN] access - GET /api/act/tpl/lists
[2017-12-21 13:29:34.164] [WARN] access - GET /images/act_tpl_image/1512978692388.jpg
[2017-12-21 13:29:37.962] [INFO] access - GET /api/act/tpl/24
[2017-12-21 13:30:03.638] [WARN] access - GET /api/menu/listsTree
[2017-12-21 13:30:03.646] [WARN] access - GET /api/user/userInfo
[2017-12-21 13:30:03.667] [INFO] access - GET /api/act/tpl/24
[2017-12-21 13:30:10.885] [WARN] access - GET /api/act/lists?keys=&pageSize=15&pageIndex=1
[2017-12-21 13:30:13.032] [INFO] access - GET /api/act/50
[2017-12-21 13:30:30.290] [WARN] access - GET /api/act/lists?keys=&pageSize=15&pageIndex=1
[2017-12-21 13:30:41.653] [INFO] access - DELETE /api/act/53
[2017-12-21 13:30:41.697] [INFO] access - GET /api/act/lists?keys=&pageSize=15&pageIndex=1
[2017-12-21 13:30:43.728] [WARN] access - GET /api/act/tpl/lists
[2017-12-21 13:30:43.947] [WARN] access - GET /images/act_tpl_image/1512978692388.jpg
[2017-12-21 13:30:45.720] [INFO] access - GET /api/act/tpl/24
[2017-12-21 14:46:11.545] [WARN] access - GET /api/menu/listsTree
[2017-12-21 14:46:11.566] [WARN] access - GET /api/user/userInfo
[2017-12-21 14:46:11.575] [INFO] access - GET /api/act/tpl/24
[2017-12-21 14:58:12.216] [WARN] access - GET /api/menu/listsTree
[2017-12-21 14:58:12.226] [WARN] access - GET /api/user/userInfo
[2017-12-21 14:58:12.260] [INFO] access - GET /api/act/tpl/24
[2017-12-21 14:58:27.906] [INFO] access - POST /api/act/upload
[2017-12-21 15:42:51.510] [INFO] access - POST /api/act/upload
[2017-12-21 15:43:38.495] [INFO] access - POST /api/act/upload
[2017-12-21 15:44:29.414] [WARN] access - GET /api/menu/listsTree
[2017-12-21 15:44:29.433] [WARN] access - GET /api/user/userInfo
[2017-12-21 15:44:29.442] [INFO] access - GET /api/act/tpl/24
[2017-12-21 15:44:39.748] [INFO] access - POST /api/act/upload
[2017-12-21 15:44:58.283] [WARN] access - GET /api/user/userInfo
[2017-12-21 15:44:58.491] [INFO] access - GET /api/act/tpl/24
[2017-12-21 15:45:50.331] [WARN] access - GET /api/user/userInfo
[2017-12-21 15:45:50.528] [INFO] access - GET /api/act/tpl/24
[2017-12-21 15:47:08.277] [WARN] access - GET /api/user/userInfo
[2017-12-21 15:47:08.913] [INFO] access - GET /api/act/tpl/24
[2017-12-21 15:47:37.518] [INFO] access - POST /api/act/upload
[2017-12-21 16:06:10.649] [WARN] access - GET /api/menu/listsTree
[2017-12-21 16:06:10.661] [WARN] access - GET /api/user/userInfo
[2017-12-21 16:06:10.666] [INFO] access - GET /api/act/tpl/24
[2017-12-21 16:10:51.472] [WARN] access - GET /api/user/userInfo
[2017-12-21 16:10:51.747] [INFO] access - GET /api/act/tpl/24
[2017-12-21 16:11:52.914] [WARN] access - GET /api/menu/listsTree
[2017-12-21 16:11:52.926] [WARN] access - GET /api/user/userInfo
[2017-12-21 16:11:52.936] [INFO] access - GET /api/act/tpl/24
[2017-12-21 16:12:19.724] [INFO] access - POST /api/act/upload
[2017-12-21 16:14:38.438] [WARN] access - GET /api/menu/listsTree
[2017-12-21 16:14:38.444] [WARN] access - GET /api/user/userInfo
[2017-12-21 16:14:38.494] [INFO] access - GET /api/act/tpl/24
[2017-12-21 16:15:30.027] [INFO] access - POST /api/act/upload
[2017-12-21 16:16:52.732] [WARN] access - GET /api/menu/listsTree
[2017-12-21 16:16:52.770] [WARN] access - GET /api/user/userInfo
[2017-12-21 16:16:52.856] [INFO] access - GET /api/act/tpl/24
[2017-12-21 16:17:46.211] [INFO] access - GET /api/menu/listsTree
[2017-12-21 16:17:47.548] [INFO] access - GET /api/user/userInfo
[2017-12-21 16:17:48.897] [INFO] access - GET /api/act/tpl/24
[2017-12-21 16:24:57.263] [WARN] access - GET /api/menu/listsTree
[2017-12-21 16:24:57.275] [WARN] access - GET /api/user/userInfo
[2017-12-21 16:24:57.281] [INFO] access - GET /api/act/tpl/24
[2017-12-21 16:26:47.122] [WARN] access - GET /api/menu/listsTree
[2017-12-21 16:26:47.134] [WARN] access - GET /api/user/userInfo
[2017-12-21 16:26:47.139] [INFO] access - GET /api/act/tpl/24
[2017-12-21 16:29:20.549] [WARN] access - GET /api/menu/listsTree
[2017-12-21 16:29:20.557] [WARN] access - GET /api/user/userInfo
[2017-12-21 16:29:20.566] [INFO] access - GET /api/act/tpl/24
[2017-12-21 16:29:53.045] [INFO] access - POST /api/act/upload
[2017-12-21 16:32:37.216] [WARN] access - GET /api/menu/listsTree
[2017-12-21 16:32:37.228] [WARN] access - GET /api/user/userInfo
[2017-12-21 16:32:37.236] [INFO] access - GET /api/act/tpl/24
[2017-12-21 16:33:06.923] [WARN] access - GET /api/menu/listsTree
[2017-12-21 16:33:06.930] [WARN] access - GET /api/user/userInfo
[2017-12-21 16:33:06.937] [INFO] access - GET /api/act/tpl/24
[2017-12-21 16:39:05.634] [WARN] access - GET /api/menu/listsTree
[2017-12-21 16:39:05.641] [WARN] access - GET /api/user/userInfo
[2017-12-21 16:39:05.647] [INFO] access - GET /api/act/tpl/24
[2017-12-21 16:39:24.231] [INFO] access - POST /api/act/upload
[2017-12-21 16:40:27.726] [INFO] access - POST /api/act/upload
[2017-12-21 16:44:09.470] [WARN] access - GET /api/menu/listsTree
[2017-12-21 16:44:09.489] [WARN] access - GET /api/user/userInfo
[2017-12-21 16:44:09.507] [INFO] access - GET /api/act/tpl/24
[2017-12-21 16:44:20.627] [INFO] access - POST /api/act/upload
[2017-12-21 16:44:57.131] [INFO] access - POST /api/act/upload
[2017-12-21 16:45:04.843] [WARN] access - GET /api/menu/listsTree
[2017-12-21 16:45:04.854] [WARN] access - GET /api/user/userInfo
[2017-12-21 16:45:04.868] [INFO] access - GET /api/act/tpl/24
[2017-12-21 16:46:08.670] [WARN] access - GET /api/menu/listsTree
[2017-12-21 16:46:08.683] [WARN] access - GET /api/user/userInfo
[2017-12-21 16:46:08.691] [INFO] access - GET /api/act/tpl/24
[2017-12-21 16:46:13.845] [INFO] access - POST /api/act/upload
[2017-12-21 16:48:42.766] [INFO] access - POST /api/act/upload
[2017-12-21 16:50:11.210] [WARN] access - GET /api/menu/listsTree
[2017-12-21 16:50:11.219] [WARN] access - GET /api/user/userInfo
[2017-12-21 16:50:11.224] [INFO] access - GET /api/act/tpl/24
[2017-12-21 16:50:16.288] [INFO] access - POST /api/act/upload
[2017-12-21 16:52:09.921] [INFO] access - POST /api/act/upload
[2017-12-21 16:55:35.070] [WARN] access - GET /api/menu/listsTree
[2017-12-21 16:55:35.077] [WARN] access - GET /api/user/userInfo
[2017-12-21 16:55:35.090] [INFO] access - GET /api/act/tpl/24
[2017-12-21 16:55:40.088] [INFO] access - POST /api/act/upload
[2017-12-21 16:57:13.496] [WARN] access - GET /api/menu/listsTree
[2017-12-21 16:57:13.505] [WARN] access - GET /api/user/userInfo
[2017-12-21 16:57:13.517] [INFO] access - GET /api/act/tpl/24
[2017-12-21 16:57:18.662] [INFO] access - POST /api/act/upload
[2017-12-21 16:58:37.308] [INFO] access - POST /api/act/upload
[2017-12-21 16:59:29.345] [WARN] access - GET /api/menu/listsTree
[2017-12-21 16:59:29.379] [WARN] access - GET /api/user/userInfo
[2017-12-21 16:59:29.390] [INFO] access - GET /api/act/tpl/24
[2017-12-21 16:59:33.705] [INFO] access - POST /api/act/upload
[2017-12-21 17:00:09.988] [INFO] access - POST /api/act/upload
[2017-12-21 17:06:01.527] [WARN] access - GET /api/menu/listsTree
[2017-12-21 17:06:01.538] [WARN] access - GET /api/user/userInfo
[2017-12-21 17:06:01.549] [INFO] access - GET /api/act/tpl/24
[2017-12-21 17:10:16.414] [INFO] access - GET /api/act/tpl/24
[2017-12-21 17:10:51.847] [INFO] access - GET /api/act/tpl/24
[2017-12-21 17:11:47.258] [WARN] access - GET /api/menu/listsTree
[2017-12-21 17:11:47.263] [WARN] access - GET /api/user/userInfo
[2017-12-21 17:11:47.269] [INFO] access - GET /api/act/tpl/24
[2017-12-21 17:12:59.916] [WARN] access - GET /api/menu/listsTree
[2017-12-21 17:12:59.924] [WARN] access - GET /api/user/userInfo
[2017-12-21 17:12:59.930] [INFO] access - GET /api/act/tpl/24
[2017-12-21 17:15:07.528] [WARN] access - GET /api/menu/listsTree
[2017-12-21 17:15:07.536] [WARN] access - GET /api/user/userInfo
[2017-12-21 17:15:07.542] [INFO] access - GET /api/act/tpl/24
[2017-12-21 17:16:11.400] [WARN] access - GET /api/menu/listsTree
[2017-12-21 17:16:11.412] [WARN] access - GET /api/user/userInfo
[2017-12-21 17:16:11.419] [INFO] access - GET /api/act/tpl/24
[2017-12-21 17:18:10.246] [WARN] access - GET /api/menu/listsTree
[2017-12-21 17:18:10.257] [WARN] access - GET /api/user/userInfo
[2017-12-21 17:18:10.264] [INFO] access - GET /api/act/tpl/24
[2017-12-21 17:22:29.155] [INFO] access - POST /api/act/upload
[2017-12-21 17:34:57.738] [WARN] access - GET /api/menu/listsTree
[2017-12-21 17:34:57.749] [WARN] access - GET /api/user/userInfo
[2017-12-21 17:34:57.754] [INFO] access - GET /api/act/tpl/24
[2017-12-21 17:36:05.844] [WARN] access - GET /api/menu/listsTree
[2017-12-21 17:36:05.863] [WARN] access - GET /api/user/userInfo
[2017-12-21 17:36:05.891] [INFO] access - GET /api/act/tpl/24
[2017-12-21 17:42:36.474] [WARN] access - GET /api/menu/listsTree
[2017-12-21 17:42:36.482] [WARN] access - GET /api/user/userInfo
[2017-12-21 17:42:36.487] [INFO] access - GET /api/act/tpl/24
[2017-12-21 17:43:09.970] [WARN] access - GET /api/menu/listsTree
[2017-12-21 17:43:09.992] [WARN] access - GET /api/user/userInfo
[2017-12-21 17:43:10.022] [INFO] access - GET /api/act/tpl/24
[2017-12-21 17:43:53.902] [WARN] access - GET /api/menu/listsTree
[2017-12-21 17:43:53.923] [WARN] access - GET /api/user/userInfo
[2017-12-21 17:43:53.940] [INFO] access - GET /api/act/tpl/24
[2017-12-21 17:44:15.195] [WARN] access - GET /api/menu/listsTree
[2017-12-21 17:44:15.207] [WARN] access - GET /api/user/userInfo
[2017-12-21 17:44:15.217] [INFO] access - GET /api/act/tpl/24
[2017-12-21 17:44:45.640] [WARN] access - GET /api/menu/listsTree
[2017-12-21 17:44:45.645] [WARN] access - GET /api/user/userInfo
[2017-12-21 17:44:45.683] [INFO] access - GET /api/act/tpl/24
[2017-12-21 17:44:55.395] [WARN] access - GET /api/menu/listsTree
[2017-12-21 17:44:55.419] [WARN] access - GET /api/user/userInfo
[2017-12-21 17:44:55.429] [INFO] access - GET /api/act/tpl/24
[2017-12-21 17:45:31.985] [WARN] access - GET /api/menu/listsTree
[2017-12-21 17:45:32.005] [WARN] access - GET /api/user/userInfo
[2017-12-21 17:45:32.017] [INFO] access - GET /api/act/tpl/24
[2017-12-21 17:47:27.096] [WARN] access - GET /api/menu/listsTree
[2017-12-21 17:47:27.104] [WARN] access - GET /api/user/userInfo
[2017-12-21 17:47:27.110] [INFO] access - GET /api/act/tpl/24
[2017-12-21 18:21:23.091] [WARN] access - GET /api/menu/listsTree
[2017-12-21 18:21:23.103] [WARN] access - GET /api/user/userInfo
[2017-12-21 18:21:23.111] [INFO] access - GET /api/act/tpl/24
[2017-12-21 18:22:50.768] [WARN] access - GET /api/menu/listsTree
[2017-12-21 18:22:50.779] [WARN] access - GET /api/user/userInfo
[2017-12-21 18:22:50.797] [INFO] access - GET /api/act/tpl/24
[2017-12-21 18:23:32.754] [WARN] access - GET /api/menu/listsTree
[2017-12-21 18:23:32.770] [WARN] access - GET /api/user/userInfo
[2017-12-21 18:23:32.779] [INFO] access - GET /api/act/tpl/24
[2017-12-21 18:24:11.857] [WARN] access - GET /api/menu/listsTree
[2017-12-21 18:24:11.915] [WARN] access - GET /api/user/userInfo
[2017-12-21 18:24:11.939] [INFO] access - GET /api/act/tpl/24
[2017-12-21 18:24:13.612] [WARN] access - GET /api/menu/listsTree
[2017-12-21 18:24:13.679] [WARN] access - GET /api/user/userInfo
[2017-12-21 18:24:13.704] [INFO] access - GET /api/act/tpl/24
[2017-12-21 18:26:06.289] [WARN] access - GET /api/menu/listsTree
[2017-12-21 18:26:06.302] [WARN] access - GET /api/user/userInfo
[2017-12-21 18:26:06.310] [INFO] access - GET /api/act/tpl/24
[2017-12-21 18:27:22.028] [WARN] access - GET /api/menu/listsTree
[2017-12-21 18:27:22.051] [WARN] access - GET /api/user/userInfo
[2017-12-21 18:27:22.064] [INFO] access - GET /api/act/tpl/24
[2017-12-21 18:27:30.051] [INFO] access - GET /api/act/tpl/24
[2017-12-21 18:34:30.195] [INFO] access - GET /api/act/tpl/24
[2017-12-21 18:36:40.739] [WARN] access - GET /api/menu/listsTree
[2017-12-21 18:36:40.748] [WARN] access - GET /api/user/userInfo
[2017-12-21 18:36:40.756] [INFO] access - GET /api/act/tpl/24
[2017-12-21 18:37:20.113] [WARN] access - GET /api/menu/listsTree
[2017-12-21 18:37:20.125] [WARN] access - GET /api/user/userInfo
[2017-12-21 18:37:20.155] [INFO] access - GET /api/act/tpl/24
[2017-12-21 18:37:26.327] [WARN] access - GET /api/menu/listsTree
[2017-12-21 18:37:26.334] [WARN] access - GET /api/user/userInfo
[2017-12-21 18:37:26.357] [INFO] access - GET /api/act/tpl/24
[2017-12-21 18:39:45.150] [WARN] access - GET /api/menu/listsTree
[2017-12-21 18:39:45.155] [WARN] access - GET /api/user/userInfo
[2017-12-21 18:39:45.162] [INFO] access - GET /api/act/tpl/24
[2017-12-21 18:40:42.108] [WARN] access - GET /api/menu/listsTree
[2017-12-21 18:40:42.116] [WARN] access - GET /api/user/userInfo
[2017-12-21 18:40:42.122] [INFO] access - GET /api/act/tpl/24
[2017-12-21 18:41:23.293] [WARN] access - GET /api/menu/listsTree
[2017-12-21 18:41:23.303] [WARN] access - GET /api/user/userInfo
[2017-12-21 18:41:23.340] [INFO] access - GET /api/act/tpl/24
[2017-12-21 18:42:14.021] [WARN] access - GET /api/menu/listsTree
[2017-12-21 18:42:14.034] [WARN] access - GET /api/user/userInfo
[2017-12-21 18:42:14.053] [INFO] access - GET /api/act/tpl/24
[2017-12-21 18:49:32.345] [INFO] access - GET /api/act/tpl/24
[2017-12-21 18:50:09.972] [INFO] access - GET /api/act/tpl/24
[2017-12-21 18:50:18.471] [INFO] access - GET /api/act/tpl/24
[2017-12-21 18:50:47.124] [INFO] access - GET /api/act/tpl/24
[2017-12-21 18:51:18.133] [INFO] access - GET /api/act/tpl/24
[2017-12-21 18:52:56.361] [INFO] access - GET /api/act/tpl/24
[2017-12-21 18:53:32.121] [INFO] access - GET /api/act/tpl/24
[2017-12-21 18:53:54.877] [WARN] access - GET /api/menu/listsTree
[2017-12-21 18:53:54.894] [WARN] access - GET /api/user/userInfo
[2017-12-21 18:53:54.899] [INFO] access - GET /api/act/tpl/24
[2017-12-21 18:58:02.396] [WARN] access - GET /api/menu/listsTree
[2017-12-21 18:58:02.405] [WARN] access - GET /api/user/userInfo
[2017-12-21 18:58:02.438] [INFO] access - GET /api/act/tpl/24
[2017-12-21 18:58:41.111] [INFO] access - GET /api/act/tpl/24
[2017-12-21 18:58:52.743] [WARN] access - GET /api/menu/listsTree
[2017-12-21 18:58:52.754] [WARN] access - GET /api/user/userInfo
[2017-12-21 18:58:52.762] [INFO] access - GET /api/act/tpl/24
[2017-12-21 18:59:24.260] [WARN] access - GET /api/menu/listsTree
[2017-12-21 18:59:24.272] [WARN] access - GET /api/user/userInfo
[2017-12-21 18:59:24.280] [INFO] access - GET /api/act/tpl/24
[2017-12-21 18:59:53.002] [WARN] access - GET /api/menu/listsTree
[2017-12-21 18:59:53.009] [WARN] access - GET /api/user/userInfo
[2017-12-21 18:59:53.014] [INFO] access - GET /api/act/tpl/24
[2017-12-21 19:04:07.148] [WARN] access - GET /api/menu/listsTree
[2017-12-21 19:04:07.155] [WARN] access - GET /api/user/userInfo
[2017-12-21 19:04:07.160] [INFO] access - GET /api/act/tpl/24
[2017-12-21 19:09:25.882] [WARN] access - GET /api/menu/listsTree
[2017-12-21 19:09:25.891] [WARN] access - GET /api/user/userInfo
[2017-12-21 19:09:25.929] [INFO] access - GET /api/act/tpl/24
[2017-12-21 19:12:04.647] [WARN] access - GET /api/menu/listsTree
[2017-12-21 19:12:04.660] [WARN] access - GET /api/user/userInfo
[2017-12-21 19:12:04.666] [INFO] access - GET /api/act/tpl/24
[2017-12-21 19:12:38.003] [WARN] access - GET /api/menu/listsTree
[2017-12-21 19:12:38.023] [WARN] access - GET /api/user/userInfo
[2017-12-21 19:12:38.033] [INFO] access - GET /api/act/tpl/24
[2017-12-21 19:13:28.004] [INFO] access - GET /api/act/tpl/24
[2017-12-21 19:13:32.082] [WARN] access - GET /api/menu/listsTree
[2017-12-21 19:13:32.094] [WARN] access - GET /api/user/userInfo
[2017-12-21 19:13:32.099] [INFO] access - GET /api/act/tpl/24
[2017-12-21 19:14:50.235] [INFO] access - GET /api/act/tpl/24
[2017-12-21 19:14:52.036] [WARN] access - GET /api/menu/listsTree
[2017-12-21 19:14:52.049] [WARN] access - GET /api/user/userInfo
[2017-12-21 19:14:52.057] [INFO] access - GET /api/act/tpl/24
[2017-12-21 19:16:06.539] [WARN] access - GET /api/menu/listsTree
[2017-12-21 19:16:06.556] [WARN] access - GET /api/user/userInfo
[2017-12-21 19:16:06.566] [INFO] access - GET /api/act/tpl/24
[2017-12-21 19:20:55.045] [WARN] access - GET /api/menu/listsTree
[2017-12-21 19:20:55.089] [WARN] access - GET /api/user/userInfo
[2017-12-21 19:20:55.094] [INFO] access - GET /api/act/tpl/24
[2017-12-21 19:30:29.822] [WARN] access - GET /api/menu/listsTree
[2017-12-21 19:30:29.839] [WARN] access - GET /api/user/userInfo
[2017-12-21 19:30:29.848] [INFO] access - GET /api/act/tpl/24
[2017-12-21 19:31:54.790] [WARN] access - GET /api/menu/listsTree
[2017-12-21 19:31:54.800] [WARN] access - GET /api/user/userInfo
[2017-12-21 19:31:54.812] [INFO] access - GET /api/act/tpl/24
[2017-12-21 19:36:35.490] [WARN] access - GET /api/menu/listsTree
[2017-12-21 19:36:35.512] [WARN] access - GET /api/user/userInfo
[2017-12-21 19:36:35.537] [INFO] access - GET /api/act/tpl/24
[2017-12-21 19:37:26.939] [INFO] access - GET /api/act/tpl/24
[2017-12-21 19:37:28.325] [WARN] access - GET /api/menu/listsTree
[2017-12-21 19:37:28.343] [WARN] access - GET /api/user/userInfo
[2017-12-21 19:37:28.351] [INFO] access - GET /api/act/tpl/24
