[2018-05-16 13:50:50.601] [WARN] access - GET /api/user/userInfo
[2018-05-16 13:50:50.642] [WARN] access - GET /api/menu/listsTree
[2018-05-16 13:50:50.653] [WARN] access - GET /api/act/config/lists
[2018-05-16 13:50:50.659] [INFO] access - GET /api/act/115
[2018-05-16 13:50:50.758] [WARN] access - GET /temp/20180514170550/1526289068692.png
[2018-05-16 13:50:50.838] [WARN] access - GET /temp/20180515105059/1526352773291.png
[2018-05-16 13:50:50.843] [WARN] access - GET /temp/20180515105059/1526352793642.png
[2018-05-16 13:50:50.849] [WARN] access - GET /temp/20180515105059/1526352789478.png
[2018-05-16 13:50:50.855] [WARN] access - GET /temp/20180515105059/1526352769372.png
[2018-05-16 13:50:50.882] [WARN] access - GET /temp/20180515105059/1526352739901.png
[2018-05-16 13:50:50.898] [WARN] access - GET /temp/20180514170550/1526288762847.png
[2018-05-16 13:50:50.903] [WARN] access - GET /temp/20180514170550/1526288795243.png
[2018-05-16 13:50:50.911] [WARN] access - GET /temp/20180515105059/1526352762937.png
[2018-05-16 13:51:18.372] [WARN] access - GET /api/menu/listsTree
[2018-05-16 13:51:18.377] [WARN] access - GET /api/user/userInfo
[2018-05-16 13:51:18.384] [INFO] access - GET /api/act/115
[2018-05-16 13:51:18.389] [WARN] access - GET /api/act/config/lists
[2018-05-16 13:51:18.526] [WARN] access - GET /temp/20180514170550/1526289068692.png
[2018-05-16 13:51:18.611] [WARN] access - GET /temp/20180515105059/1526352793642.png
[2018-05-16 13:51:18.616] [WARN] access - GET /temp/20180515105059/1526352789478.png
[2018-05-16 13:51:18.621] [WARN] access - GET /temp/20180515105059/1526352773291.png
[2018-05-16 13:51:18.627] [WARN] access - GET /temp/20180515105059/1526352769372.png
[2018-05-16 13:51:18.652] [WARN] access - GET /temp/20180515105059/1526352762937.png
[2018-05-16 13:51:18.658] [WARN] access - GET /temp/20180515105059/1526352739901.png
[2018-05-16 13:51:18.662] [WARN] access - GET /temp/20180514170550/1526288762847.png
[2018-05-16 13:51:18.667] [WARN] access - GET /temp/20180514170550/1526288795243.png
[2018-05-16 14:04:29.144] [WARN] access - GET /api/menu/listsTree
[2018-05-16 14:04:29.166] [WARN] access - GET /api/user/userInfo
[2018-05-16 14:04:29.178] [INFO] access - GET /api/act/115
[2018-05-16 14:04:29.183] [WARN] access - GET /api/act/config/lists
[2018-05-16 14:04:29.372] [WARN] access - GET /temp/20180514170550/1526289068692.png
[2018-05-16 14:04:29.538] [WARN] access - GET /temp/20180515105059/1526352793642.png
[2018-05-16 14:04:29.543] [WARN] access - GET /temp/20180515105059/1526352789478.png
[2018-05-16 14:04:29.548] [WARN] access - GET /temp/20180515105059/1526352773291.png
[2018-05-16 14:04:29.554] [WARN] access - GET /temp/20180515105059/1526352769372.png
[2018-05-16 14:04:29.568] [WARN] access - GET /temp/20180515105059/1526352739901.png
[2018-05-16 14:04:29.573] [WARN] access - GET /temp/20180515105059/1526352762937.png
[2018-05-16 14:04:29.588] [WARN] access - GET /temp/20180514170550/1526288762847.png
[2018-05-16 14:04:29.592] [WARN] access - GET /temp/20180514170550/1526288795243.png
[2018-05-16 14:11:48.752] [INFO] access - GET /api/config/lists?keys=&pageSize=15&pageIndex=1
[2018-05-16 14:34:48.456] [WARN] access - GET /api/act/tpl/lists
[2018-05-16 14:34:48.530] [ERROR] access - GET /images/act_tpl_image/1524735070034.png
[2018-05-16 14:34:48.538] [ERROR] access - GET /images/act_tpl_image/1520488106123.png
[2018-05-16 14:34:48.543] [WARN] access - GET /images/act_tpl_image/1526280829890.jpeg
[2018-05-16 14:34:48.547] [WARN] access - GET /images/act_tpl_image/1525680727077.png
[2018-05-16 14:34:53.605] [WARN] access - GET /api/act/lists?keys=&pageSize=15&pageIndex=1
[2018-05-16 14:34:55.291] [WARN] access - GET /api/act/config/lists
[2018-05-16 14:34:55.298] [INFO] access - GET /api/act/115
[2018-05-16 14:46:47.624] [WARN] access - GET /temp/20180514170550/1526289068692.png
[2018-05-16 14:46:47.702] [WARN] access - GET /temp/20180514170550/1526288762847.png
[2018-05-16 14:46:47.708] [WARN] access - GET /temp/20180515105059/1526352793642.png
[2018-05-16 14:46:47.715] [WARN] access - GET /temp/20180515105059/1526352789478.png
[2018-05-16 14:46:47.721] [WARN] access - GET /temp/20180515105059/1526352769372.png
[2018-05-16 14:46:47.732] [WARN] access - GET /temp/20180515105059/1526352762937.png
[2018-05-16 14:46:47.742] [WARN] access - GET /temp/20180515105059/1526352773291.png
[2018-05-16 14:46:47.756] [WARN] access - GET /temp/20180514170550/1526288795243.png
[2018-05-16 14:46:47.760] [WARN] access - GET /temp/20180515105059/1526352739901.png
[2018-05-16 14:47:08.087] [WARN] access - GET /temp/20180514170550/1526289068692.png
[2018-05-16 14:47:08.099] [WARN] access - GET /temp/20180514170550/1526288762847.png
[2018-05-16 14:47:08.186] [WARN] access - GET /temp/20180515105059/1526352793642.png
[2018-05-16 14:47:08.192] [WARN] access - GET /temp/20180515105059/1526352789478.png
[2018-05-16 14:47:08.197] [WARN] access - GET /temp/20180515105059/1526352762937.png
[2018-05-16 14:47:08.203] [WARN] access - GET /temp/20180515105059/1526352773291.png
[2018-05-16 14:47:08.212] [WARN] access - GET /temp/20180515105059/1526352769372.png
[2018-05-16 14:47:08.223] [WARN] access - GET /temp/20180514170550/1526288795243.png
[2018-05-16 14:47:08.227] [WARN] access - GET /temp/20180515105059/1526352739901.png
[2018-05-16 14:47:09.046] [WARN] access - GET /temp/20180514170550/1526289068692.png
[2018-05-16 14:47:09.097] [WARN] access - GET /temp/20180514170550/1526288762847.png
[2018-05-16 14:47:09.111] [WARN] access - GET /temp/20180515105059/1526352793642.png
[2018-05-16 14:47:09.116] [WARN] access - GET /temp/20180515105059/1526352789478.png
[2018-05-16 14:47:09.121] [WARN] access - GET /temp/20180514170550/1526288795243.png
[2018-05-16 14:47:09.127] [WARN] access - GET /temp/20180515105059/1526352739901.png
[2018-05-16 14:47:09.135] [WARN] access - GET /temp/20180515105059/1526352769372.png
[2018-05-16 14:47:09.143] [WARN] access - GET /temp/20180515105059/1526352762937.png
[2018-05-16 14:47:09.148] [WARN] access - GET /temp/20180515105059/1526352773291.png
[2018-05-16 14:47:10.308] [WARN] access - GET /temp/20180514170550/1526289068692.png
[2018-05-16 14:47:10.313] [WARN] access - GET /temp/20180514170550/1526288762847.png
[2018-05-16 14:47:10.337] [WARN] access - GET /temp/20180515105059/1526352793642.png
[2018-05-16 14:47:10.347] [WARN] access - GET /temp/20180515105059/1526352789478.png
[2018-05-16 14:47:10.352] [WARN] access - GET /temp/20180514170550/1526288795243.png
[2018-05-16 14:47:10.358] [WARN] access - GET /temp/20180515105059/1526352739901.png
[2018-05-16 14:47:10.369] [WARN] access - GET /temp/20180515105059/1526352769372.png
[2018-05-16 14:47:10.375] [WARN] access - GET /temp/20180515105059/1526352762937.png
[2018-05-16 14:47:10.382] [WARN] access - GET /temp/20180515105059/1526352773291.png
[2018-05-16 14:48:37.119] [WARN] access - GET /temp/20180514170550/1526289068692.png
[2018-05-16 14:48:37.154] [WARN] access - GET /temp/20180514170550/1526288762847.png
[2018-05-16 14:48:37.159] [WARN] access - GET /temp/20180515105059/1526352793642.png
[2018-05-16 14:48:37.165] [WARN] access - GET /temp/20180515105059/1526352789478.png
[2018-05-16 14:48:37.172] [WARN] access - GET /temp/20180515105059/1526352762937.png
[2018-05-16 14:48:37.202] [WARN] access - GET /temp/20180515105059/1526352739901.png
[2018-05-16 14:48:37.207] [WARN] access - GET /temp/20180515105059/1526352773291.png
[2018-05-16 14:48:37.212] [WARN] access - GET /temp/20180515105059/1526352769372.png
[2018-05-16 14:48:37.217] [WARN] access - GET /temp/20180514170550/1526288795243.png
[2018-05-16 14:49:19.232] [WARN] access - GET /temp/20180514170550/1526289068692.png
[2018-05-16 14:49:19.268] [WARN] access - GET /temp/20180514170550/1526288762847.png
[2018-05-16 14:49:19.294] [WARN] access - GET /temp/20180515105059/1526352793642.png
[2018-05-16 14:49:19.299] [WARN] access - GET /temp/20180514170550/1526288795243.png
[2018-05-16 14:49:19.306] [WARN] access - GET /temp/20180515105059/1526352789478.png
[2018-05-16 14:49:19.312] [WARN] access - GET /temp/20180515105059/1526352773291.png
[2018-05-16 14:49:19.317] [WARN] access - GET /temp/20180515105059/1526352769372.png
[2018-05-16 14:49:19.333] [WARN] access - GET /temp/20180515105059/1526352762937.png
[2018-05-16 14:49:19.338] [WARN] access - GET /temp/20180515105059/1526352739901.png
[2018-05-16 14:49:52.531] [WARN] access - GET /api/menu/listsTree
[2018-05-16 14:49:52.556] [WARN] access - GET /api/user/userInfo
[2018-05-16 14:49:52.571] [INFO] access - GET /api/act/115
[2018-05-16 14:49:52.590] [WARN] access - GET /api/act/config/lists
[2018-05-16 14:49:52.753] [WARN] access - GET /temp/20180514170550/1526289068692.png
[2018-05-16 14:49:52.847] [WARN] access - GET /temp/20180515105059/1526352789478.png
[2018-05-16 14:49:52.852] [WARN] access - GET /temp/20180515105059/1526352793642.png
[2018-05-16 14:49:52.858] [WARN] access - GET /temp/20180515105059/1526352773291.png
[2018-05-16 14:49:52.863] [WARN] access - GET /temp/20180515105059/1526352769372.png
[2018-05-16 14:49:52.896] [WARN] access - GET /temp/20180515105059/1526352762937.png
[2018-05-16 14:49:52.901] [WARN] access - GET /temp/20180515105059/1526352739901.png
[2018-05-16 14:49:52.905] [WARN] access - GET /temp/20180514170550/1526288762847.png
[2018-05-16 14:49:52.909] [WARN] access - GET /temp/20180514170550/1526288795243.png
[2018-05-16 14:49:55.807] [WARN] access - GET /api/menu/listsTree
[2018-05-16 14:49:55.812] [WARN] access - GET /api/user/userInfo
[2018-05-16 14:49:55.817] [INFO] access - GET /api/act/115
[2018-05-16 14:49:55.823] [WARN] access - GET /api/act/config/lists
[2018-05-16 14:49:55.925] [WARN] access - GET /temp/20180514170550/1526289068692.png
[2018-05-16 14:49:56.014] [WARN] access - GET /temp/20180515105059/1526352789478.png
[2018-05-16 14:49:56.018] [WARN] access - GET /temp/20180515105059/1526352793642.png
[2018-05-16 14:49:56.026] [WARN] access - GET /temp/20180515105059/1526352773291.png
[2018-05-16 14:49:56.031] [WARN] access - GET /temp/20180515105059/1526352769372.png
[2018-05-16 14:49:56.051] [WARN] access - GET /temp/20180515105059/1526352762937.png
[2018-05-16 14:49:56.055] [WARN] access - GET /temp/20180515105059/1526352739901.png
[2018-05-16 14:49:56.060] [WARN] access - GET /temp/20180514170550/1526288762847.png
[2018-05-16 14:49:56.065] [WARN] access - GET /temp/20180514170550/1526288795243.png
[2018-05-16 14:53:22.343] [WARN] access - GET /api/menu/listsTree
[2018-05-16 14:53:22.360] [WARN] access - GET /api/user/userInfo
[2018-05-16 14:53:22.364] [INFO] access - GET /api/act/115
[2018-05-16 14:53:22.368] [WARN] access - GET /api/act/config/lists
[2018-05-16 14:53:22.486] [WARN] access - GET /temp/20180514170550/1526289068692.png
[2018-05-16 14:53:22.569] [WARN] access - GET /temp/20180515105059/1526352793642.png
[2018-05-16 14:53:22.574] [WARN] access - GET /temp/20180515105059/1526352789478.png
[2018-05-16 14:53:22.580] [WARN] access - GET /temp/20180515105059/1526352773291.png
[2018-05-16 14:53:22.585] [WARN] access - GET /temp/20180515105059/1526352769372.png
[2018-05-16 14:53:22.610] [WARN] access - GET /temp/20180515105059/1526352762937.png
[2018-05-16 14:53:22.615] [WARN] access - GET /temp/20180515105059/1526352739901.png
[2018-05-16 14:53:22.621] [WARN] access - GET /temp/20180514170550/1526288762847.png
[2018-05-16 14:53:22.625] [WARN] access - GET /temp/20180514170550/1526288795243.png
[2018-05-16 15:21:15.931] [WARN] access - GET /api/menu/listsTree
[2018-05-16 15:21:15.946] [WARN] access - GET /api/user/userInfo
[2018-05-16 15:21:15.958] [INFO] access - GET /api/act/115
[2018-05-16 15:21:15.964] [WARN] access - GET /api/act/config/lists
[2018-05-16 15:21:16.115] [WARN] access - GET /temp/20180514170550/1526289068692.png
[2018-05-16 15:21:16.210] [WARN] access - GET /temp/20180515105059/1526352793642.png
[2018-05-16 15:21:16.216] [WARN] access - GET /temp/20180515105059/1526352789478.png
[2018-05-16 15:21:16.235] [WARN] access - GET /temp/20180515105059/1526352773291.png
[2018-05-16 15:21:16.243] [WARN] access - GET /temp/20180515105059/1526352769372.png
[2018-05-16 15:21:16.274] [WARN] access - GET /temp/20180515105059/1526352739901.png
[2018-05-16 15:21:16.294] [WARN] access - GET /temp/20180514170550/1526288762847.png
[2018-05-16 15:21:16.303] [WARN] access - GET /temp/20180514170550/1526288795243.png
[2018-05-16 15:21:16.307] [WARN] access - GET /temp/20180515105059/1526352762937.png
[2018-05-16 15:48:09.940] [WARN] access - GET /api/menu/listsTree
[2018-05-16 15:48:09.961] [WARN] access - GET /api/user/userInfo
[2018-05-16 15:48:09.967] [INFO] access - GET /api/act/115
[2018-05-16 15:48:09.982] [WARN] access - GET /api/act/config/lists
[2018-05-16 15:48:10.102] [WARN] access - GET /temp/20180514170550/1526289068692.png
[2018-05-16 15:48:10.195] [WARN] access - GET /temp/20180515105059/1526352793642.png
[2018-05-16 15:48:10.201] [WARN] access - GET /temp/20180515105059/1526352789478.png
[2018-05-16 15:48:10.205] [WARN] access - GET /temp/20180515105059/1526352769372.png
[2018-05-16 15:48:10.210] [WARN] access - GET /temp/20180515105059/1526352773291.png
[2018-05-16 15:48:10.227] [WARN] access - GET /temp/20180515105059/1526352739901.png
[2018-05-16 15:48:10.254] [WARN] access - GET /temp/20180514170550/1526288762847.png
[2018-05-16 15:48:10.259] [WARN] access - GET /temp/20180514170550/1526288795243.png
[2018-05-16 15:48:10.288] [WARN] access - GET /temp/20180515105059/1526352762937.png
[2018-05-16 16:04:50.175] [WARN] access - GET /api/menu/listsTree
[2018-05-16 16:04:50.207] [WARN] access - GET /api/user/userInfo
[2018-05-16 16:04:50.255] [INFO] access - GET /api/act/115
[2018-05-16 16:04:50.279] [WARN] access - GET /api/act/config/lists
[2018-05-16 16:04:50.454] [WARN] access - GET /temp/20180514170550/1526289068692.png
[2018-05-16 16:04:50.543] [WARN] access - GET /temp/20180515105059/1526352793642.png
[2018-05-16 16:04:50.556] [WARN] access - GET /temp/20180515105059/1526352789478.png
[2018-05-16 16:04:50.561] [WARN] access - GET /temp/20180515105059/1526352773291.png
[2018-05-16 16:04:50.567] [WARN] access - GET /temp/20180515105059/1526352769372.png
[2018-05-16 16:04:50.587] [WARN] access - GET /temp/20180515105059/1526352762937.png
[2018-05-16 16:04:50.595] [WARN] access - GET /temp/20180515105059/1526352739901.png
[2018-05-16 16:04:50.601] [WARN] access - GET /temp/20180514170550/1526288762847.png
[2018-05-16 16:04:50.606] [WARN] access - GET /temp/20180514170550/1526288795243.png
[2018-05-16 16:05:21.444] [INFO] access - POST /api/act/upload
[2018-05-16 16:05:26.919] [INFO] access - POST /api/act/upload
[2018-05-16 16:05:42.324] [WARN] access - GET /api/act/tpl/lists
[2018-05-16 16:05:42.431] [WARN] access - GET /images/act_tpl_image/1526280829890.jpeg
[2018-05-16 16:05:42.435] [WARN] access - GET /images/act_tpl_image/1525680727077.png
[2018-05-16 16:05:42.441] [ERROR] access - GET /images/act_tpl_image/1524735070034.png
[2018-05-16 16:05:42.446] [ERROR] access - GET /images/act_tpl_image/1520488106123.png
[2018-05-16 16:05:43.881] [INFO] access - GET /api/act/tpl/55
[2018-05-16 16:05:43.886] [WARN] access - GET /api/act/config/lists
