[2018-04-11 11:15:15.653] [WARN] access - GET /api/act/tpl/lists
[2018-04-11 11:15:15.698] [WARN] access - GET /images/act_tpl_image/1520574967573.jpg
[2018-04-11 11:15:15.703] [WARN] access - GET /images/act_tpl_image/1520488106123.png
[2018-04-11 11:15:17.656] [WARN] access - GET /api/act/config/lists
[2018-04-11 11:15:17.662] [INFO] access - GET /api/act/tpl/53
[2018-04-11 11:26:05.675] [WARN] access - GET /api/act/lists?keys=&pageSize=15&pageIndex=1
[2018-04-11 11:26:13.687] [INFO] access - DELETE /api/act/103
[2018-04-11 11:26:13.723] [INFO] access - GET /api/act/lists?keys=&pageSize=15&pageIndex=1
[2018-04-11 11:26:17.129] [INFO] access - DELETE /api/act/101
[2018-04-11 11:26:17.165] [INFO] access - GET /api/act/lists?keys=&pageSize=15&pageIndex=1
[2018-04-11 11:26:23.957] [INFO] access - PUT /api/act/100
[2018-04-11 11:26:23.996] [INFO] access - GET /api/act/lists?keys=&pageSize=15&pageIndex=1
[2018-04-11 11:26:26.691] [INFO] access - DELETE /api/act/100
[2018-04-11 11:26:26.747] [INFO] access - GET /api/act/lists?keys=&pageSize=15&pageIndex=1
[2018-04-11 11:26:29.851] [INFO] access - PUT /api/act/98
[2018-04-11 11:26:29.896] [INFO] access - GET /api/act/lists?keys=&pageSize=15&pageIndex=1
[2018-04-11 11:26:33.158] [INFO] access - DELETE /api/act/98
[2018-04-11 11:26:33.191] [INFO] access - GET /api/act/lists?keys=&pageSize=15&pageIndex=1
[2018-04-11 11:26:35.905] [INFO] access - PUT /api/act/97
[2018-04-11 11:26:35.937] [INFO] access - GET /api/act/lists?keys=&pageSize=15&pageIndex=1
[2018-04-11 11:26:38.326] [INFO] access - DELETE /api/act/97
[2018-04-11 11:26:38.353] [INFO] access - GET /api/act/lists?keys=&pageSize=15&pageIndex=1
[2018-04-11 11:26:40.531] [INFO] access - PUT /api/act/95
[2018-04-11 11:26:40.558] [INFO] access - GET /api/act/lists?keys=&pageSize=15&pageIndex=1
[2018-04-11 11:26:43.161] [INFO] access - DELETE /api/act/95
[2018-04-11 11:26:43.189] [INFO] access - GET /api/act/lists?keys=&pageSize=15&pageIndex=1
[2018-04-11 11:26:45.034] [INFO] access - DELETE /api/act/94
[2018-04-11 11:26:45.061] [INFO] access - GET /api/act/lists?keys=&pageSize=15&pageIndex=1
[2018-04-11 11:26:47.322] [INFO] access - DELETE /api/act/92
[2018-04-11 11:26:47.343] [WARN] access - GET /api/act/lists?keys=&pageSize=15&pageIndex=1
[2018-04-11 11:26:50.450] [INFO] access - DELETE /api/act/92
[2018-04-11 11:26:50.472] [WARN] access - GET /api/act/lists?keys=&pageSize=15&pageIndex=1
[2018-04-11 11:26:58.795] [WARN] access - GET /api/menu/listsTree
[2018-04-11 11:26:58.800] [WARN] access - GET /api/user/userInfo
[2018-04-11 11:26:58.817] [WARN] access - GET /api/act/lists?keys=&pageSize=15&pageIndex=1
[2018-04-11 11:27:15.464] [INFO] access - DELETE /api/act/92
[2018-04-11 11:27:15.485] [WARN] access - GET /api/act/lists?keys=&pageSize=15&pageIndex=1
[2018-04-11 11:57:53.880] [INFO] access - DELETE /api/act/92
[2018-04-11 11:57:53.912] [INFO] access - GET /api/act/lists?keys=&pageSize=15&pageIndex=1
[2018-04-11 11:58:04.957] [WARN] access - GET /api/act/tpl/lists
[2018-04-11 11:58:04.997] [WARN] access - GET /images/act_tpl_image/1520574967573.jpg
[2018-04-11 11:58:05.001] [WARN] access - GET /images/act_tpl_image/1520488106123.png
[2018-04-11 11:58:07.220] [INFO] access - GET /api/act/tpl/54
[2018-04-11 11:58:07.224] [WARN] access - GET /api/act/config/lists
[2018-04-11 13:29:39.357] [INFO] access - POST /api/act/upload
[2018-04-11 13:29:48.141] [INFO] access - POST /api/act/upload
[2018-04-11 13:30:34.538] [INFO] access - POST /api/act/publish
[2018-04-11 13:30:34.835] [INFO] access - GET /api/act/lists?keys=&pageSize=15&pageIndex=1
[2018-04-11 13:30:48.645] [WARN] access - GET /api/act/config/lists?keys=
[2018-04-11 13:31:00.439] [WARN] access - GET /api/act/lists?keys=&pageSize=15&pageIndex=1
[2018-04-11 13:31:39.294] [WARN] access - GET /api/user/userInfo
[2018-04-11 13:31:39.299] [WARN] access - GET /api/menu/listsTree
[2018-04-11 13:31:39.321] [WARN] access - GET /api/act/lists?keys=&pageSize=15&pageIndex=1
[2018-04-11 13:33:44.487] [INFO] access - DELETE /api/act/104
[2018-04-11 13:33:44.520] [INFO] access - GET /api/act/lists?keys=&pageSize=15&pageIndex=1
[2018-04-11 13:33:51.321] [WARN] access - GET /api/act/tpl/lists
[2018-04-11 13:33:51.389] [WARN] access - GET /images/act_tpl_image/1520574967573.jpg
[2018-04-11 13:33:51.401] [WARN] access - GET /images/act_tpl_image/1520488106123.png
[2018-04-11 13:33:54.070] [INFO] access - GET /api/act/tpl/54
[2018-04-11 13:33:54.074] [WARN] access - GET /api/act/config/lists
[2018-04-11 13:34:10.605] [INFO] access - POST /api/act/upload
[2018-04-11 13:34:17.759] [INFO] access - POST /api/act/upload
[2018-04-11 13:34:39.851] [INFO] access - POST /api/act/publish
[2018-04-11 13:34:40.118] [INFO] access - GET /api/act/lists?keys=&pageSize=15&pageIndex=1
[2018-04-11 13:39:50.099] [INFO] access - GET /api/act/105
[2018-04-11 13:39:50.106] [WARN] access - GET /api/act/config/lists
[2018-04-11 13:39:57.336] [WARN] access - GET /api/act/lists?keys=&pageSize=15&pageIndex=1
[2018-04-11 13:40:00.359] [INFO] access - DELETE /api/act/105
[2018-04-11 13:40:00.383] [INFO] access - GET /api/act/lists?keys=&pageSize=15&pageIndex=1
[2018-04-11 13:40:02.290] [WARN] access - GET /api/act/tpl/lists
[2018-04-11 13:40:03.948] [INFO] access - GET /api/act/tpl/54
[2018-04-11 13:40:03.953] [WARN] access - GET /api/act/config/lists
[2018-04-11 13:40:23.468] [INFO] access - POST /api/act/upload
[2018-04-11 13:40:28.670] [INFO] access - POST /api/act/upload
[2018-04-11 13:40:37.458] [INFO] access - POST /api/act/publish
[2018-04-11 13:40:37.729] [INFO] access - GET /api/act/lists?keys=&pageSize=15&pageIndex=1
[2018-04-11 14:33:02.481] [INFO] access - GET /api/act/components/lists?keys=
[2018-04-11 14:36:05.539] [WARN] access - GET /api/menu/listsTree
[2018-04-11 14:36:05.545] [INFO] access - GET /api/menu/lists?keys=
[2018-04-11 14:36:05.572] [WARN] access - GET /api/menu/listsTree
[2018-04-11 14:36:16.924] [INFO] access - GET /api/rule/alllists
[2018-04-11 14:36:16.943] [INFO] access - GET /api/rule/lists?keys=
[2018-04-11 14:36:33.684] [WARN] access - GET /api/menu/lists?keys=
[2018-04-11 14:36:33.687] [WARN] access - GET /api/menu/listsTree
[2018-04-11 14:36:33.706] [WARN] access - GET /api/menu/listsTree
[2018-04-11 14:36:37.792] [WARN] access - GET /api/rule/alllists
[2018-04-11 14:36:37.801] [WARN] access - GET /api/rule/lists?keys=
[2018-04-11 14:36:56.153] [WARN] access - GET /api/contracts/lists?keys=
[2018-04-11 14:37:53.058] [INFO] access - POST /api/signout
[2018-04-11 14:38:10.495] [INFO] access - POST /api/signin
[2018-04-11 14:38:10.564] [WARN] access - GET /api/menu/listsTree
[2018-04-11 14:38:10.569] [WARN] access - GET /api/user/userInfo
[2018-04-11 14:38:22.011] [WARN] access - GET /api/act/lists?keys=&pageSize=15&pageIndex=1
[2018-04-11 14:38:29.373] [WARN] access - GET /api/act/tpl/lists
[2018-04-11 14:39:26.110] [WARN] access - GET /api/menu/listsTree
[2018-04-11 14:39:26.126] [WARN] access - GET /api/menu/lists?keys=
[2018-04-11 14:39:26.131] [WARN] access - GET /api/menu/listsTree
[2018-04-11 14:39:38.230] [WARN] access - GET /api/rule/alllists
[2018-04-11 14:39:38.237] [WARN] access - GET /api/rule/lists?keys=
[2018-04-11 14:39:48.663] [WARN] access - GET /api/roles/lists?keys=&pageIndex=1&pageSize=15
[2018-04-11 14:39:48.670] [WARN] access - GET /api/dep/treeList
[2018-04-11 14:39:52.302] [INFO] access - GET /api/rule/rulelists
[2018-04-11 14:39:52.309] [INFO] access - GET /api/roles/edit/1?id=1
[2018-04-11 14:40:24.147] [INFO] access - GET /api/dep/lists?keys=
[2018-04-11 14:40:24.151] [WARN] access - GET /api/dep/treeList
[2018-04-11 14:40:32.090] [INFO] access - POST /api/dep/add
[2018-04-11 14:40:32.131] [INFO] access - GET /api/dep/lists?keys=
[2018-04-11 14:40:32.141] [INFO] access - GET /api/dep/treeList
[2018-04-11 14:40:36.432] [WARN] access - GET /api/dep/treeList
[2018-04-11 14:40:36.436] [INFO] access - GET /api/user/lists?keys=&pageSize=15&pageIndex=1
[2018-04-11 14:40:39.471] [INFO] access - POST /api/roles/listsByDepId
[2018-04-11 14:40:40.819] [INFO] access - POST /api/roles/listsByDepId
[2018-04-11 14:40:44.663] [WARN] access - GET /api/dep/treeList
[2018-04-11 14:40:44.672] [WARN] access - GET /api/roles/lists?keys=&pageIndex=1&pageSize=15
[2018-04-11 16:11:50.506] [WARN] access - GET /api/menu/listsTree
[2018-04-11 16:11:50.521] [WARN] access - GET /api/user/userInfo
[2018-04-11 16:11:50.528] [WARN] access - GET /api/act/tpl/lists
[2018-04-11 16:11:50.601] [WARN] access - GET /images/act_tpl_image/1520574967573.jpg
[2018-04-11 16:11:50.605] [WARN] access - GET /images/act_tpl_image/1520488106123.png
[2018-04-11 16:12:00.875] [INFO] access - GET /api/act/tpl/54
[2018-04-11 16:12:00.883] [WARN] access - GET /api/act/config/lists
[2018-04-11 16:12:06.884] [INFO] access - POST /api/act/upload
[2018-04-11 16:12:12.499] [INFO] access - POST /api/act/upload
[2018-04-11 16:35:36.593] [WARN] access - GET /api/menu/listsTree
[2018-04-11 16:35:36.601] [WARN] access - GET /api/user/userInfo
[2018-04-11 16:35:36.605] [INFO] access - GET /api/act/tpl/54
[2018-04-11 16:35:36.609] [WARN] access - GET /api/act/config/lists
[2018-04-11 16:35:51.494] [INFO] access - POST /api/act/upload
[2018-04-11 16:35:57.379] [INFO] access - POST /api/act/upload
[2018-04-11 16:36:00.395] [INFO] access - POST /api/act/publish
[2018-04-11 16:36:00.709] [INFO] access - GET /api/act/lists?keys=&pageSize=15&pageIndex=1
[2018-04-11 16:36:12.521] [INFO] access - DELETE /api/act/106
[2018-04-11 16:36:12.553] [INFO] access - GET /api/act/lists?keys=&pageSize=15&pageIndex=1
[2018-04-11 16:36:14.777] [INFO] access - DELETE /api/act/107
[2018-04-11 16:36:14.806] [INFO] access - GET /api/act/lists?keys=&pageSize=15&pageIndex=1
[2018-04-11 16:36:33.025] [WARN] access - GET /api/act/tpl/lists
[2018-04-11 16:36:33.079] [WARN] access - GET /images/act_tpl_image/1520574967573.jpg
[2018-04-11 16:36:33.087] [WARN] access - GET /images/act_tpl_image/1520488106123.png
[2018-04-11 16:36:35.143] [INFO] access - GET /api/act/tpl/54
[2018-04-11 16:36:35.147] [WARN] access - GET /api/act/config/lists
[2018-04-11 16:36:42.197] [INFO] access - POST /api/act/upload
[2018-04-11 16:36:48.826] [INFO] access - POST /api/act/upload
[2018-04-11 16:36:58.852] [INFO] access - POST /api/act/publish
[2018-04-11 16:36:59.203] [INFO] access - GET /api/act/lists?keys=&pageSize=15&pageIndex=1
[2018-04-11 16:39:32.555] [INFO] access - GET /api/act/108
[2018-04-11 16:39:32.561] [WARN] access - GET /api/act/config/lists
[2018-04-11 16:41:04.515] [INFO] access - POST /api/act/publish
[2018-04-11 16:41:04.808] [INFO] access - GET /api/act/lists?keys=&pageSize=15&pageIndex=1
[2018-04-11 16:45:43.898] [WARN] access - GET /api/user/userInfo
[2018-04-11 16:45:43.911] [WARN] access - GET /api/menu/listsTree
[2018-04-11 16:45:43.916] [WARN] access - GET /api/act/lists?keys=&pageSize=15&pageIndex=1
[2018-04-11 16:46:19.786] [WARN] access - GET /api/act/lists?keys=&pageSize=15&pageIndex=1
[2018-04-11 16:46:29.681] [WARN] access - GET /api/act/lists?keys=&pageSize=15&pageIndex=1
[2018-04-11 16:47:07.522] [WARN] access - GET /api/menu/listsTree
[2018-04-11 16:47:07.527] [WARN] access - GET /api/user/userInfo
[2018-04-11 16:47:07.537] [WARN] access - GET /api/act/lists?keys=&pageSize=15&pageIndex=1
[2018-04-11 16:47:10.329] [WARN] access - GET /api/menu/listsTree
[2018-04-11 16:47:10.335] [WARN] access - GET /api/user/userInfo
[2018-04-11 16:47:10.351] [WARN] access - GET /api/act/lists?keys=&pageSize=15&pageIndex=1
[2018-04-11 16:47:22.540] [WARN] access - GET /api/menu/listsTree
[2018-04-11 16:47:22.545] [WARN] access - GET /api/user/userInfo
[2018-04-11 16:47:22.561] [WARN] access - GET /api/act/lists?keys=&pageSize=15&pageIndex=1
[2018-04-11 16:51:26.253] [WARN] access - GET /api/user/userInfo
[2018-04-11 16:51:26.269] [WARN] access - GET /api/menu/listsTree
[2018-04-11 16:51:26.286] [WARN] access - GET /api/act/lists?keys=&pageSize=15&pageIndex=1
[2018-04-11 16:52:50.970] [WARN] access - GET /api/menu/listsTree
[2018-04-11 16:52:50.985] [WARN] access - GET /api/user/userInfo
[2018-04-11 16:52:50.997] [WARN] access - GET /api/act/lists?keys=&pageSize=15&pageIndex=1
[2018-04-11 16:53:15.228] [WARN] access - GET /api/menu/listsTree
[2018-04-11 16:53:15.232] [WARN] access - GET /api/user/userInfo
[2018-04-11 16:53:15.238] [WARN] access - GET /api/act/lists?keys=&pageSize=15&pageIndex=1
[2018-04-11 16:53:35.884] [WARN] access - GET /api/menu/listsTree
[2018-04-11 16:53:35.897] [WARN] access - GET /api/user/userInfo
[2018-04-11 16:53:35.903] [WARN] access - GET /api/act/lists?keys=&pageSize=15&pageIndex=1
[2018-04-11 16:53:52.403] [WARN] access - GET /api/menu/listsTree
[2018-04-11 16:53:52.409] [WARN] access - GET /api/user/userInfo
[2018-04-11 16:53:52.422] [WARN] access - GET /api/act/lists?keys=&pageSize=15&pageIndex=1
[2018-04-11 16:54:12.898] [WARN] access - GET /api/menu/listsTree
[2018-04-11 16:54:12.904] [WARN] access - GET /api/user/userInfo
[2018-04-11 16:54:12.921] [WARN] access - GET /api/act/lists?keys=&pageSize=15&pageIndex=1
[2018-04-11 16:54:47.609] [WARN] access - GET /api/menu/listsTree
[2018-04-11 16:54:47.614] [WARN] access - GET /api/user/userInfo
[2018-04-11 16:54:47.630] [WARN] access - GET /api/act/lists?keys=&pageSize=15&pageIndex=1
[2018-04-11 16:54:57.419] [WARN] access - GET /api/act/tpl/lists
[2018-04-11 16:54:57.452] [WARN] access - GET /images/act_tpl_image/1520574967573.jpg
[2018-04-11 16:54:57.461] [WARN] access - GET /images/act_tpl_image/1520488106123.png
[2018-04-11 16:54:59.066] [INFO] access - GET /api/act/tpl/54
[2018-04-11 16:54:59.072] [WARN] access - GET /api/act/config/lists
[2018-04-11 16:55:01.191] [INFO] access - POST /api/act/draft
[2018-04-11 16:55:01.477] [INFO] access - GET /api/act/lists?keys=&pageSize=15&pageIndex=1
[2018-04-11 16:55:09.145] [INFO] access - GET /api/act/109
[2018-04-11 16:55:09.149] [WARN] access - GET /api/act/config/lists
[2018-04-11 16:55:19.802] [WARN] access - GET /api/act/lists?keys=&pageSize=15&pageIndex=1
[2018-04-11 16:57:19.564] [WARN] access - GET /api/menu/listsTree
[2018-04-11 16:57:19.574] [WARN] access - GET /api/user/userInfo
[2018-04-11 16:57:19.578] [WARN] access - GET /api/act/lists?keys=&pageSize=15&pageIndex=1
[2018-04-11 17:00:15.209] [WARN] access - GET /api/act/lists?keys=&pageSize=15&pageIndex=1
[2018-04-11 17:00:30.507] [WARN] access - GET /api/act/lists?keys=&pageSize=15&pageIndex=1
[2018-04-11 17:00:37.198] [ERROR] access - POST /api/act/108
[2018-04-11 17:01:46.940] [ERROR] access - POST /api/act/108
[2018-04-11 17:02:13.972] [ERROR] access - POST /api/act/108
[2018-04-11 17:03:05.729] [ERROR] access - POST /api/act/108
[2018-04-11 17:04:38.193] [ERROR] access - POST /api/act/108
[2018-04-11 17:04:38.650] [ERROR] access - POST /api/act/108
[2018-04-11 17:06:37.477] [ERROR] access - POST /api/act/108
[2018-04-11 17:07:05.140] [ERROR] access - POST /api/act/108
[2018-04-11 17:07:53.458] [ERROR] access - POST /api/act/108
[2018-04-11 17:10:13.720] [ERROR] access - POST /api/act/108
[2018-04-11 17:23:27.666] [INFO] access - GET /api/act/108
[2018-04-11 17:23:27.672] [WARN] access - GET /api/act/config/lists
[2018-04-11 17:23:32.829] [INFO] access - POST /api/act/draft
[2018-04-11 17:23:33.088] [INFO] access - GET /api/act/lists?keys=&pageSize=15&pageIndex=1
[2018-04-11 17:23:43.507] [ERROR] access - POST /api/act/108
[2018-04-11 17:39:49.469] [ERROR] access - POST /api/act/108
[2018-04-11 17:40:17.116] [WARN] access - GET /api/act/config/lists?keys=
[2018-04-11 17:40:26.678] [INFO] access - PUT /api/act/config/2
[2018-04-11 17:40:26.707] [INFO] access - GET /api/act/config/lists?keys=
[2018-04-11 17:40:32.333] [INFO] access - PUT /api/act/config/5
[2018-04-11 17:40:32.369] [INFO] access - GET /api/act/config/lists?keys=
[2018-04-11 17:40:43.271] [WARN] access - GET /api/act/lists?keys=&pageSize=15&pageIndex=1
[2018-04-11 17:40:48.494] [INFO] access - GET /api/act/109
[2018-04-11 17:40:48.501] [INFO] access - GET /api/act/config/lists
[2018-04-11 17:41:00.437] [INFO] access - POST /api/act/upload
[2018-04-11 17:41:07.294] [INFO] access - POST /api/act/upload
[2018-04-11 17:41:11.513] [INFO] access - POST /api/act/draft
[2018-04-11 17:41:11.769] [INFO] access - GET /api/act/lists?keys=&pageSize=15&pageIndex=1
[2018-04-11 17:41:13.884] [INFO] access - GET /api/act/109
[2018-04-11 17:41:13.887] [WARN] access - GET /api/act/config/lists
[2018-04-11 17:41:16.783] [INFO] access - POST /api/act/publish
[2018-04-11 17:41:17.052] [INFO] access - GET /api/act/lists?keys=&pageSize=15&pageIndex=1
[2018-04-11 17:41:19.370] [INFO] access - GET /api/act/109
[2018-04-11 17:41:19.375] [WARN] access - GET /api/act/config/lists
[2018-04-11 17:42:28.843] [WARN] access - GET /api/act/config/lists?keys=
[2018-04-11 17:42:38.808] [INFO] access - PUT /api/act/config/2
[2018-04-11 17:42:38.831] [INFO] access - GET /api/act/config/lists?keys=
[2018-04-11 17:42:43.726] [WARN] access - GET /api/act/lists?keys=&pageSize=15&pageIndex=1
[2018-04-11 17:42:46.245] [INFO] access - GET /api/act/108
[2018-04-11 17:42:46.250] [INFO] access - GET /api/act/config/lists
[2018-04-11 17:50:21.534] [INFO] access - POST /api/act/publish
[2018-04-11 17:50:21.820] [INFO] access - GET /api/act/lists?keys=&pageSize=15&pageIndex=1
[2018-04-11 17:50:30.765] [WARN] access - GET /api/act/config/lists
[2018-04-11 17:50:30.775] [INFO] access - GET /api/act/109
[2018-04-11 17:50:36.446] [WARN] access - GET /api/act/config/lists?keys=
[2018-04-11 17:50:40.906] [WARN] access - GET /api/act/lists?keys=&pageSize=15&pageIndex=1
[2018-04-11 17:50:44.673] [INFO] access - DELETE /api/act/109
[2018-04-11 17:50:44.700] [INFO] access - GET /api/act/lists?keys=&pageSize=15&pageIndex=1
[2018-04-11 17:50:46.924] [INFO] access - DELETE /api/act/108
[2018-04-11 17:50:46.946] [INFO] access - GET /api/act/lists?keys=&pageSize=15&pageIndex=1
[2018-04-11 17:50:48.743] [WARN] access - GET /api/act/tpl/lists
[2018-04-11 17:50:48.772] [WARN] access - GET /images/act_tpl_image/1520574967573.jpg
[2018-04-11 17:50:48.776] [WARN] access - GET /images/act_tpl_image/1520488106123.png
[2018-04-11 17:50:50.826] [WARN] access - GET /api/act/config/lists
[2018-04-11 17:50:50.830] [INFO] access - GET /api/act/tpl/54
[2018-04-11 17:51:00.528] [INFO] access - POST /api/act/upload
[2018-04-11 17:51:06.321] [INFO] access - POST /api/act/upload
[2018-04-11 17:53:07.002] [INFO] access - POST /api/act/publish
[2018-04-11 17:53:07.268] [INFO] access - GET /api/act/lists?keys=&pageSize=15&pageIndex=1
[2018-04-11 17:53:14.611] [INFO] access - GET /api/act/110
[2018-04-11 17:53:14.617] [WARN] access - GET /api/act/config/lists
[2018-04-11 17:53:36.935] [WARN] access - GET /api/act/lists?keys=&pageSize=15&pageIndex=1
[2018-04-11 17:53:43.902] [ERROR] access - POST /api/act/110
[2018-04-11 17:57:01.071] [ERROR] access - POST /api/act/110
[2018-04-11 19:50:41.472] [INFO] access - GET /api/user/userInfo
[2018-04-11 19:50:41.482] [INFO] access - GET /api/menu/listsTree
[2018-04-11 19:50:41.487] [INFO] access - GET /api/act/lists?keys=&pageSize=15&pageIndex=1
[2018-04-11 20:01:24.014] [INFO] access - POST /api/act/110
[2018-04-11 20:01:24.063] [INFO] access - GET /api/act/lists?keys=&pageSize=15&pageIndex=1
[2018-04-11 20:18:10.425] [WARN] access - GET /api/act/lists?keys=&pageSize=15&pageIndex=1
[2018-04-11 20:18:15.192] [INFO] access - GET /api/act/110
[2018-04-11 20:18:15.196] [WARN] access - GET /api/act/config/lists
[2018-04-11 20:18:22.629] [WARN] access - GET /api/act/lists?keys=&pageSize=15&pageIndex=1
[2018-04-11 20:18:30.471] [INFO] access - PUT /api/act/110
[2018-04-11 20:18:30.499] [INFO] access - GET /api/act/lists?keys=&pageSize=15&pageIndex=1
[2018-04-11 20:18:34.465] [INFO] access - DELETE /api/act/110
[2018-04-11 20:18:34.491] [INFO] access - GET /api/act/lists?keys=&pageSize=15&pageIndex=1
[2018-04-11 20:18:36.327] [WARN] access - GET /api/act/tpl/lists
[2018-04-11 20:18:36.363] [WARN] access - GET /images/act_tpl_image/1520574967573.jpg
[2018-04-11 20:18:36.367] [WARN] access - GET /images/act_tpl_image/1520488106123.png
[2018-04-11 20:18:38.246] [INFO] access - GET /api/act/tpl/54
[2018-04-11 20:18:38.251] [WARN] access - GET /api/act/config/lists
[2018-04-11 20:18:53.659] [INFO] access - POST /api/act/upload
[2018-04-11 20:18:59.451] [INFO] access - POST /api/act/upload
[2018-04-11 20:19:03.485] [INFO] access - POST /api/act/publish
[2018-04-11 20:19:03.751] [INFO] access - GET /api/act/lists?keys=&pageSize=15&pageIndex=1
[2018-04-11 20:19:06.295] [ERROR] access - POST /api/act/111
[2018-04-11 20:19:39.933] [INFO] access - POST /api/act/111
[2018-04-11 20:19:46.184] [INFO] access - POST /api/act/111
[2018-04-11 20:19:57.970] [INFO] access - POST /api/act/111
[2018-04-11 20:20:27.485] [WARN] access - GET /api/act/lists?keys=&pageSize=15&pageIndex=1
[2018-04-11 20:20:34.498] [WARN] access - GET /api/act/lists?keys=&pageSize=15&pageIndex=1
[2018-04-11 20:20:39.384] [INFO] access - POST /api/act/111
[2018-04-11 20:21:15.712] [WARN] access - GET /api/menu/listsTree
[2018-04-11 20:21:15.717] [WARN] access - GET /api/user/userInfo
[2018-04-11 20:21:15.735] [WARN] access - GET /api/act/lists?keys=&pageSize=15&pageIndex=1
[2018-04-11 20:21:17.743] [INFO] access - POST /api/act/111
[2018-04-11 20:22:46.675] [INFO] access - POST /api/act/111
[2018-04-11 20:22:50.575] [INFO] access - POST /api/act/111
[2018-04-11 20:29:05.723] [WARN] access - GET /api/user/userInfo
[2018-04-11 20:29:05.732] [WARN] access - GET /api/menu/listsTree
[2018-04-11 20:29:05.736] [WARN] access - GET /api/act/lists?keys=&pageSize=15&pageIndex=1
