[2018-05-14 11:21:10.059] [WARN] access - GET /api/user/userInfo
[2018-05-14 11:21:10.067] [WARN] access - GET /api/menu/listsTree
[2018-05-14 11:21:15.749] [WARN] access - GET /api/act/tpl/lists
[2018-05-14 11:21:15.904] [ERROR] access - GET /images/act_tpl_image/1524735070034.png
[2018-05-14 11:21:15.920] [ERROR] access - GET /images/act_tpl_image/1520488106123.png
[2018-05-14 11:21:15.929] [WARN] access - GET /images/act_tpl_image/1525680727077.png
[2018-05-14 11:22:20.620] [INFO] access - GET /api/act/tpl/54
[2018-05-14 11:22:20.686] [WARN] access - GET /api/act/config/lists
[2018-05-14 11:22:30.936] [WARN] access - GET /api/act/tpl/lists
[2018-05-14 11:22:31.035] [ERROR] access - GET /images/act_tpl_image/1524735070034.png
[2018-05-14 11:22:31.061] [ERROR] access - GET /images/act_tpl_image/1520488106123.png
[2018-05-14 11:23:33.071] [INFO] access - POST /api/act/tpl/add
[2018-05-14 11:23:33.329] [INFO] access - GET /api/act/tpl/lists
[2018-05-14 11:23:33.419] [ERROR] access - GET /images/act_tpl_image/1526268212979.jpeg
[2018-05-14 11:23:33.424] [ERROR] access - GET /images/act_tpl_image/1524735070034.png
[2018-05-14 11:23:33.441] [ERROR] access - GET /images/act_tpl_image/1520488106123.png
[2018-05-14 11:23:53.260] [WARN] access - GET /api/user/userInfo
[2018-05-14 11:23:53.266] [WARN] access - GET /api/menu/listsTree
[2018-05-14 11:23:53.272] [WARN] access - GET /api/act/tpl/lists
[2018-05-14 11:23:53.332] [WARN] access - GET /images/act_tpl_image/1525680727077.png
[2018-05-14 11:23:53.375] [ERROR] access - GET /images/act_tpl_image/1526268212979.jpeg
[2018-05-14 11:23:53.380] [ERROR] access - GET /images/act_tpl_image/1524735070034.png
[2018-05-14 11:23:53.384] [ERROR] access - GET /images/act_tpl_image/1520488106123.png
[2018-05-14 11:23:55.180] [INFO] access - GET /api/act/tpl/56
[2018-05-14 11:23:55.184] [WARN] access - GET /api/act/config/lists
[2018-05-14 11:24:32.025] [INFO] access - POST /api/act/upload
[2018-05-14 11:40:47.549] [ERROR] access - GET /temp/20180309135609/button_1520575000558.png
[2018-05-14 11:40:47.550] [ERROR] access - GET /temp/20180309135609/top_1520574988471.jpg
[2018-05-14 11:40:47.555] [ERROR] access - GET /temp/20180309135609/bottom_1520575017983.jpg
[2018-05-14 11:41:07.662] [WARN] access - GET /api/menu/listsTree
[2018-05-14 11:41:07.677] [WARN] access - GET /api/user/userInfo
[2018-05-14 11:41:07.681] [WARN] access - GET /api/act/config/lists
[2018-05-14 11:41:09.219] [INFO] access - GET /api/act/tpl/56
[2018-05-14 11:41:14.196] [WARN] access - GET /api/act/tpl/lists
[2018-05-14 11:41:14.233] [ERROR] access - GET /images/act_tpl_image/1526268212979.jpeg
[2018-05-14 11:41:14.291] [ERROR] access - GET /images/act_tpl_image/1520488106123.png
[2018-05-14 11:41:14.298] [ERROR] access - GET /images/act_tpl_image/1524735070034.png
[2018-05-14 11:41:14.304] [WARN] access - GET /images/act_tpl_image/1525680727077.png
[2018-05-14 11:41:17.850] [INFO] access - GET /api/act/tpl/56
[2018-05-14 11:41:17.911] [ERROR] access - GET /images/act_tpl_image/1526268212979.jpeg
[2018-05-14 11:41:32.003] [INFO] access - POST /api/act/tpl/update
[2018-05-14 11:41:32.231] [INFO] access - GET /api/act/tpl/lists
[2018-05-14 11:41:32.337] [ERROR] access - GET /images/act_tpl_image/1526269291981.jpeg
[2018-05-14 11:41:32.342] [ERROR] access - GET /images/act_tpl_image/1524735070034.png
[2018-05-14 11:41:32.350] [ERROR] access - GET /images/act_tpl_image/1520488106123.png
[2018-05-14 11:41:54.347] [INFO] access - GET /api/act/tpl/56
[2018-05-14 11:41:54.379] [WARN] access - GET /api/act/config/lists
[2018-05-14 11:42:11.135] [INFO] access - POST /api/act/upload
[2018-05-14 11:43:16.068] [INFO] access - GET /temp/20180514114154/1526269331129.png
[2018-05-14 11:43:24.387] [WARN] access - GET /temp/20180514114154/1526269331129.png
[2018-05-14 11:45:39.429] [WARN] access - GET /temp/20180514114154/1526269331129.png
[2018-05-14 11:45:39.433] [WARN] access - GET /temp/20180514114154/1526269331129.png
[2018-05-14 11:45:44.447] [WARN] access - GET /temp/20180514114154/1526269331129.png
[2018-05-14 11:47:18.660] [WARN] access - GET /temp/20180514114154/1526269331129.png
[2018-05-14 11:47:19.561] [WARN] access - GET /temp/20180514114154/1526269331129.png
[2018-05-14 11:47:53.027] [WARN] access - GET /temp/20180514114154/1526269331129.png
[2018-05-14 11:49:52.979] [WARN] access - GET /temp/20180514114154/1526269331129.png
[2018-05-14 11:51:33.800] [WARN] access - GET /temp/20180514114154/1526269331129.png
[2018-05-14 11:51:33.862] [WARN] access - GET /temp/20180514114154/1526269331129.png
[2018-05-14 11:53:06.094] [WARN] access - GET /temp/20180514114154/1526269331129.png
[2018-05-14 11:53:15.259] [WARN] access - GET /temp/20180514114154/1526269331129.png
[2018-05-14 11:53:33.230] [WARN] access - GET /temp/20180514114154/1526269331129.png
[2018-05-14 11:54:00.140] [WARN] access - GET /temp/20180514114154/1526269331129.png
[2018-05-14 11:55:02.460] [WARN] access - GET /temp/20180514114154/1526269331129.png
[2018-05-14 11:57:12.817] [WARN] access - GET /api/menu/listsTree
[2018-05-14 11:57:12.826] [WARN] access - GET /api/user/userInfo
[2018-05-14 11:57:12.841] [INFO] access - GET /api/act/tpl/56
[2018-05-14 11:57:12.845] [WARN] access - GET /api/act/config/lists
[2018-05-14 11:58:19.302] [WARN] access - GET /api/menu/listsTree
[2018-05-14 11:58:19.310] [WARN] access - GET /api/user/userInfo
[2018-05-14 11:58:19.340] [INFO] access - GET /api/act/tpl/56
[2018-05-14 11:58:19.346] [WARN] access - GET /api/act/config/lists
[2018-05-14 11:58:43.151] [INFO] access - POST /api/act/upload
[2018-05-14 11:58:43.184] [INFO] access - GET /temp/20180514115819/1526270323142.png
[2018-05-14 11:58:56.166] [INFO] access - POST /api/act/draft
[2018-05-14 11:58:56.597] [INFO] access - GET /api/act/lists?keys=&pageSize=15&pageIndex=1
[2018-05-14 13:21:08.771] [WARN] access - GET /temp/20180514114154/1526269331129.png
[2018-05-14 13:23:06.293] [WARN] access - GET /temp/20180514114154/1526269331129.png
[2018-05-14 13:27:59.940] [WARN] access - GET /api/menu/listsTree
[2018-05-14 13:27:59.969] [WARN] access - GET /api/user/userInfo
[2018-05-14 13:27:59.986] [WARN] access - GET /api/act/lists?keys=&pageSize=15&pageIndex=1
[2018-05-14 13:28:29.557] [WARN] access - GET /api/act/config/lists?keys=
[2018-05-14 13:28:59.612] [INFO] access - POST /api/act/config/add
[2018-05-14 13:28:59.777] [INFO] access - GET /api/act/config/lists?keys=
[2018-05-14 13:29:05.218] [WARN] access - GET /api/act/lists?keys=&pageSize=15&pageIndex=1
[2018-05-14 13:29:07.124] [INFO] access - GET /api/act/112
[2018-05-14 13:29:07.204] [INFO] access - GET /api/act/config/lists
[2018-05-14 13:29:07.297] [ERROR] access - GET /temp/20180514115819/1526270323142.png
[2018-05-14 13:29:13.862] [WARN] access - GET /api/menu/listsTree
[2018-05-14 13:29:13.872] [WARN] access - GET /api/user/userInfo
[2018-05-14 13:29:13.924] [INFO] access - GET /api/act/112
[2018-05-14 13:29:13.969] [WARN] access - GET /api/act/config/lists
[2018-05-14 13:29:14.109] [ERROR] access - GET /temp/20180514115819/1526270323142.png
[2018-05-14 13:29:30.971] [ERROR] access - POST /api/act/upload
[2018-05-14 13:34:18.500] [WARN] access - GET /api/user/userInfo
[2018-05-14 13:34:18.511] [WARN] access - GET /api/menu/listsTree
[2018-05-14 13:34:18.531] [INFO] access - GET /api/act/112
[2018-05-14 13:34:18.551] [WARN] access - GET /api/act/config/lists
[2018-05-14 13:34:25.299] [INFO] access - POST /api/act/publish
[2018-05-14 13:34:25.650] [INFO] access - GET /api/act/lists?keys=&pageSize=15&pageIndex=1
[2018-05-14 13:34:58.971] [WARN] access - GET /api/act/config/lists?keys=
[2018-05-14 13:35:16.359] [INFO] access - PUT /api/act/config/6
[2018-05-14 13:35:16.430] [INFO] access - GET /api/act/config/lists?keys=
[2018-05-14 13:35:29.608] [WARN] access - GET /api/act/lists?keys=&pageSize=15&pageIndex=1
[2018-05-14 13:35:32.665] [INFO] access - GET /api/act/112
[2018-05-14 13:35:32.697] [INFO] access - GET /api/act/config/lists
[2018-05-14 13:35:52.378] [INFO] access - POST /api/act/upload
[2018-05-14 13:35:56.430] [INFO] access - POST /api/act/publish
[2018-05-14 13:35:56.748] [INFO] access - GET /api/act/lists?keys=&pageSize=15&pageIndex=1
[2018-05-14 13:37:03.625] [INFO] access - DELETE /api/act/112
[2018-05-14 13:37:03.753] [INFO] access - GET /api/act/lists?keys=&pageSize=15&pageIndex=1
[2018-05-14 13:37:05.664] [WARN] access - GET /api/act/tpl/lists
[2018-05-14 13:37:05.815] [ERROR] access - GET /images/act_tpl_image/1526269291981.jpeg
[2018-05-14 13:37:05.842] [ERROR] access - GET /images/act_tpl_image/1524735070034.png
[2018-05-14 13:37:05.860] [ERROR] access - GET /images/act_tpl_image/1520488106123.png
[2018-05-14 13:37:05.884] [WARN] access - GET /images/act_tpl_image/1525680727077.png
[2018-05-14 13:37:08.862] [INFO] access - GET /api/act/tpl/56
[2018-05-14 13:37:08.903] [WARN] access - GET /api/act/config/lists
[2018-05-14 13:37:39.409] [INFO] access - POST /api/act/upload
[2018-05-14 13:37:43.974] [INFO] access - POST /api/act/publish
[2018-05-14 13:37:44.353] [INFO] access - GET /api/act/lists?keys=&pageSize=15&pageIndex=1
[2018-05-14 13:47:57.415] [WARN] access - GET /api/act/components/lists?keys=
[2018-05-14 13:48:18.666] [INFO] access - POST /api/act/components/add
[2018-05-14 13:48:18.718] [INFO] access - GET /api/act/components/lists?keys=
[2018-05-14 13:48:21.451] [WARN] access - GET /api/act/lists?keys=&pageSize=15&pageIndex=1
[2018-05-14 13:48:23.593] [INFO] access - GET /api/act/113
[2018-05-14 13:48:23.597] [WARN] access - GET /api/act/config/lists
[2018-05-14 13:48:41.883] [INFO] access - POST /api/act/upload
[2018-05-14 13:48:47.147] [INFO] access - POST /api/act/publish
[2018-05-14 13:48:47.437] [INFO] access - GET /api/act/lists?keys=&pageSize=15&pageIndex=1
[2018-05-14 13:51:44.318] [WARN] access - GET /api/act/config/lists?keys=
[2018-05-14 13:51:48.580] [INFO] access - PUT /api/act/config/6
[2018-05-14 13:51:48.704] [INFO] access - GET /api/act/config/lists?keys=
[2018-05-14 13:53:55.141] [INFO] access - PUT /api/act/config/6
[2018-05-14 13:53:55.227] [INFO] access - GET /api/act/config/lists?keys=
[2018-05-14 13:53:59.254] [WARN] access - GET /api/act/lists?keys=&pageSize=15&pageIndex=1
[2018-05-14 13:54:08.775] [WARN] access - GET /api/menu/listsTree
[2018-05-14 13:54:08.914] [WARN] access - GET /api/user/userInfo
[2018-05-14 13:54:08.957] [WARN] access - GET /api/act/lists?keys=&pageSize=15&pageIndex=1
[2018-05-14 13:54:11.321] [INFO] access - DELETE /api/act/113
[2018-05-14 13:54:11.469] [INFO] access - GET /api/act/lists?keys=&pageSize=15&pageIndex=1
[2018-05-14 13:54:12.954] [WARN] access - GET /api/act/tpl/lists
[2018-05-14 13:54:13.201] [ERROR] access - GET /images/act_tpl_image/1520488106123.png
[2018-05-14 13:54:13.228] [ERROR] access - GET /images/act_tpl_image/1526269291981.jpeg
[2018-05-14 13:54:13.264] [ERROR] access - GET /images/act_tpl_image/1524735070034.png
[2018-05-14 13:54:13.290] [WARN] access - GET /images/act_tpl_image/1525680727077.png
[2018-05-14 13:54:24.984] [INFO] access - GET /api/act/tpl/56
[2018-05-14 13:54:25.030] [INFO] access - GET /api/act/config/lists
[2018-05-14 13:54:41.719] [INFO] access - POST /api/act/upload
[2018-05-14 13:54:47.302] [INFO] access - POST /api/act/publish
[2018-05-14 13:54:47.846] [INFO] access - GET /api/act/lists?keys=&pageSize=15&pageIndex=1
[2018-05-14 13:59:11.495] [INFO] access - GET /api/act/114
[2018-05-14 13:59:11.518] [WARN] access - GET /api/act/config/lists
[2018-05-14 13:59:14.322] [WARN] access - GET /api/menu/listsTree
[2018-05-14 13:59:14.342] [WARN] access - GET /api/user/userInfo
[2018-05-14 13:59:14.365] [INFO] access - GET /api/act/114
[2018-05-14 13:59:14.397] [WARN] access - GET /api/act/config/lists
[2018-05-14 13:59:17.788] [INFO] access - POST /api/act/publish
[2018-05-14 13:59:18.177] [INFO] access - GET /api/act/lists?keys=&pageSize=15&pageIndex=1
[2018-05-14 14:17:55.298] [WARN] access - GET /api/act/config/lists?keys=
[2018-05-14 14:33:34.640] [INFO] access - PUT /api/act/config/6
[2018-05-14 14:33:34.712] [INFO] access - GET /api/act/config/lists?keys=
[2018-05-14 14:34:05.736] [INFO] access - PUT /api/act/config/6
[2018-05-14 14:34:05.771] [INFO] access - GET /api/act/config/lists?keys=
[2018-05-14 14:34:23.940] [INFO] access - PUT /api/act/config/2
[2018-05-14 14:34:23.977] [INFO] access - GET /api/act/config/lists?keys=
[2018-05-14 14:34:32.976] [WARN] access - GET /api/act/lists?keys=&pageSize=15&pageIndex=1
[2018-05-14 14:36:27.490] [WARN] access - GET /api/act/config/lists?keys=
[2018-05-14 14:39:35.749] [WARN] access - GET /api/act/lists?keys=&pageSize=15&pageIndex=1
[2018-05-14 14:40:07.337] [WARN] access - GET /api/act/tpl/lists
[2018-05-14 14:40:07.517] [ERROR] access - GET /images/act_tpl_image/1526269291981.jpeg
[2018-05-14 14:40:07.527] [ERROR] access - GET /images/act_tpl_image/1524735070034.png
[2018-05-14 14:40:07.544] [WARN] access - GET /images/act_tpl_image/1525680727077.png
[2018-05-14 14:40:07.559] [ERROR] access - GET /images/act_tpl_image/1520488106123.png
[2018-05-14 14:40:12.460] [INFO] access - GET /api/act/tpl/56
[2018-05-14 14:40:12.557] [ERROR] access - GET /images/act_tpl_image/1526269291981.jpeg
[2018-05-14 14:40:21.350] [INFO] access - POST /api/act/tpl/update
[2018-05-14 14:40:21.604] [INFO] access - GET /api/act/tpl/lists
[2018-05-14 14:40:21.657] [ERROR] access - GET /images/act_tpl_image/1526280021316.jpeg
[2018-05-14 14:40:21.668] [ERROR] access - GET /images/act_tpl_image/1520488106123.png
[2018-05-14 14:40:21.673] [ERROR] access - GET /images/act_tpl_image/1524735070034.png
[2018-05-14 14:41:44.441] [WARN] access - GET /api/config/lists?keys=&pageSize=15&pageIndex=1
[2018-05-14 14:42:27.285] [INFO] access - PUT /api/config/2
[2018-05-14 14:42:27.336] [INFO] access - GET /api/config/lists?keys=&pageSize=15&pageIndex=1
[2018-05-14 14:43:12.105] [WARN] access - GET /api/act/config/lists?keys=
[2018-05-14 14:46:03.998] [INFO] access - PUT /api/act/config/6
[2018-05-14 14:46:04.045] [INFO] access - GET /api/act/config/lists?keys=
[2018-05-14 14:49:12.790] [INFO] access - PUT /api/act/config/6
[2018-05-14 14:49:12.834] [INFO] access - GET /api/act/config/lists?keys=
[2018-05-14 14:50:33.552] [WARN] access - GET /api/act/tpl/lists
[2018-05-14 14:50:33.631] [ERROR] access - GET /images/act_tpl_image/1526280021316.jpeg
[2018-05-14 14:50:33.639] [ERROR] access - GET /images/act_tpl_image/1524735070034.png
[2018-05-14 14:50:33.643] [ERROR] access - GET /images/act_tpl_image/1520488106123.png
[2018-05-14 14:50:40.309] [INFO] access - GET /api/act/tpl/56
[2018-05-14 14:50:40.375] [ERROR] access - GET /images/act_tpl_image/1526280021316.jpeg
[2018-05-14 14:50:57.347] [INFO] access - POST /api/act/tpl/update
[2018-05-14 14:50:57.712] [INFO] access - GET /api/act/tpl/lists
[2018-05-14 14:50:57.807] [ERROR] access - GET /images/act_tpl_image/1526280657255.jpeg
[2018-05-14 14:50:57.814] [ERROR] access - GET /images/act_tpl_image/1524735070034.png
[2018-05-14 14:50:57.854] [ERROR] access - GET /images/act_tpl_image/1520488106123.png
[2018-05-14 14:51:48.230] [INFO] access - GET /api/act/tpl/56
[2018-05-14 14:51:48.288] [ERROR] access - GET /images/act_tpl_image/1526280657255.jpeg
[2018-05-14 14:52:33.332] [WARN] access - GET /api/menu/listsTree
[2018-05-14 14:52:33.337] [WARN] access - GET /api/user/userInfo
[2018-05-14 14:52:33.369] [INFO] access - GET /api/act/tpl/56
[2018-05-14 14:52:33.510] [ERROR] access - GET /images/act_tpl_image/1526280657255.jpeg
[2018-05-14 14:52:42.921] [INFO] access - POST /api/act/tpl/update
[2018-05-14 14:52:43.215] [INFO] access - GET /api/act/tpl/lists
[2018-05-14 14:52:43.278] [WARN] access - GET /images/act_tpl_image/1525680727077.png
[2018-05-14 14:52:43.328] [ERROR] access - GET /images/act_tpl_image/1526280762892.jpeg
[2018-05-14 14:52:43.339] [ERROR] access - GET /images/act_tpl_image/1520488106123.png
[2018-05-14 14:52:43.345] [ERROR] access - GET /images/act_tpl_image/1524735070034.png
[2018-05-14 14:53:11.380] [WARN] access - GET /api/config/lists?keys=&pageSize=15&pageIndex=1
[2018-05-14 14:53:37.847] [WARN] access - GET /api/act/tpl/lists
[2018-05-14 14:53:37.902] [ERROR] access - GET /images/act_tpl_image/1524735070034.png
[2018-05-14 14:53:37.906] [ERROR] access - GET /images/act_tpl_image/1526280762892.jpeg
[2018-05-14 14:53:37.912] [ERROR] access - GET /images/act_tpl_image/1520488106123.png
[2018-05-14 14:53:39.990] [INFO] access - GET /api/act/tpl/56
[2018-05-14 14:53:40.057] [ERROR] access - GET /images/act_tpl_image/1526280762892.jpeg
[2018-05-14 14:53:49.909] [INFO] access - POST /api/act/tpl/update
[2018-05-14 14:53:50.176] [INFO] access - GET /api/act/tpl/lists
[2018-05-14 14:53:50.230] [INFO] access - GET /images/act_tpl_image/1526280829890.jpeg
[2018-05-14 14:53:50.235] [ERROR] access - GET /images/act_tpl_image/1524735070034.png
[2018-05-14 14:53:50.239] [ERROR] access - GET /images/act_tpl_image/1520488106123.png
[2018-05-14 15:04:34.749] [WARN] access - GET /api/config/lists?keys=&pageSize=15&pageIndex=1
[2018-05-14 15:05:05.974] [INFO] access - PUT /api/config/4
[2018-05-14 15:05:06.011] [INFO] access - GET /api/config/lists?keys=&pageSize=15&pageIndex=1
[2018-05-14 15:05:54.088] [INFO] access - PUT /api/config/4
[2018-05-14 15:05:54.186] [INFO] access - GET /api/config/lists?keys=&pageSize=15&pageIndex=1
[2018-05-14 15:17:28.861] [WARN] access - GET /api/act/config/lists?keys=
[2018-05-14 15:28:46.650] [INFO] access - POST /api/signin
[2018-05-14 15:28:49.511] [WARN] access - GET /api/user/userInfo
[2018-05-14 15:28:49.515] [WARN] access - GET /api/menu/listsTree
[2018-05-14 15:31:30.069] [WARN] access - GET /api/act/tpl/lists
[2018-05-14 15:31:30.251] [ERROR] access - GET /images/act_tpl_image/1524735070034.png
[2018-05-14 15:31:30.257] [ERROR] access - GET /images/act_tpl_image/1520488106123.png
[2018-05-14 15:31:30.262] [WARN] access - GET /images/act_tpl_image/1526280829890.jpeg
[2018-05-14 15:31:34.498] [INFO] access - GET /api/act/tpl/55
[2018-05-14 15:31:34.503] [INFO] access - GET /api/act/config/lists
[2018-05-14 15:36:29.997] [WARN] access - GET /api/menu/listsTree
[2018-05-14 15:36:30.032] [WARN] access - GET /api/user/userInfo
[2018-05-14 15:36:30.039] [INFO] access - GET /api/act/tpl/55
[2018-05-14 15:36:30.046] [WARN] access - GET /api/act/config/lists
[2018-05-14 15:56:10.376] [INFO] access - POST /api/act/upload
[2018-05-14 16:04:50.684] [WARN] access - GET /api/menu/listsTree
[2018-05-14 16:04:50.729] [WARN] access - GET /api/user/userInfo
[2018-05-14 16:04:50.744] [WARN] access - GET /api/act/config/lists
[2018-05-14 16:04:50.749] [INFO] access - GET /api/act/tpl/55
[2018-05-14 16:04:58.154] [INFO] access - POST /api/act/upload
[2018-05-14 16:05:22.302] [INFO] access - POST /api/act/upload
[2018-05-14 16:06:08.404] [WARN] access - GET /api/menu/listsTree
[2018-05-14 16:06:08.409] [WARN] access - GET /api/user/userInfo
[2018-05-14 16:06:08.476] [INFO] access - GET /api/act/tpl/55
[2018-05-14 16:06:08.490] [WARN] access - GET /api/act/config/lists
[2018-05-14 16:06:17.401] [INFO] access - POST /api/act/upload
[2018-05-14 16:06:38.839] [WARN] access - GET /api/menu/listsTree
[2018-05-14 16:06:38.843] [WARN] access - GET /api/user/userInfo
[2018-05-14 16:06:38.899] [INFO] access - GET /api/act/tpl/55
[2018-05-14 16:06:38.907] [WARN] access - GET /api/act/config/lists
[2018-05-14 16:06:48.969] [INFO] access - POST /api/act/upload
[2018-05-14 16:09:36.392] [INFO] access - POST /api/act/upload
[2018-05-14 16:10:35.284] [WARN] access - GET /api/menu/listsTree
[2018-05-14 16:10:35.343] [WARN] access - GET /api/user/userInfo
[2018-05-14 16:10:35.349] [INFO] access - GET /api/act/tpl/55
[2018-05-14 16:10:35.354] [WARN] access - GET /api/act/config/lists
[2018-05-14 16:10:43.887] [INFO] access - POST /api/act/upload
[2018-05-14 16:15:40.091] [INFO] access - POST /api/act/upload
[2018-05-14 16:17:12.580] [INFO] access - POST /api/act/upload
[2018-05-14 17:05:20.649] [WARN] access - GET /api/menu/listsTree
[2018-05-14 17:05:20.694] [WARN] access - GET /api/user/userInfo
[2018-05-14 17:05:20.700] [WARN] access - GET /api/act/config/lists
[2018-05-14 17:05:20.803] [INFO] access - GET /api/act/tpl/55
[2018-05-14 17:05:50.795] [WARN] access - GET /api/user/userInfo
[2018-05-14 17:05:50.801] [WARN] access - GET /api/menu/listsTree
[2018-05-14 17:05:50.818] [INFO] access - GET /api/act/tpl/55
[2018-05-14 17:05:50.823] [WARN] access - GET /api/act/config/lists
[2018-05-14 17:06:02.854] [INFO] access - POST /api/act/upload
[2018-05-14 17:06:35.253] [INFO] access - POST /api/act/upload
[2018-05-14 17:07:53.430] [INFO] access - POST /api/act/upload
[2018-05-14 17:11:08.699] [INFO] access - POST /api/act/upload
[2018-05-14 17:12:16.037] [INFO] access - POST /api/act/draft
[2018-05-14 17:12:16.426] [INFO] access - GET /api/act/lists?keys=&pageSize=15&pageIndex=1
[2018-05-14 17:12:18.663] [INFO] access - GET /api/act/115
[2018-05-14 17:12:18.669] [WARN] access - GET /api/act/config/lists
[2018-05-14 17:12:49.214] [WARN] access - GET /api/menu/listsTree
[2018-05-14 17:12:49.219] [WARN] access - GET /api/user/userInfo
[2018-05-14 17:12:49.303] [INFO] access - GET /api/act/115
[2018-05-14 17:12:49.307] [WARN] access - GET /api/act/config/lists
[2018-05-14 17:14:12.463] [WARN] access - GET /api/menu/listsTree
[2018-05-14 17:14:12.557] [WARN] access - GET /api/user/userInfo
[2018-05-14 17:14:12.571] [INFO] access - GET /api/act/115
[2018-05-14 17:14:12.577] [WARN] access - GET /api/act/config/lists
[2018-05-14 17:15:04.962] [WARN] access - GET /api/menu/listsTree
[2018-05-14 17:15:04.995] [WARN] access - GET /api/user/userInfo
[2018-05-14 17:15:05.005] [INFO] access - GET /api/act/115
[2018-05-14 17:15:05.009] [WARN] access - GET /api/act/config/lists
[2018-05-14 17:16:16.165] [WARN] access - GET /api/menu/listsTree
[2018-05-14 17:16:16.170] [WARN] access - GET /api/user/userInfo
[2018-05-14 17:16:16.218] [INFO] access - GET /api/act/115
[2018-05-14 17:16:16.226] [WARN] access - GET /api/act/config/lists
[2018-05-14 17:20:43.702] [WARN] access - GET /api/menu/listsTree
[2018-05-14 17:20:43.719] [WARN] access - GET /api/user/userInfo
[2018-05-14 17:20:43.724] [INFO] access - GET /api/act/115
[2018-05-14 17:20:43.728] [WARN] access - GET /api/act/config/lists
[2018-05-14 17:20:57.647] [WARN] access - GET /temp/20180514170550/1526288873422.jpeg
[2018-05-14 17:20:57.653] [WARN] access - GET /temp/20180514170550/1526289068692.png
[2018-05-14 17:21:03.194] [WARN] access - GET /api/menu/listsTree
[2018-05-14 17:21:03.201] [WARN] access - GET /api/user/userInfo
[2018-05-14 17:21:03.237] [INFO] access - GET /api/act/115
[2018-05-14 17:21:03.245] [WARN] access - GET /api/act/config/lists
[2018-05-14 17:22:05.983] [WARN] access - GET /temp/20180514170550/1526288873422.jpeg
[2018-05-14 17:22:05.994] [WARN] access - GET /temp/20180514170550/1526289068692.png
[2018-05-14 17:22:37.361] [WARN] access - GET /api/menu/listsTree
[2018-05-14 17:22:37.448] [WARN] access - GET /api/user/userInfo
[2018-05-14 17:22:37.456] [INFO] access - GET /api/act/115
[2018-05-14 17:22:37.508] [WARN] access - GET /api/act/config/lists
[2018-05-14 17:22:40.650] [WARN] access - GET /temp/20180514170550/1526289068692.png
[2018-05-14 17:22:40.669] [WARN] access - GET /temp/20180514170550/1526288873422.jpeg
[2018-05-14 17:24:45.569] [WARN] access - GET /temp/20180514170550/1526288762847.png
[2018-05-14 17:24:45.577] [WARN] access - GET /temp/20180514170550/1526288795243.png
[2018-05-14 17:26:02.383] [WARN] access - GET /api/menu/listsTree
[2018-05-14 17:26:02.389] [WARN] access - GET /api/user/userInfo
[2018-05-14 17:26:02.415] [INFO] access - GET /api/act/115
[2018-05-14 17:26:02.432] [WARN] access - GET /api/act/config/lists
[2018-05-14 17:26:02.583] [WARN] access - GET /temp/20180514170550/1526288873422.jpeg
[2018-05-14 17:26:02.596] [WARN] access - GET /temp/20180514170550/1526289068692.png
[2018-05-14 17:26:02.600] [WARN] access - GET /temp/20180514170550/1526288795243.png
[2018-05-14 17:26:02.605] [WARN] access - GET /temp/20180514170550/1526288762847.png
[2018-05-14 17:27:39.023] [WARN] access - GET /api/menu/listsTree
[2018-05-14 17:27:39.054] [WARN] access - GET /api/user/userInfo
[2018-05-14 17:27:39.064] [WARN] access - GET /api/act/config/lists
[2018-05-14 17:27:39.075] [INFO] access - GET /api/act/115
[2018-05-14 17:27:39.262] [WARN] access - GET /temp/20180514170550/1526288873422.jpeg
[2018-05-14 17:27:39.287] [WARN] access - GET /temp/20180514170550/1526289068692.png
[2018-05-14 17:27:39.301] [WARN] access - GET /temp/20180514170550/1526288762847.png
[2018-05-14 17:27:39.308] [WARN] access - GET /temp/20180514170550/1526288795243.png
[2018-05-14 17:31:54.597] [WARN] access - GET /api/menu/listsTree
[2018-05-14 17:31:54.666] [WARN] access - GET /api/user/userInfo
[2018-05-14 17:31:54.695] [INFO] access - GET /api/act/115
[2018-05-14 17:31:54.701] [WARN] access - GET /api/act/config/lists
[2018-05-14 17:31:54.924] [WARN] access - GET /temp/20180514170550/1526288873422.jpeg
[2018-05-14 17:31:54.933] [WARN] access - GET /temp/20180514170550/1526289068692.png
[2018-05-14 17:31:55.034] [WARN] access - GET /temp/20180514170550/1526288795243.png
[2018-05-14 17:31:55.086] [WARN] access - GET /temp/20180514170550/1526288762847.png
[2018-05-14 17:32:02.324] [WARN] access - GET /api/act/tpl/lists
[2018-05-14 17:32:02.406] [ERROR] access - GET /images/act_tpl_image/1524735070034.png
[2018-05-14 17:32:02.411] [WARN] access - GET /images/act_tpl_image/1526280829890.jpeg
[2018-05-14 17:32:02.417] [WARN] access - GET /images/act_tpl_image/1525680727077.png
[2018-05-14 17:32:02.421] [ERROR] access - GET /images/act_tpl_image/1520488106123.png
[2018-05-14 17:32:05.107] [INFO] access - GET /api/act/tpl/55
[2018-05-14 17:32:05.113] [WARN] access - GET /api/act/config/lists
[2018-05-14 17:32:44.117] [WARN] access - GET /api/act/tpl/lists
[2018-05-14 17:32:44.180] [ERROR] access - GET /images/act_tpl_image/1520488106123.png
[2018-05-14 17:32:44.194] [ERROR] access - GET /images/act_tpl_image/1524735070034.png
[2018-05-14 17:32:45.125] [WARN] access - GET /api/act/lists?keys=&pageSize=15&pageIndex=1
[2018-05-14 17:32:47.096] [INFO] access - GET /api/act/115
[2018-05-14 17:32:47.103] [WARN] access - GET /api/act/config/lists
[2018-05-14 17:37:01.969] [WARN] access - GET /api/menu/listsTree
[2018-05-14 17:37:02.000] [WARN] access - GET /api/user/userInfo
[2018-05-14 17:37:02.024] [INFO] access - GET /api/act/115
[2018-05-14 17:37:02.043] [WARN] access - GET /api/act/config/lists
[2018-05-14 17:37:02.228] [WARN] access - GET /temp/20180514170550/1526289068692.png
[2018-05-14 17:37:02.363] [WARN] access - GET /temp/20180514170550/1526288873422.jpeg
[2018-05-14 17:37:02.438] [WARN] access - GET /temp/20180514170550/1526288762847.png
[2018-05-14 17:37:02.472] [WARN] access - GET /temp/20180514170550/1526288795243.png
[2018-05-14 17:59:59.487] [WARN] access - GET /api/menu/listsTree
[2018-05-14 17:59:59.531] [WARN] access - GET /api/user/userInfo
[2018-05-14 17:59:59.556] [INFO] access - GET /api/act/115
[2018-05-14 17:59:59.576] [WARN] access - GET /api/act/config/lists
[2018-05-14 17:59:59.637] [WARN] access - GET /temp/20180514170550/1526289068692.png
[2018-05-14 17:59:59.711] [WARN] access - GET /temp/20180514170550/1526288873422.jpeg
[2018-05-14 17:59:59.788] [WARN] access - GET /temp/20180514170550/1526288762847.png
[2018-05-14 17:59:59.800] [WARN] access - GET /temp/20180514170550/1526288795243.png
[2018-05-14 18:00:48.639] [WARN] access - GET /api/menu/listsTree
[2018-05-14 18:00:48.669] [WARN] access - GET /api/user/userInfo
[2018-05-14 18:00:48.727] [INFO] access - GET /api/act/115
[2018-05-14 18:00:48.732] [WARN] access - GET /api/act/config/lists
[2018-05-14 18:00:48.880] [WARN] access - GET /temp/20180514170550/1526289068692.png
[2018-05-14 18:00:48.943] [WARN] access - GET /temp/20180514170550/1526288873422.jpeg
[2018-05-14 18:00:48.982] [WARN] access - GET /temp/20180514170550/1526288762847.png
[2018-05-14 18:00:48.986] [WARN] access - GET /temp/20180514170550/1526288795243.png
[2018-05-14 18:00:50.573] [WARN] access - GET /api/menu/listsTree
[2018-05-14 18:00:50.578] [WARN] access - GET /api/user/userInfo
[2018-05-14 18:00:50.658] [INFO] access - GET /api/act/115
[2018-05-14 18:00:50.664] [WARN] access - GET /api/act/config/lists
[2018-05-14 18:00:50.746] [WARN] access - GET /temp/20180514170550/1526289068692.png
[2018-05-14 18:00:50.806] [WARN] access - GET /temp/20180514170550/1526288873422.jpeg
[2018-05-14 18:00:50.895] [WARN] access - GET /temp/20180514170550/1526288762847.png
[2018-05-14 18:00:50.902] [WARN] access - GET /temp/20180514170550/1526288795243.png
[2018-05-14 18:02:36.860] [WARN] access - GET /api/menu/listsTree
[2018-05-14 18:02:36.867] [WARN] access - GET /api/user/userInfo
[2018-05-14 18:02:36.881] [INFO] access - GET /api/act/115
[2018-05-14 18:02:36.903] [WARN] access - GET /api/act/config/lists
[2018-05-14 18:02:37.044] [WARN] access - GET /temp/20180514170550/1526289068692.png
[2018-05-14 18:02:37.075] [WARN] access - GET /temp/20180514170550/1526288873422.jpeg
[2018-05-14 18:02:37.114] [WARN] access - GET /temp/20180514170550/1526288795243.png
[2018-05-14 18:02:37.121] [WARN] access - GET /temp/20180514170550/1526288762847.png
[2018-05-14 18:03:06.368] [INFO] access - POST /api/act/draft
[2018-05-14 18:03:06.770] [INFO] access - GET /api/act/lists?keys=&pageSize=15&pageIndex=1
[2018-05-14 18:06:33.256] [INFO] access - GET /api/act/115
[2018-05-14 18:06:33.271] [WARN] access - GET /api/act/config/lists
[2018-05-14 18:26:29.526] [WARN] access - GET /temp/20180514170550/1526288762847.png
[2018-05-14 18:27:51.552] [WARN] access - GET /temp/20180514170550/1526288762847.png
[2018-05-14 18:28:11.141] [WARN] access - GET /temp/20180514170550/1526289068692.png
[2018-05-14 18:28:11.146] [WARN] access - GET /temp/20180514170550/1526288762847.png
[2018-05-14 18:28:13.046] [WARN] access - GET /temp/20180514170550/1526289068692.png
[2018-05-14 18:28:13.099] [WARN] access - GET /temp/20180514170550/1526288762847.png
[2018-05-14 18:28:13.138] [WARN] access - GET /temp/20180514170550/1526288795243.png
[2018-05-14 18:28:15.523] [WARN] access - GET /temp/20180514170550/1526289068692.png
[2018-05-14 18:28:15.570] [WARN] access - GET /temp/20180514170550/1526288762847.png
[2018-05-14 18:28:15.594] [WARN] access - GET /temp/20180514170550/1526288795243.png
[2018-05-14 18:28:18.395] [WARN] access - GET /temp/20180514170550/1526289068692.png
[2018-05-14 18:28:18.433] [WARN] access - GET /temp/20180514170550/1526288762847.png
[2018-05-14 18:28:18.443] [WARN] access - GET /temp/20180514170550/1526288795243.png
[2018-05-14 18:29:07.246] [WARN] access - GET /temp/20180514170550/1526289068692.png
[2018-05-14 18:29:07.288] [WARN] access - GET /temp/20180514170550/1526288762847.png
[2018-05-14 18:29:07.292] [WARN] access - GET /temp/20180514170550/1526288795243.png
[2018-05-14 18:29:40.305] [WARN] access - GET /temp/20180514170550/1526289068692.png
[2018-05-14 18:29:40.325] [WARN] access - GET /temp/20180514170550/1526288762847.png
[2018-05-14 18:29:40.335] [WARN] access - GET /temp/20180514170550/1526288795243.png
[2018-05-14 18:29:40.339] [WARN] access - GET /temp/20180514170550/1526288873422.jpeg
[2018-05-14 18:30:52.407] [WARN] access - GET /temp/20180514170550/1526289068692.png
[2018-05-14 18:30:52.416] [WARN] access - GET /temp/20180514170550/1526288762847.png
[2018-05-14 18:30:52.437] [WARN] access - GET /temp/20180514170550/1526288795243.png
[2018-05-14 18:30:52.446] [WARN] access - GET /temp/20180514170550/1526288873422.jpeg
[2018-05-14 18:30:56.453] [WARN] access - GET /temp/20180514170550/1526289068692.png
[2018-05-14 18:30:56.463] [WARN] access - GET /temp/20180514170550/1526288762847.png
[2018-05-14 18:30:56.483] [WARN] access - GET /temp/20180514170550/1526288795243.png
[2018-05-14 18:30:56.489] [WARN] access - GET /temp/20180514170550/1526288873422.jpeg
[2018-05-14 18:31:31.830] [WARN] access - GET /temp/20180514170550/1526289068692.png
[2018-05-14 18:31:31.837] [WARN] access - GET /temp/20180514170550/1526288762847.png
[2018-05-14 18:31:31.845] [WARN] access - GET /temp/20180514170550/1526288795243.png
[2018-05-14 18:31:31.852] [WARN] access - GET /temp/20180514170550/1526288873422.jpeg
[2018-05-14 18:31:38.507] [WARN] access - GET /temp/20180514170550/1526289068692.png
[2018-05-14 18:31:38.511] [WARN] access - GET /temp/20180514170550/1526288762847.png
[2018-05-14 18:31:38.528] [WARN] access - GET /temp/20180514170550/1526288795243.png
[2018-05-14 18:31:38.534] [WARN] access - GET /temp/20180514170550/1526288873422.jpeg
[2018-05-14 18:34:36.908] [WARN] access - GET /temp/20180514170550/1526289068692.png
[2018-05-14 18:34:36.914] [WARN] access - GET /temp/20180514170550/1526288762847.png
[2018-05-14 18:34:36.921] [WARN] access - GET /temp/20180514170550/1526288795243.png
[2018-05-14 18:34:36.928] [WARN] access - GET /temp/20180514170550/1526288873422.jpeg
[2018-05-14 18:34:51.076] [WARN] access - GET /temp/20180514170550/1526289068692.png
[2018-05-14 18:34:51.084] [WARN] access - GET /temp/20180514170550/1526288762847.png
[2018-05-14 18:34:51.145] [WARN] access - GET /temp/20180514170550/1526288795243.png
[2018-05-14 18:34:51.160] [WARN] access - GET /temp/20180514170550/1526288873422.jpeg
[2018-05-14 18:35:15.936] [WARN] access - GET /temp/20180514114154/1526269331129.png
[2018-05-14 18:42:53.379] [WARN] access - GET /temp/20180514170550/1526289068692.png
[2018-05-14 18:42:53.387] [WARN] access - GET /temp/20180514170550/1526288762847.png
[2018-05-14 18:42:53.391] [WARN] access - GET /temp/20180514170550/1526288795243.png
[2018-05-14 18:42:53.395] [WARN] access - GET /temp/20180514170550/1526288873422.jpeg
[2018-05-14 18:43:20.662] [WARN] access - GET /temp/20180514170550/1526289068692.png
[2018-05-14 18:43:20.666] [WARN] access - GET /temp/20180514170550/1526288762847.png
[2018-05-14 18:43:20.678] [WARN] access - GET /temp/20180514170550/1526288795243.png
[2018-05-14 18:43:20.684] [WARN] access - GET /temp/20180514170550/1526288873422.jpeg
[2018-05-14 18:44:20.832] [WARN] access - GET /temp/20180514170550/1526289068692.png
[2018-05-14 18:44:20.840] [WARN] access - GET /temp/20180514170550/1526288762847.png
[2018-05-14 18:44:20.847] [WARN] access - GET /temp/20180514170550/1526288795243.png
[2018-05-14 18:44:20.852] [WARN] access - GET /temp/20180514170550/1526288873422.jpeg
[2018-05-14 18:45:30.349] [WARN] access - GET /temp/20180514170550/1526289068692.png
[2018-05-14 18:45:30.354] [WARN] access - GET /temp/20180514170550/1526288762847.png
[2018-05-14 18:45:30.367] [WARN] access - GET /temp/20180514170550/1526288795243.png
[2018-05-14 18:45:30.373] [WARN] access - GET /temp/20180514170550/1526288873422.jpeg
[2018-05-14 18:45:32.785] [WARN] access - GET /temp/20180514170550/1526289068692.png
[2018-05-14 18:45:32.819] [WARN] access - GET /temp/20180514170550/1526288762847.png
[2018-05-14 18:45:32.824] [WARN] access - GET /temp/20180514170550/1526288795243.png
[2018-05-14 18:45:32.828] [WARN] access - GET /temp/20180514170550/1526288873422.jpeg
[2018-05-14 18:47:39.088] [WARN] access - GET /temp/20180514170550/1526289068692.png
[2018-05-14 18:47:39.096] [WARN] access - GET /temp/20180514170550/1526288762847.png
[2018-05-14 18:47:39.130] [WARN] access - GET /temp/20180514170550/1526288795243.png
[2018-05-14 18:47:39.134] [WARN] access - GET /temp/20180514170550/1526288873422.jpeg
[2018-05-14 18:54:50.110] [WARN] access - GET /temp/20180514170550/1526289068692.png
[2018-05-14 18:54:50.145] [WARN] access - GET /temp/20180514170550/1526288762847.png
[2018-05-14 18:54:50.247] [WARN] access - GET /temp/20180514170550/1526288795243.png
[2018-05-14 18:54:50.315] [WARN] access - GET /temp/20180514170550/1526288873422.jpeg
[2018-05-14 18:57:11.019] [WARN] access - GET /temp/20180514170550/1526289068692.png
[2018-05-14 18:57:11.050] [WARN] access - GET /temp/20180514170550/1526288762847.png
[2018-05-14 18:57:11.056] [WARN] access - GET /temp/20180514170550/1526288795243.png
[2018-05-14 18:57:11.075] [WARN] access - GET /temp/20180514170550/1526288873422.jpeg
[2018-05-14 19:04:06.724] [WARN] access - GET /temp/20180514170550/1526289068692.png
[2018-05-14 19:04:06.739] [WARN] access - GET /temp/20180514170550/1526288762847.png
[2018-05-14 19:04:06.746] [WARN] access - GET /temp/20180514170550/1526288795243.png
[2018-05-14 19:04:06.752] [WARN] access - GET /temp/20180514170550/1526288873422.jpeg
[2018-05-14 19:05:15.776] [WARN] access - GET /temp/20180514170550/1526289068692.png
[2018-05-14 19:05:15.886] [WARN] access - GET /temp/20180514170550/1526288762847.png
[2018-05-14 19:05:15.937] [WARN] access - GET /temp/20180514170550/1526288795243.png
[2018-05-14 19:05:15.979] [WARN] access - GET /temp/20180514170550/1526288873422.jpeg
[2018-05-14 19:38:35.313] [WARN] access - GET /temp/20180514170550/1526289068692.png
[2018-05-14 19:38:35.323] [WARN] access - GET /temp/20180514170550/1526288762847.png
[2018-05-14 19:38:35.384] [WARN] access - GET /temp/20180514170550/1526288795243.png
[2018-05-14 19:38:35.389] [WARN] access - GET /temp/20180514170550/1526288873422.jpeg
[2018-05-14 19:39:08.695] [WARN] access - GET /temp/20180514170550/1526289068692.png
[2018-05-14 19:39:08.710] [WARN] access - GET /temp/20180514170550/1526288762847.png
[2018-05-14 19:39:08.715] [WARN] access - GET /temp/20180514170550/1526288795243.png
[2018-05-14 19:39:08.719] [WARN] access - GET /temp/20180514170550/1526288873422.jpeg
[2018-05-14 19:42:55.393] [WARN] access - GET /temp/20180514170550/1526289068692.png
[2018-05-14 19:42:55.407] [WARN] access - GET /temp/20180514170550/1526288762847.png
[2018-05-14 19:42:55.412] [WARN] access - GET /temp/20180514170550/1526288795243.png
[2018-05-14 19:42:55.429] [WARN] access - GET /temp/20180514170550/1526288873422.jpeg
[2018-05-14 19:43:17.751] [WARN] access - GET /temp/20180514170550/1526289068692.png
[2018-05-14 19:43:17.799] [WARN] access - GET /temp/20180514170550/1526288762847.png
[2018-05-14 19:43:17.818] [WARN] access - GET /temp/20180514170550/1526288795243.png
[2018-05-14 19:43:17.822] [WARN] access - GET /temp/20180514170550/1526288873422.jpeg
[2018-05-14 19:43:39.129] [INFO] access - GET /temp/20180514170550/1526289068692.png
[2018-05-14 19:43:39.157] [WARN] access - GET /temp/20180514170550/1526288762847.png
[2018-05-14 19:43:39.165] [WARN] access - GET /temp/20180514170550/1526288795243.png
[2018-05-14 19:43:39.175] [WARN] access - GET /temp/20180514170550/1526288873422.jpeg
[2018-05-14 19:44:53.768] [WARN] access - GET /api/act/config/lists
[2018-05-14 19:44:53.775] [INFO] access - GET /api/act/114
[2018-05-14 19:45:01.231] [WARN] access - GET /api/act/lists?keys=&pageSize=15&pageIndex=1
[2018-05-14 19:45:04.298] [INFO] access - GET /api/act/111
[2018-05-14 19:45:04.301] [WARN] access - GET /api/act/config/lists
[2018-05-14 19:45:07.762] [WARN] access - GET /api/act/config/lists?keys=
[2018-05-14 19:45:09.031] [WARN] access - GET /api/act/tpl/lists
[2018-05-14 19:45:09.198] [ERROR] access - GET /images/act_tpl_image/1524735070034.png
[2018-05-14 19:45:09.206] [WARN] access - GET /images/act_tpl_image/1526280829890.jpeg
[2018-05-14 19:45:09.236] [WARN] access - GET /images/act_tpl_image/1525680727077.png
[2018-05-14 19:45:09.255] [ERROR] access - GET /images/act_tpl_image/1520488106123.png
[2018-05-14 19:45:11.927] [WARN] access - GET /api/act/config/lists
[2018-05-14 19:45:11.930] [INFO] access - GET /api/act/tpl/55
[2018-05-14 19:46:05.605] [WARN] access - GET /temp/20180514170550/1526289068692.png
[2018-05-14 19:46:05.629] [WARN] access - GET /temp/20180514170550/1526288762847.png
[2018-05-14 19:46:05.664] [WARN] access - GET /temp/20180514170550/1526288795243.png
[2018-05-14 19:46:05.692] [WARN] access - GET /temp/20180514170550/1526288873422.jpeg
[2018-05-14 19:46:17.174] [WARN] access - GET /temp/20180514170550/1526289068692.png
[2018-05-14 19:46:17.179] [WARN] access - GET /temp/20180514170550/1526288762847.png
[2018-05-14 19:46:17.230] [WARN] access - GET /temp/20180514170550/1526288795243.png
[2018-05-14 19:46:17.242] [WARN] access - GET /temp/20180514170550/1526288873422.jpeg
[2018-05-14 19:48:13.125] [WARN] access - GET /api/act/lists?keys=&pageSize=15&pageIndex=1
[2018-05-14 19:48:14.561] [WARN] access - GET /api/act/config/lists
[2018-05-14 19:48:14.565] [INFO] access - GET /api/act/115
[2018-05-14 19:48:14.695] [WARN] access - GET /temp/20180514170550/1526288873422.jpeg
[2018-05-14 19:48:14.729] [WARN] access - GET /temp/20180514170550/1526289068692.png
[2018-05-14 19:48:14.739] [WARN] access - GET /temp/20180514170550/1526288762847.png
[2018-05-14 19:48:14.743] [WARN] access - GET /temp/20180514170550/1526288795243.png
[2018-05-14 19:48:48.873] [WARN] access - GET /temp/20180514170550/1526289068692.png
[2018-05-14 19:48:48.879] [WARN] access - GET /temp/20180514170550/1526288795243.png
[2018-05-14 19:48:48.886] [WARN] access - GET /temp/20180514170550/1526288762847.png
[2018-05-14 19:48:48.894] [WARN] access - GET /temp/20180514170550/1526288873422.jpeg
[2018-05-14 19:51:29.305] [WARN] access - GET /api/menu/listsTree
[2018-05-14 19:51:29.337] [WARN] access - GET /api/user/userInfo
[2018-05-14 19:51:29.343] [WARN] access - GET /api/act/config/lists
[2018-05-14 19:51:29.352] [INFO] access - GET /api/act/115
[2018-05-14 19:51:29.549] [WARN] access - GET /temp/20180514170550/1526289068692.png
[2018-05-14 19:51:29.632] [WARN] access - GET /temp/20180514170550/1526288873422.jpeg
[2018-05-14 19:51:29.658] [WARN] access - GET /temp/20180514170550/1526288762847.png
[2018-05-14 19:51:29.663] [WARN] access - GET /temp/20180514170550/1526288795243.png
[2018-05-14 19:52:17.447] [WARN] access - GET /temp/20180514170550/1526289068692.png
[2018-05-14 19:54:38.997] [WARN] access - GET /temp/20180514170550/1526289068692.png
[2018-05-14 19:54:39.014] [WARN] access - GET /temp/20180514170550/1526288762847.png
[2018-05-14 19:54:39.028] [WARN] access - GET /temp/20180514170550/1526288795243.png
[2018-05-14 19:54:39.033] [WARN] access - GET /temp/20180514170550/1526288873422.jpeg
[2018-05-14 19:58:14.193] [WARN] access - GET /temp/20180514170550/1526289068692.png
[2018-05-14 19:58:14.200] [WARN] access - GET /temp/20180514170550/1526288762847.png
[2018-05-14 19:58:14.211] [WARN] access - GET /temp/20180514170550/1526288795243.png
[2018-05-14 19:58:14.219] [WARN] access - GET /temp/20180514170550/1526288873422.jpeg
[2018-05-14 20:07:02.613] [WARN] access - GET /api/menu/listsTree
[2018-05-14 20:07:02.626] [WARN] access - GET /api/user/userInfo
[2018-05-14 20:07:02.629] [WARN] access - GET /api/act/config/lists
[2018-05-14 20:07:02.633] [INFO] access - GET /api/act/115
[2018-05-14 20:07:02.772] [WARN] access - GET /temp/20180514170550/1526288762847.png
[2018-05-14 20:07:02.778] [WARN] access - GET /temp/20180514170550/1526288795243.png
[2018-05-14 20:08:10.241] [WARN] access - GET /api/menu/listsTree
[2018-05-14 20:08:10.245] [WARN] access - GET /api/user/userInfo
[2018-05-14 20:08:10.280] [INFO] access - GET /api/act/115
[2018-05-14 20:08:10.288] [WARN] access - GET /api/act/config/lists
[2018-05-14 20:08:50.298] [WARN] access - GET /api/menu/listsTree
[2018-05-14 20:08:50.304] [WARN] access - GET /api/user/userInfo
[2018-05-14 20:08:50.359] [INFO] access - GET /api/act/115
[2018-05-14 20:08:50.363] [WARN] access - GET /api/act/config/lists
[2018-05-14 20:10:52.786] [WARN] access - GET /api/menu/listsTree
[2018-05-14 20:10:52.793] [WARN] access - GET /api/user/userInfo
[2018-05-14 20:10:52.874] [INFO] access - GET /api/act/115
[2018-05-14 20:10:52.879] [WARN] access - GET /api/act/config/lists
[2018-05-14 20:11:42.122] [WARN] access - GET /api/menu/listsTree
[2018-05-14 20:11:42.125] [WARN] access - GET /api/user/userInfo
[2018-05-14 20:11:42.173] [INFO] access - GET /api/act/115
[2018-05-14 20:11:42.179] [WARN] access - GET /api/act/config/lists
[2018-05-14 20:12:56.955] [WARN] access - GET /api/menu/listsTree
[2018-05-14 20:12:56.964] [WARN] access - GET /api/user/userInfo
[2018-05-14 20:12:56.995] [INFO] access - GET /api/act/115
[2018-05-14 20:12:57.001] [WARN] access - GET /api/act/config/lists
[2018-05-14 20:13:49.458] [WARN] access - GET /api/menu/listsTree
[2018-05-14 20:13:49.463] [WARN] access - GET /api/user/userInfo
[2018-05-14 20:13:49.482] [INFO] access - GET /api/act/115
[2018-05-14 20:13:49.487] [WARN] access - GET /api/act/config/lists
[2018-05-14 20:15:28.725] [WARN] access - GET /api/menu/listsTree
[2018-05-14 20:15:28.770] [WARN] access - GET /api/user/userInfo
[2018-05-14 20:15:28.778] [INFO] access - GET /api/act/115
[2018-05-14 20:15:28.783] [WARN] access - GET /api/act/config/lists
[2018-05-14 20:15:29.062] [WARN] access - GET /temp/20180514170550/1526289068692.png
[2018-05-14 20:15:29.179] [WARN] access - GET /temp/20180514170550/1526288873422.jpeg
[2018-05-14 20:15:32.566] [WARN] access - GET /temp/20180514170550/1526288762847.png
[2018-05-14 20:15:32.571] [WARN] access - GET /temp/20180514170550/1526288795243.png
[2018-05-14 20:15:34.480] [WARN] access - GET /api/menu/listsTree
[2018-05-14 20:15:34.484] [WARN] access - GET /api/user/userInfo
[2018-05-14 20:15:34.556] [INFO] access - GET /api/act/115
[2018-05-14 20:15:34.566] [WARN] access - GET /api/act/config/lists
[2018-05-14 20:15:34.708] [WARN] access - GET /temp/20180514170550/1526289068692.png
[2018-05-14 20:15:34.784] [WARN] access - GET /temp/20180514170550/1526288873422.jpeg
[2018-05-14 20:15:37.915] [WARN] access - GET /temp/20180514170550/1526288795243.png
[2018-05-14 20:15:37.918] [WARN] access - GET /temp/20180514170550/1526288762847.png
[2018-05-14 20:15:44.259] [INFO] access - POST /api/act/draft
[2018-05-14 20:15:44.660] [INFO] access - GET /api/act/lists?keys=&pageSize=15&pageIndex=1
[2018-05-14 20:15:59.591] [INFO] access - GET /api/act/115
[2018-05-14 20:15:59.597] [WARN] access - GET /api/act/config/lists
[2018-05-14 20:16:02.425] [WARN] access - GET /api/menu/listsTree
[2018-05-14 20:16:02.434] [WARN] access - GET /api/user/userInfo
[2018-05-14 20:16:02.475] [WARN] access - GET /api/act/config/lists
[2018-05-14 20:16:02.481] [INFO] access - GET /api/act/115
[2018-05-14 20:16:02.720] [WARN] access - GET /temp/20180514170550/1526289068692.png
[2018-05-14 20:16:02.742] [WARN] access - GET /temp/20180514170550/1526288873422.jpeg
[2018-05-14 20:16:43.191] [WARN] access - GET /api/menu/listsTree
[2018-05-14 20:16:43.195] [WARN] access - GET /api/user/userInfo
[2018-05-14 20:16:43.216] [INFO] access - GET /api/act/115
[2018-05-14 20:16:43.220] [WARN] access - GET /api/act/config/lists
[2018-05-14 20:16:43.373] [WARN] access - GET /temp/20180514170550/1526289068692.png
[2018-05-14 20:16:43.442] [WARN] access - GET /temp/20180514170550/1526288873422.jpeg
[2018-05-14 20:17:45.486] [WARN] access - GET /temp/20180514170550/1526289068692.png
[2018-05-14 20:17:45.492] [WARN] access - GET /temp/20180514170550/1526288762847.png
[2018-05-14 20:17:45.497] [WARN] access - GET /temp/20180514170550/1526288795243.png
[2018-05-14 20:17:45.503] [WARN] access - GET /temp/20180514170550/1526288873422.jpeg
[2018-05-14 20:18:56.812] [WARN] access - GET /api/menu/listsTree
[2018-05-14 20:18:56.817] [WARN] access - GET /api/user/userInfo
[2018-05-14 20:18:56.862] [INFO] access - GET /api/act/115
[2018-05-14 20:18:56.871] [WARN] access - GET /api/act/config/lists
[2018-05-14 20:18:57.039] [WARN] access - GET /temp/20180514170550/1526289068692.png
[2018-05-14 20:18:57.107] [WARN] access - GET /temp/20180514170550/1526288873422.jpeg
[2018-05-14 20:19:21.166] [WARN] access - GET /api/menu/listsTree
[2018-05-14 20:19:21.174] [WARN] access - GET /api/user/userInfo
[2018-05-14 20:19:21.291] [INFO] access - GET /api/act/115
[2018-05-14 20:19:21.294] [WARN] access - GET /api/act/config/lists
[2018-05-14 20:19:21.422] [WARN] access - GET /temp/20180514170550/1526289068692.png
[2018-05-14 20:19:21.482] [WARN] access - GET /temp/20180514170550/1526288873422.jpeg
[2018-05-14 20:19:29.276] [WARN] access - GET /api/menu/listsTree
[2018-05-14 20:19:29.292] [WARN] access - GET /api/user/userInfo
[2018-05-14 20:19:29.352] [INFO] access - GET /api/act/115
[2018-05-14 20:19:29.356] [WARN] access - GET /api/act/config/lists
[2018-05-14 20:19:29.549] [WARN] access - GET /temp/20180514170550/1526289068692.png
[2018-05-14 20:19:29.656] [WARN] access - GET /temp/20180514170550/1526288873422.jpeg
[2018-05-14 20:20:02.910] [WARN] access - GET /temp/20180514170550/1526289068692.png
[2018-05-14 20:20:02.924] [WARN] access - GET /temp/20180514170550/1526288762847.png
[2018-05-14 20:20:02.968] [WARN] access - GET /temp/20180514170550/1526288795243.png
[2018-05-14 20:20:02.993] [WARN] access - GET /temp/20180514170550/1526288873422.jpeg
[2018-05-14 20:20:16.065] [WARN] access - GET /temp/20180514170550/1526289068692.png
[2018-05-14 20:20:16.071] [WARN] access - GET /temp/20180514170550/1526288762847.png
[2018-05-14 20:20:16.081] [WARN] access - GET /temp/20180514170550/1526288795243.png
[2018-05-14 20:20:16.105] [WARN] access - GET /temp/20180514170550/1526288873422.jpeg
[2018-05-14 20:20:43.505] [WARN] access - GET /temp/20180514170550/1526289068692.png
[2018-05-14 20:20:43.567] [WARN] access - GET /temp/20180514170550/1526288762847.png
[2018-05-14 20:20:43.577] [WARN] access - GET /temp/20180514170550/1526288795243.png
[2018-05-14 20:20:43.585] [WARN] access - GET /temp/20180514170550/1526288873422.jpeg
[2018-05-14 20:22:04.779] [WARN] access - GET /temp/20180514170550/1526289068692.png
[2018-05-14 20:22:04.792] [WARN] access - GET /temp/20180514170550/1526288762847.png
[2018-05-14 20:22:04.837] [WARN] access - GET /temp/20180514170550/1526288795243.png
[2018-05-14 20:22:04.840] [WARN] access - GET /temp/20180514170550/1526288873422.jpeg
[2018-05-14 20:22:09.167] [WARN] access - GET /temp/20180514170550/1526289068692.png
[2018-05-14 20:22:09.174] [WARN] access - GET /temp/20180514170550/1526288762847.png
[2018-05-14 20:22:09.180] [WARN] access - GET /temp/20180514170550/1526288795243.png
[2018-05-14 20:22:09.184] [WARN] access - GET /temp/20180514170550/1526288873422.jpeg
[2018-05-14 20:22:10.176] [WARN] access - GET /temp/20180514170550/1526289068692.png
[2018-05-14 20:22:10.202] [WARN] access - GET /temp/20180514170550/1526288762847.png
[2018-05-14 20:22:10.212] [WARN] access - GET /temp/20180514170550/1526288795243.png
[2018-05-14 20:22:10.219] [WARN] access - GET /temp/20180514170550/1526288873422.jpeg
