[2018-01-09 09:52:16.010] [INFO] access - POST /api/signin
[2018-01-09 09:52:16.100] [WARN] access - GET /api/user/userInfo
[2018-01-09 09:52:16.107] [INFO] access - GET /api/menu/listsTree
[2018-01-09 09:53:05.726] [INFO] access - GET /api/act/tpl/lists
[2018-01-09 09:53:12.172] [INFO] access - GET /api/act/lists?keys=&pageSize=15&pageIndex=1
[2018-01-09 09:53:23.927] [WARN] access - GET /api/act/tpl/lists
[2018-01-09 09:55:54.195] [INFO] access - POST /api/act/tpl/add
[2018-01-09 09:55:54.479] [INFO] access - GET /api/act/tpl/lists
[2018-01-09 09:56:19.756] [WARN] access - GET /api/act/lists?keys=&pageSize=15&pageIndex=1
[2018-01-09 09:56:21.238] [WARN] access - GET /api/act/tpl/lists
[2018-01-09 09:56:26.542] [WARN] access - GET /api/act/lists?keys=&pageSize=15&pageIndex=1
[2018-01-09 09:56:27.496] [WARN] access - GET /api/act/tpl/lists
[2018-01-09 10:02:06.342] [INFO] access - GET /api/act/components/lists?keys=
[2018-01-09 10:02:08.243] [WARN] access - GET /api/act/tpl/lists
[2018-01-09 10:02:37.882] [WARN] access - GET /api/act/tpl/lists
[2018-01-09 10:02:43.094] [WARN] access - GET /api/act/tpl/lists
[2018-01-09 10:03:34.775] [WARN] access - GET /api/menu/listsTree
[2018-01-09 10:03:34.780] [WARN] access - GET /api/user/userInfo
[2018-01-09 10:03:39.598] [WARN] access - GET /api/act/tpl/lists
[2018-01-09 10:10:46.662] [WARN] access - GET /api/act/tpl/lists
[2018-01-09 10:11:13.244] [WARN] access - GET /api/menu/listsTree
[2018-01-09 10:11:13.260] [WARN] access - GET /api/user/userInfo
[2018-01-09 10:11:13.269] [WARN] access - GET /api/act/tpl/lists
[2018-01-09 10:12:50.920] [WARN] access - GET /api/user/userInfo
[2018-01-09 10:12:50.930] [WARN] access - GET /api/menu/listsTree
[2018-01-09 10:12:50.939] [WARN] access - GET /api/act/tpl/lists
[2018-01-09 10:27:20.871] [WARN] access - GET /api/menu/listsTree
[2018-01-09 10:27:20.884] [WARN] access - GET /api/user/userInfo
[2018-01-09 10:27:20.890] [WARN] access - GET /api/act/tpl/lists
[2018-01-09 10:28:32.644] [WARN] access - GET /api/menu/listsTree
[2018-01-09 10:28:32.654] [WARN] access - GET /api/user/userInfo
[2018-01-09 10:28:32.662] [WARN] access - GET /api/act/tpl/lists
[2018-01-09 10:29:41.726] [WARN] access - GET /api/menu/listsTree
[2018-01-09 10:29:41.735] [WARN] access - GET /api/user/userInfo
[2018-01-09 10:29:41.740] [WARN] access - GET /api/act/tpl/lists
[2018-01-09 10:29:59.774] [WARN] access - GET /api/act/tpl/lists
[2018-01-09 10:30:02.986] [WARN] access - GET /api/menu/listsTree
[2018-01-09 10:30:02.991] [WARN] access - GET /api/user/userInfo
[2018-01-09 10:30:02.998] [WARN] access - GET /api/act/tpl/lists
[2018-01-09 10:42:49.809] [WARN] access - GET /api/user/userInfo
[2018-01-09 10:42:49.819] [WARN] access - GET /api/menu/listsTree
[2018-01-09 10:42:49.832] [INFO] access - GET /api/act/tpl/lists
[2018-01-09 10:42:56.960] [WARN] access - GET /api/menu/listsTree
[2018-01-09 10:42:56.966] [WARN] access - GET /api/user/userInfo
[2018-01-09 10:42:56.973] [WARN] access - GET /api/act/tpl/lists
[2018-01-09 10:42:57.091] [WARN] access - GET /images/act_tpl_image/1515462954153.png
[2018-01-09 10:47:26.068] [INFO] access - GET /api/act/tpl/37
[2018-01-09 10:49:06.892] [INFO] access - POST /api/act/upload
[2018-01-09 10:49:37.663] [INFO] access - POST /api/act/upload
[2018-01-09 10:55:42.522] [INFO] access - POST /api/act/upload
[2018-01-09 10:56:34.663] [INFO] access - POST /api/act/upload
[2018-01-09 10:57:49.520] [INFO] access - POST /api/act/upload
[2018-01-09 10:58:56.675] [INFO] access - POST /api/act/upload
[2018-01-09 10:59:11.891] [INFO] access - POST /api/act/upload
[2018-01-09 10:59:39.053] [INFO] access - POST /api/act/upload
[2018-01-09 11:00:53.766] [INFO] access - POST /api/act/upload
[2018-01-09 11:01:01.858] [INFO] access - POST /api/act/upload
[2018-01-09 11:03:07.356] [INFO] access - POST /api/act/upload
[2018-01-09 11:03:14.835] [INFO] access - POST /api/act/upload
[2018-01-09 11:08:10.459] [WARN] access - GET /api/user/userInfo
[2018-01-09 11:08:10.468] [WARN] access - GET /api/menu/listsTree
[2018-01-09 11:08:10.473] [INFO] access - GET /api/act/tpl/37
[2018-01-09 11:08:21.023] [INFO] access - POST /api/act/upload
[2018-01-09 11:09:00.913] [INFO] access - POST /api/act/upload
[2018-01-09 11:09:58.354] [INFO] access - POST /api/act/upload
[2018-01-09 11:12:04.498] [INFO] access - POST /api/act/upload
[2018-01-09 11:12:26.955] [INFO] access - POST /api/act/upload
[2018-01-09 11:13:02.613] [INFO] access - POST /api/act/upload
[2018-01-09 15:24:22.741] [WARN] access - GET /api/menu/listsTree
[2018-01-09 15:24:22.746] [WARN] access - GET /api/user/userInfo
[2018-01-09 15:24:32.854] [INFO] access - GET /api/act/lists?keys=&pageSize=15&pageIndex=1
[2018-01-09 15:24:34.968] [INFO] access - GET /api/act/tpl/lists
[2018-01-09 15:24:52.862] [INFO] access - GET /api/act/tpl/35
[2018-01-09 15:25:00.872] [WARN] access - GET /api/act/tpl/lists
[2018-01-09 15:25:03.052] [INFO] access - GET /api/act/tpl/36
[2018-01-09 15:25:32.612] [INFO] access - POST /api/act/upload
[2018-01-09 15:25:49.529] [WARN] access - GET /api/menu/listsTree
[2018-01-09 15:25:49.544] [WARN] access - GET /api/user/userInfo
[2018-01-09 15:25:49.549] [INFO] access - GET /api/act/tpl/36
[2018-01-09 15:25:55.401] [WARN] access - GET /api/act/tpl/lists
[2018-01-09 15:26:06.265] [INFO] access - GET /api/act/tpl/25
[2018-01-09 15:26:16.448] [INFO] access - POST /api/act/upload
[2018-01-09 15:26:27.754] [INFO] access - POST /api/act/upload
[2018-01-09 15:26:51.502] [INFO] access - POST /api/act/draft
[2018-01-09 15:26:51.808] [INFO] access - GET /api/act/lists?keys=&pageSize=15&pageIndex=1
[2018-01-09 15:26:54.556] [INFO] access - GET /api/act/69
[2018-01-09 15:27:12.293] [WARN] access - GET /api/act/tpl/lists
[2018-01-09 15:27:15.076] [WARN] access - GET /api/act/lists?keys=&pageSize=15&pageIndex=1
[2018-01-09 15:36:18.063] [INFO] access - DELETE /api/act/69
[2018-01-09 15:36:18.115] [INFO] access - GET /api/act/lists?keys=&pageSize=15&pageIndex=1
[2018-01-09 15:36:23.640] [WARN] access - GET /api/act/tpl/lists
[2018-01-09 15:36:27.374] [INFO] access - GET /api/act/tpl/38
[2018-01-09 15:36:42.586] [INFO] access - POST /api/act/upload
[2018-01-09 15:36:51.439] [INFO] access - POST /api/act/upload
[2018-01-09 15:37:26.355] [INFO] access - POST /api/act/draft
[2018-01-09 15:37:26.644] [INFO] access - GET /api/act/lists?keys=&pageSize=15&pageIndex=1
[2018-01-09 15:37:28.557] [INFO] access - GET /api/act/70
[2018-01-09 15:39:54.124] [WARN] access - GET /api/menu/listsTree
[2018-01-09 15:39:54.130] [WARN] access - GET /api/user/userInfo
[2018-01-09 15:39:54.156] [INFO] access - GET /api/act/70
[2018-01-09 15:39:54.454] [WARN] access - GET /temp/20180109153627/btn_1515483411427.png
[2018-01-09 15:39:54.460] [WARN] access - GET /temp/20180109153627/btn0_1515483402579.png
[2018-01-09 15:40:05.624] [INFO] access - POST /api/act/draft
[2018-01-09 15:40:05.970] [INFO] access - GET /api/act/lists?keys=&pageSize=15&pageIndex=1
[2018-01-09 15:40:07.867] [INFO] access - GET /api/act/70
[2018-01-09 15:40:31.381] [WARN] access - GET /api/menu/listsTree
[2018-01-09 15:40:31.386] [WARN] access - GET /api/user/userInfo
[2018-01-09 15:40:31.407] [INFO] access - GET /api/act/70
[2018-01-09 15:46:16.456] [WARN] access - GET /api/menu/listsTree
[2018-01-09 15:46:16.468] [WARN] access - GET /api/user/userInfo
[2018-01-09 15:46:16.482] [INFO] access - GET /api/act/70
[2018-01-09 15:53:14.596] [WARN] access - GET /api/act/tpl/lists
[2018-01-09 15:53:16.473] [INFO] access - GET /api/act/tpl/38
[2018-01-09 15:57:11.060] [WARN] access - GET /api/act/lists?keys=&pageSize=15&pageIndex=1
[2018-01-09 15:57:13.366] [INFO] access - DELETE /api/act/70
[2018-01-09 15:57:13.412] [INFO] access - GET /api/act/lists?keys=&pageSize=15&pageIndex=1
[2018-01-09 15:57:17.320] [WARN] access - GET /api/act/tpl/lists
[2018-01-09 16:06:56.295] [WARN] access - GET /api/menu/listsTree
[2018-01-09 16:06:56.301] [WARN] access - GET /api/user/userInfo
[2018-01-09 16:06:56.308] [WARN] access - GET /api/act/tpl/lists
[2018-01-09 16:06:56.527] [ERROR] access - GET /images/act_tpl_image/1515479250337.png
[2018-01-09 16:06:56.531] [ERROR] access - GET /images/act_tpl_image/1515408620587.png
[2018-01-09 16:06:56.535] [ERROR] access - GET /images/act_tpl_image/1515399779137.jpg
[2018-01-09 16:06:56.540] [ERROR] access - GET /images/act_tpl_image/1515393289072.jpg
[2018-01-09 16:06:56.560] [ERROR] access - GET /images/act_tpl_image/1515142227549.png
[2018-01-09 16:06:56.565] [ERROR] access - GET /images/act_tpl_image/1515130804055.jpg
[2018-01-09 16:06:56.569] [ERROR] access - GET /images/act_tpl_image/1514873616171.jpg
[2018-01-09 16:06:56.574] [ERROR] access - GET /images/act_tpl_image/1514865921114.jpg
[2018-01-09 16:06:56.596] [ERROR] access - GET /images/act_tpl_image/1512982125135.07
[2018-01-09 16:06:56.601] [ERROR] access - GET /images/act_tpl_image/1512717024582.png
[2018-01-09 16:06:56.609] [ERROR] access - GET /images/act_tpl_image/1512716952220.png
[2018-01-09 16:06:56.617] [ERROR] access - GET /images/act_tpl_image/1512699261215.jpg
[2018-01-09 16:07:03.592] [WARN] access - GET /api/act/lists?keys=&pageSize=15&pageIndex=1
[2018-01-09 16:07:05.863] [WARN] access - GET /api/act/tpl/lists
[2018-01-09 16:07:08.678] [INFO] access - GET /api/act/tpl/38
[2018-01-09 16:07:30.071] [INFO] access - POST /api/act/draft
[2018-01-09 16:07:30.372] [INFO] access - GET /api/act/lists?keys=&pageSize=15&pageIndex=1
[2018-01-09 16:07:32.336] [INFO] access - GET /api/act/71
[2018-01-09 16:07:58.729] [INFO] access - POST /api/act/upload
[2018-01-09 16:08:08.943] [INFO] access - POST /api/act/draft
[2018-01-09 16:08:09.246] [INFO] access - GET /api/act/lists?keys=&pageSize=15&pageIndex=1
[2018-01-09 16:08:11.824] [INFO] access - GET /api/act/71
[2018-01-09 16:09:12.401] [WARN] access - GET /api/act/tpl/lists
[2018-01-09 16:09:16.077] [WARN] access - GET /api/act/lists?keys=&pageSize=15&pageIndex=1
[2018-01-09 16:09:18.507] [INFO] access - DELETE /api/act/71
[2018-01-09 16:09:18.563] [INFO] access - GET /api/act/lists?keys=&pageSize=15&pageIndex=1
[2018-01-09 16:09:19.824] [WARN] access - GET /api/act/tpl/lists
[2018-01-09 16:09:22.309] [INFO] access - GET /api/act/tpl/38
[2018-01-09 16:09:32.238] [INFO] access - POST /api/act/upload
[2018-01-09 16:10:30.941] [INFO] access - POST /api/act/draft
[2018-01-09 16:10:31.233] [INFO] access - GET /api/act/lists?keys=&pageSize=15&pageIndex=1
[2018-01-09 16:11:27.702] [INFO] access - GET /api/act/72
[2018-01-09 16:15:25.935] [INFO] access - POST /api/act/draft
[2018-01-09 16:15:26.203] [INFO] access - GET /api/act/lists?keys=&pageSize=15&pageIndex=1
[2018-01-09 16:17:24.883] [WARN] access - GET /api/act/tpl/lists
[2018-01-09 16:17:26.703] [INFO] access - GET /api/act/tpl/38
[2018-01-09 16:17:36.063] [INFO] access - POST /api/act/upload
[2018-01-09 16:17:48.451] [INFO] access - POST /api/act/draft
[2018-01-09 16:17:48.746] [INFO] access - GET /api/act/lists?keys=&pageSize=15&pageIndex=1
[2018-01-09 16:17:51.078] [INFO] access - GET /api/act/73
[2018-01-09 16:17:59.897] [WARN] access - GET /api/menu/listsTree
[2018-01-09 16:17:59.902] [WARN] access - GET /api/user/userInfo
[2018-01-09 16:17:59.923] [INFO] access - GET /api/act/73
[2018-01-09 16:18:00.206] [WARN] access - GET /temp/20180109161726/btn0_1515485856054.png
[2018-01-09 16:18:23.851] [INFO] access - GET /api/act/73
[2018-01-09 16:20:18.481] [INFO] access - POST /api/act/draft
[2018-01-09 16:21:12.240] [INFO] access - GET /api/act/lists?keys=&pageSize=15&pageIndex=1
[2018-01-09 16:21:17.375] [INFO] access - GET /api/act/73
[2018-01-09 16:21:23.440] [WARN] access - GET /api/menu/listsTree
[2018-01-09 16:21:23.446] [WARN] access - GET /api/user/userInfo
[2018-01-09 16:21:23.463] [INFO] access - GET /api/act/73
[2018-01-09 16:21:31.190] [WARN] access - GET /api/act/lists?keys=&pageSize=15&pageIndex=1
[2018-01-09 16:21:33.440] [INFO] access - DELETE /api/act/73
[2018-01-09 16:21:33.481] [INFO] access - GET /api/act/lists?keys=&pageSize=15&pageIndex=1
[2018-01-09 16:21:41.215] [INFO] access - DELETE /api/act/72
[2018-01-09 16:21:41.248] [INFO] access - GET /api/act/lists?keys=&pageSize=15&pageIndex=1
[2018-01-09 16:22:25.605] [WARN] access - GET /api/act/tpl/lists
[2018-01-09 16:22:27.357] [INFO] access - GET /api/act/tpl/38
[2018-01-09 16:22:41.719] [INFO] access - POST /api/act/upload
[2018-01-09 16:22:48.790] [INFO] access - POST /api/act/draft
[2018-01-09 16:22:49.098] [INFO] access - GET /api/act/lists?keys=&pageSize=15&pageIndex=1
[2018-01-09 16:22:51.854] [INFO] access - GET /api/act/74
[2018-01-09 16:23:34.671] [INFO] access - POST /api/act/draft
[2018-01-09 16:25:10.299] [INFO] access - GET /api/act/lists?keys=&pageSize=15&pageIndex=1
[2018-01-09 16:25:13.717] [INFO] access - DELETE /api/act/74
[2018-01-09 16:25:13.767] [INFO] access - GET /api/act/lists?keys=&pageSize=15&pageIndex=1
[2018-01-09 16:26:04.192] [WARN] access - GET /api/act/tpl/lists
[2018-01-09 16:26:06.482] [INFO] access - GET /api/act/tpl/38
[2018-01-09 16:26:19.986] [INFO] access - POST /api/act/upload
[2018-01-09 16:26:22.834] [INFO] access - POST /api/act/draft
[2018-01-09 16:26:23.165] [INFO] access - GET /api/act/lists?keys=&pageSize=15&pageIndex=1
[2018-01-09 16:26:24.889] [INFO] access - GET /api/act/75
[2018-01-09 16:26:33.169] [INFO] access - POST /api/act/draft
[2018-01-09 16:26:33.448] [INFO] access - GET /api/act/lists?keys=&pageSize=15&pageIndex=1
[2018-01-09 16:26:37.075] [INFO] access - GET /api/act/75
[2018-01-09 16:26:44.991] [WARN] access - GET /api/menu/listsTree
[2018-01-09 16:26:44.997] [WARN] access - GET /api/user/userInfo
[2018-01-09 16:26:45.014] [INFO] access - GET /api/act/75
[2018-01-09 16:27:06.704] [WARN] access - GET /api/menu/listsTree
[2018-01-09 16:27:06.716] [WARN] access - GET /api/user/userInfo
[2018-01-09 16:27:06.720] [INFO] access - GET /api/act/75
[2018-01-09 16:28:12.125] [INFO] access - GET /api/act/75
[2018-01-09 16:28:19.279] [WARN] access - GET /api/act/lists?keys=&pageSize=15&pageIndex=1
[2018-01-09 16:28:21.743] [INFO] access - DELETE /api/act/75
[2018-01-09 16:28:21.775] [INFO] access - GET /api/act/lists?keys=&pageSize=15&pageIndex=1
[2018-01-09 16:28:22.898] [WARN] access - GET /api/act/tpl/lists
[2018-01-09 16:28:25.106] [INFO] access - GET /api/act/tpl/38
[2018-01-09 16:28:41.859] [INFO] access - POST /api/act/upload
[2018-01-09 16:28:44.167] [INFO] access - POST /api/act/draft
[2018-01-09 16:28:44.467] [INFO] access - GET /api/act/lists?keys=&pageSize=15&pageIndex=1
[2018-01-09 16:28:46.252] [INFO] access - GET /api/act/76
[2018-01-09 16:28:48.764] [INFO] access - POST /api/act/draft
[2018-01-09 16:28:49.045] [INFO] access - GET /api/act/lists?keys=&pageSize=15&pageIndex=1
[2018-01-09 16:28:52.259] [INFO] access - GET /api/act/76
[2018-01-09 16:28:53.928] [INFO] access - POST /api/act/draft
[2018-01-09 16:28:54.192] [INFO] access - GET /api/act/lists?keys=&pageSize=15&pageIndex=1
[2018-01-09 16:31:34.743] [INFO] access - GET /api/act/76
[2018-01-09 16:31:46.143] [INFO] access - POST /api/act/upload
[2018-01-09 16:32:25.043] [INFO] access - POST /api/act/draft
[2018-01-09 16:32:25.336] [INFO] access - GET /api/act/lists?keys=&pageSize=15&pageIndex=1
[2018-01-09 16:32:27.011] [INFO] access - GET /api/act/76
[2018-01-09 16:34:03.128] [WARN] access - GET /api/menu/listsTree
[2018-01-09 16:34:03.144] [WARN] access - GET /api/user/userInfo
[2018-01-09 16:34:03.161] [INFO] access - GET /api/act/76
[2018-01-09 16:34:03.545] [WARN] access - GET /temp/20180109162825/btn_1515486521853.png
[2018-01-09 16:34:03.550] [WARN] access - GET /temp/20180109163134/btn0_1515486706136.png
[2018-01-09 16:37:24.086] [WARN] access - GET /api/menu/listsTree
[2018-01-09 16:37:24.091] [WARN] access - GET /api/user/userInfo
[2018-01-09 16:37:24.107] [INFO] access - GET /api/act/76
[2018-01-09 16:37:24.457] [WARN] access - GET /temp/20180109162825/btn_1515486521853.png
[2018-01-09 16:37:24.466] [WARN] access - GET /temp/20180109163134/btn0_1515486706136.png
[2018-01-09 16:41:47.385] [WARN] access - GET /api/act/lists?keys=&pageSize=15&pageIndex=1
[2018-01-09 16:41:51.219] [WARN] access - GET /api/act/tpl/lists
[2018-01-09 16:41:54.829] [INFO] access - GET /api/act/tpl/38
[2018-01-09 16:42:04.473] [INFO] access - POST /api/act/upload
[2018-01-09 16:43:11.145] [WARN] access - GET /api/menu/listsTree
[2018-01-09 16:43:11.153] [WARN] access - GET /api/user/userInfo
[2018-01-09 16:43:11.158] [INFO] access - GET /api/act/tpl/38
[2018-01-09 16:43:23.053] [WARN] access - GET /api/act/lists?keys=&pageSize=15&pageIndex=1
[2018-01-09 16:43:25.268] [INFO] access - GET /api/act/76
[2018-01-09 16:43:25.493] [WARN] access - GET /temp/20180109162825/btn_1515486521853.png
[2018-01-09 16:43:25.510] [WARN] access - GET /temp/20180109163134/btn0_1515486706136.png
[2018-01-09 16:43:45.754] [INFO] access - POST /api/act/upload
[2018-01-09 16:44:56.171] [WARN] access - GET /api/menu/listsTree
[2018-01-09 16:44:56.180] [WARN] access - GET /api/user/userInfo
[2018-01-09 16:44:56.207] [INFO] access - GET /api/act/76
[2018-01-09 16:44:56.459] [WARN] access - GET /temp/20180109163134/btn0_1515486706136.png
[2018-01-09 16:44:56.538] [WARN] access - GET /temp/20180109162825/btn_1515486521853.png
[2018-01-09 16:45:16.560] [WARN] access - GET /api/menu/listsTree
[2018-01-09 16:45:16.565] [WARN] access - GET /api/user/userInfo
[2018-01-09 16:45:16.582] [INFO] access - GET /api/act/76
[2018-01-09 16:45:16.808] [WARN] access - GET /temp/20180109163134/btn0_1515486706136.png
[2018-01-09 16:45:16.891] [WARN] access - GET /temp/20180109162825/btn_1515486521853.png
[2018-01-09 16:46:00.373] [WARN] access - GET /api/menu/listsTree
[2018-01-09 16:46:00.378] [WARN] access - GET /api/user/userInfo
[2018-01-09 16:46:00.406] [INFO] access - GET /api/act/76
[2018-01-09 16:46:00.739] [WARN] access - GET /temp/20180109163134/btn0_1515486706136.png
[2018-01-09 16:46:00.855] [WARN] access - GET /temp/20180109162825/btn_1515486521853.png
[2018-01-09 16:47:47.863] [WARN] access - GET /api/menu/listsTree
[2018-01-09 16:47:47.877] [WARN] access - GET /api/user/userInfo
[2018-01-09 16:47:47.893] [INFO] access - GET /api/act/76
[2018-01-09 16:47:48.186] [WARN] access - GET /temp/20180109163134/btn0_1515486706136.png
[2018-01-09 16:48:07.521] [WARN] access - GET /temp/20180109162825/btn_1515486521853.png
[2018-01-09 16:49:31.858] [WARN] access - GET /api/menu/listsTree
[2018-01-09 16:49:31.865] [WARN] access - GET /api/user/userInfo
[2018-01-09 16:49:31.893] [INFO] access - GET /api/act/76
[2018-01-09 16:49:32.219] [WARN] access - GET /temp/20180109163134/btn0_1515486706136.png
[2018-01-09 16:49:32.344] [WARN] access - GET /temp/20180109162825/btn_1515486521853.png
[2018-01-09 16:53:32.378] [INFO] access - POST /api/act/draft
[2018-01-09 16:53:32.688] [INFO] access - GET /api/act/lists?keys=&pageSize=15&pageIndex=1
[2018-01-09 16:53:35.558] [INFO] access - DELETE /api/act/76
[2018-01-09 16:53:35.589] [INFO] access - GET /api/act/lists?keys=&pageSize=15&pageIndex=1
[2018-01-09 19:02:16.214] [WARN] access - GET /api/user/userInfo
[2018-01-09 19:02:16.223] [WARN] access - GET /api/menu/listsTree
[2018-01-09 19:02:16.236] [WARN] access - GET /api/act/lists?keys=&pageSize=15&pageIndex=1
[2018-01-09 19:02:21.920] [WARN] access - GET /api/menu/listsTree
[2018-01-09 19:02:21.927] [WARN] access - GET /api/user/userInfo
[2018-01-09 19:04:16.903] [WARN] access - GET /api/menu/listsTree
[2018-01-09 19:04:16.908] [WARN] access - GET /api/user/userInfo
[2018-01-09 19:04:19.650] [WARN] access - GET /api/menu/listsTree
[2018-01-09 19:04:19.656] [WARN] access - GET /api/user/userInfo
[2018-01-09 19:04:39.154] [WARN] access - GET /api/menu/listsTree
[2018-01-09 19:04:39.159] [WARN] access - GET /api/user/userInfo
[2018-01-09 19:04:48.167] [WARN] access - GET /api/menu/listsTree
[2018-01-09 19:04:48.172] [WARN] access - GET /api/user/userInfo
[2018-01-09 19:09:43.599] [WARN] access - GET /api/menu/listsTree
[2018-01-09 19:09:43.604] [WARN] access - GET /api/user/userInfo
[2018-01-09 19:11:18.979] [WARN] access - GET /api/menu/listsTree
[2018-01-09 19:11:18.985] [WARN] access - GET /api/user/userInfo
[2018-01-09 19:12:20.455] [WARN] access - GET /api/menu/listsTree
[2018-01-09 19:12:20.459] [WARN] access - GET /api/user/userInfo
[2018-01-09 19:23:44.197] [WARN] access - GET /api/menu/listsTree
[2018-01-09 19:23:44.202] [WARN] access - GET /api/user/userInfo
[2018-01-09 19:24:44.920] [WARN] access - GET /api/act/lists?keys=&pageSize=15&pageIndex=1
[2018-01-09 19:43:15.183] [WARN] access - GET /api/menu/listsTree
[2018-01-09 19:43:15.188] [WARN] access - GET /api/user/userInfo
