[2017-10-23 15:05:54.650] [INFO] access - POST /api/signin
[2017-10-23 15:05:54.824] [WARN] access - GET /api/user/userInfo
[2017-10-23 15:05:54.844] [INFO] access - GET /api/menu/listsTree
[2017-10-23 15:05:59.952] [WARN] access - GET /api/menu/listsTree
[2017-10-23 15:05:59.958] [INFO] access - GET /api/menu/lists
[2017-10-23 15:05:59.985] [WARN] access - GET /api/menu/listsTree
[2017-10-23 15:17:01.759] [WARN] access - GET /api/menu/listsTree
[2017-10-23 15:17:01.777] [WARN] access - GET /api/menu/lists
[2017-10-23 15:17:01.792] [WARN] access - GET /api/menu/listsTree
[2017-10-23 15:17:03.103] [WARN] access - GET /api/menu/listsTree
[2017-10-23 15:17:03.113] [WARN] access - GET /api/menu/lists
[2017-10-23 15:17:03.129] [WARN] access - GET /api/menu/listsTree
[2017-10-23 15:17:05.167] [WARN] access - GET /api/menu/listsTree
[2017-10-23 15:17:05.172] [WARN] access - GET /api/menu/lists
[2017-10-23 15:17:05.187] [WARN] access - GET /api/menu/listsTree
[2017-10-23 15:17:25.321] [WARN] access - GET /api/menu/listsTree
[2017-10-23 15:17:25.326] [WARN] access - GET /api/menu/lists
[2017-10-23 15:17:25.338] [WARN] access - GET /api/menu/listsTree
[2017-10-23 15:17:33.586] [WARN] access - GET /api/menu/listsTree
[2017-10-23 15:17:33.600] [WARN] access - GET /api/menu/lists
[2017-10-23 15:17:33.615] [WARN] access - GET /api/menu/listsTree
[2017-10-23 15:20:52.871] [WARN] access - GET /api/menu/lists
[2017-10-23 15:20:52.878] [WARN] access - GET /api/menu/listsTree
[2017-10-23 15:20:52.904] [WARN] access - GET /api/menu/listsTree
[2017-10-23 15:21:24.882] [WARN] access - GET /api/menu/listsTree
[2017-10-23 15:21:24.890] [WARN] access - GET /api/menu/lists
[2017-10-23 15:21:24.910] [WARN] access - GET /api/menu/listsTree
[2017-10-23 15:23:09.568] [WARN] access - GET /api/menu/listsTree
[2017-10-23 15:23:09.574] [WARN] access - GET /api/menu/lists
[2017-10-23 15:23:09.587] [WARN] access - GET /api/menu/listsTree
[2017-10-23 15:27:49.639] [WARN] access - GET /api/menu/listsTree
[2017-10-23 15:27:49.776] [WARN] access - GET /api/menu/listsTree
[2017-10-23 15:27:49.787] [INFO] access - GET /api/menu/lists?keys=
[2017-10-23 15:27:53.343] [WARN] access - GET /api/menu/listsTree
[2017-10-23 15:27:53.355] [WARN] access - GET /api/menu/lists?keys=
[2017-10-23 15:27:53.367] [WARN] access - GET /api/menu/listsTree
[2017-10-23 15:28:28.709] [WARN] access - GET /api/menu/listsTree
[2017-10-23 15:28:28.729] [INFO] access - GET /api/menu/lists?keys=%E9%85%8D%E7%BD%AE
[2017-10-23 15:28:28.744] [WARN] access - GET /api/menu/listsTree
[2017-10-23 15:28:46.263] [WARN] access - GET /api/menu/listsTree
[2017-10-23 15:28:46.293] [INFO] access - GET /api/menu/lists?keys=%E9%85%8D%E7%BD%AE
[2017-10-23 15:28:46.297] [WARN] access - GET /api/menu/listsTree
[2017-10-23 15:33:07.399] [WARN] access - GET /api/menu/listsTree
[2017-10-23 15:34:30.347] [WARN] access - GET /api/menu/listsTree
[2017-10-23 15:34:30.353] [WARN] access - GET /api/user/userInfo
[2017-10-23 15:34:30.612] [WARN] access - GET /api/menu/listsTree
[2017-10-23 15:34:30.631] [WARN] access - GET /api/menu/lists?keys=
[2017-10-23 15:34:30.637] [WARN] access - GET /api/menu/listsTree
[2017-10-23 15:34:38.648] [WARN] access - GET /api/menu/listsTree
[2017-10-23 15:34:38.664] [WARN] access - GET /api/menu/lists?keys=%E9%85%8D%E7%BD%AE
[2017-10-23 15:34:38.676] [WARN] access - GET /api/menu/listsTree
[2017-10-23 15:34:54.556] [WARN] access - GET /api/menu/listsTree
[2017-10-23 15:34:54.562] [WARN] access - GET /api/menu/lists?keys=
[2017-10-23 15:35:06.943] [WARN] access - GET /api/menu/listsTree
[2017-10-23 15:35:06.954] [WARN] access - GET /api/menu/lists?keys=%E9%85%8D%E7%BD%AE
[2017-10-23 15:35:53.570] [WARN] access - GET /api/menu/listsTree
[2017-10-23 15:36:04.093] [WARN] access - GET /api/menu/lists?keys=%E9%85%8D%E7%BD%AE
[2017-10-23 15:36:56.090] [INFO] access - GET /api/menu/listsTree
[2017-10-23 15:36:58.044] [WARN] access - GET /api/user/userInfo
[2017-10-23 15:36:58.095] [INFO] access - GET /api/menu/listsTree
[2017-10-23 15:36:58.168] [WARN] access - GET /api/menu/lists?keys=
[2017-10-23 15:37:04.864] [WARN] access - GET /api/menu/listsTree
[2017-10-23 15:37:04.876] [WARN] access - GET /api/menu/lists?keys=%E9%85%8D%E7%BD%AE
[2017-10-23 15:37:28.863] [WARN] access - GET /api/menu/listsTree
[2017-10-23 15:37:28.877] [WARN] access - GET /api/menu/lists?keys=%E9%85%8D%E7%BD%AE
[2017-10-23 15:38:23.323] [WARN] access - GET /api/menu/listsTree
[2017-10-23 15:38:27.530] [WARN] access - GET /api/menu/lists?keys=
[2017-10-23 15:38:34.676] [WARN] access - GET /api/menu/listsTree
[2017-10-23 15:41:52.503] [WARN] access - GET /api/menu/lists?keys=%E9%85%8D%E7%BD%AE
[2017-10-23 15:41:53.660] [WARN] access - GET /api/menu/listsTree
[2017-10-23 15:41:53.666] [WARN] access - GET /api/user/userInfo
[2017-10-23 15:41:53.926] [WARN] access - GET /api/menu/listsTree
[2017-10-23 15:41:59.061] [WARN] access - GET /api/menu/lists?keys=
[2017-10-23 15:42:12.833] [WARN] access - GET /api/menu/listsTree
[2017-10-23 15:42:27.766] [WARN] access - GET /api/menu/lists?keys=%E9%85%8D%E7%BD%AE
[2017-10-23 15:42:39.869] [WARN] access - GET /api/menu/listsTree
[2017-10-23 15:42:44.100] [WARN] access - GET /api/menu/listsTree
[2017-10-23 15:42:44.137] [WARN] access - GET /api/user/userInfo
[2017-10-23 15:42:44.372] [WARN] access - GET /api/menu/listsTree
[2017-10-23 15:42:52.817] [WARN] access - GET /api/menu/lists?keys=
[2017-10-23 15:43:03.784] [WARN] access - GET /api/menu/listsTree
[2017-10-23 15:43:05.957] [WARN] access - GET /api/menu/lists?keys=%E9%85%8D%E7%BD%AE
[2017-10-23 15:44:06.114] [WARN] access - GET /api/menu/listsTree
[2017-10-23 15:44:06.120] [WARN] access - GET /api/user/userInfo
[2017-10-23 15:44:06.317] [WARN] access - GET /api/menu/listsTree
[2017-10-23 15:44:27.443] [WARN] access - GET /api/menu/lists?keys=
[2017-10-23 15:44:42.492] [WARN] access - GET /api/menu/listsTree
[2017-10-23 15:44:42.501] [WARN] access - GET /api/user/userInfo
[2017-10-23 15:44:42.705] [WARN] access - GET /api/menu/listsTree
[2017-10-23 15:44:48.379] [WARN] access - GET /api/menu/lists?keys=
[2017-10-23 15:45:04.940] [WARN] access - GET /api/menu/listsTree
[2017-10-23 15:45:15.685] [WARN] access - GET /api/menu/listsTree
[2017-10-23 15:45:15.694] [WARN] access - GET /api/user/userInfo
[2017-10-23 15:45:15.875] [WARN] access - GET /api/menu/listsTree
[2017-10-23 15:45:21.907] [WARN] access - GET /api/menu/lists?keys=
[2017-10-23 15:46:08.046] [WARN] access - GET /api/menu/listsTree
[2017-10-23 15:51:11.461] [WARN] access - GET /api/menu/listsTree
[2017-10-23 15:51:11.466] [WARN] access - GET /api/user/userInfo
[2017-10-23 15:51:11.685] [WARN] access - GET /api/menu/listsTree
[2017-10-23 15:51:14.358] [WARN] access - GET /api/menu/lists?keys=
[2017-10-23 15:51:21.286] [WARN] access - GET /api/menu/listsTree
[2017-10-23 15:51:24.484] [INFO] access - GET /api/menu/lists?keys=%E9%85%8D%E7%BD%AE
[2017-10-23 15:53:42.767] [WARN] access - GET /api/menu/listsTree
[2017-10-23 15:53:43.003] [WARN] access - GET /api/menu/lists?keys=
[2017-10-23 15:53:43.045] [WARN] access - GET /api/menu/listsTree
[2017-10-23 15:53:55.872] [WARN] access - GET /api/menu/listsTree
[2017-10-23 15:55:32.846] [ERROR] access - POST /api/menu/listsTree
[2017-10-23 15:55:41.096] [ERROR] access - POST /api/menu/listsTree
[2017-10-23 15:55:41.100] [WARN] access - GET /api/user/userInfo
[2017-10-23 15:55:41.310] [ERROR] access - POST /api/menu/listsTree
[2017-10-23 15:55:41.320] [ERROR] access - POST /api/menu/listsTree
[2017-10-23 15:55:41.325] [ERROR] access - POST /api/menu/lists
[2017-10-23 15:55:49.452] [ERROR] access - POST /api/menu/listsTree
[2017-10-23 15:55:49.459] [WARN] access - GET /api/user/userInfo
[2017-10-23 15:55:49.727] [ERROR] access - POST /api/menu/listsTree
[2017-10-23 15:55:49.733] [ERROR] access - POST /api/menu/listsTree
[2017-10-23 15:55:49.740] [ERROR] access - POST /api/menu/lists
[2017-10-23 15:56:38.589] [WARN] access - GET /api/menu/listsTree
[2017-10-23 15:56:57.453] [WARN] access - GET /api/user/userInfo
[2017-10-23 15:56:57.469] [WARN] access - GET /api/menu/listsTree
[2017-10-23 15:56:57.621] [WARN] access - GET /api/menu/listsTree
[2017-10-23 15:56:57.639] [WARN] access - GET /api/menu/lists?keys=
[2017-10-23 15:56:57.652] [WARN] access - GET /api/menu/listsTree
[2017-10-23 15:57:50.286] [WARN] access - GET /api/menu/listsTree
[2017-10-23 15:57:50.313] [WARN] access - GET /api/menu/listsTree
[2017-10-23 15:57:50.319] [WARN] access - GET /api/menu/lists?keys=%E9%85%8D%E7%BD%AE
[2017-10-23 15:58:03.193] [INFO] access - POST /api/menu/add
[2017-10-23 15:58:03.227] [INFO] access - GET /api/menu/listsTree
[2017-10-23 15:58:03.250] [WARN] access - GET /api/menu/lists?keys=%E9%85%8D%E7%BD%AE
[2017-10-23 15:58:03.256] [WARN] access - GET /api/menu/listsTree
[2017-10-23 15:58:10.849] [WARN] access - GET /api/menu/listsTree
[2017-10-23 15:58:10.855] [INFO] access - GET /api/menu/lists?keys=
[2017-10-23 15:58:10.865] [WARN] access - GET /api/menu/listsTree
[2017-10-23 15:58:21.223] [INFO] access - PUT /api/menu/27
[2017-10-23 15:58:21.256] [INFO] access - GET /api/menu/listsTree
[2017-10-23 15:58:21.261] [INFO] access - GET /api/menu/lists?keys=
[2017-10-23 15:58:21.275] [WARN] access - GET /api/menu/listsTree
[2017-10-23 15:58:26.651] [INFO] access - PUT /api/menu/27
[2017-10-23 15:58:26.683] [INFO] access - GET /api/menu/listsTree
[2017-10-23 15:58:26.692] [INFO] access - GET /api/menu/lists?keys=
[2017-10-23 15:58:26.703] [WARN] access - GET /api/menu/listsTree
[2017-10-23 15:58:35.328] [INFO] access - DELETE /api/menu/27
[2017-10-23 15:58:35.368] [WARN] access - GET /api/menu/listsTree
[2017-10-23 15:58:35.381] [INFO] access - GET /api/menu/lists?keys=
[2017-10-23 15:58:35.409] [WARN] access - GET /api/menu/listsTree
[2017-10-23 15:58:35.443] [WARN] access - GET /api/menu/listsTree
[2017-10-23 15:58:39.832] [INFO] access - GET /api/logs/lists?keys=&pageSize=15&pageIndex=1
[2017-10-23 15:59:39.351] [WARN] access - GET /api/menu/listsTree
[2017-10-23 15:59:39.358] [WARN] access - GET /api/user/userInfo
[2017-10-23 15:59:39.577] [WARN] access - GET /api/logs/lists?keys=&pageSize=15&pageIndex=1
[2017-10-23 16:00:29.632] [WARN] access - GET /api/menu/listsTree
[2017-10-23 16:00:29.645] [WARN] access - GET /api/user/userInfo
[2017-10-23 16:00:29.846] [WARN] access - GET /api/logs/lists?keys=&pageSize=15&pageIndex=1
[2017-10-23 16:01:05.765] [WARN] access - GET /api/menu/listsTree
[2017-10-23 16:01:05.773] [WARN] access - GET /api/user/userInfo
[2017-10-23 16:01:05.996] [WARN] access - GET /api/logs/lists?keys=&pageSize=15&pageIndex=1
[2017-10-23 16:01:13.332] [INFO] access - GET /api/logs/lists?keys=&pageSize=15&pageIndex=147
[2017-10-23 16:01:20.832] [WARN] access - GET /api/logs/lists?keys=&pageSize=15&pageIndex=1
[2017-10-23 16:02:01.255] [WARN] access - GET /api/user/userInfo
[2017-10-23 16:02:01.262] [WARN] access - GET /api/menu/listsTree
[2017-10-23 16:02:01.491] [INFO] access - GET /api/logs/lists?keys=&pageSize=15&pageIndex=1
[2017-10-23 16:03:31.962] [WARN] access - GET /api/menu/listsTree
[2017-10-23 16:03:31.991] [WARN] access - GET /api/menu/lists?keys=
[2017-10-23 16:03:31.996] [WARN] access - GET /api/menu/listsTree
[2017-10-23 16:03:34.075] [WARN] access - GET /api/logs/lists?keys=&pageSize=15&pageIndex=1
[2017-10-23 16:03:36.623] [INFO] access - GET /api/config/lists
[2017-10-23 16:03:47.253] [WARN] access - GET /api/logs/lists?keys=&pageSize=15&pageIndex=1
[2017-10-23 16:05:06.526] [WARN] access - GET /api/config/lists
[2017-10-23 16:05:12.600] [WARN] access - GET /api/config/lists
[2017-10-23 16:05:27.594] [WARN] access - GET /api/config/lists
[2017-10-23 16:06:14.881] [INFO] access - GET /api/config/lists?keys=&pageSize=15&pageIndex=1
[2017-10-23 16:06:40.947] [INFO] access - GET /api/config/lists?keys=url&pageSize=15&pageIndex=1
[2017-10-23 16:07:00.512] [WARN] access - GET /api/config/lists?keys=&pageSize=15&pageIndex=1
[2017-10-23 16:07:09.554] [INFO] access - GET /api/config/lists?keys=path&pageSize=15&pageIndex=1
[2017-10-23 16:07:12.413] [WARN] access - GET /api/config/lists?keys=&pageSize=15&pageIndex=1
[2017-10-23 16:07:32.347] [INFO] access - POST /api/config/add
[2017-10-23 16:07:32.387] [INFO] access - GET /api/config/lists?keys=&pageSize=15&pageIndex=1
[2017-10-23 16:07:42.863] [INFO] access - PUT /api/config/7
[2017-10-23 16:07:42.898] [INFO] access - GET /api/config/lists?keys=&pageSize=15&pageIndex=1
[2017-10-23 16:11:25.401] [WARN] access - GET /api/config/lists?keys=&pageSize=15&pageIndex=1
[2017-10-23 16:11:27.293] [WARN] access - GET /api/config/lists?keys=&pageSize=15&pageIndex=1
[2017-10-23 16:12:02.704] [WARN] access - GET /api/user/userInfo
[2017-10-23 16:12:02.714] [WARN] access - GET /api/menu/listsTree
[2017-10-23 16:12:02.902] [INFO] access - GET /api/config/lists?keys=&pageSize=15&pageIndex=1
[2017-10-23 16:12:55.499] [INFO] access - PUT /api/config/7
[2017-10-23 16:12:55.538] [INFO] access - GET /api/config/lists?keys=&pageSize=15&pageIndex=1
[2017-10-23 16:13:01.324] [INFO] access - DELETE /api/config/7
[2017-10-23 16:13:33.199] [INFO] access - GET /api/dep/lists?keys=
[2017-10-23 16:13:33.205] [INFO] access - GET /api/dep/treeList
[2017-10-23 16:13:39.706] [INFO] access - GET /api/dep/lists?keys=33
[2017-10-23 16:13:44.537] [WARN] access - GET /api/dep/lists?keys=
[2017-10-23 16:14:04.704] [INFO] access - POST /api/dep/add
[2017-10-23 16:14:04.729] [INFO] access - GET /api/dep/lists?keys=
[2017-10-23 16:14:04.735] [INFO] access - GET /api/dep/treeList
[2017-10-23 16:14:09.265] [INFO] access - PUT /api/dep/5
[2017-10-23 16:14:09.303] [INFO] access - GET /api/dep/treeList
[2017-10-23 16:14:09.312] [INFO] access - GET /api/dep/lists?keys=
[2017-10-23 16:14:13.262] [INFO] access - DELETE /api/dep/5
[2017-10-23 16:14:13.294] [INFO] access - GET /api/dep/lists?keys=
[2017-10-23 16:14:13.305] [WARN] access - GET /api/dep/treeList
[2017-10-23 16:14:15.391] [WARN] access - GET /api/dep/treeList
[2017-10-23 16:14:15.399] [INFO] access - GET /api/roles/lists?keys=&pageIndex=1&pageSize=15
[2017-10-23 16:14:19.154] [WARN] access - GET /api/roles/lists?keys=&pageIndex=1&pageSize=15
[2017-10-23 16:14:22.131] [INFO] access - GET /api/roles/lists?keys=ttt&pageIndex=1&pageSize=15
[2017-10-23 16:14:24.568] [WARN] access - GET /api/roles/lists?keys=&pageIndex=1&pageSize=15
[2017-10-23 16:14:30.134] [INFO] access - GET /api/roles/lists?keys=hr&pageIndex=1&pageSize=15
[2017-10-23 16:14:41.451] [WARN] access - GET /api/roles/lists?keys=&pageIndex=1&pageSize=15
[2017-10-23 16:14:42.439] [WARN] access - GET /api/roles/lists?keys=&pageIndex=1&pageSize=15
[2017-10-23 16:14:54.011] [INFO] access - POST /api/roles/add
[2017-10-23 16:14:54.053] [INFO] access - GET /api/roles/lists?keys=&pageIndex=1&pageSize=15
[2017-10-23 16:16:41.450] [INFO] access - GET /api/roles/lists?keys=&pageIndex=1&pageSize=15
[2017-10-23 16:19:14.553] [INFO] access - GET /api/roles/lists?keys=&pageIndex=1&pageSize=15
[2017-10-23 16:19:22.862] [INFO] access - PUT /api/roles/10
[2017-10-23 16:19:22.896] [INFO] access - GET /api/roles/lists?keys=&pageIndex=1&pageSize=15
[2017-10-23 16:19:30.590] [INFO] access - PUT /api/roles/10
[2017-10-23 16:19:30.634] [INFO] access - GET /api/roles/lists?keys=&pageIndex=1&pageSize=15
[2017-10-23 16:19:33.527] [INFO] access - GET /api/rule/rulelists
[2017-10-23 16:19:33.533] [INFO] access - GET /api/roles/edit/10?id=10
[2017-10-23 16:19:36.903] [WARN] access - GET /api/dep/treeList
[2017-10-23 16:19:36.910] [WARN] access - GET /api/roles/lists?keys=&pageIndex=1&pageSize=15
[2017-10-23 16:19:39.581] [INFO] access - DELETE /api/roles/10
[2017-10-23 16:19:39.613] [INFO] access - GET /api/roles/lists?keys=&pageIndex=1&pageSize=15
[2017-10-23 16:19:41.757] [INFO] access - GET /api/rule/alllists
[2017-10-23 16:19:41.776] [INFO] access - GET /api/rule/lists?keys=
[2017-10-23 16:19:46.631] [INFO] access - GET /api/rule/lists?keys=ss
[2017-10-23 16:19:49.309] [WARN] access - GET /api/rule/alllists
[2017-10-23 16:19:49.321] [WARN] access - GET /api/rule/lists?keys=
[2017-10-23 16:19:51.588] [WARN] access - GET /api/rule/alllists
[2017-10-23 16:19:51.600] [WARN] access - GET /api/rule/lists?keys=
[2017-10-23 16:19:53.430] [INFO] access - GET /api/rule/lists?keys=sys
[2017-10-23 16:20:03.163] [INFO] access - POST /api/rule/add
[2017-10-23 16:20:03.200] [INFO] access - GET /api/rule/alllists
[2017-10-23 16:20:03.214] [WARN] access - GET /api/rule/lists?keys=sys
[2017-10-23 16:20:06.960] [WARN] access - GET /api/rule/alllists
[2017-10-23 16:20:07.208] [INFO] access - GET /api/rule/lists?keys=
[2017-10-23 16:20:14.416] [INFO] access - PUT /api/rule/35
[2017-10-23 16:20:14.458] [INFO] access - GET /api/rule/alllists
[2017-10-23 16:20:14.475] [INFO] access - GET /api/rule/lists?keys=
[2017-10-23 16:20:21.411] [INFO] access - PUT /api/rule/35
[2017-10-23 16:20:21.459] [INFO] access - GET /api/rule/alllists
[2017-10-23 16:20:21.469] [INFO] access - GET /api/rule/lists?keys=
[2017-10-23 16:20:23.088] [WARN] access - GET /api/dep/treeList
[2017-10-23 16:20:23.094] [WARN] access - GET /api/roles/lists?keys=&pageIndex=1&pageSize=15
[2017-10-23 16:20:26.080] [INFO] access - GET /api/rule/rulelists
[2017-10-23 16:20:26.086] [INFO] access - GET /api/roles/edit/1?id=1
[2017-10-23 16:20:28.922] [WARN] access - GET /api/dep/treeList
[2017-10-23 16:20:28.928] [WARN] access - GET /api/roles/lists?keys=&pageIndex=1&pageSize=15
[2017-10-23 16:20:30.219] [WARN] access - GET /api/rule/alllists
[2017-10-23 16:20:30.235] [WARN] access - GET /api/rule/lists?keys=
[2017-10-23 16:20:37.998] [INFO] access - PUT /api/rule/35
[2017-10-23 16:20:38.037] [INFO] access - GET /api/rule/alllists
[2017-10-23 16:20:38.052] [INFO] access - GET /api/rule/lists?keys=
[2017-10-23 16:20:40.109] [WARN] access - GET /api/dep/treeList
[2017-10-23 16:20:40.115] [WARN] access - GET /api/roles/lists?keys=&pageIndex=1&pageSize=15
[2017-10-23 16:20:41.514] [INFO] access - GET /api/rule/rulelists
[2017-10-23 16:20:41.519] [INFO] access - GET /api/roles/edit/9?id=9
[2017-10-23 16:20:43.581] [WARN] access - GET /api/dep/treeList
[2017-10-23 16:20:43.588] [WARN] access - GET /api/roles/lists?keys=&pageIndex=1&pageSize=15
[2017-10-23 16:20:45.114] [WARN] access - GET /api/rule/alllists
[2017-10-23 16:20:45.129] [WARN] access - GET /api/rule/lists?keys=
[2017-10-23 16:20:49.079] [INFO] access - DELETE /api/rule/35
[2017-10-23 16:20:49.134] [INFO] access - GET /api/rule/alllists
[2017-10-23 16:20:49.148] [INFO] access - GET /api/rule/lists?keys=
[2017-10-23 16:20:50.938] [WARN] access - GET /api/dep/treeList
[2017-10-23 16:20:50.946] [INFO] access - GET /api/user/lists?keys=&pageSize=15&pageIndex=1
[2017-10-23 16:20:55.582] [INFO] access - GET /api/user/lists?keys=sa&pageSize=15&pageIndex=1
[2017-10-23 16:21:00.955] [INFO] access - POST /api/roles/listsByDepId
[2017-10-23 16:21:01.871] [INFO] access - POST /api/roles/listsByDepId
[2017-10-23 16:21:17.305] [INFO] access - POST /api/user/add
[2017-10-23 16:21:17.356] [INFO] access - GET /api/user/lists?keys=&pageSize=15&pageIndex=1
[2017-10-23 16:21:21.343] [WARN] access - GET /api/user/lists?keys=&pageSize=15&pageIndex=1
[2017-10-23 16:21:29.279] [INFO] access - POST /api/roles/listsByDepId
[2017-10-23 16:21:34.236] [INFO] access - PUT /api/user/6
[2017-10-23 16:21:34.269] [INFO] access - GET /api/user/lists?keys=&pageSize=15&pageIndex=1
[2017-10-23 16:21:37.145] [INFO] access - POST /api/roles/listsByDepId
[2017-10-23 16:21:40.799] [INFO] access - PUT /api/user/6
[2017-10-23 16:21:40.837] [INFO] access - GET /api/user/lists?keys=&pageSize=15&pageIndex=1
[2017-10-23 16:21:43.594] [INFO] access - DELETE /api/user/6
[2017-10-23 16:21:46.056] [WARN] access - GET /api/rule/alllists
[2017-10-23 16:21:46.072] [WARN] access - GET /api/rule/lists?keys=
[2017-10-23 16:21:47.169] [WARN] access - GET /api/dep/treeList
[2017-10-23 16:21:47.174] [INFO] access - GET /api/user/lists?keys=&pageSize=15&pageIndex=1
[2017-10-23 16:22:04.061] [INFO] access - GET /api/news/type/search?name=
[2017-10-23 16:22:04.067] [INFO] access - GET /api/news/type/alllists
[2017-10-23 16:22:12.109] [WARN] access - GET /api/news/type/alllists
[2017-10-23 16:22:12.119] [INFO] access - GET /api/news/type/search?name=zx
[2017-10-23 16:22:13.221] [WARN] access - GET /api/news/type/alllists
[2017-10-23 16:22:13.233] [WARN] access - GET /api/news/type/search?name=zx
[2017-10-23 16:22:13.459] [WARN] access - GET /api/news/type/alllists
[2017-10-23 16:22:13.465] [WARN] access - GET /api/news/type/search?name=zx
[2017-10-23 16:22:21.861] [WARN] access - GET /api/news/type/search?name=
[2017-10-23 16:22:21.866] [WARN] access - GET /api/news/type/alllists
[2017-10-23 16:23:00.836] [WARN] access - GET /api/news/type/alllists
[2017-10-23 16:23:00.852] [INFO] access - GET /api/news/type/search?name=zi
[2017-10-23 16:23:07.428] [WARN] access - GET /api/news/type/alllists
[2017-10-23 16:23:07.434] [WARN] access - GET /api/news/type/search?name=
[2017-10-23 16:23:26.061] [INFO] access - POST /api/news/type/add
[2017-10-23 16:23:26.087] [INFO] access - GET /api/news/type/search?name=
[2017-10-23 16:23:26.092] [INFO] access - GET /api/news/type/alllists
[2017-10-23 16:23:32.672] [INFO] access - PUT /api/news/type/20
[2017-10-23 16:23:32.703] [INFO] access - GET /api/news/type/search?name=
[2017-10-23 16:23:32.707] [INFO] access - GET /api/news/type/alllists
[2017-10-23 16:23:38.222] [INFO] access - DELETE /api/news/type/20
[2017-10-23 16:23:38.246] [INFO] access - GET /api/news/type/search?name=
[2017-10-23 16:23:38.250] [WARN] access - GET /api/news/type/alllists
[2017-10-23 16:23:42.347] [INFO] access - DELETE /api/news/type/17
[2017-10-23 16:23:42.375] [INFO] access - GET /api/news/type/search?name=
[2017-10-23 16:23:42.383] [INFO] access - GET /api/news/type/alllists
[2017-10-23 16:23:46.623] [INFO] access - DELETE /api/news/type/16
[2017-10-23 16:23:52.118] [INFO] access - DELETE /api/news/type/15
[2017-10-23 16:23:52.144] [INFO] access - GET /api/news/type/search?name=
[2017-10-23 16:23:52.149] [INFO] access - GET /api/news/type/alllists
[2017-10-23 16:23:55.303] [INFO] access - DELETE /api/news/type/16
[2017-10-23 16:23:55.330] [INFO] access - GET /api/news/type/search?name=
[2017-10-23 16:23:55.335] [INFO] access - GET /api/news/type/alllists
[2017-10-23 16:23:57.863] [INFO] access - DELETE /api/news/type/14
[2017-10-23 16:23:57.895] [INFO] access - GET /api/news/type/search?name=
[2017-10-23 16:23:57.901] [INFO] access - GET /api/news/type/alllists
[2017-10-23 16:24:00.512] [INFO] access - DELETE /api/news/type/13
[2017-10-23 16:24:00.539] [INFO] access - GET /api/news/type/search?name=
[2017-10-23 16:24:00.544] [INFO] access - GET /api/news/type/alllists
[2017-10-23 16:24:03.053] [ERROR] access - GET /api/news/lists?keys=&pageIndex=1&pageSize=15
[2017-10-23 16:24:18.714] [WARN] access - GET /api/news/type/search?name=
[2017-10-23 16:24:18.721] [WARN] access - GET /api/news/type/alllists
[2017-10-23 16:24:20.494] [ERROR] access - GET /api/news/lists?keys=&pageIndex=1&pageSize=15
[2017-10-23 16:24:50.797] [ERROR] access - GET /api/news/lists?keys=&pageIndex=1&pageSize=15
[2017-10-23 16:25:44.065] [ERROR] access - GET /api/news/lists?keys=&pageIndex=1&pageSize=15
[2017-10-23 16:27:47.415] [WARN] access - GET /api/news/type/alllists
[2017-10-23 16:27:47.424] [INFO] access - GET /api/news/seo/lists
[2017-10-23 16:27:50.301] [ERROR] access - GET /api/news/lists?keys=&pageIndex=1&pageSize=15
[2017-10-23 16:28:17.684] [ERROR] access - GET /api/news/lists?keys=&pageIndex=1&pageSize=15
[2017-10-23 16:29:52.174] [ERROR] access - GET /api/news/lists?keys=&pageIndex=1&pageSize=15
[2017-10-23 16:30:07.047] [ERROR] access - GET /api/news/lists?keys=&pageIndex=1&pageSize=15
[2017-10-23 16:32:36.975] [ERROR] access - GET /api/news/lists?keys=&pageIndex=1&pageSize=15
[2017-10-23 16:37:17.751] [INFO] access - GET /api/news/lists?keys=&pageIndex=1&pageSize=15
[2017-10-23 16:38:26.478] [INFO] access - GET /api/news/lists?keys=222&pageIndex=1&pageSize=15
[2017-10-23 16:38:35.081] [WARN] access - GET /api/news/lists?keys=&pageIndex=1&pageSize=15
[2017-10-23 16:38:36.853] [ERROR] access - GET /api/newsType/alllists
[2017-10-23 16:39:14.193] [WARN] access - GET /api/user/userInfo
[2017-10-23 16:39:14.199] [WARN] access - GET /api/menu/listsTree
[2017-10-23 16:39:14.205] [ERROR] access - GET /api/newsType/alllists
[2017-10-23 16:39:58.762] [WARN] access - GET /api/news/lists?keys=&pageIndex=1&pageSize=15
[2017-10-23 16:40:01.169] [ERROR] access - GET /api/newsType/alllists
[2017-10-23 16:40:44.347] [WARN] access - GET /api/menu/listsTree
[2017-10-23 16:40:44.352] [WARN] access - GET /api/user/userInfo
[2017-10-23 16:40:44.364] [ERROR] access - GET /api/newsType/alllists
[2017-10-23 16:40:56.717] [WARN] access - GET /api/news/lists?keys=&pageIndex=1&pageSize=15
[2017-10-23 16:41:24.216] [WARN] access - GET /api/news/lists?keys=&pageIndex=1&pageSize=15
[2017-10-23 16:41:31.433] [WARN] access - GET /api/news/lists?keys=&pageIndex=1&pageSize=15
[2017-10-23 16:41:59.488] [WARN] access - GET /api/news/lists?keys=&pageIndex=1&pageSize=15
[2017-10-23 16:42:12.730] [WARN] access - GET /api/news/lists?keys=&pageIndex=1&pageSize=15
[2017-10-23 16:44:57.884] [ERROR] access - GET /api/newsType/alllists
[2017-10-23 16:45:01.710] [WARN] access - GET /api/news/type/search?name=
[2017-10-23 16:45:01.715] [WARN] access - GET /api/news/type/alllists
[2017-10-23 16:45:11.276] [INFO] access - GET /api/news/lists?keys=&pageIndex=1&pageSize=15
[2017-10-23 16:45:15.319] [ERROR] access - GET /api/newsType/alllists
[2017-10-23 16:45:27.304] [WARN] access - GET /api/news/lists?keys=&pageIndex=1&pageSize=15
[2017-10-23 16:45:35.388] [ERROR] access - GET /api/newsType/alllists
[2017-10-23 16:46:05.408] [WARN] access - GET /api/news/type/alllists
[2017-10-23 16:48:50.847] [WARN] access - GET /api/user/userInfo
[2017-10-23 16:48:50.854] [WARN] access - GET /api/news/type/alllists
[2017-10-23 16:48:50.881] [WARN] access - GET /api/menu/listsTree
[2017-10-23 16:49:27.814] [WARN] access - GET /api/news/type/alllists
[2017-10-23 16:51:01.408] [WARN] access - GET /api/news/type/alllists
[2017-10-23 16:51:35.396] [INFO] access - POST /api/news/add
[2017-10-23 16:51:35.720] [INFO] access - GET /api/news/lists?keys=&pageIndex=1&pageSize=15
[2017-10-23 16:52:44.997] [INFO] access - GET /api/news/lists?keys=&pageIndex=12&pageSize=15
[2017-10-23 16:53:30.532] [INFO] access - GET /api/news/lists?keys=&pageIndex=12&pageSize=15
[2017-10-23 16:53:31.464] [WARN] access - GET /api/news/lists?keys=&pageIndex=12&pageSize=15
[2017-10-23 16:53:52.793] [INFO] access - GET /api/news/lists?keys=&pageIndex=12&pageSize=15
[2017-10-23 16:53:55.010] [INFO] access - GET /api/news/lists?keys=&pageIndex=1&pageSize=15
[2017-10-23 16:54:01.408] [INFO] access - GET /api/news/261?id=261
[2017-10-23 16:54:36.273] [WARN] access - GET /api/news/lists?keys=&pageIndex=1&pageSize=15
[2017-10-23 16:54:39.928] [INFO] access - GET /preview/news/261
[2017-10-23 16:55:04.776] [WARN] access - GET /api/news/261?id=261
[2017-10-23 16:55:08.018] [WARN] access - GET /api/news/lists?keys=&pageIndex=1&pageSize=15
[2017-10-23 16:55:28.264] [INFO] access - POST /api/publish/news/261
[2017-10-23 16:55:28.319] [INFO] access - GET /api/news/lists?keys=&pageIndex=1&pageSize=15
[2017-10-23 16:56:23.074] [INFO] access - DELETE /api/news/260
[2017-10-23 16:56:23.139] [INFO] access - GET /api/news/lists?keys=&pageIndex=1&pageSize=15
[2017-10-23 16:56:29.546] [INFO] access - GET /api/news/lists?keys=&pageIndex=2&pageSize=15
[2017-10-23 16:56:31.408] [INFO] access - GET /api/news/lists?keys=&pageIndex=3&pageSize=15
[2017-10-23 16:59:13.860] [WARN] access - GET /api/news/lists?keys=&pageIndex=1&pageSize=15
[2017-10-23 16:59:28.021] [WARN] access - GET /api/user/userInfo
[2017-10-23 16:59:28.026] [WARN] access - GET /api/menu/listsTree
[2017-10-23 16:59:28.259] [WARN] access - GET /api/news/lists?keys=&pageIndex=1&pageSize=15
[2017-10-23 17:00:18.077] [WARN] access - GET /api/menu/listsTree
[2017-10-23 17:00:18.082] [WARN] access - GET /api/user/userInfo
[2017-10-23 17:00:18.291] [WARN] access - GET /api/news/lists?keys=&pageIndex=1&pageSize=15
[2017-10-23 17:00:34.872] [WARN] access - GET /api/menu/listsTree
[2017-10-23 17:00:34.876] [WARN] access - GET /api/user/userInfo
[2017-10-23 17:00:35.104] [WARN] access - GET /api/news/lists?keys=&pageIndex=1&pageSize=15
[2017-10-23 17:01:42.574] [WARN] access - GET /api/menu/listsTree
[2017-10-23 17:01:42.581] [WARN] access - GET /api/user/userInfo
[2017-10-23 17:01:42.839] [WARN] access - GET /api/news/lists?keys=&pageIndex=1&pageSize=15
[2017-10-23 17:03:11.757] [WARN] access - GET /api/menu/listsTree
[2017-10-23 17:03:11.767] [WARN] access - GET /api/user/userInfo
[2017-10-23 17:03:11.979] [WARN] access - GET /api/news/lists?keys=&pageIndex=1&pageSize=15
[2017-10-23 17:07:22.576] [WARN] access - GET /api/news/type/alllists
[2017-10-23 17:07:22.594] [WARN] access - GET /api/news/seo/lists
[2017-10-23 17:07:29.074] [WARN] access - GET /api/news/seo/lists
[2017-10-23 17:07:38.968] [WARN] access - GET /api/news/lists?keys=&pageIndex=1&pageSize=15
[2017-10-23 17:12:23.388] [WARN] access - GET /api/news/lists?keys=&pageIndex=1&pageSize=15
[2017-10-23 17:12:43.805] [WARN] access - GET /api/news/lists?keys=&pageIndex=1&pageSize=15
[2017-10-23 17:13:04.980] [WARN] access - GET /api/menu/listsTree
[2017-10-23 17:13:04.987] [WARN] access - GET /api/user/userInfo
[2017-10-23 17:13:05.200] [WARN] access - GET /api/news/lists?keys=&pageIndex=1&pageSize=15
[2017-10-23 17:13:30.267] [WARN] access - GET /api/news/lists?keys=&pageIndex=1&pageSize=15
[2017-10-23 17:13:39.766] [WARN] access - GET /api/news/lists?keys=&pageIndex=1&pageSize=15
[2017-10-23 17:13:58.882] [INFO] access - GET /api/news/lists?keys=afd&pageIndex=1&pageSize=15
[2017-10-23 17:14:01.279] [WARN] access - GET /api/news/lists?keys=&pageIndex=1&pageSize=15
[2017-10-23 17:14:30.183] [WARN] access - GET /api/news/type/alllists
[2017-10-23 17:14:30.189] [WARN] access - GET /api/news/seo/lists
[2017-10-23 17:14:35.127] [WARN] access - GET /api/news/seo/lists
[2017-10-23 17:15:05.123] [INFO] access - GET /api/news/seo/lists?keys=&pageSize=15&pageIndex=1
[2017-10-23 17:15:05.387] [WARN] access - GET /api/news/type/alllists
[2017-10-23 17:16:41.027] [INFO] access - GET /api/news/seo/lists?keys=11&pageSize=15&pageIndex=1
[2017-10-23 17:16:44.939] [INFO] access - GET /api/news/seo/lists?keys=&pageSize=15&pageIndex=1
[2017-10-23 17:17:00.059] [INFO] access - POST /api/news/seo/add
[2017-10-23 17:17:00.101] [INFO] access - GET /api/news/seo/lists?keys=&pageSize=15&pageIndex=1
[2017-10-23 17:17:12.037] [INFO] access - PUT /api/news/seo/14
[2017-10-23 17:17:12.070] [INFO] access - GET /api/news/seo/lists?keys=&pageSize=15&pageIndex=1
[2017-10-23 17:17:15.127] [INFO] access - DELETE /api/news/seo/14
[2017-10-23 17:17:18.004] [INFO] access - DELETE /api/news/seo/13
[2017-10-23 17:17:20.375] [INFO] access - DELETE /api/news/seo/12
[2017-10-23 17:17:29.103] [INFO] access - GET /api/contracts/type/lists?keys=
[2017-10-23 17:17:31.873] [WARN] access - GET /api/contracts/type/lists?keys=
[2017-10-23 17:17:35.395] [INFO] access - GET /api/contracts/type/lists?keys=a
[2017-10-23 17:17:39.835] [WARN] access - GET /api/contracts/type/lists?keys=
[2017-10-23 17:17:55.967] [INFO] access - POST /api/contracts/type/add
[2017-10-23 17:17:56.050] [INFO] access - GET /api/contracts/type/lists?keys=
[2017-10-23 17:18:49.279] [ERROR] access - GET /api/contracts/lists?keys=
[2017-10-23 17:18:50.724] [INFO] access - GET /api/contracts/type/lists
[2017-10-23 17:18:57.261] [WARN] access - GET /api/contracts/type/lists?keys=
[2017-10-23 17:19:11.457] [INFO] access - PUT /api/contracts/type/18
[2017-10-23 17:19:11.486] [INFO] access - GET /api/contracts/type/lists?keys=
[2017-10-23 17:19:14.612] [INFO] access - DELETE /api/contracts/type/18
[2017-10-23 17:19:14.641] [INFO] access - GET /api/contracts/type/lists?keys=
[2017-10-23 17:19:17.044] [WARN] access - GET /api/contracts/history/lists?keys=&pageSize=15&pageIndex=1
[2017-10-23 17:19:20.450] [INFO] access - GET /api/contracts/history/lists?keys=aa&pageSize=15&pageIndex=1
[2017-10-23 17:19:24.151] [WARN] access - GET /api/contracts/history/lists?keys=&pageSize=15&pageIndex=1
[2017-10-23 17:19:26.285] [INFO] access - GET /preview/contracts_history/5
[2017-10-23 17:19:33.076] [ERROR] access - GET /api/contracts/lists?keys=
[2017-10-23 17:20:12.313] [INFO] access - GET /api/contracts/lists?keys=
[2017-10-23 17:20:22.971] [INFO] access - GET /api/contracts/type/lists
[2017-10-23 17:20:38.431] [WARN] access - GET /api/contracts/lists?keys=
[2017-10-23 17:20:41.829] [WARN] access - GET /api/news/lists?keys=&pageIndex=1&pageSize=15
[2017-10-23 17:20:43.529] [WARN] access - GET /api/news/type/alllists
[2017-10-23 17:23:20.759] [WARN] access - GET /api/contracts/lists?keys=
[2017-10-23 17:23:22.740] [WARN] access - GET /api/contracts/type/lists
[2017-10-23 17:25:24.414] [WARN] access - GET /api/contracts/lists?keys=
[2017-10-23 17:25:30.731] [INFO] access - GET /preview/contracts/23
[2017-10-23 17:25:34.488] [INFO] access - GET /api/contracts/23
[2017-10-23 17:27:21.688] [WARN] access - GET /api/contracts/23
[2017-10-23 17:27:21.696] [WARN] access - GET /api/user/userInfo
[2017-10-23 17:27:21.703] [WARN] access - GET /api/menu/listsTree
[2017-10-23 17:27:28.454] [WARN] access - GET /api/contracts/lists?keys=
[2017-10-23 17:27:40.607] [INFO] access - GET /api/contracts/20
[2017-10-23 17:27:45.785] [INFO] access - PUT /api/contracts/20
[2017-10-23 17:27:46.062] [INFO] access - GET /api/contracts/lists?keys=
[2017-10-23 17:27:49.511] [INFO] access - GET /preview/contracts/20
[2017-10-23 17:27:54.957] [INFO] access - DELETE /api/contracts/20
[2017-10-23 17:27:54.990] [INFO] access - GET /api/contracts/lists?keys=
[2017-10-23 17:28:05.194] [INFO] access - GET /api/files/type/lists?keys=
[2017-10-23 17:28:05.198] [INFO] access - GET /api/files/type/treeList
[2017-10-23 17:28:11.181] [INFO] access - GET /api/files/type/lists?keys=f
[2017-10-23 17:28:16.503] [INFO] access - GET /api/files/type/lists?keys=2
[2017-10-23 17:28:26.055] [WARN] access - GET /api/files/type/lists?keys=
[2017-10-23 17:28:36.659] [INFO] access - POST /api/files/type/add
[2017-10-23 17:28:36.685] [INFO] access - GET /api/files/type/lists?keys=
[2017-10-23 17:28:36.694] [INFO] access - GET /api/files/type/treeList
[2017-10-23 17:28:43.046] [INFO] access - PUT /api/files/type/5
[2017-10-23 17:28:43.070] [INFO] access - GET /api/files/type/lists?keys=
[2017-10-23 17:28:43.077] [INFO] access - GET /api/files/type/treeList
[2017-10-23 17:28:48.416] [INFO] access - DELETE /api/files/type/5
[2017-10-23 17:28:48.455] [INFO] access - GET /api/files/type/lists?keys=
[2017-10-23 17:28:48.466] [WARN] access - GET /api/files/type/treeList
[2017-10-23 17:28:54.939] [INFO] access - DELETE /api/files/type/1
[2017-10-23 17:28:54.971] [INFO] access - GET /api/files/type/lists?keys=
[2017-10-23 17:28:54.985] [INFO] access - GET /api/files/type/treeList
[2017-10-23 17:29:04.834] [WARN] access - GET /api/files/type/treeList
[2017-10-23 17:29:04.840] [INFO] access - GET /api/files/lists?keys=&pageIndex=1&pageSize=15
[2017-10-23 17:30:19.348] [INFO] access - POST /api/files/upload
[2017-10-23 17:30:19.382] [INFO] access - POST /api/files/add
[2017-10-23 17:30:19.423] [INFO] access - GET /api/files/lists?keys=&pageIndex=1&pageSize=15
[2017-10-23 17:30:19.428] [WARN] access - GET /api/files/type/treeList
[2017-10-23 17:30:58.013] [WARN] access - GET /api/contracts/history/lists?keys=&pageSize=15&pageIndex=1
[2017-10-23 17:31:01.264] [WARN] access - GET /api/files/type/lists?keys=
[2017-10-23 17:31:01.270] [WARN] access - GET /api/files/type/treeList
[2017-10-23 17:31:02.376] [WARN] access - GET /api/files/lists?keys=&pageIndex=1&pageSize=15
[2017-10-23 17:31:02.382] [WARN] access - GET /api/files/type/treeList
[2017-10-23 17:35:07.808] [WARN] access - GET /api/files/lists?keys=&pageIndex=1&pageSize=15
[2017-10-23 17:35:07.932] [WARN] access - GET /api/files/type/treeList
[2017-10-23 17:35:07.970] [WARN] access - GET /api/files/type/treeList
[2017-10-23 17:35:10.888] [WARN] access - GET /api/files/lists?keys=&pageIndex=1&pageSize=15
[2017-10-23 17:35:10.894] [WARN] access - GET /api/files/type/treeList
[2017-10-23 17:35:28.967] [WARN] access - GET /api/files/lists?keys=&pageIndex=1&pageSize=15
[2017-10-23 17:35:28.974] [WARN] access - GET /api/files/type/treeList
[2017-10-23 17:35:42.939] [WARN] access - GET /api/files/type/treeList
[2017-10-23 17:35:42.948] [WARN] access - GET /api/files/lists?keys=&pageIndex=1&pageSize=15
[2017-10-23 17:35:42.966] [WARN] access - GET /api/files/type/treeList
[2017-10-23 17:35:51.679] [WARN] access - GET /api/files/type/treeList
[2017-10-23 17:35:51.685] [WARN] access - GET /api/files/lists?keys=&pageIndex=1&pageSize=15
[2017-10-23 17:36:07.615] [WARN] access - GET /api/files/lists?keys=&pageIndex=1&pageSize=15
[2017-10-23 17:36:07.622] [WARN] access - GET /api/files/type/treeList
[2017-10-23 17:36:24.332] [WARN] access - GET /api/files/type/treeList
[2017-10-23 17:36:24.337] [WARN] access - GET /api/files/lists?keys=&pageIndex=1&pageSize=15
[2017-10-23 17:36:35.753] [WARN] access - GET /api/files/lists?keys=&pageIndex=1&pageSize=15
[2017-10-23 17:36:35.759] [WARN] access - GET /api/files/type/treeList
[2017-10-23 17:36:59.003] [WARN] access - GET /api/files/type/treeList
[2017-10-23 17:36:59.007] [WARN] access - GET /api/files/lists?keys=&pageIndex=1&pageSize=15
[2017-10-23 17:37:09.683] [WARN] access - GET /api/files/lists?keys=&pageIndex=1&pageSize=15
[2017-10-23 17:37:09.925] [WARN] access - GET /api/files/type/treeList
[2017-10-23 17:37:19.756] [WARN] access - GET /api/files/lists?keys=&pageIndex=1&pageSize=15
[2017-10-23 17:37:49.384] [WARN] access - GET /api/files/type/lists?keys=
[2017-10-23 17:37:49.389] [WARN] access - GET /api/files/type/treeList
[2017-10-23 17:37:58.173] [WARN] access - GET /api/files/type/lists?keys=
[2017-10-23 17:38:00.497] [WARN] access - GET /api/files/type/lists?keys=
[2017-10-23 17:38:09.319] [INFO] access - POST /api/files/type/add
[2017-10-23 17:38:09.345] [INFO] access - GET /api/files/type/treeList
[2017-10-23 17:38:09.353] [INFO] access - GET /api/files/type/lists?keys=
[2017-10-23 17:38:35.828] [INFO] access - PUT /api/files/type/6
[2017-10-23 17:38:35.850] [INFO] access - GET /api/files/type/lists?keys=
[2017-10-23 17:38:35.856] [INFO] access - GET /api/files/type/treeList
[2017-10-23 17:38:56.851] [INFO] access - PUT /api/files/type/6
[2017-10-23 17:38:56.876] [INFO] access - GET /api/files/type/lists?keys=
[2017-10-23 17:38:56.883] [INFO] access - GET /api/files/type/treeList
[2017-10-23 17:39:09.649] [INFO] access - DELETE /api/files/type/6
[2017-10-23 17:39:09.675] [INFO] access - GET /api/files/type/lists?keys=
[2017-10-23 17:39:09.679] [INFO] access - GET /api/files/type/treeList
[2017-10-23 17:39:18.638] [WARN] access - GET /api/files/lists?keys=&pageIndex=1&pageSize=15
[2017-10-23 17:39:18.646] [WARN] access - GET /api/files/type/treeList
[2017-10-23 17:40:06.602] [WARN] access - GET /api/news/lists?keys=&pageIndex=1&pageSize=15
[2017-10-23 17:40:19.441] [WARN] access - GET /api/files/lists?keys=&pageIndex=1&pageSize=15
[2017-10-23 17:40:19.449] [WARN] access - GET /api/files/type/treeList
[2017-10-23 17:41:25.347] [INFO] access - DELETE /api/files/111
[2017-10-23 17:41:25.378] [INFO] access - GET /api/files/lists?keys=&pageIndex=1&pageSize=15
[2017-10-23 17:52:42.681] [INFO] access - POST /api/signin
[2017-10-23 17:52:42.798] [INFO] access - GET /api/menu/listsTree
[2017-10-23 17:52:42.802] [INFO] access - GET /api/user/userInfo
[2017-10-23 17:52:46.006] [INFO] access - GET /api/contracts/type/lists?keys=
[2017-10-23 17:52:49.475] [INFO] access - GET /api/contracts/lists?keys=
[2017-10-23 17:53:26.279] [WARN] access - GET /api/menu/listsTree
[2017-10-23 17:53:26.284] [WARN] access - GET /api/user/userInfo
[2017-10-23 17:53:26.313] [WARN] access - GET /api/contracts/lists?keys=
[2017-10-23 17:54:14.485] [WARN] access - GET /api/menu/listsTree
[2017-10-23 17:54:14.491] [WARN] access - GET /api/user/userInfo
[2017-10-23 17:54:14.516] [WARN] access - GET /api/contracts/lists?keys=
[2017-10-23 19:50:32.960] [INFO] access - GET /api/files/type/treeList
[2017-10-23 19:50:32.969] [INFO] access - GET /api/files/lists?keys=&pageIndex=1&pageSize=15
[2017-10-23 19:50:35.352] [INFO] access - POST /api/signout
[2017-10-23 19:50:46.967] [INFO] access - POST /api/signin
[2017-10-23 19:51:03.273] [INFO] access - POST /api/signin
[2017-10-23 19:51:46.024] [INFO] access - POST /api/signin
[2017-10-23 19:52:44.657] [INFO] access - POST /api/signin
[2017-10-23 19:53:29.662] [INFO] access - POST /api/signin
[2017-10-23 19:53:49.312] [INFO] access - POST /api/signin
[2017-10-23 19:54:10.233] [INFO] access - POST /api/signin
[2017-10-23 19:54:46.417] [INFO] access - POST /api/signin
[2017-10-23 20:01:21.898] [INFO] access - POST /api/signin
[2017-10-23 20:02:21.294] [INFO] access - POST /api/signin
[2017-10-23 20:08:01.202] [INFO] access - POST /api/signin
[2017-10-23 20:08:58.779] [INFO] access - POST /api/signin
[2017-10-23 20:09:30.737] [INFO] access - POST /api/signin
[2017-10-23 20:10:15.149] [INFO] access - POST /api/signin
[2017-10-23 20:12:07.191] [INFO] access - POST /api/signin
[2017-10-23 20:12:07.292] [INFO] access - GET /api/user/userInfo
[2017-10-23 20:12:07.298] [INFO] access - GET /api/menu/listsTree
[2017-10-23 20:14:14.383] [WARN] access - GET /api/user/userInfo
[2017-10-23 20:14:58.345] [WARN] access - GET /api/user/userInfo
[2017-10-23 20:15:34.988] [WARN] access - GET /api/user/userInfo
[2017-10-23 20:15:43.091] [WARN] access - GET /api/user/userInfo
[2017-10-23 20:21:51.909] [WARN] access - GET /api/menu/listsTree
[2017-10-23 20:21:51.917] [WARN] access - GET /api/user/userInfo
[2017-10-23 20:24:40.409] [WARN] access - GET /api/user/userInfo
[2017-10-23 20:26:58.702] [INFO] access - GET /api/user/userInfo
[2017-10-23 20:26:58.713] [INFO] access - GET /api/menu/listsTree
[2017-10-23 20:27:05.697] [INFO] access - PUT /api/user/userInfo/1
[2017-10-23 20:27:20.050] [INFO] access - POST /api/signout
[2017-10-23 20:27:26.881] [INFO] access - POST /api/signin
[2017-10-23 20:27:26.955] [WARN] access - GET /api/menu/listsTree
[2017-10-23 20:27:26.959] [INFO] access - GET /api/user/userInfo
[2017-10-23 20:27:30.813] [INFO] access - POST /api/signout
[2017-10-23 20:27:36.498] [INFO] access - POST /api/signin
[2017-10-23 20:27:36.573] [WARN] access - GET /api/menu/listsTree
[2017-10-23 20:27:36.578] [WARN] access - GET /api/user/userInfo
[2017-10-23 20:28:37.302] [INFO] access - PUT /api/user/userInfo/1
[2017-10-23 20:28:44.605] [WARN] access - GET /api/dep/treeList
[2017-10-23 20:28:44.613] [INFO] access - GET /api/user/lists?keys=&pageSize=15&pageIndex=1
[2017-10-23 20:28:46.648] [INFO] access - POST /api/roles/listsByDepId
[2017-10-23 20:28:51.254] [INFO] access - PUT /api/user/5
[2017-10-23 20:28:51.287] [INFO] access - GET /api/user/lists?keys=&pageSize=15&pageIndex=1
[2017-10-23 20:28:53.656] [INFO] access - POST /api/roles/listsByDepId
[2017-10-23 20:28:55.467] [INFO] access - PUT /api/user/4
[2017-10-23 20:28:55.510] [INFO] access - GET /api/user/lists?keys=&pageSize=15&pageIndex=1
[2017-10-23 20:28:56.649] [INFO] access - POST /api/roles/listsByDepId
[2017-10-23 20:28:58.317] [INFO] access - PUT /api/user/3
[2017-10-23 20:28:58.349] [INFO] access - GET /api/user/lists?keys=&pageSize=15&pageIndex=1
[2017-10-23 20:28:59.442] [INFO] access - POST /api/roles/listsByDepId
[2017-10-23 20:29:00.696] [INFO] access - PUT /api/user/2
[2017-10-23 20:29:00.734] [INFO] access - GET /api/user/lists?keys=&pageSize=15&pageIndex=1
[2017-10-23 20:29:02.374] [INFO] access - POST /api/roles/listsByDepId
[2017-10-23 20:30:06.166] [INFO] access - GET /api/user/userInfo
[2017-10-23 20:30:06.182] [INFO] access - GET /api/menu/listsTree
[2017-10-23 20:30:06.187] [INFO] access - GET /api/dep/treeList
[2017-10-23 20:30:06.193] [INFO] access - GET /api/user/lists?keys=&pageSize=15&pageIndex=1
[2017-10-23 20:30:09.289] [INFO] access - POST /api/roles/listsByDepId
[2017-10-23 20:30:10.757] [INFO] access - PUT /api/user/3
[2017-10-23 20:30:10.795] [INFO] access - GET /api/user/lists?keys=&pageSize=15&pageIndex=1
[2017-10-23 20:30:15.524] [INFO] access - POST /api/roles/listsByDepId
[2017-10-23 20:30:19.789] [INFO] access - PUT /api/user/3
[2017-10-23 20:30:19.824] [INFO] access - GET /api/user/lists?keys=&pageSize=15&pageIndex=1
