[2017-11-01 17:13:25.432] [WARN] access - GET /api/files/type/treeList
[2017-11-01 17:13:25.442] [WARN] access - GET /api/files/lists?keys=&pageIndex=1&pageSize=15
[2017-11-01 17:14:04.137] [INFO] access - POST /api/files/upload
[2017-11-01 17:14:04.173] [INFO] access - POST /api/files/add
[2017-11-01 17:14:04.234] [INFO] access - GET /api/files/lists?keys=&pageIndex=1&pageSize=15
[2017-11-01 17:18:58.425] [INFO] access - POST /api/files/upload
[2017-11-01 17:18:58.457] [INFO] access - POST /api/files/add
[2017-11-01 17:18:58.488] [INFO] access - GET /api/files/lists?keys=&pageIndex=1&pageSize=15
[2017-11-01 17:46:26.317] [INFO] access - POST /api/files/upload
[2017-11-01 17:52:40.857] [WARN] access - GET /api/user/userInfo
[2017-11-01 17:52:40.872] [WARN] access - GET /api/menu/listsTree
[2017-11-01 17:52:40.878] [WARN] access - GET /api/files/type/treeList
[2017-11-01 17:52:40.889] [INFO] access - GET /api/files/lists?keys=&pageIndex=1&pageSize=15
[2017-11-01 17:52:51.637] [INFO] access - POST /api/files/upload
[2017-11-01 17:56:10.933] [WARN] access - GET /api/user/userInfo
[2017-11-01 17:56:10.941] [WARN] access - GET /api/menu/listsTree
[2017-11-01 17:56:10.946] [WARN] access - GET /api/files/type/treeList
[2017-11-01 17:56:10.953] [WARN] access - GET /api/files/lists?keys=&pageIndex=1&pageSize=15
[2017-11-01 17:56:24.204] [INFO] access - POST /api/files/upload
[2017-11-01 17:56:24.311] [INFO] access - POST /api/files/add
[2017-11-01 17:56:24.447] [INFO] access - GET /api/files/lists?keys=&pageIndex=1&pageSize=15
[2017-11-01 17:57:47.028] [WARN] access - GET /api/files/type/treeList
[2017-11-01 17:57:47.034] [WARN] access - GET /api/files/lists?keys=&pageIndex=1&pageSize=15
[2017-11-01 17:58:24.025] [WARN] access - GET /api/menu/listsTree
[2017-11-01 17:58:24.030] [WARN] access - GET /api/user/userInfo
[2017-11-01 17:58:24.055] [WARN] access - GET /api/files/type/treeList
[2017-11-01 17:58:24.061] [WARN] access - GET /api/files/lists?keys=&pageIndex=1&pageSize=15
[2017-11-01 17:59:46.021] [INFO] access - POST /api/files/upload
[2017-11-01 17:59:46.058] [INFO] access - POST /api/files/add
[2017-11-01 17:59:46.116] [INFO] access - GET /api/files/lists?keys=&pageIndex=1&pageSize=15
[2017-11-01 18:10:39.945] [ERROR] access - GET /api/files/upload
