[2018-06-04 15:10:53.691] [WARN] access - GET /api/user/userInfo
[2018-06-04 15:10:53.710] [WARN] access - GET /api/menu/listsTree
[2018-06-04 15:10:55.297] [WARN] access - GET /api/menu/listsTree
[2018-06-04 15:10:55.308] [WARN] access - GET /api/user/userInfo
[2018-06-04 15:10:56.242] [INFO] access - GET /api/news/type/search?name=
[2018-06-04 15:10:56.250] [INFO] access - GET /api/news/type/alllists
[2018-06-04 15:11:23.049] [WARN] access - GET /api/act/lists?keys=&pageSize=15&pageIndex=1
[2018-06-04 15:11:24.084] [WARN] access - GET /api/act/tpl/lists
[2018-06-04 15:11:34.438] [INFO] access - GET /api/act/tpl/60
[2018-06-04 15:11:34.443] [WARN] access - GET /api/act/config/lists
[2018-06-04 15:11:46.111] [INFO] access - POST /api/act/upload
[2018-06-04 15:11:49.620] [INFO] access - POST /api/act/upload
[2018-06-04 15:11:58.269] [INFO] access - POST /api/act/upload
[2018-06-04 15:12:05.226] [INFO] access - POST /api/act/upload
[2018-06-04 15:12:18.637] [INFO] access - POST /api/act/upload
[2018-06-04 15:15:06.403] [INFO] access - POST /api/act/draft
[2018-06-04 15:15:06.790] [INFO] access - GET /api/act/lists?keys=&pageSize=15&pageIndex=1
[2018-06-04 15:15:11.485] [WARN] access - GET /api/act/config/lists
[2018-06-04 15:15:11.493] [INFO] access - GET /api/act/125
[2018-06-04 15:15:11.586] [WARN] access - GET /temp/20180530152331/1527665020505.png
[2018-06-04 15:15:11.592] [WARN] access - GET /temp/20180530152331/1527665016458.png
[2018-06-04 15:15:13.772] [WARN] access - GET /temp/20180530152331/1527665099529.png
[2018-06-04 15:15:13.778] [WARN] access - GET /temp/20180530152331/1527665028186.png
[2018-06-04 15:15:13.782] [WARN] access - GET /temp/20180530152331/1527665067116.png
[2018-06-04 15:15:13.817] [WARN] access - GET /temp/20180530152331/1527665033573.png
[2018-06-04 15:15:13.821] [WARN] access - GET /temp/20180530152331/1527665071756.png
[2018-06-04 15:18:18.040] [WARN] access - GET /api/menu/listsTree
[2018-06-04 15:18:18.069] [WARN] access - GET /api/user/userInfo
[2018-06-04 15:18:18.077] [INFO] access - GET /api/act/125
[2018-06-04 15:18:18.083] [WARN] access - GET /api/act/config/lists
[2018-06-04 15:18:18.309] [WARN] access - GET /temp/20180530152331/1527665020505.png
[2018-06-04 15:18:18.349] [WARN] access - GET /temp/20180530152331/1527665016458.png
[2018-06-04 15:18:21.245] [WARN] access - GET /temp/20180530152331/1527665099529.png
[2018-06-04 15:18:21.252] [WARN] access - GET /temp/20180530152331/1527665028186.png
[2018-06-04 15:18:21.256] [WARN] access - GET /temp/20180530152331/1527665067116.png
[2018-06-04 15:18:21.283] [WARN] access - GET /temp/20180530152331/1527665033573.png
[2018-06-04 15:18:21.313] [WARN] access - GET /temp/20180530152331/1527665071756.png
[2018-06-04 15:19:07.811] [WARN] access - GET /api/menu/listsTree
[2018-06-04 15:19:07.838] [WARN] access - GET /api/user/userInfo
[2018-06-04 15:19:07.842] [INFO] access - GET /api/act/125
[2018-06-04 15:19:07.845] [WARN] access - GET /api/act/config/lists
[2018-06-04 15:19:07.960] [WARN] access - GET /temp/20180530152331/1527665020505.png
[2018-06-04 15:19:08.000] [WARN] access - GET /temp/20180530152331/1527665016458.png
[2018-06-04 15:19:10.736] [WARN] access - GET /api/menu/listsTree
[2018-06-04 15:19:10.745] [WARN] access - GET /api/user/userInfo
[2018-06-04 15:19:10.777] [INFO] access - GET /api/act/125
[2018-06-04 15:19:10.782] [WARN] access - GET /api/act/config/lists
[2018-06-04 15:19:10.916] [WARN] access - GET /temp/20180530152331/1527665020505.png
[2018-06-04 15:19:10.964] [WARN] access - GET /temp/20180530152331/1527665016458.png
[2018-06-04 15:19:14.421] [WARN] access - GET /api/menu/listsTree
[2018-06-04 15:19:14.431] [WARN] access - GET /api/user/userInfo
[2018-06-04 15:19:14.440] [INFO] access - GET /api/act/125
[2018-06-04 15:19:14.448] [WARN] access - GET /api/act/config/lists
[2018-06-04 15:19:14.563] [WARN] access - GET /temp/20180530152331/1527665020505.png
[2018-06-04 15:19:14.590] [WARN] access - GET /temp/20180530152331/1527665016458.png
[2018-06-04 15:19:17.609] [WARN] access - GET /api/menu/listsTree
[2018-06-04 15:19:17.613] [WARN] access - GET /api/user/userInfo
[2018-06-04 15:19:17.640] [INFO] access - GET /api/act/125
[2018-06-04 15:19:17.644] [WARN] access - GET /api/act/config/lists
[2018-06-04 15:19:17.778] [WARN] access - GET /temp/20180530152331/1527665020505.png
[2018-06-04 15:19:17.844] [WARN] access - GET /temp/20180530152331/1527665016458.png
[2018-06-04 15:19:27.333] [WARN] access - GET /api/menu/listsTree
[2018-06-04 15:19:27.340] [WARN] access - GET /api/user/userInfo
[2018-06-04 15:19:27.346] [INFO] access - GET /api/act/125
[2018-06-04 15:19:27.353] [WARN] access - GET /api/act/config/lists
[2018-06-04 15:19:27.540] [WARN] access - GET /temp/20180530152331/1527665020505.png
[2018-06-04 15:19:27.564] [WARN] access - GET /temp/20180530152331/1527665016458.png
[2018-06-04 15:19:30.556] [WARN] access - GET /api/menu/listsTree
[2018-06-04 15:19:30.562] [WARN] access - GET /api/user/userInfo
[2018-06-04 15:19:30.600] [INFO] access - GET /api/act/125
[2018-06-04 15:19:30.603] [WARN] access - GET /api/act/config/lists
[2018-06-04 15:19:30.726] [WARN] access - GET /temp/20180530152331/1527665020505.png
[2018-06-04 15:19:30.749] [WARN] access - GET /temp/20180530152331/1527665016458.png
[2018-06-04 15:19:33.356] [WARN] access - GET /api/menu/listsTree
[2018-06-04 15:19:33.375] [WARN] access - GET /api/user/userInfo
[2018-06-04 15:19:33.380] [INFO] access - GET /api/act/125
[2018-06-04 15:19:33.386] [WARN] access - GET /api/act/config/lists
[2018-06-04 15:19:33.519] [WARN] access - GET /temp/20180530152331/1527665020505.png
[2018-06-04 15:19:33.550] [WARN] access - GET /temp/20180530152331/1527665016458.png
[2018-06-04 15:19:36.125] [WARN] access - GET /api/menu/listsTree
[2018-06-04 15:19:36.163] [WARN] access - GET /api/user/userInfo
[2018-06-04 15:19:36.176] [INFO] access - GET /api/act/125
[2018-06-04 15:19:36.189] [WARN] access - GET /api/act/config/lists
[2018-06-04 15:19:36.298] [WARN] access - GET /temp/20180530152331/1527665020505.png
[2018-06-04 15:19:36.363] [WARN] access - GET /temp/20180530152331/1527665016458.png
[2018-06-04 15:19:39.225] [WARN] access - GET /api/menu/listsTree
[2018-06-04 15:19:39.245] [WARN] access - GET /api/user/userInfo
[2018-06-04 15:19:39.251] [INFO] access - GET /api/act/125
[2018-06-04 15:19:39.255] [WARN] access - GET /api/act/config/lists
[2018-06-04 15:19:39.469] [WARN] access - GET /temp/20180530152331/1527665020505.png
[2018-06-04 15:19:39.532] [WARN] access - GET /temp/20180530152331/1527665016458.png
[2018-06-04 15:19:42.691] [WARN] access - GET /api/menu/listsTree
[2018-06-04 15:19:42.696] [WARN] access - GET /api/user/userInfo
[2018-06-04 15:19:42.719] [INFO] access - GET /api/act/125
[2018-06-04 15:19:42.752] [WARN] access - GET /api/act/config/lists
[2018-06-04 15:19:42.927] [WARN] access - GET /temp/20180530152331/1527665020505.png
[2018-06-04 15:19:42.942] [WARN] access - GET /temp/20180530152331/1527665016458.png
[2018-06-04 15:21:11.325] [WARN] access - GET /api/menu/listsTree
[2018-06-04 15:21:11.335] [WARN] access - GET /api/user/userInfo
[2018-06-04 15:21:11.374] [INFO] access - GET /api/act/125
[2018-06-04 15:21:11.377] [WARN] access - GET /api/act/config/lists
[2018-06-04 15:21:11.507] [WARN] access - GET /temp/20180530152331/1527665020505.png
[2018-06-04 15:21:11.528] [WARN] access - GET /temp/20180530152331/1527665016458.png
[2018-06-04 15:21:14.740] [WARN] access - GET /temp/20180530152331/1527665099529.png
[2018-06-04 15:21:14.748] [WARN] access - GET /temp/20180530152331/1527665067116.png
[2018-06-04 15:21:14.753] [WARN] access - GET /temp/20180530152331/1527665028186.png
[2018-06-04 15:21:14.758] [WARN] access - GET /temp/20180530152331/1527665033573.png
[2018-06-04 15:21:14.763] [WARN] access - GET /temp/20180530152331/1527665071756.png
[2018-06-04 15:21:25.469] [WARN] access - GET /api/menu/listsTree
[2018-06-04 15:21:25.474] [WARN] access - GET /api/user/userInfo
[2018-06-04 15:21:25.496] [INFO] access - GET /api/act/125
[2018-06-04 15:21:25.500] [WARN] access - GET /api/act/config/lists
[2018-06-04 15:21:25.693] [WARN] access - GET /temp/20180530152331/1527665020505.png
[2018-06-04 15:21:25.741] [WARN] access - GET /temp/20180530152331/1527665016458.png
[2018-06-04 15:21:35.353] [WARN] access - GET /api/menu/listsTree
[2018-06-04 15:21:35.360] [WARN] access - GET /api/user/userInfo
[2018-06-04 15:21:35.388] [WARN] access - GET /api/act/config/lists
[2018-06-04 15:21:35.393] [INFO] access - GET /api/act/125
[2018-06-04 15:21:35.517] [WARN] access - GET /temp/20180530152331/1527665020505.png
[2018-06-04 15:21:35.589] [WARN] access - GET /temp/20180530152331/1527665016458.png
[2018-06-04 15:21:38.465] [WARN] access - GET /api/menu/listsTree
[2018-06-04 15:21:38.471] [WARN] access - GET /api/user/userInfo
[2018-06-04 15:21:38.492] [INFO] access - GET /api/act/125
[2018-06-04 15:21:38.498] [WARN] access - GET /api/act/config/lists
[2018-06-04 15:21:38.870] [WARN] access - GET /temp/20180530152331/1527665020505.png
[2018-06-04 15:21:38.882] [WARN] access - GET /temp/20180530152331/1527665016458.png
[2018-06-04 15:21:41.595] [WARN] access - GET /api/menu/listsTree
[2018-06-04 15:21:41.600] [WARN] access - GET /api/user/userInfo
[2018-06-04 15:21:41.605] [INFO] access - GET /api/act/125
[2018-06-04 15:21:41.610] [WARN] access - GET /api/act/config/lists
[2018-06-04 15:21:41.949] [WARN] access - GET /temp/20180530152331/1527665020505.png
[2018-06-04 15:21:41.959] [WARN] access - GET /temp/20180530152331/1527665016458.png
[2018-06-04 15:23:34.094] [WARN] access - GET /api/menu/listsTree
[2018-06-04 15:23:34.120] [WARN] access - GET /api/user/userInfo
[2018-06-04 15:23:34.128] [INFO] access - GET /api/act/125
[2018-06-04 15:23:34.132] [WARN] access - GET /api/act/config/lists
[2018-06-04 15:23:34.310] [WARN] access - GET /temp/20180530152331/1527665020505.png
[2018-06-04 15:23:34.393] [WARN] access - GET /temp/20180530152331/1527665016458.png
[2018-06-04 15:23:38.863] [WARN] access - GET /temp/20180530152331/1527665067116.png
[2018-06-04 15:23:38.869] [WARN] access - GET /temp/20180530152331/1527665099529.png
[2018-06-04 15:23:38.878] [WARN] access - GET /temp/20180530152331/1527665028186.png
[2018-06-04 15:23:38.888] [WARN] access - GET /temp/20180530152331/1527665033573.png
[2018-06-04 15:23:38.897] [WARN] access - GET /temp/20180530152331/1527665071756.png
[2018-06-04 15:29:37.269] [WARN] access - GET /api/menu/listsTree
[2018-06-04 15:29:37.276] [WARN] access - GET /api/user/userInfo
[2018-06-04 15:29:37.296] [INFO] access - GET /api/act/125
[2018-06-04 15:29:37.315] [WARN] access - GET /api/act/config/lists
[2018-06-04 15:29:37.440] [WARN] access - GET /temp/20180530152331/1527665020505.png
[2018-06-04 15:29:37.498] [WARN] access - GET /temp/20180530152331/1527665016458.png
[2018-06-04 15:29:40.348] [WARN] access - GET /temp/20180530152331/1527665099529.png
[2018-06-04 15:29:40.379] [WARN] access - GET /temp/20180530152331/1527665067116.png
[2018-06-04 15:29:40.405] [WARN] access - GET /temp/20180530152331/1527665028186.png
[2018-06-04 15:29:40.449] [WARN] access - GET /temp/20180530152331/1527665033573.png
[2018-06-04 15:29:40.490] [WARN] access - GET /temp/20180530152331/1527665071756.png
[2018-06-04 15:31:29.715] [WARN] access - GET /api/menu/listsTree
[2018-06-04 15:31:29.765] [WARN] access - GET /api/user/userInfo
[2018-06-04 15:31:29.785] [INFO] access - GET /api/act/125
[2018-06-04 15:31:29.791] [WARN] access - GET /api/act/config/lists
[2018-06-04 15:31:29.998] [WARN] access - GET /temp/20180530152331/1527665020505.png
[2018-06-04 15:31:30.034] [WARN] access - GET /temp/20180530152331/1527665016458.png
[2018-06-04 15:31:50.379] [WARN] access - GET /api/menu/listsTree
[2018-06-04 15:31:50.384] [WARN] access - GET /api/user/userInfo
[2018-06-04 15:31:50.421] [INFO] access - GET /api/act/125
[2018-06-04 15:31:50.429] [WARN] access - GET /api/act/config/lists
[2018-06-04 15:31:50.585] [WARN] access - GET /temp/20180530152331/1527665020505.png
[2018-06-04 15:31:50.651] [WARN] access - GET /temp/20180530152331/1527665016458.png
[2018-06-04 15:36:55.030] [WARN] access - GET /temp/20180530152331/1527665099529.png
[2018-06-04 15:36:55.035] [WARN] access - GET /temp/20180530152331/1527665067116.png
[2018-06-04 15:36:55.039] [WARN] access - GET /temp/20180530152331/1527665028186.png
[2018-06-04 15:36:55.047] [WARN] access - GET /temp/20180530152331/1527665033573.png
[2018-06-04 15:36:55.060] [WARN] access - GET /temp/20180530152331/1527665071756.png
[2018-06-04 15:54:12.745] [INFO] access - GET /temp/20180530152331/1527665067116.png
[2018-06-04 15:54:12.779] [INFO] access - GET /temp/20180530152331/1527665033573.png
[2018-06-04 15:54:12.815] [INFO] access - GET /temp/20180530152331/1527665028186.png
[2018-06-04 15:54:12.901] [INFO] access - GET /temp/20180530152331/1527665071756.png
[2018-06-04 15:54:14.973] [INFO] access - GET /temp/20180530152331/1527665099529.png
[2018-06-04 15:55:28.143] [INFO] access - GET /temp/20180530152331/1527665016458.png
[2018-06-04 15:55:44.362] [WARN] access - GET /temp/20180530152331/1527665099529.png
[2018-06-04 15:55:44.366] [WARN] access - GET /temp/20180530152331/1527665067116.png
[2018-06-04 15:55:44.368] [WARN] access - GET /temp/20180530152331/1527665028186.png
[2018-06-04 15:55:44.422] [WARN] access - GET /temp/20180530152331/1527665071756.png
[2018-06-04 15:55:44.422] [WARN] access - GET /temp/20180530152331/1527665033573.png
[2018-06-04 16:07:28.528] [INFO] access - GET /temp/20180530152331/1527665016458.png
[2018-06-04 16:07:48.141] [INFO] access - POST /api/signin
[2018-06-04 16:07:48.441] [INFO] access - GET /api/menu/listsTree
[2018-06-04 16:07:48.475] [INFO] access - GET /api/user/userInfo
[2018-06-04 16:07:51.960] [INFO] access - GET /api/act/lists?keys=&pageSize=15&pageIndex=1
[2018-06-04 16:07:55.574] [INFO] access - GET /api/act/config/lists
[2018-06-04 16:07:55.661] [INFO] access - GET /api/act/125
[2018-06-04 16:07:55.910] [WARN] access - GET /temp/20180530152331/1527665016458.png
[2018-06-04 16:08:12.868] [WARN] access - GET /api/menu/listsTree
[2018-06-04 16:08:12.988] [WARN] access - GET /api/user/userInfo
[2018-06-04 16:08:13.046] [INFO] access - GET /api/act/125
[2018-06-04 16:08:13.137] [WARN] access - GET /api/act/config/lists
[2018-06-04 16:08:13.556] [WARN] access - GET /temp/20180530152331/1527665016458.png
[2018-06-04 16:09:04.675] [WARN] access - GET /api/menu/listsTree
[2018-06-04 16:09:04.733] [WARN] access - GET /api/user/userInfo
[2018-06-04 16:09:04.789] [INFO] access - GET /api/act/125
[2018-06-04 16:09:04.875] [WARN] access - GET /api/act/config/lists
[2018-06-04 16:09:05.104] [WARN] access - GET /temp/20180530152331/1527665020505.png
[2018-06-04 16:09:05.181] [WARN] access - GET /temp/20180530152331/1527665016458.png
[2018-06-04 16:09:07.454] [WARN] access - GET /temp/20180530152331/1527665099529.png
[2018-06-04 16:09:07.548] [WARN] access - GET /temp/20180530152331/1527665067116.png
[2018-06-04 16:09:07.625] [WARN] access - GET /temp/20180530152331/1527665028186.png
[2018-06-04 16:09:07.672] [WARN] access - GET /temp/20180530152331/1527665033573.png
[2018-06-04 16:09:07.691] [WARN] access - GET /temp/20180530152331/1527665071756.png
[2018-06-04 16:11:20.922] [WARN] access - GET /api/menu/listsTree
[2018-06-04 16:11:21.008] [WARN] access - GET /api/user/userInfo
[2018-06-04 16:11:21.087] [INFO] access - GET /api/act/125
[2018-06-04 16:11:21.162] [WARN] access - GET /api/act/config/lists
[2018-06-04 16:11:21.464] [WARN] access - GET /temp/20180530152331/1527665020505.png
[2018-06-04 16:11:21.522] [WARN] access - GET /temp/20180530152331/1527665016458.png
[2018-06-04 16:11:24.317] [WARN] access - GET /temp/20180530152331/1527665099529.png
[2018-06-04 16:11:24.359] [WARN] access - GET /temp/20180530152331/1527665067116.png
[2018-06-04 16:11:24.401] [WARN] access - GET /temp/20180530152331/1527665028186.png
[2018-06-04 16:11:24.463] [WARN] access - GET /temp/20180530152331/1527665033573.png
[2018-06-04 16:11:24.539] [WARN] access - GET /temp/20180530152331/1527665071756.png
[2018-06-04 16:13:46.120] [WARN] access - GET /api/act/lists?keys=&pageSize=15&pageIndex=1
[2018-06-04 16:13:48.753] [INFO] access - GET /api/act/126
[2018-06-04 16:13:48.774] [WARN] access - GET /api/act/config/lists
[2018-06-04 16:13:57.546] [INFO] access - POST /api/act/upload
[2018-06-04 16:15:07.862] [WARN] access - GET /api/menu/listsTree
[2018-06-04 16:15:07.943] [WARN] access - GET /api/user/userInfo
[2018-06-04 16:15:08.016] [INFO] access - GET /api/act/126
[2018-06-04 16:15:08.090] [WARN] access - GET /api/act/config/lists
[2018-06-04 16:15:08.258] [WARN] access - GET /temp/20180604151134/1528096309601.png
[2018-06-04 16:15:10.373] [WARN] access - GET /temp/20180604151134/1528096338622.png
[2018-06-04 16:15:10.466] [WARN] access - GET /temp/20180604151134/1528096325211.png
[2018-06-04 16:15:10.499] [WARN] access - GET /temp/20180604151134/1528096318261.png
[2018-06-04 16:15:40.236] [WARN] access - GET /api/menu/listsTree
[2018-06-04 16:15:40.278] [WARN] access - GET /api/user/userInfo
[2018-06-04 16:15:40.306] [INFO] access - GET /api/act/126
[2018-06-04 16:15:40.348] [WARN] access - GET /api/act/config/lists
[2018-06-04 16:15:40.554] [WARN] access - GET /temp/20180604151134/1528096309601.png
[2018-06-04 16:15:42.564] [WARN] access - GET /temp/20180604151134/1528096338622.png
[2018-06-04 16:15:42.618] [WARN] access - GET /temp/20180604151134/1528096325211.png
[2018-06-04 16:15:42.700] [WARN] access - GET /temp/20180604151134/1528096318261.png
[2018-06-04 16:15:51.773] [INFO] access - POST /api/act/upload
[2018-06-04 16:20:14.093] [WARN] access - GET /api/menu/listsTree
[2018-06-04 16:20:14.175] [WARN] access - GET /api/user/userInfo
[2018-06-04 16:20:14.242] [INFO] access - GET /api/act/126
[2018-06-04 16:20:14.316] [WARN] access - GET /api/act/config/lists
[2018-06-04 16:20:14.454] [WARN] access - GET /temp/20180604151134/1528096309601.png
[2018-06-04 16:20:16.932] [WARN] access - GET /temp/20180604151134/1528096318261.png
[2018-06-04 16:20:17.010] [WARN] access - GET /temp/20180604151134/1528096338622.png
[2018-06-04 16:20:17.101] [WARN] access - GET /temp/20180604151134/1528096325211.png
[2018-06-04 16:20:23.138] [INFO] access - POST /api/act/upload
[2018-06-04 16:23:53.538] [WARN] access - GET /api/menu/listsTree
[2018-06-04 16:23:53.588] [WARN] access - GET /api/user/userInfo
[2018-06-04 16:23:53.661] [INFO] access - GET /api/act/126
[2018-06-04 16:23:53.707] [WARN] access - GET /api/act/config/lists
[2018-06-04 16:23:53.882] [WARN] access - GET /temp/20180604151134/1528096309601.png
[2018-06-04 16:23:57.169] [WARN] access - GET /temp/20180604151134/1528096338622.png
[2018-06-04 16:23:57.235] [WARN] access - GET /temp/20180604151134/1528096325211.png
[2018-06-04 16:23:57.297] [WARN] access - GET /temp/20180604151134/1528096318261.png
[2018-06-04 16:24:05.696] [INFO] access - POST /api/act/upload
[2018-06-04 16:25:38.227] [WARN] access - GET /api/menu/listsTree
[2018-06-04 16:25:38.313] [WARN] access - GET /api/user/userInfo
[2018-06-04 16:25:38.426] [INFO] access - GET /api/act/126
[2018-06-04 16:25:38.501] [WARN] access - GET /api/act/config/lists
[2018-06-04 16:25:38.686] [WARN] access - GET /temp/20180604151134/1528096309601.png
[2018-06-04 16:25:41.931] [WARN] access - GET /temp/20180604151134/1528096338622.png
[2018-06-04 16:25:42.020] [WARN] access - GET /temp/20180604151134/1528096325211.png
[2018-06-04 16:25:42.077] [WARN] access - GET /temp/20180604151134/1528096318261.png
[2018-06-04 16:25:48.316] [INFO] access - POST /api/act/upload
[2018-06-04 16:26:10.690] [WARN] access - GET /api/menu/listsTree
[2018-06-04 16:26:10.701] [WARN] access - GET /api/user/userInfo
[2018-06-04 16:26:10.712] [INFO] access - GET /api/act/126
[2018-06-04 16:26:10.729] [WARN] access - GET /api/act/config/lists
[2018-06-04 16:26:10.948] [WARN] access - GET /temp/20180604151134/1528096309601.png
[2018-06-04 16:26:13.452] [WARN] access - GET /temp/20180604151134/1528096325211.png
[2018-06-04 16:26:13.515] [WARN] access - GET /temp/20180604151134/1528096338622.png
[2018-06-04 16:26:13.589] [WARN] access - GET /temp/20180604151134/1528096318261.png
[2018-06-04 16:26:19.121] [INFO] access - POST /api/act/upload
[2018-06-04 16:28:17.711] [INFO] access - POST /api/act/upload
[2018-06-04 16:32:37.665] [WARN] access - GET /api/menu/listsTree
[2018-06-04 16:32:37.721] [WARN] access - GET /api/user/userInfo
[2018-06-04 16:32:37.809] [INFO] access - GET /api/act/126
[2018-06-04 16:32:37.862] [WARN] access - GET /api/act/config/lists
[2018-06-04 16:32:38.041] [WARN] access - GET /temp/20180604151134/1528096309601.png
[2018-06-04 16:32:40.116] [WARN] access - GET /temp/20180604151134/1528096318261.png
[2018-06-04 16:32:40.189] [WARN] access - GET /temp/20180604151134/1528096325211.png
[2018-06-04 16:32:40.270] [WARN] access - GET /temp/20180604151134/1528096338622.png
[2018-06-04 16:32:45.234] [INFO] access - POST /api/act/upload
[2018-06-04 16:33:11.880] [WARN] access - GET /temp/20180604163237/1528101165188.png
[2018-06-04 16:35:23.147] [WARN] access - GET /api/menu/listsTree
[2018-06-04 16:35:23.221] [WARN] access - GET /api/user/userInfo
[2018-06-04 16:35:23.267] [INFO] access - GET /api/act/126
[2018-06-04 16:35:23.343] [WARN] access - GET /api/act/config/lists
[2018-06-04 16:35:23.600] [WARN] access - GET /temp/20180604151134/1528096309601.png
[2018-06-04 16:35:26.232] [WARN] access - GET /temp/20180604151134/1528096338622.png
[2018-06-04 16:35:26.319] [WARN] access - GET /temp/20180604151134/1528096325211.png
[2018-06-04 16:35:26.348] [WARN] access - GET /temp/20180604151134/1528096318261.png
[2018-06-04 16:36:08.241] [WARN] access - GET /api/menu/listsTree
[2018-06-04 16:36:08.270] [WARN] access - GET /api/user/userInfo
[2018-06-04 16:36:08.318] [INFO] access - GET /api/act/126
[2018-06-04 16:36:08.352] [WARN] access - GET /api/act/config/lists
[2018-06-04 16:36:08.478] [WARN] access - GET /temp/20180604151134/1528096309601.png
[2018-06-04 16:36:11.333] [WARN] access - GET /temp/20180604151134/1528096325211.png
[2018-06-04 16:36:11.381] [WARN] access - GET /temp/20180604151134/1528096338622.png
[2018-06-04 16:36:11.426] [WARN] access - GET /temp/20180604151134/1528096318261.png
[2018-06-04 16:36:26.113] [INFO] access - POST /api/act/upload
[2018-06-04 16:38:15.128] [WARN] access - GET /api/menu/listsTree
[2018-06-04 16:38:15.228] [WARN] access - GET /api/user/userInfo
[2018-06-04 16:38:15.308] [WARN] access - GET /api/act/config/lists
[2018-06-04 16:38:15.385] [INFO] access - GET /api/act/126
[2018-06-04 16:38:15.660] [WARN] access - GET /temp/20180604151134/1528096309601.png
[2018-06-04 16:38:18.119] [WARN] access - GET /temp/20180604151134/1528096338622.png
[2018-06-04 16:38:18.195] [WARN] access - GET /temp/20180604151134/1528096325211.png
[2018-06-04 16:38:18.265] [WARN] access - GET /temp/20180604151134/1528096318261.png
[2018-06-04 16:38:23.393] [INFO] access - POST /api/act/upload
[2018-06-04 16:39:46.460] [WARN] access - GET /api/menu/listsTree
[2018-06-04 16:39:46.531] [WARN] access - GET /api/user/userInfo
[2018-06-04 16:39:46.587] [INFO] access - GET /api/act/126
[2018-06-04 16:39:46.656] [WARN] access - GET /api/act/config/lists
[2018-06-04 16:39:46.828] [WARN] access - GET /temp/20180604151134/1528096309601.png
[2018-06-04 16:39:50.043] [WARN] access - GET /temp/20180604151134/1528096318261.png
[2018-06-04 16:39:50.145] [WARN] access - GET /temp/20180604151134/1528096338622.png
[2018-06-04 16:39:50.266] [WARN] access - GET /temp/20180604151134/1528096325211.png
[2018-06-04 16:39:56.399] [INFO] access - POST /api/act/upload
[2018-06-04 16:42:10.580] [WARN] access - GET /api/menu/listsTree
[2018-06-04 16:42:10.668] [WARN] access - GET /api/user/userInfo
[2018-06-04 16:42:10.734] [WARN] access - GET /api/act/config/lists
[2018-06-04 16:42:10.815] [INFO] access - GET /api/act/126
[2018-06-04 16:42:11.094] [WARN] access - GET /temp/20180604151134/1528096309601.png
[2018-06-04 16:42:15.337] [WARN] access - GET /temp/20180604151134/1528096318261.png
[2018-06-04 16:42:15.427] [WARN] access - GET /temp/20180604151134/1528096338622.png
[2018-06-04 16:42:15.482] [WARN] access - GET /temp/20180604151134/1528096325211.png
[2018-06-04 16:42:20.953] [INFO] access - POST /api/act/upload
[2018-06-04 16:44:38.058] [WARN] access - GET /api/menu/listsTree
[2018-06-04 16:44:38.109] [WARN] access - GET /api/user/userInfo
[2018-06-04 16:44:38.315] [INFO] access - GET /api/act/126
[2018-06-04 16:44:38.509] [WARN] access - GET /api/act/config/lists
[2018-06-04 16:44:38.708] [WARN] access - GET /temp/20180604151134/1528096309601.png
[2018-06-04 16:44:45.793] [WARN] access - GET /temp/20180604151134/1528096325211.png
[2018-06-04 16:44:45.828] [WARN] access - GET /temp/20180604151134/1528096338622.png
[2018-06-04 16:44:45.859] [WARN] access - GET /temp/20180604151134/1528096318261.png
[2018-06-04 16:44:50.416] [INFO] access - POST /api/act/upload
[2018-06-04 16:45:28.815] [WARN] access - GET /api/user/userInfo
[2018-06-04 16:45:28.895] [WARN] access - GET /api/menu/listsTree
[2018-06-04 16:45:28.974] [INFO] access - GET /api/act/126
[2018-06-04 16:45:29.211] [WARN] access - GET /temp/20180604151134/1528096309601.png
[2018-06-04 16:45:29.731] [WARN] access - GET /api/act/config/lists
[2018-06-04 16:45:31.490] [WARN] access - GET /temp/20180604151134/1528096338622.png
[2018-06-04 16:45:31.510] [WARN] access - GET /temp/20180604151134/1528096325211.png
[2018-06-04 16:45:31.575] [WARN] access - GET /temp/20180604151134/1528096318261.png
[2018-06-04 16:45:36.861] [INFO] access - POST /api/act/upload
[2018-06-04 16:45:52.457] [WARN] access - GET /api/menu/listsTree
[2018-06-04 16:45:52.704] [WARN] access - GET /api/user/userInfo
[2018-06-04 16:45:52.831] [INFO] access - GET /api/act/126
[2018-06-04 16:45:52.954] [WARN] access - GET /api/act/config/lists
[2018-06-04 16:45:53.181] [WARN] access - GET /temp/20180604151134/1528096309601.png
[2018-06-04 16:45:55.256] [WARN] access - GET /temp/20180604151134/1528096325211.png
[2018-06-04 16:45:55.371] [WARN] access - GET /temp/20180604151134/1528096338622.png
[2018-06-04 16:45:55.653] [WARN] access - GET /temp/20180604151134/1528096318261.png
[2018-06-04 16:46:00.167] [INFO] access - POST /api/act/upload
[2018-06-04 16:49:44.223] [WARN] access - GET /api/menu/listsTree
[2018-06-04 16:49:44.292] [WARN] access - GET /api/user/userInfo
[2018-06-04 16:49:44.304] [WARN] access - GET /api/act/config/lists
[2018-06-04 16:49:44.362] [INFO] access - GET /api/act/126
[2018-06-04 16:49:44.580] [WARN] access - GET /temp/20180604151134/1528096309601.png
[2018-06-04 16:49:47.174] [WARN] access - GET /temp/20180604151134/1528096338622.png
[2018-06-04 16:49:47.237] [WARN] access - GET /temp/20180604151134/1528096318261.png
[2018-06-04 16:49:47.336] [WARN] access - GET /temp/20180604151134/1528096325211.png
[2018-06-04 16:49:58.165] [INFO] access - POST /api/act/upload
[2018-06-04 16:50:23.904] [INFO] access - POST /api/act/upload
[2018-06-04 16:50:37.054] [INFO] access - POST /api/act/draft
[2018-06-04 16:50:37.777] [INFO] access - GET /api/act/lists?keys=&pageSize=15&pageIndex=1
[2018-06-04 16:58:45.234] [INFO] access - GET /api/act/126
[2018-06-04 16:58:45.318] [WARN] access - GET /api/act/config/lists
[2018-06-04 16:58:51.491] [WARN] access - GET /api/user/userInfo
[2018-06-04 16:58:51.547] [WARN] access - GET /api/menu/listsTree
[2018-06-04 16:58:51.599] [INFO] access - GET /api/act/126
[2018-06-04 16:58:51.640] [WARN] access - GET /api/act/config/lists
[2018-06-04 16:58:51.840] [WARN] access - GET /temp/20180604151134/1528096309601.png
[2018-06-04 16:59:12.915] [WARN] access - GET /api/menu/listsTree
[2018-06-04 16:59:12.978] [WARN] access - GET /api/user/userInfo
[2018-06-04 16:59:13.059] [INFO] access - GET /api/act/126
[2018-06-04 16:59:13.158] [WARN] access - GET /api/act/config/lists
[2018-06-04 16:59:27.046] [WARN] access - GET /temp/20180604151134/1528096309601.png
[2018-06-04 16:59:44.460] [INFO] access - POST /api/act/upload
[2018-06-04 16:59:47.676] [WARN] access - GET /temp/20180604151134/1528096318261.png
[2018-06-04 16:59:47.762] [WARN] access - GET /temp/20180604151134/1528096325211.png
[2018-06-04 16:59:47.852] [WARN] access - GET /temp/20180604151134/1528096338622.png
[2018-06-04 16:59:47.926] [WARN] access - GET /temp/20180604164944/1528102198113.png
[2018-06-04 16:59:47.989] [WARN] access - GET /temp/20180604164944/1528102223885.png
[2018-06-04 16:59:55.507] [INFO] access - POST /api/act/draft
[2018-06-04 16:59:56.109] [INFO] access - GET /api/act/lists?keys=&pageSize=15&pageIndex=1
[2018-06-04 16:59:57.970] [INFO] access - GET /api/act/126
[2018-06-04 16:59:58.040] [WARN] access - GET /api/act/config/lists
[2018-06-04 17:19:53.567] [WARN] access - GET /temp/20180530152331/1527665020505.png
[2018-06-04 17:19:53.575] [WARN] access - GET /temp/20180530152331/1527665033573.png
[2018-06-04 17:19:53.586] [WARN] access - GET /temp/20180530152331/1527665071756.png
[2018-06-04 17:19:53.629] [WARN] access - GET /temp/20180530152331/1527665016458.png
[2018-06-04 17:20:29.937] [WARN] access - GET /temp/20180530152331/1527665020505.png
[2018-06-04 17:20:29.941] [WARN] access - GET /temp/20180530152331/1527665033573.png
[2018-06-04 17:20:29.946] [WARN] access - GET /temp/20180530152331/1527665071756.png
[2018-06-04 17:20:29.950] [WARN] access - GET /temp/20180530152331/1527665016458.png
[2018-06-04 17:20:31.931] [WARN] access - GET /temp/20180530152331/1527665067116.png
[2018-06-04 17:20:41.152] [WARN] access - GET /temp/20180530152331/1527665020505.png
[2018-06-04 17:20:41.157] [WARN] access - GET /temp/20180530152331/1527665033573.png
[2018-06-04 17:20:41.162] [WARN] access - GET /temp/20180530152331/1527665071756.png
[2018-06-04 17:20:41.170] [WARN] access - GET /temp/20180530152331/1527665016458.png
[2018-06-04 17:20:43.164] [WARN] access - GET /temp/20180530152331/1527665067116.png
[2018-06-04 18:24:23.025] [INFO] access - GET /api/act/tpl/lists
[2018-06-04 18:24:26.380] [INFO] access - DELETE /api/act/tpl/60
[2018-06-04 18:24:26.438] [INFO] access - GET /api/act/tpl/lists
[2018-06-04 18:25:28.289] [INFO] access - POST /api/act/tpl/add
[2018-06-04 18:25:28.583] [INFO] access - GET /api/act/tpl/lists
[2018-06-04 18:25:32.749] [WARN] access - GET /api/act/config/lists
[2018-06-04 18:25:32.761] [INFO] access - GET /api/act/tpl/61
[2018-06-04 18:28:07.835] [WARN] access - GET /api/user/userInfo
[2018-06-04 18:28:07.958] [WARN] access - GET /api/menu/listsTree
[2018-06-04 18:28:07.972] [INFO] access - GET /api/act/tpl/61
[2018-06-04 18:28:07.978] [WARN] access - GET /api/act/config/lists
[2018-06-04 18:29:21.336] [INFO] access - POST /api/act/upload
[2018-06-04 18:29:25.758] [INFO] access - POST /api/act/upload
[2018-06-04 18:32:01.386] [INFO] access - POST /api/act/upload
[2018-06-04 18:37:16.230] [INFO] access - POST /api/act/upload
[2018-06-04 18:37:16.375] [INFO] access - GET /temp/20180604182807/1528108636174.png
[2018-06-04 18:37:25.457] [INFO] access - POST /api/act/upload
[2018-06-04 18:37:32.197] [INFO] access - POST /api/act/upload
[2018-06-04 18:37:32.252] [INFO] access - GET /temp/20180604182807/1528108652189.png
[2018-06-04 18:37:40.562] [INFO] access - POST /api/act/upload
[2018-06-04 18:38:44.403] [INFO] access - POST /api/act/draft
[2018-06-04 18:38:44.911] [INFO] access - GET /api/act/lists?keys=&pageSize=15&pageIndex=1
[2018-06-04 18:38:47.889] [INFO] access - DELETE /api/act/125
[2018-06-04 18:38:47.961] [INFO] access - GET /api/act/lists?keys=&pageSize=15&pageIndex=1
[2018-06-04 18:38:49.920] [INFO] access - DELETE /api/act/126
[2018-06-04 18:38:49.947] [INFO] access - GET /api/act/lists?keys=&pageSize=15&pageIndex=1
[2018-06-04 18:38:53.834] [INFO] access - GET /api/act/127
[2018-06-04 18:38:53.837] [WARN] access - GET /api/act/config/lists
