[2017-11-21 17:26:25.608] [ERROR] access - GET /apis/news/
[2017-11-21 17:42:36.776] [INFO] access - POST /api/signin
[2017-11-21 17:42:39.315] [INFO] access - GET /api/menu/listsTree
[2017-11-21 17:42:39.390] [INFO] access - GET /api/user/userInfo
[2017-11-21 17:42:44.880] [INFO] access - GET /api/news/lists?keys=&pageIndex=1&pageSize=15
[2017-11-21 17:42:49.495] [INFO] access - GET /preview/news/263
[2017-11-21 17:44:11.239] [INFO] access - GET /api/news/263?id=263
[2017-11-21 17:44:26.206] [WARN] access - GET /api/news/lists?keys=&pageIndex=1&pageSize=15
[2017-11-21 17:44:43.950] [ERROR] access - POST /api/news/publish/262
[2017-11-21 17:45:17.762] [WARN] access - GET /api/news/263?id=263
[2017-11-21 17:45:28.042] [WARN] access - GET /api/menu/listsTree
[2017-11-21 17:45:28.049] [WARN] access - GET /api/user/userInfo
[2017-11-21 17:45:49.415] [ERROR] access - GET /api/news/263
[2017-11-21 17:46:16.781] [WARN] access - GET /api/menu/listsTree
[2017-11-21 17:46:16.788] [WARN] access - GET /api/user/userInfo
[2017-11-21 17:46:22.177] [INFO] access - GET /api/news/type/search?name=
[2017-11-21 17:46:22.185] [INFO] access - GET /api/news/type/alllists
[2017-11-21 17:46:24.067] [WARN] access - GET /api/news/lists?keys=&pageIndex=1&pageSize=15
[2017-11-21 17:46:25.222] [INFO] access - GET /api/news/seo/lists?keys=&pageSize=15&pageIndex=1
[2017-11-21 17:46:25.227] [WARN] access - GET /api/news/type/alllists
[2017-11-21 17:46:30.532] [WARN] access - GET /api/news/lists?keys=&pageIndex=1&pageSize=15
[2017-11-21 17:46:42.015] [INFO] access - GET /api/news/lists?keys=&pageIndex=12&pageSize=15
[2017-11-21 17:50:12.996] [WARN] access - GET /api/news/lists?keys=&pageIndex=1&pageSize=15
[2017-11-21 17:50:14.882] [WARN] access - GET /api/news/263?id=263
[2017-11-21 17:55:43.050] [WARN] access - GET /api/news/263?id=263
[2017-11-21 18:02:15.925] [WARN] access - GET /api/news/type/alllists
[2017-11-21 18:02:16.092] [ERROR] access - GET /api/news/263?id=263
[2017-11-21 18:02:36.673] [WARN] access - GET /api/news/type/alllists
[2017-11-21 18:02:36.694] [ERROR] access - GET /api/news/263?id=263
[2017-11-21 18:02:43.703] [WARN] access - GET /api/news/type/alllists
[2017-11-21 18:02:43.720] [ERROR] access - GET /api/news/263?id=263
[2017-11-21 18:02:47.817] [WARN] access - GET /api/news/type/alllists
[2017-11-21 18:02:47.943] [ERROR] access - GET /api/news/263?id=263
[2017-11-21 18:03:36.695] [WARN] access - GET /api/news/type/alllists
[2017-11-21 18:03:36.713] [ERROR] access - GET /api/news/263?id=263
[2017-11-21 18:04:09.887] [WARN] access - GET /api/news/type/alllists
[2017-11-21 18:04:09.901] [ERROR] access - GET /api/news/263?id=263
[2017-11-21 18:04:20.019] [WARN] access - GET /api/news/type/alllists
[2017-11-21 18:04:20.053] [ERROR] access - GET /api/news/263?id=263
[2017-11-21 18:04:20.060] [WARN] access - GET /api/user/userInfo
[2017-11-21 18:04:20.068] [WARN] access - GET /api/menu/listsTree
[2017-11-21 18:04:43.365] [WARN] access - GET /api/news/type/alllists
[2017-11-21 18:04:43.386] [ERROR] access - GET /api/news/263?id=263
[2017-11-21 18:04:44.945] [WARN] access - GET /api/news/type/alllists
[2017-11-21 18:04:45.124] [ERROR] access - GET /api/news/263?id=263
[2017-11-21 18:07:12.453] [WARN] access - GET /api/news/type/alllists
[2017-11-21 18:07:12.477] [ERROR] access - GET /api/news/263?id=263
[2017-11-21 18:07:49.336] [WARN] access - GET /api/news/type/alllists
[2017-11-21 18:07:49.347] [ERROR] access - GET /api/news/263?id=263
[2017-11-21 18:08:06.018] [WARN] access - GET /api/news/type/alllists
[2017-11-21 18:08:06.032] [ERROR] access - GET /api/news/263?id=263
[2017-11-21 18:08:06.041] [WARN] access - GET /api/news/type/alllists
[2017-11-21 18:08:34.878] [WARN] access - GET /api/news/type/alllists
[2017-11-21 18:08:34.895] [ERROR] access - GET /api/news/263?id=263
[2017-11-21 18:08:44.417] [WARN] access - GET /api/news/type/alllists
[2017-11-21 18:08:44.430] [ERROR] access - GET /api/news/263?id=263
[2017-11-21 18:08:46.672] [WARN] access - GET /api/news/type/alllists
[2017-11-21 18:08:46.690] [ERROR] access - GET /api/news/263?id=263
[2017-11-21 18:11:07.490] [WARN] access - GET /api/news/type/alllists
[2017-11-21 18:11:07.511] [ERROR] access - GET /api/news/263?id=263
[2017-11-21 18:13:10.993] [WARN] access - GET /api/news/type/alllists
[2017-11-21 18:13:11.015] [ERROR] access - GET /api/news/263?id=263
[2017-11-21 18:13:12.213] [WARN] access - GET /api/news/type/alllists
[2017-11-21 18:13:12.473] [ERROR] access - GET /api/news/263?id=263
[2017-11-21 18:20:37.973] [WARN] access - GET /api/news/type/alllists
[2017-11-21 18:20:37.995] [ERROR] access - GET /api/news/263?id=263
[2017-11-21 18:21:21.710] [WARN] access - GET /api/news/type/alllists
[2017-11-21 18:21:21.725] [ERROR] access - GET /api/news/263?id=263
[2017-11-21 18:25:55.669] [WARN] access - GET /api/news/type/alllists
[2017-11-21 18:25:55.699] [ERROR] access - GET /api/news/263?id=263
[2017-11-21 18:26:11.062] [WARN] access - GET /api/news/type/alllists
[2017-11-21 18:26:11.082] [ERROR] access - GET /api/news/263?id=263
[2017-11-21 18:26:47.952] [WARN] access - GET /api/news/type/alllists
[2017-11-21 18:26:47.962] [ERROR] access - GET /api/news/263?id=263
[2017-11-21 18:27:58.630] [WARN] access - GET /api/news/type/alllists
[2017-11-21 18:27:58.649] [ERROR] access - GET /api/news/263?id=263
[2017-11-21 18:30:45.630] [WARN] access - GET /api/news/type/alllists
[2017-11-21 18:30:45.886] [ERROR] access - GET /api/news/263?id=263
[2017-11-21 18:35:12.576] [WARN] access - GET /api/news/type/alllists
[2017-11-21 18:35:12.794] [ERROR] access - GET /api/news/263?id=263
[2017-11-21 18:35:46.878] [WARN] access - GET /api/news/type/alllists
[2017-11-21 18:35:46.891] [ERROR] access - GET /api/news/263?id=263
[2017-11-21 18:37:30.996] [WARN] access - GET /api/news/type/alllists
[2017-11-21 18:37:31.020] [ERROR] access - GET /api/news/263?id=263
[2017-11-21 18:37:36.349] [WARN] access - GET /api/news/type/alllists
[2017-11-21 18:37:36.365] [ERROR] access - GET /api/news/263?id=263
[2017-11-21 18:37:52.841] [WARN] access - GET /api/news/type/alllists
[2017-11-21 18:37:52.855] [ERROR] access - GET /api/news/263?id=263
[2017-11-21 18:37:54.717] [WARN] access - GET /api/news/type/alllists
[2017-11-21 18:37:54.759] [ERROR] access - GET /api/news/263?id=263
[2017-11-21 18:38:57.332] [WARN] access - GET /api/news/type/alllists
[2017-11-21 18:38:57.470] [ERROR] access - GET /api/news/263
[2017-11-21 18:39:45.062] [WARN] access - GET /api/news/type/alllists
[2017-11-21 18:39:45.177] [ERROR] access - GET /api/news/263
[2017-11-21 18:40:40.668] [WARN] access - GET /api/news/type/alllists
[2017-11-21 18:40:40.693] [ERROR] access - GET /api/news/263
[2017-11-21 18:41:01.979] [WARN] access - GET /api/news/type/alllists
[2017-11-21 18:41:01.995] [ERROR] access - GET /api/news/263
[2017-11-21 18:41:04.260] [WARN] access - GET /api/news/type/alllists
[2017-11-21 18:41:04.271] [ERROR] access - GET /api/news/263
[2017-11-21 18:41:58.642] [WARN] access - GET /api/news/type/alllists
[2017-11-21 18:41:58.665] [ERROR] access - GET /api/news/263
[2017-11-21 18:42:16.779] [WARN] access - GET /api/news/type/alllists
[2017-11-21 18:42:16.785] [ERROR] access - GET /api/news/263
[2017-11-21 18:43:22.507] [WARN] access - GET /api/news/type/alllists
[2017-11-21 18:43:22.665] [ERROR] access - GET /api/news/263
[2017-11-21 18:48:05.637] [WARN] access - GET /api/news/type/alllists
[2017-11-21 18:48:05.658] [ERROR] access - GET /api/news/263
[2017-11-21 18:54:08.458] [WARN] access - GET /api/news/type/alllists
[2017-11-21 18:54:08.473] [ERROR] access - GET /api/news/263
[2017-11-21 18:54:36.045] [WARN] access - GET /api/news/type/alllists
[2017-11-21 18:54:36.058] [ERROR] access - GET /api/news/263
[2017-11-21 18:55:14.247] [WARN] access - GET /api/news/type/alllists
[2017-11-21 18:55:14.405] [ERROR] access - GET /api/news/263
[2017-11-21 18:56:20.708] [WARN] access - GET /api/news/type/alllists
[2017-11-21 18:56:20.731] [ERROR] access - GET /api/news/263
[2017-11-21 18:57:30.285] [WARN] access - GET /api/news/type/alllists
[2017-11-21 18:57:30.319] [ERROR] access - GET /api/news/263
[2017-11-21 18:57:59.732] [WARN] access - GET /api/news/type/alllists
[2017-11-21 18:57:59.763] [ERROR] access - GET /api/news/263
[2017-11-21 18:57:59.768] [WARN] access - GET /api/menu/listsTree
[2017-11-21 18:57:59.787] [WARN] access - GET /api/user/userInfo
[2017-11-21 18:59:23.549] [WARN] access - GET /api/news/type/alllists
[2017-11-21 18:59:23.559] [WARN] access - GET /api/user/userInfo
[2017-11-21 18:59:23.564] [WARN] access - GET /api/menu/listsTree
[2017-11-21 18:59:23.574] [INFO] access - GET /api/news/263
[2017-11-21 19:00:17.572] [WARN] access - GET /api/news/type/alllists
[2017-11-21 19:00:17.588] [WARN] access - GET /api/news/263
[2017-11-21 19:00:20.306] [WARN] access - GET /api/news/type/alllists
[2017-11-21 19:00:20.313] [WARN] access - GET /api/news/263
[2017-11-21 19:00:20.319] [WARN] access - GET /api/menu/listsTree
[2017-11-21 19:00:20.324] [WARN] access - GET /api/user/userInfo
[2017-11-21 19:02:01.146] [WARN] access - GET /api/news/type/alllists
[2017-11-21 19:02:01.345] [WARN] access - GET /api/user/userInfo
[2017-11-21 19:02:01.356] [INFO] access - GET /api/news/263
[2017-11-21 19:02:01.374] [WARN] access - GET /api/menu/listsTree
[2017-11-21 19:02:24.118] [WARN] access - GET /api/news/type/alllists
[2017-11-21 19:02:24.127] [WARN] access - GET /api/news/263
[2017-11-21 19:02:55.226] [INFO] access - PUT /api/news/263
[2017-11-21 19:07:13.901] [WARN] access - GET /api/news/type/alllists
[2017-11-21 19:07:14.269] [INFO] access - GET /api/news/263
[2017-11-21 19:07:16.057] [WARN] access - GET /api/news/type/alllists
[2017-11-21 19:07:16.067] [WARN] access - GET /api/news/263
[2017-11-21 19:07:20.868] [WARN] access - GET /api/news/type/alllists
[2017-11-21 19:07:20.886] [WARN] access - GET /api/news/263
[2017-11-21 19:07:25.177] [WARN] access - GET /api/news/type/alllists
[2017-11-21 19:07:25.187] [WARN] access - GET /api/news/263
[2017-11-21 19:07:25.211] [WARN] access - GET /api/menu/listsTree
[2017-11-21 19:07:25.216] [WARN] access - GET /api/user/userInfo
[2017-11-21 19:07:29.935] [INFO] access - PUT /api/news/263
[2017-11-21 19:08:19.700] [WARN] access - GET /api/news/type/alllists
[2017-11-21 19:08:19.710] [INFO] access - GET /api/news/263
[2017-11-21 19:09:28.355] [WARN] access - GET /api/news/type/alllists
[2017-11-21 19:09:28.372] [INFO] access - GET /api/news/263
[2017-11-21 19:09:28.377] [WARN] access - GET /api/menu/listsTree
[2017-11-21 19:09:28.382] [WARN] access - GET /api/user/userInfo
[2017-11-21 19:10:27.754] [INFO] access - PUT /api/news/263
[2017-11-21 19:10:29.119] [WARN] access - GET /api/news/type/alllists
[2017-11-21 19:10:29.134] [INFO] access - GET /api/news/263
[2017-11-21 19:10:29.152] [WARN] access - GET /api/menu/listsTree
[2017-11-21 19:10:29.158] [WARN] access - GET /api/user/userInfo
[2017-11-21 19:10:33.576] [WARN] access - GET /api/news/type/alllists
[2017-11-21 19:10:33.590] [WARN] access - GET /api/news/263
[2017-11-21 19:10:34.928] [WARN] access - GET /api/news/type/alllists
[2017-11-21 19:10:34.945] [WARN] access - GET /api/news/263
[2017-11-21 19:10:34.950] [WARN] access - GET /api/menu/listsTree
[2017-11-21 19:10:34.955] [WARN] access - GET /api/user/userInfo
[2017-11-21 19:10:39.205] [INFO] access - PUT /api/news/263
[2017-11-21 19:11:20.828] [WARN] access - GET /api/news/type/alllists
[2017-11-21 19:11:20.836] [INFO] access - GET /api/news/263
[2017-11-21 19:25:15.639] [WARN] access - GET /api/news/type/alllists
[2017-11-21 19:25:15.952] [WARN] access - GET /api/news/263
[2017-11-21 19:25:38.830] [WARN] access - GET /api/news/type/alllists
[2017-11-21 19:25:38.987] [WARN] access - GET /api/news/263
[2017-11-21 19:25:43.533] [WARN] access - GET /api/news/type/alllists
[2017-11-21 19:25:43.539] [WARN] access - GET /api/menu/listsTree
[2017-11-21 19:25:43.548] [WARN] access - GET /api/news/263
[2017-11-21 19:25:43.552] [WARN] access - GET /api/user/userInfo
[2017-11-21 19:25:45.427] [INFO] access - PUT /api/news/263
[2017-11-21 19:26:09.495] [WARN] access - GET /api/news/type/alllists
[2017-11-21 19:26:09.501] [INFO] access - GET /api/news/263
[2017-11-21 19:26:14.100] [WARN] access - GET /api/news/type/alllists
[2017-11-21 19:26:14.115] [WARN] access - GET /api/news/263
[2017-11-21 19:26:14.124] [WARN] access - GET /api/menu/listsTree
[2017-11-21 19:26:14.128] [WARN] access - GET /api/user/userInfo
[2017-11-21 19:26:16.570] [INFO] access - PUT /api/news/263
[2017-11-21 19:27:51.033] [WARN] access - GET /api/news/type/alllists
[2017-11-21 19:27:51.145] [INFO] access - GET /api/news/263
[2017-11-21 19:27:54.055] [WARN] access - GET /api/news/type/alllists
[2017-11-21 19:27:54.063] [WARN] access - GET /api/news/263
[2017-11-21 19:27:54.080] [WARN] access - GET /api/menu/listsTree
[2017-11-21 19:27:54.084] [WARN] access - GET /api/user/userInfo
[2017-11-21 19:28:09.351] [INFO] access - PUT /api/news/263
[2017-11-21 19:29:16.029] [WARN] access - GET /api/news/type/alllists
[2017-11-21 19:29:16.051] [INFO] access - GET /api/news/263
[2017-11-21 19:29:18.802] [INFO] access - PUT /api/news/263
[2017-11-21 19:29:37.741] [WARN] access - GET /api/news/type/alllists
[2017-11-21 19:29:37.967] [INFO] access - GET /api/news/263
[2017-11-21 19:29:39.404] [INFO] access - PUT /api/news/263
[2017-11-21 19:30:00.291] [WARN] access - GET /api/news/type/alllists
[2017-11-21 19:30:00.307] [WARN] access - GET /api/menu/listsTree
[2017-11-21 19:30:00.342] [WARN] access - GET /api/user/userInfo
[2017-11-21 19:30:00.355] [INFO] access - GET /api/news/263
[2017-11-21 19:33:40.115] [WARN] access - GET /api/news/type/alllists
[2017-11-21 19:33:40.375] [WARN] access - GET /api/menu/listsTree
[2017-11-21 19:33:41.047] [WARN] access - GET /api/user/userInfo
[2017-11-21 19:33:41.358] [INFO] access - GET /api/news/263
[2017-11-21 19:34:00.206] [INFO] access - PUT /api/news/263
[2017-11-21 19:34:50.798] [WARN] access - GET /api/news/type/alllists
[2017-11-21 19:34:51.086] [INFO] access - GET /api/news/263
[2017-11-21 19:34:56.578] [WARN] access - GET /api/news/type/alllists
[2017-11-21 19:34:56.602] [WARN] access - GET /api/news/263
[2017-11-21 19:34:56.608] [WARN] access - GET /api/menu/listsTree
[2017-11-21 19:34:56.613] [WARN] access - GET /api/user/userInfo
[2017-11-21 19:35:01.138] [WARN] access - GET /api/news/type/alllists
[2017-11-21 19:35:01.157] [WARN] access - GET /api/news/263
[2017-11-21 19:35:01.167] [WARN] access - GET /api/menu/listsTree
[2017-11-21 19:35:01.172] [WARN] access - GET /api/user/userInfo
[2017-11-21 19:35:27.377] [WARN] access - GET /api/news/type/alllists
[2017-11-21 19:35:27.389] [WARN] access - GET /api/news/263
[2017-11-21 19:35:42.427] [INFO] access - PUT /api/news/263
[2017-11-21 19:36:55.136] [WARN] access - GET /api/menu/listsTree
[2017-11-21 19:36:55.141] [WARN] access - GET /api/user/userInfo
[2017-11-21 19:36:55.570] [INFO] access - GET /api/news/lists?keys=&pageIndex=1&pageSize=15
[2017-11-21 19:36:59.958] [WARN] access - GET /api/news/type/alllists
[2017-11-21 19:36:59.967] [INFO] access - GET /api/news/263
[2017-11-21 19:37:03.603] [INFO] access - PUT /api/news/263
[2017-11-21 19:37:03.953] [INFO] access - GET /api/news/lists?keys=&pageIndex=1&pageSize=15
[2017-11-21 19:37:41.757] [WARN] access - GET /api/menu/listsTree
[2017-11-21 19:37:41.762] [WARN] access - GET /api/user/userInfo
[2017-11-21 19:37:42.082] [WARN] access - GET /api/news/lists?keys=&pageIndex=1&pageSize=15
[2017-11-21 19:37:46.274] [WARN] access - GET /api/news/type/alllists
[2017-11-21 19:37:46.292] [INFO] access - GET /api/news/263
[2017-11-21 19:37:48.122] [INFO] access - PUT /api/news/263
[2017-11-21 19:37:48.470] [INFO] access - GET /api/news/lists?keys=&pageIndex=1&pageSize=15
[2017-11-21 19:37:51.109] [WARN] access - GET /api/news/type/alllists
[2017-11-21 19:37:51.116] [INFO] access - GET /api/news/263
[2017-11-21 19:38:17.331] [INFO] access - PUT /api/news/263
[2017-11-21 19:38:17.635] [INFO] access - GET /api/news/lists?keys=&pageIndex=1&pageSize=15
[2017-11-21 19:38:41.470] [WARN] access - GET /api/news/type/alllists
[2017-11-21 19:38:41.480] [INFO] access - GET /api/news/263
[2017-11-21 19:38:59.673] [INFO] access - PUT /api/news/263
[2017-11-21 19:39:00.009] [INFO] access - GET /api/news/lists?keys=&pageIndex=1&pageSize=15
[2017-11-21 19:39:09.766] [WARN] access - GET /api/news/type/alllists
[2017-11-21 19:39:09.776] [INFO] access - GET /api/news/263
[2017-11-21 19:40:27.553] [WARN] access - GET /api/news/type/alllists
[2017-11-21 19:40:27.574] [WARN] access - GET /api/news/263
[2017-11-21 19:40:35.225] [INFO] access - PUT /api/news/263
[2017-11-21 19:40:35.548] [INFO] access - GET /api/news/lists?keys=&pageIndex=1&pageSize=15
[2017-11-21 19:40:37.493] [WARN] access - GET /api/news/type/alllists
[2017-11-21 19:40:37.501] [INFO] access - GET /api/news/263
[2017-11-21 19:41:09.654] [WARN] access - GET /api/news/type/alllists
[2017-11-21 19:41:09.666] [WARN] access - GET /api/news/263
[2017-11-21 19:41:29.478] [INFO] access - PUT /api/news/263
[2017-11-21 19:41:29.806] [INFO] access - GET /api/news/lists?keys=&pageIndex=1&pageSize=15
[2017-11-21 19:41:31.732] [WARN] access - GET /api/news/type/alllists
[2017-11-21 19:41:31.748] [INFO] access - GET /api/news/263
[2017-11-21 19:42:50.525] [WARN] access - GET /api/news/type/alllists
[2017-11-21 19:42:50.533] [WARN] access - GET /api/menu/listsTree
[2017-11-21 19:42:50.546] [WARN] access - GET /api/user/userInfo
[2017-11-21 19:42:50.552] [WARN] access - GET /api/news/263
[2017-11-21 19:42:54.232] [INFO] access - PUT /api/news/263
[2017-11-21 19:42:54.629] [INFO] access - GET /api/news/lists?keys=&pageIndex=1&pageSize=15
[2017-11-21 19:42:56.612] [WARN] access - GET /api/news/type/alllists
[2017-11-21 19:42:56.618] [INFO] access - GET /api/news/263
[2017-11-21 19:42:58.446] [INFO] access - PUT /api/news/263
[2017-11-21 19:42:58.798] [INFO] access - GET /api/news/lists?keys=&pageIndex=1&pageSize=15
[2017-11-21 19:43:00.908] [WARN] access - GET /api/news/type/alllists
[2017-11-21 19:43:00.921] [INFO] access - GET /api/news/263
[2017-11-21 19:43:13.713] [WARN] access - GET /api/news/lists?keys=&pageIndex=1&pageSize=15
[2017-11-21 19:51:23.784] [WARN] access - GET /api/news/type/alllists
[2017-11-21 19:51:33.033] [INFO] access - POST /api/news/add
[2017-11-21 19:51:33.398] [INFO] access - GET /api/news/lists?keys=&pageIndex=1&pageSize=15
[2017-11-21 19:56:35.250] [INFO] access - GET /preview/news/264
