[2017-11-10 09:56:54.019] [WARN] access - GET /api/contracts/lists?keys=
[2017-11-10 09:56:57.353] [WARN] access - GET /api/contracts/history/lists?keys=&pageSize=15&pageIndex=1
[2017-11-10 09:56:58.553] [WARN] access - GET /api/contracts/type/lists?keys=
[2017-11-10 10:06:08.041] [WARN] access - GET /api/contracts/lists?keys=
[2017-11-10 10:06:10.991] [WARN] access - GET /api/contracts/type/lists
[2017-11-10 10:06:59.058] [ERROR] access - POST /api/contracts/add
[2017-11-10 10:24:47.108] [INFO] access - POST /api/contracts/add
[2017-11-10 10:24:47.546] [INFO] access - GET /api/contracts/lists?keys=
[2017-11-10 10:25:41.029] [ERROR] access - GET /preview/contracts/2
[2017-11-10 10:29:23.474] [WARN] access - GET /api/user/userInfo
[2017-11-10 10:29:23.480] [WARN] access - GET /api/menu/listsTree
[2017-11-10 10:29:23.705] [WARN] access - GET /api/contracts/lists?keys=
[2017-11-10 10:29:27.439] [INFO] access - GET /preview/contracts/2
[2017-11-10 10:29:32.232] [INFO] access - GET /api/contracts/2
[2017-11-10 10:29:40.619] [WARN] access - GET /api/contracts/lists?keys=
[2017-11-10 10:34:22.625] [INFO] access - POST /api/contracts/2
[2017-11-10 10:34:22.691] [INFO] access - GET /api/contracts/lists?keys=
[2017-11-10 10:34:42.803] [INFO] access - GET /api/contracts/2
[2017-11-10 10:34:51.539] [WARN] access - GET /api/contracts/lists?keys=
[2017-11-10 10:34:53.437] [WARN] access - GET /api/contracts/2
[2017-11-10 10:34:57.580] [WARN] access - GET /api/contracts/lists?keys=
[2017-11-10 10:34:58.848] [WARN] access - GET /preview/contracts/2
[2017-11-10 11:08:42.424] [WARN] access - GET /api/user/userInfo
[2017-11-10 11:08:42.434] [WARN] access - GET /api/menu/listsTree
[2017-11-10 11:08:42.631] [WARN] access - GET /api/contracts/lists?keys=
[2017-11-10 11:08:47.053] [WARN] access - GET /preview/contracts/2
[2017-11-10 11:08:59.978] [WARN] access - GET /api/contracts/2
[2017-11-10 11:09:55.201] [INFO] access - GET /api/contracts/2
[2017-11-10 11:09:55.217] [WARN] access - GET /api/menu/listsTree
[2017-11-10 11:09:55.222] [WARN] access - GET /api/user/userInfo
[2017-11-10 11:12:08.725] [INFO] access - PUT /api/contracts/2
[2017-11-10 11:12:09.111] [INFO] access - GET /api/contracts/lists?keys=
[2017-11-10 11:12:11.400] [INFO] access - PUT /api/contracts/2
[2017-11-10 11:12:25.561] [INFO] access - GET /preview/contracts/2
[2017-11-10 15:02:38.056] [ERROR] access - POST /api/signin
[2017-11-10 15:02:58.722] [INFO] access - POST /api/signin
[2017-11-10 15:03:44.104] [INFO] access - POST /api/signin
[2017-11-10 15:03:44.200] [WARN] access - GET /api/user/userInfo
[2017-11-10 15:03:44.208] [WARN] access - GET /api/menu/listsTree
[2017-11-10 15:54:50.781] [INFO] access - GET /api/contracts/lists?keys=
[2017-11-10 15:54:52.936] [WARN] access - GET /preview/contracts/2
[2017-11-10 15:55:00.031] [INFO] access - GET /api/contracts/2
[2017-11-10 15:55:11.858] [WARN] access - GET /api/contracts/lists?keys=
[2017-11-10 15:55:17.469] [WARN] access - GET /api/contracts/2
