[2018-04-20 10:53:00.836] [WARN] access - GET /api/user/userInfo
[2018-04-20 10:53:00.852] [WARN] access - GET /api/menu/listsTree
[2018-04-20 10:53:04.369] [INFO] access - GET /api/operate/lists?pageSize=20&pageNumber=1&appCode=100001
[2018-04-20 10:55:20.359] [WARN] access - GET /api/menu/listsTree
[2018-04-20 10:55:20.371] [WARN] access - GET /api/user/userInfo
[2018-04-20 10:55:20.401] [INFO] access - GET /api/jenkins/lists?keys=&pageIndex=1&pageSize=15
[2018-04-20 11:16:40.108] [INFO] access - POST /api/jenkins/add
[2018-04-20 11:16:40.151] [INFO] access - GET /api/jenkins/lists?keys=&pageIndex=1&pageSize=15
[2018-04-20 13:20:42.071] [WARN] access - GET /api/user/userInfo
[2018-04-20 13:20:42.093] [WARN] access - GET /api/menu/listsTree
[2018-04-20 13:20:42.358] [WARN] access - GET /api/jenkins/lists?keys=&pageIndex=1&pageSize=15
[2018-04-20 13:20:58.853] [WARN] access - GET /api/contracts/5
[2018-04-20 13:21:00.129] [WARN] access - GET /api/jenkins/lists?keys=&pageIndex=1&pageSize=15
[2018-04-20 13:25:32.501] [WARN] access - GET /api/user/userInfo
[2018-04-20 13:25:32.508] [WARN] access - GET /api/menu/listsTree
[2018-04-20 13:25:33.650] [WARN] access - GET /api/menu/listsTree
[2018-04-20 13:25:33.656] [WARN] access - GET /api/user/userInfo
[2018-04-20 13:26:23.626] [WARN] access - GET /api/user/userInfo
[2018-04-20 13:26:23.632] [WARN] access - GET /api/menu/listsTree
[2018-04-20 13:26:24.275] [WARN] access - GET /api/menu/listsTree
[2018-04-20 13:26:24.279] [WARN] access - GET /api/user/userInfo
[2018-04-20 13:26:27.952] [WARN] access - GET /api/contracts/lists?keys=
[2018-04-20 13:28:50.115] [INFO] access - GET /api/contracts/vm/lists
[2018-04-20 13:28:50.131] [WARN] access - GET /api/contracts/type/lists
[2018-04-20 13:41:13.570] [WARN] access - GET /api/contracts/type/lists
[2018-04-20 13:41:13.578] [WARN] access - GET /api/contracts/vm/lists
[2018-04-20 13:41:36.210] [WARN] access - GET /api/menu/listsTree
[2018-04-20 13:41:36.216] [WARN] access - GET /api/user/userInfo
[2018-04-20 13:41:36.412] [WARN] access - GET /api/contracts/type/lists
[2018-04-20 13:41:36.419] [WARN] access - GET /api/contracts/vm/lists
[2018-04-20 13:43:03.970] [WARN] access - GET /api/contracts/type/lists
[2018-04-20 13:43:03.979] [WARN] access - GET /api/contracts/vm/lists
[2018-04-20 13:43:12.923] [WARN] access - GET /api/menu/listsTree
[2018-04-20 13:43:12.929] [WARN] access - GET /api/user/userInfo
[2018-04-20 13:43:13.143] [WARN] access - GET /api/contracts/type/lists
[2018-04-20 13:43:13.153] [WARN] access - GET /api/contracts/vm/lists
[2018-04-20 13:43:55.036] [WARN] access - GET /api/menu/listsTree
[2018-04-20 13:43:55.042] [WARN] access - GET /api/user/userInfo
[2018-04-20 13:43:55.275] [WARN] access - GET /api/contracts/type/lists
[2018-04-20 13:43:55.280] [WARN] access - GET /api/contracts/vm/lists
[2018-04-20 13:45:38.554] [WARN] access - GET /api/menu/listsTree
[2018-04-20 13:45:38.562] [WARN] access - GET /api/user/userInfo
[2018-04-20 13:45:38.763] [WARN] access - GET /api/contracts/type/lists
[2018-04-20 13:45:38.770] [WARN] access - GET /api/contracts/vm/lists
[2018-04-20 13:45:39.851] [WARN] access - GET /api/menu/listsTree
[2018-04-20 13:45:39.856] [WARN] access - GET /api/user/userInfo
[2018-04-20 13:45:48.711] [WARN] access - GET /api/contracts/type/lists
[2018-04-20 13:45:48.727] [WARN] access - GET /api/contracts/vm/lists
[2018-04-20 13:46:52.239] [WARN] access - GET /api/menu/listsTree
[2018-04-20 13:46:52.245] [WARN] access - GET /api/user/userInfo
[2018-04-20 13:46:52.475] [WARN] access - GET /api/contracts/type/lists
[2018-04-20 13:46:52.481] [WARN] access - GET /api/contracts/vm/lists
[2018-04-20 13:47:16.107] [WARN] access - GET /api/menu/listsTree
[2018-04-20 13:47:16.129] [WARN] access - GET /api/user/userInfo
[2018-04-20 13:47:16.144] [WARN] access - GET /api/contracts/type/lists
[2018-04-20 13:47:16.149] [WARN] access - GET /api/contracts/vm/lists
[2018-04-20 13:48:27.265] [WARN] access - GET /api/menu/listsTree
[2018-04-20 13:48:27.283] [WARN] access - GET /api/user/userInfo
[2018-04-20 13:48:29.616] [WARN] access - GET /api/contracts/type/lists
[2018-04-20 13:48:29.624] [WARN] access - GET /api/contracts/vm/lists
[2018-04-20 13:49:14.696] [WARN] access - GET /api/menu/listsTree
[2018-04-20 13:49:14.702] [WARN] access - GET /api/user/userInfo
[2018-04-20 13:49:18.205] [WARN] access - GET /api/contracts/type/lists
[2018-04-20 13:49:18.217] [WARN] access - GET /api/contracts/vm/lists
[2018-04-20 13:49:53.009] [WARN] access - GET /api/menu/listsTree
[2018-04-20 13:49:53.016] [WARN] access - GET /api/user/userInfo
[2018-04-20 13:49:53.038] [WARN] access - GET /api/contracts/type/lists
[2018-04-20 13:49:53.043] [WARN] access - GET /api/contracts/vm/lists
[2018-04-20 13:52:29.748] [WARN] access - GET /api/contracts/type/lists
[2018-04-20 13:52:29.753] [WARN] access - GET /api/contracts/vm/lists
[2018-04-20 13:53:15.046] [WARN] access - GET /api/contracts/type/lists
[2018-04-20 13:53:15.052] [WARN] access - GET /api/contracts/vm/lists
[2018-04-20 13:53:17.703] [WARN] access - GET /api/menu/listsTree
[2018-04-20 13:53:17.710] [WARN] access - GET /api/user/userInfo
[2018-04-20 13:53:17.737] [WARN] access - GET /api/contracts/type/lists
[2018-04-20 13:53:17.745] [WARN] access - GET /api/contracts/vm/lists
[2018-04-20 13:54:02.933] [WARN] access - GET /api/menu/listsTree
[2018-04-20 13:54:02.938] [WARN] access - GET /api/user/userInfo
[2018-04-20 13:54:02.967] [WARN] access - GET /api/contracts/type/lists
[2018-04-20 13:54:02.972] [WARN] access - GET /api/contracts/vm/lists
[2018-04-20 14:53:03.499] [WARN] access - GET /api/contracts/lists?keys=
[2018-04-20 14:53:05.202] [WARN] access - GET /api/contracts/5
[2018-04-20 14:53:05.248] [WARN] access - GET /api/contracts/vm/lists
[2018-04-20 15:13:18.468] [WARN] access - GET /api/contracts/5
[2018-04-20 15:13:18.609] [WARN] access - GET /api/contracts/vm/lists
[2018-04-20 15:14:11.885] [WARN] access - GET /api/contracts/lists?keys=
[2018-04-20 15:14:13.399] [WARN] access - GET /api/contracts/type/lists
[2018-04-20 15:14:13.403] [WARN] access - GET /api/contracts/vm/lists
[2018-04-20 15:14:40.521] [WARN] access - GET /api/menu/listsTree
[2018-04-20 15:14:40.527] [WARN] access - GET /api/user/userInfo
[2018-04-20 15:14:46.534] [WARN] access - GET /api/contracts/type/lists
[2018-04-20 15:14:46.540] [WARN] access - GET /api/contracts/vm/lists
[2018-04-20 15:15:33.303] [WARN] access - GET /api/menu/listsTree
[2018-04-20 15:15:33.310] [WARN] access - GET /api/user/userInfo
[2018-04-20 15:15:38.813] [WARN] access - GET /api/contracts/type/lists
[2018-04-20 15:15:38.819] [WARN] access - GET /api/contracts/vm/lists
[2018-04-20 15:16:02.461] [WARN] access - GET /api/menu/listsTree
[2018-04-20 15:16:02.467] [WARN] access - GET /api/user/userInfo
[2018-04-20 15:16:06.733] [WARN] access - GET /api/contracts/type/lists
[2018-04-20 15:16:06.741] [WARN] access - GET /api/contracts/vm/lists
[2018-04-20 15:18:16.261] [WARN] access - GET /api/menu/listsTree
[2018-04-20 15:18:16.274] [WARN] access - GET /api/user/userInfo
[2018-04-20 15:18:19.472] [WARN] access - GET /api/contracts/type/lists
[2018-04-20 15:18:19.478] [WARN] access - GET /api/contracts/vm/lists
[2018-04-20 15:18:58.884] [WARN] access - GET /api/menu/listsTree
[2018-04-20 15:18:58.890] [WARN] access - GET /api/user/userInfo
[2018-04-20 15:18:58.914] [WARN] access - GET /api/contracts/type/lists
[2018-04-20 15:18:58.926] [WARN] access - GET /api/contracts/vm/lists
[2018-04-20 15:19:35.348] [WARN] access - GET /api/menu/listsTree
[2018-04-20 15:19:35.377] [WARN] access - GET /api/user/userInfo
[2018-04-20 15:19:35.381] [WARN] access - GET /api/contracts/type/lists
[2018-04-20 15:19:35.386] [WARN] access - GET /api/contracts/vm/lists
[2018-04-20 15:22:21.000] [WARN] access - GET /api/contracts/type/lists
[2018-04-20 15:22:21.007] [WARN] access - GET /api/contracts/vm/lists
[2018-04-20 15:24:53.815] [WARN] access - GET /api/contracts/lists?keys=
[2018-04-20 15:24:55.851] [WARN] access - GET /api/contracts/5
[2018-04-20 15:24:55.877] [WARN] access - GET /api/contracts/vm/lists
[2018-04-20 15:25:28.161] [WARN] access - GET /api/contracts/5
[2018-04-20 15:25:28.182] [WARN] access - GET /api/menu/listsTree
[2018-04-20 15:25:28.191] [WARN] access - GET /api/user/userInfo
[2018-04-20 15:25:28.601] [WARN] access - GET /api/contracts/vm/lists
[2018-04-20 15:25:54.216] [WARN] access - GET /api/contracts/5
[2018-04-20 15:25:54.246] [WARN] access - GET /api/contracts/vm/lists
[2018-04-20 15:26:43.592] [WARN] access - GET /api/contracts/5
[2018-04-20 15:26:43.834] [WARN] access - GET /api/contracts/vm/lists
[2018-04-20 15:26:46.887] [WARN] access - GET /api/contracts/5
[2018-04-20 15:26:46.917] [WARN] access - GET /api/contracts/vm/lists
[2018-04-20 15:27:36.414] [WARN] access - GET /api/contracts/5
[2018-04-20 15:27:36.436] [WARN] access - GET /api/contracts/vm/lists
[2018-04-20 15:28:06.228] [WARN] access - GET /api/contracts/5
[2018-04-20 15:28:06.234] [WARN] access - GET /api/menu/listsTree
[2018-04-20 15:28:06.240] [WARN] access - GET /api/user/userInfo
[2018-04-20 15:28:06.679] [INFO] access - GET /api/contracts/vm/lists
[2018-04-20 15:29:00.968] [WARN] access - GET /api/contracts/5
[2018-04-20 15:29:35.416] [INFO] access - GET /api/contracts/5
[2018-04-20 15:29:40.885] [WARN] access - GET /api/contracts/5
[2018-04-20 15:29:40.904] [WARN] access - GET /api/menu/listsTree
[2018-04-20 15:29:40.909] [WARN] access - GET /api/user/userInfo
[2018-04-20 15:30:30.028] [WARN] access - GET /api/contracts/5
[2018-04-20 15:30:34.108] [WARN] access - GET /api/menu/listsTree
[2018-04-20 15:30:34.112] [WARN] access - GET /api/user/userInfo
[2018-04-20 15:30:34.129] [WARN] access - GET /api/contracts/5
[2018-04-20 15:32:40.599] [WARN] access - GET /api/contracts/type/lists?keys=
[2018-04-20 15:35:31.633] [INFO] access - GET /api/menu/listsTree
[2018-04-20 15:35:31.678] [INFO] access - GET /api/user/userInfo
[2018-04-20 15:35:31.707] [INFO] access - GET /api/contracts/lists?keys=
[2018-04-20 15:38:29.158] [WARN] access - GET /api/contracts/type/lists
[2018-04-20 15:38:29.172] [INFO] access - GET /api/contracts/vm/lists
[2018-04-20 15:40:04.205] [WARN] access - GET /api/contracts/lists?keys=
[2018-04-20 15:40:05.782] [WARN] access - GET /api/contracts/5
[2018-04-20 15:40:37.496] [WARN] access - GET /api/menu/listsTree
[2018-04-20 15:40:37.501] [WARN] access - GET /api/user/userInfo
[2018-04-20 15:40:37.517] [WARN] access - GET /api/contracts/5
[2018-04-20 15:40:43.077] [WARN] access - GET /api/menu/listsTree
[2018-04-20 15:40:43.082] [WARN] access - GET /api/user/userInfo
[2018-04-20 15:40:43.099] [WARN] access - GET /api/contracts/5
[2018-04-20 15:41:20.589] [WARN] access - GET /api/menu/listsTree
[2018-04-20 15:41:20.593] [WARN] access - GET /api/user/userInfo
[2018-04-20 15:41:20.608] [WARN] access - GET /api/contracts/5
[2018-04-20 15:43:38.602] [WARN] access - GET /api/contracts/5
[2018-04-20 15:43:38.640] [WARN] access - GET /api/contracts/vm/lists
[2018-04-20 15:46:00.712] [WARN] access - GET /api/menu/listsTree
[2018-04-20 15:46:00.731] [WARN] access - GET /api/user/userInfo
[2018-04-20 15:46:00.739] [WARN] access - GET /api/contracts/5
[2018-04-20 15:46:01.057] [WARN] access - GET /api/contracts/vm/lists
[2018-04-20 15:46:12.375] [WARN] access - GET /api/menu/listsTree
[2018-04-20 15:46:12.395] [WARN] access - GET /api/user/userInfo
[2018-04-20 15:46:12.412] [WARN] access - GET /api/contracts/5
[2018-04-20 15:46:12.719] [WARN] access - GET /api/contracts/vm/lists
[2018-04-20 15:46:30.051] [WARN] access - GET /api/contracts/lists?keys=
[2018-04-20 15:46:34.180] [WARN] access - GET /api/contracts/5
[2018-04-20 15:46:34.235] [WARN] access - GET /api/contracts/vm/lists
[2018-04-20 15:46:53.051] [WARN] access - GET /api/contracts/lists?keys=
[2018-04-20 15:46:54.428] [WARN] access - GET /api/contracts/type/lists
[2018-04-20 15:46:54.434] [WARN] access - GET /api/contracts/vm/lists
[2018-04-20 15:47:06.193] [WARN] access - GET /api/menu/listsTree
[2018-04-20 15:47:06.198] [WARN] access - GET /api/user/userInfo
[2018-04-20 15:47:06.226] [WARN] access - GET /api/contracts/type/lists
[2018-04-20 15:47:06.231] [WARN] access - GET /api/contracts/vm/lists
[2018-04-20 15:47:19.239] [WARN] access - GET /api/contracts/lists?keys=
[2018-04-20 15:47:21.379] [WARN] access - GET /api/contracts/5
[2018-04-20 15:47:21.414] [WARN] access - GET /api/contracts/vm/lists
[2018-04-20 15:48:48.850] [WARN] access - GET /api/menu/listsTree
[2018-04-20 15:48:48.859] [WARN] access - GET /api/user/userInfo
[2018-04-20 15:48:48.867] [WARN] access - GET /api/contracts/5
[2018-04-20 15:48:49.214] [WARN] access - GET /api/contracts/vm/lists
[2018-04-20 15:49:33.333] [WARN] access - GET /api/contracts/lists?keys=
[2018-04-20 15:49:37.360] [WARN] access - GET /api/menu/listsTree
[2018-04-20 15:49:37.370] [WARN] access - GET /api/user/userInfo
[2018-04-20 15:49:37.620] [WARN] access - GET /api/contracts/lists?keys=
[2018-04-20 15:49:39.862] [WARN] access - GET /api/contracts/type/lists
[2018-04-20 15:49:39.869] [WARN] access - GET /api/contracts/vm/lists
[2018-04-20 15:49:51.269] [WARN] access - GET /api/contracts/type/lists?keys=
[2018-04-20 15:49:52.381] [WARN] access - GET /api/contracts/lists?keys=
[2018-04-20 15:49:54.910] [WARN] access - GET /api/menu/listsTree
[2018-04-20 15:49:54.914] [WARN] access - GET /api/user/userInfo
[2018-04-20 15:49:55.176] [WARN] access - GET /api/contracts/lists?keys=
[2018-04-20 15:49:56.741] [WARN] access - GET /api/contracts/type/lists
[2018-04-20 15:49:56.749] [WARN] access - GET /api/contracts/vm/lists
[2018-04-20 15:50:16.432] [WARN] access - GET /api/contracts/lists?keys=
[2018-04-20 15:50:22.202] [INFO] access - GET /api/contracts/3
[2018-04-20 15:50:22.289] [WARN] access - GET /api/contracts/vm/lists
[2018-04-20 15:50:59.476] [WARN] access - GET /api/contracts/3
[2018-04-20 15:50:59.564] [WARN] access - GET /api/contracts/vm/lists
[2018-04-20 15:51:03.003] [WARN] access - GET /api/contracts/lists?keys=
[2018-04-20 15:51:04.671] [WARN] access - GET /api/contracts/5
[2018-04-20 15:51:04.750] [WARN] access - GET /api/contracts/vm/lists
[2018-04-20 15:51:08.098] [WARN] access - GET /api/contracts/lists?keys=
[2018-04-20 15:51:10.523] [WARN] access - GET /api/menu/listsTree
[2018-04-20 15:51:10.529] [WARN] access - GET /api/user/userInfo
[2018-04-20 15:51:10.791] [WARN] access - GET /api/contracts/lists?keys=
[2018-04-20 15:51:12.648] [WARN] access - GET /api/contracts/5
[2018-04-20 15:51:12.739] [WARN] access - GET /api/contracts/vm/lists
[2018-04-20 15:51:25.568] [WARN] access - GET /api/contracts/5
[2018-04-20 15:51:25.820] [WARN] access - GET /api/contracts/vm/lists
[2018-04-20 15:52:14.693] [WARN] access - GET /api/menu/listsTree
[2018-04-20 15:52:14.698] [WARN] access - GET /api/user/userInfo
[2018-04-20 15:52:14.704] [WARN] access - GET /api/contracts/5
[2018-04-20 15:52:15.051] [WARN] access - GET /api/contracts/vm/lists
[2018-04-20 15:53:22.351] [WARN] access - GET /api/menu/listsTree
[2018-04-20 15:53:22.369] [WARN] access - GET /api/user/userInfo
[2018-04-20 15:53:22.378] [WARN] access - GET /api/contracts/5
[2018-04-20 15:53:22.841] [WARN] access - GET /api/contracts/vm/lists
[2018-04-20 15:54:01.067] [WARN] access - GET /api/menu/listsTree
[2018-04-20 15:54:01.073] [WARN] access - GET /api/user/userInfo
[2018-04-20 15:54:01.090] [WARN] access - GET /api/contracts/5
[2018-04-20 15:54:01.456] [WARN] access - GET /api/contracts/vm/lists
[2018-04-20 15:54:24.687] [WARN] access - GET /api/menu/listsTree
[2018-04-20 15:54:24.703] [WARN] access - GET /api/user/userInfo
[2018-04-20 15:54:24.707] [WARN] access - GET /api/contracts/5
[2018-04-20 15:54:25.090] [WARN] access - GET /api/contracts/vm/lists
[2018-04-20 15:56:05.537] [WARN] access - GET /api/contracts/5
[2018-04-20 15:56:05.570] [WARN] access - GET /api/contracts/vm/lists
[2018-04-20 15:56:13.995] [WARN] access - GET /api/menu/listsTree
[2018-04-20 15:56:14.001] [WARN] access - GET /api/user/userInfo
[2018-04-20 15:56:14.022] [WARN] access - GET /api/contracts/5
[2018-04-20 15:56:14.382] [WARN] access - GET /api/contracts/vm/lists
[2018-04-20 15:56:59.009] [WARN] access - GET /api/contracts/5
[2018-04-20 15:56:59.244] [WARN] access - GET /api/contracts/vm/lists
[2018-04-20 15:57:04.505] [WARN] access - GET /api/menu/listsTree
[2018-04-20 15:57:04.512] [WARN] access - GET /api/user/userInfo
[2018-04-20 15:57:04.529] [WARN] access - GET /api/contracts/5
[2018-04-20 15:57:04.930] [WARN] access - GET /api/contracts/vm/lists
[2018-04-20 15:57:14.569] [WARN] access - GET /api/contracts/5
[2018-04-20 15:57:14.981] [WARN] access - GET /api/contracts/vm/lists
[2018-04-20 15:57:27.960] [WARN] access - GET /api/contracts/lists?keys=
[2018-04-20 15:57:32.205] [WARN] access - GET /api/contracts/type/lists
[2018-04-20 15:57:32.212] [WARN] access - GET /api/contracts/vm/lists
[2018-04-20 15:58:17.363] [WARN] access - GET /api/contracts/type/lists
[2018-04-20 15:58:17.377] [WARN] access - GET /api/contracts/vm/lists
[2018-04-20 15:58:19.797] [WARN] access - GET /api/contracts/type/lists
[2018-04-20 15:58:19.833] [WARN] access - GET /api/contracts/vm/lists
[2018-04-20 15:58:22.187] [WARN] access - GET /api/menu/listsTree
[2018-04-20 15:58:22.240] [WARN] access - GET /api/user/userInfo
[2018-04-20 15:58:22.248] [WARN] access - GET /api/contracts/type/lists
[2018-04-20 15:58:22.256] [WARN] access - GET /api/contracts/vm/lists
[2018-04-20 15:58:52.433] [WARN] access - GET /api/contracts/lists?keys=
[2018-04-20 15:58:54.076] [WARN] access - GET /api/contracts/5
[2018-04-20 15:58:54.113] [WARN] access - GET /api/contracts/vm/lists
[2018-04-20 15:58:59.027] [WARN] access - GET /api/contracts/lists?keys=
[2018-04-20 15:59:00.589] [WARN] access - GET /api/contracts/type/lists
[2018-04-20 15:59:00.594] [WARN] access - GET /api/contracts/vm/lists
[2018-04-20 16:00:00.378] [WARN] access - GET /api/menu/listsTree
[2018-04-20 16:00:00.385] [WARN] access - GET /api/user/userInfo
[2018-04-20 16:00:00.602] [WARN] access - GET /api/contracts/type/lists
[2018-04-20 16:00:00.609] [WARN] access - GET /api/contracts/vm/lists
[2018-04-20 16:00:09.341] [WARN] access - GET /api/contracts/lists?keys=
[2018-04-20 16:00:11.328] [WARN] access - GET /api/contracts/5
[2018-04-20 16:00:11.369] [INFO] access - GET /api/contracts/vm/lists
[2018-04-20 16:00:14.926] [WARN] access - GET /api/contracts/lists?keys=
[2018-04-20 16:00:17.571] [WARN] access - GET /api/contracts/type/lists
[2018-04-20 16:00:17.576] [WARN] access - GET /api/contracts/vm/lists
[2018-04-20 16:00:41.532] [WARN] access - GET /api/contracts/lists?keys=
[2018-04-20 16:00:43.855] [WARN] access - GET /api/menu/listsTree
[2018-04-20 16:00:43.860] [WARN] access - GET /api/user/userInfo
[2018-04-20 16:00:44.138] [WARN] access - GET /api/contracts/lists?keys=
[2018-04-20 16:00:47.131] [WARN] access - GET /api/contracts/5
[2018-04-20 16:00:47.179] [WARN] access - GET /api/contracts/vm/lists
[2018-04-20 16:00:52.568] [WARN] access - GET /api/contracts/lists?keys=
[2018-04-20 16:00:55.147] [WARN] access - GET /api/contracts/type/lists
[2018-04-20 16:00:55.152] [WARN] access - GET /api/contracts/vm/lists
[2018-04-20 16:01:20.368] [WARN] access - GET /api/menu/listsTree
[2018-04-20 16:01:20.376] [WARN] access - GET /api/user/userInfo
[2018-04-20 16:01:20.597] [WARN] access - GET /api/contracts/type/lists
[2018-04-20 16:01:20.602] [WARN] access - GET /api/contracts/vm/lists
[2018-04-20 16:01:25.221] [WARN] access - GET /api/contracts/lists?keys=
[2018-04-20 16:01:26.811] [WARN] access - GET /api/contracts/5
[2018-04-20 16:01:26.853] [WARN] access - GET /api/contracts/vm/lists
[2018-04-20 16:01:32.634] [WARN] access - GET /api/contracts/lists?keys=
[2018-04-20 16:01:35.349] [WARN] access - GET /api/contracts/type/lists
[2018-04-20 16:01:35.357] [WARN] access - GET /api/contracts/vm/lists
[2018-04-20 16:02:03.765] [WARN] access - GET /api/menu/listsTree
[2018-04-20 16:02:03.772] [WARN] access - GET /api/user/userInfo
[2018-04-20 16:02:03.990] [WARN] access - GET /api/contracts/type/lists
[2018-04-20 16:02:03.998] [WARN] access - GET /api/contracts/vm/lists
[2018-04-20 16:02:08.699] [WARN] access - GET /api/contracts/lists?keys=
[2018-04-20 16:02:10.843] [WARN] access - GET /api/contracts/5
[2018-04-20 16:02:10.882] [WARN] access - GET /api/contracts/vm/lists
[2018-04-20 16:02:28.776] [WARN] access - GET /api/contracts/lists?keys=
[2018-04-20 16:02:42.777] [WARN] access - GET /api/contracts/type/lists
[2018-04-20 16:02:42.782] [WARN] access - GET /api/contracts/vm/lists
[2018-04-20 16:07:15.974] [WARN] access - GET /api/menu/listsTree
[2018-04-20 16:07:15.983] [WARN] access - GET /api/user/userInfo
[2018-04-20 16:07:16.225] [WARN] access - GET /api/contracts/type/lists
[2018-04-20 16:07:16.231] [WARN] access - GET /api/contracts/vm/lists
[2018-04-20 16:07:21.267] [WARN] access - GET /api/contracts/lists?keys=
[2018-04-20 16:07:25.932] [WARN] access - GET /api/contracts/5
[2018-04-20 16:07:25.970] [WARN] access - GET /api/contracts/vm/lists
[2018-04-20 16:07:28.661] [WARN] access - GET /api/contracts/lists?keys=
[2018-04-20 16:07:30.598] [WARN] access - GET /api/contracts/type/lists
[2018-04-20 16:07:30.603] [WARN] access - GET /api/contracts/vm/lists
[2018-04-20 16:07:41.016] [WARN] access - GET /api/menu/listsTree
[2018-04-20 16:07:41.024] [WARN] access - GET /api/user/userInfo
[2018-04-20 16:07:41.245] [WARN] access - GET /api/contracts/type/lists
[2018-04-20 16:07:41.250] [WARN] access - GET /api/contracts/vm/lists
[2018-04-20 16:07:46.008] [WARN] access - GET /api/contracts/lists?keys=
[2018-04-20 16:07:49.643] [WARN] access - GET /api/contracts/5
[2018-04-20 16:07:49.679] [WARN] access - GET /api/contracts/vm/lists
[2018-04-20 16:09:05.625] [WARN] access - GET /api/contracts/5
[2018-04-20 16:09:05.675] [WARN] access - GET /api/contracts/vm/lists
[2018-04-20 16:09:09.408] [WARN] access - GET /api/menu/listsTree
[2018-04-20 16:09:09.423] [WARN] access - GET /api/user/userInfo
[2018-04-20 16:09:09.429] [WARN] access - GET /api/contracts/5
[2018-04-20 16:09:09.836] [WARN] access - GET /api/contracts/vm/lists
[2018-04-20 16:09:13.754] [WARN] access - GET /api/contracts/lists?keys=
[2018-04-20 16:09:15.542] [WARN] access - GET /api/contracts/5
[2018-04-20 16:09:15.574] [WARN] access - GET /api/contracts/vm/lists
[2018-04-20 16:09:40.939] [WARN] access - GET /api/contracts/5
[2018-04-20 16:09:40.980] [WARN] access - GET /api/contracts/vm/lists
[2018-04-20 16:10:21.024] [WARN] access - GET /api/contracts/5
[2018-04-20 16:10:21.074] [WARN] access - GET /api/contracts/vm/lists
[2018-04-20 16:10:26.583] [WARN] access - GET /api/contracts/5
[2018-04-20 16:10:26.622] [WARN] access - GET /api/contracts/vm/lists
[2018-04-20 16:10:39.202] [WARN] access - GET /api/menu/listsTree
[2018-04-20 16:10:39.230] [WARN] access - GET /api/user/userInfo
[2018-04-20 16:10:39.248] [WARN] access - GET /api/contracts/5
[2018-04-20 16:10:39.456] [WARN] access - GET /api/contracts/vm/lists
[2018-04-20 16:10:56.653] [WARN] access - GET /api/contracts/5
[2018-04-20 16:10:56.681] [WARN] access - GET /api/contracts/vm/lists
[2018-04-20 16:11:47.476] [WARN] access - GET /api/menu/listsTree
[2018-04-20 16:11:47.484] [WARN] access - GET /api/user/userInfo
[2018-04-20 16:11:47.489] [WARN] access - GET /api/contracts/5
[2018-04-20 16:11:47.770] [WARN] access - GET /api/contracts/vm/lists
[2018-04-20 16:13:45.801] [ERROR] access - GET /api/menu/listsTree
[2018-04-20 16:13:55.781] [ERROR] access - GET /api/user/userInfo
[2018-04-20 16:14:36.145] [ERROR] access - GET /api/menu/listsTree
[2018-04-20 16:14:46.141] [ERROR] access - GET /api/user/userInfo
[2018-04-20 16:14:56.154] [ERROR] access - GET /api/contracts/5
[2018-04-20 16:15:47.334] [ERROR] access - GET /api/menu/listsTree
[2018-04-20 16:15:57.340] [ERROR] access - GET /api/user/userInfo
[2018-04-20 16:16:07.344] [ERROR] access - GET /api/contracts/5
[2018-04-20 16:19:54.695] [INFO] access - GET /api/user/userInfo
[2018-04-20 16:19:54.709] [INFO] access - GET /api/menu/listsTree
[2018-04-20 16:19:54.714] [INFO] access - GET /api/contracts/5
[2018-04-20 16:19:54.976] [WARN] access - GET /api/contracts/vm/lists
[2018-04-20 16:20:55.360] [WARN] access - GET /api/menu/listsTree
[2018-04-20 16:20:55.373] [WARN] access - GET /api/user/userInfo
[2018-04-20 16:20:55.380] [WARN] access - GET /api/contracts/5
[2018-04-20 16:20:55.682] [WARN] access - GET /api/contracts/vm/lists
[2018-04-20 16:21:26.504] [WARN] access - GET /api/menu/listsTree
[2018-04-20 16:21:26.509] [WARN] access - GET /api/user/userInfo
[2018-04-20 16:21:26.706] [WARN] access - GET /api/contracts/5
[2018-04-20 16:21:26.942] [WARN] access - GET /api/contracts/vm/lists
[2018-04-20 16:22:32.379] [WARN] access - GET /api/menu/listsTree
[2018-04-20 16:22:32.387] [WARN] access - GET /api/user/userInfo
[2018-04-20 16:22:32.571] [WARN] access - GET /api/contracts/5
[2018-04-20 16:22:32.754] [WARN] access - GET /api/contracts/vm/lists
[2018-04-20 16:22:41.276] [WARN] access - GET /api/contracts/lists?keys=
[2018-04-20 16:22:43.389] [WARN] access - GET /api/contracts/5
[2018-04-20 16:22:43.412] [WARN] access - GET /api/contracts/vm/lists
[2018-04-20 16:23:56.196] [WARN] access - GET /api/menu/listsTree
[2018-04-20 16:23:56.201] [WARN] access - GET /api/user/userInfo
[2018-04-20 16:23:56.443] [WARN] access - GET /api/contracts/5
[2018-04-20 16:23:56.666] [WARN] access - GET /api/contracts/vm/lists
[2018-04-20 16:24:33.746] [WARN] access - GET /api/menu/listsTree
[2018-04-20 16:24:33.753] [WARN] access - GET /api/user/userInfo
[2018-04-20 16:24:33.982] [WARN] access - GET /api/contracts/5
[2018-04-20 16:24:34.164] [WARN] access - GET /api/contracts/vm/lists
[2018-04-20 16:25:41.529] [WARN] access - GET /api/menu/listsTree
[2018-04-20 16:25:41.536] [WARN] access - GET /api/user/userInfo
[2018-04-20 16:25:41.767] [WARN] access - GET /api/contracts/5
[2018-04-20 16:25:42.003] [WARN] access - GET /api/contracts/vm/lists
[2018-04-20 16:26:57.673] [WARN] access - GET /api/menu/listsTree
[2018-04-20 16:26:57.681] [WARN] access - GET /api/user/userInfo
[2018-04-20 16:26:57.877] [WARN] access - GET /api/contracts/5
[2018-04-20 16:26:58.044] [WARN] access - GET /api/contracts/vm/lists
[2018-04-20 16:31:36.799] [WARN] access - GET /api/menu/listsTree
[2018-04-20 16:31:36.807] [WARN] access - GET /api/user/userInfo
[2018-04-20 16:31:36.812] [WARN] access - GET /api/contracts/5
[2018-04-20 16:31:37.169] [WARN] access - GET /api/contracts/vm/lists
[2018-04-20 16:32:59.526] [WARN] access - GET /api/menu/listsTree
[2018-04-20 16:32:59.535] [WARN] access - GET /api/user/userInfo
[2018-04-20 16:32:59.547] [WARN] access - GET /api/contracts/5
[2018-04-20 16:32:59.842] [WARN] access - GET /api/contracts/vm/lists
[2018-04-20 16:33:05.099] [WARN] access - GET /api/menu/listsTree
[2018-04-20 16:33:05.112] [WARN] access - GET /api/user/userInfo
[2018-04-20 16:33:05.118] [WARN] access - GET /api/contracts/5
[2018-04-20 16:33:05.394] [WARN] access - GET /api/contracts/vm/lists
[2018-04-20 16:33:09.912] [WARN] access - GET /api/contracts/lists?keys=
[2018-04-20 16:33:12.230] [WARN] access - GET /api/menu/listsTree
[2018-04-20 16:33:12.234] [WARN] access - GET /api/user/userInfo
[2018-04-20 16:33:12.487] [WARN] access - GET /api/contracts/lists?keys=
[2018-04-20 16:33:14.078] [WARN] access - GET /api/contracts/5
[2018-04-20 16:33:14.103] [WARN] access - GET /api/contracts/vm/lists
[2018-04-20 16:35:45.031] [WARN] access - GET /api/menu/listsTree
[2018-04-20 16:35:45.040] [WARN] access - GET /api/user/userInfo
[2018-04-20 16:35:45.046] [WARN] access - GET /api/contracts/5
[2018-04-20 16:35:45.319] [WARN] access - GET /api/contracts/vm/lists
[2018-04-20 16:36:04.549] [WARN] access - GET /api/menu/listsTree
[2018-04-20 16:36:04.558] [WARN] access - GET /api/user/userInfo
[2018-04-20 16:36:04.562] [WARN] access - GET /api/contracts/5
[2018-04-20 16:36:04.832] [WARN] access - GET /api/contracts/vm/lists
[2018-04-20 16:36:28.855] [WARN] access - GET /api/menu/listsTree
[2018-04-20 16:36:28.861] [WARN] access - GET /api/user/userInfo
[2018-04-20 16:36:28.866] [WARN] access - GET /api/contracts/5
[2018-04-20 16:36:29.150] [WARN] access - GET /api/contracts/vm/lists
[2018-04-20 16:36:53.563] [WARN] access - GET /api/menu/listsTree
[2018-04-20 16:36:53.568] [WARN] access - GET /api/user/userInfo
[2018-04-20 16:36:53.577] [WARN] access - GET /api/contracts/5
[2018-04-20 16:36:53.833] [WARN] access - GET /api/contracts/vm/lists
[2018-04-20 16:37:33.460] [WARN] access - GET /api/menu/listsTree
[2018-04-20 16:37:33.465] [WARN] access - GET /api/user/userInfo
[2018-04-20 16:37:33.471] [WARN] access - GET /api/contracts/5
[2018-04-20 16:37:33.772] [WARN] access - GET /api/contracts/vm/lists
[2018-04-20 16:37:56.534] [WARN] access - GET /api/menu/listsTree
[2018-04-20 16:37:56.547] [WARN] access - GET /api/user/userInfo
[2018-04-20 16:37:56.575] [WARN] access - GET /api/contracts/5
[2018-04-20 16:37:56.996] [WARN] access - GET /api/contracts/vm/lists
[2018-04-20 16:38:04.812] [WARN] access - GET /api/menu/listsTree
[2018-04-20 16:38:04.831] [WARN] access - GET /api/user/userInfo
[2018-04-20 16:38:04.849] [WARN] access - GET /api/contracts/5
[2018-04-20 16:38:05.191] [WARN] access - GET /api/contracts/vm/lists
[2018-04-20 16:38:10.145] [WARN] access - GET /api/menu/listsTree
[2018-04-20 16:38:10.161] [WARN] access - GET /api/user/userInfo
[2018-04-20 16:38:10.168] [WARN] access - GET /api/contracts/5
[2018-04-20 16:38:10.539] [WARN] access - GET /api/contracts/vm/lists
[2018-04-20 16:38:49.624] [WARN] access - GET /api/menu/listsTree
[2018-04-20 16:38:49.642] [WARN] access - GET /api/user/userInfo
[2018-04-20 16:38:49.708] [WARN] access - GET /api/contracts/5
[2018-04-20 16:38:50.048] [WARN] access - GET /api/contracts/vm/lists
[2018-04-20 16:39:33.177] [WARN] access - GET /api/menu/listsTree
[2018-04-20 16:39:33.183] [WARN] access - GET /api/user/userInfo
[2018-04-20 16:39:33.208] [WARN] access - GET /api/contracts/5
[2018-04-20 16:39:33.588] [WARN] access - GET /api/contracts/vm/lists
[2018-04-20 16:40:27.126] [WARN] access - GET /api/menu/listsTree
[2018-04-20 16:40:27.137] [WARN] access - GET /api/user/userInfo
[2018-04-20 16:40:27.143] [WARN] access - GET /api/contracts/5
[2018-04-20 16:40:27.401] [WARN] access - GET /api/contracts/vm/lists
[2018-04-20 16:40:32.510] [WARN] access - GET /api/contracts/lists?keys=
[2018-04-20 16:40:34.207] [WARN] access - GET /api/contracts/5
[2018-04-20 16:40:34.235] [WARN] access - GET /api/contracts/vm/lists
[2018-04-20 16:41:05.808] [WARN] access - GET /api/contracts/5
[2018-04-20 16:41:06.166] [WARN] access - GET /api/contracts/vm/lists
[2018-04-20 16:41:14.200] [WARN] access - GET /api/contracts/5
[2018-04-20 16:41:14.234] [WARN] access - GET /api/contracts/vm/lists
[2018-04-20 16:49:29.837] [WARN] access - GET /api/contracts/lists?keys=
[2018-04-20 16:49:31.412] [WARN] access - GET /api/contracts/type/lists
[2018-04-20 16:49:31.417] [WARN] access - GET /api/contracts/vm/lists
[2018-04-20 16:49:44.574] [WARN] access - GET /api/menu/listsTree
[2018-04-20 16:49:44.579] [WARN] access - GET /api/user/userInfo
[2018-04-20 16:49:44.607] [WARN] access - GET /api/contracts/type/lists
[2018-04-20 16:49:44.611] [WARN] access - GET /api/contracts/vm/lists
[2018-04-20 16:49:49.387] [WARN] access - GET /api/contracts/history/lists?keys=&pageSize=15&pageIndex=1
[2018-04-20 16:49:52.136] [WARN] access - GET /api/contracts/lists?keys=
[2018-04-20 16:49:55.126] [WARN] access - GET /api/contracts/vm/lists
[2018-04-20 16:49:55.130] [WARN] access - GET /api/contracts/type/lists
[2018-04-20 16:50:18.252] [WARN] access - GET /api/menu/listsTree
[2018-04-20 16:50:18.273] [WARN] access - GET /api/user/userInfo
[2018-04-20 16:50:18.280] [WARN] access - GET /api/contracts/type/lists
[2018-04-20 16:50:18.286] [WARN] access - GET /api/contracts/vm/lists
[2018-04-20 16:50:21.336] [WARN] access - GET /api/contracts/lists?keys=
[2018-04-20 16:50:25.705] [WARN] access - GET /api/menu/listsTree
[2018-04-20 16:50:25.711] [WARN] access - GET /api/user/userInfo
[2018-04-20 16:50:25.976] [WARN] access - GET /api/contracts/lists?keys=
[2018-04-20 16:50:27.593] [WARN] access - GET /api/contracts/type/lists
[2018-04-20 16:50:27.599] [WARN] access - GET /api/contracts/vm/lists
[2018-04-20 16:50:31.301] [WARN] access - GET /api/contracts/lists?keys=
[2018-04-20 16:50:33.057] [WARN] access - GET /api/contracts/5
[2018-04-20 16:50:33.083] [WARN] access - GET /api/contracts/vm/lists
[2018-04-20 16:50:36.620] [WARN] access - GET /api/contracts/lists?keys=
[2018-04-20 16:50:38.360] [WARN] access - GET /api/contracts/vm/lists
[2018-04-20 16:50:38.369] [WARN] access - GET /api/contracts/type/lists
[2018-04-20 16:51:42.793] [WARN] access - GET /api/contracts/lists?keys=
[2018-04-20 16:51:44.863] [WARN] access - GET /api/contracts/5
[2018-04-20 16:51:44.888] [WARN] access - GET /api/contracts/vm/lists
[2018-04-20 16:51:49.600] [WARN] access - GET /api/menu/listsTree
[2018-04-20 16:51:49.613] [WARN] access - GET /api/user/userInfo
[2018-04-20 16:51:49.618] [WARN] access - GET /api/contracts/5
[2018-04-20 16:51:49.954] [WARN] access - GET /api/contracts/vm/lists
[2018-04-20 16:51:54.157] [WARN] access - GET /api/menu/listsTree
[2018-04-20 16:51:54.173] [WARN] access - GET /api/user/userInfo
[2018-04-20 16:51:54.203] [WARN] access - GET /api/contracts/5
[2018-04-20 16:51:54.570] [WARN] access - GET /api/contracts/vm/lists
[2018-04-20 16:52:28.195] [WARN] access - GET /api/menu/listsTree
[2018-04-20 16:52:28.206] [WARN] access - GET /api/user/userInfo
[2018-04-20 16:52:28.232] [WARN] access - GET /api/contracts/5
[2018-04-20 16:52:28.583] [WARN] access - GET /api/contracts/vm/lists
[2018-04-20 16:52:41.205] [WARN] access - GET /api/menu/listsTree
[2018-04-20 16:52:41.209] [WARN] access - GET /api/user/userInfo
[2018-04-20 16:52:41.227] [WARN] access - GET /api/contracts/5
[2018-04-20 16:52:41.601] [WARN] access - GET /api/contracts/vm/lists
[2018-04-20 16:52:44.498] [WARN] access - GET /api/menu/listsTree
[2018-04-20 16:52:44.503] [WARN] access - GET /api/user/userInfo
[2018-04-20 16:52:44.518] [WARN] access - GET /api/contracts/5
[2018-04-20 16:52:44.892] [WARN] access - GET /api/contracts/vm/lists
[2018-04-20 16:52:49.839] [WARN] access - GET /api/contracts/lists?keys=
[2018-04-20 16:52:51.564] [WARN] access - GET /api/contracts/5
[2018-04-20 16:52:51.591] [WARN] access - GET /api/contracts/vm/lists
[2018-04-20 16:52:54.754] [WARN] access - GET /api/menu/listsTree
[2018-04-20 16:52:54.761] [WARN] access - GET /api/user/userInfo
[2018-04-20 16:52:54.777] [WARN] access - GET /api/contracts/5
[2018-04-20 16:52:55.121] [WARN] access - GET /api/contracts/vm/lists
[2018-04-20 16:53:23.990] [WARN] access - GET /api/menu/listsTree
[2018-04-20 16:53:23.995] [WARN] access - GET /api/user/userInfo
[2018-04-20 16:53:24.197] [WARN] access - GET /api/contracts/5
[2018-04-20 16:53:24.386] [WARN] access - GET /api/contracts/vm/lists
[2018-04-20 16:54:03.890] [WARN] access - GET /api/menu/listsTree
[2018-04-20 16:54:03.896] [WARN] access - GET /api/user/userInfo
[2018-04-20 16:54:04.094] [WARN] access - GET /api/contracts/5
[2018-04-20 16:54:04.253] [WARN] access - GET /api/contracts/vm/lists
[2018-04-20 16:56:21.832] [WARN] access - GET /api/menu/listsTree
[2018-04-20 16:56:21.837] [WARN] access - GET /api/user/userInfo
[2018-04-20 16:56:22.058] [WARN] access - GET /api/contracts/5
[2018-04-20 16:56:22.226] [WARN] access - GET /api/contracts/vm/lists
[2018-04-20 16:57:22.072] [WARN] access - GET /api/contracts/lists?keys=
[2018-04-20 16:57:25.239] [WARN] access - GET /api/contracts/5
[2018-04-20 16:57:25.264] [WARN] access - GET /api/contracts/vm/lists
[2018-04-20 16:59:29.510] [WARN] access - GET /api/menu/listsTree
[2018-04-20 16:59:29.524] [WARN] access - GET /api/user/userInfo
[2018-04-20 16:59:29.539] [WARN] access - GET /api/contracts/5
[2018-04-20 16:59:29.657] [WARN] access - GET /api/contracts/vm/lists
[2018-04-20 16:59:49.269] [WARN] access - GET /api/menu/listsTree
[2018-04-20 16:59:49.275] [WARN] access - GET /api/user/userInfo
[2018-04-20 16:59:49.481] [WARN] access - GET /api/contracts/5
[2018-04-20 16:59:49.641] [WARN] access - GET /api/contracts/vm/lists
[2018-04-20 16:59:54.532] [WARN] access - GET /api/menu/listsTree
[2018-04-20 16:59:54.538] [WARN] access - GET /api/user/userInfo
[2018-04-20 16:59:54.743] [WARN] access - GET /api/contracts/5
[2018-04-20 16:59:54.911] [WARN] access - GET /api/contracts/vm/lists
[2018-04-20 17:00:53.425] [WARN] access - GET /api/menu/listsTree
[2018-04-20 17:00:53.432] [WARN] access - GET /api/user/userInfo
[2018-04-20 17:00:53.598] [WARN] access - GET /api/contracts/5
[2018-04-20 17:00:53.773] [WARN] access - GET /api/contracts/vm/lists
[2018-04-20 17:00:58.274] [WARN] access - GET /api/menu/listsTree
[2018-04-20 17:00:58.279] [WARN] access - GET /api/user/userInfo
[2018-04-20 17:00:58.514] [WARN] access - GET /api/contracts/5
[2018-04-20 17:00:58.654] [WARN] access - GET /api/contracts/vm/lists
[2018-04-20 17:02:16.364] [WARN] access - GET /api/contracts/lists?keys=
[2018-04-20 17:02:18.215] [WARN] access - GET /api/contracts/5
[2018-04-20 17:02:18.243] [WARN] access - GET /api/contracts/vm/lists
[2018-04-20 17:02:53.838] [WARN] access - GET /api/contracts/lists?keys=
[2018-04-20 17:02:55.499] [WARN] access - GET /api/contracts/type/lists
[2018-04-20 17:02:55.505] [WARN] access - GET /api/contracts/vm/lists
[2018-04-20 17:02:59.128] [WARN] access - GET /api/menu/listsTree
[2018-04-20 17:02:59.134] [WARN] access - GET /api/user/userInfo
[2018-04-20 17:02:59.159] [WARN] access - GET /api/contracts/type/lists
[2018-04-20 17:02:59.165] [WARN] access - GET /api/contracts/vm/lists
[2018-04-20 17:03:42.946] [WARN] access - GET /api/menu/listsTree
[2018-04-20 17:03:42.975] [WARN] access - GET /api/user/userInfo
[2018-04-20 17:03:42.980] [WARN] access - GET /api/contracts/type/lists
[2018-04-20 17:03:42.987] [WARN] access - GET /api/contracts/vm/lists
[2018-04-20 17:03:55.562] [WARN] access - GET /api/contracts/lists?keys=
[2018-04-20 17:03:57.623] [WARN] access - GET /api/contracts/type/lists
[2018-04-20 17:03:57.627] [WARN] access - GET /api/contracts/vm/lists
[2018-04-20 17:05:15.803] [WARN] access - GET /api/menu/listsTree
[2018-04-20 17:05:15.809] [WARN] access - GET /api/user/userInfo
[2018-04-20 17:05:16.047] [WARN] access - GET /api/contracts/type/lists
[2018-04-20 17:05:16.059] [WARN] access - GET /api/contracts/vm/lists
[2018-04-20 17:05:40.079] [WARN] access - GET /api/contracts/lists?keys=
[2018-04-20 17:05:41.915] [WARN] access - GET /api/contracts/type/lists
[2018-04-20 17:05:41.923] [WARN] access - GET /api/contracts/vm/lists
[2018-04-20 17:05:48.606] [WARN] access - GET /api/contracts/lists?keys=
[2018-04-20 17:05:51.157] [WARN] access - GET /api/contracts/type/lists
[2018-04-20 17:05:51.161] [WARN] access - GET /api/contracts/vm/lists
[2018-04-20 17:06:17.470] [WARN] access - GET /api/contracts/lists?keys=
[2018-04-20 17:06:19.413] [WARN] access - GET /api/menu/listsTree
[2018-04-20 17:06:19.420] [WARN] access - GET /api/user/userInfo
[2018-04-20 17:06:19.716] [WARN] access - GET /api/contracts/lists?keys=
[2018-04-20 17:06:21.625] [WARN] access - GET /api/contracts/type/lists
[2018-04-20 17:06:21.630] [WARN] access - GET /api/contracts/vm/lists
[2018-04-20 17:06:50.326] [WARN] access - GET /api/contracts/lists?keys=
[2018-04-20 17:06:51.903] [WARN] access - GET /api/contracts/type/lists
[2018-04-20 17:06:51.908] [WARN] access - GET /api/contracts/vm/lists
[2018-04-20 17:08:13.685] [WARN] access - GET /api/contracts/lists?keys=
[2018-04-20 17:08:15.824] [WARN] access - GET /api/menu/listsTree
[2018-04-20 17:08:15.837] [WARN] access - GET /api/user/userInfo
[2018-04-20 17:08:16.119] [WARN] access - GET /api/contracts/lists?keys=
[2018-04-20 17:08:18.726] [WARN] access - GET /api/contracts/type/lists
[2018-04-20 17:08:18.732] [WARN] access - GET /api/contracts/vm/lists
[2018-04-20 17:08:45.877] [WARN] access - GET /api/contracts/lists?keys=
[2018-04-20 17:08:48.205] [WARN] access - GET /api/menu/listsTree
[2018-04-20 17:08:48.210] [WARN] access - GET /api/user/userInfo
[2018-04-20 17:08:48.485] [WARN] access - GET /api/contracts/lists?keys=
[2018-04-20 17:08:50.793] [WARN] access - GET /api/contracts/type/lists
[2018-04-20 17:08:50.798] [WARN] access - GET /api/contracts/vm/lists
[2018-04-20 17:08:57.724] [WARN] access - GET /api/contracts/lists?keys=
[2018-04-20 17:08:58.817] [WARN] access - GET /api/contracts/vm/lists
[2018-04-20 17:08:58.823] [WARN] access - GET /api/contracts/type/lists
[2018-04-20 17:09:50.568] [WARN] access - GET /api/contracts/lists?keys=
[2018-04-20 17:09:53.483] [WARN] access - GET /api/menu/listsTree
[2018-04-20 17:09:53.489] [WARN] access - GET /api/user/userInfo
[2018-04-20 17:09:53.739] [WARN] access - GET /api/contracts/lists?keys=
[2018-04-20 17:09:55.663] [WARN] access - GET /api/contracts/type/lists
[2018-04-20 17:09:55.669] [WARN] access - GET /api/contracts/vm/lists
[2018-04-20 17:09:59.454] [WARN] access - GET /api/contracts/lists?keys=
[2018-04-20 17:10:00.617] [WARN] access - GET /api/contracts/type/lists
[2018-04-20 17:10:00.621] [WARN] access - GET /api/contracts/vm/lists
[2018-04-20 17:10:05.727] [WARN] access - GET /api/contracts/lists?keys=
[2018-04-20 17:10:07.540] [WARN] access - GET /api/contracts/5
[2018-04-20 17:10:07.563] [WARN] access - GET /api/contracts/vm/lists
[2018-04-20 17:10:29.594] [WARN] access - GET /api/menu/listsTree
[2018-04-20 17:10:29.598] [WARN] access - GET /api/user/userInfo
[2018-04-20 17:10:29.796] [WARN] access - GET /api/contracts/5
[2018-04-20 17:10:29.953] [WARN] access - GET /api/contracts/vm/lists
[2018-04-20 17:10:58.596] [WARN] access - GET /api/menu/listsTree
[2018-04-20 17:10:58.602] [WARN] access - GET /api/user/userInfo
[2018-04-20 17:10:58.813] [WARN] access - GET /api/contracts/5
[2018-04-20 17:10:58.991] [WARN] access - GET /api/contracts/vm/lists
[2018-04-20 17:11:04.566] [WARN] access - GET /api/contracts/lists?keys=
[2018-04-20 17:11:06.497] [WARN] access - GET /api/menu/listsTree
[2018-04-20 17:11:06.502] [WARN] access - GET /api/user/userInfo
[2018-04-20 17:11:06.747] [WARN] access - GET /api/contracts/lists?keys=
[2018-04-20 17:11:08.688] [WARN] access - GET /api/contracts/5
[2018-04-20 17:11:08.737] [WARN] access - GET /api/contracts/vm/lists
[2018-04-20 17:11:13.294] [WARN] access - GET /api/menu/listsTree
[2018-04-20 17:11:13.298] [WARN] access - GET /api/user/userInfo
[2018-04-20 17:11:13.494] [WARN] access - GET /api/contracts/5
[2018-04-20 17:11:13.644] [WARN] access - GET /api/contracts/vm/lists
[2018-04-20 17:12:12.355] [WARN] access - GET /api/menu/listsTree
[2018-04-20 17:12:12.360] [WARN] access - GET /api/user/userInfo
[2018-04-20 17:12:12.606] [WARN] access - GET /api/contracts/5
[2018-04-20 17:12:12.804] [WARN] access - GET /api/contracts/vm/lists
[2018-04-20 17:12:20.352] [WARN] access - GET /api/contracts/lists?keys=
[2018-04-20 17:12:23.308] [WARN] access - GET /api/menu/listsTree
[2018-04-20 17:12:23.329] [WARN] access - GET /api/user/userInfo
[2018-04-20 17:12:23.621] [WARN] access - GET /api/contracts/lists?keys=
[2018-04-20 17:12:25.821] [WARN] access - GET /api/contracts/type/lists
[2018-04-20 17:12:25.847] [WARN] access - GET /api/contracts/vm/lists
[2018-04-20 17:12:29.923] [WARN] access - GET /api/menu/listsTree
[2018-04-20 17:12:29.947] [WARN] access - GET /api/user/userInfo
[2018-04-20 17:12:30.134] [WARN] access - GET /api/contracts/type/lists
[2018-04-20 17:12:30.143] [WARN] access - GET /api/contracts/vm/lists
[2018-04-20 17:12:33.160] [WARN] access - GET /api/menu/listsTree
[2018-04-20 17:12:33.184] [WARN] access - GET /api/user/userInfo
[2018-04-20 17:12:33.375] [WARN] access - GET /api/contracts/type/lists
[2018-04-20 17:12:33.397] [WARN] access - GET /api/contracts/vm/lists
[2018-04-20 17:13:01.378] [WARN] access - GET /api/menu/listsTree
[2018-04-20 17:13:01.401] [WARN] access - GET /api/user/userInfo
[2018-04-20 17:13:01.613] [WARN] access - GET /api/contracts/type/lists
[2018-04-20 17:13:01.654] [WARN] access - GET /api/contracts/vm/lists
[2018-04-20 17:13:26.507] [WARN] access - GET /api/menu/listsTree
[2018-04-20 17:13:26.511] [WARN] access - GET /api/user/userInfo
[2018-04-20 17:13:26.535] [WARN] access - GET /api/contracts/type/lists
[2018-04-20 17:13:26.540] [WARN] access - GET /api/contracts/vm/lists
[2018-04-20 17:13:38.252] [WARN] access - GET /api/contracts/lists?keys=
[2018-04-20 17:13:40.285] [WARN] access - GET /api/menu/listsTree
[2018-04-20 17:13:40.293] [WARN] access - GET /api/user/userInfo
[2018-04-20 17:13:40.541] [WARN] access - GET /api/contracts/lists?keys=
[2018-04-20 17:13:42.616] [WARN] access - GET /api/menu/listsTree
[2018-04-20 17:13:42.621] [WARN] access - GET /api/user/userInfo
[2018-04-20 17:13:42.870] [WARN] access - GET /api/contracts/lists?keys=
[2018-04-20 17:13:44.205] [WARN] access - GET /api/contracts/type/lists
[2018-04-20 17:13:44.210] [WARN] access - GET /api/contracts/vm/lists
[2018-04-20 17:13:47.356] [WARN] access - GET /api/menu/listsTree
[2018-04-20 17:13:47.361] [WARN] access - GET /api/user/userInfo
[2018-04-20 17:13:47.388] [WARN] access - GET /api/contracts/type/lists
[2018-04-20 17:13:47.393] [WARN] access - GET /api/contracts/vm/lists
[2018-04-20 17:14:02.530] [WARN] access - GET /api/contracts/lists?keys=
[2018-04-20 17:14:04.275] [WARN] access - GET /api/contracts/5
[2018-04-20 17:14:04.329] [WARN] access - GET /api/contracts/vm/lists
[2018-04-20 17:14:20.820] [WARN] access - GET /api/contracts/lists?keys=
[2018-04-20 17:14:22.251] [WARN] access - GET /api/contracts/type/lists
[2018-04-20 17:14:22.258] [WARN] access - GET /api/contracts/vm/lists
[2018-04-20 17:14:35.521] [WARN] access - GET /api/contracts/lists?keys=
[2018-04-20 17:14:39.428] [WARN] access - GET /api/contracts/5
[2018-04-20 17:14:39.456] [WARN] access - GET /api/contracts/vm/lists
[2018-04-20 17:14:43.512] [WARN] access - GET /api/menu/listsTree
[2018-04-20 17:14:43.518] [WARN] access - GET /api/user/userInfo
[2018-04-20 17:14:43.540] [WARN] access - GET /api/contracts/5
[2018-04-20 17:14:43.891] [WARN] access - GET /api/contracts/vm/lists
[2018-04-20 17:15:22.035] [WARN] access - GET /api/menu/listsTree
[2018-04-20 17:15:22.040] [WARN] access - GET /api/user/userInfo
[2018-04-20 17:15:22.059] [WARN] access - GET /api/contracts/5
[2018-04-20 17:15:22.400] [WARN] access - GET /api/contracts/vm/lists
[2018-04-20 17:15:34.001] [WARN] access - GET /api/contracts/lists?keys=
[2018-04-20 17:15:36.246] [WARN] access - GET /api/menu/listsTree
[2018-04-20 17:15:36.250] [WARN] access - GET /api/user/userInfo
[2018-04-20 17:15:36.495] [WARN] access - GET /api/contracts/lists?keys=
[2018-04-20 17:15:38.704] [WARN] access - GET /api/contracts/5
[2018-04-20 17:15:38.749] [WARN] access - GET /api/contracts/vm/lists
[2018-04-20 17:15:45.429] [WARN] access - GET /api/contracts/lists?keys=
[2018-04-20 17:15:47.302] [WARN] access - GET /api/menu/listsTree
[2018-04-20 17:15:47.308] [WARN] access - GET /api/user/userInfo
[2018-04-20 17:15:47.566] [WARN] access - GET /api/contracts/lists?keys=
[2018-04-20 17:15:49.118] [WARN] access - GET /api/contracts/type/lists
[2018-04-20 17:15:49.133] [WARN] access - GET /api/contracts/vm/lists
[2018-04-20 17:16:01.037] [WARN] access - GET /api/contracts/lists?keys=
[2018-04-20 17:16:03.059] [WARN] access - GET /api/contracts/5
[2018-04-20 17:16:03.086] [WARN] access - GET /api/contracts/vm/lists
[2018-04-20 17:16:43.184] [WARN] access - GET /api/contracts/5
[2018-04-20 17:16:43.215] [WARN] access - GET /api/contracts/vm/lists
[2018-04-20 17:16:59.965] [WARN] access - GET /api/contracts/5
[2018-04-20 17:16:59.997] [WARN] access - GET /api/contracts/vm/lists
[2018-04-20 17:17:01.406] [WARN] access - GET /api/menu/listsTree
[2018-04-20 17:17:01.412] [WARN] access - GET /api/user/userInfo
[2018-04-20 17:17:01.418] [WARN] access - GET /api/contracts/5
[2018-04-20 17:17:01.701] [WARN] access - GET /api/contracts/vm/lists
[2018-04-20 17:20:49.422] [WARN] access - GET /api/menu/listsTree
[2018-04-20 17:20:49.431] [WARN] access - GET /api/user/userInfo
[2018-04-20 17:20:49.438] [WARN] access - GET /api/contracts/5
[2018-04-20 17:20:49.683] [WARN] access - GET /api/contracts/vm/lists
[2018-04-20 17:21:09.084] [WARN] access - GET /api/menu/listsTree
[2018-04-20 17:21:09.091] [WARN] access - GET /api/user/userInfo
[2018-04-20 17:21:09.106] [WARN] access - GET /api/contracts/5
[2018-04-20 17:21:09.464] [WARN] access - GET /api/contracts/vm/lists
[2018-04-20 17:21:14.062] [WARN] access - GET /api/contracts/lists?keys=
[2018-04-20 17:21:16.212] [WARN] access - GET /api/menu/listsTree
[2018-04-20 17:21:16.216] [WARN] access - GET /api/user/userInfo
[2018-04-20 17:21:16.467] [WARN] access - GET /api/contracts/lists?keys=
[2018-04-20 17:21:18.082] [WARN] access - GET /api/contracts/type/lists
[2018-04-20 17:21:18.088] [WARN] access - GET /api/contracts/vm/lists
[2018-04-20 17:21:21.242] [WARN] access - GET /api/contracts/lists?keys=
[2018-04-20 17:21:22.812] [WARN] access - GET /api/contracts/type/lists
[2018-04-20 17:21:22.818] [WARN] access - GET /api/contracts/vm/lists
[2018-04-20 17:21:38.223] [WARN] access - GET /api/contracts/lists?keys=
[2018-04-20 17:21:40.641] [WARN] access - GET /api/contracts/5
[2018-04-20 17:21:40.666] [WARN] access - GET /api/contracts/vm/lists
[2018-04-20 17:21:55.849] [WARN] access - GET /api/menu/listsTree
[2018-04-20 17:21:56.167] [WARN] access - GET /api/user/userInfo
[2018-04-20 17:21:56.492] [WARN] access - GET /api/contracts/5
[2018-04-20 17:21:57.216] [WARN] access - GET /api/contracts/vm/lists
[2018-04-20 17:22:08.369] [WARN] access - GET /api/menu/listsTree
[2018-04-20 17:22:08.411] [WARN] access - GET /api/user/userInfo
[2018-04-20 17:22:08.420] [WARN] access - GET /api/contracts/5
[2018-04-20 17:22:08.456] [WARN] access - GET /api/contracts/vm/lists
[2018-04-20 17:22:12.029] [WARN] access - GET /api/menu/listsTree
[2018-04-20 17:22:12.036] [WARN] access - GET /api/user/userInfo
[2018-04-20 17:22:12.054] [WARN] access - GET /api/contracts/5
[2018-04-20 17:22:12.386] [WARN] access - GET /api/contracts/vm/lists
[2018-04-20 17:22:14.955] [WARN] access - GET /api/menu/listsTree
[2018-04-20 17:22:14.974] [WARN] access - GET /api/user/userInfo
[2018-04-20 17:22:14.981] [WARN] access - GET /api/contracts/5
[2018-04-20 17:22:15.323] [WARN] access - GET /api/contracts/vm/lists
[2018-04-20 17:22:19.134] [WARN] access - GET /api/menu/listsTree
[2018-04-20 17:22:19.141] [WARN] access - GET /api/user/userInfo
[2018-04-20 17:22:19.176] [WARN] access - GET /api/contracts/5
[2018-04-20 17:22:19.505] [WARN] access - GET /api/contracts/vm/lists
[2018-04-20 17:22:23.811] [WARN] access - GET /api/contracts/lists?keys=
[2018-04-20 17:22:26.239] [WARN] access - GET /api/menu/listsTree
[2018-04-20 17:22:26.244] [WARN] access - GET /api/user/userInfo
[2018-04-20 17:22:26.477] [WARN] access - GET /api/contracts/lists?keys=
[2018-04-20 17:22:28.579] [WARN] access - GET /api/contracts/5
[2018-04-20 17:22:28.633] [WARN] access - GET /api/contracts/vm/lists
[2018-04-20 17:22:36.063] [WARN] access - GET /api/menu/listsTree
[2018-04-20 17:22:36.069] [WARN] access - GET /api/user/userInfo
[2018-04-20 17:22:36.086] [WARN] access - GET /api/contracts/5
[2018-04-20 17:22:36.440] [WARN] access - GET /api/contracts/vm/lists
[2018-04-20 17:22:37.719] [WARN] access - GET /api/contracts/lists?keys=
[2018-04-20 17:22:39.822] [WARN] access - GET /api/menu/listsTree
[2018-04-20 17:22:39.828] [WARN] access - GET /api/user/userInfo
[2018-04-20 17:22:40.111] [WARN] access - GET /api/contracts/lists?keys=
[2018-04-20 17:22:41.208] [WARN] access - GET /api/contracts/type/lists
[2018-04-20 17:22:41.217] [WARN] access - GET /api/contracts/vm/lists
[2018-04-20 17:22:43.260] [WARN] access - GET /api/menu/listsTree
[2018-04-20 17:22:43.265] [WARN] access - GET /api/user/userInfo
[2018-04-20 17:22:43.290] [WARN] access - GET /api/contracts/type/lists
[2018-04-20 17:22:43.296] [WARN] access - GET /api/contracts/vm/lists
[2018-04-20 17:22:45.507] [WARN] access - GET /api/menu/listsTree
[2018-04-20 17:22:45.511] [WARN] access - GET /api/user/userInfo
[2018-04-20 17:22:45.533] [WARN] access - GET /api/contracts/type/lists
[2018-04-20 17:22:45.545] [WARN] access - GET /api/contracts/vm/lists
[2018-04-20 17:22:48.226] [WARN] access - GET /api/menu/listsTree
[2018-04-20 17:22:48.231] [WARN] access - GET /api/user/userInfo
[2018-04-20 17:22:48.253] [WARN] access - GET /api/contracts/type/lists
[2018-04-20 17:22:48.260] [WARN] access - GET /api/contracts/vm/lists
[2018-04-20 17:22:57.696] [WARN] access - GET /api/menu/listsTree
[2018-04-20 17:22:57.701] [WARN] access - GET /api/user/userInfo
[2018-04-20 17:22:57.731] [WARN] access - GET /api/contracts/type/lists
[2018-04-20 17:22:57.739] [WARN] access - GET /api/contracts/vm/lists
[2018-04-20 17:23:04.177] [WARN] access - GET /api/menu/listsTree
[2018-04-20 17:23:04.185] [WARN] access - GET /api/user/userInfo
[2018-04-20 17:23:04.206] [WARN] access - GET /api/contracts/type/lists
[2018-04-20 17:23:04.215] [WARN] access - GET /api/contracts/vm/lists
[2018-04-20 17:23:08.478] [WARN] access - GET /api/contracts/lists?keys=
[2018-04-20 17:23:14.879] [WARN] access - GET /api/contracts/3
[2018-04-20 17:23:14.916] [WARN] access - GET /api/contracts/vm/lists
[2018-04-20 17:23:41.993] [WARN] access - GET /api/contracts/lists?keys=
[2018-04-20 17:23:43.729] [WARN] access - GET /api/contracts/5
[2018-04-20 17:23:43.790] [WARN] access - GET /api/contracts/vm/lists
[2018-04-20 17:24:31.990] [WARN] access - GET /api/menu/listsTree
[2018-04-20 17:24:32.022] [WARN] access - GET /api/user/userInfo
[2018-04-20 17:24:32.030] [WARN] access - GET /api/contracts/5
[2018-04-20 17:24:32.371] [WARN] access - GET /api/contracts/vm/lists
[2018-04-20 17:25:41.777] [WARN] access - GET /api/menu/listsTree
[2018-04-20 17:25:41.788] [WARN] access - GET /api/user/userInfo
[2018-04-20 17:25:41.798] [WARN] access - GET /api/contracts/5
[2018-04-20 17:25:42.233] [WARN] access - GET /api/contracts/vm/lists
[2018-04-20 17:26:03.965] [WARN] access - GET /api/menu/listsTree
[2018-04-20 17:26:03.990] [WARN] access - GET /api/user/userInfo
[2018-04-20 17:26:04.000] [WARN] access - GET /api/contracts/5
[2018-04-20 17:26:04.394] [WARN] access - GET /api/contracts/vm/lists
[2018-04-20 17:26:12.137] [WARN] access - GET /api/menu/listsTree
[2018-04-20 17:26:12.144] [WARN] access - GET /api/user/userInfo
[2018-04-20 17:26:12.150] [WARN] access - GET /api/contracts/5
[2018-04-20 17:26:12.479] [WARN] access - GET /api/contracts/vm/lists
[2018-04-20 17:26:32.094] [WARN] access - GET /api/menu/listsTree
[2018-04-20 17:26:32.112] [WARN] access - GET /api/user/userInfo
[2018-04-20 17:26:32.119] [WARN] access - GET /api/contracts/5
[2018-04-20 17:26:32.476] [WARN] access - GET /api/contracts/vm/lists
[2018-04-20 17:29:00.207] [WARN] access - GET /api/contracts/5
[2018-04-20 17:29:00.249] [WARN] access - GET /api/contracts/vm/lists
[2018-04-20 17:29:09.638] [WARN] access - GET /api/menu/listsTree
[2018-04-20 17:29:09.643] [WARN] access - GET /api/contracts/5
[2018-04-20 17:29:09.648] [WARN] access - GET /api/user/userInfo
[2018-04-20 17:29:09.925] [WARN] access - GET /api/contracts/vm/lists
[2018-04-20 17:29:13.262] [WARN] access - GET /api/contracts/5
[2018-04-20 17:29:13.292] [WARN] access - GET /api/menu/listsTree
[2018-04-20 17:29:13.297] [WARN] access - GET /api/user/userInfo
[2018-04-20 17:29:13.813] [WARN] access - GET /api/contracts/vm/lists
[2018-04-20 17:29:29.430] [WARN] access - GET /api/contracts/lists?keys=
[2018-04-20 17:29:31.572] [WARN] access - GET /api/menu/listsTree
[2018-04-20 17:29:31.578] [WARN] access - GET /api/user/userInfo
[2018-04-20 17:29:31.825] [WARN] access - GET /api/contracts/lists?keys=
[2018-04-20 17:29:33.265] [WARN] access - GET /api/menu/listsTree
[2018-04-20 17:29:33.271] [WARN] access - GET /api/user/userInfo
[2018-04-20 17:29:33.515] [WARN] access - GET /api/contracts/lists?keys=
[2018-04-20 17:29:35.091] [WARN] access - GET /api/contracts/type/lists
[2018-04-20 17:29:35.101] [WARN] access - GET /api/contracts/vm/lists
[2018-04-20 17:29:49.879] [WARN] access - GET /api/contracts/lists?keys=
[2018-04-20 17:29:51.033] [WARN] access - GET /api/contracts/type/lists
[2018-04-20 17:29:51.038] [WARN] access - GET /api/contracts/vm/lists
[2018-04-20 17:30:05.171] [WARN] access - GET /api/contracts/lists?keys=
[2018-04-20 17:30:08.190] [WARN] access - GET /api/contracts/5
[2018-04-20 17:30:08.216] [WARN] access - GET /api/contracts/vm/lists
[2018-04-20 17:30:24.706] [WARN] access - GET /api/contracts/lists?keys=
[2018-04-20 17:30:26.249] [WARN] access - GET /api/contracts/5
[2018-04-20 17:30:26.278] [WARN] access - GET /api/contracts/vm/lists
[2018-04-20 17:30:31.999] [WARN] access - GET /api/contracts/5
[2018-04-20 17:30:32.019] [WARN] access - GET /api/menu/listsTree
[2018-04-20 17:30:32.025] [WARN] access - GET /api/user/userInfo
[2018-04-20 17:30:32.331] [WARN] access - GET /api/contracts/vm/lists
[2018-04-20 17:30:36.844] [WARN] access - GET /api/contracts/5
[2018-04-20 17:30:36.850] [WARN] access - GET /api/menu/listsTree
[2018-04-20 17:30:36.859] [WARN] access - GET /api/user/userInfo
[2018-04-20 17:30:37.122] [WARN] access - GET /api/contracts/vm/lists
[2018-04-20 17:30:45.643] [INFO] access - GET /api/contracts/vm/lists?keys=
[2018-04-20 17:30:45.668] [WARN] access - GET /api/contracts/type/lists?keys=
[2018-04-20 17:31:31.178] [INFO] access - POST /api/contracts/vm/add
[2018-04-20 17:31:31.210] [INFO] access - GET /api/contracts/vm/lists?keys=
[2018-04-20 17:31:31.237] [WARN] access - GET /api/contracts/type/lists?keys=
[2018-04-20 17:32:11.275] [INFO] access - PUT /api/contracts/vm/21
[2018-04-20 17:32:11.301] [INFO] access - GET /api/contracts/vm/lists?keys=
[2018-04-20 17:32:11.333] [WARN] access - GET /api/contracts/type/lists?keys=
[2018-04-20 17:32:20.402] [INFO] access - GET /api/contracts/vm/lists?keys=test
[2018-04-20 17:32:20.431] [INFO] access - GET /api/contracts/type/lists?keys=test
[2018-04-20 17:32:24.590] [WARN] access - GET /api/contracts/vm/lists?keys=test
[2018-04-20 17:32:24.620] [WARN] access - GET /api/contracts/type/lists?keys=test
[2018-04-20 17:32:42.054] [WARN] access - GET /api/contracts/5
[2018-04-20 17:32:42.082] [INFO] access - GET /api/contracts/vm/lists
[2018-04-20 17:32:43.337] [WARN] access - GET /api/contracts/vm/lists?keys=
[2018-04-20 17:32:43.364] [WARN] access - GET /api/contracts/type/lists?keys=
[2018-04-20 17:38:20.286] [WARN] access - GET /api/contracts/lists?keys=
[2018-04-20 17:38:22.371] [WARN] access - GET /api/contracts/5
[2018-04-20 17:38:22.393] [WARN] access - GET /api/contracts/vm/lists
[2018-04-20 17:38:24.248] [INFO] access - PUT /api/contracts/5
[2018-04-20 17:38:24.540] [INFO] access - GET /api/contracts/lists?keys=
[2018-04-20 17:39:01.761] [WARN] access - GET /api/contracts/vm/lists?keys=
[2018-04-20 17:39:01.787] [WARN] access - GET /api/contracts/type/lists?keys=
[2018-04-20 17:39:04.212] [WARN] access - GET /api/contracts/lists?keys=
[2018-04-20 17:39:06.752] [WARN] access - GET /api/contracts/type/lists
[2018-04-20 17:39:06.762] [WARN] access - GET /api/contracts/vm/lists
[2018-04-20 17:39:27.969] [INFO] access - POST /api/contracts/add
[2018-04-20 17:39:28.296] [INFO] access - GET /api/contracts/lists?keys=
[2018-04-20 17:43:13.213] [INFO] access - GET /api/contracts/6
[2018-04-20 17:43:13.239] [WARN] access - GET /api/contracts/vm/lists
[2018-04-20 17:43:20.165] [INFO] access - PUT /api/contracts/6
[2018-04-20 17:43:20.508] [INFO] access - GET /api/contracts/lists?keys=
[2018-04-20 17:43:33.175] [WARN] access - GET /api/contracts/lists?keys=
[2018-04-20 17:43:44.721] [WARN] access - GET /api/contracts/vm/lists?keys=
[2018-04-20 17:43:44.753] [WARN] access - GET /api/contracts/type/lists?keys=
[2018-04-20 17:43:59.559] [WARN] access - GET /api/contracts/lists?keys=
[2018-04-20 17:44:01.009] [WARN] access - GET /api/contracts/type/lists
[2018-04-20 17:44:01.014] [WARN] access - GET /api/contracts/vm/lists
[2018-04-20 17:44:08.518] [WARN] access - GET /api/contracts/lists?keys=
[2018-04-20 17:52:50.996] [WARN] access - GET /api/menu/listsTree
[2018-04-20 17:52:51.021] [WARN] access - GET /api/user/userInfo
[2018-04-20 17:52:51.065] [WARN] access - GET /api/contracts/lists?keys=
[2018-04-20 17:54:31.120] [WARN] access - GET /api/user/userInfo
[2018-04-20 17:54:31.126] [WARN] access - GET /api/menu/listsTree
[2018-04-20 17:54:33.532] [INFO] access - GET /api/contracts/5
[2018-04-20 17:54:43.323] [WARN] access - GET /api/menu/listsTree
[2018-04-20 17:54:43.342] [INFO] access - GET /api/rule/lists?keys=2
[2018-04-20 17:55:22.024] [WARN] access - GET /api/menu/listsTree
[2018-04-20 17:55:22.031] [WARN] access - GET /api/user/userInfo
[2018-04-20 17:55:22.215] [WARN] access - GET /api/menu/listsTree
[2018-04-20 17:55:22.221] [WARN] access - GET /api/rule/lists?keys=2
[2018-04-20 17:55:24.316] [WARN] access - GET /api/menu/listsTree
[2018-04-20 17:55:24.321] [WARN] access - GET /api/user/userInfo
[2018-04-20 17:55:24.580] [WARN] access - GET /api/menu/listsTree
[2018-04-20 17:55:24.588] [WARN] access - GET /api/rule/lists?keys=2
[2018-04-20 17:57:15.637] [WARN] access - GET /api/dep/treeList
[2018-04-20 17:57:15.649] [INFO] access - GET /api/roles/lists?keys=&pageIndex=1&pageSize=15
[2018-04-20 17:57:17.797] [INFO] access - GET /api/roles/edit/3?id=3
[2018-04-20 17:57:17.810] [INFO] access - GET /api/rule/allFnLists
[2018-04-20 17:58:10.777] [WARN] access - GET /api/dep/treeList
[2018-04-20 17:58:10.783] [WARN] access - GET /api/roles/lists?keys=&pageIndex=1&pageSize=15
[2018-04-20 17:58:23.790] [INFO] access - GET /api/roles/edit/1?id=1
[2018-04-20 17:58:23.806] [WARN] access - GET /api/rule/allFnLists
[2018-04-20 18:02:29.098] [WARN] access - GET /api/menu/listsTree
[2018-04-20 18:02:29.114] [WARN] access - GET /api/rule/lists?keys=2
[2018-04-20 18:02:37.156] [WARN] access - GET /api/rule/lists?keys=2
[2018-04-20 18:02:39.949] [INFO] access - GET /api/rule/lists?keys=6
[2018-04-20 18:03:31.154] [WARN] access - GET /api/rule/lists?keys=2
[2018-04-20 18:03:48.119] [INFO] access - POST /api/rule/add
[2018-04-20 18:03:48.154] [INFO] access - GET /api/rule/lists?keys=2
