[2017-10-19 10:40:04.489] [ERROR] access - POST /api/signin
[2017-10-19 10:52:39.876] [INFO] access - POST /api/signin
[2017-10-19 10:52:39.986] [WARN] access - GET /api/user/userInfo
[2017-10-19 10:52:39.993] [INFO] access - POST /api/menu/listsTree
[2017-10-19 10:52:54.273] [INFO] access - GET /api/contracts/lists?keys=
[2017-10-19 10:54:51.683] [INFO] access - GET /preview/contracts/23.vm
[2017-10-19 12:59:37.201] [INFO] access - POST /api/signout
[2017-10-19 13:13:15.802] [INFO] access - POST /api/signin
[2017-10-19 13:13:24.181] [INFO] access - POST /api/menu/listsTree
[2017-10-19 13:13:24.186] [WARN] access - GET /api/user/userInfo
[2017-10-19 13:14:31.979] [INFO] access - POST /api/signout
[2017-10-19 13:14:46.027] [INFO] access - POST /api/signin
[2017-10-19 13:14:46.133] [INFO] access - POST /api/menu/listsTree
[2017-10-19 13:14:46.137] [WARN] access - GET /api/user/userInfo
[2017-10-19 13:15:17.680] [INFO] access - POST /api/menu/listsTree
[2017-10-19 13:15:17.698] [WARN] access - GET /api/user/userInfo
[2017-10-19 13:16:32.578] [INFO] access - POST /api/menu/listsTree
[2017-10-19 13:16:32.589] [WARN] access - GET /api/user/userInfo
[2017-10-19 13:17:04.280] [INFO] access - POST /api/menu/listsTree
[2017-10-19 13:17:04.288] [WARN] access - GET /api/user/userInfo
[2017-10-19 13:17:12.365] [INFO] access - POST /api/menu/listsTree
[2017-10-19 13:17:12.371] [WARN] access - GET /api/user/userInfo
[2017-10-19 13:17:50.981] [INFO] access - POST /api/menu/listsTree
[2017-10-19 13:17:50.985] [WARN] access - GET /api/user/userInfo
[2017-10-19 13:18:13.678] [INFO] access - POST /api/menu/listsTree
[2017-10-19 13:18:13.751] [WARN] access - GET /api/user/userInfo
[2017-10-19 13:18:16.688] [INFO] access - POST /api/signout
[2017-10-19 13:18:24.071] [INFO] access - POST /api/signin
[2017-10-19 13:18:24.167] [INFO] access - POST /api/menu/listsTree
[2017-10-19 13:18:24.228] [WARN] access - GET /api/user/userInfo
[2017-10-19 13:22:22.934] [INFO] access - POST /api/signout
[2017-10-19 13:22:31.655] [INFO] access - POST /api/signin
[2017-10-19 13:31:14.096] [INFO] access - POST /api/menu/listsTree
[2017-10-19 13:31:14.101] [WARN] access - GET /api/user/userInfo
[2017-10-19 13:31:16.842] [INFO] access - POST /api/signout
[2017-10-19 13:31:21.121] [ERROR] access - POST /api/signin
[2017-10-19 13:31:26.805] [ERROR] access - POST /api/signin
[2017-10-19 13:31:28.934] [ERROR] access - POST /api/signin
[2017-10-19 13:31:28.948] [ERROR] access - POST /api/signin
[2017-10-19 13:33:34.827] [ERROR] access - POST /api/signin
[2017-10-19 13:40:19.971] [INFO] access - POST /api/signin
[2017-10-19 13:40:20.068] [INFO] access - POST /api/menu/listsTree
[2017-10-19 13:40:20.072] [WARN] access - GET /api/user/userInfo
[2017-10-19 13:40:24.094] [INFO] access - POST /api/signout
[2017-10-19 13:40:37.520] [INFO] access - POST /api/signin
[2017-10-19 13:40:37.604] [INFO] access - POST /api/menu/listsTree
[2017-10-19 13:40:37.610] [WARN] access - GET /api/user/userInfo
[2017-10-19 13:40:40.077] [INFO] access - POST /api/signout
[2017-10-19 13:44:59.199] [INFO] access - POST /api/signin
[2017-10-19 13:44:59.285] [INFO] access - POST /api/menu/listsTree
[2017-10-19 13:44:59.290] [WARN] access - GET /api/user/userInfo
[2017-10-19 13:45:01.868] [INFO] access - POST /api/signout
[2017-10-19 13:45:04.709] [INFO] access - POST /api/signin
[2017-10-19 13:45:04.786] [INFO] access - POST /api/menu/listsTree
[2017-10-19 13:45:04.794] [WARN] access - GET /api/user/userInfo
[2017-10-19 13:45:07.282] [INFO] access - POST /api/signout
[2017-10-19 16:48:25.460] [INFO] access - POST /api/signin
[2017-10-19 16:48:25.549] [INFO] access - POST /api/menu/listsTree
[2017-10-19 16:48:25.555] [WARN] access - GET /api/user/userInfo
[2017-10-19 16:49:51.222] [WARN] access - GET /api/user/userInfo
[2017-10-19 16:49:51.230] [INFO] access - POST /api/menu/listsTree
[2017-10-19 16:50:00.659] [WARN] access - GET /api/contracts/lists?keys=
[2017-10-19 18:11:59.167] [INFO] access - GET /api/user/userInfo
[2017-10-19 18:11:59.180] [INFO] access - POST /api/menu/listsTree
[2017-10-19 18:11:59.187] [INFO] access - GET /api/contracts/lists?keys=
[2017-10-19 18:13:11.048] [INFO] access - GET /api/filetype/lists?keys=
[2017-10-19 18:13:11.057] [INFO] access - GET /api/filetype/treeList
[2017-10-19 18:13:12.081] [INFO] access - GET /api/files/lists?keys=&pageIndex=1&pageSize=15
[2017-10-19 18:13:12.088] [WARN] access - GET /api/filetype/treeList
[2017-10-19 18:13:13.636] [WARN] access - GET /api/filetype/lists?keys=
[2017-10-19 18:13:13.646] [WARN] access - GET /api/filetype/treeList
[2017-10-19 18:13:18.115] [WARN] access - GET /api/filetype/treeList
[2017-10-19 18:13:18.125] [WARN] access - GET /api/files/lists?keys=&pageIndex=1&pageSize=15
[2017-10-19 18:13:19.342] [WARN] access - GET /api/filetype/lists?keys=
[2017-10-19 18:13:19.347] [WARN] access - GET /api/filetype/treeList
[2017-10-19 18:13:32.522] [WARN] access - GET /api/filetype/treeList
[2017-10-19 18:13:32.528] [WARN] access - GET /api/files/lists?keys=&pageIndex=1&pageSize=15
[2017-10-19 18:13:34.118] [WARN] access - GET /api/filetype/treeList
[2017-10-19 18:13:34.124] [WARN] access - GET /api/filetype/lists?keys=
[2017-10-19 18:13:35.445] [WARN] access - GET /api/filetype/treeList
[2017-10-19 18:13:35.450] [WARN] access - GET /api/files/lists?keys=&pageIndex=1&pageSize=15
[2017-10-19 18:13:41.866] [INFO] access - GET /api/news/lists?keys=&pageIndex=1&pageSize=15
[2017-10-19 18:13:55.102] [WARN] access - GET /api/filetype/treeList
[2017-10-19 18:13:55.108] [WARN] access - GET /api/files/lists?keys=&pageIndex=1&pageSize=15
[2017-10-19 18:14:09.208] [INFO] access - GET /api/contracts/history/lists?keys=&pageSize=15&pageIndex=1
[2017-10-19 18:14:10.094] [WARN] access - GET /api/contracts/lists?keys=
[2017-10-19 18:14:12.437] [INFO] access - GET /preview/contracts/23.vm
[2017-10-19 19:12:00.460] [INFO] access - POST /api/signout
