[2018-04-09 13:10:57.927] [INFO] access - POST /api/signin
[2018-04-09 13:10:58.028] [INFO] access - GET /api/user/userInfo
[2018-04-09 13:10:58.036] [INFO] access - GET /api/menu/listsTree
[2018-04-09 13:11:02.990] [INFO] access - GET /api/act/lists?keys=&pageSize=15&pageIndex=1
[2018-04-09 13:11:05.235] [INFO] access - GET /api/act/config/lists?keys=
[2018-04-09 13:17:08.934] [INFO] access - PUT /api/act/config/2
[2018-04-09 13:17:08.958] [INFO] access - GET /api/act/config/lists?keys=
[2018-04-09 13:19:32.330] [WARN] access - GET /api/menu/listsTree
[2018-04-09 13:19:32.335] [WARN] access - GET /api/user/userInfo
[2018-04-09 13:19:32.341] [WARN] access - GET /api/act/config/lists?keys=
[2018-04-09 13:21:14.887] [WARN] access - GET /api/menu/listsTree
[2018-04-09 13:21:14.893] [WARN] access - GET /api/user/userInfo
[2018-04-09 13:21:14.899] [WARN] access - GET /api/act/config/lists?keys=
[2018-04-09 13:26:11.104] [WARN] access - GET /api/menu/listsTree
[2018-04-09 13:26:11.115] [WARN] access - GET /api/user/userInfo
[2018-04-09 13:26:11.125] [WARN] access - GET /api/act/config/lists?keys=
[2018-04-09 13:28:33.527] [WARN] access - GET /api/menu/listsTree
[2018-04-09 13:28:33.551] [WARN] access - GET /api/user/userInfo
[2018-04-09 13:28:33.555] [WARN] access - GET /api/act/config/lists?keys=
[2018-04-09 13:28:47.329] [WARN] access - GET /api/menu/listsTree
[2018-04-09 13:28:47.341] [WARN] access - GET /api/user/userInfo
[2018-04-09 13:28:47.368] [WARN] access - GET /api/act/config/lists?keys=
[2018-04-09 13:29:02.789] [WARN] access - GET /api/act/lists?keys=&pageSize=15&pageIndex=1
[2018-04-09 13:29:27.251] [INFO] access - GET /api/act/102
[2018-04-09 13:29:27.256] [INFO] access - GET /api/act/config/lists
[2018-04-09 13:51:51.558] [INFO] access - GET /api/act/102
[2018-04-09 13:51:51.878] [WARN] access - GET /api/act/config/lists
[2018-04-09 13:51:58.595] [WARN] access - GET /api/menu/listsTree
[2018-04-09 13:51:58.903] [WARN] access - GET /api/user/userInfo
[2018-04-09 13:51:59.276] [INFO] access - GET /api/act/102
[2018-04-09 13:51:59.602] [WARN] access - GET /api/act/config/lists
[2018-04-09 13:52:47.826] [INFO] access - POST /api/act/publish
[2018-04-09 13:52:54.151] [WARN] access - GET /api/user/userInfo
[2018-04-09 13:52:54.174] [WARN] access - GET /api/menu/listsTree
[2018-04-09 13:52:54.196] [INFO] access - GET /api/act/lists?keys=&pageSize=15&pageIndex=1
[2018-04-09 14:05:24.666] [WARN] access - GET /api/act/config/lists?keys=
[2018-04-09 14:14:42.066] [WARN] access - GET /api/act/lists?keys=&pageSize=15&pageIndex=1
[2018-04-09 14:14:46.777] [INFO] access - GET /api/act/102
[2018-04-09 14:14:46.787] [WARN] access - GET /api/act/config/lists
[2018-04-09 14:15:00.894] [INFO] access - POST /api/act/publish
[2018-04-09 14:15:01.146] [INFO] access - POST /api/act/publish
[2018-04-09 14:15:06.104] [WARN] access - GET /api/user/userInfo
[2018-04-09 14:15:06.120] [WARN] access - GET /api/menu/listsTree
[2018-04-09 14:15:06.139] [INFO] access - GET /api/act/lists?keys=&pageSize=15&pageIndex=1
[2018-04-09 14:15:08.711] [INFO] access - GET /api/act/102
[2018-04-09 14:15:08.721] [WARN] access - GET /api/act/config/lists
[2018-04-09 14:15:11.584] [INFO] access - POST /api/act/publish
[2018-04-09 14:15:11.899] [INFO] access - GET /api/act/lists?keys=&pageSize=15&pageIndex=1
[2018-04-09 14:47:41.236] [WARN] access - GET /api/user/userInfo
[2018-04-09 14:47:47.335] [WARN] access - GET /api/user/userInfo
[2018-04-09 14:47:47.360] [WARN] access - GET /api/menu/listsTree
[2018-04-09 14:47:47.384] [WARN] access - GET /api/act/lists?keys=&pageSize=15&pageIndex=1
[2018-04-09 18:15:44.344] [WARN] access - GET /api/user/userInfo
[2018-04-09 18:15:44.352] [WARN] access - GET /api/menu/listsTree
[2018-04-09 18:15:44.365] [WARN] access - GET /api/act/lists?keys=&pageSize=15&pageIndex=1
[2018-04-09 18:17:25.409] [INFO] access - GET /api/act/tpl/lists
[2018-04-09 18:17:28.170] [INFO] access - GET /api/act/tpl/53
[2018-04-09 18:17:28.176] [WARN] access - GET /api/act/config/lists
[2018-04-09 18:24:38.358] [INFO] access - GET /api/act/tpl/53
[2018-04-09 18:24:38.361] [WARN] access - GET /api/act/config/lists
[2018-04-09 18:26:57.795] [WARN] access - GET /api/act/lists?keys=&pageSize=15&pageIndex=1
[2018-04-09 22:18:41.346] [WARN] access - GET /api/user/userInfo
[2018-04-09 22:18:41.354] [WARN] access - GET /api/menu/listsTree
[2018-04-09 22:18:41.368] [WARN] access - GET /api/act/lists?keys=&pageSize=15&pageIndex=1
[2018-04-09 22:18:45.128] [WARN] access - GET /api/menu/listsTree
[2018-04-09 22:18:45.142] [WARN] access - GET /api/user/userInfo
[2018-04-09 22:18:45.166] [WARN] access - GET /api/act/lists?keys=&pageSize=15&pageIndex=1
[2018-04-09 22:19:02.837] [WARN] access - GET /api/act/tpl/lists
[2018-04-09 22:19:02.879] [WARN] access - GET /images/act_tpl_image/1520574967573.jpg
[2018-04-09 22:19:02.884] [WARN] access - GET /images/act_tpl_image/1520488106123.png
[2018-04-09 22:19:05.097] [INFO] access - GET /api/act/tpl/54
[2018-04-09 22:19:05.101] [WARN] access - GET /api/act/config/lists
[2018-04-09 22:19:22.799] [INFO] access - POST /api/act/upload
[2018-04-09 22:19:33.799] [INFO] access - POST /api/act/upload
[2018-04-09 22:19:38.728] [INFO] access - POST /api/act/publish
[2018-04-09 22:19:39.026] [INFO] access - GET /api/act/lists?keys=&pageSize=15&pageIndex=1
[2018-04-09 22:19:41.480] [INFO] access - GET /api/act/103
[2018-04-09 22:19:41.484] [WARN] access - GET /api/act/config/lists
[2018-04-09 22:39:33.274] [WARN] access - GET /api/user/userInfo
[2018-04-09 22:39:33.284] [WARN] access - GET /api/menu/listsTree
[2018-04-09 22:39:33.290] [INFO] access - GET /api/act/103
[2018-04-09 22:39:33.296] [WARN] access - GET /api/act/config/lists
[2018-04-09 22:39:36.522] [INFO] access - POST /api/act/publish
[2018-04-09 22:39:36.849] [INFO] access - GET /api/act/lists?keys=&pageSize=15&pageIndex=1
[2018-04-09 22:50:11.430] [WARN] access - GET /api/user/userInfo
[2018-04-09 22:50:11.439] [WARN] access - GET /api/menu/listsTree
[2018-04-09 22:50:11.454] [WARN] access - GET /api/act/lists?keys=&pageSize=15&pageIndex=1
[2018-04-09 22:50:18.621] [INFO] access - PUT /api/act/102
[2018-04-09 22:50:18.665] [INFO] access - GET /api/act/lists?keys=&pageSize=15&pageIndex=1
[2018-04-09 22:50:21.617] [ERROR] access - DELETE /api/act/102
[2018-04-09 22:50:48.513] [WARN] access - GET /api/user/userInfo
[2018-04-09 22:50:48.521] [WARN] access - GET /api/menu/listsTree
[2018-04-09 22:50:48.532] [WARN] access - GET /api/act/lists?keys=&pageSize=15&pageIndex=1
[2018-04-09 22:52:57.664] [INFO] access - DELETE /api/act/102
[2018-04-09 22:52:57.716] [INFO] access - GET /api/act/lists?keys=&pageSize=15&pageIndex=1
[2018-04-09 22:56:21.640] [WARN] access - GET /api/act/lists?keys=&pageSize=15&pageIndex=1
[2018-04-09 22:56:56.040] [WARN] access - GET /api/act/lists?keys=&pageSize=15&pageIndex=1
[2018-04-09 22:57:11.317] [INFO] access - GET /api/act/103
[2018-04-09 22:57:11.321] [WARN] access - GET /api/act/config/lists
[2018-04-09 22:57:14.001] [INFO] access - POST /api/act/publish
[2018-04-09 22:57:14.275] [INFO] access - GET /api/act/lists?keys=&pageSize=15&pageIndex=1
[2018-04-09 22:58:15.728] [WARN] access - GET /api/user/userInfo
[2018-04-09 22:58:15.738] [WARN] access - GET /api/menu/listsTree
[2018-04-09 22:58:15.771] [WARN] access - GET /api/act/lists?keys=&pageSize=15&pageIndex=1
[2018-04-09 22:58:40.108] [WARN] access - GET /api/menu/listsTree
[2018-04-09 22:58:40.115] [WARN] access - GET /api/user/userInfo
[2018-04-09 22:58:40.141] [WARN] access - GET /api/act/lists?keys=&pageSize=15&pageIndex=1
[2018-04-09 22:59:42.613] [INFO] access - GET /api/act/103
[2018-04-09 22:59:42.617] [WARN] access - GET /api/act/config/lists
[2018-04-09 22:59:50.847] [WARN] access - GET /api/act/lists?keys=&pageSize=15&pageIndex=1
[2018-04-09 23:01:31.223] [WARN] access - GET /api/menu/listsTree
[2018-04-09 23:01:31.228] [WARN] access - GET /api/user/userInfo
[2018-04-09 23:01:31.255] [WARN] access - GET /api/act/lists?keys=&pageSize=15&pageIndex=1
[2018-04-09 23:01:44.748] [WARN] access - GET /api/menu/listsTree
[2018-04-09 23:01:44.753] [WARN] access - GET /api/user/userInfo
[2018-04-09 23:01:44.783] [WARN] access - GET /api/act/lists?keys=&pageSize=15&pageIndex=1
