[2018-03-28 11:30:49.049] [WARN] access - GET /api/act/tpl/lists
[2018-03-28 11:30:49.117] [WARN] access - GET /images/act_tpl_image/1520574967573.jpg
[2018-03-28 11:30:49.122] [WARN] access - GET /images/act_tpl_image/1520488106123.png
[2018-03-28 11:37:55.048] [WARN] access - GET /api/act/lists?keys=&pageSize=15&pageIndex=1
[2018-03-28 11:37:56.054] [WARN] access - GET /api/act/tpl/lists
[2018-03-28 11:38:03.304] [INFO] access - GET /api/act/tpl/53
[2018-03-28 11:38:31.320] [INFO] access - PUT /api/act/tpl/53
[2018-03-28 11:38:31.566] [INFO] access - GET /api/act/tpl/lists
[2018-03-28 11:38:33.234] [INFO] access - GET /api/act/tpl/53
[2018-03-28 11:38:33.238] [WARN] access - GET /api/act/config/lists
[2018-03-28 11:38:55.580] [WARN] access - GET /api/act/lists?keys=&pageSize=15&pageIndex=1
[2018-03-28 11:39:17.207] [WARN] access - GET /api/act/tpl/lists
[2018-03-28 11:39:19.717] [INFO] access - GET /api/act/tpl/53
[2018-03-28 11:39:19.725] [WARN] access - GET /api/act/config/lists
[2018-03-28 11:39:39.484] [INFO] access - POST /api/act/upload
[2018-03-28 11:39:48.837] [INFO] access - POST /api/act/upload
[2018-03-28 11:59:08.163] [INFO] access - POST /api/act/draft
[2018-03-28 11:59:08.487] [INFO] access - GET /api/act/lists?keys=&pageSize=15&pageIndex=1
[2018-03-28 11:59:10.759] [INFO] access - GET /api/act/100
[2018-03-28 11:59:10.764] [WARN] access - GET /api/act/config/lists
[2018-03-28 11:59:11.165] [WARN] access - GET /temp/20180328113919/1522208388827.png
[2018-03-28 11:59:11.171] [WARN] access - GET /temp/20180328113919/1522208379476.png
[2018-03-28 11:59:15.447] [WARN] access - GET /api/menu/listsTree
[2018-03-28 11:59:15.453] [WARN] access - GET /api/user/userInfo
[2018-03-28 11:59:15.481] [INFO] access - GET /api/act/100
[2018-03-28 11:59:15.485] [WARN] access - GET /api/act/config/lists
[2018-03-28 11:59:15.788] [WARN] access - GET /temp/20180328113919/1522208379476.png
[2018-03-28 11:59:16.011] [WARN] access - GET /temp/20180328113919/1522208388827.png
[2018-03-28 11:59:58.714] [WARN] access - GET /api/menu/listsTree
[2018-03-28 11:59:58.780] [WARN] access - GET /api/user/userInfo
[2018-03-28 11:59:58.884] [INFO] access - GET /api/act/100
[2018-03-28 11:59:58.955] [WARN] access - GET /api/act/config/lists
[2018-03-28 11:59:59.128] [WARN] access - GET /temp/20180328113919/1522208379476.png
[2018-03-28 11:59:59.502] [WARN] access - GET /temp/20180328113919/1522208388827.png
[2018-03-28 12:00:23.803] [WARN] access - GET /api/menu/listsTree
[2018-03-28 12:00:24.273] [WARN] access - GET /api/user/userInfo
[2018-03-28 12:00:24.565] [INFO] access - GET /api/act/100
[2018-03-28 12:00:24.817] [WARN] access - GET /api/act/config/lists
[2018-03-28 12:00:25.948] [WARN] access - GET /temp/20180328113919/1522208379476.png
[2018-03-28 12:00:26.218] [WARN] access - GET /temp/20180328113919/1522208388827.png
[2018-03-28 12:01:34.769] [INFO] access - POST /api/act/upload
[2018-03-28 12:01:46.348] [INFO] access - POST /api/act/upload
[2018-03-28 12:04:44.297] [WARN] access - GET /api/menu/listsTree
[2018-03-28 12:04:44.331] [WARN] access - GET /api/user/userInfo
[2018-03-28 12:04:44.362] [INFO] access - GET /api/act/100
[2018-03-28 12:04:44.391] [WARN] access - GET /api/act/config/lists
[2018-03-28 12:04:44.674] [WARN] access - GET /temp/20180328113919/1522208379476.png
[2018-03-28 12:04:44.934] [WARN] access - GET /temp/20180328113919/1522208388827.png
[2018-03-28 12:08:16.872] [WARN] access - GET /api/menu/listsTree
[2018-03-28 12:08:16.878] [WARN] access - GET /api/user/userInfo
[2018-03-28 12:08:16.918] [INFO] access - GET /api/act/100
[2018-03-28 12:08:16.924] [WARN] access - GET /api/act/config/lists
[2018-03-28 12:08:17.246] [WARN] access - GET /temp/20180328113919/1522208379476.png
[2018-03-28 12:08:17.495] [WARN] access - GET /temp/20180328113919/1522208388827.png
[2018-03-28 13:13:08.342] [INFO] access - POST /api/act/upload
[2018-03-28 13:13:58.494] [INFO] access - POST /api/act/upload
[2018-03-28 13:14:23.359] [INFO] access - POST /api/act/upload
[2018-03-28 13:14:46.934] [INFO] access - POST /api/act/draft
[2018-03-28 13:14:47.275] [INFO] access - GET /api/act/lists?keys=&pageSize=15&pageIndex=1
[2018-03-28 13:14:49.519] [INFO] access - GET /api/act/100
[2018-03-28 13:14:49.523] [WARN] access - GET /api/act/config/lists
[2018-03-28 13:15:30.562] [INFO] access - POST /api/act/upload
[2018-03-28 13:15:35.371] [INFO] access - POST /api/act/upload
[2018-03-28 13:16:32.903] [INFO] access - POST /api/act/upload
[2018-03-28 13:16:41.774] [INFO] access - POST /api/act/upload
[2018-03-28 13:17:08.334] [INFO] access - POST /api/act/upload
[2018-03-28 13:17:57.424] [INFO] access - POST /api/act/upload
[2018-03-28 13:18:04.713] [INFO] access - POST /api/act/upload
[2018-03-28 13:18:44.451] [INFO] access - POST /api/act/upload
[2018-03-28 13:19:30.654] [INFO] access - POST /api/act/upload
[2018-03-28 13:19:42.865] [INFO] access - POST /api/act/draft
[2018-03-28 13:19:43.171] [INFO] access - GET /api/act/lists?keys=&pageSize=15&pageIndex=1
[2018-03-28 13:19:45.069] [WARN] access - GET /api/act/config/lists
[2018-03-28 13:19:45.076] [INFO] access - GET /api/act/100
[2018-03-28 13:21:25.750] [ERROR] access - POST /api/act/publish
[2018-03-28 13:21:29.776] [INFO] access - POST /api/act/draft
[2018-03-28 13:21:30.097] [INFO] access - GET /api/act/lists?keys=&pageSize=15&pageIndex=1
[2018-03-28 13:21:49.203] [WARN] access - GET /api/menu/listsTree
[2018-03-28 13:21:49.213] [WARN] access - GET /api/user/userInfo
[2018-03-28 13:21:49.237] [WARN] access - GET /api/act/lists?keys=&pageSize=15&pageIndex=1
[2018-03-28 13:21:59.596] [INFO] access - GET /api/act/100
[2018-03-28 13:21:59.600] [WARN] access - GET /api/act/config/lists
[2018-03-28 13:21:59.823] [WARN] access - GET /temp/20180328113919/1522208379476.png
[2018-03-28 13:21:59.827] [WARN] access - GET /temp/20180328120816/1522213988336.png
[2018-03-28 13:21:59.863] [WARN] access - GET /temp/20180328120816/1522214038486.png
[2018-03-28 13:21:59.880] [WARN] access - GET /temp/20180328120816/1522214063349.png
[2018-03-28 13:21:59.889] [WARN] access - GET /temp/20180328131449/1522214135365.png
[2018-03-28 13:21:59.914] [WARN] access - GET /temp/20180328131449/1522214228327.png
[2018-03-28 13:21:59.951] [WARN] access - GET /temp/20180328131449/1522214284709.png
[2018-03-28 13:21:59.984] [WARN] access - GET /temp/20180328131449/1522214370646.png
[2018-03-28 13:22:00.038] [WARN] access - GET /temp/20180328131449/1522214201767.png
[2018-03-28 13:22:00.096] [WARN] access - GET /temp/20180328131449/1522214324443.png
[2018-03-28 13:22:00.101] [WARN] access - GET /temp/20180328131449/1522214277419.png
[2018-03-28 13:22:00.110] [WARN] access - GET /temp/20180328131449/1522214192895.png
[2018-03-28 13:22:00.115] [WARN] access - GET /temp/20180328131449/1522214130555.png
[2018-03-28 13:22:00.121] [WARN] access - GET /temp/20180328113919/1522208388827.png
[2018-03-28 13:22:06.081] [INFO] access - GET /api/act/components/lists?keys=
[2018-03-28 13:22:54.966] [INFO] access - POST /api/act/components/update
[2018-03-28 13:22:55.003] [WARN] access - GET /api/act/components/lists?keys=
[2018-03-28 13:23:05.610] [INFO] access - POST /api/act/components/update
[2018-03-28 13:23:05.631] [WARN] access - GET /api/act/components/lists?keys=
[2018-03-28 13:23:17.262] [INFO] access - POST /api/act/components/update
[2018-03-28 13:23:17.288] [WARN] access - GET /api/act/components/lists?keys=
[2018-03-28 13:23:27.737] [INFO] access - POST /api/act/components/update
[2018-03-28 13:23:27.759] [WARN] access - GET /api/act/components/lists?keys=
[2018-03-28 13:23:38.164] [INFO] access - POST /api/act/components/update
[2018-03-28 13:23:38.254] [WARN] access - GET /api/act/components/lists?keys=
[2018-03-28 13:23:48.164] [INFO] access - POST /api/act/components/update
[2018-03-28 13:23:48.198] [WARN] access - GET /api/act/components/lists?keys=
[2018-03-28 13:23:58.255] [INFO] access - POST /api/act/components/update
[2018-03-28 13:23:58.306] [WARN] access - GET /api/act/components/lists?keys=
[2018-03-28 13:24:02.420] [WARN] access - GET /api/act/lists?keys=&pageSize=15&pageIndex=1
[2018-03-28 13:24:04.857] [INFO] access - GET /api/act/100
[2018-03-28 13:24:04.896] [WARN] access - GET /api/act/config/lists
[2018-03-28 13:24:17.188] [INFO] access - POST /api/act/draft
[2018-03-28 13:24:17.490] [INFO] access - GET /api/act/lists?keys=&pageSize=15&pageIndex=1
[2018-03-28 13:24:19.592] [INFO] access - GET /api/act/100
[2018-03-28 13:24:19.599] [WARN] access - GET /api/act/config/lists
[2018-03-28 13:24:23.643] [ERROR] access - POST /api/act/publish
[2018-03-28 13:26:38.975] [WARN] access - GET /api/act/config/lists?keys=
[2018-03-28 13:26:42.027] [INFO] access - DELETE /api/act/config/6
[2018-03-28 13:26:42.048] [INFO] access - GET /api/act/config/lists?keys=
[2018-03-28 13:26:43.951] [WARN] access - GET /api/act/lists?keys=&pageSize=15&pageIndex=1
[2018-03-28 13:26:46.066] [INFO] access - GET /api/act/100
[2018-03-28 13:26:46.071] [INFO] access - GET /api/act/config/lists
[2018-03-28 13:28:14.324] [INFO] access - GET /api/act/lists?keys=&pageSize=15&pageIndex=1
[2018-03-28 13:28:17.680] [INFO] access - GET /api/act/101
[2018-03-28 13:28:17.684] [WARN] access - GET /api/act/config/lists
[2018-03-28 13:28:24.734] [INFO] access - POST /api/act/publish
[2018-03-28 13:28:25.025] [INFO] access - GET /api/act/lists?keys=&pageSize=15&pageIndex=1
[2018-03-28 13:29:09.464] [INFO] access - GET /api/act/101
[2018-03-28 13:29:09.470] [WARN] access - GET /api/act/config/lists
[2018-03-28 14:15:41.983] [WARN] access - GET /api/menu/listsTree
[2018-03-28 14:15:41.997] [WARN] access - GET /api/user/userInfo
[2018-03-28 14:15:42.014] [INFO] access - GET /api/act/101
[2018-03-28 14:15:42.019] [WARN] access - GET /api/act/config/lists
[2018-03-28 14:45:48.940] [WARN] access - GET /api/act/config/lists?keys=
[2018-03-28 16:07:09.261] [WARN] access - GET /api/menu/listsTree
[2018-03-28 16:07:09.267] [WARN] access - GET /api/user/userInfo
[2018-03-28 16:07:09.272] [WARN] access - GET /api/act/config/lists?keys=
[2018-03-28 16:07:14.820] [INFO] access - GET /api/contracts/lists?keys=
[2018-03-28 16:07:18.632] [INFO] access - GET /api/contracts/2
[2018-03-28 16:07:58.451] [WARN] access - GET /api/contracts/lists?keys=
[2018-03-28 16:08:07.772] [INFO] access - GET /api/contracts/1
[2018-03-28 16:42:10.184] [WARN] access - GET /api/act/lists?keys=&pageSize=15&pageIndex=1
[2018-03-28 16:42:13.461] [INFO] access - GET /api/act/101
[2018-03-28 16:42:13.467] [WARN] access - GET /api/act/config/lists
[2018-03-28 16:43:44.371] [WARN] access - GET /api/act/config/lists?keys=
[2018-03-28 16:45:36.458] [INFO] access - PUT /api/act/config/2
[2018-03-28 16:45:36.478] [INFO] access - GET /api/act/config/lists?keys=
[2018-03-28 16:49:48.607] [WARN] access - GET /api/act/lists?keys=&pageSize=15&pageIndex=1
[2018-03-28 16:49:52.695] [INFO] access - GET /api/act/101
[2018-03-28 16:49:52.731] [INFO] access - GET /api/act/config/lists
[2018-03-28 16:49:59.589] [INFO] access - POST /api/act/publish
[2018-03-28 16:49:59.877] [INFO] access - GET /api/act/lists?keys=&pageSize=15&pageIndex=1
[2018-03-28 16:50:29.642] [INFO] access - GET /api/act/101
[2018-03-28 16:50:29.673] [WARN] access - GET /api/act/config/lists
[2018-03-28 16:50:42.742] [WARN] access - GET /api/act/lists?keys=&pageSize=15&pageIndex=1
[2018-03-28 16:50:49.578] [INFO] access - GET /api/act/101
[2018-03-28 16:50:49.584] [WARN] access - GET /api/act/config/lists
[2018-03-28 16:52:00.126] [INFO] access - GET /api/act/101
[2018-03-28 16:52:00.131] [WARN] access - GET /api/act/config/lists
[2018-03-28 16:52:01.769] [WARN] access - GET /api/menu/listsTree
[2018-03-28 16:52:01.796] [WARN] access - GET /api/user/userInfo
[2018-03-28 16:52:01.803] [INFO] access - GET /api/act/101
[2018-03-28 16:52:01.808] [WARN] access - GET /api/act/config/lists
[2018-03-28 16:56:56.875] [WARN] access - GET /api/menu/listsTree
[2018-03-28 16:56:56.880] [WARN] access - GET /api/user/userInfo
[2018-03-28 16:56:56.886] [INFO] access - GET /api/act/101
[2018-03-28 16:56:56.891] [WARN] access - GET /api/act/config/lists
[2018-03-28 16:57:08.486] [WARN] access - GET /api/menu/listsTree
[2018-03-28 16:57:08.490] [WARN] access - GET /api/user/userInfo
[2018-03-28 16:57:08.507] [INFO] access - GET /api/act/101
[2018-03-28 16:57:08.512] [WARN] access - GET /api/act/config/lists
[2018-03-28 16:57:11.222] [INFO] access - POST /api/act/publish
[2018-03-28 16:57:11.563] [INFO] access - GET /api/act/lists?keys=&pageSize=15&pageIndex=1
[2018-03-28 16:57:13.991] [INFO] access - GET /api/act/101
[2018-03-28 16:57:13.997] [WARN] access - GET /api/act/config/lists
[2018-03-28 16:58:15.534] [WARN] access - GET /api/menu/listsTree
[2018-03-28 16:58:15.540] [WARN] access - GET /api/user/userInfo
[2018-03-28 16:58:15.564] [INFO] access - GET /api/act/101
[2018-03-28 16:58:15.570] [WARN] access - GET /api/act/config/lists
[2018-03-28 17:00:12.835] [INFO] access - POST /api/act/publish
[2018-03-28 17:00:13.181] [INFO] access - GET /api/act/lists?keys=&pageSize=15&pageIndex=1
[2018-03-28 17:00:15.204] [INFO] access - GET /api/act/101
[2018-03-28 17:00:15.209] [WARN] access - GET /api/act/config/lists
[2018-03-28 17:00:49.016] [WARN] access - GET /api/menu/listsTree
[2018-03-28 17:00:49.021] [WARN] access - GET /api/user/userInfo
[2018-03-28 17:00:49.049] [INFO] access - GET /api/act/101
[2018-03-28 17:00:49.057] [WARN] access - GET /api/act/config/lists
[2018-03-28 17:00:53.127] [WARN] access - GET /api/menu/listsTree
[2018-03-28 17:00:53.132] [WARN] access - GET /api/user/userInfo
[2018-03-28 17:00:53.154] [INFO] access - GET /api/act/101
[2018-03-28 17:00:53.158] [WARN] access - GET /api/act/config/lists
[2018-03-28 17:01:05.332] [WARN] access - GET /api/menu/listsTree
[2018-03-28 17:01:05.338] [WARN] access - GET /api/user/userInfo
[2018-03-28 17:01:05.363] [INFO] access - GET /api/act/101
[2018-03-28 17:01:05.367] [WARN] access - GET /api/act/config/lists
[2018-03-28 17:01:18.403] [WARN] access - GET /api/act/lists?keys=&pageSize=15&pageIndex=1
[2018-03-28 17:01:20.200] [INFO] access - GET /api/act/101
[2018-03-28 17:01:20.204] [WARN] access - GET /api/act/config/lists
[2018-03-28 17:01:52.180] [WARN] access - GET /api/act/lists?keys=&pageSize=15&pageIndex=1
[2018-03-28 17:01:59.385] [INFO] access - GET /api/act/101
[2018-03-28 17:01:59.389] [WARN] access - GET /api/act/config/lists
[2018-03-28 17:02:32.293] [WARN] access - GET /api/menu/listsTree
[2018-03-28 17:02:32.298] [WARN] access - GET /api/user/userInfo
[2018-03-28 17:02:32.318] [INFO] access - GET /api/act/101
[2018-03-28 17:02:32.323] [WARN] access - GET /api/act/config/lists
[2018-03-28 17:03:02.046] [INFO] access - GET /api/act/101
[2018-03-28 17:03:02.092] [WARN] access - GET /api/act/config/lists
[2018-03-28 17:03:03.659] [WARN] access - GET /api/menu/listsTree
[2018-03-28 17:03:03.664] [WARN] access - GET /api/user/userInfo
[2018-03-28 17:03:03.685] [INFO] access - GET /api/act/101
[2018-03-28 17:03:03.690] [WARN] access - GET /api/act/config/lists
[2018-03-28 17:47:30.025] [INFO] access - GET /api/act/101
[2018-03-28 17:47:30.028] [WARN] access - GET /api/act/config/lists
[2018-03-28 17:47:34.435] [WARN] access - GET /api/act/config/lists?keys=
[2018-03-28 17:56:51.995] [WARN] access - GET /api/menu/listsTree
[2018-03-28 17:56:52.004] [WARN] access - GET /api/user/userInfo
[2018-03-28 17:56:52.028] [WARN] access - GET /api/act/config/lists?keys=
[2018-03-28 17:57:41.857] [ERROR] access - PUT /api/act/config/2
[2018-03-28 17:57:54.310] [INFO] access - POST /api/signin
[2018-03-28 17:57:54.385] [WARN] access - GET /api/menu/listsTree
[2018-03-28 17:57:54.393] [WARN] access - GET /api/user/userInfo
[2018-03-28 17:57:57.586] [WARN] access - GET /api/act/config/lists?keys=
[2018-03-28 17:58:01.428] [INFO] access - PUT /api/act/config/2
[2018-03-28 17:58:01.445] [INFO] access - GET /api/act/config/lists?keys=
[2018-03-28 17:59:46.342] [WARN] access - GET /api/menu/listsTree
[2018-03-28 17:59:46.365] [WARN] access - GET /api/user/userInfo
[2018-03-28 17:59:46.387] [WARN] access - GET /api/act/config/lists?keys=
[2018-03-28 18:00:03.717] [WARN] access - GET /api/menu/listsTree
[2018-03-28 18:00:03.722] [WARN] access - GET /api/user/userInfo
[2018-03-28 18:00:03.742] [WARN] access - GET /api/act/config/lists?keys=
[2018-03-28 18:00:25.022] [WARN] access - GET /api/menu/listsTree
[2018-03-28 18:00:25.026] [WARN] access - GET /api/user/userInfo
[2018-03-28 18:00:25.042] [WARN] access - GET /api/act/config/lists?keys=
[2018-03-28 18:01:10.778] [WARN] access - GET /api/menu/listsTree
[2018-03-28 18:01:10.782] [WARN] access - GET /api/user/userInfo
[2018-03-28 18:01:10.817] [WARN] access - GET /api/act/config/lists?keys=
[2018-03-28 18:01:39.284] [INFO] access - GET /api/act/lists?keys=&pageSize=15&pageIndex=1
[2018-03-28 18:01:41.813] [INFO] access - GET /api/act/101
[2018-03-28 18:01:41.914] [INFO] access - GET /api/act/config/lists
[2018-03-28 18:03:13.961] [INFO] access - POST /api/act/publish
[2018-03-28 18:03:14.620] [INFO] access - GET /api/act/lists?keys=&pageSize=15&pageIndex=1
[2018-03-28 18:03:16.909] [INFO] access - GET /api/act/101
[2018-03-28 18:03:16.993] [WARN] access - GET /api/act/config/lists
[2018-03-28 18:03:21.120] [INFO] access - POST /api/act/publish
[2018-03-28 18:03:21.647] [INFO] access - GET /api/act/lists?keys=&pageSize=15&pageIndex=1
[2018-03-28 18:03:24.645] [INFO] access - GET /api/act/101
[2018-03-28 18:03:24.701] [WARN] access - GET /api/act/config/lists
[2018-03-28 18:03:32.171] [WARN] access - GET /api/act/lists?keys=&pageSize=15&pageIndex=1
[2018-03-28 18:03:43.168] [WARN] access - GET /api/act/components/lists?keys=
[2018-03-28 18:04:50.761] [INFO] access - POST /api/act/components/update
[2018-03-28 18:04:50.849] [WARN] access - GET /api/act/components/lists?keys=
[2018-03-28 18:05:03.514] [INFO] access - POST /api/act/components/update
[2018-03-28 18:05:03.586] [WARN] access - GET /api/act/components/lists?keys=
[2018-03-28 18:05:10.398] [WARN] access - GET /api/act/lists?keys=&pageSize=15&pageIndex=1
[2018-03-28 18:05:12.130] [INFO] access - GET /api/act/101
[2018-03-28 18:05:12.167] [WARN] access - GET /api/act/config/lists
[2018-03-28 18:05:14.654] [INFO] access - POST /api/act/publish
[2018-03-28 18:05:15.259] [INFO] access - GET /api/act/lists?keys=&pageSize=15&pageIndex=1
[2018-03-28 18:14:23.352] [WARN] access - GET /api/menu/listsTree
[2018-03-28 18:14:23.357] [WARN] access - GET /api/user/userInfo
[2018-03-28 18:14:23.443] [WARN] access - GET /api/act/lists?keys=&pageSize=15&pageIndex=1
[2018-03-28 18:21:26.932] [WARN] access - GET /api/act/config/lists?keys=
[2018-03-28 19:57:03.548] [WARN] access - GET /api/act/lists?keys=&pageSize=15&pageIndex=1
[2018-03-28 20:01:43.608] [INFO] access - GET /api/act/101
[2018-03-28 20:01:43.612] [WARN] access - GET /api/act/config/lists
[2018-03-28 20:01:47.305] [INFO] access - POST /api/act/publish
[2018-03-28 20:01:47.585] [INFO] access - GET /api/act/lists?keys=&pageSize=15&pageIndex=1
[2018-03-28 20:02:08.489] [INFO] access - GET /api/act/101
[2018-03-28 20:02:08.494] [WARN] access - GET /api/act/config/lists
[2018-03-28 20:02:10.442] [WARN] access - GET /api/menu/listsTree
[2018-03-28 20:02:10.448] [WARN] access - GET /api/user/userInfo
[2018-03-28 20:02:10.469] [INFO] access - GET /api/act/101
[2018-03-28 20:02:10.475] [WARN] access - GET /api/act/config/lists
[2018-03-28 20:02:12.486] [WARN] access - GET /api/menu/listsTree
[2018-03-28 20:02:12.499] [WARN] access - GET /api/user/userInfo
[2018-03-28 20:02:12.511] [INFO] access - GET /api/act/101
[2018-03-28 20:02:12.517] [WARN] access - GET /api/act/config/lists
[2018-03-28 20:02:15.109] [INFO] access - POST /api/act/publish
[2018-03-28 20:02:15.449] [INFO] access - GET /api/act/lists?keys=&pageSize=15&pageIndex=1
[2018-03-28 20:02:56.778] [INFO] access - GET /api/act/101
[2018-03-28 20:02:56.783] [WARN] access - GET /api/act/config/lists
[2018-03-28 20:03:01.756] [INFO] access - POST /api/act/publish
[2018-03-28 20:03:02.090] [INFO] access - GET /api/act/lists?keys=&pageSize=15&pageIndex=1
[2018-03-28 20:04:11.241] [INFO] access - GET /api/act/101
[2018-03-28 20:04:11.245] [WARN] access - GET /api/act/config/lists
[2018-03-28 20:24:00.183] [INFO] access - GET /api/news/type/search?name=
[2018-03-28 20:24:00.188] [INFO] access - GET /api/news/type/alllists
[2018-03-28 20:24:06.813] [INFO] access - GET /api/news/lists?keys=&pageIndex=1&pageSize=15
[2018-03-28 20:24:08.280] [INFO] access - GET /api/news/seo/lists?keys=&pageSize=15&pageIndex=1
[2018-03-28 20:24:08.284] [WARN] access - GET /api/news/type/alllists
[2018-03-28 20:24:11.277] [WARN] access - GET /api/news/lists?keys=&pageIndex=1&pageSize=15
[2018-03-28 20:24:12.892] [INFO] access - GET /preview/news/267?id=267
[2018-03-28 20:24:18.185] [INFO] access - GET /preview/news/266?id=266
[2018-03-28 20:42:23.951] [WARN] access - GET /api/act/lists?keys=&pageSize=15&pageIndex=1
[2018-03-28 20:42:25.436] [INFO] access - GET /api/act/101
[2018-03-28 20:42:25.441] [WARN] access - GET /api/act/config/lists
[2018-03-28 20:42:28.329] [INFO] access - POST /api/act/publish
[2018-03-28 20:42:28.610] [INFO] access - GET /api/act/lists?keys=&pageSize=15&pageIndex=1
