[2017-12-08 09:25:29.696] [ERROR] access - DELETE /api/act/29
[2017-12-08 09:27:55.425] [WARN] access - GET /api/user/userInfo
[2017-12-08 09:27:55.455] [WARN] access - GET /api/menu/listsTree
[2017-12-08 09:27:55.467] [INFO] access - GET /api/act/lists?keys=&pageSize=15&pageIndex=1
[2017-12-08 09:30:21.077] [ERROR] access - DELETE /api/act/30
[2017-12-08 09:36:12.522] [ERROR] access - DELETE /api/act/31
[2017-12-08 09:43:53.051] [ERROR] access - DELETE /api/act/35
[2017-12-08 09:49:59.271] [INFO] access - DELETE /api/act/34
[2017-12-08 09:49:59.354] [INFO] access - GET /api/act/lists?keys=&pageSize=15&pageIndex=1
[2017-12-08 09:51:44.887] [INFO] access - DELETE /api/act/32
[2017-12-08 09:51:44.985] [INFO] access - GET /api/act/lists?keys=&pageSize=15&pageIndex=1
[2017-12-08 09:54:26.785] [INFO] access - DELETE /api/act/24
[2017-12-08 09:54:26.860] [INFO] access - GET /api/act/lists?keys=&pageSize=15&pageIndex=1
[2017-12-08 09:54:29.987] [INFO] access - DELETE /api/act/23
[2017-12-08 09:54:30.100] [INFO] access - GET /api/act/lists?keys=&pageSize=15&pageIndex=1
[2017-12-08 09:54:33.210] [INFO] access - DELETE /api/act/37
[2017-12-08 09:54:33.256] [INFO] access - GET /api/act/lists?keys=&pageSize=15&pageIndex=1
[2017-12-08 09:54:37.354] [ERROR] access - PUT /api/act/41
[2017-12-08 09:55:48.867] [ERROR] access - PUT /api/act/41
[2017-12-08 09:56:30.813] [ERROR] access - PUT /api/act/41
[2017-12-08 09:56:56.419] [ERROR] access - PUT /api/act/41
[2017-12-08 09:57:33.942] [ERROR] access - PUT /api/act/41
[2017-12-08 09:58:13.676] [ERROR] access - PUT /api/act/41
[2017-12-08 09:58:21.569] [ERROR] access - PUT /api/act/41
[2017-12-08 09:58:43.897] [WARN] access - GET /api/user/userInfo
[2017-12-08 09:58:43.911] [WARN] access - GET /api/menu/listsTree
[2017-12-08 09:58:43.920] [INFO] access - GET /api/act/lists?keys=&pageSize=15&pageIndex=1
[2017-12-08 09:59:16.141] [INFO] access - PUT /api/act/40
[2017-12-08 09:59:16.196] [INFO] access - GET /api/act/lists?keys=&pageSize=15&pageIndex=1
[2017-12-08 09:59:45.396] [WARN] access - GET /api/act/tpl/lists
[2017-12-08 09:59:49.074] [INFO] access - GET /api/act/tpl/16
[2017-12-08 09:59:59.381] [INFO] access - POST /api/act/upload
[2017-12-08 10:00:01.606] [ERROR] access - POST /api/act/publish
[2017-12-08 10:00:41.882] [INFO] access - POST /api/act/publish
[2017-12-08 10:00:42.201] [INFO] access - GET /api/act/lists?keys=&pageSize=15&pageIndex=1
[2017-12-08 10:00:58.159] [INFO] access - PUT /api/act/42
[2017-12-08 10:00:58.225] [INFO] access - GET /api/act/lists?keys=&pageSize=15&pageIndex=1
[2017-12-08 10:01:04.776] [INFO] access - GET /api/act/42
[2017-12-08 10:01:07.844] [INFO] access - POST /api/act/publish
[2017-12-08 10:01:08.134] [INFO] access - GET /api/act/lists?keys=&pageSize=15&pageIndex=1
[2017-12-08 10:01:21.973] [INFO] access - GET /api/act/42
[2017-12-08 10:01:23.659] [ERROR] access - GET /preview/act?tpl=undefined&tplData={%22title%22:%22%E7%AE%80%E5%8D%95%E5%80%9F%E6%AC%BE%22,%22style%22:{%22background-color%22:%22%22,%22background-repeat%22:%22no-repeat%22,%22background-image%22:%22%22},%22components%22:[{%22name%22:%22images%22,%22image_path%22:[%22http://local_activity.jiandanjiekuan.com/pages/aaa/1/img/close_1512698399352.png%22]}],%22activityCode%22:%220451657e2d5741aba7c4b5f67c5cfa67%22}
[2017-12-08 10:03:50.171] [ERROR] access - GET /preview/act?tpl=undefined&tplData={%22title%22:%22%E7%AE%80%E5%8D%95%E5%80%9F%E6%AC%BE%22,%22style%22:{%22background-color%22:%22%22,%22background-repeat%22:%22no-repeat%22,%22background-image%22:%22%22},%22components%22:[{%22name%22:%22images%22,%22image_path%22:[%22http://local_activity.jiandanjiekuan.com/pages/aaa/1/img/close_1512698399352.png%22]}],%22activityCode%22:%220451657e2d5741aba7c4b5f67c5cfa67%22}
[2017-12-08 10:05:38.117] [WARN] access - GET /api/config/lists?keys=&pageSize=15&pageIndex=1
[2017-12-08 10:07:59.201] [ERROR] access - GET /preview/act?tpl=undefined&tplData={%22title%22:%22%E7%AE%80%E5%8D%95%E5%80%9F%E6%AC%BE%22,%22style%22:{%22background-color%22:%22%22,%22background-repeat%22:%22no-repeat%22,%22background-image%22:%22%22},%22components%22:[{%22name%22:%22images%22,%22image_path%22:[%22http://local_activity.jiandanjiekuan.com/pages/aaa/1/img/close_1512698399352.png%22]}],%22activityCode%22:%220451657e2d5741aba7c4b5f67c5cfa67%22}
[2017-12-08 10:09:47.298] [ERROR] access - GET /preview/act?tpl=undefined&tplData={%22title%22:%22%E7%AE%80%E5%8D%95%E5%80%9F%E6%AC%BE%22,%22style%22:{%22background-color%22:%22%22,%22background-repeat%22:%22no-repeat%22,%22background-image%22:%22%22},%22components%22:[{%22name%22:%22images%22,%22image_path%22:[%22http://local_activity.jiandanjiekuan.com/pages/aaa/1/img/close_1512698399352.png%22]}],%22activityCode%22:%220451657e2d5741aba7c4b5f67c5cfa67%22}
[2017-12-08 10:10:25.705] [WARN] access - GET /api/act/components/lists?keys=
[2017-12-08 10:10:27.142] [WARN] access - GET /api/act/lists?keys=&pageSize=15&pageIndex=1
[2017-12-08 10:10:29.174] [INFO] access - GET /api/act/42
[2017-12-08 10:10:31.851] [ERROR] access - GET /preview/act?timeId=20171208101029&tplData={%22title%22:%22%E7%AE%80%E5%8D%95%E5%80%9F%E6%AC%BE%22,%22style%22:{%22background-color%22:%22%22,%22background-repeat%22:%22no-repeat%22,%22background-image%22:%22%22},%22components%22:[{%22name%22:%22images%22,%22image_path%22:[%22http://local_activity.jiandanjiekuan.com/pages/aaa/1/img/close_1512698399352.png%22]}],%22activityCode%22:%220451657e2d5741aba7c4b5f67c5cfa67%22}
[2017-12-08 10:24:19.062] [INFO] access - GET /preview/act?timeId=20171208101029&tplData={%22title%22:%22%E7%AE%80%E5%8D%95%E5%80%9F%E6%AC%BE%22,%22style%22:{%22background-color%22:%22%22,%22background-repeat%22:%22no-repeat%22,%22background-image%22:%22%22},%22components%22:[{%22name%22:%22images%22,%22image_path%22:[%22http://local_activity.jiandanjiekuan.com/pages/aaa/1/img/close_1512698399352.png%22]}],%22activityCode%22:%220451657e2d5741aba7c4b5f67c5cfa67%22}
[2017-12-08 10:24:19.198] [ERROR] access - GET /temp/20171208101029/min.js
[2017-12-08 10:31:03.964] [INFO] access - GET /api/act/tpl/lists
[2017-12-08 10:31:10.816] [INFO] access - GET /api/act/tpl/16
[2017-12-08 10:31:51.682] [ERROR] access - POST /api/act/tpl/update
[2017-12-08 10:31:57.578] [INFO] access - PUT /api/act/tpl/16
[2017-12-08 10:31:57.840] [INFO] access - GET /api/act/tpl/lists
[2017-12-08 10:32:04.880] [WARN] access - GET /api/menu/listsTree
[2017-12-08 10:32:04.885] [WARN] access - GET /api/user/userInfo
[2017-12-08 10:32:04.891] [WARN] access - GET /api/act/tpl/lists
[2017-12-08 10:32:12.989] [INFO] access - GET /api/act/tpl/16
[2017-12-08 10:32:33.415] [ERROR] access - POST /api/act/tpl/update
[2017-12-08 11:48:51.437] [WARN] access - GET /api/act/lists?keys=&pageSize=15&pageIndex=1
[2017-12-08 11:48:52.473] [WARN] access - GET /api/act/tpl/lists
[2017-12-08 11:49:01.823] [INFO] access - GET /api/act/tpl/16
[2017-12-08 11:49:08.419] [WARN] access - GET /api/act/lists?keys=&pageSize=15&pageIndex=1
[2017-12-08 11:49:56.441] [INFO] access - GET /api/act/42
[2017-12-08 11:50:09.514] [WARN] access - GET /api/act/lists?keys=&pageSize=15&pageIndex=1
[2017-12-08 11:50:12.054] [WARN] access - GET /api/act/tpl/lists
[2017-12-08 11:50:16.901] [INFO] access - GET /api/act/tpl/16
[2017-12-08 11:50:28.761] [INFO] access - POST /api/act/upload
[2017-12-08 11:50:32.422] [INFO] access - POST /api/act/draft
[2017-12-08 11:50:32.700] [INFO] access - GET /api/act/lists?keys=&pageSize=15&pageIndex=1
[2017-12-08 11:50:34.918] [INFO] access - GET /api/act/43
[2017-12-08 11:50:37.857] [INFO] access - GET /preview/act?timeId=20171208115034&tplData={%22title%22:%22%E7%AE%80%E5%8D%95%E5%80%9F%E6%AC%BE%22,%22style%22:{%22background-color%22:%22%22,%22background-repeat%22:%22no-repeat%22,%22background-image%22:%22%22},%22components%22:[{%22name%22:%22images%22,%22image_path%22:[%22/temp/20171208115016/close_1512705028752.png%22]}],%22activityCode%22:%222f6344ccfcf649d9b8433e14c681c9c3%22}
[2017-12-08 11:50:37.896] [ERROR] access - GET /temp/20171208115034/min.js
[2017-12-08 11:50:37.902] [WARN] access - GET /temp/20171208115016/close_1512705028752.png
[2017-12-08 11:50:41.829] [WARN] access - GET /preview/act?timeId=20171208115034&tplData={%22title%22:%22%E7%AE%80%E5%8D%95%E5%80%9F%E6%AC%BE%22,%22style%22:{%22background-color%22:%22%22,%22background-repeat%22:%22no-repeat%22,%22background-image%22:%22%22},%22components%22:[{%22name%22:%22images%22,%22image_path%22:[%22/temp/20171208115016/close_1512705028752.png%22]}],%22activityCode%22:%222f6344ccfcf649d9b8433e14c681c9c3%22}
[2017-12-08 11:50:41.862] [WARN] access - GET /temp/20171208115016/close_1512705028752.png
[2017-12-08 11:50:41.874] [ERROR] access - GET /temp/20171208115034/min.js
[2017-12-08 11:50:50.118] [WARN] access - GET /preview/act?timeId=20171208115034&tplData={%22title%22:%22%E7%AE%80%E5%8D%95%E5%80%9F%E6%AC%BE%22,%22style%22:{%22background-color%22:%22%22,%22background-repeat%22:%22no-repeat%22,%22background-image%22:%22%22},%22components%22:[{%22name%22:%22images%22,%22image_path%22:[%22/temp/20171208115016/close_1512705028752.png%22]}],%22activityCode%22:%222f6344ccfcf649d9b8433e14c681c9c3%22}
[2017-12-08 11:50:50.167] [ERROR] access - GET /temp/20171208115034/min.js
[2017-12-08 11:50:50.187] [WARN] access - GET /temp/20171208115016/close_1512705028752.png
[2017-12-08 11:52:04.482] [INFO] access - POST /api/act/upload
[2017-12-08 11:52:50.520] [INFO] access - GET /preview/act?timeId=20171208115034&tplData={%22title%22:%22%E7%AE%80%E5%8D%95%E5%80%9F%E6%AC%BE%22,%22style%22:{%22background-color%22:%22%22,%22background-repeat%22:%22no-repeat%22,%22background-image%22:%22%22},%22components%22:[{%22name%22:%22images%22,%22image_path%22:[%22/temp/20171208115034/close_1512705124467.png%22]}],%22activityCode%22:%222f6344ccfcf649d9b8433e14c681c9c3%22}
[2017-12-08 11:52:50.571] [ERROR] access - GET /temp/20171208115034/min.js
[2017-12-08 11:52:50.582] [WARN] access - GET /temp/20171208115034/close_1512705124467.png
[2017-12-08 11:56:52.860] [WARN] access - GET /preview/act?timeId=20171208115034&tplData={%22title%22:%22%E7%AE%80%E5%8D%95%E5%80%9F%E6%AC%BE%22,%22style%22:{%22background-color%22:%22%22,%22background-repeat%22:%22no-repeat%22,%22background-image%22:%22%22},%22components%22:[{%22name%22:%22images%22,%22image_path%22:[%22/temp/20171208115034/close_1512705124467.png%22]}],%22activityCode%22:%222f6344ccfcf649d9b8433e14c681c9c3%22}
[2017-12-08 11:56:53.063] [WARN] access - GET /temp/20171208115034/close_1512705124467.png
[2017-12-08 11:57:55.782] [WARN] access - GET /preview/act?timeId=20171208115034&tplData={%22title%22:%22%E7%AE%80%E5%8D%95%E5%80%9F%E6%AC%BE%22,%22style%22:{%22background-color%22:%22%22,%22background-repeat%22:%22no-repeat%22,%22background-image%22:%22%22},%22components%22:[{%22name%22:%22images%22,%22image_path%22:[%22/temp/20171208115034/close_1512705124467.png%22]}],%22activityCode%22:%222f6344ccfcf649d9b8433e14c681c9c3%22}
[2017-12-08 11:57:55.846] [ERROR] access - GET /temp/20171208115034/min.js
[2017-12-08 11:57:55.851] [WARN] access - GET /temp/20171208115034/close_1512705124467.png
[2017-12-08 11:59:38.770] [WARN] access - GET /preview/act?timeId=20171208115034&tplData={%22title%22:%22%E7%AE%80%E5%8D%95%E5%80%9F%E6%AC%BE%22,%22style%22:{%22background-color%22:%22%22,%22background-repeat%22:%22no-repeat%22,%22background-image%22:%22%22},%22components%22:[{%22name%22:%22images%22,%22image_path%22:[%22/temp/20171208115034/close_1512705124467.png%22]}],%22activityCode%22:%222f6344ccfcf649d9b8433e14c681c9c3%22}
[2017-12-08 11:59:38.840] [INFO] access - GET /temp/20171208115034/min.js
[2017-12-08 11:59:38.846] [WARN] access - GET /temp/20171208115034/close_1512705124467.png
[2017-12-08 12:00:02.518] [WARN] access - GET /api/act/lists?keys=&pageSize=15&pageIndex=1
[2017-12-08 12:00:07.173] [INFO] access - GET /api/act/43
[2017-12-08 12:00:07.240] [WARN] access - GET /temp/20171208115016/close_1512705028752.png
[2017-12-08 12:00:09.808] [INFO] access - GET /preview/act?timeId=20171208120007&tplData={%22title%22:%22%E7%AE%80%E5%8D%95%E5%80%9F%E6%AC%BE%22,%22style%22:{%22background-color%22:%22%22,%22background-repeat%22:%22no-repeat%22,%22background-image%22:%22%22},%22components%22:[{%22name%22:%22images%22,%22image_path%22:[%22/temp/20171208115016/close_1512705028752.png%22]}],%22activityCode%22:%222f6344ccfcf649d9b8433e14c681c9c3%22}
[2017-12-08 12:00:10.206] [INFO] access - GET /temp/20171208120007/min.js
[2017-12-08 12:00:10.218] [WARN] access - GET /temp/20171208115016/close_1512705028752.png
[2017-12-08 12:00:13.533] [WARN] access - GET /temp/20171208120007/min.css
[2017-12-08 12:00:44.290] [WARN] access - GET /api/act/lists?keys=&pageSize=15&pageIndex=1
[2017-12-08 12:00:51.475] [WARN] access - GET /api/act/tpl/lists
[2017-12-08 12:00:54.286] [INFO] access - GET /api/act/tpl/16
[2017-12-08 12:01:16.091] [ERROR] access - POST /api/act/tpl/update
[2017-12-08 12:02:40.653] [WARN] access - GET /api/act/lists?keys=&pageSize=15&pageIndex=1
[2017-12-08 12:02:44.149] [INFO] access - DELETE /api/act/43
[2017-12-08 12:02:44.213] [INFO] access - GET /api/act/lists?keys=&pageSize=15&pageIndex=1
[2017-12-08 12:02:57.259] [INFO] access - DELETE /api/act/33
[2017-12-08 12:02:57.350] [INFO] access - GET /api/act/lists?keys=&pageSize=15&pageIndex=1
[2017-12-08 13:23:49.577] [INFO] access - GET /api/act/42
[2017-12-08 13:23:51.830] [INFO] access - POST /api/act/draft
[2017-12-08 13:23:52.133] [INFO] access - GET /api/act/lists?keys=&pageSize=15&pageIndex=1
[2017-12-08 13:23:57.673] [INFO] access - PUT /api/act/42
[2017-12-08 13:23:57.744] [INFO] access - GET /api/act/lists?keys=&pageSize=15&pageIndex=1
[2017-12-08 13:23:59.564] [INFO] access - GET /api/act/42
[2017-12-08 13:24:01.346] [INFO] access - POST /api/act/draft
[2017-12-08 13:24:01.616] [INFO] access - GET /api/act/lists?keys=&pageSize=15&pageIndex=1
[2017-12-08 13:24:14.609] [INFO] access - GET /api/act/42
[2017-12-08 13:24:17.295] [INFO] access - GET /preview/act?timeId=20171208132414&tplData={%22title%22:%22%E7%AE%80%E5%8D%95%E5%80%9F%E6%AC%BE%22,%22style%22:{%22background-color%22:%22%22,%22background-repeat%22:%22no-repeat%22,%22background-image%22:%22%22},%22components%22:[{%22name%22:%22images%22,%22image_path%22:[%22http://local_activity.jiandanjiekuan.com/pages/aaa/1/img/close_1512698399352.png%22]}],%22activityCode%22:%220451657e2d5741aba7c4b5f67c5cfa67%22}
[2017-12-08 13:24:17.393] [INFO] access - GET /temp/20171208132414/min.js
[2017-12-08 13:24:23.880] [WARN] access - GET /api/act/lists?keys=&pageSize=15&pageIndex=1
[2017-12-08 13:24:25.967] [INFO] access - GET /api/act/tpl/lists
[2017-12-08 13:24:29.970] [INFO] access - GET /api/act/tpl/16
[2017-12-08 13:24:32.098] [INFO] access - POST /api/act/draft
[2017-12-08 13:24:32.373] [INFO] access - GET /api/act/lists?keys=&pageSize=15&pageIndex=1
[2017-12-08 13:25:09.632] [ERROR] access - DELETE /api/act/44
[2017-12-08 13:29:07.776] [INFO] access - DELETE /api/act/44
[2017-12-08 13:29:07.852] [INFO] access - GET /api/act/lists?keys=&pageSize=15&pageIndex=1
[2017-12-08 13:31:49.940] [WARN] access - GET /api/act/tpl/lists
[2017-12-08 13:31:54.309] [INFO] access - GET /api/act/tpl/16
[2017-12-08 13:32:02.484] [ERROR] access - POST /api/act/tpl/update
[2017-12-08 13:34:24.551] [WARN] access - GET /api/act/components/lists?keys=
[2017-12-08 13:34:26.873] [WARN] access - GET /api/act/tpl/lists
[2017-12-08 13:34:29.151] [WARN] access - GET /api/act/lists?keys=&pageSize=15&pageIndex=1
[2017-12-08 13:35:24.548] [WARN] access - GET /api/act/components/lists?keys=
[2017-12-08 13:35:25.640] [WARN] access - GET /api/act/tpl/lists
[2017-12-08 15:05:23.354] [WARN] access - GET /api/config/lists?keys=&pageSize=15&pageIndex=1
[2017-12-08 15:16:40.407] [WARN] access - GET /api/menu/listsTree
[2017-12-08 15:16:40.437] [INFO] access - GET /api/menu/lists?keys=
[2017-12-08 15:16:40.457] [WARN] access - GET /api/menu/listsTree
