[2018-05-22 10:21:37.953] [WARN] access - GET /api/menu/listsTree
[2018-05-22 10:21:37.966] [WARN] access - GET /api/user/userInfo
[2018-05-22 10:25:24.517] [INFO] access - GET /api/act/lists?keys=&pageSize=15&pageIndex=1
[2018-05-22 10:25:27.534] [INFO] access - DELETE /api/act/117
[2018-05-22 10:25:27.571] [INFO] access - GET /api/act/lists?keys=&pageSize=15&pageIndex=1
[2018-05-22 10:36:24.282] [WARN] access - GET /api/act/tpl/lists
[2018-05-22 10:36:24.374] [WARN] access - GET /images/act_tpl_image/1526883401442.png
[2018-05-22 10:36:26.318] [INFO] access - GET /api/act/tpl/58
[2018-05-22 10:36:26.325] [WARN] access - GET /api/act/config/lists
[2018-05-22 10:36:40.040] [INFO] access - POST /api/act/upload
[2018-05-22 10:36:56.177] [INFO] access - POST /api/act/upload
[2018-05-22 10:38:41.461] [INFO] access - POST /api/act/draft
[2018-05-22 10:38:41.802] [INFO] access - GET /api/act/lists?keys=&pageSize=15&pageIndex=1
[2018-05-22 10:38:44.271] [INFO] access - GET /api/act/118
[2018-05-22 10:38:44.274] [WARN] access - GET /api/act/config/lists
[2018-05-22 11:12:28.844] [WARN] access - GET /api/menu/listsTree
[2018-05-22 11:12:28.851] [WARN] access - GET /api/user/userInfo
[2018-05-22 11:12:28.857] [INFO] access - GET /api/act/118
[2018-05-22 11:12:28.863] [WARN] access - GET /api/act/config/lists
[2018-05-22 11:12:29.070] [WARN] access - GET /temp/20180522103626/1526956616164.1c6f970.png
[2018-05-22 11:12:29.078] [WARN] access - GET /temp/20180522103626/1526956600032.jpg
[2018-05-22 11:33:12.754] [WARN] access - GET /api/menu/listsTree
[2018-05-22 11:33:12.760] [WARN] access - GET /api/user/userInfo
[2018-05-22 11:33:12.769] [INFO] access - GET /api/act/118
[2018-05-22 11:33:12.774] [WARN] access - GET /api/act/config/lists
[2018-05-22 11:33:13.021] [WARN] access - GET /temp/20180522103626/1526956600032.jpg
[2018-05-22 11:33:13.025] [WARN] access - GET /temp/20180522103626/1526956616164.1c6f970.png
[2018-05-22 11:33:41.271] [WARN] access - GET /api/menu/listsTree
[2018-05-22 11:33:41.277] [WARN] access - GET /api/user/userInfo
[2018-05-22 11:33:41.310] [INFO] access - GET /api/act/118
[2018-05-22 11:33:41.319] [WARN] access - GET /api/act/config/lists
[2018-05-22 11:33:41.531] [WARN] access - GET /temp/20180522103626/1526956600032.jpg
[2018-05-22 11:33:41.539] [WARN] access - GET /temp/20180522103626/1526956616164.1c6f970.png
[2018-05-22 11:34:44.700] [WARN] access - GET /api/menu/listsTree
[2018-05-22 11:34:44.708] [WARN] access - GET /api/user/userInfo
[2018-05-22 11:34:44.744] [INFO] access - GET /api/act/118
[2018-05-22 11:34:44.749] [WARN] access - GET /api/act/config/lists
[2018-05-22 11:34:45.114] [WARN] access - GET /temp/20180522103626/1526956600032.jpg
[2018-05-22 11:34:45.121] [WARN] access - GET /temp/20180522103626/1526956616164.1c6f970.png
[2018-05-22 11:35:27.042] [WARN] access - GET /api/menu/listsTree
[2018-05-22 11:35:27.046] [WARN] access - GET /api/user/userInfo
[2018-05-22 11:35:27.071] [INFO] access - GET /api/act/118
[2018-05-22 11:35:27.075] [WARN] access - GET /api/act/config/lists
[2018-05-22 11:35:27.257] [WARN] access - GET /temp/20180522103626/1526956600032.jpg
[2018-05-22 11:35:27.262] [WARN] access - GET /temp/20180522103626/1526956616164.1c6f970.png
[2018-05-22 11:46:53.715] [WARN] access - GET /api/menu/listsTree
[2018-05-22 11:46:53.720] [WARN] access - GET /api/user/userInfo
[2018-05-22 11:46:53.729] [INFO] access - GET /api/act/118
[2018-05-22 11:46:53.732] [WARN] access - GET /api/act/config/lists
[2018-05-22 11:46:53.899] [WARN] access - GET /temp/20180522103626/1526956616164.1c6f970.png
[2018-05-22 11:46:53.903] [WARN] access - GET /temp/20180522103626/1526956600032.jpg
[2018-05-22 11:47:33.148] [WARN] access - GET /api/menu/listsTree
[2018-05-22 11:47:33.166] [WARN] access - GET /api/user/userInfo
[2018-05-22 11:47:33.171] [INFO] access - GET /api/act/118
[2018-05-22 11:47:33.176] [WARN] access - GET /api/act/config/lists
[2018-05-22 11:47:33.378] [WARN] access - GET /temp/20180522103626/1526956600032.jpg
[2018-05-22 11:47:33.385] [WARN] access - GET /temp/20180522103626/1526956616164.1c6f970.png
[2018-05-22 11:47:51.322] [WARN] access - GET /api/menu/listsTree
[2018-05-22 11:47:51.326] [WARN] access - GET /api/user/userInfo
[2018-05-22 11:47:51.352] [INFO] access - GET /api/act/118
[2018-05-22 11:47:51.356] [WARN] access - GET /api/act/config/lists
[2018-05-22 11:47:51.555] [WARN] access - GET /temp/20180522103626/1526956616164.1c6f970.png
[2018-05-22 11:47:51.559] [WARN] access - GET /temp/20180522103626/1526956600032.jpg
[2018-05-22 11:48:59.532] [WARN] access - GET /api/menu/listsTree
[2018-05-22 11:48:59.598] [WARN] access - GET /api/user/userInfo
[2018-05-22 11:48:59.660] [INFO] access - GET /api/act/118
[2018-05-22 11:48:59.712] [WARN] access - GET /api/act/config/lists
[2018-05-22 11:48:59.892] [WARN] access - GET /temp/20180522103626/1526956600032.jpg
[2018-05-22 11:48:59.937] [WARN] access - GET /temp/20180522103626/1526956616164.1c6f970.png
[2018-05-22 11:49:28.656] [WARN] access - GET /api/menu/listsTree
[2018-05-22 11:49:28.706] [WARN] access - GET /api/user/userInfo
[2018-05-22 11:49:28.790] [INFO] access - GET /api/act/118
[2018-05-22 11:49:29.025] [WARN] access - GET /api/act/config/lists
[2018-05-22 11:49:29.317] [WARN] access - GET /temp/20180522103626/1526956600032.jpg
[2018-05-22 11:49:29.409] [WARN] access - GET /temp/20180522103626/1526956616164.1c6f970.png
[2018-05-22 13:48:31.453] [WARN] access - GET /api/user/userInfo
[2018-05-22 13:48:31.487] [WARN] access - GET /api/menu/listsTree
[2018-05-22 13:48:31.542] [INFO] access - GET /api/act/118
[2018-05-22 13:48:31.579] [WARN] access - GET /api/act/config/lists
[2018-05-22 13:48:31.770] [WARN] access - GET /temp/20180522103626/1526956600032.jpg
[2018-05-22 13:48:31.794] [WARN] access - GET /temp/20180522103626/1526956616164.1c6f970.png
[2018-05-22 13:48:54.803] [INFO] access - POST /api/act/draft
[2018-05-22 13:48:55.162] [INFO] access - GET /api/act/lists?keys=&pageSize=15&pageIndex=1
[2018-05-22 13:48:57.384] [INFO] access - GET /api/act/121
[2018-05-22 13:48:57.391] [WARN] access - GET /api/act/config/lists
[2018-05-22 13:55:18.527] [WARN] access - GET /api/menu/listsTree
[2018-05-22 13:55:18.556] [WARN] access - GET /api/user/userInfo
[2018-05-22 13:55:18.563] [INFO] access - GET /api/act/121
[2018-05-22 13:55:18.569] [WARN] access - GET /api/act/config/lists
[2018-05-22 13:55:18.788] [WARN] access - GET /temp/20180522103626/1526956600032.jpg
[2018-05-22 13:55:18.793] [WARN] access - GET /temp/20180522103626/1526956616164.1c6f970.png
[2018-05-22 13:55:38.728] [INFO] access - POST /api/act/draft
[2018-05-22 13:55:39.059] [INFO] access - GET /api/act/lists?keys=&pageSize=15&pageIndex=1
[2018-05-22 13:55:41.231] [INFO] access - GET /api/act/121
[2018-05-22 13:55:41.235] [WARN] access - GET /api/act/config/lists
[2018-05-22 14:29:12.635] [WARN] access - GET /temp/20180522103626/1526956600032.jpg
[2018-05-22 14:29:12.642] [WARN] access - GET /temp/20180522103626/1526956616164.1c6f970.png
[2018-05-22 14:29:57.531] [WARN] access - GET /temp/20180522103626/1526956600032.jpg
[2018-05-22 14:29:57.543] [WARN] access - GET /temp/20180522103626/1526956616164.1c6f970.png
[2018-05-22 14:30:08.289] [WARN] access - GET /temp/20180522103626/1526956600032.jpg
[2018-05-22 14:30:08.295] [WARN] access - GET /temp/20180522103626/1526956616164.1c6f970.png
[2018-05-22 14:30:59.624] [WARN] access - GET /temp/20180522103626/1526956600032.jpg
[2018-05-22 14:30:59.629] [WARN] access - GET /temp/20180522103626/1526956616164.1c6f970.png
[2018-05-22 14:31:14.791] [WARN] access - GET /temp/20180522103626/1526956600032.jpg
[2018-05-22 14:31:14.796] [WARN] access - GET /temp/20180522103626/1526956616164.1c6f970.png
[2018-05-22 14:31:50.696] [WARN] access - GET /temp/20180522103626/1526956616164.1c6f970.png
[2018-05-22 14:31:50.700] [WARN] access - GET /temp/20180522103626/1526956600032.jpg
[2018-05-22 14:31:52.179] [WARN] access - GET /temp/20180522103626/1526956600032.jpg
[2018-05-22 14:31:52.184] [WARN] access - GET /temp/20180522103626/1526956616164.1c6f970.png
[2018-05-22 14:31:53.817] [WARN] access - GET /temp/20180522103626/1526956600032.jpg
[2018-05-22 14:31:53.821] [WARN] access - GET /temp/20180522103626/1526956616164.1c6f970.png
[2018-05-22 14:32:37.596] [WARN] access - GET /temp/20180522103626/1526956600032.jpg
[2018-05-22 14:32:37.601] [WARN] access - GET /temp/20180522103626/1526956616164.1c6f970.png
[2018-05-22 14:32:40.020] [WARN] access - GET /temp/20180522103626/1526956600032.jpg
[2018-05-22 14:32:40.033] [WARN] access - GET /temp/20180522103626/1526956616164.1c6f970.png
[2018-05-22 14:32:45.668] [WARN] access - GET /temp/20180522103626/1526956616164.1c6f970.png
[2018-05-22 14:32:45.672] [WARN] access - GET /temp/20180522103626/1526956600032.jpg
[2018-05-22 14:33:00.953] [WARN] access - GET /temp/20180522103626/1526956600032.jpg
[2018-05-22 14:33:00.961] [WARN] access - GET /temp/20180522103626/1526956616164.1c6f970.png
[2018-05-22 14:33:07.578] [WARN] access - GET /temp/20180522103626/1526956616164.1c6f970.png
[2018-05-22 14:33:07.583] [WARN] access - GET /temp/20180522103626/1526956600032.jpg
[2018-05-22 14:33:31.722] [WARN] access - GET /temp/20180522103626/1526956600032.jpg
[2018-05-22 14:33:31.730] [WARN] access - GET /temp/20180522103626/1526956616164.1c6f970.png
[2018-05-22 14:33:33.343] [WARN] access - GET /temp/20180522103626/1526956600032.jpg
[2018-05-22 14:33:33.348] [WARN] access - GET /temp/20180522103626/1526956616164.1c6f970.png
[2018-05-22 14:39:18.128] [WARN] access - GET /temp/20180522103626/1526956600032.jpg
[2018-05-22 14:39:18.138] [WARN] access - GET /temp/20180522103626/1526956616164.1c6f970.png
[2018-05-22 14:39:47.443] [WARN] access - GET /temp/20180522103626/1526956600032.jpg
[2018-05-22 14:39:47.450] [WARN] access - GET /temp/20180522103626/1526956616164.1c6f970.png
[2018-05-22 14:40:16.799] [WARN] access - GET /temp/20180522103626/1526956600032.jpg
[2018-05-22 14:40:16.824] [WARN] access - GET /temp/20180522103626/1526956616164.1c6f970.png
[2018-05-22 14:40:44.544] [WARN] access - GET /temp/20180522103626/1526956600032.jpg
[2018-05-22 14:40:44.550] [WARN] access - GET /temp/20180522103626/1526956616164.1c6f970.png
[2018-05-22 14:41:02.860] [WARN] access - GET /temp/20180522103626/1526956600032.jpg
[2018-05-22 14:41:02.886] [WARN] access - GET /temp/20180522103626/1526956616164.1c6f970.png
[2018-05-22 14:41:57.908] [WARN] access - GET /temp/20180522103626/1526956600032.jpg
[2018-05-22 14:41:57.912] [WARN] access - GET /temp/20180522103626/1526956616164.1c6f970.png
[2018-05-22 14:42:46.708] [WARN] access - GET /temp/20180522103626/1526956600032.jpg
[2018-05-22 14:42:46.714] [WARN] access - GET /temp/20180522103626/1526956616164.1c6f970.png
[2018-05-22 14:43:14.110] [WARN] access - GET /temp/20180522103626/1526956600032.jpg
[2018-05-22 14:43:14.114] [WARN] access - GET /temp/20180522103626/1526956616164.1c6f970.png
[2018-05-22 14:44:32.223] [WARN] access - GET /temp/20180522103626/1526956616164.1c6f970.png
[2018-05-22 14:44:32.231] [WARN] access - GET /temp/20180522103626/1526956600032.jpg
[2018-05-22 15:18:45.871] [WARN] access - GET /temp/20180522103626/1526956600032.jpg
[2018-05-22 15:18:45.877] [WARN] access - GET /temp/20180522103626/1526956616164.1c6f970.png
[2018-05-22 15:19:11.060] [WARN] access - GET /temp/20180522103626/1526956600032.jpg
[2018-05-22 15:19:11.064] [WARN] access - GET /temp/20180522103626/1526956616164.1c6f970.png
[2018-05-22 15:28:36.479] [WARN] access - GET /temp/20180522103626/1526956600032.jpg
[2018-05-22 15:28:36.485] [WARN] access - GET /temp/20180522103626/1526956616164.1c6f970.png
[2018-05-22 15:30:15.133] [WARN] access - GET /temp/20180522103626/1526956600032.jpg
[2018-05-22 15:30:15.138] [WARN] access - GET /temp/20180522103626/1526956616164.1c6f970.png
[2018-05-22 15:30:39.478] [WARN] access - GET /temp/20180522103626/1526956600032.jpg
[2018-05-22 15:30:39.484] [WARN] access - GET /temp/20180522103626/1526956616164.1c6f970.png
[2018-05-22 15:31:11.115] [WARN] access - GET /temp/20180522103626/1526956600032.jpg
[2018-05-22 15:31:11.124] [WARN] access - GET /temp/20180522103626/1526956616164.1c6f970.png
[2018-05-22 15:31:34.679] [WARN] access - GET /temp/20180522103626/1526956600032.jpg
[2018-05-22 15:31:34.684] [WARN] access - GET /temp/20180522103626/1526956616164.1c6f970.png
[2018-05-22 15:31:48.056] [WARN] access - GET /temp/20180522103626/1526956600032.jpg
[2018-05-22 15:31:48.061] [WARN] access - GET /temp/20180522103626/1526956616164.1c6f970.png
[2018-05-22 15:32:01.886] [WARN] access - GET /temp/20180522103626/1526956600032.jpg
[2018-05-22 15:32:01.891] [WARN] access - GET /temp/20180522103626/1526956616164.1c6f970.png
[2018-05-22 15:32:54.916] [WARN] access - GET /temp/20180522103626/1526956600032.jpg
[2018-05-22 15:32:54.923] [WARN] access - GET /temp/20180522103626/1526956616164.1c6f970.png
[2018-05-22 15:33:39.329] [WARN] access - GET /temp/20180522103626/1526956600032.jpg
[2018-05-22 15:33:39.335] [WARN] access - GET /temp/20180522103626/1526956616164.1c6f970.png
[2018-05-22 15:34:06.935] [WARN] access - GET /temp/20180522103626/1526956600032.jpg
[2018-05-22 15:34:06.940] [WARN] access - GET /temp/20180522103626/1526956616164.1c6f970.png
[2018-05-22 15:34:11.805] [WARN] access - GET /temp/20180522103626/1526956600032.jpg
[2018-05-22 15:34:11.810] [WARN] access - GET /temp/20180522103626/1526956616164.1c6f970.png
[2018-05-22 15:34:40.113] [WARN] access - GET /temp/20180522103626/1526956600032.jpg
[2018-05-22 15:34:40.119] [WARN] access - GET /temp/20180522103626/1526956616164.1c6f970.png
[2018-05-22 15:35:06.346] [WARN] access - GET /temp/20180522103626/1526956600032.jpg
[2018-05-22 15:35:06.351] [WARN] access - GET /temp/20180522103626/1526956616164.1c6f970.png
[2018-05-22 15:35:35.459] [WARN] access - GET /temp/20180522103626/1526956600032.jpg
[2018-05-22 15:35:35.465] [WARN] access - GET /temp/20180522103626/1526956616164.1c6f970.png
[2018-05-22 15:36:00.461] [WARN] access - GET /temp/20180522103626/1526956600032.jpg
[2018-05-22 15:36:00.472] [WARN] access - GET /temp/20180522103626/1526956616164.1c6f970.png
[2018-05-22 15:36:08.698] [WARN] access - GET /temp/20180522103626/1526956600032.jpg
[2018-05-22 15:36:08.703] [WARN] access - GET /temp/20180522103626/1526956616164.1c6f970.png
[2018-05-22 15:36:24.782] [WARN] access - GET /temp/20180522103626/1526956600032.jpg
[2018-05-22 15:36:24.787] [WARN] access - GET /temp/20180522103626/1526956616164.1c6f970.png
[2018-05-22 15:36:56.165] [WARN] access - GET /temp/20180522103626/1526956600032.jpg
[2018-05-22 15:36:56.169] [WARN] access - GET /temp/20180522103626/1526956616164.1c6f970.png
[2018-05-22 15:37:33.558] [WARN] access - GET /temp/20180522103626/1526956600032.jpg
[2018-05-22 15:37:33.566] [WARN] access - GET /temp/20180522103626/1526956616164.1c6f970.png
[2018-05-22 15:39:20.798] [WARN] access - GET /temp/20180522103626/1526956600032.jpg
[2018-05-22 15:39:20.804] [WARN] access - GET /temp/20180522103626/1526956616164.1c6f970.png
[2018-05-22 15:41:21.271] [WARN] access - GET /temp/20180522103626/1526956600032.jpg
[2018-05-22 15:41:21.276] [WARN] access - GET /temp/20180522103626/1526956616164.1c6f970.png
[2018-05-22 15:42:23.718] [WARN] access - GET /temp/20180522103626/1526956600032.jpg
[2018-05-22 15:42:23.723] [WARN] access - GET /temp/20180522103626/1526956616164.1c6f970.png
[2018-05-22 15:44:49.795] [WARN] access - GET /temp/20180522103626/1526956600032.jpg
[2018-05-22 15:44:49.800] [WARN] access - GET /temp/20180522103626/1526956616164.1c6f970.png
[2018-05-22 15:52:35.152] [WARN] access - GET /temp/20180522103626/1526956600032.jpg
[2018-05-22 15:52:35.157] [WARN] access - GET /temp/20180522103626/1526956616164.1c6f970.png
[2018-05-22 15:52:50.551] [WARN] access - GET /temp/20180522103626/1526956600032.jpg
[2018-05-22 15:52:50.560] [WARN] access - GET /temp/20180522103626/1526956616164.1c6f970.png
[2018-05-22 15:55:52.784] [WARN] access - GET /temp/20180522103626/1526956600032.jpg
[2018-05-22 15:55:52.788] [WARN] access - GET /temp/20180522103626/1526956616164.1c6f970.png
[2018-05-22 15:55:59.302] [WARN] access - GET /temp/20180522103626/1526956600032.jpg
[2018-05-22 15:55:59.307] [WARN] access - GET /temp/20180522103626/1526956616164.1c6f970.png
[2018-05-22 15:56:23.618] [WARN] access - GET /temp/20180522103626/1526956600032.jpg
[2018-05-22 15:56:23.624] [WARN] access - GET /temp/20180522103626/1526956616164.1c6f970.png
[2018-05-22 16:00:26.497] [WARN] access - GET /temp/20180522103626/1526956600032.jpg
[2018-05-22 16:00:26.502] [WARN] access - GET /temp/20180522103626/1526956616164.1c6f970.png
[2018-05-22 16:00:28.456] [WARN] access - GET /temp/20180522103626/1526956600032.jpg
[2018-05-22 16:00:28.468] [WARN] access - GET /temp/20180522103626/1526956616164.1c6f970.png
[2018-05-22 16:00:49.675] [WARN] access - GET /temp/20180522103626/1526956600032.jpg
[2018-05-22 16:00:49.681] [WARN] access - GET /temp/20180522103626/1526956616164.1c6f970.png
[2018-05-22 16:01:28.505] [WARN] access - GET /temp/20180522103626/1526956600032.jpg
[2018-05-22 16:01:28.515] [WARN] access - GET /temp/20180522103626/1526956616164.1c6f970.png
[2018-05-22 16:02:24.417] [WARN] access - GET /temp/20180522103626/1526956600032.jpg
[2018-05-22 16:02:24.422] [WARN] access - GET /temp/20180522103626/1526956616164.1c6f970.png
[2018-05-22 16:02:46.889] [WARN] access - GET /temp/20180522103626/1526956600032.jpg
[2018-05-22 16:02:46.893] [WARN] access - GET /temp/20180522103626/1526956616164.1c6f970.png
[2018-05-22 16:04:53.273] [WARN] access - GET /temp/20180522103626/1526956600032.jpg
[2018-05-22 16:04:53.278] [WARN] access - GET /temp/20180522103626/1526956616164.1c6f970.png
[2018-05-22 16:05:36.717] [WARN] access - GET /temp/20180522103626/1526956600032.jpg
[2018-05-22 16:05:36.723] [WARN] access - GET /temp/20180522103626/1526956616164.1c6f970.png
[2018-05-22 16:05:57.484] [WARN] access - GET /temp/20180522103626/1526956600032.jpg
[2018-05-22 16:05:57.489] [WARN] access - GET /temp/20180522103626/1526956616164.1c6f970.png
[2018-05-22 16:05:58.709] [WARN] access - GET /temp/20180522103626/1526956600032.jpg
[2018-05-22 16:05:58.714] [WARN] access - GET /temp/20180522103626/1526956616164.1c6f970.png
[2018-05-22 16:06:14.081] [WARN] access - GET /temp/20180522103626/1526956616164.1c6f970.png
[2018-05-22 16:06:14.087] [WARN] access - GET /temp/20180522103626/1526956600032.jpg
[2018-05-22 16:06:27.718] [WARN] access - GET /temp/20180522103626/1526956600032.jpg
[2018-05-22 16:06:27.722] [WARN] access - GET /temp/20180522103626/1526956616164.1c6f970.png
[2018-05-22 16:06:44.270] [WARN] access - GET /temp/20180522103626/1526956600032.jpg
[2018-05-22 16:06:44.275] [WARN] access - GET /temp/20180522103626/1526956616164.1c6f970.png
[2018-05-22 16:06:59.793] [WARN] access - GET /temp/20180522103626/1526956600032.jpg
[2018-05-22 16:06:59.801] [WARN] access - GET /temp/20180522103626/1526956616164.1c6f970.png
[2018-05-22 16:07:32.650] [WARN] access - GET /temp/20180522103626/1526956600032.jpg
[2018-05-22 16:07:32.674] [WARN] access - GET /temp/20180522103626/1526956616164.1c6f970.png
[2018-05-22 16:07:44.399] [WARN] access - GET /temp/20180522103626/1526956600032.jpg
[2018-05-22 16:07:44.404] [WARN] access - GET /temp/20180522103626/1526956616164.1c6f970.png
[2018-05-22 16:31:18.828] [WARN] access - GET /temp/20180522103626/1526956600032.jpg
[2018-05-22 16:31:18.836] [WARN] access - GET /temp/20180522103626/1526956616164.1c6f970.png
[2018-05-22 16:31:25.031] [WARN] access - GET /temp/20180522103626/1526956600032.jpg
[2018-05-22 16:31:25.037] [WARN] access - GET /temp/20180522103626/1526956616164.1c6f970.png
[2018-05-22 16:32:01.630] [WARN] access - GET /temp/20180522103626/1526956600032.jpg
[2018-05-22 16:32:01.634] [WARN] access - GET /temp/20180522103626/1526956616164.1c6f970.png
[2018-05-22 16:32:05.324] [WARN] access - GET /temp/20180522103626/1526956600032.jpg
[2018-05-22 16:32:05.331] [WARN] access - GET /temp/20180522103626/1526956616164.1c6f970.png
[2018-05-22 16:32:45.715] [WARN] access - GET /api/files/type/treeList
[2018-05-22 16:32:45.724] [INFO] access - GET /api/files/lists?keys=&pageIndex=1&pageSize=15
[2018-05-22 16:32:48.108] [WARN] access - GET /api/act/components/lists?keys=
[2018-05-22 16:33:15.774] [INFO] access - POST /api/act/components/add
[2018-05-22 16:33:15.810] [INFO] access - GET /api/act/components/lists?keys=
[2018-05-22 16:33:18.499] [WARN] access - GET /api/act/lists?keys=&pageSize=15&pageIndex=1
[2018-05-22 16:33:21.830] [INFO] access - DELETE /api/act/121
[2018-05-22 16:33:21.860] [INFO] access - GET /api/act/lists?keys=&pageSize=15&pageIndex=1
[2018-05-22 16:33:23.803] [INFO] access - DELETE /api/act/120
[2018-05-22 16:33:23.862] [INFO] access - GET /api/act/lists?keys=&pageSize=15&pageIndex=1
[2018-05-22 16:33:25.793] [INFO] access - DELETE /api/act/119
[2018-05-22 16:33:25.833] [INFO] access - GET /api/act/lists?keys=&pageSize=15&pageIndex=1
[2018-05-22 16:33:29.038] [INFO] access - DELETE /api/act/118
[2018-05-22 16:33:29.060] [INFO] access - GET /api/act/lists?keys=&pageSize=15&pageIndex=1
[2018-05-22 16:33:31.185] [INFO] access - DELETE /api/act/115
[2018-05-22 16:33:31.206] [INFO] access - GET /api/act/lists?keys=&pageSize=15&pageIndex=1
[2018-05-22 16:33:32.636] [WARN] access - GET /api/act/tpl/lists
[2018-05-22 16:33:32.752] [WARN] access - GET /images/act_tpl_image/1526280829890.jpeg
[2018-05-22 16:33:32.758] [WARN] access - GET /images/act_tpl_image/1526883401442.png
[2018-05-22 16:33:32.762] [WARN] access - GET /images/act_tpl_image/1525680727077.png
[2018-05-22 16:33:34.689] [WARN] access - GET /api/act/config/lists
[2018-05-22 16:33:34.699] [INFO] access - GET /api/act/tpl/58
[2018-05-22 16:35:25.225] [INFO] access - POST /api/act/upload
[2018-05-22 16:36:46.453] [INFO] access - POST /api/act/draft
[2018-05-22 16:36:46.768] [INFO] access - GET /api/act/lists?keys=&pageSize=15&pageIndex=1
[2018-05-22 16:36:49.519] [INFO] access - GET /api/act/122
[2018-05-22 16:36:49.528] [WARN] access - GET /api/act/config/lists
[2018-05-22 16:36:54.898] [INFO] access - POST /api/act/publish
[2018-05-22 16:36:55.176] [INFO] access - GET /api/act/lists?keys=&pageSize=15&pageIndex=1
[2018-05-22 17:15:47.093] [INFO] access - GET /api/act/122
[2018-05-22 17:15:47.151] [WARN] access - GET /api/act/config/lists
[2018-05-22 18:24:08.057] [INFO] access - POST /api/signin
[2018-05-22 18:24:08.169] [INFO] access - GET /api/menu/listsTree
[2018-05-22 18:24:08.173] [INFO] access - GET /api/user/userInfo
[2018-05-22 18:24:14.109] [INFO] access - GET /api/act/lists?keys=&pageSize=15&pageIndex=1
[2018-05-22 18:24:16.047] [INFO] access - GET /api/act/122
[2018-05-22 18:24:16.052] [INFO] access - GET /api/act/config/lists
[2018-05-22 18:26:07.573] [WARN] access - GET /api/menu/listsTree
[2018-05-22 18:26:07.613] [WARN] access - GET /api/user/userInfo
[2018-05-22 18:26:07.619] [INFO] access - GET /api/act/122
[2018-05-22 18:26:07.629] [WARN] access - GET /api/act/config/lists
[2018-05-22 18:26:39.863] [WARN] access - GET /api/user/userInfo
[2018-05-22 18:26:39.872] [WARN] access - GET /api/menu/listsTree
[2018-05-22 18:26:39.895] [INFO] access - GET /api/act/122
[2018-05-22 18:26:39.901] [WARN] access - GET /api/act/config/lists
