[2017-12-22 08:56:55.078] [WARN] access - GET /api/menu/listsTree
[2017-12-22 08:56:55.083] [WARN] access - GET /api/user/userInfo
[2017-12-22 08:56:55.088] [INFO] access - GET /api/act/tpl/24
[2017-12-22 08:57:45.013] [INFO] access - POST /api/act/upload
[2017-12-22 09:00:56.555] [WARN] access - GET /api/menu/listsTree
[2017-12-22 09:00:56.560] [WARN] access - GET /api/user/userInfo
[2017-12-22 09:00:56.566] [INFO] access - GET /api/act/tpl/24
[2017-12-22 09:12:21.173] [INFO] access - POST /api/act/upload
[2017-12-22 09:12:29.810] [INFO] access - POST /api/act/upload
[2017-12-22 09:18:18.086] [INFO] access - GET /api/act/tpl/24
[2017-12-22 10:57:25.729] [WARN] access - GET /api/menu/listsTree
[2017-12-22 10:57:25.738] [WARN] access - GET /api/user/userInfo
[2017-12-22 10:57:25.743] [INFO] access - GET /api/act/tpl/24
[2017-12-22 10:57:58.802] [WARN] access - GET /api/menu/listsTree
[2017-12-22 10:57:58.808] [WARN] access - GET /api/user/userInfo
[2017-12-22 10:57:58.833] [INFO] access - GET /api/act/tpl/24
[2017-12-22 10:58:29.029] [WARN] access - GET /api/menu/listsTree
[2017-12-22 10:58:29.036] [WARN] access - GET /api/user/userInfo
[2017-12-22 10:58:29.051] [INFO] access - GET /api/act/tpl/24
[2017-12-22 10:59:41.426] [WARN] access - GET /api/menu/listsTree
[2017-12-22 10:59:41.435] [WARN] access - GET /api/user/userInfo
[2017-12-22 10:59:41.440] [INFO] access - GET /api/act/tpl/24
[2017-12-22 11:00:31.639] [INFO] access - POST /api/act/upload
[2017-12-22 11:00:44.799] [INFO] access - POST /api/act/upload
[2017-12-22 11:00:54.285] [INFO] access - POST /api/act/upload
[2017-12-22 11:07:58.679] [WARN] access - GET /api/menu/listsTree
[2017-12-22 11:07:58.689] [WARN] access - GET /api/user/userInfo
[2017-12-22 11:07:58.695] [INFO] access - GET /api/act/tpl/24
[2017-12-22 11:08:34.373] [WARN] access - GET /api/menu/listsTree
[2017-12-22 11:08:34.378] [WARN] access - GET /api/user/userInfo
[2017-12-22 11:08:34.394] [INFO] access - GET /api/act/tpl/24
[2017-12-22 11:09:44.412] [WARN] access - GET /api/menu/listsTree
[2017-12-22 11:09:44.419] [WARN] access - GET /api/user/userInfo
[2017-12-22 11:09:44.424] [INFO] access - GET /api/act/tpl/24
[2017-12-22 11:14:55.451] [WARN] access - GET /api/menu/listsTree
[2017-12-22 11:14:55.483] [WARN] access - GET /api/user/userInfo
[2017-12-22 11:14:55.497] [INFO] access - GET /api/act/tpl/24
[2017-12-22 11:19:51.334] [WARN] access - GET /api/menu/listsTree
[2017-12-22 11:19:51.339] [WARN] access - GET /api/user/userInfo
[2017-12-22 11:19:51.344] [INFO] access - GET /api/act/tpl/24
[2017-12-22 11:20:17.260] [INFO] access - GET /api/act/tpl/24
[2017-12-22 11:21:18.331] [INFO] access - GET /api/act/tpl/24
[2017-12-22 11:21:26.177] [WARN] access - GET /api/menu/listsTree
[2017-12-22 11:21:26.183] [WARN] access - GET /api/user/userInfo
[2017-12-22 11:21:26.201] [INFO] access - GET /api/act/tpl/24
[2017-12-22 11:22:08.677] [WARN] access - GET /api/menu/listsTree
[2017-12-22 11:22:08.686] [WARN] access - GET /api/user/userInfo
[2017-12-22 11:22:08.702] [INFO] access - GET /api/act/tpl/24
[2017-12-22 11:23:53.105] [INFO] access - GET /api/act/tpl/24
[2017-12-22 11:24:19.408] [INFO] access - GET /api/act/tpl/24
[2017-12-22 11:24:24.952] [INFO] access - GET /api/act/tpl/24
[2017-12-22 11:24:56.584] [INFO] access - GET /api/act/tpl/24
[2017-12-22 11:27:08.359] [INFO] access - GET /api/act/tpl/24
[2017-12-22 11:29:42.561] [INFO] access - GET /api/act/tpl/24
[2017-12-22 11:29:46.075] [INFO] access - GET /api/act/tpl/24
[2017-12-22 11:29:51.404] [INFO] access - GET /api/act/tpl/24
[2017-12-22 11:29:56.054] [INFO] access - GET /api/act/tpl/24
[2017-12-22 11:30:20.766] [INFO] access - GET /api/act/tpl/24
[2017-12-22 11:31:23.150] [WARN] access - GET /api/menu/listsTree
[2017-12-22 11:31:23.157] [WARN] access - GET /api/user/userInfo
[2017-12-22 11:31:23.167] [INFO] access - GET /api/act/tpl/24
[2017-12-22 11:31:33.247] [ERROR] access - POST /api/act/upload
[2017-12-22 11:31:38.898] [ERROR] access - POST /api/act/upload
[2017-12-22 11:31:51.988] [ERROR] access - POST /api/act/upload
[2017-12-22 11:32:31.527] [WARN] access - GET /api/menu/listsTree
[2017-12-22 11:32:31.544] [WARN] access - GET /api/user/userInfo
[2017-12-22 11:32:31.568] [INFO] access - GET /api/act/tpl/24
[2017-12-22 11:32:39.171] [INFO] access - POST /api/act/upload
[2017-12-22 11:32:44.852] [INFO] access - POST /api/act/upload
[2017-12-22 11:35:28.636] [WARN] access - GET /api/menu/listsTree
[2017-12-22 11:35:28.643] [WARN] access - GET /api/user/userInfo
[2017-12-22 11:35:28.648] [INFO] access - GET /api/act/tpl/24
[2017-12-22 11:35:37.869] [INFO] access - POST /api/act/upload
[2017-12-22 11:45:05.424] [WARN] access - GET /api/menu/listsTree
[2017-12-22 11:45:05.430] [WARN] access - GET /api/user/userInfo
[2017-12-22 11:45:05.435] [INFO] access - GET /api/act/tpl/24
[2017-12-22 11:45:07.061] [WARN] access - GET /api/menu/listsTree
[2017-12-22 11:45:07.067] [WARN] access - GET /api/user/userInfo
[2017-12-22 11:45:07.082] [INFO] access - GET /api/act/tpl/24
[2017-12-22 11:46:23.009] [WARN] access - GET /api/menu/listsTree
[2017-12-22 11:46:23.018] [WARN] access - GET /api/user/userInfo
[2017-12-22 11:46:23.022] [INFO] access - GET /api/act/tpl/24
[2017-12-22 11:47:19.412] [INFO] access - POST /api/act/upload
[2017-12-22 11:48:56.028] [WARN] access - GET /api/menu/listsTree
[2017-12-22 11:48:56.033] [WARN] access - GET /api/user/userInfo
[2017-12-22 11:48:56.038] [INFO] access - GET /api/act/tpl/24
[2017-12-22 11:49:06.902] [WARN] access - GET /api/menu/listsTree
[2017-12-22 11:49:06.922] [WARN] access - GET /api/user/userInfo
[2017-12-22 11:49:06.929] [INFO] access - GET /api/act/tpl/24
[2017-12-22 11:49:23.912] [INFO] access - POST /api/act/upload
[2017-12-22 12:38:27.405] [WARN] access - GET /api/menu/listsTree
[2017-12-22 12:38:27.415] [WARN] access - GET /api/user/userInfo
[2017-12-22 12:38:27.429] [INFO] access - GET /api/act/tpl/24
[2017-12-22 12:38:36.584] [INFO] access - POST /api/act/upload
[2017-12-22 12:58:31.398] [WARN] access - GET /api/menu/listsTree
[2017-12-22 12:58:31.405] [WARN] access - GET /api/user/userInfo
[2017-12-22 12:58:31.413] [INFO] access - GET /api/act/tpl/24
[2017-12-22 12:58:54.253] [INFO] access - POST /api/act/upload
[2017-12-22 13:31:27.758] [INFO] access - POST /api/act/upload
[2017-12-22 13:34:25.248] [WARN] access - GET /api/menu/listsTree
[2017-12-22 13:34:25.257] [WARN] access - GET /api/user/userInfo
[2017-12-22 13:34:25.262] [INFO] access - GET /api/act/tpl/24
[2017-12-22 13:35:19.159] [WARN] access - GET /api/menu/listsTree
[2017-12-22 13:35:19.167] [WARN] access - GET /api/user/userInfo
[2017-12-22 13:35:19.172] [INFO] access - GET /api/act/tpl/24
[2017-12-22 13:35:44.919] [INFO] access - POST /api/act/upload
[2017-12-22 13:39:04.708] [INFO] access - GET /api/act/tpl/24
[2017-12-22 13:39:06.153] [INFO] access - GET /api/act/tpl/24
