[2017-12-25 09:19:47.723] [INFO] access - POST /api/signin
[2017-12-25 09:19:47.826] [WARN] access - GET /api/menu/listsTree
[2017-12-25 09:19:47.833] [WARN] access - GET /api/user/userInfo
[2017-12-25 09:19:55.949] [WARN] access - GET /api/act/tpl/lists
[2017-12-25 09:19:56.100] [WARN] access - GET /images/act_tpl_image/1512978692388.jpg
[2017-12-25 09:20:10.489] [INFO] access - GET /api/act/tpl/24
[2017-12-25 09:24:45.623] [INFO] access - GET /api/act/tpl/24
[2017-12-25 09:25:25.297] [INFO] access - GET /api/act/tpl/24
[2017-12-25 09:25:32.680] [INFO] access - GET /api/act/tpl/24
[2017-12-25 09:25:55.850] [INFO] access - GET /api/act/tpl/24
[2017-12-25 09:26:35.065] [INFO] access - GET /api/act/tpl/24
[2017-12-25 09:26:52.937] [WARN] access - GET /api/menu/listsTree
[2017-12-25 09:26:52.943] [WARN] access - GET /api/user/userInfo
[2017-12-25 09:26:52.956] [INFO] access - GET /api/act/tpl/24
[2017-12-25 09:27:23.115] [WARN] access - GET /api/menu/listsTree
[2017-12-25 09:27:23.119] [WARN] access - GET /api/user/userInfo
[2017-12-25 09:27:23.137] [INFO] access - GET /api/act/tpl/24
[2017-12-25 09:27:53.886] [WARN] access - GET /api/menu/listsTree
[2017-12-25 09:27:53.890] [WARN] access - GET /api/user/userInfo
[2017-12-25 09:27:53.908] [INFO] access - GET /api/act/tpl/24
[2017-12-25 09:29:36.505] [INFO] access - GET /api/act/tpl/24
[2017-12-25 09:29:50.850] [INFO] access - GET /api/act/tpl/24
[2017-12-25 09:29:54.453] [INFO] access - GET /api/act/tpl/24
[2017-12-25 09:31:28.124] [WARN] access - GET /api/menu/listsTree
[2017-12-25 09:31:28.134] [WARN] access - GET /api/user/userInfo
[2017-12-25 09:31:28.143] [INFO] access - GET /api/act/tpl/24
[2017-12-25 09:32:04.307] [WARN] access - GET /api/menu/listsTree
[2017-12-25 09:32:04.312] [WARN] access - GET /api/user/userInfo
[2017-12-25 09:32:04.326] [INFO] access - GET /api/act/tpl/24
[2017-12-25 09:32:47.078] [INFO] access - GET /api/act/tpl/24
[2017-12-25 09:32:58.342] [INFO] access - GET /api/act/tpl/24
[2017-12-25 09:33:01.884] [INFO] access - GET /api/act/tpl/24
[2017-12-25 09:34:00.735] [WARN] access - GET /api/menu/listsTree
[2017-12-25 09:34:00.749] [WARN] access - GET /api/user/userInfo
[2017-12-25 09:34:00.761] [INFO] access - GET /api/act/tpl/24
[2017-12-25 09:34:51.792] [WARN] access - GET /api/menu/listsTree
[2017-12-25 09:34:51.804] [WARN] access - GET /api/user/userInfo
[2017-12-25 09:34:51.814] [INFO] access - GET /api/act/tpl/24
[2017-12-25 09:36:05.077] [WARN] access - GET /api/menu/listsTree
[2017-12-25 09:36:05.088] [WARN] access - GET /api/user/userInfo
[2017-12-25 09:36:05.093] [INFO] access - GET /api/act/tpl/24
[2017-12-25 09:37:03.149] [WARN] access - GET /api/menu/listsTree
[2017-12-25 09:37:03.159] [WARN] access - GET /api/user/userInfo
[2017-12-25 09:37:03.168] [INFO] access - GET /api/act/tpl/24
[2017-12-25 09:37:22.191] [WARN] access - GET /api/menu/listsTree
[2017-12-25 09:37:22.196] [WARN] access - GET /api/user/userInfo
[2017-12-25 09:37:22.210] [INFO] access - GET /api/act/tpl/24
[2017-12-25 09:40:57.237] [WARN] access - GET /api/menu/listsTree
[2017-12-25 09:40:57.245] [WARN] access - GET /api/user/userInfo
[2017-12-25 09:40:57.256] [INFO] access - GET /api/act/tpl/24
[2017-12-25 09:42:11.304] [INFO] access - GET /api/act/tpl/24
[2017-12-25 09:47:46.346] [INFO] access - GET /api/act/tpl/24
[2017-12-25 10:01:40.868] [WARN] access - GET /api/menu/listsTree
[2017-12-25 10:01:40.893] [WARN] access - GET /api/user/userInfo
[2017-12-25 10:01:40.932] [INFO] access - GET /api/act/tpl/24
[2017-12-25 10:15:19.191] [WARN] access - GET /api/menu/listsTree
[2017-12-25 10:15:19.203] [WARN] access - GET /api/user/userInfo
[2017-12-25 10:15:19.207] [INFO] access - GET /api/act/tpl/24
[2017-12-25 10:15:38.263] [WARN] access - GET /api/menu/listsTree
[2017-12-25 10:15:38.273] [WARN] access - GET /api/user/userInfo
[2017-12-25 10:15:38.302] [INFO] access - GET /api/act/tpl/24
[2017-12-25 10:26:57.054] [WARN] access - GET /api/menu/listsTree
[2017-12-25 10:26:57.062] [WARN] access - GET /api/user/userInfo
[2017-12-25 10:26:57.075] [INFO] access - GET /api/act/tpl/24
[2017-12-25 10:31:07.590] [WARN] access - GET /api/menu/listsTree
[2017-12-25 10:31:07.598] [WARN] access - GET /api/user/userInfo
[2017-12-25 10:31:07.603] [INFO] access - GET /api/act/tpl/24
[2017-12-25 10:53:53.186] [WARN] access - GET /api/menu/listsTree
[2017-12-25 10:53:53.193] [WARN] access - GET /api/user/userInfo
[2017-12-25 10:53:53.198] [INFO] access - GET /api/act/tpl/24
[2017-12-25 11:00:56.441] [WARN] access - GET /api/menu/listsTree
[2017-12-25 11:00:56.448] [WARN] access - GET /api/user/userInfo
[2017-12-25 11:00:56.453] [INFO] access - GET /api/act/tpl/24
[2017-12-25 11:41:13.733] [WARN] access - GET /api/menu/listsTree
[2017-12-25 11:41:13.748] [WARN] access - GET /api/user/userInfo
[2017-12-25 11:41:13.755] [INFO] access - GET /api/act/tpl/24
[2017-12-25 11:41:39.438] [WARN] access - GET /api/menu/listsTree
[2017-12-25 11:41:39.444] [WARN] access - GET /api/user/userInfo
[2017-12-25 11:41:39.449] [INFO] access - GET /api/act/tpl/24
[2017-12-25 11:43:34.708] [WARN] access - GET /api/menu/listsTree
[2017-12-25 11:43:34.720] [WARN] access - GET /api/user/userInfo
[2017-12-25 11:43:34.736] [INFO] access - GET /api/act/tpl/24
[2017-12-25 11:44:49.660] [WARN] access - GET /api/menu/listsTree
[2017-12-25 11:44:49.668] [WARN] access - GET /api/user/userInfo
[2017-12-25 11:44:49.704] [INFO] access - GET /api/act/tpl/24
[2017-12-25 11:45:49.943] [WARN] access - GET /api/menu/listsTree
[2017-12-25 11:45:49.950] [WARN] access - GET /api/user/userInfo
[2017-12-25 11:45:49.956] [INFO] access - GET /api/act/tpl/24
[2017-12-25 11:57:55.865] [WARN] access - GET /api/menu/listsTree
[2017-12-25 11:57:55.872] [WARN] access - GET /api/user/userInfo
[2017-12-25 11:57:55.877] [INFO] access - GET /api/act/tpl/24
[2017-12-25 11:59:38.443] [WARN] access - GET /api/menu/listsTree
[2017-12-25 11:59:38.498] [WARN] access - GET /api/user/userInfo
[2017-12-25 11:59:38.529] [INFO] access - GET /api/act/tpl/24
[2017-12-25 12:57:14.977] [WARN] access - GET /api/menu/listsTree
[2017-12-25 12:57:14.984] [WARN] access - GET /api/user/userInfo
[2017-12-25 12:57:15.012] [INFO] access - GET /api/act/tpl/24
[2017-12-25 12:57:47.160] [WARN] access - GET /api/menu/listsTree
[2017-12-25 12:57:47.165] [WARN] access - GET /api/user/userInfo
[2017-12-25 12:57:47.183] [INFO] access - GET /api/act/tpl/24
[2017-12-25 12:58:10.124] [WARN] access - GET /api/menu/listsTree
[2017-12-25 12:58:10.129] [WARN] access - GET /api/user/userInfo
[2017-12-25 12:58:10.148] [INFO] access - GET /api/act/tpl/24
[2017-12-25 13:00:51.962] [WARN] access - GET /api/menu/listsTree
[2017-12-25 13:00:51.971] [WARN] access - GET /api/user/userInfo
[2017-12-25 13:00:51.977] [INFO] access - GET /api/act/tpl/24
[2017-12-25 13:01:16.886] [WARN] access - GET /api/menu/listsTree
[2017-12-25 13:01:16.904] [WARN] access - GET /api/user/userInfo
[2017-12-25 13:01:16.929] [INFO] access - GET /api/act/tpl/24
[2017-12-25 13:03:55.878] [WARN] access - GET /api/menu/listsTree
[2017-12-25 13:03:55.890] [WARN] access - GET /api/user/userInfo
[2017-12-25 13:03:55.898] [INFO] access - GET /api/act/tpl/24
[2017-12-25 13:04:18.087] [WARN] access - GET /api/menu/listsTree
[2017-12-25 13:04:18.093] [WARN] access - GET /api/user/userInfo
[2017-12-25 13:04:18.109] [INFO] access - GET /api/act/tpl/24
[2017-12-25 13:07:05.740] [WARN] access - GET /api/menu/listsTree
[2017-12-25 13:07:05.747] [WARN] access - GET /api/user/userInfo
[2017-12-25 13:07:05.760] [INFO] access - GET /api/act/tpl/24
[2017-12-25 13:07:16.669] [WARN] access - GET /api/menu/listsTree
[2017-12-25 13:07:16.681] [WARN] access - GET /api/user/userInfo
[2017-12-25 13:07:16.691] [INFO] access - GET /api/act/tpl/24
[2017-12-25 13:08:44.291] [WARN] access - GET /api/menu/listsTree
[2017-12-25 13:08:44.305] [WARN] access - GET /api/user/userInfo
[2017-12-25 13:08:44.320] [INFO] access - GET /api/act/tpl/24
[2017-12-25 13:10:16.684] [WARN] access - GET /api/menu/listsTree
[2017-12-25 13:10:16.691] [WARN] access - GET /api/user/userInfo
[2017-12-25 13:10:16.700] [INFO] access - GET /api/act/tpl/24
[2017-12-25 13:10:44.340] [WARN] access - GET /api/menu/listsTree
[2017-12-25 13:10:44.348] [WARN] access - GET /api/user/userInfo
[2017-12-25 13:10:44.366] [INFO] access - GET /api/act/tpl/24
[2017-12-25 13:12:46.546] [WARN] access - GET /api/menu/listsTree
[2017-12-25 13:12:46.557] [WARN] access - GET /api/user/userInfo
[2017-12-25 13:12:46.562] [INFO] access - GET /api/act/tpl/24
[2017-12-25 13:14:13.228] [WARN] access - GET /api/menu/listsTree
[2017-12-25 13:14:13.241] [WARN] access - GET /api/user/userInfo
[2017-12-25 13:14:13.256] [INFO] access - GET /api/act/tpl/24
[2017-12-25 13:14:44.306] [WARN] access - GET /api/menu/listsTree
[2017-12-25 13:14:44.312] [WARN] access - GET /api/user/userInfo
[2017-12-25 13:14:44.330] [INFO] access - GET /api/act/tpl/24
[2017-12-25 13:16:12.060] [WARN] access - GET /api/menu/listsTree
[2017-12-25 13:16:12.073] [WARN] access - GET /api/user/userInfo
[2017-12-25 13:16:12.082] [INFO] access - GET /api/act/tpl/24
[2017-12-25 13:24:23.146] [WARN] access - GET /api/menu/listsTree
[2017-12-25 13:24:23.163] [WARN] access - GET /api/user/userInfo
[2017-12-25 13:24:23.177] [INFO] access - GET /api/act/tpl/24
[2017-12-25 13:24:53.728] [WARN] access - GET /api/menu/listsTree
[2017-12-25 13:24:53.735] [WARN] access - GET /api/user/userInfo
[2017-12-25 13:24:53.759] [INFO] access - GET /api/act/tpl/24
[2017-12-25 13:25:23.434] [WARN] access - GET /api/menu/listsTree
[2017-12-25 13:25:23.454] [WARN] access - GET /api/user/userInfo
[2017-12-25 13:25:23.460] [INFO] access - GET /api/act/tpl/24
[2017-12-25 13:30:18.163] [WARN] access - GET /api/menu/listsTree
[2017-12-25 13:30:18.174] [WARN] access - GET /api/user/userInfo
[2017-12-25 13:30:18.184] [INFO] access - GET /api/act/tpl/24
[2017-12-25 13:36:00.461] [WARN] access - GET /api/menu/listsTree
[2017-12-25 13:36:00.471] [WARN] access - GET /api/user/userInfo
[2017-12-25 13:36:00.478] [INFO] access - GET /api/act/tpl/24
[2017-12-25 13:42:03.199] [WARN] access - GET /api/menu/listsTree
[2017-12-25 13:42:03.205] [WARN] access - GET /api/user/userInfo
[2017-12-25 13:42:03.211] [INFO] access - GET /api/act/tpl/24
[2017-12-25 13:43:04.370] [WARN] access - GET /api/menu/listsTree
[2017-12-25 13:43:04.382] [WARN] access - GET /api/user/userInfo
[2017-12-25 13:43:04.398] [INFO] access - GET /api/act/tpl/24
[2017-12-25 13:43:06.116] [WARN] access - GET /api/menu/listsTree
[2017-12-25 13:43:06.121] [WARN] access - GET /api/user/userInfo
[2017-12-25 13:43:06.138] [INFO] access - GET /api/act/tpl/24
[2017-12-25 14:00:44.734] [WARN] access - GET /api/menu/listsTree
[2017-12-25 14:00:44.743] [WARN] access - GET /api/user/userInfo
[2017-12-25 14:00:44.748] [INFO] access - GET /api/act/tpl/24
[2017-12-25 14:02:41.965] [WARN] access - GET /api/menu/listsTree
[2017-12-25 14:02:41.971] [WARN] access - GET /api/user/userInfo
[2017-12-25 14:02:41.979] [INFO] access - GET /api/act/tpl/24
[2017-12-25 14:09:57.669] [WARN] access - GET /api/menu/listsTree
[2017-12-25 14:09:57.712] [WARN] access - GET /api/user/userInfo
[2017-12-25 14:09:57.793] [INFO] access - GET /api/act/tpl/24
[2017-12-25 14:11:02.486] [WARN] access - GET /api/menu/listsTree
[2017-12-25 14:11:02.491] [WARN] access - GET /api/user/userInfo
[2017-12-25 14:11:02.515] [INFO] access - GET /api/act/tpl/24
[2017-12-25 14:11:32.853] [WARN] access - GET /api/menu/listsTree
[2017-12-25 14:11:32.858] [WARN] access - GET /api/user/userInfo
[2017-12-25 14:11:32.872] [INFO] access - GET /api/act/tpl/24
[2017-12-25 14:12:55.522] [WARN] access - GET /api/menu/listsTree
[2017-12-25 14:12:55.527] [WARN] access - GET /api/user/userInfo
[2017-12-25 14:12:55.532] [INFO] access - GET /api/act/tpl/24
[2017-12-25 14:13:50.621] [WARN] access - GET /api/menu/listsTree
[2017-12-25 14:13:50.636] [WARN] access - GET /api/user/userInfo
[2017-12-25 14:13:50.645] [INFO] access - GET /api/act/tpl/24
[2017-12-25 14:15:53.856] [WARN] access - GET /api/menu/listsTree
[2017-12-25 14:15:53.868] [WARN] access - GET /api/user/userInfo
[2017-12-25 14:15:53.878] [INFO] access - GET /api/act/tpl/24
[2017-12-25 14:18:10.916] [WARN] access - GET /api/menu/listsTree
[2017-12-25 14:18:10.923] [WARN] access - GET /api/user/userInfo
[2017-12-25 14:18:10.929] [INFO] access - GET /api/act/tpl/24
[2017-12-25 14:18:55.142] [WARN] access - GET /api/menu/listsTree
[2017-12-25 14:18:55.151] [WARN] access - GET /api/user/userInfo
[2017-12-25 14:18:55.161] [INFO] access - GET /api/act/tpl/24
[2017-12-25 14:19:34.913] [WARN] access - GET /api/menu/listsTree
[2017-12-25 14:19:34.920] [WARN] access - GET /api/user/userInfo
[2017-12-25 14:19:34.936] [INFO] access - GET /api/act/tpl/24
[2017-12-25 14:23:12.335] [WARN] access - GET /api/menu/listsTree
[2017-12-25 14:23:12.345] [WARN] access - GET /api/user/userInfo
[2017-12-25 14:23:12.353] [INFO] access - GET /api/act/tpl/24
[2017-12-25 14:23:28.297] [WARN] access - GET /api/menu/listsTree
[2017-12-25 14:23:28.302] [WARN] access - GET /api/user/userInfo
[2017-12-25 14:23:28.317] [INFO] access - GET /api/act/tpl/24
[2017-12-25 14:24:24.996] [WARN] access - GET /api/menu/listsTree
[2017-12-25 14:24:25.006] [WARN] access - GET /api/user/userInfo
[2017-12-25 14:24:25.016] [INFO] access - GET /api/act/tpl/24
[2017-12-25 14:26:32.799] [WARN] access - GET /api/menu/listsTree
[2017-12-25 14:26:32.806] [WARN] access - GET /api/user/userInfo
[2017-12-25 14:26:32.811] [INFO] access - GET /api/act/tpl/24
[2017-12-25 14:28:34.975] [WARN] access - GET /api/menu/listsTree
[2017-12-25 14:28:34.983] [WARN] access - GET /api/user/userInfo
[2017-12-25 14:28:34.988] [INFO] access - GET /api/act/tpl/24
[2017-12-25 14:30:58.146] [INFO] access - POST /api/act/draft
[2017-12-25 14:30:58.536] [INFO] access - GET /api/act/lists?keys=&pageSize=15&pageIndex=1
[2017-12-25 14:31:02.227] [INFO] access - DELETE /api/act/54
[2017-12-25 14:31:02.255] [INFO] access - GET /api/act/lists?keys=&pageSize=15&pageIndex=1
[2017-12-25 14:31:06.794] [WARN] access - GET /api/act/tpl/lists
[2017-12-25 14:31:06.920] [WARN] access - GET /images/act_tpl_image/1512978692388.jpg
[2017-12-25 14:31:09.439] [INFO] access - GET /api/act/tpl/24
[2017-12-25 15:06:53.730] [WARN] access - GET /api/menu/listsTree
[2017-12-25 15:06:53.747] [WARN] access - GET /api/user/userInfo
[2017-12-25 15:06:53.757] [INFO] access - GET /api/act/tpl/24
[2017-12-25 15:07:30.445] [WARN] access - GET /api/menu/listsTree
[2017-12-25 15:07:30.458] [WARN] access - GET /api/user/userInfo
[2017-12-25 15:07:30.464] [INFO] access - GET /api/act/tpl/24
[2017-12-25 15:07:59.007] [WARN] access - GET /api/menu/listsTree
[2017-12-25 15:07:59.013] [WARN] access - GET /api/user/userInfo
[2017-12-25 15:07:59.031] [INFO] access - GET /api/act/tpl/24
[2017-12-25 15:08:43.659] [WARN] access - GET /api/menu/listsTree
[2017-12-25 15:08:43.665] [WARN] access - GET /api/user/userInfo
[2017-12-25 15:08:43.705] [INFO] access - GET /api/act/tpl/24
[2017-12-25 15:12:41.248] [WARN] access - GET /api/menu/listsTree
[2017-12-25 15:12:41.256] [WARN] access - GET /api/user/userInfo
[2017-12-25 15:12:41.262] [INFO] access - GET /api/act/tpl/24
[2017-12-25 15:13:34.453] [WARN] access - GET /api/menu/listsTree
[2017-12-25 15:13:34.463] [WARN] access - GET /api/user/userInfo
[2017-12-25 15:13:34.470] [INFO] access - GET /api/act/tpl/24
[2017-12-25 15:13:36.924] [WARN] access - GET /api/menu/listsTree
[2017-12-25 15:13:36.930] [WARN] access - GET /api/user/userInfo
[2017-12-25 15:13:36.944] [INFO] access - GET /api/act/tpl/24
[2017-12-25 15:13:50.996] [WARN] access - GET /api/menu/listsTree
[2017-12-25 15:13:51.002] [WARN] access - GET /api/user/userInfo
[2017-12-25 15:13:51.018] [INFO] access - GET /api/act/tpl/24
[2017-12-25 15:15:25.283] [WARN] access - GET /api/menu/listsTree
[2017-12-25 15:15:25.293] [WARN] access - GET /api/user/userInfo
[2017-12-25 15:15:25.304] [INFO] access - GET /api/act/tpl/24
[2017-12-25 15:15:26.625] [WARN] access - GET /api/menu/listsTree
[2017-12-25 15:15:26.634] [WARN] access - GET /api/user/userInfo
[2017-12-25 15:15:26.647] [INFO] access - GET /api/act/tpl/24
[2017-12-25 15:24:27.574] [WARN] access - GET /api/menu/listsTree
[2017-12-25 15:24:27.580] [WARN] access - GET /api/user/userInfo
[2017-12-25 15:24:27.585] [INFO] access - GET /api/act/tpl/24
[2017-12-25 15:26:32.292] [WARN] access - GET /api/menu/listsTree
[2017-12-25 15:26:32.307] [WARN] access - GET /api/user/userInfo
[2017-12-25 15:26:32.319] [INFO] access - GET /api/act/tpl/24
[2017-12-25 15:28:07.095] [INFO] access - POST /api/act/upload
[2017-12-25 15:29:40.798] [WARN] access - GET /api/menu/listsTree
[2017-12-25 15:29:40.804] [WARN] access - GET /api/user/userInfo
[2017-12-25 15:29:40.810] [INFO] access - GET /api/act/tpl/24
[2017-12-25 15:29:51.085] [INFO] access - POST /api/act/upload
[2017-12-25 15:32:05.996] [WARN] access - GET /api/menu/listsTree
[2017-12-25 15:32:06.005] [WARN] access - GET /api/user/userInfo
[2017-12-25 15:32:06.011] [INFO] access - GET /api/act/tpl/24
[2017-12-25 15:32:18.634] [INFO] access - POST /api/act/upload
[2017-12-25 15:34:42.967] [INFO] access - POST /api/act/upload
[2017-12-25 15:41:30.496] [WARN] access - GET /api/act/tpl/lists
[2017-12-25 15:41:30.658] [WARN] access - GET /images/act_tpl_image/1512978692388.jpg
[2017-12-25 15:41:32.333] [INFO] access - GET /api/act/tpl/25
[2017-12-25 15:41:59.917] [WARN] access - GET /api/act/tpl/lists
[2017-12-25 15:42:06.104] [INFO] access - GET /api/act/tpl/24
[2017-12-25 15:44:10.046] [INFO] access - GET /api/act/tpl/24
[2017-12-25 15:44:20.331] [WARN] access - GET /api/menu/listsTree
[2017-12-25 15:44:20.336] [WARN] access - GET /api/user/userInfo
[2017-12-25 15:44:20.366] [INFO] access - GET /api/act/tpl/24
[2017-12-25 15:44:48.413] [INFO] access - GET /api/act/tpl/24
[2017-12-25 15:45:02.242] [WARN] access - GET /api/menu/listsTree
[2017-12-25 15:45:02.247] [WARN] access - GET /api/user/userInfo
[2017-12-25 15:45:02.260] [INFO] access - GET /api/act/tpl/24
[2017-12-25 15:45:34.602] [INFO] access - GET /api/act/tpl/24
[2017-12-25 15:45:37.542] [WARN] access - GET /api/menu/listsTree
[2017-12-25 15:45:37.557] [WARN] access - GET /api/user/userInfo
[2017-12-25 15:45:37.572] [INFO] access - GET /api/act/tpl/24
[2017-12-25 15:46:52.091] [WARN] access - GET /api/menu/listsTree
[2017-12-25 15:46:52.104] [WARN] access - GET /api/user/userInfo
[2017-12-25 15:46:52.115] [INFO] access - GET /api/act/tpl/24
[2017-12-25 15:49:08.694] [WARN] access - GET /api/menu/listsTree
[2017-12-25 15:49:08.701] [WARN] access - GET /api/user/userInfo
[2017-12-25 15:49:08.708] [INFO] access - GET /api/act/tpl/24
[2017-12-25 15:49:28.148] [INFO] access - GET /api/act/tpl/24
[2017-12-25 15:49:29.820] [WARN] access - GET /api/menu/listsTree
[2017-12-25 15:49:29.825] [WARN] access - GET /api/user/userInfo
[2017-12-25 15:49:29.839] [INFO] access - GET /api/act/tpl/24
[2017-12-25 15:50:08.156] [WARN] access - GET /api/menu/listsTree
[2017-12-25 15:50:08.163] [WARN] access - GET /api/user/userInfo
[2017-12-25 15:50:08.168] [INFO] access - GET /api/act/tpl/24
[2017-12-25 15:50:47.684] [INFO] access - GET /api/act/tpl/24
[2017-12-25 15:50:51.282] [WARN] access - GET /api/menu/listsTree
[2017-12-25 15:50:51.288] [WARN] access - GET /api/user/userInfo
[2017-12-25 15:50:51.306] [INFO] access - GET /api/act/tpl/24
[2017-12-25 16:02:33.168] [WARN] access - GET /api/menu/listsTree
[2017-12-25 16:02:33.176] [WARN] access - GET /api/user/userInfo
[2017-12-25 16:02:33.183] [INFO] access - GET /api/act/tpl/24
[2017-12-25 16:06:34.578] [WARN] access - GET /api/menu/listsTree
[2017-12-25 16:06:34.584] [WARN] access - GET /api/user/userInfo
[2017-12-25 16:06:34.588] [INFO] access - GET /api/act/tpl/24
[2017-12-25 16:07:25.629] [WARN] access - GET /api/menu/listsTree
[2017-12-25 16:07:25.635] [WARN] access - GET /api/user/userInfo
[2017-12-25 16:07:25.662] [INFO] access - GET /api/act/tpl/24
[2017-12-25 16:07:50.755] [WARN] access - GET /api/menu/listsTree
[2017-12-25 16:07:50.760] [WARN] access - GET /api/user/userInfo
[2017-12-25 16:07:50.778] [INFO] access - GET /api/act/tpl/24
[2017-12-25 16:08:08.888] [WARN] access - GET /api/menu/listsTree
[2017-12-25 16:08:08.893] [WARN] access - GET /api/user/userInfo
[2017-12-25 16:08:08.943] [INFO] access - GET /api/act/tpl/24
[2017-12-25 16:09:02.825] [INFO] access - GET /api/act/tpl/24
