[2017-12-06 11:38:40.695] [WARN] access - GET /api/user/userInfo
[2017-12-06 11:38:40.718] [INFO] access - GET /api/menu/listsTree
[2017-12-06 11:38:43.765] [WARN] access - GET /api/menu/listsTree
[2017-12-06 11:38:43.771] [WARN] access - GET /api/user/userInfo
[2017-12-06 11:38:43.788] [INFO] access - GET /api/act/components/lists?keys=
[2017-12-06 11:38:44.299] [INFO] access - GET /api/act/components/lists?keys=
[2017-12-06 11:39:20.496] [INFO] access - POST /api/act/components/add
[2017-12-06 11:39:20.556] [INFO] access - GET /api/act/components/lists?keys=
[2017-12-06 11:39:32.188] [INFO] access - DELETE /api/act/components/images
[2017-12-06 11:39:32.224] [WARN] access - GET /api/act/components/lists?keys=
[2017-12-06 11:40:02.199] [WARN] access - GET /api/user/userInfo
[2017-12-06 11:40:02.204] [WARN] access - GET /api/menu/listsTree
[2017-12-06 11:40:02.216] [WARN] access - GET /api/act/components/lists?keys=
[2017-12-06 11:40:05.550] [INFO] access - DELETE /api/act/components/images
[2017-12-06 11:40:05.575] [WARN] access - GET /api/act/components/lists?keys=
[2017-12-06 11:40:16.938] [INFO] access - DELETE /api/act/components/images
[2017-12-06 11:40:16.970] [WARN] access - GET /api/act/components/lists?keys=
[2017-12-06 11:40:32.598] [INFO] access - GET /api/act/lists?keys=&pageSize=15&pageIndex=1
[2017-12-06 12:00:16.701] [WARN] access - GET /api/act/components/lists?keys=
[2017-12-06 12:00:53.648] [INFO] access - POST /api/act/components/update
[2017-12-06 12:00:53.689] [WARN] access - GET /api/act/components/lists?keys=
[2017-12-06 12:01:23.642] [INFO] access - GET /api/act/components/lists?keys=age
[2017-12-06 13:46:02.125] [WARN] access - GET /api/user/userInfo
[2017-12-06 13:46:02.134] [WARN] access - GET /api/menu/listsTree
[2017-12-06 13:46:02.141] [WARN] access - GET /api/act/components/lists?keys=
[2017-12-06 13:46:05.809] [ERROR] access - DELETE /api/act/components/images
[2017-12-06 14:34:52.487] [INFO] access - GET /api/act/tpl/lists
[2017-12-06 14:34:54.015] [INFO] access - GET /api/act/lists?keys=&pageSize=15&pageIndex=1
[2017-12-06 14:34:54.592] [WARN] access - GET /api/act/tpl/lists
[2017-12-06 14:34:56.005] [WARN] access - GET /api/act/components/lists?keys=
[2017-12-06 14:35:07.362] [INFO] access - POST /api/act/components/add
[2017-12-06 14:35:07.454] [INFO] access - GET /api/act/components/lists?keys=
[2017-12-06 14:35:11.662] [INFO] access - DELETE /api/act/components/registers
[2017-12-06 14:35:11.705] [INFO] access - GET /api/act/components/lists?keys=
[2017-12-06 14:50:37.412] [ERROR] access - GET /api/act/tpl/lists
[2017-12-06 14:51:02.419] [ERROR] access - GET /api/act/components/lists?keys=
[2017-12-06 14:59:39.105] [INFO] access - GET /api/user/userInfo
[2017-12-06 14:59:39.117] [WARN] access - GET /api/menu/listsTree
[2017-12-06 14:59:40.144] [WARN] access - GET /api/menu/listsTree
[2017-12-06 14:59:40.150] [WARN] access - GET /api/user/userInfo
[2017-12-06 14:59:40.160] [INFO] access - GET /api/act/components/lists?keys=
[2017-12-06 14:59:49.060] [INFO] access - GET /api/act/tpl/lists
[2017-12-06 14:59:51.360] [WARN] access - GET /api/act/lists?keys=&pageSize=15&pageIndex=1
[2017-12-06 14:59:52.273] [WARN] access - GET /api/act/tpl/lists
[2017-12-06 14:59:55.011] [WARN] access - GET /api/act/components/lists?keys=
[2017-12-06 14:59:55.951] [WARN] access - GET /api/act/tpl/lists
[2017-12-06 15:01:11.077] [WARN] access - GET /api/act/lists?keys=&pageSize=15&pageIndex=1
[2017-12-06 15:01:13.515] [WARN] access - GET /api/act/tpl/lists
[2017-12-06 15:01:22.906] [INFO] access - GET /api/act/components/lists?keys=
[2017-12-06 15:01:23.520] [WARN] access - GET /api/menu/listsTree
[2017-12-06 15:01:23.534] [WARN] access - GET /api/user/userInfo
[2017-12-06 15:01:23.541] [INFO] access - GET /api/act/components/lists?keys=
[2017-12-06 15:29:15.656] [ERROR] access - GET /temp/20171128165634/tit_1511859499297.png
[2017-12-06 15:29:15.662] [ERROR] access - GET /temp/20171128165634/time_1511859503627.png
[2017-12-06 15:29:15.667] [ERROR] access - GET /temp/20171128165634/rules_1511859508530.png
[2017-12-06 15:29:15.673] [ERROR] access - GET /temp/20171128165634/btn_1511859529227.png
[2017-12-06 15:35:34.915] [ERROR] access - GET /temp/20171128165634/tit_1511859499297.png
[2017-12-06 15:35:34.922] [ERROR] access - GET /temp/20171128165634/time_1511859503627.png
[2017-12-06 15:35:34.929] [ERROR] access - GET /temp/20171128165634/rules_1511859508530.png
[2017-12-06 15:35:34.933] [ERROR] access - GET /temp/20171128165634/btn_1511859529227.png
[2017-12-06 15:35:35.280] [ERROR] access - GET /temp/20171128165634/tit_1511859499297.png
[2017-12-06 15:35:35.286] [ERROR] access - GET /temp/20171128165634/time_1511859503627.png
[2017-12-06 15:35:35.291] [ERROR] access - GET /temp/20171128165634/rules_1511859508530.png
[2017-12-06 15:37:58.862] [ERROR] access - GET /temp/20171128165634/tit_1511859499297.png
[2017-12-06 15:37:58.869] [ERROR] access - GET /temp/20171128165634/time_1511859503627.png
[2017-12-06 15:37:58.874] [ERROR] access - GET /temp/20171128165634/rules_1511859508530.png
[2017-12-06 15:37:58.880] [ERROR] access - GET /temp/20171128165634/btn_1511859529227.png
[2017-12-06 15:46:48.644] [ERROR] access - GET /temp/20171128165634/tit_1511859499297.png
[2017-12-06 15:46:48.656] [ERROR] access - GET /temp/20171128165634/time_1511859503627.png
[2017-12-06 15:46:48.663] [ERROR] access - GET /temp/20171128165634/rules_1511859508530.png
[2017-12-06 15:46:48.669] [ERROR] access - GET /temp/20171128165634/btn_1511859529227.png
[2017-12-06 15:49:36.980] [ERROR] access - GET /temp/20171128165634/tit_1511859499297.png
[2017-12-06 15:49:36.985] [ERROR] access - GET /temp/20171128165634/time_1511859503627.png
[2017-12-06 15:49:36.991] [ERROR] access - GET /temp/20171128165634/rules_1511859508530.png
[2017-12-06 15:49:36.998] [ERROR] access - GET /temp/20171128165634/btn_1511859529227.png
[2017-12-06 15:49:39.190] [ERROR] access - GET /temp/20171128165634/tit_1511859499297.png
[2017-12-06 15:49:39.209] [ERROR] access - GET /temp/20171128165634/time_1511859503627.png
[2017-12-06 15:49:39.214] [ERROR] access - GET /temp/20171128165634/rules_1511859508530.png
[2017-12-06 15:49:39.222] [ERROR] access - GET /temp/20171128165634/btn_1511859529227.png
[2017-12-06 15:49:40.621] [ERROR] access - GET /temp/20171128165634/tit_1511859499297.png
[2017-12-06 15:49:40.650] [ERROR] access - GET /temp/20171128165634/time_1511859503627.png
[2017-12-06 15:49:40.657] [ERROR] access - GET /temp/20171128165634/rules_1511859508530.png
[2017-12-06 15:49:40.662] [ERROR] access - GET /temp/20171128165634/btn_1511859529227.png
[2017-12-06 15:50:30.678] [ERROR] access - GET /temp/20171128165634/rules_1511859508530.png
[2017-12-06 15:50:30.683] [ERROR] access - GET /temp/20171128165634/time_1511859503627.png
[2017-12-06 15:50:30.696] [ERROR] access - GET /temp/20171128165634/btn_1511859529227.png
[2017-12-06 15:50:31.287] [ERROR] access - GET /temp/20171128165634/tit_1511859499297.png
[2017-12-06 15:50:31.292] [ERROR] access - GET /temp/20171128165634/time_1511859503627.png
[2017-12-06 15:50:31.298] [ERROR] access - GET /temp/20171128165634/rules_1511859508530.png
[2017-12-06 15:50:33.049] [ERROR] access - GET /temp/20171128165634/btn_1511859529227.png
[2017-12-06 15:50:33.055] [ERROR] access - GET /temp/20171128165634/time_1511859503627.png
[2017-12-06 15:51:28.975] [ERROR] access - GET /temp/20171128165634/time_1511859503627.png
[2017-12-06 15:51:28.983] [ERROR] access - GET /temp/20171128165634/btn_1511859529227.png
[2017-12-06 15:51:28.990] [ERROR] access - GET /temp/20171128165634/rules_1511859508530.png
[2017-12-06 15:52:20.136] [ERROR] access - GET /temp/20171128165634/time_1511859503627.png
[2017-12-06 15:52:20.141] [ERROR] access - GET /temp/20171128165634/rules_1511859508530.png
[2017-12-06 15:52:20.793] [ERROR] access - GET /temp/20171128165634/rules_1511859508530.png
[2017-12-06 16:04:03.564] [ERROR] access - GET /temp/20171128165634/time_1511859503627.png
[2017-12-06 16:04:03.585] [ERROR] access - GET /temp/20171128165634/rules_1511859508530.png
[2017-12-06 16:04:03.595] [ERROR] access - GET /temp/20171128165634/btn_1511859529227.png
[2017-12-06 16:11:02.635] [ERROR] access - GET /temp/20171128165634/tit_1511859499297.png
[2017-12-06 16:11:02.731] [ERROR] access - GET /temp/20171128165634/time_1511859503627.png
[2017-12-06 16:11:02.737] [ERROR] access - GET /temp/20171128165634/rules_1511859508530.png
[2017-12-06 16:11:02.743] [ERROR] access - GET /temp/20171128165634/btn_1511859529227.png
[2017-12-06 16:11:21.517] [ERROR] access - GET /temp/20171128165634/tit_1511859499297.png
[2017-12-06 16:11:21.553] [ERROR] access - GET /temp/20171128165634/time_1511859503627.png
[2017-12-06 16:11:21.559] [ERROR] access - GET /temp/20171128165634/rules_1511859508530.png
[2017-12-06 16:11:21.565] [ERROR] access - GET /temp/20171128165634/btn_1511859529227.png
[2017-12-06 16:11:34.890] [ERROR] access - GET /temp/20171128165634/tit_1511859499297.png
[2017-12-06 16:11:34.895] [ERROR] access - GET /temp/20171128165634/time_1511859503627.png
[2017-12-06 16:11:34.910] [ERROR] access - GET /temp/20171128165634/rules_1511859508530.png
[2017-12-06 16:11:34.915] [ERROR] access - GET /temp/20171128165634/btn_1511859529227.png
[2017-12-06 16:18:47.298] [ERROR] access - GET /temp/20171128165634/tit_1511859499297.png
[2017-12-06 16:18:47.304] [ERROR] access - GET /temp/20171128165634/time_1511859503627.png
[2017-12-06 16:18:47.308] [ERROR] access - GET /temp/20171128165634/rules_1511859508530.png
[2017-12-06 16:18:47.313] [ERROR] access - GET /temp/20171128165634/btn_1511859529227.png
[2017-12-06 16:18:53.381] [ERROR] access - GET /temp/20171128165634/tit_1511859499297.png
[2017-12-06 16:18:53.387] [ERROR] access - GET /temp/20171128165634/time_1511859503627.png
[2017-12-06 16:18:53.394] [ERROR] access - GET /temp/20171128165634/rules_1511859508530.png
[2017-12-06 16:18:53.399] [ERROR] access - GET /temp/20171128165634/btn_1511859529227.png
[2017-12-06 16:19:41.601] [ERROR] access - GET /temp/20171128165634/tit_1511859499297.png
[2017-12-06 16:19:41.623] [ERROR] access - GET /temp/20171128165634/time_1511859503627.png
[2017-12-06 16:19:41.628] [ERROR] access - GET /temp/20171128165634/rules_1511859508530.png
[2017-12-06 16:19:41.634] [ERROR] access - GET /temp/20171128165634/btn_1511859529227.png
[2017-12-06 16:20:43.413] [ERROR] access - GET /temp/20171128165634/tit_1511859499297.png
[2017-12-06 16:20:43.420] [ERROR] access - GET /temp/20171128165634/time_1511859503627.png
[2017-12-06 16:20:43.427] [ERROR] access - GET /temp/20171128165634/rules_1511859508530.png
[2017-12-06 16:20:43.436] [ERROR] access - GET /temp/20171128165634/btn_1511859529227.png
[2017-12-06 16:21:20.480] [ERROR] access - GET /temp/20171128165634/tit_1511859499297.png
[2017-12-06 16:21:20.524] [ERROR] access - GET /temp/20171128165634/time_1511859503627.png
[2017-12-06 16:21:20.529] [ERROR] access - GET /temp/20171128165634/rules_1511859508530.png
[2017-12-06 16:21:20.535] [ERROR] access - GET /temp/20171128165634/btn_1511859529227.png
[2017-12-06 16:21:35.373] [ERROR] access - GET /temp/20171128165634/tit_1511859499297.png
[2017-12-06 16:21:35.407] [ERROR] access - GET /temp/20171128165634/rules_1511859508530.png
[2017-12-06 16:21:35.416] [ERROR] access - GET /temp/20171128165634/time_1511859503627.png
[2017-12-06 16:21:35.422] [ERROR] access - GET /temp/20171128165634/btn_1511859529227.png
[2017-12-06 16:21:55.093] [ERROR] access - GET /temp/20171128165634/tit_1511859499297.png
[2017-12-06 16:21:55.186] [ERROR] access - GET /temp/20171128165634/time_1511859503627.png
[2017-12-06 16:40:50.494] [ERROR] access - GET /temp/20171128165634/tit_1511859499297.png
[2017-12-06 16:40:50.545] [ERROR] access - GET /temp/20171128165634/rules_1511859508530.png
[2017-12-06 16:40:50.553] [ERROR] access - GET /temp/20171128165634/time_1511859503627.png
[2017-12-06 16:40:50.562] [ERROR] access - GET /temp/20171128165634/btn_1511859529227.png
[2017-12-06 16:43:30.618] [ERROR] access - GET /temp/20171128165634/tit_1511859499297.png
[2017-12-06 16:43:30.626] [ERROR] access - GET /temp/20171128165634/time_1511859503627.png
[2017-12-06 16:43:30.648] [ERROR] access - GET /temp/20171128165634/rules_1511859508530.png
[2017-12-06 16:43:30.655] [ERROR] access - GET /temp/20171128165634/btn_1511859529227.png
[2017-12-06 18:10:44.993] [ERROR] access - GET /temp/20171128165634/tit_1511859499297.png
[2017-12-06 18:10:45.021] [ERROR] access - GET /temp/20171128165634/time_1511859503627.png
[2017-12-06 18:10:45.025] [ERROR] access - GET /temp/20171128165634/rules_1511859508530.png
[2017-12-06 18:10:45.034] [ERROR] access - GET /temp/20171128165634/btn_1511859529227.png
[2017-12-06 18:11:01.722] [ERROR] access - GET /temp/20171128165634/tit_1511859499297.png
[2017-12-06 18:11:01.751] [ERROR] access - GET /temp/20171128165634/time_1511859503627.png
[2017-12-06 18:11:01.756] [ERROR] access - GET /temp/20171128165634/btn_1511859529227.png
[2017-12-06 18:11:01.764] [ERROR] access - GET /temp/20171128165634/rules_1511859508530.png
[2017-12-06 18:57:09.934] [ERROR] access - GET /temp/20171128165634/tit_1511859499297.png
[2017-12-06 18:57:09.960] [ERROR] access - GET /temp/20171128165634/time_1511859503627.png
[2017-12-06 18:57:09.966] [ERROR] access - GET /temp/20171128165634/btn_1511859529227.png
[2017-12-06 18:57:09.971] [ERROR] access - GET /temp/20171128165634/rules_1511859508530.png
[2017-12-06 18:57:39.848] [ERROR] access - GET /temp/20171128165634/tit_1511859499297.png
[2017-12-06 18:57:39.882] [ERROR] access - GET /temp/20171128165634/time_1511859503627.png
[2017-12-06 18:57:39.888] [ERROR] access - GET /temp/20171128165634/rules_1511859508530.png
[2017-12-06 18:57:39.893] [ERROR] access - GET /temp/20171128165634/btn_1511859529227.png
[2017-12-06 18:58:33.823] [ERROR] access - GET /temp/20171128165634/tit_1511859499297.png
[2017-12-06 18:58:33.830] [ERROR] access - GET /temp/20171128165634/time_1511859503627.png
[2017-12-06 18:58:33.835] [ERROR] access - GET /temp/20171128165634/rules_1511859508530.png
[2017-12-06 18:58:33.841] [ERROR] access - GET /temp/20171128165634/btn_1511859529227.png
[2017-12-06 19:00:33.806] [ERROR] access - GET /temp/20171128165634/tit_1511859499297.png
[2017-12-06 19:00:33.812] [ERROR] access - GET /temp/20171128165634/time_1511859503627.png
[2017-12-06 19:00:33.823] [ERROR] access - GET /temp/20171128165634/rules_1511859508530.png
[2017-12-06 19:00:33.827] [ERROR] access - GET /temp/20171128165634/btn_1511859529227.png
[2017-12-06 19:00:35.301] [ERROR] access - GET /temp/20171128165634/tit_1511859499297.png
[2017-12-06 19:00:35.305] [ERROR] access - GET /temp/20171128165634/rules_1511859508530.png
[2017-12-06 19:00:35.311] [ERROR] access - GET /temp/20171128165634/time_1511859503627.png
[2017-12-06 19:00:35.316] [ERROR] access - GET /temp/20171128165634/btn_1511859529227.png
[2017-12-06 19:00:53.477] [ERROR] access - GET /temp/20171128165634/tit_1511859499297.png
[2017-12-06 19:00:53.515] [ERROR] access - GET /temp/20171128165634/time_1511859503627.png
[2017-12-06 19:00:53.519] [ERROR] access - GET /temp/20171128165634/rules_1511859508530.png
[2017-12-06 19:00:53.523] [ERROR] access - GET /temp/20171128165634/btn_1511859529227.png
[2017-12-06 19:01:22.635] [ERROR] access - GET /temp/20171128165634/tit_1511859499297.png
[2017-12-06 19:01:22.660] [ERROR] access - GET /temp/20171128165634/time_1511859503627.png
[2017-12-06 19:01:22.667] [ERROR] access - GET /temp/20171128165634/rules_1511859508530.png
[2017-12-06 19:01:22.672] [ERROR] access - GET /temp/20171128165634/btn_1511859529227.png
[2017-12-06 19:01:52.764] [ERROR] access - GET /temp/20171128165634/tit_1511859499297.png
[2017-12-06 19:01:52.789] [ERROR] access - GET /temp/20171128165634/rules_1511859508530.png
[2017-12-06 19:01:52.795] [ERROR] access - GET /temp/20171128165634/time_1511859503627.png
[2017-12-06 19:01:52.800] [ERROR] access - GET /temp/20171128165634/btn_1511859529227.png
[2017-12-06 19:01:53.214] [ERROR] access - GET /temp/20171128165634/tit_1511859499297.png
[2017-12-06 19:01:53.237] [ERROR] access - GET /temp/20171128165634/btn_1511859529227.png
[2017-12-06 19:01:53.243] [ERROR] access - GET /temp/20171128165634/rules_1511859508530.png
[2017-12-06 19:01:53.248] [ERROR] access - GET /temp/20171128165634/time_1511859503627.png
[2017-12-06 19:02:28.139] [ERROR] access - GET /temp/20171128165634/tit_1511859499297.png
[2017-12-06 19:02:28.169] [ERROR] access - GET /temp/20171128165634/rules_1511859508530.png
[2017-12-06 19:02:28.174] [ERROR] access - GET /temp/20171128165634/time_1511859503627.png
[2017-12-06 19:02:28.179] [ERROR] access - GET /temp/20171128165634/btn_1511859529227.png
[2017-12-06 19:04:17.157] [ERROR] access - GET /temp/20171128165634/tit_1511859499297.png
[2017-12-06 19:04:17.179] [ERROR] access - GET /temp/20171128165634/time_1511859503627.png
[2017-12-06 19:04:17.185] [ERROR] access - GET /temp/20171128165634/rules_1511859508530.png
[2017-12-06 19:04:17.192] [ERROR] access - GET /temp/20171128165634/btn_1511859529227.png
[2017-12-06 19:07:36.435] [ERROR] access - GET /temp/20171128165634/tit_1511859499297.png
[2017-12-06 19:07:36.467] [ERROR] access - GET /temp/20171128165634/time_1511859503627.png
[2017-12-06 19:07:36.472] [ERROR] access - GET /temp/20171128165634/rules_1511859508530.png
[2017-12-06 19:07:36.477] [ERROR] access - GET /temp/20171128165634/btn_1511859529227.png
[2017-12-06 19:08:51.669] [ERROR] access - GET /temp/20171128165634/tit_1511859499297.png
[2017-12-06 19:08:51.676] [ERROR] access - GET /temp/20171128165634/time_1511859503627.png
[2017-12-06 19:08:51.681] [ERROR] access - GET /temp/20171128165634/rules_1511859508530.png
[2017-12-06 19:08:51.687] [ERROR] access - GET /temp/20171128165634/btn_1511859529227.png
[2017-12-06 19:08:57.403] [ERROR] access - GET /temp/20171128165634/tit_1511859499297.png
[2017-12-06 19:08:57.430] [ERROR] access - GET /temp/20171128165634/time_1511859503627.png
[2017-12-06 19:08:57.438] [ERROR] access - GET /temp/20171128165634/rules_1511859508530.png
[2017-12-06 19:08:57.442] [ERROR] access - GET /temp/20171128165634/btn_1511859529227.png
[2017-12-06 19:12:18.830] [ERROR] access - GET /temp/20171128165634/tit_1511859499297.png
[2017-12-06 19:12:18.855] [ERROR] access - GET /temp/20171128165634/time_1511859503627.png
[2017-12-06 19:12:18.870] [ERROR] access - GET /temp/20171128165634/rules_1511859508530.png
[2017-12-06 19:12:18.875] [ERROR] access - GET /temp/20171128165634/btn_1511859529227.png
[2017-12-06 19:12:26.900] [ERROR] access - GET /temp/20171128165634/tit_1511859499297.png
[2017-12-06 19:12:26.928] [ERROR] access - GET /temp/20171128165634/time_1511859503627.png
[2017-12-06 19:12:26.938] [ERROR] access - GET /temp/20171128165634/rules_1511859508530.png
[2017-12-06 19:12:26.943] [ERROR] access - GET /temp/20171128165634/btn_1511859529227.png
[2017-12-06 19:12:30.495] [ERROR] access - GET /temp/20171128165634/tit_1511859499297.png
[2017-12-06 19:12:30.511] [ERROR] access - GET /temp/20171128165634/time_1511859503627.png
[2017-12-06 19:12:30.536] [ERROR] access - GET /temp/20171128165634/rules_1511859508530.png
[2017-12-06 19:12:30.541] [ERROR] access - GET /temp/20171128165634/btn_1511859529227.png
[2017-12-06 19:12:39.315] [ERROR] access - GET /temp/20171128165634/tit_1511859499297.png
[2017-12-06 19:12:39.346] [ERROR] access - GET /temp/20171128165634/time_1511859503627.png
[2017-12-06 19:12:39.351] [ERROR] access - GET /temp/20171128165634/rules_1511859508530.png
[2017-12-06 19:12:39.356] [ERROR] access - GET /temp/20171128165634/btn_1511859529227.png
[2017-12-06 19:12:40.601] [ERROR] access - GET /temp/20171128165634/tit_1511859499297.png
[2017-12-06 19:12:40.626] [ERROR] access - GET /temp/20171128165634/time_1511859503627.png
[2017-12-06 19:12:40.633] [ERROR] access - GET /temp/20171128165634/btn_1511859529227.png
[2017-12-06 19:12:40.638] [ERROR] access - GET /temp/20171128165634/rules_1511859508530.png
[2017-12-06 19:13:27.198] [ERROR] access - GET /temp/20171128165634/tit_1511859499297.png
[2017-12-06 19:13:27.205] [ERROR] access - GET /temp/20171128165634/time_1511859503627.png
[2017-12-06 19:13:27.209] [ERROR] access - GET /temp/20171128165634/rules_1511859508530.png
[2017-12-06 19:13:27.217] [ERROR] access - GET /temp/20171128165634/btn_1511859529227.png
[2017-12-06 19:14:15.345] [ERROR] access - GET /temp/20171128165634/tit_1511859499297.png
[2017-12-06 19:14:15.386] [ERROR] access - GET /temp/20171128165634/time_1511859503627.png
[2017-12-06 19:14:15.393] [ERROR] access - GET /temp/20171128165634/rules_1511859508530.png
[2017-12-06 19:14:15.401] [ERROR] access - GET /temp/20171128165634/btn_1511859529227.png
[2017-12-06 19:14:52.843] [ERROR] access - GET /temp/20171128165634/tit_1511859499297.png
[2017-12-06 19:14:52.854] [ERROR] access - GET /temp/20171128165634/rules_1511859508530.png
[2017-12-06 19:14:52.869] [ERROR] access - GET /temp/20171128165634/time_1511859503627.png
[2017-12-06 19:14:52.878] [ERROR] access - GET /temp/20171128165634/btn_1511859529227.png
[2017-12-06 19:15:36.275] [ERROR] access - GET /temp/20171128165634/tit_1511859499297.png
[2017-12-06 19:15:36.309] [ERROR] access - GET /temp/20171128165634/time_1511859503627.png
[2017-12-06 19:15:36.314] [ERROR] access - GET /temp/20171128165634/rules_1511859508530.png
[2017-12-06 19:15:36.319] [ERROR] access - GET /temp/20171128165634/btn_1511859529227.png
[2017-12-06 19:20:33.160] [ERROR] access - GET /temp/20171128165634/tit_1511859499297.png
[2017-12-06 19:20:33.169] [ERROR] access - GET /temp/20171128165634/time_1511859503627.png
[2017-12-06 19:20:33.174] [ERROR] access - GET /temp/20171128165634/rules_1511859508530.png
[2017-12-06 19:20:33.179] [ERROR] access - GET /temp/20171128165634/btn_1511859529227.png
[2017-12-06 19:20:58.052] [ERROR] access - GET /temp/20171128165634/tit_1511859499297.png
[2017-12-06 19:20:58.085] [ERROR] access - GET /temp/20171128165634/time_1511859503627.png
[2017-12-06 19:20:58.091] [ERROR] access - GET /temp/20171128165634/rules_1511859508530.png
[2017-12-06 19:20:58.096] [ERROR] access - GET /temp/20171128165634/btn_1511859529227.png
[2017-12-06 19:21:03.596] [ERROR] access - GET /temp/20171128165634/tit_1511859499297.png
[2017-12-06 19:21:03.620] [ERROR] access - GET /temp/20171128165634/time_1511859503627.png
[2017-12-06 19:21:03.625] [ERROR] access - GET /temp/20171128165634/btn_1511859529227.png
[2017-12-06 19:21:03.630] [ERROR] access - GET /temp/20171128165634/rules_1511859508530.png
[2017-12-06 19:21:19.568] [ERROR] access - GET /temp/20171128165634/tit_1511859499297.png
[2017-12-06 19:21:19.592] [ERROR] access - GET /temp/20171128165634/time_1511859503627.png
[2017-12-06 19:21:19.609] [ERROR] access - GET /temp/20171128165634/rules_1511859508530.png
[2017-12-06 19:21:19.616] [ERROR] access - GET /temp/20171128165634/btn_1511859529227.png
[2017-12-06 19:21:37.601] [ERROR] access - GET /temp/20171128165634/tit_1511859499297.png
[2017-12-06 19:21:37.613] [ERROR] access - GET /temp/20171128165634/time_1511859503627.png
[2017-12-06 19:21:37.620] [ERROR] access - GET /temp/20171128165634/rules_1511859508530.png
[2017-12-06 19:21:37.624] [ERROR] access - GET /temp/20171128165634/btn_1511859529227.png
[2017-12-06 19:21:54.708] [ERROR] access - GET /temp/20171128165634/tit_1511859499297.png
[2017-12-06 19:21:54.736] [ERROR] access - GET /temp/20171128165634/time_1511859503627.png
[2017-12-06 19:21:54.742] [ERROR] access - GET /temp/20171128165634/btn_1511859529227.png
[2017-12-06 19:21:54.748] [ERROR] access - GET /temp/20171128165634/rules_1511859508530.png
[2017-12-06 19:31:20.780] [ERROR] access - GET /temp/20171128165634/tit_1511859499297.png
[2017-12-06 19:31:20.785] [ERROR] access - GET /temp/20171128165634/time_1511859503627.png
[2017-12-06 19:31:20.790] [ERROR] access - GET /temp/20171128165634/rules_1511859508530.png
[2017-12-06 19:31:20.794] [ERROR] access - GET /temp/20171128165634/btn_1511859529227.png
[2017-12-06 19:35:21.144] [ERROR] access - GET /temp/20171128165634/tit_1511859499297.png
[2017-12-06 19:35:21.154] [ERROR] access - GET /temp/20171128165634/time_1511859503627.png
[2017-12-06 19:35:21.159] [ERROR] access - GET /temp/20171128165634/rules_1511859508530.png
[2017-12-06 19:35:21.165] [ERROR] access - GET /temp/20171128165634/btn_1511859529227.png
[2017-12-06 19:35:23.525] [ERROR] access - GET /temp/20171128165634/tit_1511859499297.png
[2017-12-06 19:35:23.555] [ERROR] access - GET /temp/20171128165634/time_1511859503627.png
[2017-12-06 19:35:23.559] [ERROR] access - GET /temp/20171128165634/rules_1511859508530.png
[2017-12-06 19:35:23.564] [ERROR] access - GET /temp/20171128165634/btn_1511859529227.png
[2017-12-06 19:35:29.558] [ERROR] access - GET /temp/20171128165634/tit_1511859499297.png
[2017-12-06 19:35:29.618] [ERROR] access - GET /temp/20171128165634/time_1511859503627.png
[2017-12-06 19:35:29.623] [ERROR] access - GET /temp/20171128165634/rules_1511859508530.png
[2017-12-06 19:35:29.631] [ERROR] access - GET /temp/20171128165634/btn_1511859529227.png
[2017-12-06 19:35:49.546] [ERROR] access - GET /temp/20171128165634/tit_1511859499297.png
[2017-12-06 19:35:49.572] [ERROR] access - GET /temp/20171128165634/time_1511859503627.png
[2017-12-06 19:35:49.577] [ERROR] access - GET /temp/20171128165634/rules_1511859508530.png
[2017-12-06 19:35:49.585] [ERROR] access - GET /temp/20171128165634/btn_1511859529227.png
[2017-12-06 19:51:50.754] [ERROR] access - GET /temp/20171128165634/tit_1511859499297.png
[2017-12-06 19:51:50.759] [ERROR] access - GET /temp/20171128165634/time_1511859503627.png
[2017-12-06 19:51:50.765] [ERROR] access - GET /temp/20171128165634/rules_1511859508530.png
[2017-12-06 19:51:50.770] [ERROR] access - GET /temp/20171128165634/btn_1511859529227.png
[2017-12-06 19:52:23.065] [ERROR] access - GET /temp/20171128165634/tit_1511859499297.png
[2017-12-06 19:52:23.095] [ERROR] access - GET /temp/20171128165634/time_1511859503627.png
[2017-12-06 19:52:23.100] [ERROR] access - GET /temp/20171128165634/rules_1511859508530.png
[2017-12-06 19:52:23.106] [ERROR] access - GET /temp/20171128165634/btn_1511859529227.png
[2017-12-06 19:52:41.738] [ERROR] access - GET /temp/20171128165634/tit_1511859499297.png
[2017-12-06 19:52:41.761] [ERROR] access - GET /temp/20171128165634/time_1511859503627.png
[2017-12-06 19:52:41.766] [ERROR] access - GET /temp/20171128165634/rules_1511859508530.png
[2017-12-06 19:52:41.771] [ERROR] access - GET /temp/20171128165634/btn_1511859529227.png
[2017-12-06 19:52:45.181] [ERROR] access - GET /temp/20171128165634/tit_1511859499297.png
[2017-12-06 19:52:45.213] [ERROR] access - GET /temp/20171128165634/time_1511859503627.png
[2017-12-06 19:52:45.218] [ERROR] access - GET /temp/20171128165634/rules_1511859508530.png
[2017-12-06 19:52:45.222] [ERROR] access - GET /temp/20171128165634/btn_1511859529227.png
[2017-12-06 19:52:51.840] [ERROR] access - GET /temp/20171128165634/tit_1511859499297.png
[2017-12-06 19:52:51.866] [ERROR] access - GET /temp/20171128165634/time_1511859503627.png
[2017-12-06 19:52:51.873] [ERROR] access - GET /temp/20171128165634/btn_1511859529227.png
[2017-12-06 19:52:51.877] [ERROR] access - GET /temp/20171128165634/rules_1511859508530.png
[2017-12-06 19:53:07.346] [ERROR] access - GET /temp/20171128165634/tit_1511859499297.png
[2017-12-06 19:53:07.351] [ERROR] access - GET /temp/20171128165634/time_1511859503627.png
[2017-12-06 19:53:07.357] [ERROR] access - GET /temp/20171128165634/rules_1511859508530.png
[2017-12-06 19:53:07.364] [ERROR] access - GET /temp/20171128165634/btn_1511859529227.png
[2017-12-06 19:53:11.589] [ERROR] access - GET /temp/20171128165634/tit_1511859499297.png
[2017-12-06 19:53:11.611] [ERROR] access - GET /temp/20171128165634/time_1511859503627.png
[2017-12-06 19:53:11.622] [ERROR] access - GET /temp/20171128165634/rules_1511859508530.png
[2017-12-06 19:53:11.626] [ERROR] access - GET /temp/20171128165634/btn_1511859529227.png
[2017-12-06 19:53:18.393] [ERROR] access - GET /temp/20171128165634/tit_1511859499297.png
[2017-12-06 19:53:18.417] [ERROR] access - GET /temp/20171128165634/time_1511859503627.png
[2017-12-06 19:53:18.422] [ERROR] access - GET /temp/20171128165634/rules_1511859508530.png
[2017-12-06 19:53:18.428] [ERROR] access - GET /temp/20171128165634/btn_1511859529227.png
[2017-12-06 19:53:23.081] [ERROR] access - GET /temp/20171128165634/tit_1511859499297.png
[2017-12-06 19:53:23.098] [ERROR] access - GET /temp/20171128165634/time_1511859503627.png
[2017-12-06 19:53:23.116] [ERROR] access - GET /temp/20171128165634/rules_1511859508530.png
[2017-12-06 19:53:23.121] [ERROR] access - GET /temp/20171128165634/btn_1511859529227.png
[2017-12-06 19:54:11.417] [ERROR] access - GET /temp/20171128165634/tit_1511859499297.png
[2017-12-06 19:54:11.429] [ERROR] access - GET /temp/20171128165634/time_1511859503627.png
[2017-12-06 19:54:11.434] [ERROR] access - GET /temp/20171128165634/rules_1511859508530.png
[2017-12-06 19:54:11.439] [ERROR] access - GET /temp/20171128165634/btn_1511859529227.png
[2017-12-06 19:54:18.229] [ERROR] access - GET /temp/20171128165634/tit_1511859499297.png
[2017-12-06 19:54:18.255] [ERROR] access - GET /temp/20171128165634/time_1511859503627.png
[2017-12-06 19:54:18.261] [ERROR] access - GET /temp/20171128165634/rules_1511859508530.png
[2017-12-06 19:54:18.266] [ERROR] access - GET /temp/20171128165634/btn_1511859529227.png
[2017-12-06 19:54:22.052] [ERROR] access - GET /temp/20171128165634/tit_1511859499297.png
[2017-12-06 19:54:22.103] [ERROR] access - GET /temp/20171128165634/time_1511859503627.png
[2017-12-06 19:54:22.108] [ERROR] access - GET /temp/20171128165634/rules_1511859508530.png
[2017-12-06 19:54:22.113] [ERROR] access - GET /temp/20171128165634/btn_1511859529227.png
[2017-12-06 19:55:35.956] [ERROR] access - GET /temp/20171128165634/btn_1511859529227.png
[2017-12-06 19:55:36.984] [ERROR] access - GET /temp/20171128165634/tit_1511859499297.png
[2017-12-06 19:55:37.002] [ERROR] access - GET /temp/20171128165634/time_1511859503627.png
[2017-12-06 19:55:37.011] [ERROR] access - GET /temp/20171128165634/btn_1511859529227.png
[2017-12-06 19:55:37.016] [ERROR] access - GET /temp/20171128165634/rules_1511859508530.png
[2017-12-06 20:04:33.615] [ERROR] access - GET /temp/20171128165634/tit_1511859499297.png
[2017-12-06 20:04:33.645] [ERROR] access - GET /temp/20171128165634/time_1511859503627.png
[2017-12-06 20:04:33.649] [ERROR] access - GET /temp/20171128165634/rules_1511859508530.png
[2017-12-06 20:04:33.654] [ERROR] access - GET /temp/20171128165634/btn_1511859529227.png
[2017-12-06 20:20:32.039] [ERROR] access - GET /temp/20171128165634/tit_1511859499297.png
[2017-12-06 20:20:32.081] [ERROR] access - GET /temp/20171128165634/rules_1511859508530.png
[2017-12-06 20:20:32.086] [ERROR] access - GET /temp/20171128165634/time_1511859503627.png
[2017-12-06 20:20:32.091] [ERROR] access - GET /temp/20171128165634/btn_1511859529227.png
[2017-12-06 20:20:33.159] [ERROR] access - GET /temp/20171128165634/tit_1511859499297.png
[2017-12-06 20:20:33.166] [ERROR] access - GET /temp/20171128165634/time_1511859503627.png
[2017-12-06 20:20:33.171] [ERROR] access - GET /temp/20171128165634/rules_1511859508530.png
[2017-12-06 20:20:33.181] [ERROR] access - GET /temp/20171128165634/btn_1511859529227.png
[2017-12-06 20:20:34.239] [ERROR] access - GET /temp/20171128165634/tit_1511859499297.png
[2017-12-06 20:20:34.272] [ERROR] access - GET /temp/20171128165634/time_1511859503627.png
[2017-12-06 20:20:34.278] [ERROR] access - GET /temp/20171128165634/rules_1511859508530.png
[2017-12-06 20:20:34.283] [ERROR] access - GET /temp/20171128165634/btn_1511859529227.png
[2017-12-06 20:20:35.311] [ERROR] access - GET /temp/20171128165634/tit_1511859499297.png
[2017-12-06 20:20:35.352] [ERROR] access - GET /temp/20171128165634/time_1511859503627.png
[2017-12-06 20:20:35.357] [ERROR] access - GET /temp/20171128165634/rules_1511859508530.png
[2017-12-06 20:20:35.363] [ERROR] access - GET /temp/20171128165634/btn_1511859529227.png
[2017-12-06 20:20:36.342] [ERROR] access - GET /temp/20171128165634/tit_1511859499297.png
[2017-12-06 20:20:36.369] [ERROR] access - GET /temp/20171128165634/btn_1511859529227.png
[2017-12-06 20:20:36.374] [ERROR] access - GET /temp/20171128165634/rules_1511859508530.png
[2017-12-06 20:20:36.380] [ERROR] access - GET /temp/20171128165634/time_1511859503627.png
[2017-12-06 20:20:37.378] [ERROR] access - GET /temp/20171128165634/tit_1511859499297.png
[2017-12-06 20:20:37.411] [ERROR] access - GET /temp/20171128165634/rules_1511859508530.png
[2017-12-06 20:20:37.416] [ERROR] access - GET /temp/20171128165634/time_1511859503627.png
[2017-12-06 20:20:37.422] [ERROR] access - GET /temp/20171128165634/btn_1511859529227.png
[2017-12-06 20:20:38.381] [ERROR] access - GET /temp/20171128165634/tit_1511859499297.png
[2017-12-06 20:20:38.397] [ERROR] access - GET /temp/20171128165634/time_1511859503627.png
[2017-12-06 20:20:38.416] [ERROR] access - GET /temp/20171128165634/btn_1511859529227.png
[2017-12-06 20:20:38.423] [ERROR] access - GET /temp/20171128165634/rules_1511859508530.png
[2017-12-06 20:20:39.494] [ERROR] access - GET /temp/20171128165634/tit_1511859499297.png
[2017-12-06 20:20:39.555] [ERROR] access - GET /temp/20171128165634/time_1511859503627.png
[2017-12-06 20:20:39.561] [ERROR] access - GET /temp/20171128165634/rules_1511859508530.png
[2017-12-06 20:20:39.568] [ERROR] access - GET /temp/20171128165634/btn_1511859529227.png
[2017-12-06 20:20:40.514] [ERROR] access - GET /temp/20171128165634/tit_1511859499297.png
[2017-12-06 20:20:40.545] [ERROR] access - GET /temp/20171128165634/rules_1511859508530.png
[2017-12-06 20:20:40.550] [ERROR] access - GET /temp/20171128165634/time_1511859503627.png
[2017-12-06 20:20:40.555] [ERROR] access - GET /temp/20171128165634/btn_1511859529227.png
[2017-12-06 20:20:41.532] [ERROR] access - GET /temp/20171128165634/tit_1511859499297.png
[2017-12-06 20:20:41.567] [ERROR] access - GET /temp/20171128165634/rules_1511859508530.png
[2017-12-06 20:20:41.574] [ERROR] access - GET /temp/20171128165634/time_1511859503627.png
[2017-12-06 20:20:41.579] [ERROR] access - GET /temp/20171128165634/btn_1511859529227.png
[2017-12-06 20:20:42.559] [ERROR] access - GET /temp/20171128165634/tit_1511859499297.png
[2017-12-06 20:20:42.591] [ERROR] access - GET /temp/20171128165634/rules_1511859508530.png
[2017-12-06 20:20:42.598] [ERROR] access - GET /temp/20171128165634/time_1511859503627.png
[2017-12-06 20:20:42.603] [ERROR] access - GET /temp/20171128165634/btn_1511859529227.png
[2017-12-06 20:20:43.751] [ERROR] access - GET /temp/20171128165634/tit_1511859499297.png
[2017-12-06 20:20:43.759] [ERROR] access - GET /temp/20171128165634/time_1511859503627.png
[2017-12-06 20:20:43.764] [ERROR] access - GET /temp/20171128165634/rules_1511859508530.png
[2017-12-06 20:20:43.769] [ERROR] access - GET /temp/20171128165634/btn_1511859529227.png
[2017-12-06 20:20:44.703] [ERROR] access - GET /temp/20171128165634/tit_1511859499297.png
[2017-12-06 20:20:44.722] [ERROR] access - GET /temp/20171128165634/time_1511859503627.png
[2017-12-06 20:20:44.740] [ERROR] access - GET /temp/20171128165634/btn_1511859529227.png
[2017-12-06 20:20:44.746] [ERROR] access - GET /temp/20171128165634/rules_1511859508530.png
[2017-12-06 20:20:45.769] [ERROR] access - GET /temp/20171128165634/tit_1511859499297.png
[2017-12-06 20:20:45.806] [ERROR] access - GET /temp/20171128165634/time_1511859503627.png
[2017-12-06 20:20:45.812] [ERROR] access - GET /temp/20171128165634/rules_1511859508530.png
[2017-12-06 20:20:45.817] [ERROR] access - GET /temp/20171128165634/btn_1511859529227.png
[2017-12-06 20:20:46.757] [ERROR] access - GET /temp/20171128165634/tit_1511859499297.png
[2017-12-06 20:20:46.773] [ERROR] access - GET /temp/20171128165634/time_1511859503627.png
[2017-12-06 20:20:46.789] [ERROR] access - GET /temp/20171128165634/rules_1511859508530.png
[2017-12-06 20:20:46.794] [ERROR] access - GET /temp/20171128165634/btn_1511859529227.png
[2017-12-06 20:20:47.784] [ERROR] access - GET /temp/20171128165634/tit_1511859499297.png
[2017-12-06 20:20:47.799] [ERROR] access - GET /temp/20171128165634/time_1511859503627.png
[2017-12-06 20:20:47.816] [ERROR] access - GET /temp/20171128165634/rules_1511859508530.png
[2017-12-06 20:20:47.821] [ERROR] access - GET /temp/20171128165634/btn_1511859529227.png
[2017-12-06 20:20:48.895] [ERROR] access - GET /temp/20171128165634/tit_1511859499297.png
[2017-12-06 20:20:48.913] [ERROR] access - GET /temp/20171128165634/time_1511859503627.png
[2017-12-06 20:20:48.930] [ERROR] access - GET /temp/20171128165634/rules_1511859508530.png
[2017-12-06 20:20:48.935] [ERROR] access - GET /temp/20171128165634/btn_1511859529227.png
[2017-12-06 20:20:50.012] [ERROR] access - GET /temp/20171128165634/tit_1511859499297.png
[2017-12-06 20:20:50.049] [ERROR] access - GET /temp/20171128165634/rules_1511859508530.png
[2017-12-06 20:20:50.054] [ERROR] access - GET /temp/20171128165634/time_1511859503627.png
[2017-12-06 20:20:50.060] [ERROR] access - GET /temp/20171128165634/btn_1511859529227.png
[2017-12-06 20:20:51.131] [ERROR] access - GET /temp/20171128165634/tit_1511859499297.png
[2017-12-06 20:20:51.150] [ERROR] access - GET /temp/20171128165634/time_1511859503627.png
[2017-12-06 20:20:51.169] [ERROR] access - GET /temp/20171128165634/btn_1511859529227.png
[2017-12-06 20:20:51.173] [ERROR] access - GET /temp/20171128165634/rules_1511859508530.png
[2017-12-06 20:20:52.151] [ERROR] access - GET /temp/20171128165634/tit_1511859499297.png
[2017-12-06 20:20:52.173] [ERROR] access - GET /temp/20171128165634/time_1511859503627.png
[2017-12-06 20:20:52.179] [ERROR] access - GET /temp/20171128165634/rules_1511859508530.png
[2017-12-06 20:20:52.185] [ERROR] access - GET /temp/20171128165634/btn_1511859529227.png
[2017-12-06 20:20:53.264] [ERROR] access - GET /temp/20171128165634/tit_1511859499297.png
[2017-12-06 20:20:53.281] [ERROR] access - GET /temp/20171128165634/time_1511859503627.png
[2017-12-06 20:20:53.307] [ERROR] access - GET /temp/20171128165634/rules_1511859508530.png
[2017-12-06 20:20:53.312] [ERROR] access - GET /temp/20171128165634/btn_1511859529227.png
[2017-12-06 20:20:54.277] [ERROR] access - GET /temp/20171128165634/tit_1511859499297.png
[2017-12-06 20:20:54.305] [ERROR] access - GET /temp/20171128165634/time_1511859503627.png
[2017-12-06 20:20:54.313] [ERROR] access - GET /temp/20171128165634/rules_1511859508530.png
[2017-12-06 20:20:54.318] [ERROR] access - GET /temp/20171128165634/btn_1511859529227.png
[2017-12-06 20:21:57.753] [ERROR] access - GET /temp/20171128165634/tit_1511859499297.png
[2017-12-06 20:21:57.759] [ERROR] access - GET /temp/20171128165634/time_1511859503627.png
[2017-12-06 20:21:57.763] [ERROR] access - GET /temp/20171128165634/rules_1511859508530.png
[2017-12-06 20:21:57.771] [ERROR] access - GET /temp/20171128165634/btn_1511859529227.png
[2017-12-06 20:22:04.193] [ERROR] access - GET /temp/20171128165634/tit_1511859499297.png
[2017-12-06 20:22:04.228] [ERROR] access - GET /temp/20171128165634/time_1511859503627.png
[2017-12-06 20:22:04.234] [ERROR] access - GET /temp/20171128165634/rules_1511859508530.png
[2017-12-06 20:22:04.239] [ERROR] access - GET /temp/20171128165634/btn_1511859529227.png
[2017-12-06 20:26:34.657] [ERROR] access - GET /temp/20171128165634/tit_1511859499297.png
[2017-12-06 20:26:34.683] [ERROR] access - GET /temp/20171128165634/time_1511859503627.png
[2017-12-06 20:26:34.692] [ERROR] access - GET /temp/20171128165634/rules_1511859508530.png
[2017-12-06 20:26:34.697] [ERROR] access - GET /temp/20171128165634/btn_1511859529227.png
[2017-12-06 20:26:35.673] [ERROR] access - GET /temp/20171128165634/tit_1511859499297.png
[2017-12-06 20:26:35.718] [ERROR] access - GET /temp/20171128165634/time_1511859503627.png
[2017-12-06 20:26:35.724] [ERROR] access - GET /temp/20171128165634/rules_1511859508530.png
[2017-12-06 20:26:35.730] [ERROR] access - GET /temp/20171128165634/btn_1511859529227.png
[2017-12-06 20:26:36.785] [ERROR] access - GET /temp/20171128165634/tit_1511859499297.png
[2017-12-06 20:26:36.830] [ERROR] access - GET /temp/20171128165634/time_1511859503627.png
[2017-12-06 20:26:36.838] [ERROR] access - GET /temp/20171128165634/rules_1511859508530.png
[2017-12-06 20:26:36.843] [ERROR] access - GET /temp/20171128165634/btn_1511859529227.png
[2017-12-06 20:26:37.910] [ERROR] access - GET /temp/20171128165634/tit_1511859499297.png
[2017-12-06 20:26:37.930] [ERROR] access - GET /temp/20171128165634/time_1511859503627.png
[2017-12-06 20:26:37.951] [ERROR] access - GET /temp/20171128165634/rules_1511859508530.png
[2017-12-06 20:26:37.969] [ERROR] access - GET /temp/20171128165634/btn_1511859529227.png
[2017-12-06 20:26:39.003] [ERROR] access - GET /temp/20171128165634/tit_1511859499297.png
[2017-12-06 20:26:39.040] [ERROR] access - GET /temp/20171128165634/time_1511859503627.png
[2017-12-06 20:26:39.046] [ERROR] access - GET /temp/20171128165634/rules_1511859508530.png
[2017-12-06 20:26:39.052] [ERROR] access - GET /temp/20171128165634/btn_1511859529227.png
[2017-12-06 20:26:40.103] [ERROR] access - GET /temp/20171128165634/tit_1511859499297.png
[2017-12-06 20:26:40.134] [ERROR] access - GET /temp/20171128165634/time_1511859503627.png
[2017-12-06 20:26:40.141] [ERROR] access - GET /temp/20171128165634/rules_1511859508530.png
[2017-12-06 20:26:40.149] [ERROR] access - GET /temp/20171128165634/btn_1511859529227.png
[2017-12-06 20:26:57.459] [ERROR] access - GET /temp/20171128165634/tit_1511859499297.png
[2017-12-06 20:26:57.495] [ERROR] access - GET /temp/20171128165634/time_1511859503627.png
[2017-12-06 20:26:57.500] [ERROR] access - GET /temp/20171128165634/rules_1511859508530.png
[2017-12-06 20:26:57.507] [ERROR] access - GET /temp/20171128165634/btn_1511859529227.png
[2017-12-06 20:26:58.487] [ERROR] access - GET /temp/20171128165634/tit_1511859499297.png
[2017-12-06 20:26:58.519] [ERROR] access - GET /temp/20171128165634/time_1511859503627.png
[2017-12-06 20:26:58.526] [ERROR] access - GET /temp/20171128165634/btn_1511859529227.png
[2017-12-06 20:26:58.531] [ERROR] access - GET /temp/20171128165634/rules_1511859508530.png
[2017-12-06 20:26:59.608] [ERROR] access - GET /temp/20171128165634/tit_1511859499297.png
[2017-12-06 20:26:59.637] [ERROR] access - GET /temp/20171128165634/time_1511859503627.png
[2017-12-06 20:26:59.645] [ERROR] access - GET /temp/20171128165634/rules_1511859508530.png
[2017-12-06 20:26:59.650] [ERROR] access - GET /temp/20171128165634/btn_1511859529227.png
[2017-12-06 20:27:00.722] [ERROR] access - GET /temp/20171128165634/tit_1511859499297.png
[2017-12-06 20:27:00.753] [ERROR] access - GET /temp/20171128165634/time_1511859503627.png
[2017-12-06 20:27:00.760] [ERROR] access - GET /temp/20171128165634/rules_1511859508530.png
[2017-12-06 20:27:00.766] [ERROR] access - GET /temp/20171128165634/btn_1511859529227.png
[2017-12-06 20:27:01.747] [ERROR] access - GET /temp/20171128165634/tit_1511859499297.png
[2017-12-06 20:27:01.770] [ERROR] access - GET /temp/20171128165634/time_1511859503627.png
[2017-12-06 20:27:01.777] [ERROR] access - GET /temp/20171128165634/rules_1511859508530.png
[2017-12-06 20:27:01.782] [ERROR] access - GET /temp/20171128165634/btn_1511859529227.png
[2017-12-06 20:27:02.847] [ERROR] access - GET /temp/20171128165634/tit_1511859499297.png
[2017-12-06 20:27:02.878] [ERROR] access - GET /temp/20171128165634/time_1511859503627.png
[2017-12-06 20:27:02.883] [ERROR] access - GET /temp/20171128165634/rules_1511859508530.png
[2017-12-06 20:27:02.888] [ERROR] access - GET /temp/20171128165634/btn_1511859529227.png
[2017-12-06 20:27:03.863] [ERROR] access - GET /temp/20171128165634/tit_1511859499297.png
[2017-12-06 20:27:03.892] [ERROR] access - GET /temp/20171128165634/rules_1511859508530.png
[2017-12-06 20:27:03.897] [ERROR] access - GET /temp/20171128165634/time_1511859503627.png
[2017-12-06 20:27:03.902] [ERROR] access - GET /temp/20171128165634/btn_1511859529227.png
[2017-12-06 20:27:04.995] [ERROR] access - GET /temp/20171128165634/tit_1511859499297.png
[2017-12-06 20:27:05.016] [ERROR] access - GET /temp/20171128165634/time_1511859503627.png
[2017-12-06 20:27:05.032] [ERROR] access - GET /temp/20171128165634/rules_1511859508530.png
[2017-12-06 20:27:05.037] [ERROR] access - GET /temp/20171128165634/btn_1511859529227.png
[2017-12-06 20:27:06.020] [ERROR] access - GET /temp/20171128165634/tit_1511859499297.png
[2017-12-06 20:27:06.047] [ERROR] access - GET /temp/20171128165634/time_1511859503627.png
[2017-12-06 20:27:06.053] [ERROR] access - GET /temp/20171128165634/rules_1511859508530.png
[2017-12-06 20:27:06.059] [ERROR] access - GET /temp/20171128165634/btn_1511859529227.png
[2017-12-06 20:27:07.035] [ERROR] access - GET /temp/20171128165634/tit_1511859499297.png
[2017-12-06 20:27:07.050] [ERROR] access - GET /temp/20171128165634/time_1511859503627.png
[2017-12-06 20:27:07.073] [ERROR] access - GET /temp/20171128165634/rules_1511859508530.png
[2017-12-06 20:27:07.080] [ERROR] access - GET /temp/20171128165634/btn_1511859529227.png
[2017-12-06 20:28:19.317] [ERROR] access - GET /temp/20171128165634/tit_1511859499297.png
[2017-12-06 20:28:19.347] [ERROR] access - GET /temp/20171128165634/time_1511859503627.png
[2017-12-06 20:28:19.351] [ERROR] access - GET /temp/20171128165634/btn_1511859529227.png
[2017-12-06 20:28:19.357] [ERROR] access - GET /temp/20171128165634/rules_1511859508530.png
[2017-12-06 20:28:20.423] [ERROR] access - GET /temp/20171128165634/tit_1511859499297.png
[2017-12-06 20:28:20.470] [ERROR] access - GET /temp/20171128165634/time_1511859503627.png
[2017-12-06 20:28:20.475] [ERROR] access - GET /temp/20171128165634/rules_1511859508530.png
[2017-12-06 20:28:20.481] [ERROR] access - GET /temp/20171128165634/btn_1511859529227.png
[2017-12-06 20:28:21.532] [ERROR] access - GET /temp/20171128165634/tit_1511859499297.png
[2017-12-06 20:28:21.562] [ERROR] access - GET /temp/20171128165634/time_1511859503627.png
[2017-12-06 20:28:21.567] [ERROR] access - GET /temp/20171128165634/rules_1511859508530.png
[2017-12-06 20:28:21.573] [ERROR] access - GET /temp/20171128165634/btn_1511859529227.png
[2017-12-06 20:28:22.558] [ERROR] access - GET /temp/20171128165634/tit_1511859499297.png
[2017-12-06 20:28:22.589] [ERROR] access - GET /temp/20171128165634/time_1511859503627.png
[2017-12-06 20:28:22.595] [ERROR] access - GET /temp/20171128165634/rules_1511859508530.png
[2017-12-06 20:28:22.600] [ERROR] access - GET /temp/20171128165634/btn_1511859529227.png
[2017-12-06 20:28:23.581] [ERROR] access - GET /temp/20171128165634/tit_1511859499297.png
[2017-12-06 20:28:23.614] [ERROR] access - GET /temp/20171128165634/time_1511859503627.png
[2017-12-06 20:28:23.621] [ERROR] access - GET /temp/20171128165634/rules_1511859508530.png
[2017-12-06 20:28:23.627] [ERROR] access - GET /temp/20171128165634/btn_1511859529227.png
[2017-12-06 20:28:24.595] [ERROR] access - GET /temp/20171128165634/tit_1511859499297.png
[2017-12-06 20:28:24.625] [ERROR] access - GET /temp/20171128165634/time_1511859503627.png
[2017-12-06 20:28:24.631] [ERROR] access - GET /temp/20171128165634/rules_1511859508530.png
[2017-12-06 20:28:24.638] [ERROR] access - GET /temp/20171128165634/btn_1511859529227.png
[2017-12-06 20:28:25.633] [ERROR] access - GET /temp/20171128165634/tit_1511859499297.png
[2017-12-06 20:28:25.663] [ERROR] access - GET /temp/20171128165634/time_1511859503627.png
[2017-12-06 20:28:25.670] [ERROR] access - GET /temp/20171128165634/rules_1511859508530.png
[2017-12-06 20:28:25.676] [ERROR] access - GET /temp/20171128165634/btn_1511859529227.png
[2017-12-06 20:28:26.646] [ERROR] access - GET /temp/20171128165634/tit_1511859499297.png
[2017-12-06 20:28:26.673] [ERROR] access - GET /temp/20171128165634/time_1511859503627.png
[2017-12-06 20:28:26.678] [ERROR] access - GET /temp/20171128165634/rules_1511859508530.png
[2017-12-06 20:28:26.682] [ERROR] access - GET /temp/20171128165634/btn_1511859529227.png
[2017-12-06 20:28:27.770] [ERROR] access - GET /temp/20171128165634/tit_1511859499297.png
[2017-12-06 20:28:27.799] [ERROR] access - GET /temp/20171128165634/time_1511859503627.png
[2017-12-06 20:28:27.806] [ERROR] access - GET /temp/20171128165634/btn_1511859529227.png
[2017-12-06 20:28:27.812] [ERROR] access - GET /temp/20171128165634/rules_1511859508530.png
[2017-12-06 20:28:28.800] [ERROR] access - GET /temp/20171128165634/tit_1511859499297.png
[2017-12-06 20:28:28.827] [ERROR] access - GET /temp/20171128165634/rules_1511859508530.png
[2017-12-06 20:28:28.833] [ERROR] access - GET /temp/20171128165634/time_1511859503627.png
[2017-12-06 20:28:28.838] [ERROR] access - GET /temp/20171128165634/btn_1511859529227.png
[2017-12-06 20:28:29.906] [ERROR] access - GET /temp/20171128165634/tit_1511859499297.png
[2017-12-06 20:28:29.929] [ERROR] access - GET /temp/20171128165634/rules_1511859508530.png
[2017-12-06 20:28:29.937] [ERROR] access - GET /temp/20171128165634/time_1511859503627.png
[2017-12-06 20:28:29.942] [ERROR] access - GET /temp/20171128165634/btn_1511859529227.png
[2017-12-06 20:29:29.221] [ERROR] access - GET /temp/20171128165634/tit_1511859499297.png
[2017-12-06 20:29:29.259] [ERROR] access - GET /temp/20171128165634/time_1511859503627.png
[2017-12-06 20:29:29.265] [ERROR] access - GET /temp/20171128165634/rules_1511859508530.png
[2017-12-06 20:29:29.271] [ERROR] access - GET /temp/20171128165634/btn_1511859529227.png
[2017-12-06 20:29:30.309] [ERROR] access - GET /temp/20171128165634/tit_1511859499297.png
[2017-12-06 20:29:30.354] [ERROR] access - GET /temp/20171128165634/time_1511859503627.png
[2017-12-06 20:29:30.359] [ERROR] access - GET /temp/20171128165634/rules_1511859508530.png
[2017-12-06 20:29:30.366] [ERROR] access - GET /temp/20171128165634/btn_1511859529227.png
[2017-12-06 20:29:31.435] [ERROR] access - GET /temp/20171128165634/tit_1511859499297.png
[2017-12-06 20:29:31.475] [ERROR] access - GET /temp/20171128165634/time_1511859503627.png
[2017-12-06 20:29:31.481] [ERROR] access - GET /temp/20171128165634/rules_1511859508530.png
[2017-12-06 20:29:31.485] [ERROR] access - GET /temp/20171128165634/btn_1511859529227.png
[2017-12-06 20:29:32.533] [ERROR] access - GET /temp/20171128165634/tit_1511859499297.png
[2017-12-06 20:29:32.591] [ERROR] access - GET /temp/20171128165634/time_1511859503627.png
[2017-12-06 20:29:32.596] [ERROR] access - GET /temp/20171128165634/rules_1511859508530.png
[2017-12-06 20:29:32.604] [ERROR] access - GET /temp/20171128165634/btn_1511859529227.png
[2017-12-06 20:29:33.653] [ERROR] access - GET /temp/20171128165634/tit_1511859499297.png
[2017-12-06 20:29:33.688] [ERROR] access - GET /temp/20171128165634/time_1511859503627.png
[2017-12-06 20:29:33.693] [ERROR] access - GET /temp/20171128165634/rules_1511859508530.png
[2017-12-06 20:29:33.700] [ERROR] access - GET /temp/20171128165634/btn_1511859529227.png
[2017-12-06 20:29:34.773] [ERROR] access - GET /temp/20171128165634/tit_1511859499297.png
[2017-12-06 20:29:34.805] [ERROR] access - GET /temp/20171128165634/rules_1511859508530.png
[2017-12-06 20:29:34.811] [ERROR] access - GET /temp/20171128165634/time_1511859503627.png
[2017-12-06 20:29:34.823] [ERROR] access - GET /temp/20171128165634/btn_1511859529227.png
[2017-12-06 20:29:35.812] [ERROR] access - GET /temp/20171128165634/tit_1511859499297.png
[2017-12-06 20:29:35.847] [ERROR] access - GET /temp/20171128165634/time_1511859503627.png
[2017-12-06 20:29:35.854] [ERROR] access - GET /temp/20171128165634/rules_1511859508530.png
[2017-12-06 20:29:35.859] [ERROR] access - GET /temp/20171128165634/btn_1511859529227.png
[2017-12-06 20:29:36.928] [ERROR] access - GET /temp/20171128165634/tit_1511859499297.png
[2017-12-06 20:29:36.956] [ERROR] access - GET /temp/20171128165634/time_1511859503627.png
[2017-12-06 20:29:36.964] [ERROR] access - GET /temp/20171128165634/btn_1511859529227.png
[2017-12-06 20:29:36.968] [ERROR] access - GET /temp/20171128165634/rules_1511859508530.png
[2017-12-06 20:29:37.958] [ERROR] access - GET /temp/20171128165634/tit_1511859499297.png
[2017-12-06 20:29:37.986] [ERROR] access - GET /temp/20171128165634/btn_1511859529227.png
[2017-12-06 20:29:37.991] [ERROR] access - GET /temp/20171128165634/rules_1511859508530.png
[2017-12-06 20:29:37.999] [ERROR] access - GET /temp/20171128165634/time_1511859503627.png
[2017-12-06 20:29:39.078] [ERROR] access - GET /temp/20171128165634/tit_1511859499297.png
[2017-12-06 20:29:39.109] [ERROR] access - GET /temp/20171128165634/rules_1511859508530.png
[2017-12-06 20:29:39.118] [ERROR] access - GET /temp/20171128165634/time_1511859503627.png
[2017-12-06 20:29:39.122] [ERROR] access - GET /temp/20171128165634/btn_1511859529227.png
[2017-12-06 20:29:40.092] [ERROR] access - GET /temp/20171128165634/tit_1511859499297.png
[2017-12-06 20:29:40.121] [ERROR] access - GET /temp/20171128165634/time_1511859503627.png
[2017-12-06 20:29:40.126] [ERROR] access - GET /temp/20171128165634/rules_1511859508530.png
[2017-12-06 20:29:40.133] [ERROR] access - GET /temp/20171128165634/btn_1511859529227.png
[2017-12-06 20:29:41.254] [ERROR] access - GET /temp/20171128165634/tit_1511859499297.png
[2017-12-06 20:29:41.269] [ERROR] access - GET /temp/20171128165634/time_1511859503627.png
[2017-12-06 20:29:41.293] [ERROR] access - GET /temp/20171128165634/rules_1511859508530.png
[2017-12-06 20:29:41.300] [ERROR] access - GET /temp/20171128165634/btn_1511859529227.png
[2017-12-06 20:29:42.318] [ERROR] access - GET /temp/20171128165634/tit_1511859499297.png
[2017-12-06 20:29:42.344] [ERROR] access - GET /temp/20171128165634/time_1511859503627.png
[2017-12-06 20:29:42.351] [ERROR] access - GET /temp/20171128165634/rules_1511859508530.png
[2017-12-06 20:29:42.356] [ERROR] access - GET /temp/20171128165634/btn_1511859529227.png
[2017-12-06 20:29:43.369] [ERROR] access - GET /temp/20171128165634/tit_1511859499297.png
[2017-12-06 20:29:43.389] [ERROR] access - GET /temp/20171128165634/time_1511859503627.png
[2017-12-06 20:29:43.395] [ERROR] access - GET /temp/20171128165634/rules_1511859508530.png
[2017-12-06 20:29:43.401] [ERROR] access - GET /temp/20171128165634/btn_1511859529227.png
[2017-12-06 20:29:44.460] [ERROR] access - GET /temp/20171128165634/tit_1511859499297.png
[2017-12-06 20:29:44.478] [ERROR] access - GET /temp/20171128165634/time_1511859503627.png
[2017-12-06 20:29:44.491] [ERROR] access - GET /temp/20171128165634/rules_1511859508530.png
[2017-12-06 20:29:44.503] [ERROR] access - GET /temp/20171128165634/btn_1511859529227.png
[2017-12-06 20:29:45.558] [ERROR] access - GET /temp/20171128165634/tit_1511859499297.png
[2017-12-06 20:29:45.579] [ERROR] access - GET /temp/20171128165634/time_1511859503627.png
[2017-12-06 20:29:45.585] [ERROR] access - GET /temp/20171128165634/rules_1511859508530.png
[2017-12-06 20:29:45.590] [ERROR] access - GET /temp/20171128165634/btn_1511859529227.png
