[2017-12-07 11:14:25.816] [ERROR] access - GET /temp/20171128165634/tit_1511859499297.png
[2017-12-07 11:14:25.827] [ERROR] access - GET /temp/20171128165634/time_1511859503627.png
[2017-12-07 11:14:25.833] [ERROR] access - GET /temp/20171128165634/rules_1511859508530.png
[2017-12-07 11:14:25.841] [ERROR] access - GET /temp/20171128165634/btn_1511859529227.png
[2017-12-07 11:17:43.490] [ERROR] access - GET /temp/20171128165634/tit_1511859499297.png
[2017-12-07 11:17:43.496] [ERROR] access - GET /temp/20171128165634/time_1511859503627.png
[2017-12-07 11:17:43.512] [ERROR] access - GET /temp/20171128165634/rules_1511859508530.png
[2017-12-07 11:17:43.517] [ERROR] access - GET /temp/20171128165634/btn_1511859529227.png
[2017-12-07 11:17:47.805] [ERROR] access - GET /temp/20171128165634/tit_1511859499297.png
[2017-12-07 11:17:47.810] [ERROR] access - GET /temp/20171128165634/time_1511859503627.png
[2017-12-07 11:17:47.817] [ERROR] access - GET /temp/20171128165634/rules_1511859508530.png
[2017-12-07 11:17:47.823] [ERROR] access - GET /temp/20171128165634/btn_1511859529227.png
[2017-12-07 11:18:03.348] [ERROR] access - GET /temp/20171128165634/time_1511859503627.png
[2017-12-07 11:46:13.713] [ERROR] access - GET /temp/20171128165634/rules_1511859508530.png
[2017-12-07 11:46:13.719] [ERROR] access - GET /temp/20171128165634/time_1511859503627.png
[2017-12-07 11:46:13.727] [ERROR] access - GET /temp/20171128165634/btn_1511859529227.png
[2017-12-07 11:49:26.629] [ERROR] access - GET /temp/20171128165634/tit_1511859499297.png
[2017-12-07 11:49:26.634] [ERROR] access - GET /temp/20171128165634/time_1511859503627.png
[2017-12-07 11:49:26.642] [ERROR] access - GET /temp/20171128165634/rules_1511859508530.png
[2017-12-07 11:49:26.649] [ERROR] access - GET /temp/20171128165634/btn_1511859529227.png
[2017-12-07 11:51:13.182] [ERROR] access - GET /temp/20171128165634/tit_1511859499297.png
[2017-12-07 11:51:13.187] [ERROR] access - GET /temp/20171128165634/time_1511859503627.png
[2017-12-07 11:51:13.192] [ERROR] access - GET /temp/20171128165634/rules_1511859508530.png
[2017-12-07 11:51:13.198] [ERROR] access - GET /temp/20171128165634/btn_1511859529227.png
[2017-12-07 11:53:58.964] [ERROR] access - GET /temp/20171128165634/tit_1511859499297.png
[2017-12-07 11:53:58.979] [ERROR] access - GET /temp/20171128165634/time_1511859503627.png
[2017-12-07 11:53:58.998] [ERROR] access - GET /temp/20171128165634/btn_1511859529227.png
[2017-12-07 11:53:59.008] [ERROR] access - GET /temp/20171128165634/rules_1511859508530.png
[2017-12-07 11:55:15.872] [ERROR] access - GET /temp/20171128165634/tit_1511859499297.png
[2017-12-07 11:55:15.877] [ERROR] access - GET /temp/20171128165634/time_1511859503627.png
[2017-12-07 11:55:15.882] [ERROR] access - GET /temp/20171128165634/rules_1511859508530.png
[2017-12-07 11:55:15.887] [ERROR] access - GET /temp/20171128165634/btn_1511859529227.png
[2017-12-07 11:57:38.256] [ERROR] access - GET /temp/20171128165634/time_1511859503627.png
[2017-12-07 11:57:38.261] [ERROR] access - GET /temp/20171128165634/rules_1511859508530.png
[2017-12-07 11:57:38.266] [ERROR] access - GET /temp/20171128165634/btn_1511859529227.png
[2017-12-07 11:57:44.912] [ERROR] access - GET /temp/20171128165634/tit_1511859499297.png
[2017-12-07 11:57:44.920] [ERROR] access - GET /temp/20171128165634/time_1511859503627.png
[2017-12-07 11:57:44.929] [ERROR] access - GET /temp/20171128165634/btn_1511859529227.png
[2017-12-07 11:57:44.935] [ERROR] access - GET /temp/20171128165634/rules_1511859508530.png
[2017-12-07 11:59:23.061] [ERROR] access - GET /temp/20171128165634/tit_1511859499297.png
[2017-12-07 11:59:23.067] [ERROR] access - GET /temp/20171128165634/time_1511859503627.png
[2017-12-07 11:59:23.088] [ERROR] access - GET /temp/20171128165634/btn_1511859529227.png
[2017-12-07 11:59:23.093] [ERROR] access - GET /temp/20171128165634/rules_1511859508530.png
[2017-12-07 11:59:25.550] [ERROR] access - GET /temp/20171128165634/tit_1511859499297.png
[2017-12-07 11:59:25.594] [ERROR] access - GET /temp/20171128165634/time_1511859503627.png
[2017-12-07 11:59:25.609] [ERROR] access - GET /temp/20171128165634/rules_1511859508530.png
[2017-12-07 11:59:25.615] [ERROR] access - GET /temp/20171128165634/btn_1511859529227.png
[2017-12-07 11:59:26.979] [ERROR] access - GET /temp/20171128165634/btn_1511859529227.png
[2017-12-07 11:59:28.104] [ERROR] access - GET /temp/20171128165634/tit_1511859499297.png
[2017-12-07 11:59:28.112] [ERROR] access - GET /temp/20171128165634/btn_1511859529227.png
[2017-12-07 11:59:28.119] [ERROR] access - GET /temp/20171128165634/time_1511859503627.png
[2017-12-07 11:59:28.124] [ERROR] access - GET /temp/20171128165634/rules_1511859508530.png
[2017-12-07 11:59:29.213] [ERROR] access - GET /temp/20171128165634/tit_1511859499297.png
[2017-12-07 11:59:29.240] [ERROR] access - GET /temp/20171128165634/time_1511859503627.png
[2017-12-07 11:59:29.246] [ERROR] access - GET /temp/20171128165634/rules_1511859508530.png
[2017-12-07 11:59:29.251] [ERROR] access - GET /temp/20171128165634/btn_1511859529227.png
[2017-12-07 12:00:19.935] [ERROR] access - GET /temp/20171128165634/tit_1511859499297.png
[2017-12-07 12:00:19.954] [ERROR] access - GET /temp/20171128165634/time_1511859503627.png
[2017-12-07 12:00:19.960] [ERROR] access - GET /temp/20171128165634/rules_1511859508530.png
[2017-12-07 12:00:19.966] [ERROR] access - GET /temp/20171128165634/btn_1511859529227.png
[2017-12-07 13:44:41.591] [ERROR] access - GET /temp/20171128165634/tit_1511859499297.png
[2017-12-07 13:44:41.619] [ERROR] access - GET /temp/20171128165634/time_1511859503627.png
[2017-12-07 13:44:41.624] [ERROR] access - GET /temp/20171128165634/rules_1511859508530.png
[2017-12-07 13:44:41.629] [ERROR] access - GET /temp/20171128165634/btn_1511859529227.png
[2017-12-07 13:45:32.092] [ERROR] access - GET /temp/20171128165634/tit_1511859499297.png
[2017-12-07 13:45:32.101] [ERROR] access - GET /temp/20171128165634/time_1511859503627.png
[2017-12-07 13:45:32.107] [ERROR] access - GET /temp/20171128165634/rules_1511859508530.png
[2017-12-07 13:45:32.113] [ERROR] access - GET /temp/20171128165634/btn_1511859529227.png
[2017-12-07 13:46:44.110] [ERROR] access - GET /temp/20171128165634/btn_1511859529227.png
[2017-12-07 13:53:42.060] [ERROR] access - GET /temp/20171128165634/time_1511859503627.png
[2017-12-07 13:53:42.065] [ERROR] access - GET /temp/20171128165634/btn_1511859529227.png
[2017-12-07 13:53:42.070] [ERROR] access - GET /temp/20171128165634/rules_1511859508530.png
[2017-12-07 13:53:48.176] [ERROR] access - GET /temp/20171128165634/tit_1511859499297.png
[2017-12-07 13:53:48.183] [ERROR] access - GET /temp/20171128165634/time_1511859503627.png
[2017-12-07 13:53:48.200] [ERROR] access - GET /temp/20171128165634/rules_1511859508530.png
[2017-12-07 13:53:48.205] [ERROR] access - GET /temp/20171128165634/btn_1511859529227.png
[2017-12-07 13:54:03.322] [ERROR] access - GET /temp/20171128165634/tit_1511859499297.png
[2017-12-07 13:54:03.345] [ERROR] access - GET /temp/20171128165634/time_1511859503627.png
[2017-12-07 13:54:03.351] [ERROR] access - GET /temp/20171128165634/rules_1511859508530.png
[2017-12-07 13:54:03.358] [ERROR] access - GET /temp/20171128165634/btn_1511859529227.png
[2017-12-07 13:59:29.448] [ERROR] access - GET /temp/20171128165634/tit_1511859499297.png
[2017-12-07 13:59:58.399] [ERROR] access - GET /temp/20171128165634/tit_1511859499297.png
[2017-12-07 13:59:58.405] [ERROR] access - GET /temp/20171128165634/time_1511859503627.png
[2017-12-07 13:59:58.467] [ERROR] access - GET /temp/20171128165634/rules_1511859508530.png
[2017-12-07 13:59:58.476] [ERROR] access - GET /temp/20171128165634/btn_1511859529227.png
[2017-12-07 14:04:11.954] [ERROR] access - GET /temp/20171128165634/tit_1511859499297.png
[2017-12-07 14:04:11.991] [ERROR] access - GET /temp/20171128165634/rules_1511859508530.png
[2017-12-07 14:04:11.996] [ERROR] access - GET /temp/20171128165634/time_1511859503627.png
[2017-12-07 14:04:12.002] [ERROR] access - GET /temp/20171128165634/btn_1511859529227.png
[2017-12-07 17:31:58.757] [INFO] access - GET /api/user/userInfo
[2017-12-07 17:31:58.800] [INFO] access - GET /api/menu/listsTree
[2017-12-07 17:32:02.020] [INFO] access - POST /api/signin
[2017-12-07 17:32:06.903] [INFO] access - POST /api/signin
[2017-12-07 17:32:06.987] [WARN] access - GET /api/menu/listsTree
[2017-12-07 17:32:06.995] [WARN] access - GET /api/user/userInfo
[2017-12-07 17:32:11.947] [WARN] access - GET /api/act/components/lists?keys=
[2017-12-07 17:32:13.674] [INFO] access - GET /api/act/tpl/lists
[2017-12-07 17:32:32.255] [WARN] access - GET /api/act/components/lists?keys=
[2017-12-07 17:32:41.416] [INFO] access - POST /api/act/components/update
[2017-12-07 17:32:41.451] [WARN] access - GET /api/act/components/lists?keys=
[2017-12-07 17:33:39.114] [INFO] access - POST /api/act/components/update
[2017-12-07 17:33:39.161] [WARN] access - GET /api/act/components/lists?keys=
[2017-12-07 17:34:39.138] [INFO] access - POST /api/act/components/update
[2017-12-07 17:34:39.186] [WARN] access - GET /api/act/components/lists?keys=
[2017-12-07 17:37:47.642] [WARN] access - GET /api/act/tpl/lists
[2017-12-07 17:38:03.742] [INFO] access - GET /api/act/tpl/15
[2017-12-07 17:38:26.938] [WARN] access - GET /api/act/tpl/lists
[2017-12-07 17:38:29.124] [INFO] access - GET /api/act/tpl/14
[2017-12-07 17:40:22.024] [WARN] access - GET /api/act/tpl/lists
[2017-12-07 17:42:04.471] [INFO] access - POST /api/act/tpl/add
[2017-12-07 17:42:04.776] [INFO] access - GET /api/act/tpl/lists
[2017-12-07 17:42:07.195] [INFO] access - GET /api/act/tpl/16
[2017-12-07 17:43:04.802] [INFO] access - POST /api/act/upload
[2017-12-07 17:45:23.143] [WARN] access - GET /api/user/userInfo
[2017-12-07 17:45:23.164] [WARN] access - GET /api/menu/listsTree
[2017-12-07 17:45:24.000] [WARN] access - GET /api/menu/listsTree
[2017-12-07 17:45:24.031] [WARN] access - GET /api/user/userInfo
[2017-12-07 17:45:24.039] [INFO] access - GET /api/act/tpl/16
[2017-12-07 17:45:28.979] [WARN] access - GET /api/act/tpl/lists
[2017-12-07 17:45:29.066] [WARN] access - GET /images/act_tpl_image/1512639724438.png
[2017-12-07 17:45:30.326] [INFO] access - GET /api/act/tpl/16
[2017-12-07 17:45:39.248] [INFO] access - POST /api/act/upload
[2017-12-07 17:46:07.307] [WARN] access - GET /api/menu/listsTree
[2017-12-07 17:46:07.313] [WARN] access - GET /api/user/userInfo
[2017-12-07 17:46:07.318] [INFO] access - GET /api/act/tpl/16
[2017-12-07 17:46:09.516] [WARN] access - GET /api/menu/listsTree
[2017-12-07 17:46:09.531] [WARN] access - GET /api/user/userInfo
[2017-12-07 17:46:09.537] [INFO] access - GET /api/act/tpl/16
[2017-12-07 17:46:18.251] [INFO] access - POST /api/act/upload
[2017-12-07 17:46:40.031] [INFO] access - POST /api/act/upload
[2017-12-07 18:11:21.825] [INFO] access - GET /api/act/lists?keys=&pageSize=15&pageIndex=1
[2017-12-07 18:28:59.661] [WARN] access - GET /api/user/userInfo
[2017-12-07 18:28:59.684] [WARN] access - GET /api/menu/listsTree
[2017-12-07 18:28:59.940] [WARN] access - GET /api/menu/listsTree
[2017-12-07 18:28:59.947] [WARN] access - GET /api/user/userInfo
[2017-12-07 18:28:59.980] [WARN] access - GET /api/act/lists?keys=&pageSize=15&pageIndex=1
[2017-12-07 18:29:04.453] [WARN] access - GET /api/act/tpl/lists
[2017-12-07 18:29:04.525] [WARN] access - GET /images/act_tpl_image/1512639724438.png
[2017-12-07 18:29:06.214] [INFO] access - GET /api/act/tpl/16
[2017-12-07 18:29:32.271] [INFO] access - POST /api/act/upload
[2017-12-07 18:29:35.404] [ERROR] access - POST /api/act/publish
[2017-12-07 18:33:54.453] [ERROR] access - POST /api/act/publish
[2017-12-07 18:34:08.083] [ERROR] access - POST /api/act/publish
[2017-12-07 18:34:15.136] [ERROR] access - POST /api/act/publish
[2017-12-07 18:35:12.106] [ERROR] access - POST /api/act/publish
[2017-12-07 18:35:12.274] [ERROR] access - POST /api/act/publish
[2017-12-07 18:36:38.984] [ERROR] access - POST /api/act/publish
[2017-12-07 19:00:35.513] [ERROR] access - POST /api/act/publish
[2017-12-07 19:01:43.932] [ERROR] access - POST /api/act/publish
[2017-12-07 19:02:38.092] [ERROR] access - POST /api/act/publish
[2017-12-07 19:03:56.766] [ERROR] access - POST /api/act/publish
[2017-12-07 19:06:58.202] [ERROR] access - POST /api/act/publish
[2017-12-07 19:07:25.872] [ERROR] access - POST /api/act/publish
[2017-12-07 19:10:15.180] [ERROR] access - POST /api/act/publish
[2017-12-07 19:12:12.052] [ERROR] access - POST /api/act/publish
[2017-12-07 19:13:50.706] [ERROR] access - POST /api/act/publish
[2017-12-07 19:14:32.937] [ERROR] access - POST /api/act/publish
[2017-12-07 19:14:51.907] [INFO] access - POST /api/act/upload
[2017-12-07 19:14:54.419] [ERROR] access - POST /api/act/publish
[2017-12-07 19:16:08.402] [INFO] access - POST /api/act/upload
[2017-12-07 19:16:10.288] [ERROR] access - POST /api/act/publish
[2017-12-07 19:41:26.315] [ERROR] access - POST /api/act/publish
[2017-12-07 19:43:53.482] [ERROR] access - POST /api/act/publish
[2017-12-07 19:44:46.219] [ERROR] access - POST /api/act/publish
[2017-12-07 19:45:22.127] [ERROR] access - POST /api/act/publish
[2017-12-07 19:46:41.286] [INFO] access - POST /api/act/upload
[2017-12-07 19:48:11.480] [INFO] access - POST /api/act/publish
[2017-12-07 19:48:11.804] [INFO] access - GET /api/act/lists?keys=&pageSize=15&pageIndex=1
[2017-12-07 19:48:47.090] [INFO] access - GET /api/act/39
[2017-12-07 19:49:08.640] [WARN] access - GET /api/act/lists?keys=&pageSize=15&pageIndex=1
[2017-12-07 19:50:14.315] [INFO] access - GET /api/act/39
[2017-12-07 19:50:24.638] [INFO] access - POST /api/act/upload
[2017-12-07 19:50:27.896] [INFO] access - POST /api/act/publish
[2017-12-07 19:50:28.218] [INFO] access - GET /api/act/lists?keys=&pageSize=15&pageIndex=1
[2017-12-07 19:51:36.217] [INFO] access - GET /api/act/39
[2017-12-07 19:51:44.140] [INFO] access - POST /api/act/upload
[2017-12-07 19:51:47.851] [INFO] access - POST /api/act/publish
[2017-12-07 19:51:48.154] [INFO] access - GET /api/act/lists?keys=&pageSize=15&pageIndex=1
[2017-12-07 20:02:34.032] [WARN] access - GET /api/act/tpl/lists
[2017-12-07 20:02:35.701] [INFO] access - GET /api/act/tpl/16
[2017-12-07 20:02:44.370] [INFO] access - POST /api/act/upload
[2017-12-07 20:02:47.684] [INFO] access - POST /api/act/publish
[2017-12-07 20:02:47.971] [INFO] access - GET /api/act/lists?keys=&pageSize=15&pageIndex=1
[2017-12-07 20:06:08.430] [INFO] access - GET /api/act/40
[2017-12-07 20:07:43.897] [INFO] access - POST /api/act/upload
[2017-12-07 20:07:56.343] [INFO] access - POST /api/act/publish
[2017-12-07 20:07:56.640] [INFO] access - GET /api/act/lists?keys=&pageSize=15&pageIndex=1
[2017-12-07 20:08:22.347] [INFO] access - GET /api/act/40
[2017-12-07 20:08:56.002] [ERROR] access - POST /api/act/publish
[2017-12-07 20:09:01.238] [ERROR] access - POST /api/act/publish
[2017-12-07 20:09:31.482] [ERROR] access - POST /api/act/publish
[2017-12-07 20:09:39.848] [WARN] access - GET /api/act/lists?keys=&pageSize=15&pageIndex=1
[2017-12-07 20:09:46.404] [INFO] access - GET /api/act/40
[2017-12-07 20:09:53.709] [ERROR] access - POST /api/act/publish
[2017-12-07 20:10:47.912] [WARN] access - GET /api/act/tpl/lists
[2017-12-07 20:10:49.513] [INFO] access - GET /api/act/tpl/16
[2017-12-07 20:10:59.487] [INFO] access - POST /api/act/upload
[2017-12-07 20:11:01.607] [INFO] access - POST /api/act/publish
[2017-12-07 20:11:01.910] [INFO] access - GET /api/act/lists?keys=&pageSize=15&pageIndex=1
[2017-12-07 20:11:09.063] [INFO] access - GET /api/act/41
[2017-12-07 20:11:31.958] [INFO] access - POST /api/act/publish
[2017-12-07 20:11:32.239] [INFO] access - GET /api/act/lists?keys=&pageSize=15&pageIndex=1
[2017-12-07 20:11:49.909] [INFO] access - GET /api/act/41
[2017-12-07 20:13:47.400] [WARN] access - GET /api/act/lists?keys=&pageSize=15&pageIndex=1
[2017-12-07 20:18:12.319] [INFO] access - GET /api/act/41
[2017-12-07 20:18:14.473] [INFO] access - POST /api/act/publish
[2017-12-07 20:18:14.761] [INFO] access - GET /api/act/lists?keys=&pageSize=15&pageIndex=1
[2017-12-07 20:18:21.856] [INFO] access - GET /api/act/40
[2017-12-07 20:18:25.105] [ERROR] access - POST /api/act/publish
[2017-12-07 20:18:26.263] [ERROR] access - POST /api/act/publish
[2017-12-07 20:20:00.556] [ERROR] access - POST /api/act/publish
[2017-12-07 20:20:30.167] [ERROR] access - POST /api/act/publish
[2017-12-07 20:21:36.571] [ERROR] access - POST /api/act/publish
[2017-12-07 20:23:20.535] [ERROR] access - POST /api/act/publish
[2017-12-07 20:26:00.237] [ERROR] access - POST /api/act/publish
[2017-12-07 20:28:06.648] [ERROR] access - POST /api/act/publish
[2017-12-07 20:28:50.039] [ERROR] access - POST /api/act/publish
[2017-12-07 20:29:54.790] [ERROR] access - POST /api/act/publish
[2017-12-07 20:31:32.203] [INFO] access - POST /api/act/upload
[2017-12-07 20:31:36.013] [INFO] access - POST /api/act/publish
[2017-12-07 20:31:36.312] [INFO] access - GET /api/act/lists?keys=&pageSize=15&pageIndex=1
[2017-12-07 20:32:13.639] [INFO] access - GET /api/act/40
[2017-12-07 20:32:16.408] [INFO] access - POST /api/act/publish
[2017-12-07 20:32:16.714] [INFO] access - GET /api/act/lists?keys=&pageSize=15&pageIndex=1
[2017-12-07 20:33:23.406] [INFO] access - GET /api/act/40
[2017-12-07 20:33:25.562] [INFO] access - POST /api/act/publish
[2017-12-07 20:33:25.846] [INFO] access - GET /api/act/lists?keys=&pageSize=15&pageIndex=1
[2017-12-07 20:33:45.641] [INFO] access - GET /api/act/40
[2017-12-07 20:33:47.862] [INFO] access - POST /api/act/publish
[2017-12-07 20:33:48.138] [INFO] access - GET /api/act/lists?keys=&pageSize=15&pageIndex=1
