[2017-10-24 10:06:22.842] [WARN] access - GET /api/user/userInfo
[2017-10-24 10:06:40.739] [INFO] access - POST /api/signout
[2017-10-24 10:06:43.261] [ERROR] access - POST /api/signin
[2017-10-24 10:07:29.365] [INFO] access - POST /api/signin
[2017-10-24 10:07:29.473] [INFO] access - GET /api/user/userInfo
[2017-10-24 10:07:29.478] [WARN] access - GET /api/menu/listsTree
[2017-10-24 10:08:15.443] [WARN] access - GET /api/user/userInfo
[2017-10-24 18:47:38.168] [WARN] access - GET /api/news/type/search?name=
[2017-10-24 18:47:38.174] [WARN] access - GET /api/news/type/alllists
[2017-10-24 18:47:43.081] [INFO] access - GET /api/news/lists?keys=&pageIndex=1&pageSize=15
[2017-10-24 18:47:47.116] [ERROR] access - GET /preview/news/261
[2017-10-24 18:49:02.146] [WARN] access - GET /api/user/userInfo
[2017-10-24 18:49:02.151] [WARN] access - GET /api/menu/listsTree
[2017-10-24 18:49:10.150] [WARN] access - GET /api/menu/listsTree
[2017-10-24 18:49:10.156] [WARN] access - GET /api/user/userInfo
[2017-10-24 18:49:10.359] [WARN] access - GET /api/news/lists?keys=&pageIndex=1&pageSize=15
[2017-10-24 18:49:13.379] [WARN] access - GET /api/menu/listsTree
[2017-10-24 18:49:13.384] [WARN] access - GET /api/user/userInfo
[2017-10-24 18:50:49.651] [WARN] access - GET /api/user/userInfo
[2017-10-24 18:50:49.656] [WARN] access - GET /api/menu/listsTree
[2017-10-24 18:50:55.637] [WARN] access - GET /api/menu/listsTree
[2017-10-24 18:50:55.643] [WARN] access - GET /api/user/userInfo
[2017-10-24 18:52:12.265] [WARN] access - GET /api/user/userInfo
[2017-10-24 18:52:12.270] [WARN] access - GET /api/menu/listsTree
[2017-10-24 18:52:26.979] [INFO] access - GET /news/preview/261
[2017-10-24 18:52:27.311] [ERROR] access - GET /favicon.ico
[2017-10-24 18:55:34.990] [INFO] access - GET /api/news/lists?keys=&pageIndex=1&pageSize=15
[2017-10-24 18:55:47.130] [WARN] access - GET /api/user/userInfo
[2017-10-24 18:55:47.143] [WARN] access - GET /api/menu/listsTree
[2017-10-24 18:55:47.355] [WARN] access - GET /api/news/lists?keys=&pageIndex=1&pageSize=15
[2017-10-24 18:55:49.537] [INFO] access - GET /preview/news/261
[2017-10-24 19:01:26.469] [WARN] access - GET /api/user/userInfo
[2017-10-24 19:01:26.475] [WARN] access - GET /api/menu/listsTree
[2017-10-24 19:01:26.646] [WARN] access - GET /api/news/lists?keys=&pageIndex=1&pageSize=15
[2017-10-24 19:01:47.236] [ERROR] access - GET /preview/home
[2017-10-24 19:02:00.278] [INFO] access - GET /preview/news/home
[2017-10-24 19:02:22.267] [ERROR] access - POST /api/publish/news/261
[2017-10-24 19:02:51.062] [WARN] access - GET /api/news/lists?keys=&pageIndex=1&pageSize=15
[2017-10-24 19:03:18.211] [WARN] access - GET /api/user/userInfo
[2017-10-24 19:03:18.218] [WARN] access - GET /api/menu/listsTree
[2017-10-24 19:03:18.489] [WARN] access - GET /api/news/lists?keys=&pageIndex=1&pageSize=15
[2017-10-24 19:03:21.735] [ERROR] access - POST /api/news/publish/261
[2017-10-24 19:04:05.018] [ERROR] access - POST /api/news/publish/261
[2017-10-24 19:04:35.679] [ERROR] access - POST /api/news/publish/261
[2017-10-24 19:04:58.376] [INFO] access - POST /api/news/publish/261
[2017-10-24 19:04:58.469] [INFO] access - GET /api/news/lists?keys=&pageIndex=1&pageSize=15
[2017-10-24 19:05:27.396] [INFO] access - POST /api/news/publish/256
[2017-10-24 19:05:27.481] [INFO] access - GET /api/news/lists?keys=&pageIndex=1&pageSize=15
[2017-10-24 19:05:30.782] [ERROR] access - POST /api/publish/home
[2017-10-24 19:28:04.309] [WARN] access - GET /api/user/userInfo
[2017-10-24 19:28:04.315] [WARN] access - GET /api/menu/listsTree
[2017-10-24 19:28:04.532] [WARN] access - GET /api/news/lists?keys=&pageIndex=1&pageSize=15
[2017-10-24 19:28:08.311] [ERROR] access - POST /api/publish/home
[2017-10-24 19:28:37.126] [WARN] access - GET /api/news/lists?keys=&pageIndex=1&pageSize=15
[2017-10-24 19:29:44.614] [INFO] access - POST /api/news/publish/all
[2017-10-24 19:30:01.189] [ERROR] access - POST /api/news/publish/259
[2017-10-24 19:33:47.474] [ERROR] access - POST /api/news/publish/259
[2017-10-24 19:34:20.334] [INFO] access - GET /api/news/257?id=257
[2017-10-24 19:34:32.919] [INFO] access - GET /api/news/lists?keys=&pageIndex=1&pageSize=15
[2017-10-24 19:34:44.568] [INFO] access - GET /api/news/259?id=259
[2017-10-24 19:38:52.701] [WARN] access - GET /api/news/259?id=259
[2017-10-24 19:42:19.136] [WARN] access - GET /api/news/259?id=259
[2017-10-24 19:42:23.865] [WARN] access - GET /api/news/259?id=259
[2017-10-24 19:42:23.886] [WARN] access - GET /api/menu/listsTree
[2017-10-24 19:42:23.896] [WARN] access - GET /api/user/userInfo
[2017-10-24 19:42:33.680] [WARN] access - GET /api/news/259?id=259
[2017-10-24 19:42:33.697] [WARN] access - GET /api/menu/listsTree
[2017-10-24 19:42:33.703] [WARN] access - GET /api/user/userInfo
[2017-10-24 19:42:54.512] [WARN] access - GET /api/news/259?id=259
[2017-10-24 19:42:57.362] [WARN] access - GET /api/news/259?id=259
[2017-10-24 19:42:57.379] [WARN] access - GET /api/menu/listsTree
[2017-10-24 19:42:57.384] [WARN] access - GET /api/user/userInfo
[2017-10-24 19:43:10.586] [WARN] access - GET /api/news/259?id=259
[2017-10-24 19:44:04.683] [WARN] access - GET /api/news/259?id=259
[2017-10-24 19:44:04.691] [WARN] access - GET /api/menu/listsTree
[2017-10-24 19:44:04.698] [WARN] access - GET /api/user/userInfo
[2017-10-24 19:45:10.197] [WARN] access - GET /api/news/259?id=259
[2017-10-24 19:45:13.093] [WARN] access - GET /api/news/259?id=259
[2017-10-24 19:45:13.112] [WARN] access - GET /api/menu/listsTree
[2017-10-24 19:45:13.117] [WARN] access - GET /api/user/userInfo
[2017-10-24 19:45:20.889] [WARN] access - GET /api/news/lists?keys=&pageIndex=1&pageSize=15
[2017-10-24 19:45:26.438] [WARN] access - GET /api/news/259?id=259
[2017-10-24 19:45:37.862] [WARN] access - GET /api/news/259?id=259
[2017-10-24 19:46:54.101] [WARN] access - GET /api/news/259?id=259
[2017-10-24 19:46:54.107] [WARN] access - GET /api/menu/listsTree
[2017-10-24 19:46:54.112] [WARN] access - GET /api/user/userInfo
[2017-10-24 19:47:00.412] [WARN] access - GET /api/news/lists?keys=&pageIndex=1&pageSize=15
[2017-10-24 19:47:04.562] [WARN] access - GET /api/news/257?id=257
[2017-10-24 19:48:19.812] [WARN] access - GET /api/news/257?id=257
[2017-10-24 19:48:19.994] [WARN] access - GET /api/menu/listsTree
[2017-10-24 19:48:19.998] [WARN] access - GET /api/user/userInfo
[2017-10-24 19:48:38.066] [WARN] access - GET /api/news/257?id=257
[2017-10-24 19:48:38.084] [WARN] access - GET /api/menu/listsTree
[2017-10-24 19:48:38.090] [WARN] access - GET /api/user/userInfo
[2017-10-24 19:50:36.238] [WARN] access - GET /api/news/257?id=257
[2017-10-24 19:50:41.446] [WARN] access - GET /api/contracts/lists?keys=
[2017-10-24 19:50:42.927] [ERROR] access - GET /preview/contracts/23
[2017-10-24 19:53:43.008] [INFO] access - GET /preview/contracts/23
[2017-10-24 19:54:15.641] [ERROR] access - GET /preview/contracts/pdf/23
[2017-10-24 19:55:27.702] [INFO] access - POST /api/contracts/9
[2017-10-24 19:55:27.750] [INFO] access - GET /api/contracts/lists?keys=
[2017-10-24 19:55:58.935] [INFO] access - GET /preview/contracts/9.vm
[2017-10-24 19:56:32.651] [INFO] access - GET /api/contracts/history/lists?keys=&pageSize=15&pageIndex=1
[2017-10-24 19:56:58.980] [ERROR] access - GET /preview/contracts_history/5
[2017-10-24 19:57:43.820] [ERROR] access - GET /preview/contracts/history/5
[2017-10-24 19:58:09.442] [INFO] access - GET /preview/contracts/history/5
