[2017-11-28 11:33:49.920] [INFO] access - POST /api/signin
[2017-11-28 11:33:50.044] [INFO] access - GET /api/user/userInfo
[2017-11-28 11:33:50.073] [INFO] access - GET /api/menu/listsTree
[2017-11-28 11:33:54.455] [INFO] access - GET /api/act/tpl/lists
[2017-11-28 11:34:00.471] [INFO] access - GET /api/act/tpl/5
[2017-11-28 11:34:10.235] [INFO] access - GET /api/act/lists?keys=&pageSize=15&pageIndex=1
[2017-11-28 11:34:12.307] [INFO] access - GET /api/act/4
[2017-11-28 11:34:35.936] [WARN] access - GET /api/act/tpl/lists
[2017-11-28 11:36:57.908] [INFO] access - GET /api/act/tpl/1
[2017-11-28 13:45:19.663] [INFO] access - GET /api/config/lists?keys=&pageSize=15&pageIndex=1
[2017-11-28 14:10:57.209] [WARN] access - GET /api/act/tpl/lists
[2017-11-28 14:11:11.831] [INFO] access - GET /api/act/tpl/1
[2017-11-28 14:11:25.617] [INFO] access - POST /api/act/upload
[2017-11-28 14:11:51.678] [INFO] access - POST /api/act/upload
[2017-11-28 14:12:57.301] [INFO] access - POST /api/act/publish
[2017-11-28 14:12:57.601] [INFO] access - GET /api/act/lists?keys=&pageSize=15&pageIndex=1
[2017-11-28 14:13:33.921] [INFO] access - GET /api/act/5
[2017-11-28 14:14:13.894] [WARN] access - GET /api/menu/listsTree
[2017-11-28 14:14:13.902] [INFO] access - GET /api/menu/lists?keys=
[2017-11-28 14:14:13.920] [WARN] access - GET /api/menu/listsTree
[2017-11-28 14:14:15.601] [WARN] access - GET /api/config/lists?keys=&pageSize=15&pageIndex=1
[2017-11-28 14:14:22.021] [INFO] access - PUT /api/config/6
[2017-11-28 14:14:22.049] [INFO] access - GET /api/config/lists?keys=&pageSize=15&pageIndex=1
[2017-11-28 17:12:54.306] [INFO] access - GET /api/act/tpl/lists
[2017-11-28 17:12:58.123] [INFO] access - GET /api/act/tpl/1
[2017-11-28 17:13:05.676] [WARN] access - GET /api/menu/listsTree
[2017-11-28 17:13:05.681] [WARN] access - GET /api/user/userInfo
[2017-11-28 17:13:05.699] [INFO] access - GET /api/act/tpl/1
[2017-11-28 17:23:42.499] [INFO] access - GET /api/act/tpl/1
[2017-11-28 17:23:45.231] [WARN] access - GET /api/menu/listsTree
[2017-11-28 17:23:45.250] [WARN] access - GET /api/user/userInfo
[2017-11-28 17:23:45.256] [INFO] access - GET /api/act/tpl/1
[2017-11-28 17:23:48.962] [ERROR] access - GET /preview/act?tpl=activity/ttt/20171123/tpl1.html&&tplData={%22title%22:%22%E7%AE%80%E5%8D%95%E5%80%9F%E6%AC%BE%22,%22style%22:{%22background-color%22:%22%22,%22background-repeat%22:%22no-repeat%22,%22background-image%22:%22%22},%22images_0%22:{%22image_path%22:[]},%22buttons_1%22:{%22image_path%22:[],%22button%22:{%22usages%22:%22%22,%22style%22:{%22width%22:%22%22,%22height%22:%22%22}},%22wrap%22:{%22style%22:{%22height%22:%22%22,%22background-color%22:%22%22}}}}
[2017-11-28 17:26:39.464] [WARN] access - GET /api/user/userInfo
[2017-11-28 17:26:39.470] [WARN] access - GET /api/menu/listsTree
[2017-11-28 17:26:39.475] [INFO] access - GET /api/act/tpl/1
[2017-11-28 17:26:41.631] [ERROR] access - GET /preview/act?tpl=activity/ttt/20171123/tpl1.html&tplData={%22title%22:%22%E7%AE%80%E5%8D%95%E5%80%9F%E6%AC%BE%22,%22style%22:{%22background-color%22:%22%22,%22background-repeat%22:%22no-repeat%22,%22background-image%22:%22%22},%22images_0%22:{%22image_path%22:[]},%22buttons_1%22:{%22image_path%22:[],%22button%22:{%22usages%22:%22%22,%22style%22:{%22width%22:%22%22,%22height%22:%22%22}},%22wrap%22:{%22style%22:{%22height%22:%22%22,%22background-color%22:%22%22}}}}
[2017-11-28 17:27:21.338] [ERROR] access - GET /preview/act?tpl=activity/ttt/20171123/tpl1.html&tplData={%22title%22:%22%E7%AE%80%E5%8D%95%E5%80%9F%E6%AC%BE%22,%22style%22:{%22background-color%22:%22%22,%22background-repeat%22:%22no-repeat%22,%22background-image%22:%22%22},%22images_0%22:{%22image_path%22:[]},%22buttons_1%22:{%22image_path%22:[],%22button%22:{%22usages%22:%22%22,%22style%22:{%22width%22:%22%22,%22height%22:%22%22}},%22wrap%22:{%22style%22:{%22height%22:%22%22,%22background-color%22:%22%22}}}}
[2017-11-28 17:27:48.567] [ERROR] access - GET /preview/act?tpl=activity/ttt/20171123/tpl1.html&tplData={%22title%22:%22%E7%AE%80%E5%8D%95%E5%80%9F%E6%AC%BE%22,%22style%22:{%22background-color%22:%22%22,%22background-repeat%22:%22no-repeat%22,%22background-image%22:%22%22},%22images_0%22:{%22image_path%22:[]},%22buttons_1%22:{%22image_path%22:[],%22button%22:{%22usages%22:%22%22,%22style%22:{%22width%22:%22%22,%22height%22:%22%22}},%22wrap%22:{%22style%22:{%22height%22:%22%22,%22background-color%22:%22%22}}}}
[2017-11-28 17:29:54.385] [ERROR] access - GET /preview/act?tpl=activity/ttt/20171123/tpl1.html&tplData={%22title%22:%22%E7%AE%80%E5%8D%95%E5%80%9F%E6%AC%BE%22,%22style%22:{%22background-color%22:%22%22,%22background-repeat%22:%22no-repeat%22,%22background-image%22:%22%22},%22images_0%22:{%22image_path%22:[]},%22buttons_1%22:{%22image_path%22:[],%22button%22:{%22usages%22:%22%22,%22style%22:{%22width%22:%22%22,%22height%22:%22%22}},%22wrap%22:{%22style%22:{%22height%22:%22%22,%22background-color%22:%22%22}}}}
[2017-11-28 17:30:40.412] [ERROR] access - GET /preview/act?tpl=activity/ttt/20171123/tpl1.html&tplData={%22title%22:%22%E7%AE%80%E5%8D%95%E5%80%9F%E6%AC%BE%22,%22style%22:{%22background-color%22:%22%22,%22background-repeat%22:%22no-repeat%22,%22background-image%22:%22%22},%22images_0%22:{%22image_path%22:[]},%22buttons_1%22:{%22image_path%22:[],%22button%22:{%22usages%22:%22%22,%22style%22:{%22width%22:%22%22,%22height%22:%22%22}},%22wrap%22:{%22style%22:{%22height%22:%22%22,%22background-color%22:%22%22}}}}
[2017-11-28 17:36:24.974] [WARN] access - GET /api/user/userInfo
[2017-11-28 17:36:24.981] [WARN] access - GET /api/menu/listsTree
[2017-11-28 17:36:24.987] [INFO] access - GET /api/act/tpl/1
[2017-11-28 17:36:26.880] [INFO] access - GET /preview/act?tpl=activity/ttt/20171123/tpl1.html&tplData={%22title%22:%22%E7%AE%80%E5%8D%95%E5%80%9F%E6%AC%BE%22,%22style%22:{%22background-color%22:%22%22,%22background-repeat%22:%22no-repeat%22,%22background-image%22:%22%22},%22images_0%22:{%22image_path%22:[]},%22buttons_1%22:{%22image_path%22:[],%22button%22:{%22usages%22:%22%22,%22style%22:{%22width%22:%22%22,%22height%22:%22%22}},%22wrap%22:{%22style%22:{%22height%22:%22%22,%22background-color%22:%22%22}}}}
[2017-11-28 17:37:19.831] [WARN] access - GET /preview/act?tpl=activity/ttt/20171123/tpl1.html&tplData={%22title%22:%22%E7%AE%80%E5%8D%95%E5%80%9F%E6%AC%BE%22,%22style%22:{%22background-color%22:%22%22,%22background-repeat%22:%22no-repeat%22,%22background-image%22:%22%22},%22images_0%22:{%22image_path%22:[]},%22buttons_1%22:{%22image_path%22:[],%22button%22:{%22usages%22:%22%22,%22style%22:{%22width%22:%22%22,%22height%22:%22%22}},%22wrap%22:{%22style%22:{%22height%22:%22%22,%22background-color%22:%22%22}}}}
[2017-11-28 17:38:08.989] [WARN] access - GET /preview/act?tpl=activity/ttt/20171123/tpl1.html&tplData={%22title%22:%22%E7%AE%80%E5%8D%95%E5%80%9F%E6%AC%BE%22,%22style%22:{%22background-color%22:%22%22,%22background-repeat%22:%22no-repeat%22,%22background-image%22:%22%22},%22images_0%22:{%22image_path%22:[]},%22buttons_1%22:{%22image_path%22:[],%22button%22:{%22usages%22:%22%22,%22style%22:{%22width%22:%22%22,%22height%22:%22%22}},%22wrap%22:{%22style%22:{%22height%22:%22%22,%22background-color%22:%22%22}}}}
[2017-11-28 17:41:07.491] [WARN] access - GET /preview/act?tpl=activity/ttt/20171123/tpl1.html&tplData={%22title%22:%22%E7%AE%80%E5%8D%95%E5%80%9F%E6%AC%BE%22,%22style%22:{%22background-color%22:%22%22,%22background-repeat%22:%22no-repeat%22,%22background-image%22:%22%22},%22images_0%22:{%22image_path%22:[]},%22buttons_1%22:{%22image_path%22:[],%22button%22:{%22usages%22:%22%22,%22style%22:{%22width%22:%22%22,%22height%22:%22%22}},%22wrap%22:{%22style%22:{%22height%22:%22%22,%22background-color%22:%22%22}}}}
[2017-11-28 17:43:17.831] [INFO] access - GET /api/act/tpl/1
[2017-11-28 17:43:24.444] [WARN] access - GET /preview/act?tpl=activity/ttt/20171123/tpl1.html&tplData={%22title%22:%22%E7%AE%80%E5%8D%95%E5%80%9F%E6%AC%BE%22,%22style%22:{%22background-color%22:%22%22,%22background-repeat%22:%22no-repeat%22,%22background-image%22:%22%22},%22images_0%22:{%22image_path%22:[]},%22buttons_1%22:{%22image_path%22:[],%22button%22:{%22usages%22:%22%22,%22style%22:{%22width%22:%22%22,%22height%22:%22%22}},%22wrap%22:{%22style%22:{%22height%22:%22%22,%22background-color%22:%22%22}}}}
[2017-11-28 17:45:12.212] [WARN] access - GET /preview/act?tpl=activity/ttt/20171123/tpl1.html&tplData={%22title%22:%22%E7%AE%80%E5%8D%95%E5%80%9F%E6%AC%BE%22,%22style%22:{%22background-color%22:%22%22,%22background-repeat%22:%22no-repeat%22,%22background-image%22:%22%22},%22images_0%22:{%22image_path%22:[]},%22buttons_1%22:{%22image_path%22:[],%22button%22:{%22usages%22:%22%22,%22style%22:{%22width%22:%22%22,%22height%22:%22%22}},%22wrap%22:{%22style%22:{%22height%22:%22%22,%22background-color%22:%22%22}}}}
[2017-11-28 17:50:04.290] [ERROR] access - GET /preview/act?tpl=activity/ttt/20171123/tpl1.html&tplData={%22title%22:%22%E7%AE%80%E5%8D%95%E5%80%9F%E6%AC%BE%22,%22style%22:{%22background-color%22:%22%22,%22background-repeat%22:%22no-repeat%22,%22background-image%22:%22%22},%22images_0%22:{%22image_path%22:[]},%22buttons_1%22:{%22image_path%22:[],%22button%22:{%22usages%22:%22%22,%22style%22:{%22width%22:%22%22,%22height%22:%22%22}},%22wrap%22:{%22style%22:{%22height%22:%22%22,%22background-color%22:%22%22}}}}
[2017-11-28 17:53:33.978] [ERROR] access - GET /preview/act?tpl=activity/ttt/20171123/tpl1.html&tplData={%22title%22:%22%E7%AE%80%E5%8D%95%E5%80%9F%E6%AC%BE%22,%22style%22:{%22background-color%22:%22%22,%22background-repeat%22:%22no-repeat%22,%22background-image%22:%22%22},%22images_0%22:{%22image_path%22:[]},%22buttons_1%22:{%22image_path%22:[],%22button%22:{%22usages%22:%22%22,%22style%22:{%22width%22:%22%22,%22height%22:%22%22}},%22wrap%22:{%22style%22:{%22height%22:%22%22,%22background-color%22:%22%22}}}}
[2017-11-28 17:54:16.775] [ERROR] access - GET /preview/act?tpl=activity/ttt/20171123/tpl1.html&tplData={%22title%22:%22%E7%AE%80%E5%8D%95%E5%80%9F%E6%AC%BE%22,%22style%22:{%22background-color%22:%22%22,%22background-repeat%22:%22no-repeat%22,%22background-image%22:%22%22},%22images_0%22:{%22image_path%22:[]},%22buttons_1%22:{%22image_path%22:[],%22button%22:{%22usages%22:%22%22,%22style%22:{%22width%22:%22%22,%22height%22:%22%22}},%22wrap%22:{%22style%22:{%22height%22:%22%22,%22background-color%22:%22%22}}}}
[2017-11-28 17:56:10.673] [ERROR] access - GET /preview/act?tpl=activity/ttt/20171123/tpl1.html&tplData={%22title%22:%22%E7%AE%80%E5%8D%95%E5%80%9F%E6%AC%BE%22,%22style%22:{%22background-color%22:%22%22,%22background-repeat%22:%22no-repeat%22,%22background-image%22:%22%22},%22images_0%22:{%22image_path%22:[]},%22buttons_1%22:{%22image_path%22:[],%22button%22:{%22usages%22:%22%22,%22style%22:{%22width%22:%22%22,%22height%22:%22%22}},%22wrap%22:{%22style%22:{%22height%22:%22%22,%22background-color%22:%22%22}}}}
[2017-11-28 17:58:25.006] [ERROR] access - GET /preview/act?tpl=activity/ttt/20171123/tpl1.html&tplData={%22title%22:%22%E7%AE%80%E5%8D%95%E5%80%9F%E6%AC%BE%22,%22style%22:{%22background-color%22:%22%22,%22background-repeat%22:%22no-repeat%22,%22background-image%22:%22%22},%22images_0%22:{%22image_path%22:[]},%22buttons_1%22:{%22image_path%22:[],%22button%22:{%22usages%22:%22%22,%22style%22:{%22width%22:%22%22,%22height%22:%22%22}},%22wrap%22:{%22style%22:{%22height%22:%22%22,%22background-color%22:%22%22}}}}
[2017-11-28 17:59:19.792] [ERROR] access - GET /preview/act?tpl=activity/ttt/20171123/tpl1.html&tplData={%22title%22:%22%E7%AE%80%E5%8D%95%E5%80%9F%E6%AC%BE%22,%22style%22:{%22background-color%22:%22%22,%22background-repeat%22:%22no-repeat%22,%22background-image%22:%22%22},%22images_0%22:{%22image_path%22:[]},%22buttons_1%22:{%22image_path%22:[],%22button%22:{%22usages%22:%22%22,%22style%22:{%22width%22:%22%22,%22height%22:%22%22}},%22wrap%22:{%22style%22:{%22height%22:%22%22,%22background-color%22:%22%22}}}}
[2017-11-28 17:59:48.385] [ERROR] access - GET /preview/act?tpl=activity/ttt/20171123/tpl1.html&tplData={%22title%22:%22%E7%AE%80%E5%8D%95%E5%80%9F%E6%AC%BE%22,%22style%22:{%22background-color%22:%22%22,%22background-repeat%22:%22no-repeat%22,%22background-image%22:%22%22},%22images_0%22:{%22image_path%22:[]},%22buttons_1%22:{%22image_path%22:[],%22button%22:{%22usages%22:%22%22,%22style%22:{%22width%22:%22%22,%22height%22:%22%22}},%22wrap%22:{%22style%22:{%22height%22:%22%22,%22background-color%22:%22%22}}}}
[2017-11-28 18:01:06.980] [ERROR] access - GET /preview/act?tpl=activity/ttt/20171123/tpl1.html&tplData={%22title%22:%22%E7%AE%80%E5%8D%95%E5%80%9F%E6%AC%BE%22,%22style%22:{%22background-color%22:%22%22,%22background-repeat%22:%22no-repeat%22,%22background-image%22:%22%22},%22images_0%22:{%22image_path%22:[]},%22buttons_1%22:{%22image_path%22:[],%22button%22:{%22usages%22:%22%22,%22style%22:{%22width%22:%22%22,%22height%22:%22%22}},%22wrap%22:{%22style%22:{%22height%22:%22%22,%22background-color%22:%22%22}}}}
[2017-11-28 18:02:26.042] [ERROR] access - GET /preview/act?tpl=activity/ttt/20171123/tpl1.html&tplData={%22title%22:%22%E7%AE%80%E5%8D%95%E5%80%9F%E6%AC%BE%22,%22style%22:{%22background-color%22:%22%22,%22background-repeat%22:%22no-repeat%22,%22background-image%22:%22%22},%22images_0%22:{%22image_path%22:[]},%22buttons_1%22:{%22image_path%22:[],%22button%22:{%22usages%22:%22%22,%22style%22:{%22width%22:%22%22,%22height%22:%22%22}},%22wrap%22:{%22style%22:{%22height%22:%22%22,%22background-color%22:%22%22}}}}
[2017-11-28 18:06:26.167] [ERROR] access - GET /preview/act?tpl=activity/ttt/20171123/tpl1.html&tplData={%22title%22:%22%E7%AE%80%E5%8D%95%E5%80%9F%E6%AC%BE%22,%22style%22:{%22background-color%22:%22%22,%22background-repeat%22:%22no-repeat%22,%22background-image%22:%22%22},%22images_0%22:{%22image_path%22:[]},%22buttons_1%22:{%22image_path%22:[],%22button%22:{%22usages%22:%22%22,%22style%22:{%22width%22:%22%22,%22height%22:%22%22}},%22wrap%22:{%22style%22:{%22height%22:%22%22,%22background-color%22:%22%22}}}}
[2017-11-28 18:07:15.634] [ERROR] access - GET /preview/act?tpl=activity/ttt/20171123/tpl1.html&tplData={%22title%22:%22%E7%AE%80%E5%8D%95%E5%80%9F%E6%AC%BE%22,%22style%22:{%22background-color%22:%22%22,%22background-repeat%22:%22no-repeat%22,%22background-image%22:%22%22},%22images_0%22:{%22image_path%22:[]},%22buttons_1%22:{%22image_path%22:[],%22button%22:{%22usages%22:%22%22,%22style%22:{%22width%22:%22%22,%22height%22:%22%22}},%22wrap%22:{%22style%22:{%22height%22:%22%22,%22background-color%22:%22%22}}}}
[2017-11-28 18:10:47.528] [ERROR] access - GET /preview/act?tpl=activity/ttt/20171123/tpl1.html&tplData={%22title%22:%22%E7%AE%80%E5%8D%95%E5%80%9F%E6%AC%BE%22,%22style%22:{%22background-color%22:%22%22,%22background-repeat%22:%22no-repeat%22,%22background-image%22:%22%22},%22images_0%22:{%22image_path%22:[]},%22buttons_1%22:{%22image_path%22:[],%22button%22:{%22usages%22:%22%22,%22style%22:{%22width%22:%22%22,%22height%22:%22%22}},%22wrap%22:{%22style%22:{%22height%22:%22%22,%22background-color%22:%22%22}}}}
[2017-11-28 18:16:51.436] [INFO] access - GET /preview/act?tpl=activity/ttt/20171123/tpl1.html&tplData={%22title%22:%22%E7%AE%80%E5%8D%95%E5%80%9F%E6%AC%BE%22,%22style%22:{%22background-color%22:%22%22,%22background-repeat%22:%22no-repeat%22,%22background-image%22:%22%22},%22images_0%22:{%22image_path%22:[]},%22buttons_1%22:{%22image_path%22:[],%22button%22:{%22usages%22:%22%22,%22style%22:{%22width%22:%22%22,%22height%22:%22%22}},%22wrap%22:{%22style%22:{%22height%22:%22%22,%22background-color%22:%22%22}}}}
[2017-11-28 18:18:20.727] [WARN] access - GET /preview/act?tpl=activity/ttt/20171123/tpl1.html&tplData={%22title%22:%22%E7%AE%80%E5%8D%95%E5%80%9F%E6%AC%BE%22,%22style%22:{%22background-color%22:%22%22,%22background-repeat%22:%22no-repeat%22,%22background-image%22:%22%22},%22images_0%22:{%22image_path%22:[]},%22buttons_1%22:{%22image_path%22:[],%22button%22:{%22usages%22:%22%22,%22style%22:{%22width%22:%22%22,%22height%22:%22%22}},%22wrap%22:{%22style%22:{%22height%22:%22%22,%22background-color%22:%22%22}}}}
[2017-11-28 18:18:48.692] [WARN] access - GET /preview/act?tpl=activity/ttt/20171123/tpl1.html&tplData={%22title%22:%22%E7%AE%80%E5%8D%95%E5%80%9F%E6%AC%BE%22,%22style%22:{%22background-color%22:%22%22,%22background-repeat%22:%22no-repeat%22,%22background-image%22:%22%22},%22images_0%22:{%22image_path%22:[]},%22buttons_1%22:{%22image_path%22:[],%22button%22:{%22usages%22:%22%22,%22style%22:{%22width%22:%22%22,%22height%22:%22%22}},%22wrap%22:{%22style%22:{%22height%22:%22%22,%22background-color%22:%22%22}}}}
[2017-11-28 18:19:26.909] [INFO] access - GET /preview/act?tpl=activity/ttt/20171123/tpl1.html&tplData={%22title%22:%22%E7%AE%80%E5%8D%95%E5%80%9F%E6%AC%BE%22,%22style%22:{%22background-color%22:%22%22,%22background-repeat%22:%22no-repeat%22,%22background-image%22:%22%22},%22images_0%22:{%22image_path%22:[]},%22buttons_1%22:{%22image_path%22:[],%22button%22:{%22usages%22:%22%22,%22style%22:{%22width%22:%22%22,%22height%22:%22%22}},%22wrap%22:{%22style%22:{%22height%22:%22%22,%22background-color%22:%22%22}}}}
[2017-11-28 18:21:51.985] [WARN] access - GET /preview/act?tpl=activity/ttt/20171123/tpl1.html&tplData={%22title%22:%22%E7%AE%80%E5%8D%95%E5%80%9F%E6%AC%BE%22,%22style%22:{%22background-color%22:%22%22,%22background-repeat%22:%22no-repeat%22,%22background-image%22:%22%22},%22images_0%22:{%22image_path%22:[]},%22buttons_1%22:{%22image_path%22:[],%22button%22:{%22usages%22:%22%22,%22style%22:{%22width%22:%22%22,%22height%22:%22%22}},%22wrap%22:{%22style%22:{%22height%22:%22%22,%22background-color%22:%22%22}}}}
[2017-11-28 18:23:48.599] [WARN] access - GET /preview/act?tpl=activity/ttt/20171123/tpl1.html&tplData={%22title%22:%22%E7%AE%80%E5%8D%95%E5%80%9F%E6%AC%BE%22,%22style%22:{%22background-color%22:%22%22,%22background-repeat%22:%22no-repeat%22,%22background-image%22:%22%22},%22images_0%22:{%22image_path%22:[]},%22buttons_1%22:{%22image_path%22:[],%22button%22:{%22usages%22:%22%22,%22style%22:{%22width%22:%22%22,%22height%22:%22%22}},%22wrap%22:{%22style%22:{%22height%22:%22%22,%22background-color%22:%22%22}}}}
[2017-11-28 18:28:16.875] [WARN] access - GET /preview/act?tpl=activity/ttt/20171123/tpl1.html&tplData={%22title%22:%22%E7%AE%80%E5%8D%95%E5%80%9F%E6%AC%BE%22,%22style%22:{%22background-color%22:%22%22,%22background-repeat%22:%22no-repeat%22,%22background-image%22:%22%22},%22images_0%22:{%22image_path%22:[]},%22buttons_1%22:{%22image_path%22:[],%22button%22:{%22usages%22:%22%22,%22style%22:{%22width%22:%22%22,%22height%22:%22%22}},%22wrap%22:{%22style%22:{%22height%22:%22%22,%22background-color%22:%22%22}}}}
[2017-11-28 18:28:18.473] [WARN] access - GET /preview/act?tpl=activity/ttt/20171123/tpl1.html&tplData={%22title%22:%22%E7%AE%80%E5%8D%95%E5%80%9F%E6%AC%BE%22,%22style%22:{%22background-color%22:%22%22,%22background-repeat%22:%22no-repeat%22,%22background-image%22:%22%22},%22images_0%22:{%22image_path%22:[]},%22buttons_1%22:{%22image_path%22:[],%22button%22:{%22usages%22:%22%22,%22style%22:{%22width%22:%22%22,%22height%22:%22%22}},%22wrap%22:{%22style%22:{%22height%22:%22%22,%22background-color%22:%22%22}}}}
[2017-11-28 18:28:20.024] [WARN] access - GET /preview/act?tpl=activity/ttt/20171123/tpl1.html&tplData={%22title%22:%22%E7%AE%80%E5%8D%95%E5%80%9F%E6%AC%BE%22,%22style%22:{%22background-color%22:%22%22,%22background-repeat%22:%22no-repeat%22,%22background-image%22:%22%22},%22images_0%22:{%22image_path%22:[]},%22buttons_1%22:{%22image_path%22:[],%22button%22:{%22usages%22:%22%22,%22style%22:{%22width%22:%22%22,%22height%22:%22%22}},%22wrap%22:{%22style%22:{%22height%22:%22%22,%22background-color%22:%22%22}}}}
[2017-11-28 18:28:20.626] [WARN] access - GET /preview/act?tpl=activity/ttt/20171123/tpl1.html&tplData={%22title%22:%22%E7%AE%80%E5%8D%95%E5%80%9F%E6%AC%BE%22,%22style%22:{%22background-color%22:%22%22,%22background-repeat%22:%22no-repeat%22,%22background-image%22:%22%22},%22images_0%22:{%22image_path%22:[]},%22buttons_1%22:{%22image_path%22:[],%22button%22:{%22usages%22:%22%22,%22style%22:{%22width%22:%22%22,%22height%22:%22%22}},%22wrap%22:{%22style%22:{%22height%22:%22%22,%22background-color%22:%22%22}}}}
[2017-11-28 18:28:20.917] [WARN] access - GET /preview/act?tpl=activity/ttt/20171123/tpl1.html&tplData={%22title%22:%22%E7%AE%80%E5%8D%95%E5%80%9F%E6%AC%BE%22,%22style%22:{%22background-color%22:%22%22,%22background-repeat%22:%22no-repeat%22,%22background-image%22:%22%22},%22images_0%22:{%22image_path%22:[]},%22buttons_1%22:{%22image_path%22:[],%22button%22:{%22usages%22:%22%22,%22style%22:{%22width%22:%22%22,%22height%22:%22%22}},%22wrap%22:{%22style%22:{%22height%22:%22%22,%22background-color%22:%22%22}}}}
[2017-11-28 18:28:21.167] [WARN] access - GET /preview/act?tpl=activity/ttt/20171123/tpl1.html&tplData={%22title%22:%22%E7%AE%80%E5%8D%95%E5%80%9F%E6%AC%BE%22,%22style%22:{%22background-color%22:%22%22,%22background-repeat%22:%22no-repeat%22,%22background-image%22:%22%22},%22images_0%22:{%22image_path%22:[]},%22buttons_1%22:{%22image_path%22:[],%22button%22:{%22usages%22:%22%22,%22style%22:{%22width%22:%22%22,%22height%22:%22%22}},%22wrap%22:{%22style%22:{%22height%22:%22%22,%22background-color%22:%22%22}}}}
[2017-11-28 18:28:21.405] [WARN] access - GET /preview/act?tpl=activity/ttt/20171123/tpl1.html&tplData={%22title%22:%22%E7%AE%80%E5%8D%95%E5%80%9F%E6%AC%BE%22,%22style%22:{%22background-color%22:%22%22,%22background-repeat%22:%22no-repeat%22,%22background-image%22:%22%22},%22images_0%22:{%22image_path%22:[]},%22buttons_1%22:{%22image_path%22:[],%22button%22:{%22usages%22:%22%22,%22style%22:{%22width%22:%22%22,%22height%22:%22%22}},%22wrap%22:{%22style%22:{%22height%22:%22%22,%22background-color%22:%22%22}}}}
[2017-11-28 18:28:21.665] [WARN] access - GET /preview/act?tpl=activity/ttt/20171123/tpl1.html&tplData={%22title%22:%22%E7%AE%80%E5%8D%95%E5%80%9F%E6%AC%BE%22,%22style%22:{%22background-color%22:%22%22,%22background-repeat%22:%22no-repeat%22,%22background-image%22:%22%22},%22images_0%22:{%22image_path%22:[]},%22buttons_1%22:{%22image_path%22:[],%22button%22:{%22usages%22:%22%22,%22style%22:{%22width%22:%22%22,%22height%22:%22%22}},%22wrap%22:{%22style%22:{%22height%22:%22%22,%22background-color%22:%22%22}}}}
[2017-11-28 18:28:40.572] [WARN] access - GET /preview/act?tpl=activity/ttt/20171123/tpl1.html&tplData={%22title%22:%22%E7%AE%80%E5%8D%95%E5%80%9F%E6%AC%BE%22,%22style%22:{%22background-color%22:%22%22,%22background-repeat%22:%22no-repeat%22,%22background-image%22:%22%22},%22images_0%22:{%22image_path%22:[]},%22buttons_1%22:{%22image_path%22:[],%22button%22:{%22usages%22:%22%22,%22style%22:{%22width%22:%22%22,%22height%22:%22%22}},%22wrap%22:{%22style%22:{%22height%22:%22%22,%22background-color%22:%22%22}}}}
[2017-11-28 18:28:56.377] [WARN] access - GET /preview/act?tpl=activity/ttt/20171123/tpl1.html&tplData={%22title%22:%22%E7%AE%80%E5%8D%95%E5%80%9F%E6%AC%BE%22,%22style%22:{%22background-color%22:%22%22,%22background-repeat%22:%22no-repeat%22,%22background-image%22:%22%22},%22images_0%22:{%22image_path%22:[]},%22buttons_1%22:{%22image_path%22:[],%22button%22:{%22usages%22:%22%22,%22style%22:{%22width%22:%22%22,%22height%22:%22%22}},%22wrap%22:{%22style%22:{%22height%22:%22%22,%22background-color%22:%22%22}}}}
[2017-11-28 18:29:23.339] [INFO] access - GET /preview/act?tpl=activity/ttt/20171123/tpl1.html&tplData={%22title%22:%22%E7%AE%80%E5%8D%95%E5%80%9F%E6%AC%BE%22,%22style%22:{%22background-color%22:%22%22,%22background-repeat%22:%22no-repeat%22,%22background-image%22:%22%22},%22images_0%22:{%22image_path%22:[]},%22buttons_1%22:{%22image_path%22:[],%22button%22:{%22usages%22:%22%22,%22style%22:{%22width%22:%22%22,%22height%22:%22%22}},%22wrap%22:{%22style%22:{%22height%22:%22%22,%22background-color%22:%22%22}}}}
[2017-11-28 18:36:55.830] [WARN] access - GET /api/act/tpl/lists
[2017-11-28 18:36:55.894] [WARN] access - GET /activity/ttt/20171123/img/card.jpg
[2017-11-28 19:02:44.692] [INFO] access - GET /api/act/tpl/6
[2017-11-28 19:08:25.401] [WARN] access - GET /api/user/userInfo
[2017-11-28 19:08:25.411] [WARN] access - GET /api/menu/listsTree
[2017-11-28 19:08:25.417] [INFO] access - GET /api/act/tpl/6
[2017-11-28 19:08:35.012] [INFO] access - GET /api/act/tpl/6
[2017-11-28 19:08:45.062] [WARN] access - GET /api/menu/listsTree
[2017-11-28 19:08:45.067] [WARN] access - GET /api/user/userInfo
[2017-11-28 19:08:45.079] [INFO] access - GET /api/act/tpl/6
[2017-11-28 19:08:51.745] [WARN] access - GET /api/act/tpl/lists
[2017-11-28 19:08:51.788] [WARN] access - GET /activity/ttt/20171123/img/card.jpg
[2017-11-28 19:08:58.064] [INFO] access - GET /api/act/tpl/1
[2017-11-28 19:09:10.186] [WARN] access - GET /api/act/tpl/lists
[2017-11-28 19:10:25.557] [INFO] access - GET /api/act/tpl/1
[2017-11-28 19:14:24.958] [INFO] access - GET /api/act/tpl/1
[2017-11-28 19:14:29.948] [WARN] access - GET /api/menu/listsTree
[2017-11-28 19:14:29.957] [WARN] access - GET /api/user/userInfo
[2017-11-28 19:14:29.963] [INFO] access - GET /api/act/tpl/1
[2017-11-28 19:15:31.956] [WARN] access - GET /api/user/userInfo
[2017-11-28 19:15:31.962] [WARN] access - GET /api/menu/listsTree
[2017-11-28 19:15:31.968] [INFO] access - GET /api/act/tpl/1
[2017-11-28 19:15:53.953] [WARN] access - GET /api/act/tpl/lists
[2017-11-28 19:15:54.036] [WARN] access - GET /activity/ttt/20171123/img/card.jpg
[2017-11-28 19:15:58.387] [INFO] access - GET /api/act/tpl/1
[2017-11-28 19:17:44.559] [WARN] access - GET /api/user/userInfo
[2017-11-28 19:17:44.566] [WARN] access - GET /api/menu/listsTree
[2017-11-28 19:17:44.576] [INFO] access - GET /api/act/tpl/1
[2017-11-28 19:18:23.025] [WARN] access - GET /api/menu/listsTree
[2017-11-28 19:18:23.039] [WARN] access - GET /api/user/userInfo
[2017-11-28 19:18:23.045] [INFO] access - GET /api/act/tpl/1
[2017-11-28 19:18:25.570] [WARN] access - GET /api/menu/listsTree
[2017-11-28 19:18:25.586] [WARN] access - GET /api/user/userInfo
[2017-11-28 19:18:25.592] [INFO] access - GET /api/act/tpl/1
[2017-11-28 19:20:32.613] [WARN] access - GET /api/user/userInfo
[2017-11-28 19:20:32.625] [WARN] access - GET /api/menu/listsTree
[2017-11-28 19:20:32.633] [INFO] access - GET /api/act/tpl/1
[2017-11-28 19:22:59.773] [WARN] access - GET /api/menu/listsTree
[2017-11-28 19:22:59.782] [WARN] access - GET /api/user/userInfo
[2017-11-28 19:22:59.789] [INFO] access - GET /api/act/tpl/1
[2017-11-28 19:27:32.001] [WARN] access - GET /api/menu/listsTree
[2017-11-28 19:27:32.011] [WARN] access - GET /api/user/userInfo
[2017-11-28 19:27:32.017] [INFO] access - GET /api/act/tpl/1
