[2018-04-23 17:34:01.003] [INFO] access - POST /api/signin
[2018-04-23 17:34:01.183] [INFO] access - GET /api/user/userInfo
[2018-04-23 17:34:01.188] [INFO] access - GET /api/menu/listsTree
[2018-04-23 17:34:05.818] [INFO] access - GET /api/contracts/lists?keys=
[2018-04-23 17:34:21.416] [INFO] access - GET /api/contracts/vm/lists?keys=
[2018-04-23 17:34:21.456] [INFO] access - GET /api/contracts/type/lists?keys=
[2018-04-23 17:34:22.766] [WARN] access - GET /api/contracts/lists?keys=
[2018-04-23 17:35:16.507] [WARN] access - GET /api/contracts/vm/lists?keys=
[2018-04-23 17:35:16.540] [WARN] access - GET /api/contracts/type/lists?keys=
[2018-04-23 17:35:19.016] [WARN] access - GET /api/contracts/lists?keys=
[2018-04-23 17:35:29.484] [ERROR] access - GET /api/signin
[2018-04-23 17:35:34.296] [WARN] access - GET /api/menu/listsTree
[2018-04-23 17:35:34.302] [WARN] access - GET /api/user/userInfo
[2018-04-23 17:35:34.358] [WARN] access - GET /api/contracts/lists?keys=
[2018-04-23 17:53:24.848] [WARN] access - GET /api/menu/listsTree
[2018-04-23 17:53:24.853] [WARN] access - GET /api/user/userInfo
[2018-04-23 17:53:24.902] [WARN] access - GET /api/contracts/lists?keys=
[2018-04-23 17:58:57.170] [WARN] access - GET /api/menu/listsTree
[2018-04-23 17:58:57.205] [WARN] access - GET /api/user/userInfo
[2018-04-23 17:58:57.272] [WARN] access - GET /api/contracts/lists?keys=
[2018-04-23 17:59:08.975] [WARN] access - GET /api/menu/listsTree
[2018-04-23 17:59:08.979] [WARN] access - GET /api/user/userInfo
[2018-04-23 17:59:09.032] [WARN] access - GET /api/contracts/lists?keys=
[2018-04-23 18:03:03.444] [WARN] access - GET /api/menu/listsTree
[2018-04-23 18:03:03.463] [WARN] access - GET /api/user/userInfo
[2018-04-23 18:03:03.509] [WARN] access - GET /api/contracts/lists?keys=
[2018-04-23 18:03:06.005] [WARN] access - GET /api/menu/listsTree
[2018-04-23 18:03:06.010] [WARN] access - GET /api/user/userInfo
[2018-04-23 18:03:06.053] [WARN] access - GET /api/contracts/lists?keys=
[2018-04-23 18:03:08.114] [WARN] access - GET /api/menu/listsTree
[2018-04-23 18:03:08.123] [WARN] access - GET /api/user/userInfo
[2018-04-23 18:03:08.167] [WARN] access - GET /api/contracts/lists?keys=
[2018-04-23 18:05:36.566] [INFO] access - GET /api/menu/listsTree
[2018-04-23 18:05:36.572] [INFO] access - GET /api/user/userInfo
[2018-04-23 18:05:37.016] [INFO] access - GET /api/contracts/lists?keys=
[2018-04-23 18:22:36.971] [WARN] access - GET /api/contracts/lists?keys=
[2018-04-23 18:22:42.807] [WARN] access - GET /api/contracts/lists?keys=
[2018-04-23 18:25:37.781] [WARN] access - GET /api/contracts/lists?keys=
[2018-04-23 18:26:10.561] [WARN] access - GET /api/contracts/lists?keys=
[2018-04-23 18:26:48.573] [WARN] access - GET /api/contracts/lists?keys=
[2018-04-23 18:27:14.205] [WARN] access - GET /api/menu/listsTree
[2018-04-23 18:27:14.210] [WARN] access - GET /api/user/userInfo
[2018-04-23 18:27:14.486] [WARN] access - GET /api/contracts/lists?keys=
[2018-04-23 18:31:46.940] [WARN] access - GET /api/menu/listsTree
[2018-04-23 18:31:46.944] [WARN] access - GET /api/user/userInfo
[2018-04-23 18:31:47.226] [WARN] access - GET /api/contracts/lists?keys=
[2018-04-23 18:33:37.476] [WARN] access - GET /api/menu/listsTree
[2018-04-23 18:33:37.489] [WARN] access - GET /api/user/userInfo
[2018-04-23 18:33:37.751] [WARN] access - GET /api/contracts/lists?keys=
[2018-04-23 18:33:53.484] [WARN] access - GET /api/menu/listsTree
[2018-04-23 18:33:53.488] [WARN] access - GET /api/user/userInfo
[2018-04-23 18:33:53.752] [WARN] access - GET /api/contracts/lists?keys=
[2018-04-23 18:34:35.138] [WARN] access - GET /api/menu/listsTree
[2018-04-23 18:34:35.142] [WARN] access - GET /api/user/userInfo
[2018-04-23 18:34:35.418] [WARN] access - GET /api/contracts/lists?keys=
[2018-04-23 18:34:41.947] [WARN] access - GET /api/contracts/lists?keys=
[2018-04-23 18:34:44.444] [WARN] access - GET /api/menu/listsTree
[2018-04-23 18:34:44.449] [WARN] access - GET /api/user/userInfo
[2018-04-23 18:34:44.485] [WARN] access - GET /api/contracts/lists?keys=
[2018-04-23 18:34:46.538] [WARN] access - GET /api/menu/listsTree
[2018-04-23 18:34:46.542] [WARN] access - GET /api/user/userInfo
[2018-04-23 18:34:46.580] [WARN] access - GET /api/contracts/lists?keys=
[2018-04-23 19:00:20.828] [WARN] access - GET /api/menu/listsTree
[2018-04-23 19:00:20.834] [WARN] access - GET /api/user/userInfo
[2018-04-23 19:00:21.106] [WARN] access - GET /api/contracts/lists?keys=
[2018-04-23 19:00:37.433] [INFO] access - POST /api/signin
[2018-04-23 19:00:37.634] [WARN] access - GET /api/menu/listsTree
[2018-04-23 19:00:37.643] [WARN] access - GET /api/user/userInfo
[2018-04-23 19:00:41.592] [WARN] access - GET /api/contracts/lists?keys=
[2018-04-23 19:01:01.928] [WARN] access - GET /api/menu/listsTree
[2018-04-23 19:01:01.934] [WARN] access - GET /api/user/userInfo
[2018-04-23 19:01:01.990] [WARN] access - GET /api/contracts/lists?keys=
[2018-04-23 19:07:43.972] [WARN] access - GET /api/menu/listsTree
[2018-04-23 19:07:43.983] [WARN] access - GET /api/user/userInfo
[2018-04-23 19:07:44.025] [WARN] access - GET /api/contracts/lists?keys=
[2018-04-23 19:07:46.567] [WARN] access - GET /api/menu/listsTree
[2018-04-23 19:07:46.582] [WARN] access - GET /api/user/userInfo
[2018-04-23 19:07:47.327] [INFO] access - GET /api/menu/listsTree
[2018-04-23 19:07:47.332] [INFO] access - GET /api/user/userInfo
[2018-04-23 19:07:47.387] [INFO] access - GET /api/contracts/lists?keys=
[2018-04-23 19:07:47.870] [WARN] access - GET /api/menu/listsTree
[2018-04-23 19:07:47.876] [WARN] access - GET /api/user/userInfo
[2018-04-23 19:07:47.910] [WARN] access - GET /api/contracts/lists?keys=
[2018-04-23 19:07:48.472] [WARN] access - GET /api/menu/listsTree
[2018-04-23 19:07:48.477] [WARN] access - GET /api/user/userInfo
[2018-04-23 19:07:48.527] [WARN] access - GET /api/contracts/lists?keys=
[2018-04-23 19:21:58.859] [WARN] access - GET /api/user/userInfo
[2018-04-23 19:21:58.864] [WARN] access - GET /api/menu/listsTree
[2018-04-23 19:21:58.904] [WARN] access - GET /api/contracts/lists?keys=
[2018-04-23 19:21:59.662] [WARN] access - GET /api/menu/listsTree
[2018-04-23 19:21:59.666] [WARN] access - GET /api/user/userInfo
[2018-04-23 19:21:59.708] [WARN] access - GET /api/contracts/lists?keys=
[2018-04-23 19:23:29.734] [WARN] access - GET /api/contracts/type/lists
[2018-04-23 19:23:29.744] [INFO] access - GET /api/contracts/vm/lists
[2018-04-23 19:24:04.364] [INFO] access - GET /api/contracts/vm/lists?keys=
[2018-04-23 19:24:04.408] [WARN] access - GET /api/contracts/type/lists?keys=
[2018-04-23 19:32:24.002] [WARN] access - GET /api/menu/listsTree
[2018-04-23 19:32:24.019] [WARN] access - GET /api/user/userInfo
[2018-04-23 19:32:24.040] [WARN] access - GET /api/contracts/vm/lists?keys=
[2018-04-23 19:32:24.177] [WARN] access - GET /api/contracts/type/lists?keys=
[2018-04-23 19:33:38.978] [WARN] access - GET /api/contracts/vm/lists?keys=
[2018-04-23 19:33:39.002] [WARN] access - GET /api/contracts/type/lists?keys=
[2018-04-23 19:34:06.202] [WARN] access - GET /api/news/lists?keys=&pageIndex=1&pageSize=15
[2018-04-23 19:34:38.083] [WARN] access - GET /api/contracts/lists?keys=
[2018-04-23 19:34:43.078] [WARN] access - GET /api/contracts/vm/lists?keys=
[2018-04-23 19:34:43.096] [WARN] access - GET /api/contracts/type/lists?keys=
[2018-04-23 19:35:48.967] [WARN] access - GET /api/menu/listsTree
[2018-04-23 19:35:48.971] [WARN] access - GET /api/user/userInfo
[2018-04-23 19:35:49.184] [WARN] access - GET /api/contracts/vm/lists?keys=
[2018-04-23 19:35:49.273] [WARN] access - GET /api/contracts/type/lists?keys=
[2018-04-23 19:36:15.206] [INFO] access - POST /api/signout
[2018-04-23 19:36:24.951] [INFO] access - POST /api/signin
[2018-04-23 19:36:25.057] [WARN] access - GET /api/menu/listsTree
[2018-04-23 19:36:25.061] [WARN] access - GET /api/user/userInfo
[2018-04-23 19:36:32.935] [WARN] access - GET /api/contracts/lists?keys=
[2018-04-23 19:36:38.651] [WARN] access - GET /api/contracts/vm/lists?keys=
[2018-04-23 19:36:38.673] [WARN] access - GET /api/contracts/type/lists?keys=
[2018-04-23 19:37:08.352] [WARN] access - GET /api/contracts/lists?keys=
[2018-04-23 19:39:15.669] [WARN] access - GET /api/contracts/5
[2018-04-23 19:39:15.694] [WARN] access - GET /api/contracts/vm/lists
[2018-04-23 19:40:45.513] [WARN] access - GET /api/contracts/lists?keys=
[2018-04-23 19:40:55.993] [WARN] access - GET /api/contracts/type/lists
[2018-04-23 19:40:56.005] [WARN] access - GET /api/contracts/vm/lists
[2018-04-23 19:41:06.946] [WARN] access - GET /api/contracts/lists?keys=
