[2018-01-11 10:38:37.473] [WARN] access - GET /api/user/userInfo
[2018-01-11 10:38:37.480] [INFO] access - GET /api/menu/listsTree
[2018-01-11 10:38:37.485] [INFO] access - GET /api/act/lists?keys=&pageSize=15&pageIndex=1
[2018-01-11 10:39:34.453] [WARN] access - GET /api/act/components/lists?keys=
[2018-01-11 10:39:46.843] [INFO] access - POST /api/act/components/update
[2018-01-11 10:39:46.866] [WARN] access - GET /api/act/components/lists?keys=
[2018-01-11 10:39:58.797] [INFO] access - POST /api/act/components/update
[2018-01-11 10:39:58.898] [WARN] access - GET /api/act/components/lists?keys=
[2018-01-11 10:40:32.693] [INFO] access - POST /api/act/components/update
[2018-01-11 10:40:32.761] [WARN] access - GET /api/act/components/lists?keys=
[2018-01-11 10:40:48.700] [INFO] access - POST /api/act/components/update
[2018-01-11 10:40:48.744] [WARN] access - GET /api/act/components/lists?keys=
[2018-01-11 10:41:05.296] [INFO] access - POST /api/act/components/update
[2018-01-11 10:41:05.372] [WARN] access - GET /api/act/components/lists?keys=
[2018-01-11 10:41:08.254] [WARN] access - GET /api/act/components/lists?keys=
[2018-01-11 10:41:08.883] [WARN] access - GET /api/act/components/lists?keys=
[2018-01-11 10:41:09.061] [WARN] access - GET /api/act/components/lists?keys=
[2018-01-11 10:41:09.239] [WARN] access - GET /api/act/components/lists?keys=
[2018-01-11 10:41:09.403] [WARN] access - GET /api/act/components/lists?keys=
[2018-01-11 10:41:09.654] [WARN] access - GET /api/act/components/lists?keys=
[2018-01-11 10:41:09.755] [WARN] access - GET /api/act/components/lists?keys=
[2018-01-11 10:41:09.938] [WARN] access - GET /api/act/components/lists?keys=
[2018-01-11 10:41:10.126] [WARN] access - GET /api/act/components/lists?keys=
[2018-01-11 10:41:10.344] [WARN] access - GET /api/act/components/lists?keys=
[2018-01-11 10:41:10.565] [WARN] access - GET /api/act/components/lists?keys=
[2018-01-11 10:41:10.783] [WARN] access - GET /api/act/components/lists?keys=
[2018-01-11 10:41:12.082] [WARN] access - GET /api/act/components/lists?keys=
[2018-01-11 10:41:12.739] [WARN] access - GET /api/act/components/lists?keys=
[2018-01-11 10:41:12.913] [WARN] access - GET /api/act/components/lists?keys=
[2018-01-11 10:41:13.090] [WARN] access - GET /api/act/components/lists?keys=
[2018-01-11 10:41:17.362] [WARN] access - GET /api/act/tpl/lists
[2018-01-11 10:41:44.603] [WARN] access - GET /api/menu/listsTree
[2018-01-11 10:41:44.613] [WARN] access - GET /api/user/userInfo
[2018-01-11 10:41:44.626] [INFO] access - GET /api/act/tpl/lists
[2018-01-11 10:43:02.118] [INFO] access - POST /api/act/tpl/add
[2018-01-11 10:43:02.540] [INFO] access - GET /api/act/tpl/lists
[2018-01-11 10:43:06.995] [INFO] access - GET /api/act/tpl/39
[2018-01-11 11:08:06.130] [WARN] access - GET /api/menu/listsTree
[2018-01-11 11:08:06.136] [WARN] access - GET /api/user/userInfo
[2018-01-11 11:08:06.146] [INFO] access - GET /api/act/tpl/39
[2018-01-11 11:08:33.157] [WARN] access - GET /api/menu/listsTree
[2018-01-11 11:08:33.179] [WARN] access - GET /api/user/userInfo
[2018-01-11 11:08:33.191] [INFO] access - GET /api/act/tpl/39
[2018-01-11 11:09:56.519] [WARN] access - GET /api/menu/listsTree
[2018-01-11 11:09:56.532] [WARN] access - GET /api/user/userInfo
[2018-01-11 11:09:56.536] [INFO] access - GET /api/act/tpl/39
[2018-01-11 11:10:26.233] [WARN] access - GET /api/menu/listsTree
[2018-01-11 11:10:26.244] [WARN] access - GET /api/user/userInfo
[2018-01-11 11:10:26.250] [INFO] access - GET /api/act/tpl/39
[2018-01-11 11:11:11.193] [WARN] access - GET /api/menu/listsTree
[2018-01-11 11:11:11.209] [WARN] access - GET /api/user/userInfo
[2018-01-11 11:11:11.214] [INFO] access - GET /api/act/tpl/39
[2018-01-11 11:11:33.079] [WARN] access - GET /api/menu/listsTree
[2018-01-11 11:11:33.090] [WARN] access - GET /api/user/userInfo
[2018-01-11 11:11:33.107] [INFO] access - GET /api/act/tpl/39
[2018-01-11 11:12:04.937] [WARN] access - GET /api/menu/listsTree
[2018-01-11 11:12:04.949] [WARN] access - GET /api/user/userInfo
[2018-01-11 11:12:04.956] [INFO] access - GET /api/act/tpl/39
[2018-01-11 11:12:42.633] [WARN] access - GET /api/menu/listsTree
[2018-01-11 11:12:42.661] [WARN] access - GET /api/user/userInfo
[2018-01-11 11:12:42.789] [INFO] access - GET /api/act/tpl/39
[2018-01-11 11:17:30.962] [INFO] access - GET /api/menu/listsTree
[2018-01-11 11:17:30.999] [INFO] access - GET /api/user/userInfo
[2018-01-11 11:17:31.049] [INFO] access - GET /api/act/tpl/39
[2018-01-11 11:23:01.158] [WARN] access - GET /api/menu/listsTree
[2018-01-11 11:23:01.164] [WARN] access - GET /api/user/userInfo
[2018-01-11 11:23:01.168] [INFO] access - GET /api/act/tpl/39
[2018-01-11 11:25:03.169] [WARN] access - GET /api/menu/listsTree
[2018-01-11 11:25:03.181] [WARN] access - GET /api/user/userInfo
[2018-01-11 11:25:03.191] [INFO] access - GET /api/act/tpl/39
[2018-01-11 11:25:38.422] [WARN] access - GET /api/menu/listsTree
[2018-01-11 11:25:38.440] [WARN] access - GET /api/user/userInfo
[2018-01-11 11:25:38.447] [INFO] access - GET /api/act/tpl/39
[2018-01-11 11:26:10.697] [WARN] access - GET /api/menu/listsTree
[2018-01-11 11:26:10.711] [WARN] access - GET /api/user/userInfo
[2018-01-11 11:26:10.717] [INFO] access - GET /api/act/tpl/39
[2018-01-11 11:30:58.562] [WARN] access - GET /api/menu/listsTree
[2018-01-11 11:30:58.568] [WARN] access - GET /api/user/userInfo
[2018-01-11 11:30:58.578] [INFO] access - GET /api/act/tpl/39
[2018-01-11 11:31:39.839] [WARN] access - GET /api/menu/listsTree
[2018-01-11 11:31:39.852] [WARN] access - GET /api/user/userInfo
[2018-01-11 11:31:39.857] [INFO] access - GET /api/act/tpl/39
[2018-01-11 11:32:32.770] [WARN] access - GET /api/menu/listsTree
[2018-01-11 11:32:32.782] [WARN] access - GET /api/user/userInfo
[2018-01-11 11:32:32.790] [INFO] access - GET /api/act/tpl/39
[2018-01-11 11:33:09.508] [WARN] access - GET /api/menu/listsTree
[2018-01-11 11:33:09.521] [WARN] access - GET /api/user/userInfo
[2018-01-11 11:33:09.526] [INFO] access - GET /api/act/tpl/39
[2018-01-11 11:33:10.885] [WARN] access - GET /api/menu/listsTree
[2018-01-11 11:33:10.890] [WARN] access - GET /api/user/userInfo
[2018-01-11 11:33:10.906] [INFO] access - GET /api/act/tpl/39
[2018-01-11 11:33:41.199] [WARN] access - GET /api/menu/listsTree
[2018-01-11 11:33:41.237] [WARN] access - GET /api/user/userInfo
[2018-01-11 11:33:41.261] [INFO] access - GET /api/act/tpl/39
[2018-01-11 11:39:37.499] [WARN] access - GET /api/menu/listsTree
[2018-01-11 11:39:37.508] [WARN] access - GET /api/user/userInfo
[2018-01-11 11:39:37.514] [INFO] access - GET /api/act/tpl/39
[2018-01-11 11:45:30.781] [WARN] access - GET /api/menu/listsTree
[2018-01-11 11:45:30.796] [WARN] access - GET /api/user/userInfo
[2018-01-11 11:45:30.810] [INFO] access - GET /api/act/tpl/39
[2018-01-11 11:45:42.578] [WARN] access - GET /api/menu/listsTree
[2018-01-11 11:45:42.588] [WARN] access - GET /api/user/userInfo
[2018-01-11 11:45:42.594] [INFO] access - GET /api/act/tpl/39
[2018-01-11 11:58:22.339] [WARN] access - GET /api/menu/listsTree
[2018-01-11 11:58:22.347] [WARN] access - GET /api/user/userInfo
[2018-01-11 11:58:22.352] [INFO] access - GET /api/act/tpl/39
[2018-01-11 11:58:49.732] [WARN] access - GET /api/menu/listsTree
[2018-01-11 11:58:49.736] [WARN] access - GET /api/user/userInfo
[2018-01-11 11:58:49.741] [INFO] access - GET /api/act/tpl/39
[2018-01-11 12:00:01.606] [WARN] access - GET /api/menu/listsTree
[2018-01-11 12:00:01.617] [WARN] access - GET /api/user/userInfo
[2018-01-11 12:00:01.622] [INFO] access - GET /api/act/tpl/39
[2018-01-11 12:06:48.785] [WARN] access - GET /api/menu/listsTree
[2018-01-11 12:06:48.794] [WARN] access - GET /api/user/userInfo
[2018-01-11 12:06:48.801] [INFO] access - GET /api/act/tpl/39
[2018-01-11 13:28:03.087] [INFO] access - GET /api/menu/listsTree
[2018-01-11 13:28:03.104] [INFO] access - GET /api/user/userInfo
[2018-01-11 13:28:03.120] [INFO] access - GET /api/act/tpl/39
[2018-01-11 13:33:50.707] [WARN] access - GET /api/menu/listsTree
[2018-01-11 13:33:50.718] [WARN] access - GET /api/user/userInfo
[2018-01-11 13:33:50.723] [INFO] access - GET /api/act/tpl/39
[2018-01-11 13:34:46.791] [WARN] access - GET /api/menu/listsTree
[2018-01-11 13:34:46.802] [WARN] access - GET /api/user/userInfo
[2018-01-11 13:34:46.811] [INFO] access - GET /api/act/tpl/39
[2018-01-11 13:44:51.091] [WARN] access - GET /api/menu/listsTree
[2018-01-11 13:44:51.098] [WARN] access - GET /api/user/userInfo
[2018-01-11 13:44:51.104] [INFO] access - GET /api/act/tpl/39
[2018-01-11 13:47:19.234] [WARN] access - GET /api/menu/listsTree
[2018-01-11 13:47:19.244] [WARN] access - GET /api/user/userInfo
[2018-01-11 13:47:19.247] [INFO] access - GET /api/act/tpl/39
[2018-01-11 13:47:41.272] [WARN] access - GET /api/menu/listsTree
[2018-01-11 13:47:41.278] [WARN] access - GET /api/user/userInfo
[2018-01-11 13:47:41.296] [INFO] access - GET /api/act/tpl/39
[2018-01-11 13:48:40.945] [WARN] access - GET /api/menu/listsTree
[2018-01-11 13:48:40.962] [WARN] access - GET /api/user/userInfo
[2018-01-11 13:48:40.975] [INFO] access - GET /api/act/tpl/39
[2018-01-11 13:49:30.837] [WARN] access - GET /api/menu/listsTree
[2018-01-11 13:49:30.856] [WARN] access - GET /api/user/userInfo
[2018-01-11 13:49:30.862] [INFO] access - GET /api/act/tpl/39
[2018-01-11 13:50:27.723] [WARN] access - GET /api/menu/listsTree
[2018-01-11 13:50:27.743] [WARN] access - GET /api/user/userInfo
[2018-01-11 13:50:27.756] [INFO] access - GET /api/act/tpl/39
[2018-01-11 14:05:57.877] [WARN] access - GET /api/menu/listsTree
[2018-01-11 14:05:57.885] [WARN] access - GET /api/user/userInfo
[2018-01-11 14:05:57.891] [INFO] access - GET /api/act/tpl/39
[2018-01-11 14:07:23.596] [WARN] access - GET /api/menu/listsTree
[2018-01-11 14:07:23.602] [WARN] access - GET /api/user/userInfo
[2018-01-11 14:07:23.608] [INFO] access - GET /api/act/tpl/39
[2018-01-11 14:09:59.396] [WARN] access - GET /api/menu/listsTree
[2018-01-11 14:09:59.402] [WARN] access - GET /api/user/userInfo
[2018-01-11 14:09:59.408] [INFO] access - GET /api/act/tpl/39
[2018-01-11 14:10:29.239] [WARN] access - GET /api/menu/listsTree
[2018-01-11 14:10:29.245] [WARN] access - GET /api/user/userInfo
[2018-01-11 14:10:29.264] [INFO] access - GET /api/act/tpl/39
[2018-01-11 14:11:39.779] [WARN] access - GET /api/menu/listsTree
[2018-01-11 14:11:39.786] [WARN] access - GET /api/user/userInfo
[2018-01-11 14:11:39.812] [INFO] access - GET /api/act/tpl/39
[2018-01-11 14:11:53.444] [WARN] access - GET /api/menu/listsTree
[2018-01-11 14:11:53.450] [WARN] access - GET /api/user/userInfo
[2018-01-11 14:11:53.469] [INFO] access - GET /api/act/tpl/39
[2018-01-11 14:13:04.385] [WARN] access - GET /api/menu/listsTree
[2018-01-11 14:13:04.393] [WARN] access - GET /api/user/userInfo
[2018-01-11 14:13:04.398] [INFO] access - GET /api/act/tpl/39
[2018-01-11 14:14:06.817] [WARN] access - GET /api/menu/listsTree
[2018-01-11 14:14:06.822] [WARN] access - GET /api/user/userInfo
[2018-01-11 14:14:06.844] [INFO] access - GET /api/act/tpl/39
[2018-01-11 14:15:12.014] [WARN] access - GET /api/menu/listsTree
[2018-01-11 14:15:12.021] [WARN] access - GET /api/user/userInfo
[2018-01-11 14:15:12.025] [INFO] access - GET /api/act/tpl/39
[2018-01-11 14:18:17.337] [WARN] access - GET /api/menu/listsTree
[2018-01-11 14:18:17.344] [WARN] access - GET /api/user/userInfo
[2018-01-11 14:18:17.349] [INFO] access - GET /api/act/tpl/39
[2018-01-11 14:19:02.609] [WARN] access - GET /api/menu/listsTree
[2018-01-11 14:19:02.614] [WARN] access - GET /api/user/userInfo
[2018-01-11 14:19:02.629] [INFO] access - GET /api/act/tpl/39
[2018-01-11 14:19:25.523] [INFO] access - POST /api/act/upload
[2018-01-11 15:38:52.032] [WARN] access - GET /api/menu/listsTree
[2018-01-11 15:38:52.038] [WARN] access - GET /api/user/userInfo
[2018-01-11 15:38:52.044] [INFO] access - GET /api/act/tpl/39
[2018-01-11 15:39:04.409] [INFO] access - POST /api/act/upload
[2018-01-11 15:44:38.597] [WARN] access - GET /api/act/tpl/lists
[2018-01-11 15:44:38.628] [WARN] access - GET /images/act_tpl_image/1515638582004.png
[2018-01-11 15:44:57.915] [WARN] access - GET /api/act/lists?keys=&pageSize=15&pageIndex=1
[2018-01-11 15:45:00.764] [WARN] access - GET /api/act/tpl/lists
[2018-01-11 15:45:02.062] [INFO] access - GET /api/act/tpl/39
[2018-01-11 15:46:43.583] [INFO] access - POST /api/act/upload
[2018-01-11 16:23:19.654] [WARN] access - GET /api/menu/listsTree
[2018-01-11 16:23:19.661] [WARN] access - GET /api/user/userInfo
[2018-01-11 16:23:19.669] [INFO] access - GET /api/act/tpl/39
[2018-01-11 16:32:59.832] [WARN] access - GET /api/menu/listsTree
[2018-01-11 16:32:59.842] [WARN] access - GET /api/user/userInfo
[2018-01-11 16:32:59.846] [INFO] access - GET /api/act/tpl/39
[2018-01-11 17:06:27.568] [WARN] access - GET /api/menu/listsTree
[2018-01-11 17:06:27.575] [WARN] access - GET /api/user/userInfo
[2018-01-11 17:06:27.580] [INFO] access - GET /api/act/tpl/39
[2018-01-11 17:22:56.124] [WARN] access - GET /api/menu/listsTree
[2018-01-11 17:22:56.133] [WARN] access - GET /api/user/userInfo
[2018-01-11 17:22:56.139] [INFO] access - GET /api/act/tpl/39
[2018-01-11 17:32:16.850] [WARN] access - GET /api/menu/listsTree
[2018-01-11 17:32:16.858] [WARN] access - GET /api/user/userInfo
[2018-01-11 17:32:16.872] [INFO] access - GET /api/act/tpl/39
[2018-01-11 17:38:15.885] [WARN] access - GET /api/menu/listsTree
[2018-01-11 17:38:15.891] [WARN] access - GET /api/user/userInfo
[2018-01-11 17:38:15.896] [INFO] access - GET /api/act/tpl/39
[2018-01-11 17:40:15.627] [WARN] access - GET /api/menu/listsTree
[2018-01-11 17:40:15.638] [WARN] access - GET /api/user/userInfo
[2018-01-11 17:40:15.646] [INFO] access - GET /api/act/tpl/39
[2018-01-11 17:43:41.474] [WARN] access - GET /api/menu/listsTree
[2018-01-11 17:43:41.480] [WARN] access - GET /api/user/userInfo
[2018-01-11 17:43:41.491] [INFO] access - GET /api/act/tpl/39
[2018-01-11 17:44:13.834] [WARN] access - GET /api/menu/listsTree
[2018-01-11 17:44:13.840] [WARN] access - GET /api/user/userInfo
[2018-01-11 17:44:13.860] [INFO] access - GET /api/act/tpl/39
[2018-01-11 17:44:32.600] [WARN] access - GET /api/menu/listsTree
[2018-01-11 17:44:32.605] [WARN] access - GET /api/user/userInfo
[2018-01-11 17:44:32.611] [INFO] access - GET /api/act/tpl/39
[2018-01-11 17:44:57.657] [WARN] access - GET /api/menu/listsTree
[2018-01-11 17:44:57.669] [WARN] access - GET /api/user/userInfo
[2018-01-11 17:44:57.674] [INFO] access - GET /api/act/tpl/39
[2018-01-11 17:48:41.367] [WARN] access - GET /api/menu/listsTree
[2018-01-11 17:48:41.375] [WARN] access - GET /api/user/userInfo
[2018-01-11 17:48:41.383] [INFO] access - GET /api/act/tpl/39
[2018-01-11 17:50:17.787] [WARN] access - GET /api/menu/listsTree
[2018-01-11 17:50:17.800] [WARN] access - GET /api/user/userInfo
[2018-01-11 17:50:17.808] [INFO] access - GET /api/act/tpl/39
[2018-01-11 17:50:33.593] [WARN] access - GET /api/menu/listsTree
[2018-01-11 17:50:33.607] [WARN] access - GET /api/user/userInfo
[2018-01-11 17:50:33.612] [INFO] access - GET /api/act/tpl/39
[2018-01-11 17:51:03.835] [WARN] access - GET /api/menu/listsTree
[2018-01-11 17:51:03.841] [WARN] access - GET /api/user/userInfo
[2018-01-11 17:51:03.846] [INFO] access - GET /api/act/tpl/39
[2018-01-11 17:52:25.464] [WARN] access - GET /api/menu/listsTree
[2018-01-11 17:52:25.472] [WARN] access - GET /api/user/userInfo
[2018-01-11 17:52:25.477] [INFO] access - GET /api/act/tpl/39
[2018-01-11 18:08:18.868] [WARN] access - GET /api/menu/listsTree
[2018-01-11 18:08:18.876] [WARN] access - GET /api/user/userInfo
[2018-01-11 18:08:18.881] [INFO] access - GET /api/act/tpl/39
[2018-01-11 18:08:47.969] [WARN] access - GET /api/menu/listsTree
[2018-01-11 18:08:47.974] [WARN] access - GET /api/user/userInfo
[2018-01-11 18:08:47.988] [INFO] access - GET /api/act/tpl/39
[2018-01-11 18:30:41.643] [WARN] access - GET /api/menu/listsTree
[2018-01-11 18:30:41.648] [WARN] access - GET /api/user/userInfo
[2018-01-11 18:30:41.656] [INFO] access - GET /api/act/tpl/39
[2018-01-11 18:34:50.843] [WARN] access - GET /api/menu/listsTree
[2018-01-11 18:34:50.852] [WARN] access - GET /api/user/userInfo
[2018-01-11 18:34:50.859] [INFO] access - GET /api/act/tpl/39
[2018-01-11 18:34:52.996] [WARN] access - GET /api/menu/listsTree
[2018-01-11 18:34:53.002] [WARN] access - GET /api/user/userInfo
[2018-01-11 18:35:00.270] [WARN] access - GET /api/menu/listsTree
[2018-01-11 18:35:00.278] [WARN] access - GET /api/user/userInfo
[2018-01-11 18:35:00.297] [INFO] access - GET /api/act/tpl/39
[2018-01-11 18:35:02.585] [WARN] access - GET /api/menu/listsTree
[2018-01-11 18:35:02.589] [WARN] access - GET /api/user/userInfo
[2018-01-11 18:35:27.543] [WARN] access - GET /api/menu/listsTree
[2018-01-11 18:35:27.548] [WARN] access - GET /api/user/userInfo
[2018-01-11 18:35:27.563] [INFO] access - GET /api/act/tpl/39
[2018-01-11 18:35:32.914] [WARN] access - GET /api/menu/listsTree
[2018-01-11 18:35:32.919] [WARN] access - GET /api/user/userInfo
[2018-01-11 18:35:32.934] [INFO] access - GET /api/act/tpl/39
[2018-01-11 18:38:01.583] [WARN] access - GET /api/menu/listsTree
[2018-01-11 18:38:01.590] [WARN] access - GET /api/user/userInfo
[2018-01-11 18:38:01.599] [INFO] access - GET /api/act/tpl/39
[2018-01-11 18:38:44.404] [WARN] access - GET /api/menu/listsTree
[2018-01-11 18:38:44.410] [WARN] access - GET /api/user/userInfo
[2018-01-11 18:38:44.429] [INFO] access - GET /api/act/tpl/39
[2018-01-11 18:39:17.717] [WARN] access - GET /api/menu/listsTree
[2018-01-11 18:39:17.723] [WARN] access - GET /api/user/userInfo
[2018-01-11 18:39:17.737] [INFO] access - GET /api/act/tpl/39
[2018-01-11 18:40:00.095] [WARN] access - GET /api/menu/listsTree
[2018-01-11 18:40:00.107] [WARN] access - GET /api/user/userInfo
[2018-01-11 18:40:00.115] [INFO] access - GET /api/act/tpl/39
[2018-01-11 18:53:58.135] [INFO] access - POST /api/act/upload
[2018-01-11 18:58:32.385] [WARN] access - GET /api/menu/listsTree
[2018-01-11 18:58:32.392] [WARN] access - GET /api/user/userInfo
[2018-01-11 18:58:32.399] [INFO] access - GET /api/act/tpl/39
[2018-01-11 18:59:25.360] [WARN] access - GET /api/menu/listsTree
[2018-01-11 18:59:25.366] [WARN] access - GET /api/user/userInfo
[2018-01-11 18:59:25.370] [INFO] access - GET /api/act/tpl/39
[2018-01-11 18:59:56.432] [WARN] access - GET /api/menu/listsTree
[2018-01-11 18:59:56.438] [WARN] access - GET /api/user/userInfo
[2018-01-11 18:59:56.453] [INFO] access - GET /api/act/tpl/39
[2018-01-11 19:00:26.539] [WARN] access - GET /api/menu/listsTree
[2018-01-11 19:00:26.544] [WARN] access - GET /api/user/userInfo
[2018-01-11 19:00:26.558] [INFO] access - GET /api/act/tpl/39
[2018-01-11 19:00:51.567] [WARN] access - GET /api/menu/listsTree
[2018-01-11 19:00:51.572] [WARN] access - GET /api/user/userInfo
[2018-01-11 19:00:51.598] [INFO] access - GET /api/act/tpl/39
[2018-01-11 19:10:17.561] [WARN] access - GET /api/menu/listsTree
[2018-01-11 19:10:17.572] [WARN] access - GET /api/user/userInfo
[2018-01-11 19:10:17.579] [INFO] access - GET /api/act/tpl/39
[2018-01-11 19:20:00.568] [WARN] access - GET /api/menu/listsTree
[2018-01-11 19:20:00.578] [WARN] access - GET /api/user/userInfo
[2018-01-11 19:20:00.584] [INFO] access - GET /api/act/tpl/39
[2018-01-11 19:20:07.168] [INFO] access - POST /api/act/upload
[2018-01-11 19:20:11.388] [INFO] access - POST /api/act/upload
[2018-01-11 19:26:01.166] [WARN] access - GET /api/menu/listsTree
[2018-01-11 19:26:01.172] [WARN] access - GET /api/user/userInfo
[2018-01-11 19:26:01.178] [INFO] access - GET /api/act/tpl/39
[2018-01-11 19:26:07.003] [INFO] access - POST /api/act/upload
[2018-01-11 19:48:28.372] [WARN] access - GET /api/act/components/lists?keys=
[2018-01-11 19:48:31.960] [WARN] access - GET /api/act/tpl/lists
[2018-01-11 19:48:31.986] [WARN] access - GET /images/act_tpl_image/1515638582004.png
[2018-01-11 19:48:42.995] [WARN] access - GET /api/act/tpl/lists
[2018-01-11 19:48:44.488] [INFO] access - GET /api/act/tpl/39
[2018-01-11 19:49:18.880] [INFO] access - POST /api/act/upload
[2018-01-11 19:52:20.777] [WARN] access - GET /api/menu/listsTree
[2018-01-11 19:52:20.786] [WARN] access - GET /api/user/userInfo
[2018-01-11 19:52:20.797] [INFO] access - GET /api/act/tpl/39
[2018-01-11 19:53:26.419] [WARN] access - GET /api/menu/listsTree
[2018-01-11 19:53:26.432] [WARN] access - GET /api/user/userInfo
[2018-01-11 19:53:26.441] [INFO] access - GET /api/act/tpl/39
[2018-01-11 19:53:54.040] [WARN] access - GET /api/menu/listsTree
[2018-01-11 19:53:54.046] [WARN] access - GET /api/user/userInfo
[2018-01-11 19:53:54.061] [INFO] access - GET /api/act/tpl/39
[2018-01-11 19:58:14.469] [WARN] access - GET /api/menu/listsTree
[2018-01-11 19:58:14.476] [WARN] access - GET /api/user/userInfo
[2018-01-11 19:58:14.482] [INFO] access - GET /api/act/tpl/39
[2018-01-11 20:06:46.334] [WARN] access - GET /api/menu/listsTree
[2018-01-11 20:06:46.347] [WARN] access - GET /api/user/userInfo
[2018-01-11 20:09:01.595] [WARN] access - GET /api/menu/listsTree
[2018-01-11 20:09:01.600] [WARN] access - GET /api/user/userInfo
[2018-01-11 20:09:01.605] [INFO] access - GET /api/act/tpl/39
[2018-01-11 20:09:30.954] [WARN] access - GET /api/menu/listsTree
[2018-01-11 20:09:30.959] [WARN] access - GET /api/user/userInfo
[2018-01-11 20:09:30.973] [INFO] access - GET /api/act/tpl/39
[2018-01-11 20:11:25.710] [WARN] access - GET /api/menu/listsTree
[2018-01-11 20:11:25.724] [WARN] access - GET /api/user/userInfo
[2018-01-11 20:11:25.734] [INFO] access - GET /api/act/tpl/39
[2018-01-11 20:13:07.666] [WARN] access - GET /api/menu/listsTree
[2018-01-11 20:13:07.675] [WARN] access - GET /api/user/userInfo
[2018-01-11 20:13:07.679] [INFO] access - GET /api/act/tpl/39
