[2018-01-17 10:52:20.552] [WARN] access - GET /api/menu/listsTree
[2018-01-17 10:52:20.579] [WARN] access - GET /api/user/userInfo
[2018-01-17 10:52:20.600] [INFO] access - GET /api/act/tpl/39
[2018-01-17 11:11:22.651] [WARN] access - GET /api/user/userInfo
[2018-01-17 11:11:22.659] [WARN] access - GET /api/menu/listsTree
[2018-01-17 11:11:22.664] [INFO] access - GET /api/act/tpl/39
[2018-01-17 11:44:46.321] [WARN] access - GET /api/menu/listsTree
[2018-01-17 11:44:46.332] [WARN] access - GET /api/user/userInfo
[2018-01-17 11:44:46.338] [INFO] access - GET /api/act/tpl/39
[2018-01-17 12:03:25.930] [WARN] access - GET /api/menu/listsTree
[2018-01-17 12:03:25.935] [WARN] access - GET /api/user/userInfo
[2018-01-17 12:03:25.940] [INFO] access - GET /api/act/tpl/39
[2018-01-17 12:03:41.903] [INFO] access - POST /api/act/upload
[2018-01-17 12:09:50.911] [WARN] access - GET /api/menu/listsTree
[2018-01-17 12:09:50.921] [WARN] access - GET /api/user/userInfo
[2018-01-17 12:09:50.925] [INFO] access - GET /api/act/tpl/39
[2018-01-17 12:09:53.383] [WARN] access - GET /api/menu/listsTree
[2018-01-17 12:09:53.391] [WARN] access - GET /api/user/userInfo
[2018-01-17 12:09:53.416] [INFO] access - GET /api/act/tpl/39
[2018-01-17 12:09:59.193] [INFO] access - POST /api/act/upload
[2018-01-17 12:11:59.681] [WARN] access - GET /temp/20180117120953/bg_1516162199185.jpg
[2018-01-17 12:14:01.961] [WARN] access - GET /temp/20180117120953/bg_1516162199185.jpg
[2018-01-17 12:14:03.824] [WARN] access - GET /temp/20180117120953/bg_1516162199185.jpg
[2018-01-17 12:15:03.654] [WARN] access - GET /temp/20180117120953/bg_1516162199185.jpg
[2018-01-17 12:17:25.588] [WARN] access - GET /temp/20180117120953/bg_1516162199185.jpg
[2018-01-17 12:17:29.923] [WARN] access - GET /temp/20180117120953/bg_1516162199185.jpg
[2018-01-17 12:18:29.941] [WARN] access - GET /temp/20180117120953/bg_1516162199185.jpg
[2018-01-17 12:18:31.189] [WARN] access - GET /temp/20180117120953/bg_1516162199185.jpg
[2018-01-17 13:17:57.876] [WARN] access - GET /temp/20180117120953/bg_1516162199185.jpg
[2018-01-17 13:17:59.284] [WARN] access - GET /temp/20180117120953/bg_1516162199185.jpg
[2018-01-17 13:19:08.731] [WARN] access - GET /temp/20180117120953/bg_1516162199185.jpg
[2018-01-17 13:23:15.139] [WARN] access - GET /temp/20180117120953/bg_1516162199185.jpg
[2018-01-17 13:23:16.609] [WARN] access - GET /temp/20180117120953/bg_1516162199185.jpg
[2018-01-17 13:24:02.980] [WARN] access - GET /temp/20180117120953/bg_1516162199185.jpg
[2018-01-17 13:24:21.053] [WARN] access - GET /temp/20180117120953/bg_1516162199185.jpg
[2018-01-17 13:24:23.146] [WARN] access - GET /temp/20180117120953/bg_1516162199185.jpg
[2018-01-17 13:24:52.114] [WARN] access - GET /temp/20180117120953/bg_1516162199185.jpg
[2018-01-17 13:24:53.475] [WARN] access - GET /temp/20180117120953/bg_1516162199185.jpg
[2018-01-17 13:26:07.016] [WARN] access - GET /temp/20180117120953/bg_1516162199185.jpg
[2018-01-17 13:28:10.310] [WARN] access - GET /temp/20180117120953/bg_1516162199185.jpg
[2018-01-17 13:28:13.197] [WARN] access - GET /temp/20180117120953/bg_1516162199185.jpg
[2018-01-17 13:28:13.917] [WARN] access - GET /temp/20180117120953/bg_1516162199185.jpg
[2018-01-17 13:29:49.654] [WARN] access - GET /temp/20180117120953/bg_1516162199185.jpg
[2018-01-17 13:29:53.034] [WARN] access - GET /temp/20180117120953/bg_1516162199185.jpg
[2018-01-17 13:31:45.796] [WARN] access - GET /temp/20180117120953/bg_1516162199185.jpg
[2018-01-17 13:32:53.927] [WARN] access - GET /temp/20180117120953/bg_1516162199185.jpg
[2018-01-17 13:34:50.884] [WARN] access - GET /temp/20180117120953/bg_1516162199185.jpg
[2018-01-17 13:36:06.025] [WARN] access - GET /temp/20180117120953/bg_1516162199185.jpg
[2018-01-17 13:36:09.276] [WARN] access - GET /temp/20180117120953/bg_1516162199185.jpg
[2018-01-17 13:36:53.017] [WARN] access - GET /temp/20180117120953/bg_1516162199185.jpg
[2018-01-17 13:36:54.037] [WARN] access - GET /temp/20180117120953/bg_1516162199185.jpg
[2018-01-17 13:36:55.336] [WARN] access - GET /temp/20180117120953/bg_1516162199185.jpg
[2018-01-17 13:41:00.173] [WARN] access - GET /api/act/components/lists?keys=
[2018-01-17 13:41:02.325] [WARN] access - GET /api/act/tpl/lists
[2018-01-17 13:41:02.385] [WARN] access - GET /images/act_tpl_image/1515989069760.png
[2018-01-17 13:41:02.391] [WARN] access - GET /images/act_tpl_image/1515745735194.png
[2018-01-17 13:41:02.398] [WARN] access - GET /images/act_tpl_image/1515743075801.png
[2018-01-17 13:41:05.428] [INFO] access - GET /api/act/tpl/41
[2018-01-17 13:41:49.433] [WARN] access - GET /api/act/tpl/lists
[2018-01-17 13:41:54.626] [INFO] access - GET /api/act/tpl/39
[2018-01-17 14:09:25.691] [WARN] access - GET /temp/20180117120953/bg_1516162199185.jpg
[2018-01-17 14:12:36.317] [WARN] access - GET /temp/20180117120953/bg_1516162199185.jpg
[2018-01-17 14:12:43.869] [WARN] access - GET /temp/20180117120953/bg_1516162199185.jpg
[2018-01-17 14:12:45.167] [WARN] access - GET /temp/20180117120953/bg_1516162199185.jpg
[2018-01-17 14:12:46.195] [WARN] access - GET /temp/20180117120953/bg_1516162199185.jpg
[2018-01-17 14:13:26.997] [WARN] access - GET /temp/20180117120953/bg_1516162199185.jpg
[2018-01-17 14:15:02.651] [WARN] access - GET /temp/20180117120953/bg_1516162199185.jpg
[2018-01-17 14:15:04.094] [WARN] access - GET /temp/20180117120953/bg_1516162199185.jpg
[2018-01-17 14:16:13.535] [WARN] access - GET /temp/20180117120953/bg_1516162199185.jpg
[2018-01-17 14:17:48.558] [WARN] access - GET /temp/20180117120953/bg_1516162199185.jpg
[2018-01-17 15:15:37.585] [WARN] access - GET /temp/20180117120953/bg_1516162199185.jpg
[2018-01-17 15:16:13.426] [WARN] access - GET /temp/20180117120953/bg_1516162199185.jpg
[2018-01-17 15:16:15.979] [WARN] access - GET /temp/20180117120953/bg_1516162199185.jpg
[2018-01-17 15:16:17.798] [WARN] access - GET /temp/20180117120953/bg_1516162199185.jpg
[2018-01-17 15:17:13.994] [WARN] access - GET /temp/20180117120953/bg_1516162199185.jpg
[2018-01-17 15:19:59.786] [WARN] access - GET /temp/20180117120953/bg_1516162199185.jpg
[2018-01-17 15:24:16.434] [WARN] access - GET /temp/20180117120953/bg_1516162199185.jpg
[2018-01-17 15:27:37.943] [WARN] access - GET /temp/20180117120953/bg_1516162199185.jpg
[2018-01-17 15:30:32.689] [INFO] access - POST /api/act/upload
[2018-01-17 15:31:46.348] [WARN] access - GET /temp/20180117134154/bg_1516174232683.jpg
[2018-01-17 15:31:48.073] [WARN] access - GET /temp/20180117134154/bg_1516174232683.jpg
[2018-01-17 15:35:16.617] [WARN] access - GET /temp/20180117134154/bg_1516174232683.jpg
[2018-01-17 15:40:03.618] [INFO] access - POST /api/act/upload
[2018-01-17 15:41:08.599] [WARN] access - GET /temp/20180117134154/bg_1516174803611.jpg
[2018-01-17 15:43:14.572] [WARN] access - GET /temp/20180117134154/bg_1516174803611.jpg
[2018-01-17 15:47:56.544] [WARN] access - GET /temp/20180117134154/bg_1516174803611.jpg
[2018-01-17 15:51:31.965] [WARN] access - GET /temp/20180117134154/bg_1516174803611.jpg
[2018-01-17 15:52:09.651] [WARN] access - GET /temp/20180117134154/bg_1516174803611.jpg
[2018-01-17 15:53:42.743] [WARN] access - GET /temp/20180117134154/bg_1516174803611.jpg
[2018-01-17 15:53:44.359] [WARN] access - GET /temp/20180117134154/bg_1516174803611.jpg
[2018-01-17 15:54:20.125] [WARN] access - GET /temp/20180117134154/bg_1516174803611.jpg
[2018-01-17 15:56:17.302] [WARN] access - GET /temp/20180117134154/bg_1516174803611.jpg
[2018-01-17 15:56:46.382] [WARN] access - GET /temp/20180117134154/bg_1516174803611.jpg
[2018-01-17 15:56:51.659] [WARN] access - GET /temp/20180117134154/bg_1516174803611.jpg
[2018-01-17 15:57:09.572] [WARN] access - GET /temp/20180117134154/bg_1516174803611.jpg
[2018-01-17 15:57:12.494] [WARN] access - GET /temp/20180117134154/bg_1516174803611.jpg
[2018-01-17 15:57:30.368] [WARN] access - GET /temp/20180117134154/bg_1516174803611.jpg
[2018-01-17 15:57:33.371] [WARN] access - GET /temp/20180117134154/bg_1516174803611.jpg
[2018-01-17 15:58:05.804] [WARN] access - GET /temp/20180117134154/bg_1516174803611.jpg
[2018-01-17 15:58:16.999] [WARN] access - GET /temp/20180117134154/bg_1516174803611.jpg
[2018-01-17 16:00:46.992] [WARN] access - GET /temp/20180117134154/bg_1516174803611.jpg
[2018-01-17 16:00:47.584] [WARN] access - GET /temp/20180117134154/bg_1516174803611.jpg
[2018-01-17 16:00:49.848] [WARN] access - GET /temp/20180117134154/bg_1516174803611.jpg
[2018-01-17 16:01:53.775] [WARN] access - GET /temp/20180117134154/bg_1516174803611.jpg
[2018-01-17 16:01:57.685] [WARN] access - GET /temp/20180117134154/bg_1516174803611.jpg
[2018-01-17 16:02:14.456] [WARN] access - GET /temp/20180117134154/bg_1516174803611.jpg
[2018-01-17 16:05:36.457] [WARN] access - GET /temp/20180117134154/bg_1516174803611.jpg
[2018-01-17 16:08:00.413] [WARN] access - GET /temp/20180117134154/bg_1516174803611.jpg
[2018-01-17 16:08:01.678] [WARN] access - GET /temp/20180117134154/bg_1516174803611.jpg
[2018-01-17 16:08:46.926] [WARN] access - GET /temp/20180117134154/bg_1516174803611.jpg
[2018-01-17 16:08:59.009] [WARN] access - GET /temp/20180117134154/bg_1516174803611.jpg
[2018-01-17 16:09:31.556] [WARN] access - GET /temp/20180117134154/bg_1516174803611.jpg
[2018-01-17 16:09:46.374] [WARN] access - GET /temp/20180117134154/bg_1516174803611.jpg
[2018-01-17 16:09:51.334] [WARN] access - GET /temp/20180117134154/bg_1516174803611.jpg
[2018-01-17 16:12:12.208] [WARN] access - GET /temp/20180117134154/bg_1516174803611.jpg
[2018-01-17 16:18:08.792] [WARN] access - GET /temp/20180117134154/bg_1516174803611.jpg
[2018-01-17 16:20:29.361] [WARN] access - GET /temp/20180117134154/bg_1516174803611.jpg
[2018-01-17 16:24:53.838] [WARN] access - GET /temp/20180117134154/bg_1516174803611.jpg
[2018-01-17 16:31:09.107] [WARN] access - GET /temp/20180117134154/bg_1516174803611.jpg
[2018-01-17 16:33:43.383] [WARN] access - GET /temp/20180117134154/bg_1516174803611.jpg
[2018-01-17 16:36:30.287] [WARN] access - GET /temp/20180117134154/bg_1516174803611.jpg
[2018-01-17 16:36:45.462] [WARN] access - GET /temp/20180117134154/bg_1516174803611.jpg
[2018-01-17 16:38:52.978] [WARN] access - GET /temp/20180117134154/bg_1516174803611.jpg
[2018-01-17 17:00:59.144] [WARN] access - GET /temp/20180117134154/bg_1516174803611.jpg
[2018-01-17 17:01:12.500] [WARN] access - GET /temp/20180117134154/bg_1516174803611.jpg
[2018-01-17 17:03:24.226] [WARN] access - GET /temp/20180117134154/bg_1516174803611.jpg
[2018-01-17 17:05:39.677] [WARN] access - GET /temp/20180117134154/bg_1516174803611.jpg
[2018-01-17 17:05:56.374] [WARN] access - GET /temp/20180117134154/bg_1516174803611.jpg
[2018-01-17 17:06:42.707] [WARN] access - GET /temp/20180117134154/bg_1516174803611.jpg
[2018-01-17 17:06:57.861] [WARN] access - GET /temp/20180117134154/bg_1516174803611.jpg
[2018-01-17 17:08:06.486] [WARN] access - GET /temp/20180117134154/bg_1516174803611.jpg
[2018-01-17 17:08:57.467] [WARN] access - GET /temp/20180117134154/bg_1516174803611.jpg
[2018-01-17 17:09:05.399] [WARN] access - GET /temp/20180117134154/bg_1516174803611.jpg
[2018-01-17 17:09:35.662] [WARN] access - GET /temp/20180117134154/bg_1516174803611.jpg
[2018-01-17 17:09:36.868] [WARN] access - GET /temp/20180117134154/bg_1516174803611.jpg
[2018-01-17 17:09:42.619] [WARN] access - GET /temp/20180117134154/bg_1516174803611.jpg
[2018-01-17 17:10:02.759] [WARN] access - GET /temp/20180117134154/bg_1516174803611.jpg
[2018-01-17 17:10:05.052] [WARN] access - GET /temp/20180117134154/bg_1516174803611.jpg
[2018-01-17 17:11:24.926] [WARN] access - GET /temp/20180117134154/bg_1516174803611.jpg
[2018-01-17 17:11:27.735] [WARN] access - GET /temp/20180117134154/bg_1516174803611.jpg
[2018-01-17 17:11:33.142] [WARN] access - GET /temp/20180117134154/bg_1516174803611.jpg
[2018-01-17 17:12:32.884] [WARN] access - GET /temp/20180117134154/bg_1516174803611.jpg
[2018-01-17 17:12:35.866] [WARN] access - GET /temp/20180117134154/bg_1516174803611.jpg
[2018-01-17 17:14:12.342] [WARN] access - GET /temp/20180117134154/bg_1516174803611.jpg
[2018-01-17 17:14:13.997] [WARN] access - GET /temp/20180117134154/bg_1516174803611.jpg
[2018-01-17 17:16:23.044] [WARN] access - GET /temp/20180117134154/bg_1516174803611.jpg
[2018-01-17 17:17:48.769] [WARN] access - GET /temp/20180117134154/bg_1516174803611.jpg
[2018-01-17 17:18:36.222] [WARN] access - GET /temp/20180117134154/bg_1516174803611.jpg
[2018-01-17 17:18:42.077] [WARN] access - GET /temp/20180117134154/bg_1516174803611.jpg
[2018-01-17 17:20:58.941] [WARN] access - GET /temp/20180117134154/bg_1516174803611.jpg
[2018-01-17 17:26:20.802] [WARN] access - GET /temp/20180117134154/bg_1516174803611.jpg
[2018-01-17 17:31:53.766] [WARN] access - GET /temp/20180117134154/bg_1516174803611.jpg
[2018-01-17 17:34:22.635] [WARN] access - GET /temp/20180117134154/bg_1516174803611.jpg
[2018-01-17 17:37:25.607] [WARN] access - GET /temp/20180117134154/bg_1516174803611.jpg
[2018-01-17 18:04:49.064] [WARN] access - GET /temp/20180117134154/bg_1516174803611.jpg
[2018-01-17 18:05:15.124] [WARN] access - GET /temp/20180117134154/bg_1516174803611.jpg
[2018-01-17 18:05:52.802] [WARN] access - GET /temp/20180117134154/bg_1516174803611.jpg
[2018-01-17 18:06:50.504] [WARN] access - GET /temp/20180117134154/bg_1516174803611.jpg
[2018-01-17 18:07:19.354] [WARN] access - GET /temp/20180117134154/bg_1516174803611.jpg
[2018-01-17 18:07:41.355] [WARN] access - GET /temp/20180117134154/bg_1516174803611.jpg
[2018-01-17 18:09:21.943] [WARN] access - GET /temp/20180117134154/bg_1516174803611.jpg
[2018-01-17 18:09:55.171] [WARN] access - GET /temp/20180117134154/bg_1516174803611.jpg
[2018-01-17 18:11:00.346] [WARN] access - GET /temp/20180117134154/bg_1516174803611.jpg
[2018-01-17 18:11:16.920] [WARN] access - GET /temp/20180117134154/bg_1516174803611.jpg
[2018-01-17 18:13:36.289] [WARN] access - GET /temp/20180117134154/bg_1516174803611.jpg
[2018-01-17 18:17:42.596] [WARN] access - GET /temp/20180117134154/bg_1516174803611.jpg
[2018-01-17 18:19:59.680] [WARN] access - GET /temp/20180117134154/bg_1516174803611.jpg
[2018-01-17 18:45:19.039] [WARN] access - GET /api/act/lists?keys=&pageSize=15&pageIndex=1
[2018-01-17 18:45:19.737] [WARN] access - GET /api/act/tpl/lists
[2018-01-17 18:45:24.808] [INFO] access - GET /api/act/tpl/41
[2018-01-17 18:45:41.139] [INFO] access - POST /api/act/upload
[2018-01-17 18:47:01.874] [WARN] access - GET /temp/20180117134154/bg_1516174803611.jpg
[2018-01-17 18:47:11.037] [WARN] access - GET /temp/20180117184524/bg_1516185941133.jpg
[2018-01-17 18:48:47.778] [WARN] access - GET /temp/20180117184524/bg_1516185941133.jpg
[2018-01-17 18:49:42.505] [WARN] access - GET /temp/20180117184524/bg_1516185941133.jpg
[2018-01-17 18:51:47.736] [WARN] access - GET /temp/20180117184524/bg_1516185941133.jpg
[2018-01-17 18:52:04.566] [WARN] access - GET /temp/20180117184524/bg_1516185941133.jpg
[2018-01-17 18:52:23.064] [WARN] access - GET /temp/20180117184524/bg_1516185941133.jpg
[2018-01-17 18:58:31.843] [WARN] access - GET /temp/20180117184524/bg_1516185941133.jpg
[2018-01-17 18:58:33.100] [WARN] access - GET /temp/20180117184524/bg_1516185941133.jpg
[2018-01-17 18:58:51.100] [WARN] access - GET /temp/20180117184524/bg_1516185941133.jpg
[2018-01-17 18:58:51.772] [WARN] access - GET /temp/20180117184524/bg_1516185941133.jpg
[2018-01-17 18:59:34.295] [WARN] access - GET /temp/20180117134154/bg_1516174803611.jpg
[2018-01-17 19:00:29.367] [WARN] access - GET /temp/20180117134154/bg_1516174803611.jpg
[2018-01-17 19:00:43.721] [WARN] access - GET /temp/20180117134154/bg_1516174803611.jpg
[2018-01-17 19:00:44.886] [WARN] access - GET /temp/20180117134154/bg_1516174803611.jpg
[2018-01-17 19:01:01.251] [WARN] access - GET /temp/20180117184524/bg_1516185941133.jpg
[2018-01-17 19:02:44.577] [WARN] access - GET /temp/20180117184524/bg_1516185941133.jpg
[2018-01-17 19:02:45.297] [WARN] access - GET /temp/20180117184524/bg_1516185941133.jpg
[2018-01-17 19:24:17.138] [INFO] access - GET /api/config/lists?keys=&pageSize=15&pageIndex=1
[2018-01-17 19:24:26.325] [WARN] access - GET /api/act/components/lists?keys=
[2018-01-17 19:24:29.631] [WARN] access - GET /api/act/tpl/lists
[2018-01-17 19:24:31.353] [WARN] access - GET /api/act/lists?keys=&pageSize=15&pageIndex=1
[2018-01-17 19:24:33.747] [WARN] access - GET /api/act/tpl/lists
[2018-01-17 19:24:37.159] [INFO] access - GET /api/act/tpl/41
[2018-01-17 19:26:44.932] [WARN] access - GET /temp/20180117184524/bg_1516185941133.jpg
[2018-01-17 19:27:15.642] [WARN] access - GET /temp/20180117184524/bg_1516185941133.jpg
[2018-01-17 19:27:18.289] [WARN] access - GET /temp/20180117184524/bg_1516185941133.jpg
[2018-01-17 19:29:16.756] [WARN] access - GET /api/act/tpl/lists
[2018-01-17 19:29:20.043] [INFO] access - GET /api/act/tpl/42
[2018-01-17 19:30:13.751] [WARN] access - GET /api/act/tpl/lists
[2018-01-17 19:30:15.181] [WARN] access - GET /api/act/components/lists?keys=
[2018-01-17 19:30:21.408] [WARN] access - GET /api/act/tpl/lists
[2018-01-17 19:30:34.171] [WARN] access - GET /temp/20180117184524/bg_1516185941133.jpg
[2018-01-17 19:31:30.641] [INFO] access - GET /api/act/tpl/42
[2018-01-17 19:42:00.103] [WARN] access - GET /api/menu/listsTree
[2018-01-17 19:42:00.110] [WARN] access - GET /api/user/userInfo
[2018-01-17 19:42:00.115] [INFO] access - GET /api/act/tpl/42
[2018-01-17 19:50:07.066] [INFO] access - POST /api/act/upload
[2018-01-17 19:50:40.038] [INFO] access - POST /api/act/upload
[2018-01-17 19:53:17.504] [WARN] access - GET /temp/20180117184524/bg_1516185941133.jpg
[2018-01-17 19:53:39.097] [INFO] access - GET /temp/20180117194200/fail_con_1516189807061.png
[2018-01-17 19:53:43.417] [WARN] access - GET /temp/20180117194200/fail_con_1516189807061.png
[2018-01-17 19:53:43.422] [WARN] access - GET /temp/20180117194200/alertbtn_bg_1516189840032.png
[2018-01-17 19:56:22.082] [WARN] access - GET /api/menu/listsTree
[2018-01-17 19:56:22.097] [WARN] access - GET /api/user/userInfo
[2018-01-17 19:56:22.103] [INFO] access - GET /api/act/tpl/42
[2018-01-17 19:56:44.272] [INFO] access - POST /api/act/upload
[2018-01-17 19:57:09.345] [INFO] access - POST /api/act/upload
[2018-01-17 19:57:40.094] [INFO] access - POST /api/act/upload
[2018-01-17 19:58:50.253] [INFO] access - POST /api/act/upload
[2018-01-17 20:00:08.369] [INFO] access - POST /api/act/upload
[2018-01-17 20:00:48.038] [INFO] access - POST /api/act/upload
[2018-01-17 20:00:54.986] [INFO] access - POST /api/act/upload
[2018-01-17 20:01:40.385] [INFO] access - GET /temp/20180117195622/alertbtn_bg_1516190454979.png
[2018-01-17 20:01:41.727] [WARN] access - GET /temp/20180117195622/close_1516190330248.png
[2018-01-17 20:01:41.731] [WARN] access - GET /temp/20180117195622/fail_con_1516190448027.png
[2018-01-17 20:01:41.737] [WARN] access - GET /temp/20180117195622/alertbtn_bg_1516190454979.png
[2018-01-17 20:01:42.837] [WARN] access - GET /temp/20180117195622/close_1516190330248.png
[2018-01-17 20:01:42.841] [WARN] access - GET /temp/20180117195622/fail_con_1516190448027.png
[2018-01-17 20:01:42.846] [WARN] access - GET /temp/20180117195622/alertbtn_bg_1516190454979.png
[2018-01-17 20:03:38.143] [WARN] access - GET /temp/20180117195622/close_1516190330248.png
[2018-01-17 20:03:38.149] [WARN] access - GET /temp/20180117195622/fail_con_1516190448027.png
[2018-01-17 20:03:38.154] [WARN] access - GET /temp/20180117195622/alertbtn_bg_1516190454979.png
[2018-01-17 20:03:40.729] [WARN] access - GET /temp/20180117195622/close_1516190330248.png
[2018-01-17 20:03:40.734] [WARN] access - GET /temp/20180117195622/fail_con_1516190448027.png
[2018-01-17 20:03:40.738] [WARN] access - GET /temp/20180117195622/alertbtn_bg_1516190454979.png
[2018-01-17 20:04:12.147] [WARN] access - GET /temp/20180117195622/close_1516190330248.png
[2018-01-17 20:04:12.152] [WARN] access - GET /temp/20180117195622/fail_con_1516190448027.png
[2018-01-17 20:04:12.156] [WARN] access - GET /temp/20180117195622/alertbtn_bg_1516190454979.png
[2018-01-17 20:04:26.936] [WARN] access - GET /temp/20180117195622/close_1516190330248.png
[2018-01-17 20:04:26.941] [WARN] access - GET /temp/20180117195622/fail_con_1516190448027.png
[2018-01-17 20:04:26.945] [WARN] access - GET /temp/20180117195622/alertbtn_bg_1516190454979.png
[2018-01-17 20:04:29.634] [WARN] access - GET /temp/20180117195622/close_1516190330248.png
[2018-01-17 20:04:29.639] [WARN] access - GET /temp/20180117195622/fail_con_1516190448027.png
[2018-01-17 20:04:29.643] [WARN] access - GET /temp/20180117195622/alertbtn_bg_1516190454979.png
[2018-01-17 20:04:31.604] [WARN] access - GET /temp/20180117195622/close_1516190330248.png
[2018-01-17 20:04:31.609] [WARN] access - GET /temp/20180117195622/fail_con_1516190448027.png
[2018-01-17 20:04:31.617] [WARN] access - GET /temp/20180117195622/alertbtn_bg_1516190454979.png
[2018-01-17 20:05:43.835] [WARN] access - GET /temp/20180117195622/close_1516190330248.png
[2018-01-17 20:05:43.840] [WARN] access - GET /temp/20180117195622/fail_con_1516190448027.png
[2018-01-17 20:05:43.848] [WARN] access - GET /temp/20180117195622/alertbtn_bg_1516190454979.png
[2018-01-17 20:05:45.151] [WARN] access - GET /temp/20180117195622/close_1516190330248.png
[2018-01-17 20:05:45.156] [WARN] access - GET /temp/20180117195622/fail_con_1516190448027.png
[2018-01-17 20:05:45.161] [WARN] access - GET /temp/20180117195622/alertbtn_bg_1516190454979.png
[2018-01-17 20:10:54.671] [WARN] access - GET /temp/20180117195622/close_1516190330248.png
[2018-01-17 20:10:54.676] [WARN] access - GET /temp/20180117195622/fail_con_1516190448027.png
[2018-01-17 20:10:54.681] [WARN] access - GET /temp/20180117195622/alertbtn_bg_1516190454979.png
[2018-01-17 20:11:44.903] [WARN] access - GET /temp/20180117195622/close_1516190330248.png
[2018-01-17 20:11:44.908] [WARN] access - GET /temp/20180117195622/fail_con_1516190448027.png
[2018-01-17 20:11:44.914] [WARN] access - GET /temp/20180117195622/alertbtn_bg_1516190454979.png
[2018-01-17 20:11:46.396] [WARN] access - GET /temp/20180117195622/close_1516190330248.png
[2018-01-17 20:11:46.402] [WARN] access - GET /temp/20180117195622/fail_con_1516190448027.png
[2018-01-17 20:11:46.407] [WARN] access - GET /temp/20180117195622/alertbtn_bg_1516190454979.png
[2018-01-17 20:11:48.201] [WARN] access - GET /temp/20180117195622/close_1516190330248.png
[2018-01-17 20:11:48.207] [WARN] access - GET /temp/20180117195622/fail_con_1516190448027.png
[2018-01-17 20:11:48.212] [WARN] access - GET /temp/20180117195622/alertbtn_bg_1516190454979.png
[2018-01-17 20:12:20.171] [WARN] access - GET /temp/20180117195622/close_1516190330248.png
[2018-01-17 20:12:20.190] [WARN] access - GET /temp/20180117195622/fail_con_1516190448027.png
[2018-01-17 20:12:20.202] [WARN] access - GET /temp/20180117195622/alertbtn_bg_1516190454979.png
[2018-01-17 20:12:28.121] [WARN] access - GET /temp/20180117195622/close_1516190330248.png
[2018-01-17 20:12:28.129] [WARN] access - GET /temp/20180117195622/fail_con_1516190448027.png
[2018-01-17 20:12:28.135] [WARN] access - GET /temp/20180117195622/alertbtn_bg_1516190454979.png
[2018-01-17 20:12:32.301] [WARN] access - GET /temp/20180117195622/close_1516190330248.png
[2018-01-17 20:12:32.307] [WARN] access - GET /temp/20180117195622/fail_con_1516190448027.png
[2018-01-17 20:12:32.313] [WARN] access - GET /temp/20180117195622/alertbtn_bg_1516190454979.png
[2018-01-17 20:26:22.791] [WARN] access - GET /api/menu/listsTree
[2018-01-17 20:26:22.798] [WARN] access - GET /api/user/userInfo
[2018-01-17 20:26:22.802] [INFO] access - GET /api/act/tpl/42
[2018-01-17 20:26:40.103] [INFO] access - POST /api/act/upload
[2018-01-17 20:26:50.130] [INFO] access - POST /api/act/upload
[2018-01-17 20:27:04.740] [INFO] access - POST /api/act/upload
[2018-01-17 20:27:28.770] [INFO] access - POST /api/act/upload
[2018-01-17 20:33:27.133] [WARN] access - GET /api/menu/listsTree
[2018-01-17 20:33:27.142] [WARN] access - GET /api/user/userInfo
[2018-01-17 20:33:27.146] [INFO] access - GET /api/act/tpl/42
[2018-01-17 20:34:56.168] [WARN] access - GET /api/menu/listsTree
[2018-01-17 20:34:56.175] [WARN] access - GET /api/user/userInfo
[2018-01-17 20:34:56.179] [INFO] access - GET /api/act/tpl/42
[2018-01-17 20:35:12.102] [INFO] access - POST /api/act/upload
[2018-01-17 20:35:28.468] [INFO] access - POST /api/act/upload
[2018-01-17 20:35:47.541] [INFO] access - POST /api/act/upload
[2018-01-17 20:36:15.643] [WARN] access - GET /temp/20180117195622/close_1516190330248.png
[2018-01-17 20:36:15.650] [WARN] access - GET /temp/20180117195622/fail_con_1516190448027.png
[2018-01-17 20:36:15.657] [WARN] access - GET /temp/20180117195622/alertbtn_bg_1516190454979.png
[2018-01-17 20:36:18.168] [WARN] access - GET /temp/20180117195622/close_1516190330248.png
[2018-01-17 20:36:18.175] [WARN] access - GET /temp/20180117195622/fail_con_1516190448027.png
[2018-01-17 20:36:18.180] [WARN] access - GET /temp/20180117195622/alertbtn_bg_1516190454979.png
[2018-01-17 20:38:15.997] [WARN] access - GET /temp/20180117195622/close_1516190330248.png
[2018-01-17 20:38:16.002] [WARN] access - GET /temp/20180117195622/fail_con_1516190448027.png
[2018-01-17 20:38:16.007] [WARN] access - GET /temp/20180117195622/alertbtn_bg_1516190454979.png
[2018-01-17 20:38:17.833] [WARN] access - GET /temp/20180117195622/close_1516190330248.png
[2018-01-17 20:38:17.838] [WARN] access - GET /temp/20180117195622/fail_con_1516190448027.png
[2018-01-17 20:38:17.843] [WARN] access - GET /temp/20180117195622/alertbtn_bg_1516190454979.png
[2018-01-17 20:39:36.251] [WARN] access - GET /temp/20180117195622/close_1516190330248.png
[2018-01-17 20:39:36.255] [WARN] access - GET /temp/20180117195622/fail_con_1516190448027.png
[2018-01-17 20:39:36.260] [WARN] access - GET /temp/20180117195622/alertbtn_bg_1516190454979.png
[2018-01-17 20:42:59.394] [WARN] access - GET /temp/20180117195622/close_1516190330248.png
[2018-01-17 20:42:59.399] [WARN] access - GET /temp/20180117195622/fail_con_1516190448027.png
[2018-01-17 20:42:59.403] [WARN] access - GET /temp/20180117195622/alertbtn_bg_1516190454979.png
[2018-01-17 20:44:42.988] [WARN] access - GET /temp/20180117195622/close_1516190330248.png
[2018-01-17 20:44:42.994] [WARN] access - GET /temp/20180117195622/fail_con_1516190448027.png
[2018-01-17 20:44:42.999] [WARN] access - GET /temp/20180117195622/alertbtn_bg_1516190454979.png
[2018-01-17 20:47:03.669] [WARN] access - GET /temp/20180117195622/close_1516190330248.png
[2018-01-17 20:47:03.676] [WARN] access - GET /temp/20180117195622/fail_con_1516190448027.png
[2018-01-17 20:47:03.680] [WARN] access - GET /temp/20180117195622/alertbtn_bg_1516190454979.png
[2018-01-17 20:47:21.917] [WARN] access - GET /temp/20180117195622/close_1516190330248.png
[2018-01-17 20:47:21.921] [WARN] access - GET /temp/20180117195622/fail_con_1516190448027.png
[2018-01-17 20:47:21.927] [WARN] access - GET /temp/20180117195622/alertbtn_bg_1516190454979.png
[2018-01-17 20:47:23.894] [WARN] access - GET /temp/20180117195622/close_1516190330248.png
[2018-01-17 20:47:23.899] [WARN] access - GET /temp/20180117195622/fail_con_1516190448027.png
[2018-01-17 20:47:23.903] [WARN] access - GET /temp/20180117195622/alertbtn_bg_1516190454979.png
[2018-01-17 20:47:26.693] [WARN] access - GET /temp/20180117195622/close_1516190330248.png
[2018-01-17 20:47:26.698] [WARN] access - GET /temp/20180117195622/fail_con_1516190448027.png
[2018-01-17 20:47:26.702] [WARN] access - GET /temp/20180117195622/alertbtn_bg_1516190454979.png
[2018-01-17 20:47:48.574] [WARN] access - GET /temp/20180117195622/close_1516190330248.png
[2018-01-17 20:47:48.578] [WARN] access - GET /temp/20180117195622/fail_con_1516190448027.png
[2018-01-17 20:47:48.583] [WARN] access - GET /temp/20180117195622/alertbtn_bg_1516190454979.png
[2018-01-17 20:48:29.295] [WARN] access - GET /temp/20180117195622/close_1516190330248.png
[2018-01-17 20:48:29.299] [WARN] access - GET /temp/20180117195622/fail_con_1516190448027.png
[2018-01-17 20:48:29.303] [WARN] access - GET /temp/20180117195622/alertbtn_bg_1516190454979.png
[2018-01-17 20:48:43.166] [WARN] access - GET /temp/20180117195622/close_1516190330248.png
[2018-01-17 20:48:43.171] [WARN] access - GET /temp/20180117195622/fail_con_1516190448027.png
[2018-01-17 20:48:43.176] [WARN] access - GET /temp/20180117195622/alertbtn_bg_1516190454979.png
[2018-01-17 20:49:52.175] [WARN] access - GET /temp/20180117195622/close_1516190330248.png
[2018-01-17 20:49:52.180] [WARN] access - GET /temp/20180117195622/fail_con_1516190448027.png
[2018-01-17 20:49:52.184] [WARN] access - GET /temp/20180117195622/alertbtn_bg_1516190454979.png
[2018-01-17 20:50:14.108] [WARN] access - GET /temp/20180117195622/close_1516190330248.png
[2018-01-17 20:50:14.113] [WARN] access - GET /temp/20180117195622/fail_con_1516190448027.png
[2018-01-17 20:50:14.118] [WARN] access - GET /temp/20180117195622/alertbtn_bg_1516190454979.png
[2018-01-17 20:50:30.405] [WARN] access - GET /temp/20180117195622/close_1516190330248.png
[2018-01-17 20:50:30.413] [WARN] access - GET /temp/20180117195622/fail_con_1516190448027.png
[2018-01-17 20:50:30.417] [WARN] access - GET /temp/20180117195622/alertbtn_bg_1516190454979.png
[2018-01-17 20:51:29.024] [WARN] access - GET /temp/20180117195622/close_1516190330248.png
[2018-01-17 20:51:29.029] [WARN] access - GET /temp/20180117195622/fail_con_1516190448027.png
[2018-01-17 20:51:29.034] [WARN] access - GET /temp/20180117195622/alertbtn_bg_1516190454979.png
[2018-01-17 20:52:11.499] [WARN] access - GET /temp/20180117195622/close_1516190330248.png
[2018-01-17 20:52:11.507] [WARN] access - GET /temp/20180117195622/fail_con_1516190448027.png
[2018-01-17 20:52:11.512] [WARN] access - GET /temp/20180117195622/alertbtn_bg_1516190454979.png
[2018-01-17 20:52:25.260] [WARN] access - GET /temp/20180117195622/close_1516190330248.png
[2018-01-17 20:52:25.264] [WARN] access - GET /temp/20180117195622/fail_con_1516190448027.png
[2018-01-17 20:52:25.269] [WARN] access - GET /temp/20180117195622/alertbtn_bg_1516190454979.png
[2018-01-17 20:52:26.418] [WARN] access - GET /temp/20180117195622/close_1516190330248.png
[2018-01-17 20:52:26.424] [WARN] access - GET /temp/20180117195622/fail_con_1516190448027.png
[2018-01-17 20:52:26.428] [WARN] access - GET /temp/20180117195622/alertbtn_bg_1516190454979.png
[2018-01-17 20:52:27.407] [WARN] access - GET /temp/20180117195622/close_1516190330248.png
[2018-01-17 20:52:27.412] [WARN] access - GET /temp/20180117195622/fail_con_1516190448027.png
[2018-01-17 20:52:27.416] [WARN] access - GET /temp/20180117195622/alertbtn_bg_1516190454979.png
[2018-01-17 20:52:58.541] [WARN] access - GET /temp/20180117195622/close_1516190330248.png
[2018-01-17 20:52:58.545] [WARN] access - GET /temp/20180117195622/fail_con_1516190448027.png
[2018-01-17 20:52:58.550] [WARN] access - GET /temp/20180117195622/alertbtn_bg_1516190454979.png
[2018-01-17 20:53:08.515] [WARN] access - GET /temp/20180117195622/close_1516190330248.png
[2018-01-17 20:53:08.524] [WARN] access - GET /temp/20180117195622/fail_con_1516190448027.png
[2018-01-17 20:53:08.530] [WARN] access - GET /temp/20180117195622/alertbtn_bg_1516190454979.png
[2018-01-17 20:53:12.764] [WARN] access - GET /temp/20180117195622/close_1516190330248.png
[2018-01-17 20:53:12.768] [WARN] access - GET /temp/20180117195622/fail_con_1516190448027.png
[2018-01-17 20:53:12.775] [WARN] access - GET /temp/20180117195622/alertbtn_bg_1516190454979.png
[2018-01-17 20:54:08.411] [WARN] access - GET /temp/20180117195622/close_1516190330248.png
[2018-01-17 20:54:08.416] [WARN] access - GET /temp/20180117195622/fail_con_1516190448027.png
[2018-01-17 20:54:08.421] [WARN] access - GET /temp/20180117195622/alertbtn_bg_1516190454979.png
[2018-01-17 20:54:11.616] [WARN] access - GET /temp/20180117195622/close_1516190330248.png
[2018-01-17 20:54:11.623] [WARN] access - GET /temp/20180117195622/fail_con_1516190448027.png
[2018-01-17 20:54:11.629] [WARN] access - GET /temp/20180117195622/alertbtn_bg_1516190454979.png
[2018-01-17 20:54:45.060] [WARN] access - GET /temp/20180117195622/close_1516190330248.png
[2018-01-17 20:54:45.066] [WARN] access - GET /temp/20180117195622/fail_con_1516190448027.png
[2018-01-17 20:54:45.070] [WARN] access - GET /temp/20180117195622/alertbtn_bg_1516190454979.png
[2018-01-17 20:54:47.384] [WARN] access - GET /temp/20180117195622/close_1516190330248.png
[2018-01-17 20:54:47.391] [WARN] access - GET /temp/20180117195622/fail_con_1516190448027.png
[2018-01-17 20:54:47.396] [WARN] access - GET /temp/20180117195622/alertbtn_bg_1516190454979.png
[2018-01-17 20:56:40.454] [WARN] access - GET /temp/20180117203456/close_1516192512096.png
[2018-01-17 20:56:40.459] [WARN] access - GET /temp/20180117203456/fail_con_1516192528402.png
[2018-01-17 20:56:40.463] [WARN] access - GET /temp/20180117203456/alertbtn_bg_1516192547532.png
[2018-01-17 20:58:23.727] [WARN] access - GET /api/menu/listsTree
[2018-01-17 20:58:23.739] [WARN] access - GET /api/user/userInfo
[2018-01-17 20:58:23.752] [INFO] access - GET /api/act/tpl/42
[2018-01-17 20:58:27.896] [WARN] access - GET /api/menu/listsTree
[2018-01-17 20:58:27.903] [INFO] access - GET /api/menu/lists?keys=
[2018-01-17 20:58:27.912] [WARN] access - GET /api/menu/listsTree
[2018-01-17 20:59:10.707] [WARN] access - GET /temp/20180117203456/close_1516192512096.png
[2018-01-17 20:59:10.713] [WARN] access - GET /temp/20180117203456/fail_con_1516192528402.png
[2018-01-17 20:59:10.721] [WARN] access - GET /temp/20180117203456/alertbtn_bg_1516192547532.png
