[2018-01-12 10:43:44.100] [INFO] access - POST /api/act/upload
[2018-01-12 10:49:26.719] [WARN] access - GET /api/user/userInfo
[2018-01-12 10:49:26.725] [WARN] access - GET /api/menu/listsTree
[2018-01-12 10:49:26.732] [INFO] access - GET /api/act/tpl/39
[2018-01-12 10:49:49.355] [WARN] access - GET /api/menu/listsTree
[2018-01-12 10:49:49.360] [WARN] access - GET /api/user/userInfo
[2018-01-12 10:49:49.383] [INFO] access - GET /api/act/tpl/39
[2018-01-12 10:51:00.308] [WARN] access - GET /api/menu/listsTree
[2018-01-12 10:51:00.331] [WARN] access - GET /api/user/userInfo
[2018-01-12 10:51:00.352] [INFO] access - GET /api/act/tpl/39
[2018-01-12 10:53:07.177] [WARN] access - GET /api/menu/listsTree
[2018-01-12 10:53:07.184] [WARN] access - GET /api/user/userInfo
[2018-01-12 10:53:07.188] [INFO] access - GET /api/act/tpl/39
[2018-01-12 10:53:58.309] [WARN] access - GET /api/menu/listsTree
[2018-01-12 10:53:58.315] [WARN] access - GET /api/user/userInfo
[2018-01-12 10:53:58.352] [INFO] access - GET /api/act/tpl/39
[2018-01-12 10:57:20.069] [WARN] access - GET /api/menu/listsTree
[2018-01-12 10:57:20.076] [WARN] access - GET /api/user/userInfo
[2018-01-12 10:57:20.144] [INFO] access - GET /api/act/tpl/39
[2018-01-12 11:01:01.548] [WARN] access - GET /api/menu/listsTree
[2018-01-12 11:01:01.559] [WARN] access - GET /api/user/userInfo
[2018-01-12 11:01:01.571] [INFO] access - GET /api/act/tpl/39
[2018-01-12 11:08:54.630] [WARN] access - GET /api/menu/listsTree
[2018-01-12 11:08:54.638] [WARN] access - GET /api/user/userInfo
[2018-01-12 11:08:54.644] [INFO] access - GET /api/act/tpl/39
[2018-01-12 11:09:56.240] [WARN] access - GET /api/menu/listsTree
[2018-01-12 11:09:56.251] [WARN] access - GET /api/user/userInfo
[2018-01-12 11:09:56.268] [INFO] access - GET /api/act/tpl/39
[2018-01-12 11:10:16.876] [WARN] access - GET /api/menu/listsTree
[2018-01-12 11:10:16.882] [WARN] access - GET /api/user/userInfo
[2018-01-12 11:10:16.888] [INFO] access - GET /api/act/tpl/39
[2018-01-12 11:10:52.625] [WARN] access - GET /api/menu/listsTree
[2018-01-12 11:10:52.630] [WARN] access - GET /api/user/userInfo
[2018-01-12 11:10:52.635] [INFO] access - GET /api/act/tpl/39
[2018-01-12 11:11:14.053] [WARN] access - GET /api/menu/listsTree
[2018-01-12 11:11:14.059] [WARN] access - GET /api/user/userInfo
[2018-01-12 11:11:14.075] [INFO] access - GET /api/act/tpl/39
[2018-01-12 11:12:13.528] [WARN] access - GET /api/menu/listsTree
[2018-01-12 11:12:13.534] [WARN] access - GET /api/user/userInfo
[2018-01-12 11:12:13.555] [INFO] access - GET /api/act/tpl/39
[2018-01-12 11:16:49.906] [WARN] access - GET /api/menu/listsTree
[2018-01-12 11:16:49.913] [WARN] access - GET /api/user/userInfo
[2018-01-12 11:16:49.919] [INFO] access - GET /api/act/tpl/39
[2018-01-12 11:18:15.067] [WARN] access - GET /api/menu/listsTree
[2018-01-12 11:18:15.075] [WARN] access - GET /api/user/userInfo
[2018-01-12 11:18:15.080] [INFO] access - GET /api/act/tpl/39
[2018-01-12 11:18:54.922] [WARN] access - GET /api/menu/listsTree
[2018-01-12 11:18:54.927] [WARN] access - GET /api/user/userInfo
[2018-01-12 11:18:54.947] [INFO] access - GET /api/act/tpl/39
[2018-01-12 11:19:31.024] [INFO] access - POST /api/act/upload
[2018-01-12 11:29:44.671] [WARN] access - GET /api/menu/listsTree
[2018-01-12 11:29:44.679] [WARN] access - GET /api/user/userInfo
[2018-01-12 11:29:44.685] [INFO] access - GET /api/act/tpl/39
[2018-01-12 11:30:00.265] [INFO] access - POST /api/act/upload
[2018-01-12 11:30:23.155] [WARN] access - GET /api/menu/listsTree
[2018-01-12 11:30:23.169] [WARN] access - GET /api/user/userInfo
[2018-01-12 11:30:23.175] [INFO] access - GET /api/act/tpl/39
[2018-01-12 11:30:30.096] [INFO] access - POST /api/act/upload
[2018-01-12 11:33:41.004] [WARN] access - GET /api/menu/listsTree
[2018-01-12 11:33:41.014] [WARN] access - GET /api/user/userInfo
[2018-01-12 11:33:41.019] [INFO] access - GET /api/act/tpl/39
[2018-01-12 11:33:47.550] [INFO] access - POST /api/act/upload
[2018-01-12 11:36:58.170] [WARN] access - GET /api/menu/listsTree
[2018-01-12 11:36:58.186] [WARN] access - GET /api/user/userInfo
[2018-01-12 11:36:58.193] [INFO] access - GET /api/act/tpl/39
[2018-01-12 11:42:00.512] [WARN] access - GET /api/menu/listsTree
[2018-01-12 11:42:00.519] [WARN] access - GET /api/user/userInfo
[2018-01-12 11:42:00.620] [INFO] access - GET /api/act/tpl/39
[2018-01-12 11:42:52.674] [WARN] access - GET /api/menu/listsTree
[2018-01-12 11:42:52.680] [WARN] access - GET /api/user/userInfo
[2018-01-12 11:42:52.705] [INFO] access - GET /api/act/tpl/39
[2018-01-12 11:43:51.439] [INFO] access - POST /api/act/upload
[2018-01-12 11:44:07.722] [INFO] access - POST /api/act/upload
[2018-01-12 11:45:04.632] [WARN] access - GET /api/menu/listsTree
[2018-01-12 11:45:04.642] [WARN] access - GET /api/user/userInfo
[2018-01-12 11:45:04.652] [INFO] access - GET /api/act/tpl/39
[2018-01-12 11:45:10.998] [INFO] access - POST /api/act/upload
[2018-01-12 11:45:23.962] [WARN] access - GET /api/menu/listsTree
[2018-01-12 11:45:23.968] [WARN] access - GET /api/user/userInfo
[2018-01-12 11:45:23.985] [INFO] access - GET /api/act/tpl/39
[2018-01-12 11:45:29.334] [INFO] access - POST /api/act/upload
[2018-01-12 11:47:41.149] [WARN] access - GET /api/menu/listsTree
[2018-01-12 11:47:41.158] [WARN] access - GET /api/user/userInfo
[2018-01-12 11:47:41.162] [INFO] access - GET /api/act/tpl/39
[2018-01-12 11:49:55.351] [WARN] access - GET /api/menu/listsTree
[2018-01-12 11:49:55.359] [WARN] access - GET /api/user/userInfo
[2018-01-12 11:49:55.366] [INFO] access - GET /api/act/tpl/39
[2018-01-12 12:06:47.130] [WARN] access - GET /api/menu/listsTree
[2018-01-12 12:06:47.138] [WARN] access - GET /api/user/userInfo
[2018-01-12 12:06:47.144] [INFO] access - GET /api/act/tpl/39
[2018-01-12 13:37:42.910] [INFO] access - POST /api/act/upload
[2018-01-12 13:37:56.713] [INFO] access - POST /api/act/upload
[2018-01-12 13:38:07.361] [INFO] access - POST /api/act/upload
[2018-01-12 13:40:23.657] [INFO] access - POST /api/act/upload
[2018-01-12 13:41:13.969] [INFO] access - POST /api/act/upload
[2018-01-12 13:41:47.585] [INFO] access - POST /api/act/upload
[2018-01-12 13:42:08.988] [INFO] access - POST /api/act/upload
[2018-01-12 13:42:21.644] [INFO] access - POST /api/act/upload
[2018-01-12 13:42:43.089] [INFO] access - POST /api/act/upload
[2018-01-12 13:42:48.987] [INFO] access - POST /api/act/upload
[2018-01-12 13:44:07.311] [INFO] access - POST /api/act/upload
[2018-01-12 13:44:23.535] [INFO] access - POST /api/act/upload
[2018-01-12 13:44:27.474] [INFO] access - POST /api/act/upload
[2018-01-12 13:44:33.251] [INFO] access - POST /api/act/upload
[2018-01-12 13:45:30.848] [INFO] access - POST /api/act/upload
[2018-01-12 13:46:46.462] [INFO] access - POST /api/act/upload
[2018-01-12 13:47:35.844] [INFO] access - POST /api/act/upload
[2018-01-12 13:47:52.043] [INFO] access - POST /api/act/upload
[2018-01-12 13:48:16.752] [INFO] access - POST /api/act/upload
[2018-01-12 13:48:30.031] [INFO] access - POST /api/act/upload
[2018-01-12 13:49:39.936] [INFO] access - POST /api/act/upload
[2018-01-12 13:49:50.446] [INFO] access - POST /api/act/upload
[2018-01-12 13:50:03.416] [INFO] access - POST /api/act/upload
[2018-01-12 13:50:20.514] [INFO] access - POST /api/act/upload
[2018-01-12 13:51:27.034] [INFO] access - GET /preview/act?timeId=20180112120647&tplData=%7B%22title%22%3A%22%E7%AE%80%E5%8D%95%E5%80%9F%E6%AC%BE%22%2C%22style%22%3A%7B%22background-color%22%3A%22%22%2C%22background-repeat%22%3A%22repeat-y%22%2C%22background-image%22%3A%22%2Ftemp%2F20180112120647%2Fbg_1515735707578.jpg%22%7D%2C%22components%22%3A%5B%7B%22name%22%3A%22images%22%2C%22image_path%22%3A%5B%22%2Ftemp%2F20180112120647%2Ftitle_hour_1515735476704.jpg%22%5D%7D%2C%7B%22name%22%3A%22forms%22%2C%22wrap%22%3A%7B%22style%22%3A%7B%22width%22%3A%22%22%2C%22background-color%22%3A%22%22%2C%22background-image%22%3A%22%2Ftemp%2F20180112120647%2Fbg_1515735728982.jpg%22%2C%22height%22%3A%22750px%22%2C%22background-repeat%22%3A%22repeat-y%22%7D%7D%2C%22icon%22%3A%7B%22style%22%3A%7B%22color%22%3A%22%22%7D%7D%2C%22btnCode%22%3A%7B%22style%22%3A%7B%22color%22%3A%22red%22%7D%2C%22alert%22%3A%22%22%7D%2C%22content%22%3A%7B%22space%22%3Afalse%2C%22radius%22%3Atrue%2C%22style%22%3A%7B%22width%22%3A%22%22%2C%22height%22%3A%22510%22%2C%22border-color%22%3A%22%22%7D%7D%2C%22button%22%3A%7B%22imageUrl%22%3A%22%2Ftemp%2F20180112120647%2Fsubmit_1515735741634.jpg%22%2C%22usages%22%3A%5B%5D%2C%22href%22%3A%22%22%2C%22style%22%3A%7B%22width%22%3A%22%22%2C%22height%22%3A%22150px%22%7D%2C%22responses%22%3A%5B%5D%2C%22uuid%22%3A%2226bd827a1cb24192aff03adbd0afff0d%22%7D%7D%2C%7B%22name%22%3A%22images%22%2C%22image_path%22%3A%5B%22%2Ftemp%2F20180112120647%2Fad_1515735863527.png%22%2C%22%2Ftemp%2F20180112120647%2Fad1_1515735867464.png%22%2C%22%2Ftemp%2F20180112120647%2Fad2_1515735873245.png%22%5D%7D%2C%7B%22name%22%3A%22shares%22%2C%22share%22%3A%7B%22url%22%3A%22%22%2C%22title%22%3A%22%E5%88%86%E4%BA%AB%E6%A0%87%E9%A2%98%E6%B5%8B%E8%AF%95%22%2C%22desc%22%3A%22%E5%88%86%E4%BA%AB%E5%86%85%E5%AE%B9%E6%B5%8B%E8%AF%95%22%2C%22imgUrl%22%3A%22%2Ftemp%2F20180112120647%2Fdes1_1515735930842.png%22%7D%7D%2C%7B%22name%22%3A%22alerts%22%2C%22wrap%22%3A%7B%22closeBtn%22%3A%7B%22isShow%22%3Atrue%2C%22image_path%22%3A%5B%22%2Ftemp%2F20180112120647%2Fclose_1515736072035.png%22%5D%7D%2C%22style%22%3A%7B%22width%22%3A%22900px%22%2C%22height%22%3A%22900px%22%2C%22background-color%22%3A%22%22%2C%22background-image%22%3A%22%2Ftemp%2F20180112120647%2Fsuc_bot_1515736055837.png%22%2C%22background-repeat%22%3A%22repeat-y%22%2C%22border-radius%22%3A%226px%22%7D%7D%2C%22contents%22%3A%7B%22name%22%3A%22_sample_alert%22%2C%22image_path%22%3A%5B%22%2Ftemp%2F20180112120647%2Ffail_con_1515736096730.png%22%5D%2C%22uuid%22%3A%220299a086318a4aaea554bc4c31196534%22%7D%2C%22buttons%22%3A%5B%7B%22imageUrl%22%3A%22%2Ftemp%2F20180112120647%2Falertbtn_bg_1515736110025.png%22%2C%22usages%22%3A%5B%22goPageClose%22%5D%2C%22href%22%3A%22%22%2C%22style%22%3A%7B%22width%22%3A%22700px%22%2C%22height%22%3A%22130px%22%7D%2C%22responses%22%3A%5B%5D%2C%22uuid%22%3A%229c1772e988b143b6bb5f84a3ffc761bc%22%7D%5D%7D%2C%7B%22name%22%3A%22alerts%22%2C%22wrap%22%3A%7B%22closeBtn%22%3A%7B%22isShow%22%3Atrue%2C%22image_path%22%3A%5B%22%2Ftemp%2F20180112120647%2Fclose_1515736190440.png%22%5D%7D%2C%22style%22%3A%7B%22width%22%3A%22900px%22%2C%22height%22%3A%22900px%22%2C%22background-color%22%3A%22%22%2C%22background-image%22%3A%22%2Ftemp%2F20180112120647%2Fsuc_bot_1515736179929.png%22%2C%22background-repeat%22%3A%22%22%2C%22border-radius%22%3A%226px%22%7D%7D%2C%22contents%22%3A%7B%22name%22%3A%22_sample_alert%22%2C%22image_path%22%3A%5B%22%2Ftemp%2F20180112120647%2Fsuc_con_1515736203403.png%22%5D%2C%22uuid%22%3A%221ac24bf632424a029471c269a942364e%22%7D%2C%22buttons%22%3A%5B%7B%22imageUrl%22%3A%22%2Ftemp%2F20180112120647%2Falertbtn_bg_1515736220465.png%22%2C%22usages%22%3A%5B%22goBackEnd%22%5D%2C%22href%22%3A%22%22%2C%22style%22%3A%7B%22width%22%3A%22700px%22%2C%22height%22%3A%22130px%22%7D%2C%22responses%22%3A%5B%7B%221008%22%3A%22this.handle%22%7D%5D%2C%22uuid%22%3A%22b2abeac7333c4e5fadd9532f5188020b%22%7D%5D%7D%5D%2C%22activityCode%22%3A%2232b5ed65d7a14935861a82cc4fc1de73%22%7D
[2018-01-12 13:51:27.065] [INFO] access - GET /temp/20180112120647/min.css
[2018-01-12 13:51:27.077] [INFO] access - GET /temp/20180112120647/min.js
[2018-01-12 13:51:27.104] [WARN] access - GET /temp/20180112120647/title_hour_1515735476704.jpg
[2018-01-12 13:51:27.108] [WARN] access - GET /temp/20180112120647/ad_1515735863527.png
[2018-01-12 13:51:27.113] [WARN] access - GET /temp/20180112120647/ad1_1515735867464.png
[2018-01-12 13:51:27.119] [WARN] access - GET /temp/20180112120647/ad2_1515735873245.png
[2018-01-12 13:51:27.124] [WARN] access - GET /temp/20180112120647/close_1515736072035.png
[2018-01-12 13:51:27.150] [WARN] access - GET /temp/20180112120647/bg_1515735728982.jpg
[2018-01-12 13:51:27.157] [WARN] access - GET /temp/20180112120647/alertbtn_bg_1515736220465.png
[2018-01-12 13:51:27.161] [WARN] access - GET /temp/20180112120647/bg_1515735707578.jpg
[2018-01-12 13:51:27.166] [WARN] access - GET /temp/20180112120647/suc_con_1515736203403.png
[2018-01-12 13:51:27.172] [WARN] access - GET /temp/20180112120647/close_1515736190440.png
[2018-01-12 13:51:27.189] [WARN] access - GET /temp/20180112120647/fail_con_1515736096730.png
[2018-01-12 13:51:27.197] [WARN] access - GET /temp/20180112120647/alertbtn_bg_1515736110025.png
[2018-01-12 13:51:35.383] [INFO] access - POST /api/act/draft
[2018-01-12 13:51:35.729] [INFO] access - GET /api/act/lists?keys=&pageSize=15&pageIndex=1
[2018-01-12 13:51:38.059] [INFO] access - GET /api/act/79
[2018-01-12 13:52:06.101] [INFO] access - POST /api/act/draft
[2018-01-12 13:52:06.385] [INFO] access - GET /api/act/lists?keys=&pageSize=15&pageIndex=1
[2018-01-12 13:52:09.542] [INFO] access - GET /api/act/79
[2018-01-12 13:52:16.930] [INFO] access - POST /api/act/publish
[2018-01-12 13:52:17.222] [INFO] access - GET /api/act/lists?keys=&pageSize=15&pageIndex=1
[2018-01-12 13:52:25.469] [INFO] access - GET /api/act/79
[2018-01-12 14:35:19.475] [WARN] access - GET /api/menu/listsTree
[2018-01-12 14:35:19.484] [WARN] access - GET /api/user/userInfo
[2018-01-12 14:35:19.489] [INFO] access - GET /api/act/79
[2018-01-12 14:37:46.408] [WARN] access - GET /api/menu/listsTree
[2018-01-12 14:37:46.416] [WARN] access - GET /api/user/userInfo
[2018-01-12 14:37:46.427] [INFO] access - GET /api/act/79
[2018-01-12 14:39:33.631] [WARN] access - GET /api/menu/listsTree
[2018-01-12 14:39:33.639] [WARN] access - GET /api/user/userInfo
[2018-01-12 14:39:33.644] [INFO] access - GET /api/act/79
[2018-01-12 14:40:02.283] [WARN] access - GET /api/menu/listsTree
[2018-01-12 14:40:02.291] [WARN] access - GET /api/user/userInfo
[2018-01-12 14:40:02.315] [INFO] access - GET /api/act/79
[2018-01-12 14:41:01.051] [INFO] access - POST /api/act/upload
[2018-01-12 14:41:36.641] [WARN] access - GET /api/menu/listsTree
[2018-01-12 14:41:36.648] [WARN] access - GET /api/user/userInfo
[2018-01-12 14:41:36.670] [INFO] access - GET /api/act/79
[2018-01-12 14:43:45.018] [WARN] access - GET /api/menu/listsTree
[2018-01-12 14:43:45.025] [WARN] access - GET /api/user/userInfo
[2018-01-12 14:43:45.030] [INFO] access - GET /api/act/79
[2018-01-12 14:44:10.853] [INFO] access - POST /api/act/upload
[2018-01-12 14:44:46.145] [INFO] access - POST /api/act/draft
[2018-01-12 14:44:46.451] [INFO] access - GET /api/act/lists?keys=&pageSize=15&pageIndex=1
[2018-01-12 14:44:48.748] [INFO] access - GET /api/act/79
[2018-01-12 14:45:06.912] [WARN] access - GET /api/menu/listsTree
[2018-01-12 14:45:06.920] [WARN] access - GET /api/user/userInfo
[2018-01-12 14:45:06.942] [INFO] access - GET /api/act/79
[2018-01-12 14:45:07.283] [WARN] access - GET /temp/20180112144345/submit_1515739450847.jpg
[2018-01-12 14:47:03.088] [WARN] access - GET /api/menu/listsTree
[2018-01-12 14:47:03.096] [WARN] access - GET /api/user/userInfo
[2018-01-12 14:47:03.102] [INFO] access - GET /api/act/79
[2018-01-12 14:47:03.381] [WARN] access - GET /temp/20180112144345/submit_1515739450847.jpg
[2018-01-12 14:47:18.724] [WARN] access - GET /api/menu/listsTree
[2018-01-12 14:47:18.730] [WARN] access - GET /api/user/userInfo
[2018-01-12 14:47:18.749] [INFO] access - GET /api/act/79
[2018-01-12 14:47:18.994] [WARN] access - GET /temp/20180112144345/submit_1515739450847.jpg
[2018-01-12 14:48:55.645] [INFO] access - POST /api/act/upload
[2018-01-12 14:50:10.340] [INFO] access - POST /api/act/draft
[2018-01-12 14:50:10.697] [INFO] access - GET /api/act/lists?keys=&pageSize=15&pageIndex=1
[2018-01-12 14:50:35.098] [INFO] access - GET /api/act/79
[2018-01-12 14:51:30.135] [WARN] access - GET /api/menu/listsTree
[2018-01-12 14:51:30.147] [WARN] access - GET /api/user/userInfo
[2018-01-12 14:51:30.158] [INFO] access - GET /api/act/79
[2018-01-12 14:51:30.439] [WARN] access - GET /temp/20180112144718/submit_1515739735639.jpg
[2018-01-12 14:52:26.740] [WARN] access - GET /api/menu/listsTree
[2018-01-12 14:52:26.745] [WARN] access - GET /api/user/userInfo
[2018-01-12 14:52:26.764] [INFO] access - GET /api/act/79
[2018-01-12 14:53:16.231] [WARN] access - GET /temp/20180112144718/submit_1515739735639.jpg
[2018-01-12 14:53:17.714] [WARN] access - GET /api/menu/listsTree
[2018-01-12 14:53:17.725] [WARN] access - GET /api/user/userInfo
[2018-01-12 14:53:17.736] [INFO] access - GET /api/act/79
[2018-01-12 14:53:37.221] [WARN] access - GET /temp/20180112144718/submit_1515739735639.jpg
[2018-01-12 14:55:02.892] [WARN] access - GET /api/menu/listsTree
[2018-01-12 14:55:02.901] [WARN] access - GET /api/user/userInfo
[2018-01-12 14:55:02.909] [INFO] access - GET /api/act/79
[2018-01-12 14:55:35.694] [WARN] access - GET /temp/20180112144718/submit_1515739735639.jpg
[2018-01-12 14:57:08.301] [WARN] access - GET /api/menu/listsTree
[2018-01-12 14:57:08.312] [WARN] access - GET /api/user/userInfo
[2018-01-12 14:57:08.325] [INFO] access - GET /api/act/79
[2018-01-12 14:57:50.635] [WARN] access - GET /temp/20180112144718/submit_1515739735639.jpg
[2018-01-12 14:57:51.941] [WARN] access - GET /api/menu/listsTree
[2018-01-12 14:57:51.945] [WARN] access - GET /api/user/userInfo
[2018-01-12 14:57:51.962] [INFO] access - GET /api/act/79
[2018-01-12 14:59:57.999] [WARN] access - GET /temp/20180112144718/submit_1515739735639.jpg
[2018-01-12 14:59:59.602] [WARN] access - GET /api/menu/listsTree
[2018-01-12 14:59:59.608] [WARN] access - GET /api/user/userInfo
[2018-01-12 14:59:59.638] [INFO] access - GET /api/act/79
[2018-01-12 15:00:03.315] [WARN] access - GET /temp/20180112144718/submit_1515739735639.jpg
[2018-01-12 15:00:41.821] [WARN] access - GET /api/menu/listsTree
[2018-01-12 15:00:41.833] [WARN] access - GET /api/user/userInfo
[2018-01-12 15:00:41.842] [INFO] access - GET /api/act/79
[2018-01-12 15:00:42.168] [WARN] access - GET /temp/20180112144718/submit_1515739735639.jpg
[2018-01-12 15:00:45.437] [WARN] access - GET /api/menu/listsTree
[2018-01-12 15:00:45.444] [WARN] access - GET /api/user/userInfo
[2018-01-12 15:00:45.458] [INFO] access - GET /api/act/79
[2018-01-12 15:00:45.835] [WARN] access - GET /temp/20180112144718/submit_1515739735639.jpg
[2018-01-12 15:03:51.366] [WARN] access - GET /api/menu/listsTree
[2018-01-12 15:03:51.373] [WARN] access - GET /api/user/userInfo
[2018-01-12 15:03:51.380] [INFO] access - GET /api/act/79
[2018-01-12 15:03:51.679] [WARN] access - GET /temp/20180112144718/submit_1515739735639.jpg
[2018-01-12 15:04:38.753] [WARN] access - GET /api/menu/listsTree
[2018-01-12 15:04:38.766] [WARN] access - GET /api/user/userInfo
[2018-01-12 15:04:38.783] [INFO] access - GET /api/act/79
[2018-01-12 15:06:25.895] [WARN] access - GET /temp/20180112144718/submit_1515739735639.jpg
[2018-01-12 15:09:45.854] [WARN] access - GET /api/menu/listsTree
[2018-01-12 15:09:45.864] [WARN] access - GET /api/user/userInfo
[2018-01-12 15:09:45.871] [INFO] access - GET /api/act/79
[2018-01-12 15:09:48.583] [WARN] access - GET /temp/20180112144718/submit_1515739735639.jpg
[2018-01-12 15:10:57.801] [WARN] access - GET /api/menu/listsTree
[2018-01-12 15:10:57.810] [WARN] access - GET /api/user/userInfo
[2018-01-12 15:10:57.818] [INFO] access - GET /api/act/79
[2018-01-12 15:16:13.718] [WARN] access - GET /temp/20180112144718/submit_1515739735639.jpg
[2018-01-12 15:16:15.193] [WARN] access - GET /api/menu/listsTree
[2018-01-12 15:16:15.199] [WARN] access - GET /api/user/userInfo
[2018-01-12 15:16:15.222] [INFO] access - GET /api/act/79
[2018-01-12 15:16:15.520] [WARN] access - GET /temp/20180112144718/submit_1515739735639.jpg
[2018-01-12 15:16:30.932] [WARN] access - GET /api/menu/listsTree
[2018-01-12 15:16:30.939] [WARN] access - GET /api/user/userInfo
[2018-01-12 15:16:30.958] [INFO] access - GET /api/act/79
[2018-01-12 15:16:31.264] [WARN] access - GET /temp/20180112144718/submit_1515739735639.jpg
[2018-01-12 15:17:56.705] [INFO] access - GET /api/act/79
[2018-01-12 15:19:57.700] [WARN] access - GET /api/menu/listsTree
[2018-01-12 15:19:57.708] [WARN] access - GET /api/user/userInfo
[2018-01-12 15:19:57.713] [INFO] access - GET /api/act/79
[2018-01-12 15:19:57.944] [WARN] access - GET /temp/20180112144718/submit_1515739735639.jpg
[2018-01-12 15:20:16.690] [INFO] access - POST /api/act/upload
[2018-01-12 15:21:45.523] [INFO] access - POST /api/act/draft
[2018-01-12 15:21:45.850] [INFO] access - GET /api/act/lists?keys=&pageSize=15&pageIndex=1
[2018-01-12 15:21:47.797] [INFO] access - GET /api/act/79
[2018-01-12 15:22:02.196] [INFO] access - POST /api/act/upload
[2018-01-12 15:22:38.225] [WARN] access - GET /api/menu/listsTree
[2018-01-12 15:22:38.238] [WARN] access - GET /api/user/userInfo
[2018-01-12 15:22:38.259] [INFO] access - GET /api/act/79
[2018-01-12 15:22:38.585] [WARN] access - GET /temp/20180112151957/close_1515741616680.png
[2018-01-12 15:22:49.080] [WARN] access - GET /api/menu/listsTree
[2018-01-12 15:22:49.090] [WARN] access - GET /api/user/userInfo
[2018-01-12 15:22:49.098] [INFO] access - GET /api/act/79
[2018-01-12 15:22:49.418] [WARN] access - GET /temp/20180112151957/close_1515741616680.png
[2018-01-12 15:26:00.528] [ERROR] access - GET /api/menu/listsTree
[2018-01-12 15:26:10.526] [ERROR] access - GET /api/user/userInfo
[2018-01-12 15:26:20.541] [ERROR] access - GET /api/act/79
[2018-01-12 15:27:58.326] [ERROR] access - GET /api/menu/listsTree
[2018-01-12 15:28:08.326] [ERROR] access - GET /api/user/userInfo
[2018-01-12 15:28:16.362] [INFO] access - GET /api/act/79
[2018-01-12 15:28:16.752] [WARN] access - GET /temp/20180112151957/close_1515741616680.png
[2018-01-12 15:28:21.345] [INFO] access - GET /api/menu/listsTree
[2018-01-12 15:28:21.351] [INFO] access - GET /api/user/userInfo
[2018-01-12 15:28:21.358] [INFO] access - GET /api/act/79
[2018-01-12 15:28:21.649] [WARN] access - GET /temp/20180112151957/close_1515741616680.png
[2018-01-12 15:28:32.386] [WARN] access - GET /api/menu/listsTree
[2018-01-12 15:28:32.390] [WARN] access - GET /api/user/userInfo
[2018-01-12 15:28:32.542] [INFO] access - GET /api/act/79
[2018-01-12 15:28:32.965] [WARN] access - GET /temp/20180112151957/close_1515741616680.png
[2018-01-12 15:29:24.584] [WARN] access - GET /api/menu/listsTree
[2018-01-12 15:29:24.597] [WARN] access - GET /api/user/userInfo
[2018-01-12 15:29:24.610] [INFO] access - GET /api/act/79
[2018-01-12 15:29:25.069] [WARN] access - GET /temp/20180112151957/close_1515741616680.png
[2018-01-12 15:30:03.574] [INFO] access - GET /api/act/79
[2018-01-12 15:30:05.364] [WARN] access - GET /api/menu/listsTree
[2018-01-12 15:30:05.370] [WARN] access - GET /api/user/userInfo
[2018-01-12 15:30:05.387] [INFO] access - GET /api/act/79
[2018-01-12 15:31:30.043] [WARN] access - GET /temp/20180112151957/close_1515741616680.png
[2018-01-12 15:31:31.187] [WARN] access - GET /api/menu/listsTree
[2018-01-12 15:31:31.193] [WARN] access - GET /api/user/userInfo
[2018-01-12 15:31:31.214] [INFO] access - GET /api/act/79
[2018-01-12 15:35:00.794] [WARN] access - GET /temp/20180112151957/close_1515741616680.png
[2018-01-12 15:35:02.171] [WARN] access - GET /api/menu/listsTree
[2018-01-12 15:35:02.176] [WARN] access - GET /api/user/userInfo
[2018-01-12 15:35:02.202] [INFO] access - GET /api/act/79
[2018-01-12 15:35:08.213] [WARN] access - GET /temp/20180112151957/close_1515741616680.png
[2018-01-12 15:35:09.480] [WARN] access - GET /api/menu/listsTree
[2018-01-12 15:35:09.485] [WARN] access - GET /api/user/userInfo
[2018-01-12 15:35:09.502] [INFO] access - GET /api/act/79
[2018-01-12 15:35:33.533] [WARN] access - GET /temp/20180112151957/close_1515741616680.png
[2018-01-12 15:38:07.775] [WARN] access - GET /api/menu/listsTree
[2018-01-12 15:38:07.783] [WARN] access - GET /api/user/userInfo
[2018-01-12 15:38:07.788] [INFO] access - GET /api/act/79
[2018-01-12 15:44:02.729] [WARN] access - GET /temp/20180112151957/close_1515741616680.png
[2018-01-12 15:44:12.632] [WARN] access - GET /api/act/tpl/lists
[2018-01-12 15:44:12.665] [WARN] access - GET /images/act_tpl_image/1515638582004.png
[2018-01-12 15:44:35.827] [INFO] access - POST /api/act/tpl/add
[2018-01-12 15:44:36.074] [INFO] access - GET /api/act/tpl/lists
[2018-01-12 15:44:37.922] [INFO] access - GET /api/act/tpl/39
[2018-01-12 15:44:44.806] [WARN] access - GET /api/act/tpl/lists
[2018-01-12 15:44:46.021] [INFO] access - GET /api/act/tpl/40
[2018-01-12 15:44:54.630] [INFO] access - POST /api/act/upload
[2018-01-12 15:45:20.936] [WARN] access - GET /api/menu/listsTree
[2018-01-12 15:45:20.941] [WARN] access - GET /api/user/userInfo
[2018-01-12 15:45:20.960] [INFO] access - GET /api/act/tpl/40
[2018-01-12 15:45:52.781] [WARN] access - GET /api/menu/listsTree
[2018-01-12 15:45:52.787] [WARN] access - GET /api/user/userInfo
[2018-01-12 15:45:52.804] [INFO] access - GET /api/act/tpl/40
[2018-01-12 15:46:01.924] [WARN] access - GET /api/menu/listsTree
[2018-01-12 15:46:01.950] [WARN] access - GET /api/user/userInfo
[2018-01-12 15:46:01.961] [INFO] access - GET /api/act/tpl/40
[2018-01-12 15:47:14.230] [WARN] access - GET /api/menu/listsTree
[2018-01-12 15:47:14.247] [WARN] access - GET /api/user/userInfo
[2018-01-12 15:47:14.271] [INFO] access - GET /api/act/tpl/40
[2018-01-12 15:48:06.510] [WARN] access - GET /api/menu/listsTree
[2018-01-12 15:48:06.521] [WARN] access - GET /api/user/userInfo
[2018-01-12 15:48:06.535] [INFO] access - GET /api/act/tpl/40
[2018-01-12 15:48:28.335] [WARN] access - GET /api/menu/listsTree
[2018-01-12 15:48:28.339] [WARN] access - GET /api/user/userInfo
[2018-01-12 15:48:28.355] [INFO] access - GET /api/act/tpl/40
[2018-01-12 15:49:43.739] [WARN] access - GET /api/menu/listsTree
[2018-01-12 15:49:43.790] [WARN] access - GET /api/user/userInfo
[2018-01-12 15:49:43.827] [INFO] access - GET /api/act/tpl/40
[2018-01-12 15:50:30.519] [WARN] access - GET /api/menu/listsTree
[2018-01-12 15:50:30.524] [WARN] access - GET /api/user/userInfo
[2018-01-12 15:50:30.531] [INFO] access - GET /api/act/tpl/40
[2018-01-12 15:50:52.868] [WARN] access - GET /api/menu/listsTree
[2018-01-12 15:50:52.873] [WARN] access - GET /api/user/userInfo
[2018-01-12 15:50:53.017] [INFO] access - GET /api/act/tpl/40
[2018-01-12 15:51:18.503] [WARN] access - GET /api/menu/listsTree
[2018-01-12 15:51:18.508] [WARN] access - GET /api/user/userInfo
[2018-01-12 15:51:18.525] [INFO] access - GET /api/act/tpl/40
[2018-01-12 15:55:05.352] [WARN] access - GET /api/menu/listsTree
[2018-01-12 15:55:05.364] [WARN] access - GET /api/user/userInfo
[2018-01-12 15:55:05.374] [INFO] access - GET /api/act/tpl/40
[2018-01-12 15:55:25.811] [WARN] access - GET /api/menu/listsTree
[2018-01-12 15:55:25.816] [WARN] access - GET /api/user/userInfo
[2018-01-12 15:55:25.830] [INFO] access - GET /api/act/tpl/40
[2018-01-12 15:56:42.841] [WARN] access - GET /api/menu/listsTree
[2018-01-12 15:56:42.853] [WARN] access - GET /api/user/userInfo
[2018-01-12 15:56:42.862] [INFO] access - GET /api/act/tpl/40
[2018-01-12 15:57:38.002] [WARN] access - GET /api/menu/listsTree
[2018-01-12 15:57:38.010] [WARN] access - GET /api/user/userInfo
[2018-01-12 15:57:38.016] [INFO] access - GET /api/act/tpl/40
[2018-01-12 15:57:59.276] [INFO] access - POST /api/act/upload
[2018-01-12 15:58:32.580] [WARN] access - GET /api/menu/listsTree
[2018-01-12 15:58:32.594] [WARN] access - GET /api/user/userInfo
[2018-01-12 15:58:32.609] [INFO] access - GET /api/act/tpl/40
[2018-01-12 15:58:39.418] [INFO] access - POST /api/act/upload
[2018-01-12 15:59:59.423] [WARN] access - GET /api/menu/listsTree
[2018-01-12 15:59:59.445] [WARN] access - GET /api/user/userInfo
[2018-01-12 15:59:59.486] [INFO] access - GET /api/act/tpl/40
[2018-01-12 16:00:10.619] [INFO] access - POST /api/act/upload
[2018-01-12 16:00:39.446] [WARN] access - GET /api/menu/listsTree
[2018-01-12 16:00:39.501] [WARN] access - GET /api/user/userInfo
[2018-01-12 16:00:39.552] [INFO] access - GET /api/act/tpl/40
[2018-01-12 16:00:44.226] [INFO] access - POST /api/act/upload
[2018-01-12 16:01:20.885] [INFO] access - POST /api/act/draft
[2018-01-12 16:01:21.192] [INFO] access - GET /api/act/lists?keys=&pageSize=15&pageIndex=1
[2018-01-12 16:01:22.982] [INFO] access - GET /api/act/80
[2018-01-12 16:01:49.307] [WARN] access - GET /api/menu/listsTree
[2018-01-12 16:01:49.315] [WARN] access - GET /api/user/userInfo
[2018-01-12 16:01:49.330] [INFO] access - GET /api/act/80
[2018-01-12 16:01:54.726] [WARN] access - GET /temp/20180112160039/bg_1515744044220.jpg
[2018-01-12 16:02:19.820] [WARN] access - GET /api/menu/listsTree
[2018-01-12 16:02:19.889] [WARN] access - GET /api/user/userInfo
[2018-01-12 16:02:19.937] [INFO] access - GET /api/act/80
[2018-01-12 16:02:59.681] [WARN] access - GET /temp/20180112160039/bg_1515744044220.jpg
[2018-01-12 16:04:55.554] [WARN] access - GET /api/menu/listsTree
[2018-01-12 16:04:55.663] [WARN] access - GET /api/user/userInfo
[2018-01-12 16:04:55.696] [INFO] access - GET /api/act/80
[2018-01-12 16:05:01.721] [WARN] access - GET /temp/20180112160039/bg_1515744044220.jpg
[2018-01-12 16:06:48.024] [WARN] access - GET /api/menu/listsTree
[2018-01-12 16:06:48.077] [WARN] access - GET /api/user/userInfo
[2018-01-12 16:06:48.085] [INFO] access - GET /api/act/80
[2018-01-12 16:06:59.505] [WARN] access - GET /temp/20180112160039/bg_1515744044220.jpg
[2018-01-12 16:07:00.745] [WARN] access - GET /api/menu/listsTree
[2018-01-12 16:07:00.777] [WARN] access - GET /api/user/userInfo
[2018-01-12 16:07:00.790] [INFO] access - GET /api/act/80
[2018-01-12 16:07:00.941] [WARN] access - GET /temp/20180112160039/bg_1515744044220.jpg
[2018-01-12 16:12:48.298] [WARN] access - GET /api/menu/listsTree
[2018-01-12 16:12:48.304] [WARN] access - GET /api/user/userInfo
[2018-01-12 16:12:48.309] [INFO] access - GET /api/act/80
[2018-01-12 16:12:48.496] [WARN] access - GET /temp/20180112160039/bg_1515744044220.jpg
[2018-01-12 16:13:31.669] [WARN] access - GET /api/menu/listsTree
[2018-01-12 16:13:31.699] [WARN] access - GET /api/user/userInfo
[2018-01-12 16:13:31.716] [INFO] access - GET /api/act/80
[2018-01-12 16:13:31.816] [WARN] access - GET /temp/20180112160039/bg_1515744044220.jpg
[2018-01-12 16:21:11.693] [WARN] access - GET /api/menu/listsTree
[2018-01-12 16:21:11.730] [WARN] access - GET /api/user/userInfo
[2018-01-12 16:21:11.737] [INFO] access - GET /api/act/80
[2018-01-12 16:21:11.849] [WARN] access - GET /temp/20180112160039/bg_1515744044220.jpg
[2018-01-12 16:24:50.336] [WARN] access - GET /api/menu/listsTree
[2018-01-12 16:24:50.343] [WARN] access - GET /api/user/userInfo
[2018-01-12 16:24:50.348] [INFO] access - GET /api/act/80
[2018-01-12 16:24:50.529] [WARN] access - GET /temp/20180112160039/bg_1515744044220.jpg
[2018-01-12 16:26:39.620] [WARN] access - GET /api/menu/listsTree
[2018-01-12 16:26:39.630] [WARN] access - GET /api/user/userInfo
[2018-01-12 16:26:39.636] [INFO] access - GET /api/act/80
[2018-01-12 16:26:56.211] [WARN] access - GET /api/menu/listsTree
[2018-01-12 16:26:56.223] [WARN] access - GET /api/user/userInfo
[2018-01-12 16:26:56.229] [INFO] access - GET /api/act/80
[2018-01-12 16:28:37.722] [WARN] access - GET /api/act/tpl/lists
[2018-01-12 16:28:37.766] [WARN] access - GET /images/act_tpl_image/1515743075801.png
[2018-01-12 16:28:37.777] [WARN] access - GET /images/act_tpl_image/1515638582004.png
[2018-01-12 16:28:55.290] [INFO] access - POST /api/act/tpl/add
[2018-01-12 16:28:55.569] [INFO] access - GET /api/act/tpl/lists
[2018-01-12 16:28:57.717] [INFO] access - GET /api/act/tpl/41
[2018-01-12 16:29:18.585] [INFO] access - POST /api/act/upload
[2018-01-12 16:29:32.839] [INFO] access - POST /api/act/draft
[2018-01-12 16:29:33.159] [INFO] access - GET /api/act/lists?keys=&pageSize=15&pageIndex=1
[2018-01-12 16:29:35.830] [INFO] access - GET /api/act/81
[2018-01-12 16:30:08.632] [WARN] access - GET /api/act/tpl/lists
[2018-01-12 16:31:23.979] [ERROR] access - GET /api/act/lists?keys=&pageSize=15&pageIndex=1
[2018-01-12 16:32:46.548] [WARN] access - GET /api/menu/listsTree
[2018-01-12 16:33:06.089] [WARN] access - GET /api/user/userInfo
[2018-01-12 16:33:37.878] [WARN] access - GET /api/menu/listsTree
[2018-01-12 16:33:37.927] [WARN] access - GET /api/user/userInfo
[2018-01-12 16:33:37.975] [INFO] access - GET /api/act/lists?keys=&pageSize=15&pageIndex=1
[2018-01-12 16:33:44.017] [INFO] access - GET /api/act/80
[2018-01-12 16:46:05.629] [WARN] access - GET /api/menu/listsTree
[2018-01-12 16:46:05.635] [WARN] access - GET /api/user/userInfo
[2018-01-12 16:46:05.657] [INFO] access - GET /api/act/80
[2018-01-12 16:46:21.133] [WARN] access - GET /temp/20180112160039/bg_1515744044220.jpg
[2018-01-12 16:46:23.574] [WARN] access - GET /api/menu/listsTree
[2018-01-12 16:46:23.582] [WARN] access - GET /api/user/userInfo
[2018-01-12 16:46:23.611] [INFO] access - GET /api/act/80
[2018-01-12 16:46:23.804] [WARN] access - GET /temp/20180112160039/bg_1515744044220.jpg
[2018-01-12 16:48:46.163] [WARN] access - GET /api/menu/listsTree
[2018-01-12 16:48:46.172] [WARN] access - GET /api/user/userInfo
[2018-01-12 16:48:46.178] [INFO] access - GET /api/act/80
[2018-01-12 16:48:46.383] [WARN] access - GET /temp/20180112160039/bg_1515744044220.jpg
[2018-01-12 16:49:10.058] [WARN] access - GET /api/menu/listsTree
[2018-01-12 16:49:10.064] [WARN] access - GET /api/user/userInfo
[2018-01-12 16:49:10.081] [INFO] access - GET /api/act/80
[2018-01-12 16:49:10.270] [WARN] access - GET /temp/20180112160039/bg_1515744044220.jpg
[2018-01-12 16:49:28.948] [WARN] access - GET /api/menu/listsTree
[2018-01-12 16:49:28.953] [WARN] access - GET /api/user/userInfo
[2018-01-12 16:49:28.968] [INFO] access - GET /api/act/80
[2018-01-12 16:49:46.015] [WARN] access - GET /temp/20180112160039/bg_1515744044220.jpg
[2018-01-12 16:49:47.300] [WARN] access - GET /api/menu/listsTree
[2018-01-12 16:49:47.306] [WARN] access - GET /api/user/userInfo
[2018-01-12 16:49:47.334] [INFO] access - GET /api/act/80
[2018-01-12 16:49:47.481] [WARN] access - GET /temp/20180112160039/bg_1515744044220.jpg
[2018-01-12 16:50:17.539] [WARN] access - GET /api/act/lists?keys=&pageSize=15&pageIndex=1
[2018-01-12 16:50:20.170] [INFO] access - GET /api/act/79
[2018-01-12 16:50:20.419] [WARN] access - GET /temp/20180112151957/close_1515741616680.png
[2018-01-12 16:50:39.859] [INFO] access - POST /api/act/upload
[2018-01-12 16:50:52.929] [INFO] access - POST /api/act/draft
[2018-01-12 16:50:53.263] [INFO] access - GET /api/act/lists?keys=&pageSize=15&pageIndex=1
[2018-01-12 16:50:54.741] [INFO] access - GET /api/act/79
[2018-01-12 16:56:37.329] [WARN] access - GET /api/menu/listsTree
[2018-01-12 16:56:37.339] [WARN] access - GET /api/user/userInfo
[2018-01-12 16:56:37.352] [INFO] access - GET /api/act/79
[2018-01-12 16:56:37.692] [WARN] access - GET /temp/20180112151957/close_1515741616680.png
[2018-01-12 16:56:37.767] [WARN] access - GET /temp/20180112165020/submit_1515747039853.jpg
[2018-01-12 17:00:47.117] [WARN] access - GET /api/menu/listsTree
[2018-01-12 17:00:47.124] [WARN] access - GET /api/user/userInfo
[2018-01-12 17:00:47.131] [INFO] access - GET /api/act/79
[2018-01-12 17:00:47.470] [WARN] access - GET /temp/20180112151957/close_1515741616680.png
[2018-01-12 17:00:47.560] [WARN] access - GET /temp/20180112165020/submit_1515747039853.jpg
[2018-01-12 17:01:50.539] [INFO] access - POST /api/act/draft
[2018-01-12 17:01:50.840] [INFO] access - GET /api/act/lists?keys=&pageSize=15&pageIndex=1
[2018-01-12 17:02:29.813] [INFO] access - GET /api/act/79
[2018-01-12 17:19:02.663] [WARN] access - GET /api/menu/listsTree
[2018-01-12 17:19:02.673] [WARN] access - GET /api/user/userInfo
[2018-01-12 17:19:02.678] [INFO] access - GET /api/act/79
[2018-01-12 17:19:03.046] [WARN] access - GET /temp/20180112151957/close_1515741616680.png
[2018-01-12 17:19:03.139] [WARN] access - GET /temp/20180112165020/submit_1515747039853.jpg
[2018-01-12 17:19:21.322] [WARN] access - GET /api/menu/listsTree
[2018-01-12 17:19:21.328] [WARN] access - GET /api/user/userInfo
[2018-01-12 17:19:21.346] [INFO] access - GET /api/act/79
[2018-01-12 17:19:21.696] [WARN] access - GET /temp/20180112151957/close_1515741616680.png
[2018-01-12 17:19:21.774] [WARN] access - GET /temp/20180112165020/submit_1515747039853.jpg
[2018-01-12 17:20:06.364] [WARN] access - GET /api/menu/listsTree
[2018-01-12 17:20:06.369] [WARN] access - GET /api/user/userInfo
[2018-01-12 17:20:06.385] [INFO] access - GET /api/act/79
[2018-01-12 17:20:06.644] [WARN] access - GET /temp/20180112151957/close_1515741616680.png
[2018-01-12 17:20:06.748] [WARN] access - GET /temp/20180112165020/submit_1515747039853.jpg
[2018-01-12 17:20:25.242] [WARN] access - GET /api/menu/listsTree
[2018-01-12 17:20:25.252] [WARN] access - GET /api/user/userInfo
[2018-01-12 17:20:25.268] [INFO] access - GET /api/act/79
[2018-01-12 17:20:25.551] [WARN] access - GET /temp/20180112151957/close_1515741616680.png
[2018-01-12 17:20:25.609] [WARN] access - GET /temp/20180112165020/submit_1515747039853.jpg
[2018-01-12 17:20:39.002] [WARN] access - GET /api/menu/listsTree
[2018-01-12 17:20:39.010] [WARN] access - GET /api/user/userInfo
[2018-01-12 17:20:39.034] [INFO] access - GET /api/act/79
[2018-01-12 17:20:39.324] [WARN] access - GET /temp/20180112151957/close_1515741616680.png
[2018-01-12 17:20:39.376] [WARN] access - GET /temp/20180112165020/submit_1515747039853.jpg
[2018-01-12 17:20:40.850] [WARN] access - GET /api/menu/listsTree
[2018-01-12 17:20:40.861] [WARN] access - GET /api/user/userInfo
[2018-01-12 17:20:40.867] [INFO] access - GET /api/act/79
[2018-01-12 17:20:41.163] [WARN] access - GET /temp/20180112151957/close_1515741616680.png
[2018-01-12 17:20:41.214] [WARN] access - GET /temp/20180112165020/submit_1515747039853.jpg
[2018-01-12 17:20:42.437] [WARN] access - GET /api/menu/listsTree
[2018-01-12 17:20:42.443] [WARN] access - GET /api/user/userInfo
[2018-01-12 17:20:42.457] [INFO] access - GET /api/act/79
[2018-01-12 17:20:42.709] [WARN] access - GET /temp/20180112151957/close_1515741616680.png
[2018-01-12 17:20:42.767] [WARN] access - GET /temp/20180112165020/submit_1515747039853.jpg
[2018-01-12 17:23:20.027] [WARN] access - GET /api/menu/listsTree
[2018-01-12 17:23:20.040] [WARN] access - GET /api/user/userInfo
[2018-01-12 17:23:20.052] [INFO] access - GET /api/act/79
[2018-01-12 17:23:20.407] [WARN] access - GET /temp/20180112151957/close_1515741616680.png
[2018-01-12 17:23:20.473] [WARN] access - GET /temp/20180112165020/submit_1515747039853.jpg
[2018-01-12 17:24:35.824] [WARN] access - GET /api/menu/listsTree
[2018-01-12 17:24:35.837] [WARN] access - GET /api/user/userInfo
[2018-01-12 17:24:35.849] [INFO] access - GET /api/act/79
[2018-01-12 17:24:36.176] [WARN] access - GET /temp/20180112151957/close_1515741616680.png
[2018-01-12 17:24:36.258] [WARN] access - GET /temp/20180112165020/submit_1515747039853.jpg
[2018-01-12 17:26:12.753] [WARN] access - GET /api/act/tpl/lists
[2018-01-12 17:26:12.804] [WARN] access - GET /images/act_tpl_image/1515745735194.png
[2018-01-12 17:26:12.809] [WARN] access - GET /images/act_tpl_image/1515743075801.png
[2018-01-12 17:26:12.818] [WARN] access - GET /images/act_tpl_image/1515638582004.png
[2018-01-12 17:26:16.626] [INFO] access - GET /api/act/tpl/41
[2018-01-12 17:27:24.667] [WARN] access - GET /api/menu/listsTree
[2018-01-12 17:27:24.677] [WARN] access - GET /api/user/userInfo
[2018-01-12 17:27:24.685] [INFO] access - GET /api/act/tpl/41
[2018-01-12 17:31:31.293] [WARN] access - GET /api/menu/listsTree
[2018-01-12 17:31:31.301] [WARN] access - GET /api/user/userInfo
[2018-01-12 17:31:31.309] [INFO] access - GET /api/act/tpl/41
[2018-01-12 17:33:12.122] [WARN] access - GET /api/menu/listsTree
[2018-01-12 17:33:12.129] [WARN] access - GET /api/user/userInfo
[2018-01-12 17:33:12.134] [INFO] access - GET /api/act/tpl/41
[2018-01-12 17:36:55.609] [WARN] access - GET /api/menu/listsTree
[2018-01-12 17:36:55.615] [WARN] access - GET /api/user/userInfo
[2018-01-12 17:36:55.619] [INFO] access - GET /api/act/tpl/41
[2018-01-12 17:39:08.424] [WARN] access - GET /api/menu/listsTree
[2018-01-12 17:39:08.431] [WARN] access - GET /api/user/userInfo
[2018-01-12 17:39:08.436] [INFO] access - GET /api/act/tpl/41
[2018-01-12 17:39:56.431] [WARN] access - GET /api/menu/listsTree
[2018-01-12 17:39:56.444] [WARN] access - GET /api/user/userInfo
[2018-01-12 17:39:56.449] [INFO] access - GET /api/act/tpl/41
[2018-01-12 17:41:10.874] [WARN] access - GET /api/menu/listsTree
[2018-01-12 17:41:10.880] [WARN] access - GET /api/user/userInfo
[2018-01-12 17:41:10.886] [INFO] access - GET /api/act/tpl/41
[2018-01-12 17:41:54.695] [WARN] access - GET /api/menu/listsTree
[2018-01-12 17:41:54.706] [WARN] access - GET /api/user/userInfo
[2018-01-12 17:41:54.711] [INFO] access - GET /api/act/tpl/41
[2018-01-12 17:41:56.210] [WARN] access - GET /api/menu/listsTree
[2018-01-12 17:41:56.215] [WARN] access - GET /api/user/userInfo
[2018-01-12 17:41:56.228] [INFO] access - GET /api/act/tpl/41
[2018-01-12 17:42:29.253] [INFO] access - POST /api/act/upload
[2018-01-12 17:43:32.447] [WARN] access - GET /api/act/components/lists?keys=
[2018-01-12 17:43:33.514] [WARN] access - GET /api/act/tpl/lists
[2018-01-12 17:43:33.560] [WARN] access - GET /images/act_tpl_image/1515745735194.png
[2018-01-12 17:43:33.578] [WARN] access - GET /images/act_tpl_image/1515743075801.png
[2018-01-12 17:43:33.584] [WARN] access - GET /images/act_tpl_image/1515638582004.png
[2018-01-12 17:58:40.395] [WARN] access - GET /api/menu/listsTree
[2018-01-12 17:58:40.400] [WARN] access - GET /api/user/userInfo
[2018-01-12 17:58:57.308] [WARN] access - GET /api/menu/listsTree
[2018-01-12 17:58:57.313] [WARN] access - GET /api/user/userInfo
[2018-01-12 22:02:13.132] [ERROR] access - GET /api/menu/listsTree
[2018-01-12 22:02:23.099] [ERROR] access - GET /api/user/userInfo
