[2018-01-26 09:52:07.590] [INFO] access - GET /api/news/lists?keys=&pageIndex=1&pageSize=15
[2018-01-26 09:52:15.434] [INFO] access - GET /api/news/type/alllists
[2018-01-26 09:52:15.438] [INFO] access - GET /api/news/seo/lists?keys=&pageSize=15&pageIndex=1
[2018-01-26 09:52:17.195] [WARN] access - GET /api/news/lists?keys=&pageIndex=1&pageSize=15
[2018-01-26 09:52:18.227] [INFO] access - GET /api/news/type/search?name=
[2018-01-26 09:52:18.232] [WARN] access - GET /api/news/type/alllists
[2018-01-26 09:52:28.461] [WARN] access - GET /api/menu/listsTree
[2018-01-26 09:52:28.466] [INFO] access - GET /api/menu/lists?keys=
[2018-01-26 09:52:28.477] [WARN] access - GET /api/menu/listsTree
[2018-01-26 09:52:30.617] [INFO] access - GET /api/logs/lists?keys=&pageSize=15&pageIndex=1
[2018-01-26 09:52:31.947] [INFO] access - GET /api/config/lists?keys=&pageSize=15&pageIndex=1
[2018-01-26 09:53:19.416] [WARN] access - GET /api/act/tpl/lists
[2018-01-26 09:53:19.447] [WARN] access - GET /images/act_tpl_image/1516789986163.png
[2018-01-26 09:53:19.451] [WARN] access - GET /images/act_tpl_image/1516700283859.png
[2018-01-26 14:46:14.654] [ERROR] access - GET /apis/news/
[2018-01-26 14:46:14.733] [INFO] access - GET /apis/zixun
[2018-01-26 14:47:47.338] [ERROR] access - GET /apis/news/
[2018-01-26 14:47:47.400] [INFO] access - GET /apis/zixun
[2018-01-26 14:47:52.863] [INFO] access - GET /apis/zixun
[2018-01-26 14:48:22.135] [INFO] access - GET /apis/zixun
[2018-01-26 14:48:24.366] [INFO] access - GET /apis/zixun
[2018-01-26 14:48:38.419] [INFO] access - GET /apis/zixun
[2018-01-26 14:48:40.734] [ERROR] access - GET /apis/ysinfo
[2018-01-26 14:49:09.237] [ERROR] access - GET /apis/ysinfo
[2018-01-26 14:49:19.126] [ERROR] access - GET /apis/ysinfo
[2018-01-26 14:49:43.281] [ERROR] access - GET /apis/ysinfo
[2018-01-26 14:49:50.333] [ERROR] access - GET /apis/ysinfo
[2018-01-26 14:49:52.804] [ERROR] access - GET /apis/news/
[2018-01-26 14:49:52.851] [INFO] access - GET /apis/zixun
[2018-01-26 14:49:54.701] [INFO] access - GET /apis/zixun
[2018-01-26 14:50:44.582] [INFO] access - GET /apis/zixun
[2018-01-26 14:50:45.292] [INFO] access - GET /apis/zixun
[2018-01-26 14:50:51.123] [INFO] access - GET /apis/zixun
[2018-01-26 14:50:55.191] [INFO] access - GET /apis/zixun
[2018-01-26 14:50:57.515] [ERROR] access - GET /apis/news/
[2018-01-26 14:50:57.556] [INFO] access - GET /apis/zixun
[2018-01-26 14:51:14.211] [INFO] access - GET /apis/zixun
[2018-01-26 14:51:18.595] [ERROR] access - GET /apis/news/
[2018-01-26 14:51:18.635] [INFO] access - GET /apis/zixun
[2018-01-26 14:51:28.438] [INFO] access - GET /apis/zixun
[2018-01-26 14:51:30.445] [INFO] access - GET /apis/zixun
[2018-01-26 14:51:33.992] [INFO] access - GET /apis/zixun
[2018-01-26 14:51:39.354] [INFO] access - GET /apis/zixun
