[2018-05-29 10:20:43.493] [WARN] access - GET /api/user/userInfo
[2018-05-29 10:20:43.501] [WARN] access - GET /api/menu/listsTree
[2018-05-29 10:20:43.916] [WARN] access - GET /api/config/lists?keys=&pageSize=15&pageIndex=1
[2018-05-29 10:21:13.486] [INFO] access - POST /api/signin
[2018-05-29 10:21:13.678] [INFO] access - GET /api/menu/listsTree
[2018-05-29 10:21:13.683] [INFO] access - GET /api/user/userInfo
[2018-05-29 10:21:27.737] [INFO] access - GET /api/act/lists?keys=&pageSize=15&pageIndex=1
[2018-05-29 10:21:30.176] [INFO] access - GET /api/act/tpl/lists
[2018-05-29 10:21:33.032] [INFO] access - GET /api/act/tpl/60
[2018-05-29 10:21:33.065] [INFO] access - GET /api/act/config/lists
[2018-05-29 10:38:05.175] [WARN] access - GET /api/menu/listsTree
[2018-05-29 10:38:05.215] [WARN] access - GET /api/user/userInfo
[2018-05-29 10:38:05.222] [INFO] access - GET /api/act/tpl/60
[2018-05-29 10:38:05.229] [WARN] access - GET /api/act/config/lists
[2018-05-29 10:39:43.871] [WARN] access - GET /api/menu/listsTree
[2018-05-29 10:39:43.895] [WARN] access - GET /api/user/userInfo
[2018-05-29 10:39:43.905] [WARN] access - GET /api/act/config/lists
[2018-05-29 10:39:43.909] [INFO] access - GET /api/act/tpl/60
[2018-05-29 10:39:57.796] [WARN] access - GET /api/menu/listsTree
[2018-05-29 10:39:57.833] [WARN] access - GET /api/user/userInfo
[2018-05-29 10:39:57.845] [INFO] access - GET /api/act/tpl/60
[2018-05-29 10:39:57.850] [WARN] access - GET /api/act/config/lists
[2018-05-29 10:40:01.940] [WARN] access - GET /api/menu/listsTree
[2018-05-29 10:40:01.947] [WARN] access - GET /api/user/userInfo
[2018-05-29 10:40:01.996] [INFO] access - GET /api/act/tpl/60
[2018-05-29 10:40:02.002] [WARN] access - GET /api/act/config/lists
[2018-05-29 10:40:12.094] [WARN] access - GET /api/menu/listsTree
[2018-05-29 10:40:12.105] [WARN] access - GET /api/user/userInfo
[2018-05-29 10:40:12.115] [INFO] access - GET /api/act/tpl/60
[2018-05-29 10:40:12.121] [WARN] access - GET /api/act/config/lists
[2018-05-29 10:40:24.561] [WARN] access - GET /api/menu/listsTree
[2018-05-29 10:40:24.570] [WARN] access - GET /api/user/userInfo
[2018-05-29 10:40:24.589] [INFO] access - GET /api/act/tpl/60
[2018-05-29 10:40:24.596] [WARN] access - GET /api/act/config/lists
[2018-05-29 10:43:29.534] [WARN] access - GET /api/menu/listsTree
[2018-05-29 10:43:29.543] [WARN] access - GET /api/user/userInfo
[2018-05-29 10:43:29.550] [INFO] access - GET /api/act/tpl/60
[2018-05-29 10:43:29.557] [WARN] access - GET /api/act/config/lists
[2018-05-29 10:44:11.601] [WARN] access - GET /api/menu/listsTree
[2018-05-29 10:44:11.605] [WARN] access - GET /api/user/userInfo
[2018-05-29 10:44:11.635] [INFO] access - GET /api/act/tpl/60
[2018-05-29 10:44:11.645] [WARN] access - GET /api/act/config/lists
[2018-05-29 13:15:46.359] [WARN] access - GET /api/user/userInfo
[2018-05-29 13:15:46.384] [WARN] access - GET /api/menu/listsTree
[2018-05-29 13:15:46.389] [WARN] access - GET /api/act/config/lists
[2018-05-29 13:15:46.393] [INFO] access - GET /api/act/tpl/60
[2018-05-29 13:17:29.365] [WARN] access - GET /api/menu/listsTree
[2018-05-29 13:17:29.393] [WARN] access - GET /api/user/userInfo
[2018-05-29 13:17:29.411] [INFO] access - GET /api/act/tpl/60
[2018-05-29 13:17:29.415] [WARN] access - GET /api/act/config/lists
[2018-05-29 13:20:42.702] [WARN] access - GET /api/menu/listsTree
[2018-05-29 13:20:42.727] [WARN] access - GET /api/user/userInfo
[2018-05-29 13:20:42.735] [INFO] access - GET /api/act/tpl/60
[2018-05-29 13:20:42.749] [WARN] access - GET /api/act/config/lists
[2018-05-29 13:21:24.316] [WARN] access - GET /api/menu/listsTree
[2018-05-29 13:21:24.320] [WARN] access - GET /api/user/userInfo
[2018-05-29 13:21:24.339] [INFO] access - GET /api/act/tpl/60
[2018-05-29 13:21:24.345] [WARN] access - GET /api/act/config/lists
[2018-05-29 13:21:54.132] [WARN] access - GET /api/menu/listsTree
[2018-05-29 13:21:54.138] [WARN] access - GET /api/user/userInfo
[2018-05-29 13:21:54.183] [INFO] access - GET /api/act/tpl/60
[2018-05-29 13:21:54.189] [WARN] access - GET /api/act/config/lists
[2018-05-29 13:35:58.352] [WARN] access - GET /api/act/tpl/lists
[2018-05-29 13:35:58.471] [WARN] access - GET /images/act_tpl_image/1527153002317.png
[2018-05-29 13:35:58.477] [WARN] access - GET /images/act_tpl_image/1527045235532.png
[2018-05-29 13:35:58.483] [WARN] access - GET /images/act_tpl_image/1526883401442.png
[2018-05-29 13:35:58.488] [WARN] access - GET /images/act_tpl_image/1526280829890.jpeg
[2018-05-29 13:35:58.496] [WARN] access - GET /images/act_tpl_image/1525680727077.png
[2018-05-29 13:36:03.811] [INFO] access - GET /api/act/tpl/55
[2018-05-29 13:36:03.817] [WARN] access - GET /api/act/config/lists
[2018-05-29 13:36:34.211] [WARN] access - GET /api/act/tpl/lists
[2018-05-29 13:36:34.271] [ERROR] access - GET /images/act_tpl_image/1524735070034.png
[2018-05-29 13:36:35.982] [WARN] access - GET /api/act/config/lists
[2018-05-29 13:36:35.986] [INFO] access - GET /api/act/tpl/60
[2018-05-29 13:44:47.151] [WARN] access - GET /api/menu/listsTree
[2018-05-29 13:44:47.155] [WARN] access - GET /api/user/userInfo
[2018-05-29 13:44:47.184] [INFO] access - GET /api/act/tpl/60
[2018-05-29 13:44:47.188] [WARN] access - GET /api/act/config/lists
[2018-05-29 13:45:02.852] [INFO] access - POST /api/act/upload
[2018-05-29 13:45:35.869] [WARN] access - GET /api/menu/listsTree
[2018-05-29 13:45:35.873] [WARN] access - GET /api/user/userInfo
[2018-05-29 13:45:35.915] [INFO] access - GET /api/act/tpl/60
[2018-05-29 13:45:35.920] [WARN] access - GET /api/act/config/lists
[2018-05-29 13:45:54.384] [INFO] access - POST /api/act/upload
[2018-05-29 13:46:04.615] [WARN] access - GET /api/menu/listsTree
[2018-05-29 13:46:04.621] [WARN] access - GET /api/user/userInfo
[2018-05-29 13:46:04.655] [INFO] access - GET /api/act/tpl/60
[2018-05-29 13:46:04.660] [WARN] access - GET /api/act/config/lists
[2018-05-29 13:46:10.792] [INFO] access - POST /api/act/upload
[2018-05-29 13:47:00.924] [INFO] access - POST /api/act/upload
[2018-05-29 13:49:53.429] [WARN] access - GET /api/menu/listsTree
[2018-05-29 13:49:53.472] [WARN] access - GET /api/user/userInfo
[2018-05-29 13:49:53.491] [INFO] access - GET /api/act/tpl/60
[2018-05-29 13:49:53.499] [WARN] access - GET /api/act/config/lists
[2018-05-29 13:50:01.347] [INFO] access - POST /api/act/upload
[2018-05-29 13:50:10.894] [INFO] access - POST /api/act/upload
[2018-05-29 13:53:15.191] [WARN] access - GET /api/menu/listsTree
[2018-05-29 13:53:15.198] [WARN] access - GET /api/user/userInfo
[2018-05-29 13:53:15.204] [INFO] access - GET /api/act/tpl/60
[2018-05-29 13:53:15.211] [WARN] access - GET /api/act/config/lists
[2018-05-29 13:54:09.776] [WARN] access - GET /api/menu/listsTree
[2018-05-29 13:54:09.779] [WARN] access - GET /api/user/userInfo
[2018-05-29 13:54:09.834] [INFO] access - GET /api/act/tpl/60
[2018-05-29 13:54:09.838] [WARN] access - GET /api/act/config/lists
[2018-05-29 13:54:16.118] [INFO] access - POST /api/act/upload
[2018-05-29 13:54:22.025] [INFO] access - POST /api/act/upload
[2018-05-29 13:56:18.704] [WARN] access - GET /api/menu/listsTree
[2018-05-29 13:56:18.712] [WARN] access - GET /api/user/userInfo
[2018-05-29 13:56:18.735] [INFO] access - GET /api/act/tpl/60
[2018-05-29 13:56:18.744] [WARN] access - GET /api/act/config/lists
[2018-05-29 13:56:25.209] [INFO] access - POST /api/act/upload
[2018-05-29 13:56:30.706] [INFO] access - POST /api/act/upload
[2018-05-29 13:56:35.043] [INFO] access - POST /api/act/upload
[2018-05-29 13:56:45.466] [INFO] access - POST /api/act/upload
[2018-05-29 13:57:50.530] [WARN] access - GET /api/menu/listsTree
[2018-05-29 13:57:50.536] [WARN] access - GET /api/user/userInfo
[2018-05-29 13:57:50.541] [INFO] access - GET /api/act/tpl/60
[2018-05-29 13:57:50.550] [WARN] access - GET /api/act/config/lists
[2018-05-29 13:57:56.531] [INFO] access - POST /api/act/upload
[2018-05-29 13:58:00.492] [INFO] access - POST /api/act/upload
[2018-05-29 13:58:05.824] [INFO] access - POST /api/act/upload
[2018-05-29 14:21:00.355] [WARN] access - GET /api/menu/listsTree
[2018-05-29 14:21:00.383] [WARN] access - GET /api/user/userInfo
[2018-05-29 14:21:00.424] [WARN] access - GET /api/act/config/lists
[2018-05-29 14:21:00.447] [INFO] access - GET /api/act/tpl/60
[2018-05-29 14:22:21.340] [INFO] access - POST /api/act/upload
[2018-05-29 14:22:32.929] [INFO] access - POST /api/act/upload
[2018-05-29 14:23:16.179] [WARN] access - GET /api/menu/listsTree
[2018-05-29 14:23:16.185] [WARN] access - GET /api/user/userInfo
[2018-05-29 14:23:16.216] [INFO] access - GET /api/act/tpl/60
[2018-05-29 14:23:16.220] [WARN] access - GET /api/act/config/lists
[2018-05-29 14:23:27.627] [WARN] access - GET /api/menu/listsTree
[2018-05-29 14:23:27.633] [WARN] access - GET /api/user/userInfo
[2018-05-29 14:23:27.690] [INFO] access - GET /api/act/tpl/60
[2018-05-29 14:23:27.736] [WARN] access - GET /api/act/config/lists
[2018-05-29 14:32:11.780] [WARN] access - GET /api/menu/listsTree
[2018-05-29 14:32:11.794] [WARN] access - GET /api/user/userInfo
[2018-05-29 14:32:11.826] [INFO] access - GET /api/act/tpl/60
[2018-05-29 14:32:11.836] [WARN] access - GET /api/act/config/lists
[2018-05-29 14:32:18.992] [INFO] access - POST /api/act/upload
[2018-05-29 14:32:25.139] [INFO] access - POST /api/act/upload
[2018-05-29 14:33:39.770] [WARN] access - GET /api/menu/listsTree
[2018-05-29 14:33:39.778] [WARN] access - GET /api/user/userInfo
[2018-05-29 14:33:39.816] [INFO] access - GET /api/act/tpl/60
[2018-05-29 14:33:39.828] [WARN] access - GET /api/act/config/lists
[2018-05-29 14:33:51.274] [WARN] access - GET /api/menu/listsTree
[2018-05-29 14:33:51.278] [WARN] access - GET /api/user/userInfo
[2018-05-29 14:33:51.308] [INFO] access - GET /api/act/tpl/60
[2018-05-29 14:33:51.312] [WARN] access - GET /api/act/config/lists
[2018-05-29 14:33:58.119] [INFO] access - POST /api/act/upload
[2018-05-29 14:34:03.384] [INFO] access - POST /api/act/upload
[2018-05-29 14:50:16.681] [INFO] access - POST /api/act/upload
[2018-05-29 14:50:23.243] [INFO] access - POST /api/act/upload
[2018-05-29 15:35:37.863] [INFO] access - GET /temp/20180529143351/1527576623229.png
[2018-05-29 15:44:19.063] [INFO] access - POST /api/signin
[2018-05-29 15:44:19.238] [INFO] access - GET /api/menu/listsTree
[2018-05-29 15:44:19.287] [INFO] access - GET /api/user/userInfo
[2018-05-29 15:44:24.996] [INFO] access - GET /api/act/tpl/lists
[2018-05-29 15:44:26.686] [INFO] access - GET /api/act/tpl/60
[2018-05-29 15:44:26.701] [INFO] access - GET /api/act/config/lists
[2018-05-29 15:44:34.431] [INFO] access - POST /api/act/upload
[2018-05-29 15:44:40.470] [INFO] access - POST /api/act/upload
[2018-05-29 15:52:21.837] [WARN] access - GET /api/menu/listsTree
[2018-05-29 15:52:21.843] [WARN] access - GET /api/user/userInfo
[2018-05-29 15:52:21.849] [INFO] access - GET /api/act/tpl/60
[2018-05-29 15:52:21.853] [WARN] access - GET /api/act/config/lists
[2018-05-29 15:52:28.767] [INFO] access - POST /api/act/upload
[2018-05-29 15:52:34.996] [INFO] access - POST /api/act/upload
[2018-05-29 15:53:53.689] [WARN] access - GET /api/menu/listsTree
[2018-05-29 15:53:53.697] [WARN] access - GET /api/user/userInfo
[2018-05-29 15:53:53.701] [INFO] access - GET /api/act/tpl/60
[2018-05-29 15:53:53.705] [WARN] access - GET /api/act/config/lists
[2018-05-29 15:54:01.403] [INFO] access - POST /api/act/upload
[2018-05-29 15:54:08.040] [INFO] access - POST /api/act/upload
[2018-05-29 15:56:33.939] [WARN] access - GET /api/act/tpl/lists
[2018-05-29 15:56:34.031] [WARN] access - GET /images/act_tpl_image/1527153002317.png
[2018-05-29 15:56:34.036] [WARN] access - GET /images/act_tpl_image/1527045235532.png
[2018-05-29 15:56:34.041] [WARN] access - GET /images/act_tpl_image/1526883401442.png
[2018-05-29 15:56:34.048] [WARN] access - GET /images/act_tpl_image/1526280829890.jpeg
[2018-05-29 15:56:34.055] [WARN] access - GET /images/act_tpl_image/1525680727077.png
[2018-05-29 15:56:37.242] [INFO] access - GET /api/act/tpl/55
[2018-05-29 15:56:37.247] [WARN] access - GET /api/act/config/lists
[2018-05-29 15:58:19.445] [WARN] access - GET /api/act/tpl/lists
[2018-05-29 15:58:20.894] [INFO] access - GET /api/act/tpl/60
[2018-05-29 15:58:20.900] [WARN] access - GET /api/act/config/lists
[2018-05-29 15:58:50.789] [INFO] access - POST /api/act/upload
[2018-05-29 15:58:57.652] [INFO] access - POST /api/act/upload
[2018-05-29 15:59:55.857] [WARN] access - GET /api/menu/listsTree
[2018-05-29 15:59:55.863] [WARN] access - GET /api/user/userInfo
[2018-05-29 15:59:55.909] [INFO] access - GET /api/act/tpl/60
[2018-05-29 15:59:55.914] [WARN] access - GET /api/act/config/lists
[2018-05-29 16:00:02.045] [INFO] access - POST /api/act/upload
[2018-05-29 16:00:09.037] [INFO] access - POST /api/act/upload
[2018-05-29 16:00:25.078] [INFO] access - POST /api/act/upload
[2018-05-29 16:00:31.852] [INFO] access - POST /api/act/upload
[2018-05-29 16:00:35.610] [INFO] access - POST /api/act/upload
[2018-05-29 16:00:39.619] [INFO] access - POST /api/act/upload
[2018-05-29 16:00:43.215] [INFO] access - POST /api/act/upload
[2018-05-29 16:00:43.233] [WARN] access - GET /temp/20180529155955/1527580808404.png
[2018-05-29 16:00:56.052] [INFO] access - POST /api/act/upload
[2018-05-29 16:01:00.051] [WARN] access - GET /temp/20180529155955/1527580808404.png
[2018-05-29 16:01:10.454] [INFO] access - POST /api/act/upload
[2018-05-29 16:01:12.233] [WARN] access - GET /temp/20180529155955/1527580808404.png
[2018-05-29 16:02:02.291] [WARN] access - GET /temp/20180529155955/1527580808404.png
[2018-05-29 16:02:08.323] [WARN] access - GET /temp/20180529155955/1527580808404.png
[2018-05-29 16:02:28.800] [INFO] access - POST /api/act/upload
[2018-05-29 16:02:51.566] [WARN] access - GET /temp/20180529155955/1527580948776.png
[2018-05-29 16:02:55.762] [WARN] access - GET /temp/20180529155955/1527580948776.png
[2018-05-29 16:03:03.633] [WARN] access - GET /temp/20180529155955/1527580808404.png
[2018-05-29 16:03:41.541] [INFO] access - POST /api/act/draft
[2018-05-29 16:03:41.940] [INFO] access - GET /api/act/lists?keys=&pageSize=15&pageIndex=1
[2018-05-29 16:06:04.823] [INFO] access - GET /api/act/123
[2018-05-29 16:06:04.828] [WARN] access - GET /api/act/config/lists
[2018-05-29 16:09:39.888] [WARN] access - GET /api/menu/listsTree
[2018-05-29 16:09:39.922] [WARN] access - GET /api/user/userInfo
[2018-05-29 16:09:39.937] [INFO] access - GET /api/act/123
[2018-05-29 16:09:39.942] [WARN] access - GET /api/act/config/lists
[2018-05-29 16:09:42.718] [WARN] access - GET /temp/20180529155955/1527580870449.png
[2018-05-29 16:09:42.725] [WARN] access - GET /temp/20180529155955/1527580856043.png
[2018-05-29 16:09:42.731] [WARN] access - GET /temp/20180529155955/1527580839581.png
[2018-05-29 16:09:42.736] [WARN] access - GET /temp/20180529155955/1527580843193.png
[2018-05-29 16:09:42.783] [WARN] access - GET /temp/20180529155955/1527580808404.png
[2018-05-29 16:09:42.788] [WARN] access - GET /temp/20180529155955/1527580948776.png
[2018-05-29 16:13:43.163] [WARN] access - GET /api/menu/listsTree
[2018-05-29 16:13:43.197] [WARN] access - GET /api/user/userInfo
[2018-05-29 16:13:43.220] [INFO] access - GET /api/act/123
[2018-05-29 16:13:43.228] [WARN] access - GET /api/act/config/lists
[2018-05-29 16:13:46.081] [WARN] access - GET /temp/20180529155955/1527580870449.png
[2018-05-29 16:13:46.086] [WARN] access - GET /temp/20180529155955/1527580856043.png
[2018-05-29 16:13:46.092] [WARN] access - GET /temp/20180529155955/1527580839581.png
[2018-05-29 16:13:46.095] [WARN] access - GET /temp/20180529155955/1527580843193.png
[2018-05-29 16:13:46.104] [WARN] access - GET /temp/20180529155955/1527580808404.png
[2018-05-29 16:13:46.113] [WARN] access - GET /temp/20180529155955/1527580948776.png
[2018-05-29 16:15:02.261] [WARN] access - GET /api/menu/listsTree
[2018-05-29 16:15:02.267] [WARN] access - GET /api/user/userInfo
[2018-05-29 16:15:02.297] [INFO] access - GET /api/act/123
[2018-05-29 16:15:02.302] [WARN] access - GET /api/act/config/lists
[2018-05-29 16:15:04.974] [WARN] access - GET /temp/20180529155955/1527580843193.png
[2018-05-29 16:15:04.979] [WARN] access - GET /temp/20180529155955/1527580839581.png
[2018-05-29 16:15:04.985] [WARN] access - GET /temp/20180529155955/1527580856043.png
[2018-05-29 16:15:04.989] [WARN] access - GET /temp/20180529155955/1527580870449.png
[2018-05-29 16:15:05.005] [WARN] access - GET /temp/20180529155955/1527580808404.png
[2018-05-29 16:15:05.016] [WARN] access - GET /temp/20180529155955/1527580948776.png
[2018-05-29 16:20:10.147] [INFO] access - POST /api/act/upload
[2018-05-29 16:21:04.260] [WARN] access - GET /api/menu/listsTree
[2018-05-29 16:21:04.265] [WARN] access - GET /api/user/userInfo
[2018-05-29 16:21:04.308] [INFO] access - GET /api/act/123
[2018-05-29 16:21:04.311] [WARN] access - GET /api/act/config/lists
[2018-05-29 16:21:06.774] [WARN] access - GET /temp/20180529155955/1527580856043.png
[2018-05-29 16:21:06.779] [WARN] access - GET /temp/20180529155955/1527580839581.png
[2018-05-29 16:21:06.786] [WARN] access - GET /temp/20180529155955/1527580870449.png
[2018-05-29 16:21:06.795] [WARN] access - GET /temp/20180529155955/1527580843193.png
[2018-05-29 16:21:06.816] [WARN] access - GET /temp/20180529155955/1527580808404.png
[2018-05-29 16:21:06.824] [WARN] access - GET /temp/20180529155955/1527580948776.png
[2018-05-29 16:21:15.351] [INFO] access - POST /api/act/upload
[2018-05-29 16:21:31.785] [INFO] access - POST /api/act/upload
[2018-05-29 16:26:15.632] [INFO] access - POST /api/act/upload
[2018-05-29 16:27:11.404] [INFO] access - POST /api/act/upload
[2018-05-29 16:28:12.054] [INFO] access - POST /api/act/draft
[2018-05-29 16:28:12.459] [INFO] access - GET /api/act/lists?keys=&pageSize=15&pageIndex=1
[2018-05-29 16:28:14.481] [INFO] access - GET /api/act/123
[2018-05-29 16:28:14.524] [WARN] access - GET /api/act/config/lists
[2018-05-29 16:28:14.578] [WARN] access - GET /temp/20180529162104/1527582091780.png
[2018-05-29 16:28:17.258] [WARN] access - GET /temp/20180529162104/1527582431396.png
[2018-05-29 16:55:34.687] [INFO] access - POST /api/act/upload
[2018-05-29 16:56:20.176] [INFO] access - POST /api/act/upload
[2018-05-29 16:59:44.831] [INFO] access - POST /api/act/upload
[2018-05-29 17:00:03.604] [INFO] access - POST /api/act/draft
[2018-05-29 17:00:04.065] [INFO] access - GET /api/act/lists?keys=&pageSize=15&pageIndex=1
[2018-05-29 17:00:06.127] [WARN] access - GET /api/act/config/lists
[2018-05-29 17:00:06.137] [INFO] access - GET /api/act/123
[2018-05-29 17:00:06.234] [WARN] access - GET /temp/20180529162104/1527582091780.png
[2018-05-29 17:01:28.921] [INFO] access - POST /api/act/draft
[2018-05-29 17:01:29.219] [INFO] access - GET /api/act/lists?keys=&pageSize=15&pageIndex=1
[2018-05-29 17:01:31.033] [INFO] access - GET /api/act/123
[2018-05-29 17:01:31.041] [WARN] access - GET /api/act/config/lists
[2018-05-29 17:04:08.186] [WARN] access - GET /temp/20180529162814/1527584180169.png
[2018-05-29 17:42:50.645] [WARN] access - GET /api/menu/listsTree
[2018-05-29 17:42:50.670] [WARN] access - GET /api/user/userInfo
[2018-05-29 17:42:50.676] [INFO] access - GET /api/act/123
[2018-05-29 17:42:50.682] [WARN] access - GET /api/act/config/lists
[2018-05-29 17:42:50.891] [WARN] access - GET /temp/20180529162104/1527582075344.png
[2018-05-29 17:42:50.899] [WARN] access - GET /temp/20180529162104/1527582091780.png
[2018-05-29 17:47:13.793] [WARN] access - GET /api/menu/listsTree
[2018-05-29 17:47:13.853] [WARN] access - GET /api/user/userInfo
[2018-05-29 17:47:13.858] [INFO] access - GET /api/act/123
[2018-05-29 17:47:13.863] [WARN] access - GET /api/act/config/lists
[2018-05-29 17:47:14.089] [WARN] access - GET /temp/20180529162104/1527582075344.png
[2018-05-29 17:47:14.096] [WARN] access - GET /temp/20180529162104/1527582091780.png
[2018-05-29 17:51:29.680] [WARN] access - GET /temp/20180529162814/1527584384787.png
[2018-05-29 17:51:29.687] [WARN] access - GET /temp/20180529162104/1527582375621.png
[2018-05-29 17:51:29.692] [WARN] access - GET /temp/20180529162814/1527584134676.png
[2018-05-29 17:51:29.706] [WARN] access - GET /temp/20180529162104/1527582431396.png
[2018-05-29 17:51:29.722] [WARN] access - GET /temp/20180529162814/1527584180169.png
[2018-05-29 18:01:52.606] [WARN] access - GET /temp/20180529162104/1527582075344.png
[2018-05-29 18:03:18.803] [WARN] access - GET /temp/20180529162104/1527582075344.png
[2018-05-29 18:03:18.812] [WARN] access - GET /temp/20180529162104/1527582091780.png
[2018-05-29 18:05:34.384] [WARN] access - GET /temp/20180529162104/1527582075344.png
[2018-05-29 18:05:34.392] [WARN] access - GET /temp/20180529162104/1527582091780.png
[2018-05-29 18:11:41.306] [WARN] access - GET /temp/20180529162104/1527582075344.png
[2018-05-29 18:11:41.312] [WARN] access - GET /temp/20180529162104/1527582091780.png
[2018-05-29 18:13:25.774] [WARN] access - GET /temp/20180529162104/1527582075344.png
[2018-05-29 18:13:25.778] [WARN] access - GET /temp/20180529162104/1527582091780.png
[2018-05-29 18:16:03.480] [WARN] access - GET /temp/20180529162104/1527582431396.png
[2018-05-29 18:16:03.535] [WARN] access - GET /temp/20180529162814/1527584180169.png
[2018-05-29 18:16:03.542] [WARN] access - GET /temp/20180529162104/1527582091780.png
[2018-05-29 18:16:03.557] [WARN] access - GET /temp/20180529162104/1527582075344.png
[2018-05-29 18:20:20.868] [WARN] access - GET /temp/20180529162104/1527582431396.png
[2018-05-29 18:20:20.872] [WARN] access - GET /temp/20180529162814/1527584180169.png
[2018-05-29 18:20:20.878] [WARN] access - GET /temp/20180529162104/1527582075344.png
[2018-05-29 18:20:20.882] [WARN] access - GET /temp/20180529162104/1527582091780.png
[2018-05-29 18:21:57.813] [WARN] access - GET /api/menu/listsTree
[2018-05-29 18:21:57.817] [WARN] access - GET /api/user/userInfo
[2018-05-29 18:21:57.894] [WARN] access - GET /api/act/config/lists
[2018-05-29 18:21:57.900] [INFO] access - GET /api/act/123
[2018-05-29 18:21:58.344] [WARN] access - GET /temp/20180529162104/1527582091780.png
[2018-05-29 18:21:58.349] [WARN] access - GET /temp/20180529162104/1527582075344.png
[2018-05-29 18:22:07.877] [WARN] access - GET /temp/20180529162814/1527584384787.png
[2018-05-29 18:22:07.882] [WARN] access - GET /temp/20180529162814/1527584134676.png
[2018-05-29 18:22:07.887] [WARN] access - GET /temp/20180529162104/1527582375621.png
[2018-05-29 18:22:07.891] [WARN] access - GET /temp/20180529162104/1527582431396.png
[2018-05-29 18:22:07.895] [WARN] access - GET /temp/20180529162814/1527584180169.png
[2018-05-29 18:28:48.943] [WARN] access - GET /temp/20180529162104/1527582431396.png
[2018-05-29 18:28:48.950] [WARN] access - GET /temp/20180529162814/1527584180169.png
[2018-05-29 18:28:48.954] [WARN] access - GET /temp/20180529162104/1527582075344.png
[2018-05-29 18:28:48.959] [WARN] access - GET /temp/20180529162104/1527582091780.png
[2018-05-29 18:29:34.209] [WARN] access - GET /temp/20180529162104/1527582431396.png
[2018-05-29 18:29:34.213] [WARN] access - GET /temp/20180529162814/1527584180169.png
[2018-05-29 18:29:34.217] [WARN] access - GET /temp/20180529162104/1527582075344.png
[2018-05-29 18:29:34.222] [WARN] access - GET /temp/20180529162104/1527582091780.png
[2018-05-29 18:30:12.586] [WARN] access - GET /temp/20180529162104/1527582431396.png
[2018-05-29 18:30:12.592] [WARN] access - GET /temp/20180529162814/1527584180169.png
[2018-05-29 18:30:12.611] [WARN] access - GET /temp/20180529162104/1527582075344.png
[2018-05-29 18:30:12.616] [WARN] access - GET /temp/20180529162104/1527582091780.png
[2018-05-29 18:30:14.362] [WARN] access - GET /temp/20180529162104/1527582431396.png
[2018-05-29 18:30:14.383] [WARN] access - GET /temp/20180529162814/1527584180169.png
[2018-05-29 18:30:14.389] [WARN] access - GET /temp/20180529162104/1527582075344.png
[2018-05-29 18:30:14.392] [WARN] access - GET /temp/20180529162104/1527582091780.png
[2018-05-29 18:31:59.310] [WARN] access - GET /temp/20180529162104/1527582431396.png
[2018-05-29 18:31:59.315] [WARN] access - GET /temp/20180529162814/1527584180169.png
[2018-05-29 18:31:59.320] [WARN] access - GET /temp/20180529162104/1527582075344.png
[2018-05-29 18:31:59.334] [WARN] access - GET /temp/20180529162104/1527582091780.png
[2018-05-29 18:36:10.898] [WARN] access - GET /temp/20180529162104/1527582431396.png
[2018-05-29 18:36:10.903] [WARN] access - GET /temp/20180529162814/1527584180169.png
[2018-05-29 18:36:10.909] [WARN] access - GET /temp/20180529162104/1527582075344.png
[2018-05-29 18:36:10.913] [WARN] access - GET /temp/20180529162104/1527582091780.png
[2018-05-29 18:38:15.761] [WARN] access - GET /api/menu/listsTree
[2018-05-29 18:38:15.766] [WARN] access - GET /api/user/userInfo
[2018-05-29 18:38:15.885] [INFO] access - GET /api/act/123
[2018-05-29 18:38:15.912] [WARN] access - GET /api/act/config/lists
[2018-05-29 18:38:16.085] [WARN] access - GET /temp/20180529162104/1527582075344.png
[2018-05-29 18:38:16.092] [WARN] access - GET /temp/20180529162104/1527582091780.png
[2018-05-29 18:38:18.219] [WARN] access - GET /temp/20180529162104/1527582375621.png
[2018-05-29 18:38:18.225] [WARN] access - GET /temp/20180529162814/1527584134676.png
[2018-05-29 18:38:18.230] [WARN] access - GET /temp/20180529162814/1527584384787.png
[2018-05-29 18:38:18.272] [WARN] access - GET /temp/20180529162104/1527582431396.png
[2018-05-29 18:38:18.280] [WARN] access - GET /temp/20180529162814/1527584180169.png
[2018-05-29 18:38:51.418] [WARN] access - GET /temp/20180529162104/1527582431396.png
[2018-05-29 18:38:51.423] [WARN] access - GET /temp/20180529162814/1527584180169.png
[2018-05-29 18:38:51.455] [WARN] access - GET /temp/20180529162104/1527582075344.png
[2018-05-29 18:38:51.459] [WARN] access - GET /temp/20180529162104/1527582091780.png
[2018-05-29 18:38:54.664] [WARN] access - GET /temp/20180529162104/1527582431396.png
[2018-05-29 18:38:54.668] [WARN] access - GET /temp/20180529162814/1527584180169.png
[2018-05-29 18:38:54.675] [WARN] access - GET /temp/20180529162104/1527582075344.png
[2018-05-29 18:38:54.679] [WARN] access - GET /temp/20180529162104/1527582091780.png
[2018-05-29 18:39:18.602] [WARN] access - GET /api/menu/listsTree
[2018-05-29 18:39:18.606] [WARN] access - GET /api/user/userInfo
[2018-05-29 18:39:18.698] [INFO] access - GET /api/act/123
[2018-05-29 18:39:18.703] [WARN] access - GET /api/act/config/lists
[2018-05-29 18:39:19.078] [WARN] access - GET /temp/20180529162104/1527582075344.png
[2018-05-29 18:39:19.089] [WARN] access - GET /temp/20180529162104/1527582091780.png
[2018-05-29 18:39:21.908] [WARN] access - GET /temp/20180529162104/1527582375621.png
[2018-05-29 18:39:21.932] [WARN] access - GET /temp/20180529162814/1527584134676.png
[2018-05-29 18:39:21.936] [WARN] access - GET /temp/20180529162814/1527584384787.png
[2018-05-29 18:39:21.955] [WARN] access - GET /temp/20180529162104/1527582431396.png
[2018-05-29 18:39:21.962] [WARN] access - GET /temp/20180529162814/1527584180169.png
[2018-05-29 18:55:23.159] [WARN] access - GET /api/menu/listsTree
[2018-05-29 18:55:23.217] [WARN] access - GET /api/user/userInfo
[2018-05-29 18:55:23.258] [INFO] access - GET /api/act/123
[2018-05-29 18:55:23.313] [WARN] access - GET /api/act/config/lists
[2018-05-29 18:55:23.430] [WARN] access - GET /temp/20180529162104/1527582091780.png
[2018-05-29 18:55:23.494] [WARN] access - GET /temp/20180529162104/1527582075344.png
[2018-05-29 18:55:50.969] [WARN] access - GET /api/menu/listsTree
[2018-05-29 18:55:51.010] [WARN] access - GET /api/user/userInfo
[2018-05-29 18:55:51.060] [INFO] access - GET /api/act/123
[2018-05-29 18:55:51.132] [WARN] access - GET /api/act/config/lists
[2018-05-29 18:55:51.368] [WARN] access - GET /temp/20180529162104/1527582075344.png
[2018-05-29 18:55:51.425] [WARN] access - GET /temp/20180529162104/1527582091780.png
[2018-05-29 18:59:51.691] [WARN] access - GET /api/menu/listsTree
[2018-05-29 18:59:51.698] [WARN] access - GET /api/user/userInfo
[2018-05-29 18:59:51.704] [INFO] access - GET /api/act/123
[2018-05-29 18:59:51.712] [WARN] access - GET /api/act/config/lists
[2018-05-29 18:59:51.925] [WARN] access - GET /temp/20180529162104/1527582075344.png
[2018-05-29 18:59:51.932] [WARN] access - GET /temp/20180529162104/1527582091780.png
[2018-05-29 19:00:13.335] [WARN] access - GET /api/menu/listsTree
[2018-05-29 19:00:13.340] [WARN] access - GET /api/user/userInfo
[2018-05-29 19:00:13.346] [INFO] access - GET /api/act/123
[2018-05-29 19:00:13.352] [WARN] access - GET /api/act/config/lists
[2018-05-29 19:00:13.575] [WARN] access - GET /temp/20180529162104/1527582075344.png
[2018-05-29 19:00:13.580] [WARN] access - GET /temp/20180529162104/1527582091780.png
[2018-05-29 19:00:57.993] [WARN] access - GET /api/menu/listsTree
[2018-05-29 19:00:57.997] [WARN] access - GET /api/user/userInfo
[2018-05-29 19:00:58.018] [INFO] access - GET /api/act/123
[2018-05-29 19:00:58.023] [WARN] access - GET /api/act/config/lists
[2018-05-29 19:00:58.193] [WARN] access - GET /temp/20180529162104/1527582075344.png
[2018-05-29 19:00:58.200] [WARN] access - GET /temp/20180529162104/1527582091780.png
[2018-05-29 19:01:31.158] [WARN] access - GET /temp/20180529162814/1527584134676.png
[2018-05-29 19:01:31.162] [WARN] access - GET /temp/20180529162814/1527584384787.png
[2018-05-29 19:01:31.176] [WARN] access - GET /temp/20180529162104/1527582375621.png
[2018-05-29 19:01:31.181] [WARN] access - GET /temp/20180529162814/1527584180169.png
[2018-05-29 19:01:31.187] [WARN] access - GET /temp/20180529162104/1527582431396.png
[2018-05-29 19:03:18.193] [WARN] access - GET /api/menu/listsTree
[2018-05-29 19:03:18.221] [WARN] access - GET /api/user/userInfo
[2018-05-29 19:03:18.226] [INFO] access - GET /api/act/123
[2018-05-29 19:03:18.231] [WARN] access - GET /api/act/config/lists
[2018-05-29 19:03:18.765] [WARN] access - GET /temp/20180529162104/1527582075344.png
[2018-05-29 19:03:18.769] [WARN] access - GET /temp/20180529162104/1527582091780.png
