[2017-11-27 16:27:02.081] [INFO] access - POST /api/signin
[2017-11-27 16:27:02.241] [INFO] access - GET /api/user/userInfo
[2017-11-27 16:27:02.266] [INFO] access - GET /api/menu/listsTree
[2017-11-27 16:27:04.978] [INFO] access - GET /api/act/tpl/lists
[2017-11-27 16:27:07.674] [INFO] access - GET /api/act/tpl/5
[2017-11-27 16:34:29.002] [WARN] access - GET /api/menu/listsTree
[2017-11-27 16:34:29.009] [WARN] access - GET /api/user/userInfo
[2017-11-27 16:34:29.033] [INFO] access - GET /api/act/tpl/5
[2017-11-27 16:37:31.013] [WARN] access - GET /api/menu/listsTree
[2017-11-27 16:37:31.019] [WARN] access - GET /api/user/userInfo
[2017-11-27 16:37:31.035] [INFO] access - GET /api/act/tpl/5
[2017-11-27 16:39:22.904] [WARN] access - GET /api/menu/listsTree
[2017-11-27 16:39:22.919] [WARN] access - GET /api/user/userInfo
[2017-11-27 16:39:22.924] [INFO] access - GET /api/act/tpl/5
[2017-11-27 16:40:11.070] [WARN] access - GET /api/menu/listsTree
[2017-11-27 16:40:11.076] [WARN] access - GET /api/user/userInfo
[2017-11-27 16:40:11.082] [INFO] access - GET /api/act/tpl/5
[2017-11-27 16:41:01.501] [WARN] access - GET /api/menu/listsTree
[2017-11-27 16:41:01.519] [WARN] access - GET /api/user/userInfo
[2017-11-27 16:41:01.528] [INFO] access - GET /api/act/tpl/5
[2017-11-27 16:41:50.397] [WARN] access - GET /api/menu/listsTree
[2017-11-27 16:41:50.409] [WARN] access - GET /api/user/userInfo
[2017-11-27 16:41:50.427] [INFO] access - GET /api/act/tpl/5
[2017-11-27 16:42:43.136] [WARN] access - GET /api/menu/listsTree
[2017-11-27 16:42:43.147] [WARN] access - GET /api/user/userInfo
[2017-11-27 16:42:43.154] [INFO] access - GET /api/act/tpl/5
[2017-11-27 16:49:11.975] [WARN] access - GET /api/menu/listsTree
[2017-11-27 16:49:11.983] [WARN] access - GET /api/user/userInfo
[2017-11-27 16:49:11.990] [INFO] access - GET /api/act/tpl/5
[2017-11-27 16:49:33.507] [WARN] access - GET /api/menu/listsTree
[2017-11-27 16:49:33.513] [WARN] access - GET /api/user/userInfo
[2017-11-27 16:49:33.531] [INFO] access - GET /api/act/tpl/5
