[2018-03-09 10:36:38.160] [WARN] access - GET /api/user/userInfo
[2018-03-09 10:36:38.179] [WARN] access - GET /api/menu/listsTree
[2018-03-09 10:36:52.454] [WARN] access - GET /api/act/tpl/lists
[2018-03-09 10:36:52.497] [WARN] access - GET /images/act_tpl_image/1520488106123.png
[2018-03-09 10:36:55.606] [INFO] access - GET /api/act/tpl/53
[2018-03-09 10:37:03.876] [WARN] access - GET /api/act/lists?keys=&pageSize=15&pageIndex=1
[2018-03-09 10:37:07.357] [INFO] access - DELETE /api/act/93
[2018-03-09 10:37:07.395] [INFO] access - GET /api/act/lists?keys=&pageSize=15&pageIndex=1
[2018-03-09 10:37:10.089] [WARN] access - GET /api/act/tpl/lists
[2018-03-09 10:37:11.743] [INFO] access - GET /api/act/tpl/53
[2018-03-09 10:37:26.328] [INFO] access - POST /api/act/upload
[2018-03-09 10:37:40.649] [INFO] access - POST /api/act/upload
[2018-03-09 10:37:58.604] [INFO] access - POST /api/act/upload
[2018-03-09 10:38:05.508] [INFO] access - POST /api/act/upload
[2018-03-09 10:39:09.121] [INFO] access - POST /api/act/upload
[2018-03-09 10:39:09.125] [INFO] access - POST /api/act/upload
[2018-03-09 10:39:28.850] [INFO] access - POST /api/act/upload
[2018-03-09 10:39:28.876] [INFO] access - GET /temp/20180309103711/%E6%B4%BB%E5%8A%A8%E8%A7%84%E5%88%99-%E6%8B%B7%E8%B4%9D_07_1520563168845.png
[2018-03-09 10:39:32.927] [INFO] access - POST /api/act/upload
[2018-03-09 10:40:51.991] [INFO] access - POST /api/act/upload
[2018-03-09 10:41:37.085] [INFO] access - POST /api/act/upload
[2018-03-09 10:42:24.542] [INFO] access - POST /api/act/upload
[2018-03-09 10:42:55.262] [INFO] access - POST /api/act/upload
[2018-03-09 10:43:30.224] [INFO] access - POST /api/act/upload
[2018-03-09 10:44:01.401] [INFO] access - POST /api/act/upload
[2018-03-09 10:44:11.237] [INFO] access - POST /api/act/upload
[2018-03-09 10:44:39.492] [INFO] access - POST /api/act/upload
[2018-03-09 10:52:40.095] [INFO] access - POST /api/act/draft
[2018-03-09 10:52:40.406] [INFO] access - GET /api/act/lists?keys=&pageSize=15&pageIndex=1
[2018-03-09 10:52:54.632] [INFO] access - GET /temp/20180309103711/%E7%81%AB%E5%B1%B12_02_1520563060640.png
[2018-03-09 10:52:54.662] [INFO] access - GET /temp/20180309103711/%E7%81%AB%E5%B1%B12_07_1520563078596.png
[2018-03-09 10:52:54.669] [INFO] access - GET /temp/20180309103711/%E7%81%AB%E5%B1%B12_11_1520563085502.png
[2018-03-09 10:52:54.750] [INFO] access - GET /temp/20180309103711/%E6%B3%A8%E5%86%8C%E6%88%90%E5%8A%9F-%E6%8B%B7%E8%B4%9D_07_1520563344533.png
[2018-03-09 10:52:54.760] [INFO] access - GET /temp/20180309103711/%E6%9C%AA%E6%A0%87%E9%A2%98-1_1520563410217.png
[2018-03-09 10:53:04.458] [WARN] access - GET /temp/20180309103711/%E7%81%AB%E5%B1%B12_02_1520563060640.png
[2018-03-09 10:53:04.464] [WARN] access - GET /temp/20180309103711/%E7%81%AB%E5%B1%B12_07_1520563078596.png
[2018-03-09 10:53:04.485] [WARN] access - GET /temp/20180309103711/%E7%81%AB%E5%B1%B12_11_1520563085502.png
[2018-03-09 10:53:04.502] [WARN] access - GET /temp/20180309103711/%E7%81%AB%E5%B1%B12_03_1520563149110.png
[2018-03-09 10:53:04.510] [WARN] access - GET /temp/20180309103711/bg_1520563046318.png
[2018-03-09 10:53:04.515] [WARN] access - GET /temp/20180309103711/%E7%81%AB%E5%B1%B12_06_1520563149116.png
[2018-03-09 10:53:04.519] [WARN] access - GET /temp/20180309103711/%E6%B4%BB%E5%8A%A8%E8%A7%84%E5%88%99-%E6%8B%B7%E8%B4%9D_03_1520563172913.png
[2018-03-09 10:53:04.536] [WARN] access - GET /temp/20180309103711/%E6%B3%A8%E5%86%8C%E6%88%90%E5%8A%9F-%E6%8B%B7%E8%B4%9D_03_1520563297075.png
[2018-03-09 10:53:04.560] [WARN] access - GET /temp/20180309103711/%E6%B3%A8%E5%86%8C%E6%88%90%E5%8A%9F-%E6%8B%B7%E8%B4%9D_07_1520563344533.png
[2018-03-09 10:53:04.566] [WARN] access - GET /temp/20180309103711/%E6%9C%AA%E6%A0%87%E9%A2%98-1_1520563410217.png
[2018-03-09 10:53:04.571] [WARN] access - GET /temp/20180309103711/%E6%B4%BB%E5%8A%A8%E8%A7%84%E5%88%99-%E6%8B%B7%E8%B4%9D_03_1520563451231.png
[2018-03-09 10:53:04.576] [WARN] access - GET /temp/20180309103711/sumit_1520563479485.png
[2018-03-09 10:53:20.831] [INFO] access - GET /api/act/94
[2018-03-09 10:55:38.638] [WARN] access - GET /temp/20180309103711/%E7%81%AB%E5%B1%B12_02_1520563060640.png
[2018-03-09 10:55:38.643] [WARN] access - GET /temp/20180309103711/%E7%81%AB%E5%B1%B12_07_1520563078596.png
[2018-03-09 10:55:38.648] [WARN] access - GET /temp/20180309103711/%E7%81%AB%E5%B1%B12_11_1520563085502.png
[2018-03-09 10:55:38.653] [WARN] access - GET /temp/20180309103711/%E7%81%AB%E5%B1%B12_03_1520563149110.png
[2018-03-09 10:55:38.674] [WARN] access - GET /temp/20180309103711/%E7%81%AB%E5%B1%B12_06_1520563149116.png
[2018-03-09 10:55:38.688] [WARN] access - GET /temp/20180309103711/bg_1520563046318.png
[2018-03-09 10:55:38.696] [WARN] access - GET /temp/20180309103711/%E6%B4%BB%E5%8A%A8%E8%A7%84%E5%88%99-%E6%8B%B7%E8%B4%9D_03_1520563172913.png
[2018-03-09 10:55:38.702] [WARN] access - GET /temp/20180309103711/%E6%B3%A8%E5%86%8C%E6%88%90%E5%8A%9F-%E6%8B%B7%E8%B4%9D_03_1520563297075.png
[2018-03-09 10:55:38.725] [WARN] access - GET /temp/20180309103711/%E6%B3%A8%E5%86%8C%E6%88%90%E5%8A%9F-%E6%8B%B7%E8%B4%9D_07_1520563344533.png
[2018-03-09 10:55:38.740] [WARN] access - GET /temp/20180309103711/%E6%9C%AA%E6%A0%87%E9%A2%98-1_1520563410217.png
[2018-03-09 10:55:38.746] [WARN] access - GET /temp/20180309103711/%E6%B4%BB%E5%8A%A8%E8%A7%84%E5%88%99-%E6%8B%B7%E8%B4%9D_03_1520563451231.png
[2018-03-09 10:55:38.750] [WARN] access - GET /temp/20180309103711/sumit_1520563479485.png
[2018-03-09 10:55:40.797] [INFO] access - POST /api/act/draft
[2018-03-09 10:55:41.145] [INFO] access - GET /api/act/lists?keys=&pageSize=15&pageIndex=1
[2018-03-09 10:55:44.739] [WARN] access - GET /temp/20180309103711/%E7%81%AB%E5%B1%B12_02_1520563060640.png
[2018-03-09 10:55:44.744] [WARN] access - GET /temp/20180309103711/%E7%81%AB%E5%B1%B12_07_1520563078596.png
[2018-03-09 10:55:44.770] [WARN] access - GET /temp/20180309103711/%E7%81%AB%E5%B1%B12_11_1520563085502.png
[2018-03-09 10:55:44.777] [WARN] access - GET /temp/20180309103711/%E7%81%AB%E5%B1%B12_03_1520563149110.png
[2018-03-09 10:55:44.787] [WARN] access - GET /temp/20180309103711/%E7%81%AB%E5%B1%B12_06_1520563149116.png
[2018-03-09 10:55:44.801] [WARN] access - GET /temp/20180309103711/bg_1520563046318.png
[2018-03-09 10:55:44.814] [WARN] access - GET /temp/20180309103711/%E6%B4%BB%E5%8A%A8%E8%A7%84%E5%88%99-%E6%8B%B7%E8%B4%9D_03_1520563172913.png
[2018-03-09 10:55:44.821] [WARN] access - GET /temp/20180309103711/%E6%B3%A8%E5%86%8C%E6%88%90%E5%8A%9F-%E6%8B%B7%E8%B4%9D_03_1520563297075.png
[2018-03-09 10:55:44.825] [WARN] access - GET /temp/20180309103711/%E6%B3%A8%E5%86%8C%E6%88%90%E5%8A%9F-%E6%8B%B7%E8%B4%9D_07_1520563344533.png
[2018-03-09 10:55:44.832] [WARN] access - GET /temp/20180309103711/%E6%9C%AA%E6%A0%87%E9%A2%98-1_1520563410217.png
[2018-03-09 10:55:44.844] [WARN] access - GET /temp/20180309103711/%E6%B4%BB%E5%8A%A8%E8%A7%84%E5%88%99-%E6%8B%B7%E8%B4%9D_03_1520563451231.png
[2018-03-09 10:55:44.853] [WARN] access - GET /temp/20180309103711/sumit_1520563479485.png
[2018-03-09 10:55:55.116] [WARN] access - GET /temp/20180309103711/%E7%81%AB%E5%B1%B12_02_1520563060640.png
[2018-03-09 10:55:55.168] [WARN] access - GET /temp/20180309103711/bg_1520563046318.png
[2018-03-09 10:55:55.173] [WARN] access - GET /temp/20180309103711/%E7%81%AB%E5%B1%B12_07_1520563078596.png
[2018-03-09 10:55:55.178] [WARN] access - GET /temp/20180309103711/%E7%81%AB%E5%B1%B12_11_1520563085502.png
[2018-03-09 10:55:55.185] [WARN] access - GET /temp/20180309103711/%E7%81%AB%E5%B1%B12_06_1520563149116.png
[2018-03-09 10:55:55.190] [WARN] access - GET /temp/20180309103711/%E7%81%AB%E5%B1%B12_03_1520563149110.png
[2018-03-09 10:55:55.195] [WARN] access - GET /temp/20180309103711/%E6%B4%BB%E5%8A%A8%E8%A7%84%E5%88%99-%E6%8B%B7%E8%B4%9D_03_1520563172913.png
[2018-03-09 10:55:55.236] [WARN] access - GET /temp/20180309103711/%E6%B3%A8%E5%86%8C%E6%88%90%E5%8A%9F-%E6%8B%B7%E8%B4%9D_03_1520563297075.png
[2018-03-09 10:55:55.252] [WARN] access - GET /temp/20180309103711/%E6%B3%A8%E5%86%8C%E6%88%90%E5%8A%9F-%E6%8B%B7%E8%B4%9D_07_1520563344533.png
[2018-03-09 10:55:55.260] [WARN] access - GET /temp/20180309103711/%E6%9C%AA%E6%A0%87%E9%A2%98-1_1520563410217.png
[2018-03-09 10:55:55.270] [WARN] access - GET /temp/20180309103711/%E6%B4%BB%E5%8A%A8%E8%A7%84%E5%88%99-%E6%8B%B7%E8%B4%9D_03_1520563451231.png
[2018-03-09 10:55:55.275] [WARN] access - GET /temp/20180309103711/sumit_1520563479485.png
[2018-03-09 10:56:41.036] [INFO] access - GET /api/act/94
[2018-03-09 10:56:59.837] [INFO] access - POST /api/act/draft
[2018-03-09 10:57:00.147] [INFO] access - GET /api/act/lists?keys=&pageSize=15&pageIndex=1
[2018-03-09 10:57:04.099] [INFO] access - GET /api/act/94
[2018-03-09 10:57:58.120] [WARN] access - GET /temp/20180309103711/%E7%81%AB%E5%B1%B12_02_1520563060640.png
[2018-03-09 10:57:58.143] [WARN] access - GET /temp/20180309103711/%E7%81%AB%E5%B1%B12_07_1520563078596.png
[2018-03-09 10:57:58.155] [WARN] access - GET /temp/20180309103711/%E7%81%AB%E5%B1%B12_11_1520563085502.png
[2018-03-09 10:57:58.161] [WARN] access - GET /temp/20180309103711/bg_1520563046318.png
[2018-03-09 10:57:58.188] [WARN] access - GET /temp/20180309103711/%E7%81%AB%E5%B1%B12_03_1520563149110.png
[2018-03-09 10:57:58.203] [WARN] access - GET /temp/20180309103711/%E7%81%AB%E5%B1%B12_06_1520563149116.png
[2018-03-09 10:57:58.215] [WARN] access - GET /temp/20180309103711/%E6%B4%BB%E5%8A%A8%E8%A7%84%E5%88%99-%E6%8B%B7%E8%B4%9D_03_1520563172913.png
[2018-03-09 10:57:58.220] [WARN] access - GET /temp/20180309103711/%E6%B3%A8%E5%86%8C%E6%88%90%E5%8A%9F-%E6%8B%B7%E8%B4%9D_03_1520563297075.png
[2018-03-09 10:57:58.225] [WARN] access - GET /temp/20180309103711/%E6%B3%A8%E5%86%8C%E6%88%90%E5%8A%9F-%E6%8B%B7%E8%B4%9D_07_1520563344533.png
[2018-03-09 10:57:58.237] [WARN] access - GET /temp/20180309103711/%E6%9C%AA%E6%A0%87%E9%A2%98-1_1520563410217.png
[2018-03-09 10:57:58.247] [WARN] access - GET /temp/20180309103711/%E6%B4%BB%E5%8A%A8%E8%A7%84%E5%88%99-%E6%8B%B7%E8%B4%9D_03_1520563451231.png
[2018-03-09 10:57:58.253] [WARN] access - GET /temp/20180309103711/sumit_1520563479485.png
[2018-03-09 10:58:09.779] [WARN] access - GET /temp/20180309103711/%E7%81%AB%E5%B1%B12_02_1520563060640.png
[2018-03-09 10:58:09.805] [WARN] access - GET /temp/20180309103711/%E7%81%AB%E5%B1%B12_07_1520563078596.png
[2018-03-09 10:58:09.829] [WARN] access - GET /temp/20180309103711/%E7%81%AB%E5%B1%B12_03_1520563149110.png
[2018-03-09 10:58:09.836] [WARN] access - GET /temp/20180309103711/bg_1520563046318.png
[2018-03-09 10:58:09.853] [WARN] access - GET /temp/20180309103711/%E7%81%AB%E5%B1%B12_06_1520563149116.png
[2018-03-09 10:58:09.859] [WARN] access - GET /temp/20180309103711/%E7%81%AB%E5%B1%B12_11_1520563085502.png
[2018-03-09 10:58:09.869] [WARN] access - GET /temp/20180309103711/%E6%B4%BB%E5%8A%A8%E8%A7%84%E5%88%99-%E6%8B%B7%E8%B4%9D_03_1520563172913.png
[2018-03-09 10:58:09.901] [WARN] access - GET /temp/20180309103711/%E6%B3%A8%E5%86%8C%E6%88%90%E5%8A%9F-%E6%8B%B7%E8%B4%9D_03_1520563297075.png
[2018-03-09 10:58:09.908] [WARN] access - GET /temp/20180309103711/%E6%B3%A8%E5%86%8C%E6%88%90%E5%8A%9F-%E6%8B%B7%E8%B4%9D_07_1520563344533.png
[2018-03-09 10:58:09.918] [WARN] access - GET /temp/20180309103711/%E6%9C%AA%E6%A0%87%E9%A2%98-1_1520563410217.png
[2018-03-09 10:58:09.924] [WARN] access - GET /temp/20180309103711/%E6%B4%BB%E5%8A%A8%E8%A7%84%E5%88%99-%E6%8B%B7%E8%B4%9D_03_1520563451231.png
[2018-03-09 10:58:09.930] [WARN] access - GET /temp/20180309103711/sumit_1520563479485.png
[2018-03-09 10:58:13.075] [WARN] access - GET /temp/20180309103711/%E6%B4%BB%E5%8A%A8%E8%A7%84%E5%88%99-%E6%8B%B7%E8%B4%9D_07_1520563168845.png
[2018-03-09 11:03:58.122] [WARN] access - GET /temp/20180309103711/%E7%81%AB%E5%B1%B12_02_1520563060640.png
[2018-03-09 11:03:58.136] [WARN] access - GET /temp/20180309103711/%E7%81%AB%E5%B1%B12_07_1520563078596.png
[2018-03-09 11:03:58.160] [INFO] access - GET /temp/20180309103711/%E6%B3%A8%E5%86%8C%E5%A4%B1%E8%B4%A5-%E6%8B%B7%E8%B4%9D_1520563375252.png
[2018-03-09 11:03:58.173] [INFO] access - GET /temp/20180309103711/%E6%B3%A8%E5%86%8C%E6%88%90%E5%8A%9F-%E6%8B%B7%E8%B4%9D_1520563251981.png
[2018-03-09 11:03:58.261] [WARN] access - GET /temp/20180309103711/bg_1520563046318.png
[2018-03-09 11:03:58.266] [WARN] access - GET /temp/20180309103711/%E6%B4%BB%E5%8A%A8%E8%A7%84%E5%88%99-%E6%8B%B7%E8%B4%9D_07_1520563168845.png
[2018-03-09 11:03:58.273] [WARN] access - GET /temp/20180309103711/%E6%B3%A8%E5%86%8C%E6%88%90%E5%8A%9F-%E6%8B%B7%E8%B4%9D_03_1520563297075.png
[2018-03-09 11:03:58.285] [WARN] access - GET /temp/20180309103711/%E7%81%AB%E5%B1%B12_03_1520563149110.png
[2018-03-09 11:03:58.310] [WARN] access - GET /temp/20180309103711/%E6%B3%A8%E5%86%8C%E6%88%90%E5%8A%9F-%E6%8B%B7%E8%B4%9D_07_1520563344533.png
[2018-03-09 11:03:58.326] [WARN] access - GET /temp/20180309103711/%E7%81%AB%E5%B1%B12_11_1520563085502.png
[2018-03-09 11:03:58.357] [WARN] access - GET /temp/20180309103711/%E7%81%AB%E5%B1%B12_06_1520563149116.png
[2018-03-09 11:03:58.362] [WARN] access - GET /temp/20180309103711/%E6%B4%BB%E5%8A%A8%E8%A7%84%E5%88%99-%E6%8B%B7%E8%B4%9D_03_1520563172913.png
[2018-03-09 11:03:58.367] [WARN] access - GET /temp/20180309103711/%E6%9C%AA%E6%A0%87%E9%A2%98-1_1520563410217.png
[2018-03-09 11:03:58.374] [WARN] access - GET /temp/20180309103711/%E6%B4%BB%E5%8A%A8%E8%A7%84%E5%88%99-%E6%8B%B7%E8%B4%9D_03_1520563451231.png
[2018-03-09 11:03:58.379] [WARN] access - GET /temp/20180309103711/sumit_1520563479485.png
[2018-03-09 11:06:08.190] [WARN] access - GET /temp/20180309103711/%E7%81%AB%E5%B1%B12_02_1520563060640.png
[2018-03-09 11:06:08.204] [WARN] access - GET /temp/20180309103711/%E7%81%AB%E5%B1%B12_07_1520563078596.png
[2018-03-09 11:06:08.232] [WARN] access - GET /temp/20180309103711/%E7%81%AB%E5%B1%B12_03_1520563149110.png
[2018-03-09 11:06:08.242] [WARN] access - GET /temp/20180309103711/bg_1520563046318.png
[2018-03-09 11:06:08.281] [WARN] access - GET /temp/20180309103711/%E7%81%AB%E5%B1%B12_06_1520563149116.png
[2018-03-09 11:06:08.292] [WARN] access - GET /temp/20180309103711/%E7%81%AB%E5%B1%B12_11_1520563085502.png
[2018-03-09 11:06:08.321] [WARN] access - GET /temp/20180309103711/%E6%B4%BB%E5%8A%A8%E8%A7%84%E5%88%99-%E6%8B%B7%E8%B4%9D_03_1520563172913.png
[2018-03-09 11:06:08.334] [WARN] access - GET /temp/20180309103711/%E6%B3%A8%E5%86%8C%E6%88%90%E5%8A%9F-%E6%8B%B7%E8%B4%9D_03_1520563297075.png
[2018-03-09 11:06:08.348] [WARN] access - GET /temp/20180309103711/%E6%B3%A8%E5%86%8C%E6%88%90%E5%8A%9F-%E6%8B%B7%E8%B4%9D_07_1520563344533.png
[2018-03-09 11:06:08.377] [WARN] access - GET /temp/20180309103711/%E6%9C%AA%E6%A0%87%E9%A2%98-1_1520563410217.png
[2018-03-09 11:06:08.385] [WARN] access - GET /temp/20180309103711/%E6%B4%BB%E5%8A%A8%E8%A7%84%E5%88%99-%E6%8B%B7%E8%B4%9D_03_1520563451231.png
[2018-03-09 11:06:08.403] [WARN] access - GET /temp/20180309103711/sumit_1520563479485.png
[2018-03-09 11:06:18.868] [WARN] access - GET /temp/20180309103711/%E7%81%AB%E5%B1%B12_02_1520563060640.png
[2018-03-09 11:06:18.883] [WARN] access - GET /temp/20180309103711/%E7%81%AB%E5%B1%B12_07_1520563078596.png
[2018-03-09 11:06:18.891] [WARN] access - GET /temp/20180309103711/%E7%81%AB%E5%B1%B12_11_1520563085502.png
[2018-03-09 11:06:18.897] [WARN] access - GET /temp/20180309103711/%E7%81%AB%E5%B1%B12_03_1520563149110.png
[2018-03-09 11:06:18.901] [WARN] access - GET /temp/20180309103711/%E7%81%AB%E5%B1%B12_06_1520563149116.png
[2018-03-09 11:06:18.906] [WARN] access - GET /temp/20180309103711/%E6%B4%BB%E5%8A%A8%E8%A7%84%E5%88%99-%E6%8B%B7%E8%B4%9D_03_1520563172913.png
[2018-03-09 11:06:18.919] [WARN] access - GET /temp/20180309103711/bg_1520563046318.png
[2018-03-09 11:06:18.933] [WARN] access - GET /temp/20180309103711/%E6%B3%A8%E5%86%8C%E6%88%90%E5%8A%9F-%E6%8B%B7%E8%B4%9D_03_1520563297075.png
[2018-03-09 11:06:18.956] [WARN] access - GET /temp/20180309103711/%E6%B3%A8%E5%86%8C%E6%88%90%E5%8A%9F-%E6%8B%B7%E8%B4%9D_07_1520563344533.png
[2018-03-09 11:06:18.961] [WARN] access - GET /temp/20180309103711/%E6%9C%AA%E6%A0%87%E9%A2%98-1_1520563410217.png
[2018-03-09 11:06:18.966] [WARN] access - GET /temp/20180309103711/%E6%B4%BB%E5%8A%A8%E8%A7%84%E5%88%99-%E6%8B%B7%E8%B4%9D_03_1520563451231.png
[2018-03-09 11:06:18.970] [WARN] access - GET /temp/20180309103711/sumit_1520563479485.png
[2018-03-09 11:06:50.717] [INFO] access - POST /api/act/draft
[2018-03-09 11:06:51.069] [INFO] access - GET /api/act/lists?keys=&pageSize=15&pageIndex=1
[2018-03-09 11:08:40.383] [WARN] access - GET /temp/20180309103711/%E7%81%AB%E5%B1%B12_02_1520563060640.png
[2018-03-09 11:08:40.389] [WARN] access - GET /temp/20180309103711/%E7%81%AB%E5%B1%B12_07_1520563078596.png
[2018-03-09 11:08:40.396] [WARN] access - GET /temp/20180309103711/%E7%81%AB%E5%B1%B12_11_1520563085502.png
[2018-03-09 11:08:40.405] [WARN] access - GET /temp/20180309103711/%E7%81%AB%E5%B1%B12_03_1520563149110.png
[2018-03-09 11:08:40.410] [WARN] access - GET /temp/20180309103711/%E7%81%AB%E5%B1%B12_06_1520563149116.png
[2018-03-09 11:08:40.418] [WARN] access - GET /temp/20180309103711/%E6%B4%BB%E5%8A%A8%E8%A7%84%E5%88%99-%E6%8B%B7%E8%B4%9D_03_1520563172913.png
[2018-03-09 11:08:40.513] [WARN] access - GET /temp/20180309103711/bg_1520563046318.png
[2018-03-09 11:08:40.518] [WARN] access - GET /temp/20180309103711/%E6%B3%A8%E5%86%8C%E6%88%90%E5%8A%9F-%E6%8B%B7%E8%B4%9D_03_1520563297075.png
[2018-03-09 11:08:40.523] [WARN] access - GET /temp/20180309103711/%E6%B3%A8%E5%86%8C%E6%88%90%E5%8A%9F-%E6%8B%B7%E8%B4%9D_07_1520563344533.png
[2018-03-09 11:08:40.539] [WARN] access - GET /temp/20180309103711/%E6%9C%AA%E6%A0%87%E9%A2%98-1_1520563410217.png
[2018-03-09 11:08:40.548] [WARN] access - GET /temp/20180309103711/%E6%B4%BB%E5%8A%A8%E8%A7%84%E5%88%99-%E6%8B%B7%E8%B4%9D_03_1520563451231.png
[2018-03-09 11:08:40.552] [WARN] access - GET /temp/20180309103711/sumit_1520563479485.png
[2018-03-09 11:08:47.049] [WARN] access - GET /temp/20180309103711/%E7%81%AB%E5%B1%B12_02_1520563060640.png
[2018-03-09 11:08:47.066] [WARN] access - GET /temp/20180309103711/%E7%81%AB%E5%B1%B12_07_1520563078596.png
[2018-03-09 11:08:47.080] [WARN] access - GET /temp/20180309103711/%E7%81%AB%E5%B1%B12_11_1520563085502.png
[2018-03-09 11:08:47.100] [WARN] access - GET /temp/20180309103711/bg_1520563046318.png
[2018-03-09 11:08:47.115] [WARN] access - GET /temp/20180309103711/%E7%81%AB%E5%B1%B12_06_1520563149116.png
[2018-03-09 11:08:47.144] [WARN] access - GET /temp/20180309103711/%E7%81%AB%E5%B1%B12_03_1520563149110.png
[2018-03-09 11:08:47.235] [WARN] access - GET /temp/20180309103711/%E6%B4%BB%E5%8A%A8%E8%A7%84%E5%88%99-%E6%8B%B7%E8%B4%9D_03_1520563172913.png
[2018-03-09 11:08:47.248] [WARN] access - GET /temp/20180309103711/%E6%B3%A8%E5%86%8C%E6%88%90%E5%8A%9F-%E6%8B%B7%E8%B4%9D_03_1520563297075.png
[2018-03-09 11:08:47.275] [WARN] access - GET /temp/20180309103711/%E6%B3%A8%E5%86%8C%E6%88%90%E5%8A%9F-%E6%8B%B7%E8%B4%9D_07_1520563344533.png
[2018-03-09 11:08:47.290] [WARN] access - GET /temp/20180309103711/%E6%9C%AA%E6%A0%87%E9%A2%98-1_1520563410217.png
[2018-03-09 11:08:47.306] [WARN] access - GET /temp/20180309103711/%E6%B4%BB%E5%8A%A8%E8%A7%84%E5%88%99-%E6%8B%B7%E8%B4%9D_03_1520563451231.png
[2018-03-09 11:08:47.335] [WARN] access - GET /temp/20180309103711/sumit_1520563479485.png
[2018-03-09 11:08:54.430] [WARN] access - GET /temp/20180309103711/bg_1520563441396.png
[2018-03-09 11:09:14.125] [INFO] access - GET /api/act/94
[2018-03-09 11:11:46.411] [WARN] access - GET /temp/20180309103711/%E7%81%AB%E5%B1%B12_02_1520563060640.png
[2018-03-09 11:11:46.445] [WARN] access - GET /temp/20180309103711/%E7%81%AB%E5%B1%B12_07_1520563078596.png
[2018-03-09 11:11:46.449] [WARN] access - GET /temp/20180309103711/%E7%81%AB%E5%B1%B12_11_1520563085502.png
[2018-03-09 11:11:46.457] [WARN] access - GET /temp/20180309103711/%E7%81%AB%E5%B1%B12_03_1520563149110.png
[2018-03-09 11:11:46.462] [WARN] access - GET /temp/20180309103711/%E7%81%AB%E5%B1%B12_06_1520563149116.png
[2018-03-09 11:11:46.467] [WARN] access - GET /temp/20180309103711/%E6%B4%BB%E5%8A%A8%E8%A7%84%E5%88%99-%E6%8B%B7%E8%B4%9D_03_1520563172913.png
[2018-03-09 11:11:46.494] [WARN] access - GET /temp/20180309103711/bg_1520563046318.png
[2018-03-09 11:11:46.501] [WARN] access - GET /temp/20180309103711/%E6%B3%A8%E5%86%8C%E6%88%90%E5%8A%9F-%E6%8B%B7%E8%B4%9D_03_1520563297075.png
[2018-03-09 11:11:46.515] [WARN] access - GET /temp/20180309103711/%E6%B3%A8%E5%86%8C%E6%88%90%E5%8A%9F-%E6%8B%B7%E8%B4%9D_07_1520563344533.png
[2018-03-09 11:11:46.520] [WARN] access - GET /temp/20180309103711/%E6%9C%AA%E6%A0%87%E9%A2%98-1_1520563410217.png
[2018-03-09 11:11:46.526] [WARN] access - GET /temp/20180309103711/%E6%B4%BB%E5%8A%A8%E8%A7%84%E5%88%99-%E6%8B%B7%E8%B4%9D_03_1520563451231.png
[2018-03-09 11:11:46.530] [WARN] access - GET /temp/20180309103711/sumit_1520563479485.png
[2018-03-09 11:11:52.827] [WARN] access - GET /temp/20180309103711/bg_1520563441396.png
[2018-03-09 11:15:04.809] [WARN] access - GET /temp/20180309103711/%E7%81%AB%E5%B1%B12_02_1520563060640.png
[2018-03-09 11:15:04.815] [WARN] access - GET /temp/20180309103711/%E7%81%AB%E5%B1%B12_07_1520563078596.png
[2018-03-09 11:15:04.835] [WARN] access - GET /temp/20180309103711/%E7%81%AB%E5%B1%B12_03_1520563149110.png
[2018-03-09 11:15:04.850] [WARN] access - GET /temp/20180309103711/bg_1520563046318.png
[2018-03-09 11:15:04.855] [WARN] access - GET /temp/20180309103711/%E7%81%AB%E5%B1%B12_06_1520563149116.png
[2018-03-09 11:15:04.860] [WARN] access - GET /temp/20180309103711/%E7%81%AB%E5%B1%B12_11_1520563085502.png
[2018-03-09 11:15:04.865] [WARN] access - GET /temp/20180309103711/%E6%B4%BB%E5%8A%A8%E8%A7%84%E5%88%99-%E6%8B%B7%E8%B4%9D_03_1520563172913.png
[2018-03-09 11:15:04.869] [WARN] access - GET /temp/20180309103711/%E6%B3%A8%E5%86%8C%E6%88%90%E5%8A%9F-%E6%8B%B7%E8%B4%9D_03_1520563297075.png
[2018-03-09 11:15:04.890] [WARN] access - GET /temp/20180309103711/%E6%B3%A8%E5%86%8C%E6%88%90%E5%8A%9F-%E6%8B%B7%E8%B4%9D_07_1520563344533.png
[2018-03-09 11:15:04.894] [WARN] access - GET /temp/20180309103711/%E6%9C%AA%E6%A0%87%E9%A2%98-1_1520563410217.png
[2018-03-09 11:15:04.900] [WARN] access - GET /temp/20180309103711/%E6%B4%BB%E5%8A%A8%E8%A7%84%E5%88%99-%E6%8B%B7%E8%B4%9D_03_1520563451231.png
[2018-03-09 11:15:04.905] [WARN] access - GET /temp/20180309103711/sumit_1520563479485.png
[2018-03-09 11:15:07.032] [WARN] access - GET /temp/20180309103711/%E7%81%AB%E5%B1%B12_02_1520563060640.png
[2018-03-09 11:15:07.039] [WARN] access - GET /temp/20180309103711/%E7%81%AB%E5%B1%B12_07_1520563078596.png
[2018-03-09 11:15:07.104] [WARN] access - GET /temp/20180309103711/%E7%81%AB%E5%B1%B12_03_1520563149110.png
[2018-03-09 11:15:07.109] [WARN] access - GET /temp/20180309103711/bg_1520563046318.png
[2018-03-09 11:15:07.123] [WARN] access - GET /temp/20180309103711/%E7%81%AB%E5%B1%B12_06_1520563149116.png
[2018-03-09 11:15:07.128] [WARN] access - GET /temp/20180309103711/%E7%81%AB%E5%B1%B12_11_1520563085502.png
[2018-03-09 11:15:07.145] [WARN] access - GET /temp/20180309103711/%E6%B4%BB%E5%8A%A8%E8%A7%84%E5%88%99-%E6%8B%B7%E8%B4%9D_03_1520563172913.png
[2018-03-09 11:15:07.156] [WARN] access - GET /temp/20180309103711/%E6%B3%A8%E5%86%8C%E6%88%90%E5%8A%9F-%E6%8B%B7%E8%B4%9D_03_1520563297075.png
[2018-03-09 11:15:07.165] [WARN] access - GET /temp/20180309103711/%E6%B3%A8%E5%86%8C%E6%88%90%E5%8A%9F-%E6%8B%B7%E8%B4%9D_07_1520563344533.png
[2018-03-09 11:15:07.181] [WARN] access - GET /temp/20180309103711/%E6%9C%AA%E6%A0%87%E9%A2%98-1_1520563410217.png
[2018-03-09 11:15:07.200] [WARN] access - GET /temp/20180309103711/%E6%B4%BB%E5%8A%A8%E8%A7%84%E5%88%99-%E6%8B%B7%E8%B4%9D_03_1520563451231.png
[2018-03-09 11:15:07.207] [WARN] access - GET /temp/20180309103711/sumit_1520563479485.png
[2018-03-09 11:15:09.652] [WARN] access - GET /temp/20180309103711/%E7%81%AB%E5%B1%B12_02_1520563060640.png
[2018-03-09 11:15:09.658] [WARN] access - GET /temp/20180309103711/%E7%81%AB%E5%B1%B12_07_1520563078596.png
[2018-03-09 11:15:09.685] [WARN] access - GET /temp/20180309103711/%E7%81%AB%E5%B1%B12_03_1520563149110.png
[2018-03-09 11:15:09.690] [WARN] access - GET /temp/20180309103711/bg_1520563046318.png
[2018-03-09 11:15:09.696] [WARN] access - GET /temp/20180309103711/%E7%81%AB%E5%B1%B12_06_1520563149116.png
[2018-03-09 11:15:09.703] [WARN] access - GET /temp/20180309103711/%E7%81%AB%E5%B1%B12_11_1520563085502.png
[2018-03-09 11:15:09.724] [WARN] access - GET /temp/20180309103711/%E6%B4%BB%E5%8A%A8%E8%A7%84%E5%88%99-%E6%8B%B7%E8%B4%9D_03_1520563172913.png
[2018-03-09 11:15:09.730] [WARN] access - GET /temp/20180309103711/%E6%B3%A8%E5%86%8C%E6%88%90%E5%8A%9F-%E6%8B%B7%E8%B4%9D_03_1520563297075.png
[2018-03-09 11:15:09.734] [WARN] access - GET /temp/20180309103711/%E6%B3%A8%E5%86%8C%E6%88%90%E5%8A%9F-%E6%8B%B7%E8%B4%9D_07_1520563344533.png
[2018-03-09 11:15:09.823] [WARN] access - GET /temp/20180309103711/%E6%9C%AA%E6%A0%87%E9%A2%98-1_1520563410217.png
[2018-03-09 11:15:09.829] [WARN] access - GET /temp/20180309103711/%E6%B4%BB%E5%8A%A8%E8%A7%84%E5%88%99-%E6%8B%B7%E8%B4%9D_03_1520563451231.png
[2018-03-09 11:15:09.833] [WARN] access - GET /temp/20180309103711/sumit_1520563479485.png
[2018-03-09 11:15:20.405] [WARN] access - GET /temp/20180309103711/bg_1520563441396.png
[2018-03-09 11:16:27.636] [WARN] access - GET /temp/20180309103711/%E7%81%AB%E5%B1%B12_02_1520563060640.png
[2018-03-09 11:16:27.666] [WARN] access - GET /temp/20180309103711/%E7%81%AB%E5%B1%B12_03_1520563149110.png
[2018-03-09 11:16:27.682] [WARN] access - GET /temp/20180309103711/%E7%81%AB%E5%B1%B12_07_1520563078596.png
[2018-03-09 11:16:27.693] [WARN] access - GET /temp/20180309103711/bg_1520563046318.png
[2018-03-09 11:16:27.697] [WARN] access - GET /temp/20180309103711/%E7%81%AB%E5%B1%B12_06_1520563149116.png
[2018-03-09 11:16:27.707] [WARN] access - GET /temp/20180309103711/%E7%81%AB%E5%B1%B12_11_1520563085502.png
[2018-03-09 11:16:27.714] [WARN] access - GET /temp/20180309103711/%E6%B4%BB%E5%8A%A8%E8%A7%84%E5%88%99-%E6%8B%B7%E8%B4%9D_03_1520563172913.png
[2018-03-09 11:16:27.731] [WARN] access - GET /temp/20180309103711/%E6%B3%A8%E5%86%8C%E6%88%90%E5%8A%9F-%E6%8B%B7%E8%B4%9D_03_1520563297075.png
[2018-03-09 11:16:27.740] [WARN] access - GET /temp/20180309103711/%E6%B3%A8%E5%86%8C%E6%88%90%E5%8A%9F-%E6%8B%B7%E8%B4%9D_07_1520563344533.png
[2018-03-09 11:16:27.744] [WARN] access - GET /temp/20180309103711/%E6%9C%AA%E6%A0%87%E9%A2%98-1_1520563410217.png
[2018-03-09 11:16:27.752] [WARN] access - GET /temp/20180309103711/%E6%B4%BB%E5%8A%A8%E8%A7%84%E5%88%99-%E6%8B%B7%E8%B4%9D_03_1520563451231.png
[2018-03-09 11:16:27.759] [WARN] access - GET /temp/20180309103711/sumit_1520563479485.png
[2018-03-09 11:16:37.948] [WARN] access - GET /temp/20180309103711/bg_1520563441396.png
[2018-03-09 11:17:18.088] [WARN] access - GET /temp/20180309103711/%E7%81%AB%E5%B1%B12_02_1520563060640.png
[2018-03-09 11:17:18.091] [WARN] access - GET /temp/20180309103711/%E7%81%AB%E5%B1%B12_07_1520563078596.png
[2018-03-09 11:17:18.102] [WARN] access - GET /temp/20180309103711/%E7%81%AB%E5%B1%B12_03_1520563149110.png
[2018-03-09 11:17:18.112] [WARN] access - GET /temp/20180309103711/bg_1520563046318.png
[2018-03-09 11:17:18.124] [WARN] access - GET /temp/20180309103711/%E7%81%AB%E5%B1%B12_06_1520563149116.png
[2018-03-09 11:17:18.132] [WARN] access - GET /temp/20180309103711/%E7%81%AB%E5%B1%B12_11_1520563085502.png
[2018-03-09 11:17:18.143] [WARN] access - GET /temp/20180309103711/%E6%B4%BB%E5%8A%A8%E8%A7%84%E5%88%99-%E6%8B%B7%E8%B4%9D_03_1520563172913.png
[2018-03-09 11:17:18.153] [WARN] access - GET /temp/20180309103711/%E6%B3%A8%E5%86%8C%E6%88%90%E5%8A%9F-%E6%8B%B7%E8%B4%9D_03_1520563297075.png
[2018-03-09 11:17:18.170] [WARN] access - GET /temp/20180309103711/%E6%B3%A8%E5%86%8C%E6%88%90%E5%8A%9F-%E6%8B%B7%E8%B4%9D_07_1520563344533.png
[2018-03-09 11:17:18.175] [WARN] access - GET /temp/20180309103711/%E6%9C%AA%E6%A0%87%E9%A2%98-1_1520563410217.png
[2018-03-09 11:17:18.208] [WARN] access - GET /temp/20180309103711/%E6%B4%BB%E5%8A%A8%E8%A7%84%E5%88%99-%E6%8B%B7%E8%B4%9D_03_1520563451231.png
[2018-03-09 11:17:18.212] [WARN] access - GET /temp/20180309103711/sumit_1520563479485.png
[2018-03-09 11:17:21.201] [WARN] access - GET /temp/20180309103711/%E7%81%AB%E5%B1%B12_02_1520563060640.png
[2018-03-09 11:17:21.207] [WARN] access - GET /temp/20180309103711/%E7%81%AB%E5%B1%B12_07_1520563078596.png
[2018-03-09 11:17:21.276] [WARN] access - GET /temp/20180309103711/%E7%81%AB%E5%B1%B12_03_1520563149110.png
[2018-03-09 11:17:21.297] [WARN] access - GET /temp/20180309103711/bg_1520563046318.png
[2018-03-09 11:17:21.308] [WARN] access - GET /temp/20180309103711/%E7%81%AB%E5%B1%B12_06_1520563149116.png
[2018-03-09 11:17:21.314] [WARN] access - GET /temp/20180309103711/%E7%81%AB%E5%B1%B12_11_1520563085502.png
[2018-03-09 11:17:21.319] [WARN] access - GET /temp/20180309103711/%E6%B4%BB%E5%8A%A8%E8%A7%84%E5%88%99-%E6%8B%B7%E8%B4%9D_03_1520563172913.png
[2018-03-09 11:17:21.329] [WARN] access - GET /temp/20180309103711/%E6%B3%A8%E5%86%8C%E6%88%90%E5%8A%9F-%E6%8B%B7%E8%B4%9D_03_1520563297075.png
[2018-03-09 11:17:21.349] [WARN] access - GET /temp/20180309103711/%E6%B3%A8%E5%86%8C%E6%88%90%E5%8A%9F-%E6%8B%B7%E8%B4%9D_07_1520563344533.png
[2018-03-09 11:17:21.353] [WARN] access - GET /temp/20180309103711/%E6%9C%AA%E6%A0%87%E9%A2%98-1_1520563410217.png
[2018-03-09 11:17:21.358] [WARN] access - GET /temp/20180309103711/%E6%B4%BB%E5%8A%A8%E8%A7%84%E5%88%99-%E6%8B%B7%E8%B4%9D_03_1520563451231.png
[2018-03-09 11:17:21.364] [WARN] access - GET /temp/20180309103711/sumit_1520563479485.png
[2018-03-09 11:17:27.169] [WARN] access - GET /temp/20180309103711/bg_1520563441396.png
[2018-03-09 11:20:55.648] [WARN] access - GET /temp/20180309103711/%E7%81%AB%E5%B1%B12_02_1520563060640.png
[2018-03-09 11:20:55.701] [WARN] access - GET /temp/20180309103711/%E7%81%AB%E5%B1%B12_03_1520563149110.png
[2018-03-09 11:20:55.706] [WARN] access - GET /temp/20180309103711/bg_1520563046318.png
[2018-03-09 11:20:55.710] [WARN] access - GET /temp/20180309103711/%E7%81%AB%E5%B1%B12_07_1520563078596.png
[2018-03-09 11:20:55.716] [WARN] access - GET /temp/20180309103711/%E7%81%AB%E5%B1%B12_06_1520563149116.png
[2018-03-09 11:20:55.720] [WARN] access - GET /temp/20180309103711/%E7%81%AB%E5%B1%B12_11_1520563085502.png
[2018-03-09 11:20:55.727] [WARN] access - GET /temp/20180309103711/%E6%B4%BB%E5%8A%A8%E8%A7%84%E5%88%99-%E6%8B%B7%E8%B4%9D_03_1520563172913.png
[2018-03-09 11:20:55.737] [WARN] access - GET /temp/20180309103711/%E6%B3%A8%E5%86%8C%E6%88%90%E5%8A%9F-%E6%8B%B7%E8%B4%9D_03_1520563297075.png
[2018-03-09 11:20:55.755] [WARN] access - GET /temp/20180309103711/%E6%B3%A8%E5%86%8C%E6%88%90%E5%8A%9F-%E6%8B%B7%E8%B4%9D_07_1520563344533.png
[2018-03-09 11:20:55.784] [WARN] access - GET /temp/20180309103711/%E6%9C%AA%E6%A0%87%E9%A2%98-1_1520563410217.png
[2018-03-09 11:20:55.791] [WARN] access - GET /temp/20180309103711/%E6%B4%BB%E5%8A%A8%E8%A7%84%E5%88%99-%E6%8B%B7%E8%B4%9D_03_1520563451231.png
[2018-03-09 11:20:55.799] [WARN] access - GET /temp/20180309103711/sumit_1520563479485.png
[2018-03-09 11:23:27.344] [WARN] access - GET /temp/20180309103711/%E7%81%AB%E5%B1%B12_02_1520563060640.png
[2018-03-09 11:23:27.349] [WARN] access - GET /temp/20180309103711/%E7%81%AB%E5%B1%B12_07_1520563078596.png
[2018-03-09 11:23:27.353] [WARN] access - GET /temp/20180309103711/%E7%81%AB%E5%B1%B12_11_1520563085502.png
[2018-03-09 11:23:27.358] [WARN] access - GET /temp/20180309103711/%E7%81%AB%E5%B1%B12_03_1520563149110.png
[2018-03-09 11:23:27.363] [WARN] access - GET /temp/20180309103711/%E7%81%AB%E5%B1%B12_06_1520563149116.png
[2018-03-09 11:23:27.367] [WARN] access - GET /temp/20180309103711/%E6%B4%BB%E5%8A%A8%E8%A7%84%E5%88%99-%E6%8B%B7%E8%B4%9D_03_1520563172913.png
[2018-03-09 11:23:27.384] [WARN] access - GET /temp/20180309103711/bg_1520563046318.png
[2018-03-09 11:23:27.418] [WARN] access - GET /temp/20180309103711/%E6%B3%A8%E5%86%8C%E6%88%90%E5%8A%9F-%E6%8B%B7%E8%B4%9D_03_1520563297075.png
[2018-03-09 11:23:27.434] [WARN] access - GET /temp/20180309103711/%E6%B3%A8%E5%86%8C%E6%88%90%E5%8A%9F-%E6%8B%B7%E8%B4%9D_07_1520563344533.png
[2018-03-09 11:23:27.439] [WARN] access - GET /temp/20180309103711/%E6%9C%AA%E6%A0%87%E9%A2%98-1_1520563410217.png
[2018-03-09 11:23:27.443] [WARN] access - GET /temp/20180309103711/%E6%B4%BB%E5%8A%A8%E8%A7%84%E5%88%99-%E6%8B%B7%E8%B4%9D_03_1520563451231.png
[2018-03-09 11:23:27.447] [WARN] access - GET /temp/20180309103711/sumit_1520563479485.png
[2018-03-09 11:24:47.192] [WARN] access - GET /api/user/userInfo
[2018-03-09 11:24:47.197] [WARN] access - GET /api/menu/listsTree
[2018-03-09 11:24:47.221] [INFO] access - GET /api/act/94
[2018-03-09 11:24:47.638] [WARN] access - GET /temp/20180309103711/bg_1520563046318.png
[2018-03-09 11:24:47.685] [WARN] access - GET /temp/20180309103711/%E7%81%AB%E5%B1%B12_02_1520563060640.png
[2018-03-09 11:24:47.702] [WARN] access - GET /temp/20180309103711/%E7%81%AB%E5%B1%B12_07_1520563078596.png
[2018-03-09 11:24:47.708] [WARN] access - GET /temp/20180309103711/%E7%81%AB%E5%B1%B12_11_1520563085502.png
[2018-03-09 11:24:47.798] [WARN] access - GET /temp/20180309103711/%E7%81%AB%E5%B1%B12_03_1520563149110.png
[2018-03-09 11:24:47.810] [WARN] access - GET /temp/20180309103711/%E7%81%AB%E5%B1%B12_06_1520563149116.png
[2018-03-09 11:24:47.814] [WARN] access - GET /temp/20180309103711/%E6%B4%BB%E5%8A%A8%E8%A7%84%E5%88%99-%E6%8B%B7%E8%B4%9D_03_1520563172913.png
[2018-03-09 11:24:47.861] [WARN] access - GET /temp/20180309103711/%E6%B3%A8%E5%86%8C%E6%88%90%E5%8A%9F-%E6%8B%B7%E8%B4%9D_07_1520563344533.png
[2018-03-09 11:24:47.947] [WARN] access - GET /temp/20180309103711/%E6%9C%AA%E6%A0%87%E9%A2%98-1_1520563410217.png
[2018-03-09 11:24:48.095] [WARN] access - GET /temp/20180309103711/sumit_1520563479485.png
[2018-03-09 11:24:48.103] [WARN] access - GET /temp/20180309103711/%E6%B4%BB%E5%8A%A8%E8%A7%84%E5%88%99-%E6%8B%B7%E8%B4%9D_03_1520563451231.png
[2018-03-09 11:24:48.199] [WARN] access - GET /temp/20180309103711/%E6%B3%A8%E5%86%8C%E6%88%90%E5%8A%9F-%E6%8B%B7%E8%B4%9D_03_1520563297075.png
[2018-03-09 11:24:48.301] [WARN] access - GET /temp/20180309103711/%E6%B3%A8%E5%86%8C%E5%A4%B1%E8%B4%A5-%E6%8B%B7%E8%B4%9D_1520563375252.png
[2018-03-09 11:24:48.307] [WARN] access - GET /temp/20180309103711/bg_1520563441396.png
[2018-03-09 11:24:48.312] [WARN] access - GET /temp/20180309103711/%E6%B3%A8%E5%86%8C%E6%88%90%E5%8A%9F-%E6%8B%B7%E8%B4%9D_1520563251981.png
[2018-03-09 11:24:48.317] [WARN] access - GET /temp/20180309103711/%E6%B4%BB%E5%8A%A8%E8%A7%84%E5%88%99-%E6%8B%B7%E8%B4%9D_07_1520563168845.png
[2018-03-09 11:25:45.132] [INFO] access - POST /api/act/draft
[2018-03-09 11:25:45.496] [INFO] access - GET /api/act/lists?keys=&pageSize=15&pageIndex=1
[2018-03-09 11:26:18.942] [WARN] access - GET /temp/20180309103711/%E7%81%AB%E5%B1%B12_02_1520563060640.png
[2018-03-09 11:26:18.946] [WARN] access - GET /temp/20180309103711/%E7%81%AB%E5%B1%B12_07_1520563078596.png
[2018-03-09 11:26:18.954] [WARN] access - GET /temp/20180309103711/%E7%81%AB%E5%B1%B12_11_1520563085502.png
[2018-03-09 11:26:18.963] [WARN] access - GET /temp/20180309103711/%E7%81%AB%E5%B1%B12_03_1520563149110.png
[2018-03-09 11:26:18.970] [WARN] access - GET /temp/20180309103711/bg_1520563046318.png
[2018-03-09 11:26:18.975] [WARN] access - GET /temp/20180309103711/%E7%81%AB%E5%B1%B12_06_1520563149116.png
[2018-03-09 11:26:19.001] [WARN] access - GET /temp/20180309103711/%E6%B3%A8%E5%86%8C%E6%88%90%E5%8A%9F-%E6%8B%B7%E8%B4%9D_03_1520563297075.png
[2018-03-09 11:26:19.010] [WARN] access - GET /temp/20180309103711/%E6%B4%BB%E5%8A%A8%E8%A7%84%E5%88%99-%E6%8B%B7%E8%B4%9D_03_1520563451231.png
[2018-03-09 11:26:19.016] [WARN] access - GET /temp/20180309103711/%E6%B3%A8%E5%86%8C%E6%88%90%E5%8A%9F-%E6%8B%B7%E8%B4%9D_07_1520563344533.png
[2018-03-09 11:26:19.023] [WARN] access - GET /temp/20180309103711/%E6%9C%AA%E6%A0%87%E9%A2%98-1_1520563410217.png
[2018-03-09 11:26:19.028] [WARN] access - GET /temp/20180309103711/%E6%B4%BB%E5%8A%A8%E8%A7%84%E5%88%99-%E6%8B%B7%E8%B4%9D_03_1520563172913.png
[2018-03-09 11:26:19.032] [WARN] access - GET /temp/20180309103711/%E7%81%AB%E5%B1%B12_03_1520563149110.png
[2018-03-09 11:26:19.058] [WARN] access - GET /temp/20180309103711/%E7%81%AB%E5%B1%B12_06_1520563149116.png
[2018-03-09 11:26:19.064] [WARN] access - GET /temp/20180309103711/sumit_1520563479485.png
[2018-03-09 11:26:19.072] [WARN] access - GET /temp/20180309103711/%E6%B3%A8%E5%86%8C%E6%88%90%E5%8A%9F-%E6%8B%B7%E8%B4%9D_03_1520563297075.png
[2018-03-09 11:26:19.078] [WARN] access - GET /temp/20180309103711/%E7%81%AB%E5%B1%B12_07_1520563078596.png
[2018-03-09 11:26:19.082] [WARN] access - GET /temp/20180309103711/%E6%B4%BB%E5%8A%A8%E8%A7%84%E5%88%99-%E6%8B%B7%E8%B4%9D_03_1520563451231.png
[2018-03-09 11:26:19.091] [WARN] access - GET /temp/20180309103711/%E7%81%AB%E5%B1%B12_11_1520563085502.png
[2018-03-09 11:26:19.109] [WARN] access - GET /temp/20180309103711/%E6%B3%A8%E5%86%8C%E6%88%90%E5%8A%9F-%E6%8B%B7%E8%B4%9D_07_1520563344533.png
[2018-03-09 11:26:19.119] [WARN] access - GET /temp/20180309103711/%E6%9C%AA%E6%A0%87%E9%A2%98-1_1520563410217.png
[2018-03-09 11:26:19.123] [WARN] access - GET /temp/20180309103711/%E6%B4%BB%E5%8A%A8%E8%A7%84%E5%88%99-%E6%8B%B7%E8%B4%9D_03_1520563172913.png
[2018-03-09 11:26:19.128] [WARN] access - GET /temp/20180309103711/%E7%81%AB%E5%B1%B12_02_1520563060640.png
[2018-03-09 11:26:19.132] [WARN] access - GET /temp/20180309103711/sumit_1520563479485.png
[2018-03-09 11:26:21.041] [WARN] access - GET /temp/20180309103711/%E6%B4%BB%E5%8A%A8%E8%A7%84%E5%88%99-%E6%8B%B7%E8%B4%9D_07_1520563168845.png
[2018-03-09 11:26:46.777] [WARN] access - GET /temp/20180309103711/bg_1520563441396.png
[2018-03-09 11:30:52.306] [WARN] access - GET /api/act/components/lists?keys=
[2018-03-09 11:30:54.203] [WARN] access - GET /api/act/tpl/lists
[2018-03-09 11:30:54.229] [WARN] access - GET /images/act_tpl_image/1520488106123.png
[2018-03-09 11:39:54.866] [WARN] access - GET /api/act/lists?keys=&pageSize=15&pageIndex=1
[2018-03-09 11:39:56.850] [INFO] access - GET /api/act/94
[2018-03-09 11:44:04.481] [WARN] access - GET /api/menu/listsTree
[2018-03-09 11:44:04.486] [WARN] access - GET /api/user/userInfo
[2018-03-09 11:44:04.534] [INFO] access - GET /api/act/94
[2018-03-09 11:44:05.130] [WARN] access - GET /temp/20180309103711/bg_1520563046318.png
[2018-03-09 11:44:05.167] [WARN] access - GET /temp/20180309103711/%E7%81%AB%E5%B1%B12_02_1520563060640.png
[2018-03-09 11:44:05.180] [WARN] access - GET /temp/20180309103711/%E7%81%AB%E5%B1%B12_07_1520563078596.png
[2018-03-09 11:44:05.185] [WARN] access - GET /temp/20180309103711/%E7%81%AB%E5%B1%B12_11_1520563085502.png
[2018-03-09 11:44:05.256] [WARN] access - GET /temp/20180309103711/%E7%81%AB%E5%B1%B12_03_1520563149110.png
[2018-03-09 11:44:05.265] [WARN] access - GET /temp/20180309103711/%E7%81%AB%E5%B1%B12_06_1520563149116.png
[2018-03-09 11:44:05.269] [WARN] access - GET /temp/20180309103711/%E6%B4%BB%E5%8A%A8%E8%A7%84%E5%88%99-%E6%8B%B7%E8%B4%9D_03_1520563172913.png
[2018-03-09 11:44:05.296] [WARN] access - GET /temp/20180309103711/%E6%B3%A8%E5%86%8C%E6%88%90%E5%8A%9F-%E6%8B%B7%E8%B4%9D_07_1520563344533.png
[2018-03-09 11:44:05.340] [WARN] access - GET /temp/20180309103711/%E6%9C%AA%E6%A0%87%E9%A2%98-1_1520563410217.png
[2018-03-09 11:44:05.415] [WARN] access - GET /temp/20180309103711/sumit_1520563479485.png
[2018-03-09 11:44:05.420] [WARN] access - GET /temp/20180309103711/%E6%B4%BB%E5%8A%A8%E8%A7%84%E5%88%99-%E6%8B%B7%E8%B4%9D_03_1520563451231.png
[2018-03-09 11:44:05.574] [WARN] access - GET /temp/20180309103711/%E6%B3%A8%E5%86%8C%E6%88%90%E5%8A%9F-%E6%8B%B7%E8%B4%9D_03_1520563297075.png
[2018-03-09 11:44:05.717] [WARN] access - GET /temp/20180309103711/bg_1520563441396.png
[2018-03-09 11:44:05.725] [WARN] access - GET /temp/20180309103711/%E6%B3%A8%E5%86%8C%E5%A4%B1%E8%B4%A5-%E6%8B%B7%E8%B4%9D_1520563375252.png
[2018-03-09 11:44:05.729] [WARN] access - GET /temp/20180309103711/%E6%B3%A8%E5%86%8C%E6%88%90%E5%8A%9F-%E6%8B%B7%E8%B4%9D_1520563251981.png
[2018-03-09 11:44:05.733] [WARN] access - GET /temp/20180309103711/%E6%B4%BB%E5%8A%A8%E8%A7%84%E5%88%99-%E6%8B%B7%E8%B4%9D_07_1520563168845.png
[2018-03-09 11:44:26.799] [INFO] access - POST /api/act/draft
[2018-03-09 11:44:27.169] [INFO] access - GET /api/act/lists?keys=&pageSize=15&pageIndex=1
[2018-03-09 11:45:59.857] [WARN] access - GET /temp/20180309103711/%E7%81%AB%E5%B1%B12_02_1520563060640.png
[2018-03-09 11:45:59.873] [WARN] access - GET /temp/20180309103711/%E7%81%AB%E5%B1%B12_07_1520563078596.png
[2018-03-09 11:45:59.894] [WARN] access - GET /temp/20180309103711/%E7%81%AB%E5%B1%B12_11_1520563085502.png
[2018-03-09 11:45:59.906] [WARN] access - GET /temp/20180309103711/%E7%81%AB%E5%B1%B12_03_1520563149110.png
[2018-03-09 11:45:59.920] [WARN] access - GET /temp/20180309103711/%E7%81%AB%E5%B1%B12_06_1520563149116.png
[2018-03-09 11:45:59.948] [WARN] access - GET /temp/20180309103711/%E6%B4%BB%E5%8A%A8%E8%A7%84%E5%88%99-%E6%8B%B7%E8%B4%9D_03_1520563172913.png
[2018-03-09 11:45:59.970] [WARN] access - GET /temp/20180309103711/%E6%B3%A8%E5%86%8C%E6%88%90%E5%8A%9F-%E6%8B%B7%E8%B4%9D_03_1520563297075.png
[2018-03-09 11:45:59.988] [WARN] access - GET /temp/20180309103711/%E6%B3%A8%E5%86%8C%E6%88%90%E5%8A%9F-%E6%8B%B7%E8%B4%9D_07_1520563344533.png
[2018-03-09 11:46:00.002] [WARN] access - GET /temp/20180309103711/%E6%9C%AA%E6%A0%87%E9%A2%98-1_1520563410217.png
[2018-03-09 11:46:00.016] [WARN] access - GET /temp/20180309103711/%E6%B4%BB%E5%8A%A8%E8%A7%84%E5%88%99-%E6%8B%B7%E8%B4%9D_03_1520563451231.png
[2018-03-09 11:46:00.034] [WARN] access - GET /temp/20180309103711/sumit_1520563479485.png
[2018-03-09 11:47:59.866] [WARN] access - GET /temp/20180309103711/bg_1520563046318.png
[2018-03-09 11:53:10.128] [WARN] access - GET /temp/20180309103711/%E7%81%AB%E5%B1%B12_02_1520563060640.png
[2018-03-09 11:53:10.132] [WARN] access - GET /temp/20180309103711/%E7%81%AB%E5%B1%B12_07_1520563078596.png
[2018-03-09 11:53:10.150] [WARN] access - GET /temp/20180309103711/%E7%81%AB%E5%B1%B12_11_1520563085502.png
[2018-03-09 11:53:10.155] [WARN] access - GET /temp/20180309103711/%E7%81%AB%E5%B1%B12_03_1520563149110.png
[2018-03-09 11:53:10.171] [WARN] access - GET /temp/20180309103711/%E7%81%AB%E5%B1%B12_06_1520563149116.png
[2018-03-09 11:53:10.177] [WARN] access - GET /temp/20180309103711/%E6%B4%BB%E5%8A%A8%E8%A7%84%E5%88%99-%E6%8B%B7%E8%B4%9D_03_1520563172913.png
[2018-03-09 11:53:10.186] [WARN] access - GET /temp/20180309103711/%E6%B3%A8%E5%86%8C%E6%88%90%E5%8A%9F-%E6%8B%B7%E8%B4%9D_03_1520563297075.png
[2018-03-09 11:53:10.226] [WARN] access - GET /temp/20180309103711/%E6%B3%A8%E5%86%8C%E6%88%90%E5%8A%9F-%E6%8B%B7%E8%B4%9D_07_1520563344533.png
[2018-03-09 11:53:10.239] [WARN] access - GET /temp/20180309103711/%E6%9C%AA%E6%A0%87%E9%A2%98-1_1520563410217.png
[2018-03-09 11:53:10.248] [WARN] access - GET /temp/20180309103711/%E6%B4%BB%E5%8A%A8%E8%A7%84%E5%88%99-%E6%8B%B7%E8%B4%9D_03_1520563451231.png
[2018-03-09 11:53:10.255] [WARN] access - GET /temp/20180309103711/sumit_1520563479485.png
[2018-03-09 11:53:10.323] [WARN] access - GET /temp/20180309103711/bg_1520563046318.png
[2018-03-09 13:17:37.896] [WARN] access - GET /temp/20180309103711/%E7%81%AB%E5%B1%B12_02_1520563060640.png
[2018-03-09 13:17:37.902] [WARN] access - GET /temp/20180309103711/%E7%81%AB%E5%B1%B12_07_1520563078596.png
[2018-03-09 13:17:37.922] [WARN] access - GET /temp/20180309103711/%E7%81%AB%E5%B1%B12_11_1520563085502.png
[2018-03-09 13:17:37.960] [WARN] access - GET /temp/20180309103711/%E7%81%AB%E5%B1%B12_03_1520563149110.png
[2018-03-09 13:17:37.964] [WARN] access - GET /temp/20180309103711/%E7%81%AB%E5%B1%B12_06_1520563149116.png
[2018-03-09 13:17:37.981] [WARN] access - GET /temp/20180309103711/%E6%B4%BB%E5%8A%A8%E8%A7%84%E5%88%99-%E6%8B%B7%E8%B4%9D_03_1520563172913.png
[2018-03-09 13:17:37.987] [WARN] access - GET /temp/20180309103711/bg_1520563046318.png
[2018-03-09 13:17:37.991] [WARN] access - GET /temp/20180309103711/%E6%B3%A8%E5%86%8C%E6%88%90%E5%8A%9F-%E6%8B%B7%E8%B4%9D_03_1520563297075.png
[2018-03-09 13:17:37.995] [WARN] access - GET /temp/20180309103711/%E6%B3%A8%E5%86%8C%E6%88%90%E5%8A%9F-%E6%8B%B7%E8%B4%9D_07_1520563344533.png
[2018-03-09 13:17:38.078] [WARN] access - GET /temp/20180309103711/%E6%9C%AA%E6%A0%87%E9%A2%98-1_1520563410217.png
[2018-03-09 13:17:38.091] [WARN] access - GET /temp/20180309103711/%E6%B4%BB%E5%8A%A8%E8%A7%84%E5%88%99-%E6%8B%B7%E8%B4%9D_03_1520563451231.png
[2018-03-09 13:17:38.095] [WARN] access - GET /temp/20180309103711/sumit_1520563479485.png
[2018-03-09 13:40:09.472] [WARN] access - GET /api/act/tpl/lists
[2018-03-09 13:40:09.517] [WARN] access - GET /images/act_tpl_image/1520488106123.png
[2018-03-09 13:56:07.602] [INFO] access - POST /api/act/tpl/add
[2018-03-09 13:56:07.860] [INFO] access - GET /api/act/tpl/lists
[2018-03-09 13:56:09.761] [INFO] access - GET /api/act/tpl/54
[2018-03-09 13:56:28.478] [INFO] access - POST /api/act/upload
[2018-03-09 13:56:40.564] [INFO] access - POST /api/act/upload
[2018-03-09 13:56:57.991] [INFO] access - POST /api/act/upload
[2018-03-09 13:57:00.931] [ERROR] access - GET /preview/act?timeId=20180309135609&tplData=%7B%22title%22%3A%22%E7%AE%80%E5%8D%95%E5%80%9F%E6%AC%BE%22%2C%22style%22%3A%7B%22background-color%22%3A%22%23fff%22%2C%22background-repeat%22%3A%22%22%2C%22background-image%22%3A%22%22%7D%2C%22components%22%3A%5B%7B%22name%22%3A%22images%22%2C%22image_path%22%3A%5B%22%2Ftemp%2F20180309135609%2Ftop_1520574988471.jpg%22%5D%7D%2C%7B%22name%22%3A%22buttons%22%2C%22buttons%22%3A%7B%22orientH%22%3Afalse%2C%22space%22%3A%2220px%22%2C%22items%22%3A%5B%7B%22imageUrl%22%3A%22%2Ftemp%2F20180309135609%2Fbutton_1520575000558.png%22%2C%22usages%22%3A%5B%22download%22%5D%2C%22href%22%3A%22%22%2C%22style%22%3A%7B%22width%22%3A%22763px%22%2C%22height%22%3A%22%22%2C%22margin-bottom%22%3A%2220px%22%7D%2C%22responses%22%3A%5B%5D%2C%22uuid%22%3A%225a4597d1834343278c81839341adf587%22%7D%5D%7D%2C%22wrap%22%3A%7B%22style%22%3A%7B%22height%22%3A%22%22%2C%22background-image%22%3A%22%22%2C%22background-color%22%3A%22%22%7D%7D%7D%2C%7B%22name%22%3A%22images%22%2C%22image_path%22%3A%5B%22%2Ftemp%2F20180309135609%2Fbottom_1520575017983.jpg%22%5D%7D%5D%2C%22activityCode%22%3A%2216d9d40704fe4e1db443cbba7c61349e%22%7D
[2018-03-09 13:57:11.339] [INFO] access - POST /api/act/draft
[2018-03-09 13:57:11.644] [INFO] access - GET /api/act/lists?keys=&pageSize=15&pageIndex=1
[2018-03-09 13:57:14.035] [INFO] access - GET /api/act/95
[2018-03-09 13:57:18.860] [ERROR] access - GET /temp/20180309055304/bottom_1520574861806.jpg
[2018-03-09 13:57:18.865] [ERROR] access - GET /temp/20180309055304/top_1520574823625.jpg
[2018-03-09 13:57:18.872] [ERROR] access - GET /temp/20180309055304/button_1520574841687.png
[2018-03-09 13:57:18.886] [ERROR] access - GET /temp/20180309055304/bottom_1520574861806.jpg
[2018-03-09 13:57:18.890] [ERROR] access - GET /temp/20180309055304/top_1520574823625.jpg
[2018-03-09 13:57:18.903] [ERROR] access - GET /temp/20180309055304/button_1520574841687.png
[2018-03-09 13:58:52.290] [WARN] access - GET /temp/20180309135609/top_1520574988471.jpg
[2018-03-09 13:58:52.296] [WARN] access - GET /temp/20180309135609/button_1520575000558.png
[2018-03-09 13:58:52.301] [WARN] access - GET /temp/20180309135609/bottom_1520575017983.jpg
[2018-03-09 13:59:12.869] [WARN] access - GET /temp/20180309135609/top_1520574988471.jpg
[2018-03-09 13:59:12.895] [WARN] access - GET /temp/20180309135609/button_1520575000558.png
[2018-03-09 13:59:12.902] [WARN] access - GET /temp/20180309135609/bottom_1520575017983.jpg
[2018-03-09 14:47:32.182] [WARN] access - GET /temp/20180309103711/%E7%81%AB%E5%B1%B12_02_1520563060640.png
[2018-03-09 14:47:32.191] [WARN] access - GET /temp/20180309103711/%E7%81%AB%E5%B1%B12_07_1520563078596.png
[2018-03-09 14:47:32.214] [WARN] access - GET /temp/20180309103711/%E7%81%AB%E5%B1%B12_06_1520563149116.png
[2018-03-09 14:47:32.221] [WARN] access - GET /temp/20180309103711/bg_1520563046318.png
[2018-03-09 14:47:32.245] [WARN] access - GET /temp/20180309103711/%E7%81%AB%E5%B1%B12_03_1520563149110.png
[2018-03-09 14:47:32.249] [WARN] access - GET /temp/20180309103711/%E7%81%AB%E5%B1%B12_11_1520563085502.png
[2018-03-09 14:47:32.269] [WARN] access - GET /temp/20180309103711/%E6%B4%BB%E5%8A%A8%E8%A7%84%E5%88%99-%E6%8B%B7%E8%B4%9D_03_1520563172913.png
[2018-03-09 14:47:32.274] [WARN] access - GET /temp/20180309103711/%E6%B3%A8%E5%86%8C%E6%88%90%E5%8A%9F-%E6%8B%B7%E8%B4%9D_03_1520563297075.png
[2018-03-09 14:47:32.311] [WARN] access - GET /temp/20180309103711/%E6%B3%A8%E5%86%8C%E6%88%90%E5%8A%9F-%E6%8B%B7%E8%B4%9D_07_1520563344533.png
[2018-03-09 14:47:32.319] [WARN] access - GET /temp/20180309103711/%E6%9C%AA%E6%A0%87%E9%A2%98-1_1520563410217.png
[2018-03-09 14:47:32.341] [WARN] access - GET /temp/20180309103711/%E6%B4%BB%E5%8A%A8%E8%A7%84%E5%88%99-%E6%8B%B7%E8%B4%9D_03_1520563451231.png
[2018-03-09 14:47:32.345] [WARN] access - GET /temp/20180309103711/sumit_1520563479485.png
[2018-03-09 14:47:34.837] [WARN] access - GET /temp/20180309103711/%E7%81%AB%E5%B1%B12_02_1520563060640.png
[2018-03-09 14:47:34.841] [WARN] access - GET /temp/20180309103711/%E7%81%AB%E5%B1%B12_07_1520563078596.png
[2018-03-09 14:47:34.876] [WARN] access - GET /temp/20180309103711/%E7%81%AB%E5%B1%B12_06_1520563149116.png
[2018-03-09 14:47:34.892] [WARN] access - GET /temp/20180309103711/bg_1520563046318.png
[2018-03-09 14:47:34.907] [WARN] access - GET /temp/20180309103711/%E7%81%AB%E5%B1%B12_03_1520563149110.png
[2018-03-09 14:47:34.914] [WARN] access - GET /temp/20180309103711/%E7%81%AB%E5%B1%B12_11_1520563085502.png
[2018-03-09 14:47:34.923] [WARN] access - GET /temp/20180309103711/%E6%B4%BB%E5%8A%A8%E8%A7%84%E5%88%99-%E6%8B%B7%E8%B4%9D_03_1520563172913.png
[2018-03-09 14:47:34.928] [WARN] access - GET /temp/20180309103711/%E6%B3%A8%E5%86%8C%E6%88%90%E5%8A%9F-%E6%8B%B7%E8%B4%9D_03_1520563297075.png
[2018-03-09 14:47:34.933] [WARN] access - GET /temp/20180309103711/%E6%B3%A8%E5%86%8C%E6%88%90%E5%8A%9F-%E6%8B%B7%E8%B4%9D_07_1520563344533.png
[2018-03-09 14:47:34.953] [WARN] access - GET /temp/20180309103711/%E6%9C%AA%E6%A0%87%E9%A2%98-1_1520563410217.png
[2018-03-09 14:47:34.963] [WARN] access - GET /temp/20180309103711/%E6%B4%BB%E5%8A%A8%E8%A7%84%E5%88%99-%E6%8B%B7%E8%B4%9D_03_1520563451231.png
[2018-03-09 14:47:34.969] [WARN] access - GET /temp/20180309103711/sumit_1520563479485.png
[2018-03-09 14:47:47.079] [WARN] access - GET /temp/20180309103711/bg_1520563441396.png
[2018-03-09 14:53:37.434] [WARN] access - GET /api/menu/listsTree
[2018-03-09 14:53:37.447] [WARN] access - GET /api/user/userInfo
[2018-03-09 14:53:37.466] [INFO] access - GET /api/act/95
[2018-03-09 14:53:37.667] [WARN] access - GET /temp/20180309135609/top_1520574988471.jpg
[2018-03-09 14:53:37.679] [WARN] access - GET /temp/20180309135609/button_1520575000558.png
[2018-03-09 14:53:37.703] [WARN] access - GET /temp/20180309135609/bottom_1520575017983.jpg
[2018-03-09 14:56:24.915] [WARN] access - GET /api/menu/listsTree
[2018-03-09 14:56:24.927] [WARN] access - GET /api/user/userInfo
[2018-03-09 14:56:24.952] [INFO] access - GET /api/act/95
[2018-03-09 14:56:25.181] [WARN] access - GET /temp/20180309135609/top_1520574988471.jpg
[2018-03-09 14:56:25.191] [WARN] access - GET /temp/20180309135609/button_1520575000558.png
[2018-03-09 14:56:25.229] [WARN] access - GET /temp/20180309135609/bottom_1520575017983.jpg
[2018-03-09 14:58:58.313] [WARN] access - GET /temp/20180309103711/%E7%81%AB%E5%B1%B12_02_1520563060640.png
[2018-03-09 14:58:58.318] [WARN] access - GET /temp/20180309103711/%E7%81%AB%E5%B1%B12_07_1520563078596.png
[2018-03-09 14:58:58.325] [WARN] access - GET /temp/20180309103711/%E7%81%AB%E5%B1%B12_11_1520563085502.png
[2018-03-09 14:58:58.330] [WARN] access - GET /temp/20180309103711/%E7%81%AB%E5%B1%B12_03_1520563149110.png
[2018-03-09 14:58:58.363] [WARN] access - GET /temp/20180309103711/%E7%81%AB%E5%B1%B12_06_1520563149116.png
[2018-03-09 14:58:58.379] [WARN] access - GET /temp/20180309103711/bg_1520563046318.png
[2018-03-09 14:58:58.397] [WARN] access - GET /temp/20180309103711/%E6%B4%BB%E5%8A%A8%E8%A7%84%E5%88%99-%E6%8B%B7%E8%B4%9D_03_1520563172913.png
[2018-03-09 14:58:58.405] [WARN] access - GET /temp/20180309103711/%E6%B3%A8%E5%86%8C%E6%88%90%E5%8A%9F-%E6%8B%B7%E8%B4%9D_03_1520563297075.png
[2018-03-09 14:58:58.411] [WARN] access - GET /temp/20180309103711/%E6%B3%A8%E5%86%8C%E6%88%90%E5%8A%9F-%E6%8B%B7%E8%B4%9D_07_1520563344533.png
[2018-03-09 14:58:58.416] [WARN] access - GET /temp/20180309103711/%E6%9C%AA%E6%A0%87%E9%A2%98-1_1520563410217.png
[2018-03-09 14:58:58.430] [WARN] access - GET /temp/20180309103711/%E6%B4%BB%E5%8A%A8%E8%A7%84%E5%88%99-%E6%8B%B7%E8%B4%9D_03_1520563451231.png
[2018-03-09 14:58:58.434] [WARN] access - GET /temp/20180309103711/sumit_1520563479485.png
[2018-03-09 14:59:00.915] [WARN] access - GET /temp/20180309103711/%E7%81%AB%E5%B1%B12_02_1520563060640.png
[2018-03-09 14:59:00.921] [WARN] access - GET /temp/20180309103711/%E7%81%AB%E5%B1%B12_07_1520563078596.png
[2018-03-09 14:59:00.976] [WARN] access - GET /temp/20180309103711/%E7%81%AB%E5%B1%B12_06_1520563149116.png
[2018-03-09 14:59:00.980] [WARN] access - GET /temp/20180309103711/bg_1520563046318.png
[2018-03-09 14:59:00.987] [WARN] access - GET /temp/20180309103711/%E7%81%AB%E5%B1%B12_03_1520563149110.png
[2018-03-09 14:59:00.992] [WARN] access - GET /temp/20180309103711/%E7%81%AB%E5%B1%B12_11_1520563085502.png
[2018-03-09 14:59:01.006] [WARN] access - GET /temp/20180309103711/%E6%B4%BB%E5%8A%A8%E8%A7%84%E5%88%99-%E6%8B%B7%E8%B4%9D_03_1520563172913.png
[2018-03-09 14:59:01.023] [WARN] access - GET /temp/20180309103711/%E6%B3%A8%E5%86%8C%E6%88%90%E5%8A%9F-%E6%8B%B7%E8%B4%9D_03_1520563297075.png
[2018-03-09 14:59:01.032] [WARN] access - GET /temp/20180309103711/%E6%B3%A8%E5%86%8C%E6%88%90%E5%8A%9F-%E6%8B%B7%E8%B4%9D_07_1520563344533.png
[2018-03-09 14:59:01.036] [WARN] access - GET /temp/20180309103711/%E6%9C%AA%E6%A0%87%E9%A2%98-1_1520563410217.png
[2018-03-09 14:59:01.040] [WARN] access - GET /temp/20180309103711/%E6%B4%BB%E5%8A%A8%E8%A7%84%E5%88%99-%E6%8B%B7%E8%B4%9D_03_1520563451231.png
[2018-03-09 14:59:01.045] [WARN] access - GET /temp/20180309103711/sumit_1520563479485.png
[2018-03-09 14:59:07.506] [WARN] access - GET /temp/20180309103711/bg_1520563441396.png
[2018-03-09 15:01:17.229] [WARN] access - GET /temp/20180309103711/%E7%81%AB%E5%B1%B12_02_1520563060640.png
[2018-03-09 15:01:17.233] [WARN] access - GET /temp/20180309103711/%E7%81%AB%E5%B1%B12_07_1520563078596.png
[2018-03-09 15:01:17.255] [WARN] access - GET /temp/20180309103711/%E7%81%AB%E5%B1%B12_11_1520563085502.png
[2018-03-09 15:01:17.265] [WARN] access - GET /temp/20180309103711/%E7%81%AB%E5%B1%B12_03_1520563149110.png
[2018-03-09 15:01:17.271] [WARN] access - GET /temp/20180309103711/bg_1520563046318.png
[2018-03-09 15:01:17.286] [WARN] access - GET /temp/20180309103711/%E7%81%AB%E5%B1%B12_06_1520563149116.png
[2018-03-09 15:01:17.299] [WARN] access - GET /temp/20180309103711/%E6%B4%BB%E5%8A%A8%E8%A7%84%E5%88%99-%E6%8B%B7%E8%B4%9D_03_1520563172913.png
[2018-03-09 15:01:17.312] [WARN] access - GET /temp/20180309103711/%E6%B3%A8%E5%86%8C%E6%88%90%E5%8A%9F-%E6%8B%B7%E8%B4%9D_03_1520563297075.png
[2018-03-09 15:01:17.317] [WARN] access - GET /temp/20180309103711/%E6%B3%A8%E5%86%8C%E6%88%90%E5%8A%9F-%E6%8B%B7%E8%B4%9D_07_1520563344533.png
[2018-03-09 15:01:17.324] [WARN] access - GET /temp/20180309103711/%E6%9C%AA%E6%A0%87%E9%A2%98-1_1520563410217.png
[2018-03-09 15:01:17.358] [WARN] access - GET /temp/20180309103711/%E6%B4%BB%E5%8A%A8%E8%A7%84%E5%88%99-%E6%8B%B7%E8%B4%9D_03_1520563451231.png
[2018-03-09 15:01:17.375] [WARN] access - GET /temp/20180309103711/sumit_1520563479485.png
[2018-03-09 15:01:24.447] [WARN] access - GET /temp/20180309103711/bg_1520563441396.png
[2018-03-09 15:02:07.647] [WARN] access - GET /temp/20180309103711/%E7%81%AB%E5%B1%B12_02_1520563060640.png
[2018-03-09 15:02:07.661] [WARN] access - GET /temp/20180309103711/%E7%81%AB%E5%B1%B12_06_1520563149116.png
[2018-03-09 15:02:07.676] [WARN] access - GET /temp/20180309103711/bg_1520563046318.png
[2018-03-09 15:02:07.691] [WARN] access - GET /temp/20180309103711/%E7%81%AB%E5%B1%B12_03_1520563149110.png
[2018-03-09 15:02:07.708] [WARN] access - GET /temp/20180309103711/%E7%81%AB%E5%B1%B12_07_1520563078596.png
[2018-03-09 15:02:07.721] [WARN] access - GET /temp/20180309103711/%E7%81%AB%E5%B1%B12_11_1520563085502.png
[2018-03-09 15:02:07.740] [WARN] access - GET /temp/20180309103711/%E6%B4%BB%E5%8A%A8%E8%A7%84%E5%88%99-%E6%8B%B7%E8%B4%9D_03_1520563172913.png
[2018-03-09 15:02:07.754] [WARN] access - GET /temp/20180309103711/%E6%B3%A8%E5%86%8C%E6%88%90%E5%8A%9F-%E6%8B%B7%E8%B4%9D_03_1520563297075.png
[2018-03-09 15:02:07.768] [WARN] access - GET /temp/20180309103711/%E6%B3%A8%E5%86%8C%E6%88%90%E5%8A%9F-%E6%8B%B7%E8%B4%9D_07_1520563344533.png
[2018-03-09 15:02:07.784] [WARN] access - GET /temp/20180309103711/%E6%9C%AA%E6%A0%87%E9%A2%98-1_1520563410217.png
[2018-03-09 15:02:07.799] [WARN] access - GET /temp/20180309103711/%E6%B4%BB%E5%8A%A8%E8%A7%84%E5%88%99-%E6%8B%B7%E8%B4%9D_03_1520563451231.png
[2018-03-09 15:02:07.813] [WARN] access - GET /temp/20180309103711/sumit_1520563479485.png
[2018-03-09 15:02:12.935] [WARN] access - GET /temp/20180309103711/%E7%81%AB%E5%B1%B12_02_1520563060640.png
[2018-03-09 15:02:13.018] [WARN] access - GET /temp/20180309103711/bg_1520563046318.png
[2018-03-09 15:02:13.030] [WARN] access - GET /temp/20180309103711/%E7%81%AB%E5%B1%B12_06_1520563149116.png
[2018-03-09 15:02:13.035] [WARN] access - GET /temp/20180309103711/%E7%81%AB%E5%B1%B12_03_1520563149110.png
[2018-03-09 15:02:13.040] [WARN] access - GET /temp/20180309103711/%E7%81%AB%E5%B1%B12_07_1520563078596.png
[2018-03-09 15:02:13.045] [WARN] access - GET /temp/20180309103711/%E7%81%AB%E5%B1%B12_11_1520563085502.png
[2018-03-09 15:02:13.050] [WARN] access - GET /temp/20180309103711/%E6%B4%BB%E5%8A%A8%E8%A7%84%E5%88%99-%E6%8B%B7%E8%B4%9D_03_1520563172913.png
[2018-03-09 15:02:13.097] [WARN] access - GET /temp/20180309103711/%E6%B3%A8%E5%86%8C%E6%88%90%E5%8A%9F-%E6%8B%B7%E8%B4%9D_03_1520563297075.png
[2018-03-09 15:02:13.130] [WARN] access - GET /temp/20180309103711/%E6%B3%A8%E5%86%8C%E6%88%90%E5%8A%9F-%E6%8B%B7%E8%B4%9D_07_1520563344533.png
[2018-03-09 15:02:13.136] [WARN] access - GET /temp/20180309103711/%E6%9C%AA%E6%A0%87%E9%A2%98-1_1520563410217.png
[2018-03-09 15:02:13.141] [WARN] access - GET /temp/20180309103711/%E6%B4%BB%E5%8A%A8%E8%A7%84%E5%88%99-%E6%8B%B7%E8%B4%9D_03_1520563451231.png
[2018-03-09 15:02:13.147] [WARN] access - GET /temp/20180309103711/sumit_1520563479485.png
[2018-03-09 15:02:19.130] [WARN] access - GET /temp/20180309103711/bg_1520563441396.png
[2018-03-09 15:06:02.963] [WARN] access - GET /temp/20180309103711/%E7%81%AB%E5%B1%B12_02_1520563060640.png
[2018-03-09 15:06:02.967] [WARN] access - GET /temp/20180309103711/%E7%81%AB%E5%B1%B12_07_1520563078596.png
[2018-03-09 15:06:02.991] [WARN] access - GET /temp/20180309103711/%E7%81%AB%E5%B1%B12_06_1520563149116.png
[2018-03-09 15:06:03.015] [WARN] access - GET /temp/20180309103711/bg_1520563046318.png
[2018-03-09 15:06:03.026] [WARN] access - GET /temp/20180309103711/%E7%81%AB%E5%B1%B12_03_1520563149110.png
[2018-03-09 15:06:03.035] [WARN] access - GET /temp/20180309103711/%E7%81%AB%E5%B1%B12_11_1520563085502.png
[2018-03-09 15:06:03.045] [WARN] access - GET /temp/20180309103711/%E6%B4%BB%E5%8A%A8%E8%A7%84%E5%88%99-%E6%8B%B7%E8%B4%9D_03_1520563172913.png
[2018-03-09 15:06:03.052] [WARN] access - GET /temp/20180309103711/%E6%B3%A8%E5%86%8C%E6%88%90%E5%8A%9F-%E6%8B%B7%E8%B4%9D_03_1520563297075.png
[2018-03-09 15:06:03.060] [WARN] access - GET /temp/20180309103711/%E6%B3%A8%E5%86%8C%E6%88%90%E5%8A%9F-%E6%8B%B7%E8%B4%9D_07_1520563344533.png
[2018-03-09 15:06:03.077] [WARN] access - GET /temp/20180309103711/%E6%9C%AA%E6%A0%87%E9%A2%98-1_1520563410217.png
[2018-03-09 15:06:03.082] [WARN] access - GET /temp/20180309103711/%E6%B4%BB%E5%8A%A8%E8%A7%84%E5%88%99-%E6%8B%B7%E8%B4%9D_03_1520563451231.png
[2018-03-09 15:06:03.086] [WARN] access - GET /temp/20180309103711/sumit_1520563479485.png
[2018-03-09 15:06:08.896] [WARN] access - GET /temp/20180309103711/bg_1520563441396.png
[2018-03-09 15:19:18.028] [WARN] access - GET /temp/20180309103711/%E7%81%AB%E5%B1%B12_02_1520563060640.png
[2018-03-09 15:19:18.063] [WARN] access - GET /temp/20180309103711/bg_1520563046318.png
[2018-03-09 15:19:18.083] [WARN] access - GET /temp/20180309103711/%E7%81%AB%E5%B1%B12_03_1520563149110.png
[2018-03-09 15:19:18.096] [WARN] access - GET /temp/20180309103711/%E7%81%AB%E5%B1%B12_07_1520563078596.png
[2018-03-09 15:19:18.109] [WARN] access - GET /temp/20180309103711/%E7%81%AB%E5%B1%B12_06_1520563149116.png
[2018-03-09 15:19:18.127] [WARN] access - GET /temp/20180309103711/%E7%81%AB%E5%B1%B12_11_1520563085502.png
[2018-03-09 15:19:18.143] [WARN] access - GET /temp/20180309103711/%E6%B4%BB%E5%8A%A8%E8%A7%84%E5%88%99-%E6%8B%B7%E8%B4%9D_03_1520563172913.png
[2018-03-09 15:19:18.156] [WARN] access - GET /temp/20180309103711/%E6%B3%A8%E5%86%8C%E6%88%90%E5%8A%9F-%E6%8B%B7%E8%B4%9D_03_1520563297075.png
[2018-03-09 15:19:18.170] [WARN] access - GET /temp/20180309103711/%E6%B3%A8%E5%86%8C%E6%88%90%E5%8A%9F-%E6%8B%B7%E8%B4%9D_07_1520563344533.png
[2018-03-09 15:19:18.189] [WARN] access - GET /temp/20180309103711/%E6%9C%AA%E6%A0%87%E9%A2%98-1_1520563410217.png
[2018-03-09 15:19:18.204] [WARN] access - GET /temp/20180309103711/%E6%B4%BB%E5%8A%A8%E8%A7%84%E5%88%99-%E6%8B%B7%E8%B4%9D_03_1520563451231.png
[2018-03-09 15:19:18.218] [WARN] access - GET /temp/20180309103711/sumit_1520563479485.png
[2018-03-09 15:19:22.183] [WARN] access - GET /temp/20180309103711/%E7%81%AB%E5%B1%B12_02_1520563060640.png
[2018-03-09 15:19:22.229] [WARN] access - GET /temp/20180309103711/%E7%81%AB%E5%B1%B12_07_1520563078596.png
[2018-03-09 15:19:22.234] [WARN] access - GET /temp/20180309103711/bg_1520563046318.png
[2018-03-09 15:19:22.239] [WARN] access - GET /temp/20180309103711/%E7%81%AB%E5%B1%B12_03_1520563149110.png
[2018-03-09 15:19:22.243] [WARN] access - GET /temp/20180309103711/%E7%81%AB%E5%B1%B12_06_1520563149116.png
[2018-03-09 15:19:22.255] [WARN] access - GET /temp/20180309103711/%E7%81%AB%E5%B1%B12_11_1520563085502.png
[2018-03-09 15:19:22.259] [WARN] access - GET /temp/20180309103711/%E6%B4%BB%E5%8A%A8%E8%A7%84%E5%88%99-%E6%8B%B7%E8%B4%9D_03_1520563172913.png
[2018-03-09 15:19:22.284] [WARN] access - GET /temp/20180309103711/%E6%B3%A8%E5%86%8C%E6%88%90%E5%8A%9F-%E6%8B%B7%E8%B4%9D_03_1520563297075.png
[2018-03-09 15:19:22.332] [WARN] access - GET /temp/20180309103711/%E6%B3%A8%E5%86%8C%E6%88%90%E5%8A%9F-%E6%8B%B7%E8%B4%9D_07_1520563344533.png
[2018-03-09 15:19:22.337] [WARN] access - GET /temp/20180309103711/%E6%9C%AA%E6%A0%87%E9%A2%98-1_1520563410217.png
[2018-03-09 15:19:22.342] [WARN] access - GET /temp/20180309103711/%E6%B4%BB%E5%8A%A8%E8%A7%84%E5%88%99-%E6%8B%B7%E8%B4%9D_03_1520563451231.png
[2018-03-09 15:19:22.347] [WARN] access - GET /temp/20180309103711/sumit_1520563479485.png
[2018-03-09 15:19:28.099] [WARN] access - GET /temp/20180309103711/bg_1520563441396.png
[2018-03-09 15:20:19.627] [WARN] access - GET /temp/20180309103711/%E6%B3%A8%E5%86%8C%E6%88%90%E5%8A%9F-%E6%8B%B7%E8%B4%9D_1520563251981.png
[2018-03-09 15:21:07.279] [WARN] access - GET /temp/20180309103711/%E6%B4%BB%E5%8A%A8%E8%A7%84%E5%88%99-%E6%8B%B7%E8%B4%9D_07_1520563168845.png
[2018-03-09 15:57:53.277] [INFO] access - GET /preview/act?timeId=20180309145624&tplData=%7B%22title%22%3A%22%E7%81%AB%E5%B1%B1%E9%92%B1%E5%8C%85%22%2C%22style%22%3A%7B%22background-color%22%3A%22%23fff%22%2C%22background-repeat%22%3A%22%22%2C%22background-image%22%3A%22%22%7D%2C%22components%22%3A%5B%7B%22name%22%3A%22images%22%2C%22image_path%22%3A%5B%22%2Ftemp%2F20180309135609%2Ftop_1520574988471.jpg%22%5D%7D%2C%7B%22name%22%3A%22buttons%22%2C%22buttons%22%3A%7B%22orientH%22%3Afalse%2C%22space%22%3A%2220px%22%2C%22items%22%3A%5B%7B%22imageUrl%22%3A%22%2Ftemp%2F20180309135609%2Fbutton_1520575000558.png%22%2C%22usages%22%3A%5B%22download%22%5D%2C%22href%22%3A%22%22%2C%22style%22%3A%7B%22width%22%3A%22763px%22%2C%22height%22%3A%22%22%2C%22margin-bottom%22%3A%2220px%22%7D%2C%22responses%22%3A%5B%5D%2C%22uuid%22%3A%225a4597d1834343278c81839341adf587%22%7D%5D%7D%2C%22wrap%22%3A%7B%22style%22%3A%7B%22height%22%3A%22%22%2C%22background-image%22%3A%22%22%2C%22background-color%22%3A%22%22%7D%7D%7D%2C%7B%22name%22%3A%22images%22%2C%22image_path%22%3A%5B%22%2Ftemp%2F20180309135609%2Fbottom_1520575017983.jpg%22%5D%7D%5D%2C%22activityCode%22%3A%2216d9d40704fe4e1db443cbba7c61349e%22%7D
[2018-03-09 15:57:53.437] [WARN] access - GET /temp/20180309135609/top_1520574988471.jpg
[2018-03-09 15:57:53.442] [WARN] access - GET /temp/20180309135609/bottom_1520575017983.jpg
[2018-03-09 15:57:57.063] [WARN] access - GET /preview/act?timeId=20180309145624&tplData=%7B%22title%22%3A%22%E7%81%AB%E5%B1%B1%E9%92%B1%E5%8C%85%22%2C%22style%22%3A%7B%22background-color%22%3A%22%23fff%22%2C%22background-repeat%22%3A%22%22%2C%22background-image%22%3A%22%22%7D%2C%22components%22%3A%5B%7B%22name%22%3A%22images%22%2C%22image_path%22%3A%5B%22%2Ftemp%2F20180309135609%2Ftop_1520574988471.jpg%22%5D%7D%2C%7B%22name%22%3A%22buttons%22%2C%22buttons%22%3A%7B%22orientH%22%3Afalse%2C%22space%22%3A%2220px%22%2C%22items%22%3A%5B%7B%22imageUrl%22%3A%22%2Ftemp%2F20180309135609%2Fbutton_1520575000558.png%22%2C%22usages%22%3A%5B%22download%22%5D%2C%22href%22%3A%22%22%2C%22style%22%3A%7B%22width%22%3A%22763px%22%2C%22height%22%3A%22%22%2C%22margin-bottom%22%3A%2220px%22%7D%2C%22responses%22%3A%5B%5D%2C%22uuid%22%3A%225a4597d1834343278c81839341adf587%22%7D%5D%7D%2C%22wrap%22%3A%7B%22style%22%3A%7B%22height%22%3A%22%22%2C%22background-image%22%3A%22%22%2C%22background-color%22%3A%22%22%7D%7D%7D%2C%7B%22name%22%3A%22images%22%2C%22image_path%22%3A%5B%22%2Ftemp%2F20180309135609%2Fbottom_1520575017983.jpg%22%5D%7D%5D%2C%22activityCode%22%3A%2216d9d40704fe4e1db443cbba7c61349e%22%7D
[2018-03-09 15:57:57.145] [WARN] access - GET /temp/20180309135609/top_1520574988471.jpg
[2018-03-09 15:57:57.152] [WARN] access - GET /temp/20180309135609/bottom_1520575017983.jpg
[2018-03-09 15:57:57.963] [WARN] access - GET /preview/act?timeId=20180309145624&tplData=%7B%22title%22%3A%22%E7%81%AB%E5%B1%B1%E9%92%B1%E5%8C%85%22%2C%22style%22%3A%7B%22background-color%22%3A%22%23fff%22%2C%22background-repeat%22%3A%22%22%2C%22background-image%22%3A%22%22%7D%2C%22components%22%3A%5B%7B%22name%22%3A%22images%22%2C%22image_path%22%3A%5B%22%2Ftemp%2F20180309135609%2Ftop_1520574988471.jpg%22%5D%7D%2C%7B%22name%22%3A%22buttons%22%2C%22buttons%22%3A%7B%22orientH%22%3Afalse%2C%22space%22%3A%2220px%22%2C%22items%22%3A%5B%7B%22imageUrl%22%3A%22%2Ftemp%2F20180309135609%2Fbutton_1520575000558.png%22%2C%22usages%22%3A%5B%22download%22%5D%2C%22href%22%3A%22%22%2C%22style%22%3A%7B%22width%22%3A%22763px%22%2C%22height%22%3A%22%22%2C%22margin-bottom%22%3A%2220px%22%7D%2C%22responses%22%3A%5B%5D%2C%22uuid%22%3A%225a4597d1834343278c81839341adf587%22%7D%5D%7D%2C%22wrap%22%3A%7B%22style%22%3A%7B%22height%22%3A%22%22%2C%22background-image%22%3A%22%22%2C%22background-color%22%3A%22%22%7D%7D%7D%2C%7B%22name%22%3A%22images%22%2C%22image_path%22%3A%5B%22%2Ftemp%2F20180309135609%2Fbottom_1520575017983.jpg%22%5D%7D%5D%2C%22activityCode%22%3A%2216d9d40704fe4e1db443cbba7c61349e%22%7D
[2018-03-09 15:57:58.051] [WARN] access - GET /temp/20180309145624/min.css
[2018-03-09 15:57:58.056] [WARN] access - GET /temp/20180309145624/min.js
[2018-03-09 15:57:58.072] [WARN] access - GET /temp/20180309135609/bottom_1520575017983.jpg
[2018-03-09 15:57:58.079] [WARN] access - GET /temp/20180309135609/top_1520574988471.jpg
[2018-03-09 15:57:58.369] [WARN] access - GET /preview/act?timeId=20180309145624&tplData=%7B%22title%22%3A%22%E7%81%AB%E5%B1%B1%E9%92%B1%E5%8C%85%22%2C%22style%22%3A%7B%22background-color%22%3A%22%23fff%22%2C%22background-repeat%22%3A%22%22%2C%22background-image%22%3A%22%22%7D%2C%22components%22%3A%5B%7B%22name%22%3A%22images%22%2C%22image_path%22%3A%5B%22%2Ftemp%2F20180309135609%2Ftop_1520574988471.jpg%22%5D%7D%2C%7B%22name%22%3A%22buttons%22%2C%22buttons%22%3A%7B%22orientH%22%3Afalse%2C%22space%22%3A%2220px%22%2C%22items%22%3A%5B%7B%22imageUrl%22%3A%22%2Ftemp%2F20180309135609%2Fbutton_1520575000558.png%22%2C%22usages%22%3A%5B%22download%22%5D%2C%22href%22%3A%22%22%2C%22style%22%3A%7B%22width%22%3A%22763px%22%2C%22height%22%3A%22%22%2C%22margin-bottom%22%3A%2220px%22%7D%2C%22responses%22%3A%5B%5D%2C%22uuid%22%3A%225a4597d1834343278c81839341adf587%22%7D%5D%7D%2C%22wrap%22%3A%7B%22style%22%3A%7B%22height%22%3A%22%22%2C%22background-image%22%3A%22%22%2C%22background-color%22%3A%22%22%7D%7D%7D%2C%7B%22name%22%3A%22images%22%2C%22image_path%22%3A%5B%22%2Ftemp%2F20180309135609%2Fbottom_1520575017983.jpg%22%5D%7D%5D%2C%22activityCode%22%3A%2216d9d40704fe4e1db443cbba7c61349e%22%7D
[2018-03-09 15:57:58.427] [WARN] access - GET /temp/20180309135609/top_1520574988471.jpg
[2018-03-09 15:57:58.431] [WARN] access - GET /temp/20180309135609/bottom_1520575017983.jpg
[2018-03-09 15:57:58.691] [WARN] access - GET /preview/act?timeId=20180309145624&tplData=%7B%22title%22%3A%22%E7%81%AB%E5%B1%B1%E9%92%B1%E5%8C%85%22%2C%22style%22%3A%7B%22background-color%22%3A%22%23fff%22%2C%22background-repeat%22%3A%22%22%2C%22background-image%22%3A%22%22%7D%2C%22components%22%3A%5B%7B%22name%22%3A%22images%22%2C%22image_path%22%3A%5B%22%2Ftemp%2F20180309135609%2Ftop_1520574988471.jpg%22%5D%7D%2C%7B%22name%22%3A%22buttons%22%2C%22buttons%22%3A%7B%22orientH%22%3Afalse%2C%22space%22%3A%2220px%22%2C%22items%22%3A%5B%7B%22imageUrl%22%3A%22%2Ftemp%2F20180309135609%2Fbutton_1520575000558.png%22%2C%22usages%22%3A%5B%22download%22%5D%2C%22href%22%3A%22%22%2C%22style%22%3A%7B%22width%22%3A%22763px%22%2C%22height%22%3A%22%22%2C%22margin-bottom%22%3A%2220px%22%7D%2C%22responses%22%3A%5B%5D%2C%22uuid%22%3A%225a4597d1834343278c81839341adf587%22%7D%5D%7D%2C%22wrap%22%3A%7B%22style%22%3A%7B%22height%22%3A%22%22%2C%22background-image%22%3A%22%22%2C%22background-color%22%3A%22%22%7D%7D%7D%2C%7B%22name%22%3A%22images%22%2C%22image_path%22%3A%5B%22%2Ftemp%2F20180309135609%2Fbottom_1520575017983.jpg%22%5D%7D%5D%2C%22activityCode%22%3A%2216d9d40704fe4e1db443cbba7c61349e%22%7D
[2018-03-09 15:57:58.744] [WARN] access - GET /temp/20180309145624/min.css
[2018-03-09 15:57:58.749] [WARN] access - GET /temp/20180309145624/min.js
[2018-03-09 15:57:58.767] [WARN] access - GET /temp/20180309135609/bottom_1520575017983.jpg
[2018-03-09 15:57:58.773] [WARN] access - GET /temp/20180309135609/top_1520574988471.jpg
[2018-03-09 15:57:58.828] [WARN] access - GET /preview/act?timeId=20180309145624&tplData=%7B%22title%22%3A%22%E7%81%AB%E5%B1%B1%E9%92%B1%E5%8C%85%22%2C%22style%22%3A%7B%22background-color%22%3A%22%23fff%22%2C%22background-repeat%22%3A%22%22%2C%22background-image%22%3A%22%22%7D%2C%22components%22%3A%5B%7B%22name%22%3A%22images%22%2C%22image_path%22%3A%5B%22%2Ftemp%2F20180309135609%2Ftop_1520574988471.jpg%22%5D%7D%2C%7B%22name%22%3A%22buttons%22%2C%22buttons%22%3A%7B%22orientH%22%3Afalse%2C%22space%22%3A%2220px%22%2C%22items%22%3A%5B%7B%22imageUrl%22%3A%22%2Ftemp%2F20180309135609%2Fbutton_1520575000558.png%22%2C%22usages%22%3A%5B%22download%22%5D%2C%22href%22%3A%22%22%2C%22style%22%3A%7B%22width%22%3A%22763px%22%2C%22height%22%3A%22%22%2C%22margin-bottom%22%3A%2220px%22%7D%2C%22responses%22%3A%5B%5D%2C%22uuid%22%3A%225a4597d1834343278c81839341adf587%22%7D%5D%7D%2C%22wrap%22%3A%7B%22style%22%3A%7B%22height%22%3A%22%22%2C%22background-image%22%3A%22%22%2C%22background-color%22%3A%22%22%7D%7D%7D%2C%7B%22name%22%3A%22images%22%2C%22image_path%22%3A%5B%22%2Ftemp%2F20180309135609%2Fbottom_1520575017983.jpg%22%5D%7D%5D%2C%22activityCode%22%3A%2216d9d40704fe4e1db443cbba7c61349e%22%7D
[2018-03-09 15:57:58.977] [WARN] access - GET /temp/20180309145624/min.css
[2018-03-09 15:57:58.995] [WARN] access - GET /temp/20180309145624/min.js
[2018-03-09 15:57:59.000] [WARN] access - GET /temp/20180309135609/top_1520574988471.jpg
[2018-03-09 15:57:59.006] [WARN] access - GET /temp/20180309135609/bottom_1520575017983.jpg
[2018-03-09 15:58:04.792] [WARN] access - GET /api/user/userInfo
[2018-03-09 15:58:04.803] [WARN] access - GET /api/menu/listsTree
[2018-03-09 15:58:04.835] [INFO] access - GET /api/act/95
[2018-03-09 15:58:05.063] [WARN] access - GET /temp/20180309135609/top_1520574988471.jpg
[2018-03-09 15:58:05.077] [WARN] access - GET /temp/20180309135609/button_1520575000558.png
[2018-03-09 15:58:05.160] [WARN] access - GET /temp/20180309135609/bottom_1520575017983.jpg
[2018-03-09 15:58:48.398] [WARN] access - GET /temp/20180309135609/top_1520574988471.jpg
[2018-03-09 15:58:48.405] [WARN] access - GET /temp/20180309135609/button_1520575000558.png
[2018-03-09 15:58:48.473] [WARN] access - GET /temp/20180309135609/bottom_1520575017983.jpg
[2018-03-09 15:59:02.483] [WARN] access - GET /temp/20180309145624/min.css
[2018-03-09 15:59:03.883] [WARN] access - GET /preview/act?timeId=20180309145624&tplData=%7B%22title%22%3A%22%E7%81%AB%E5%B1%B1%E9%92%B1%E5%8C%85%22%2C%22style%22%3A%7B%22background-color%22%3A%22%23fff%22%2C%22background-repeat%22%3A%22%22%2C%22background-image%22%3A%22%22%7D%2C%22components%22%3A%5B%7B%22name%22%3A%22images%22%2C%22image_path%22%3A%5B%22%2Ftemp%2F20180309135609%2Ftop_1520574988471.jpg%22%5D%7D%2C%7B%22name%22%3A%22buttons%22%2C%22buttons%22%3A%7B%22orientH%22%3Afalse%2C%22space%22%3A%2220px%22%2C%22items%22%3A%5B%7B%22imageUrl%22%3A%22%2Ftemp%2F20180309135609%2Fbutton_1520575000558.png%22%2C%22usages%22%3A%5B%22download%22%5D%2C%22href%22%3A%22%22%2C%22style%22%3A%7B%22width%22%3A%22763px%22%2C%22height%22%3A%22%22%2C%22margin-bottom%22%3A%2220px%22%7D%2C%22responses%22%3A%5B%5D%2C%22uuid%22%3A%225a4597d1834343278c81839341adf587%22%7D%5D%7D%2C%22wrap%22%3A%7B%22style%22%3A%7B%22height%22%3A%22%22%2C%22background-image%22%3A%22%22%2C%22background-color%22%3A%22%22%7D%7D%7D%2C%7B%22name%22%3A%22images%22%2C%22image_path%22%3A%5B%22%2Ftemp%2F20180309135609%2Fbottom_1520575017983.jpg%22%5D%7D%5D%2C%22activityCode%22%3A%2216d9d40704fe4e1db443cbba7c61349e%22%7D
[2018-03-09 15:59:03.948] [WARN] access - GET /temp/20180309135609/top_1520574988471.jpg
[2018-03-09 15:59:03.953] [WARN] access - GET /temp/20180309135609/bottom_1520575017983.jpg
[2018-03-09 16:00:45.040] [WARN] access - GET /api/act/components/lists?keys=
[2018-03-09 16:01:08.382] [INFO] access - POST /api/act/components/update
[2018-03-09 16:01:08.444] [WARN] access - GET /api/act/components/lists?keys=
[2018-03-09 16:01:14.830] [INFO] access - GET /preview/act?timeId=20180309145624&tplData=%7B%22title%22%3A%22%E7%81%AB%E5%B1%B1%E9%92%B1%E5%8C%85%22%2C%22style%22%3A%7B%22background-color%22%3A%22%23fff%22%2C%22background-repeat%22%3A%22%22%2C%22background-image%22%3A%22%22%7D%2C%22components%22%3A%5B%7B%22name%22%3A%22images%22%2C%22image_path%22%3A%5B%22%2Ftemp%2F20180309135609%2Ftop_1520574988471.jpg%22%5D%7D%2C%7B%22name%22%3A%22buttons%22%2C%22buttons%22%3A%7B%22orientH%22%3Afalse%2C%22space%22%3A%2220px%22%2C%22items%22%3A%5B%7B%22imageUrl%22%3A%22%2Ftemp%2F20180309135609%2Fbutton_1520575000558.png%22%2C%22usages%22%3A%5B%22download%22%5D%2C%22href%22%3A%22%22%2C%22style%22%3A%7B%22width%22%3A%22763px%22%2C%22height%22%3A%22%22%2C%22margin-bottom%22%3A%2220px%22%7D%2C%22responses%22%3A%5B%5D%2C%22uuid%22%3A%225a4597d1834343278c81839341adf587%22%7D%5D%7D%2C%22wrap%22%3A%7B%22style%22%3A%7B%22height%22%3A%22%22%2C%22background-image%22%3A%22%22%2C%22background-color%22%3A%22%22%7D%7D%7D%2C%7B%22name%22%3A%22images%22%2C%22image_path%22%3A%5B%22%2Ftemp%2F20180309135609%2Fbottom_1520575017983.jpg%22%5D%7D%5D%2C%22activityCode%22%3A%2216d9d40704fe4e1db443cbba7c61349e%22%7D
[2018-03-09 16:01:14.946] [WARN] access - GET /temp/20180309135609/top_1520574988471.jpg
[2018-03-09 16:01:14.952] [WARN] access - GET /temp/20180309135609/button_1520575000558.png
[2018-03-09 16:01:14.960] [WARN] access - GET /temp/20180309135609/bottom_1520575017983.jpg
[2018-03-09 18:30:14.356] [INFO] access - POST /api/signin
[2018-03-09 18:30:14.459] [INFO] access - GET /api/user/userInfo
[2018-03-09 18:30:14.466] [INFO] access - GET /api/menu/listsTree
[2018-03-09 18:32:53.133] [INFO] access - GET /api/act/lists?keys=&pageSize=15&pageIndex=1
[2018-03-09 18:32:54.997] [INFO] access - GET /api/act/95
[2018-03-09 18:33:00.028] [WARN] access - GET /api/act/lists?keys=&pageSize=15&pageIndex=1
[2018-03-09 18:33:02.351] [INFO] access - GET /api/act/95
[2018-03-09 18:33:02.466] [WARN] access - GET /temp/20180309135609/top_1520574988471.jpg
[2018-03-09 18:33:02.471] [WARN] access - GET /temp/20180309135609/button_1520575000558.png
[2018-03-09 18:33:02.478] [WARN] access - GET /temp/20180309135609/bottom_1520575017983.jpg
[2018-03-09 18:33:04.180] [INFO] access - POST /api/act/publish
[2018-03-09 18:33:04.479] [INFO] access - GET /api/act/lists?keys=&pageSize=15&pageIndex=1
[2018-03-09 18:33:18.446] [INFO] access - GET /api/act/94
[2018-03-09 18:33:19.065] [INFO] access - GET /temp/20180309103711/%E7%81%AB%E5%B1%B12_07_1520563078596.png
[2018-03-09 18:33:23.952] [INFO] access - POST /api/act/publish
[2018-03-09 18:33:24.278] [INFO] access - GET /api/act/lists?keys=&pageSize=15&pageIndex=1
[2018-03-09 19:46:15.357] [INFO] access - GET /api/act/95
[2018-03-09 19:46:20.883] [WARN] access - GET /api/act/lists?keys=&pageSize=15&pageIndex=1
[2018-03-09 19:46:23.002] [INFO] access - GET /api/act/94
[2018-03-09 19:46:55.942] [WARN] access - GET /api/menu/listsTree
[2018-03-09 19:46:55.946] [WARN] access - GET /api/user/userInfo
