[2017-11-14 10:25:46.361] [INFO] access - GET /api/act/tpl/lists
[2017-11-14 10:25:48.311] [INFO] access - GET /api/act/lists?keys=&pageSize=15&pageIndex=1
[2017-11-14 10:25:49.729] [WARN] access - GET /api/act/tpl/lists
[2017-11-14 10:37:17.891] [INFO] access - GET /api/act/tpl/32
[2017-11-14 10:37:28.709] [INFO] access - POST /api/act/tpl/update
[2017-11-14 10:37:29.240] [INFO] access - GET /api/act/tpl/lists
[2017-11-14 10:41:42.159] [INFO] access - GET /api/act/tpl/32
[2017-11-14 10:42:05.034] [INFO] access - POST /api/act/tpl/update
[2017-11-14 10:42:05.466] [INFO] access - GET /api/act/tpl/lists
[2017-11-14 10:42:25.750] [INFO] access - GET /api/act/tpl/32
[2017-11-14 10:42:39.623] [INFO] access - POST /api/act/upload
[2017-11-14 10:42:44.609] [INFO] access - POST /api/act/upload
[2017-11-14 10:42:49.611] [INFO] access - POST /api/act/upload
[2017-11-14 10:48:51.211] [WARN] access - GET /api/act/tpl/lists
[2017-11-14 10:48:54.198] [INFO] access - GET /api/act/tpl/32
[2017-11-14 10:49:32.553] [INFO] access - POST /api/act/tpl/update
[2017-11-14 10:49:32.850] [INFO] access - GET /api/act/tpl/lists
[2017-11-14 10:49:46.672] [INFO] access - GET /api/act/tpl/32
[2017-11-14 10:50:01.193] [INFO] access - POST /api/act/upload
[2017-11-14 10:50:05.432] [INFO] access - POST /api/act/upload
[2017-11-14 10:50:09.840] [INFO] access - POST /api/act/upload
[2017-11-14 10:53:40.732] [INFO] access - GET /api/user/userInfo
[2017-11-14 10:53:40.744] [INFO] access - GET /api/menu/listsTree
[2017-11-14 10:53:40.750] [INFO] access - GET /api/act/tpl/32
[2017-11-14 10:53:56.677] [INFO] access - POST /api/act/upload
[2017-11-14 10:54:02.284] [INFO] access - POST /api/act/upload
[2017-11-14 10:54:08.215] [INFO] access - POST /api/act/upload
[2017-11-14 10:54:11.242] [INFO] access - POST /api/act/publish
[2017-11-14 10:54:11.566] [INFO] access - GET /api/act/lists?keys=&pageSize=15&pageIndex=1
[2017-11-14 18:39:28.378] [INFO] access - GET /api/act/tpl/lists
[2017-11-14 19:07:55.778] [WARN] access - GET /api/act/tpl/lists
[2017-11-14 19:08:02.469] [WARN] access - GET /api/act/tpl/lists
[2017-11-14 19:08:08.461] [INFO] access - GET /api/act/lists?keys=&pageSize=15&pageIndex=1
[2017-11-14 19:08:11.861] [WARN] access - GET /api/act/tpl/lists
[2017-11-14 19:08:51.237] [INFO] access - POST /api/act/tpl/add
[2017-11-14 19:08:51.484] [INFO] access - GET /api/act/tpl/lists
[2017-11-14 19:08:53.807] [INFO] access - GET /api/act/tpl/40
[2017-11-14 19:09:05.250] [INFO] access - POST /api/act/upload
[2017-11-14 19:09:11.348] [INFO] access - POST /api/act/upload
[2017-11-14 19:09:16.569] [INFO] access - POST /api/act/upload
[2017-11-14 19:21:09.275] [INFO] access - GET /api/user/userInfo
[2017-11-14 19:21:09.286] [INFO] access - GET /api/menu/listsTree
[2017-11-14 19:21:09.293] [INFO] access - GET /api/act/tpl/40
[2017-11-14 19:21:10.992] [WARN] access - GET /api/menu/listsTree
[2017-11-14 19:21:11.003] [WARN] access - GET /api/user/userInfo
[2017-11-14 19:21:11.009] [INFO] access - GET /api/act/tpl/40
[2017-11-14 19:21:17.028] [INFO] access - POST /api/act/upload
[2017-11-14 19:21:24.104] [INFO] access - POST /api/act/upload
[2017-11-14 19:21:28.970] [INFO] access - POST /api/act/upload
[2017-11-14 19:29:40.516] [WARN] access - GET /api/user/userInfo
[2017-11-14 19:29:40.523] [WARN] access - GET /api/menu/listsTree
[2017-11-14 19:29:40.529] [INFO] access - GET /api/act/tpl/40
[2017-11-14 19:29:42.043] [WARN] access - GET /api/menu/listsTree
[2017-11-14 19:29:42.053] [WARN] access - GET /api/user/userInfo
[2017-11-14 19:29:42.069] [INFO] access - GET /api/act/tpl/40
[2017-11-14 19:29:47.932] [INFO] access - POST /api/act/upload
[2017-11-14 19:29:53.507] [INFO] access - POST /api/act/upload
[2017-11-14 19:29:59.425] [INFO] access - POST /api/act/upload
[2017-11-14 19:35:02.833] [WARN] access - GET /api/act/tpl/lists
[2017-11-14 19:35:26.958] [INFO] access - POST /api/act/tpl/add
[2017-11-14 19:35:27.203] [INFO] access - GET /api/act/tpl/lists
[2017-11-14 19:35:47.738] [INFO] access - GET /api/act/tpl/41
[2017-11-14 19:36:46.611] [WARN] access - GET /api/act/tpl/lists
[2017-11-14 19:36:48.948] [INFO] access - GET /api/act/tpl/40
[2017-11-14 19:36:55.701] [INFO] access - POST /api/act/upload
[2017-11-14 19:37:04.284] [INFO] access - POST /api/act/upload
[2017-11-14 19:37:08.776] [INFO] access - POST /api/act/upload
[2017-11-14 19:49:57.174] [INFO] access - POST /api/act/publish
[2017-11-14 19:49:57.488] [INFO] access - GET /api/act/lists?keys=&pageSize=15&pageIndex=1
[2017-11-14 19:51:41.487] [ERROR] access - GET /api/act/tpl/
[2017-11-14 19:52:20.854] [INFO] access - GET /api/config/lists?keys=&pageSize=15&pageIndex=1
[2017-11-14 19:52:33.444] [INFO] access - PUT /api/config/7
[2017-11-14 19:52:33.471] [INFO] access - GET /api/config/lists?keys=&pageSize=15&pageIndex=1
[2017-11-14 19:53:28.552] [WARN] access - GET /api/act/tpl/lists
[2017-11-14 19:53:30.221] [WARN] access - GET /api/act/lists?keys=&pageSize=15&pageIndex=1
[2017-11-14 19:53:32.430] [WARN] access - GET /api/act/tpl/lists
[2017-11-14 19:53:35.182] [INFO] access - GET /api/act/tpl/40
[2017-11-14 19:53:43.047] [INFO] access - POST /api/act/upload
[2017-11-14 19:53:47.522] [INFO] access - POST /api/act/upload
[2017-11-14 19:53:47.561] [INFO] access - GET /public/temp/20171114195335/logo_1510660427515.png
[2017-11-14 19:53:52.880] [INFO] access - POST /api/act/upload
[2017-11-14 19:53:55.327] [INFO] access - POST /api/act/publish
[2017-11-14 19:53:55.594] [INFO] access - GET /api/act/lists?keys=&pageSize=15&pageIndex=1
[2017-11-14 19:55:27.074] [WARN] access - GET /api/act/lists?keys=&pageSize=15&pageIndex=1
[2017-11-14 19:55:33.721] [ERROR] access - GET /api/act/86
[2017-11-14 19:55:50.800] [WARN] access - GET /api/act/lists?keys=&pageSize=15&pageIndex=1
[2017-11-14 19:56:03.002] [ERROR] access - GET /api/act/87
[2017-11-14 19:58:51.829] [INFO] access - GET /api/logs/lists?keys=&pageSize=15&pageIndex=1
[2017-11-14 19:58:52.754] [WARN] access - GET /api/config/lists?keys=&pageSize=15&pageIndex=1
[2017-11-14 20:02:28.712] [WARN] access - GET /api/user/userInfo
[2017-11-14 20:02:28.718] [WARN] access - GET /api/menu/listsTree
[2017-11-14 20:02:28.730] [INFO] access - GET /api/act/lists?keys=&pageSize=15&pageIndex=1
[2017-11-14 20:02:47.785] [WARN] access - GET /api/config/lists?keys=&pageSize=15&pageIndex=1
[2017-11-14 20:02:49.618] [WARN] access - GET /api/act/lists?keys=&pageSize=15&pageIndex=1
[2017-11-14 20:02:53.538] [WARN] access - GET /api/act/tpl/lists
[2017-11-14 20:03:06.694] [ERROR] access - DELETE /api/act/tpl/41
[2017-11-14 20:03:17.115] [INFO] access - GET /api/act/tpl/41
[2017-11-14 20:03:25.168] [WARN] access - GET /api/act/lists?keys=&pageSize=15&pageIndex=1
