[2017-12-20 18:51:16.026] [WARN] access - GET /api/user/userInfo
[2017-12-20 18:51:16.047] [WARN] access - GET /api/menu/listsTree
[2017-12-20 18:51:29.121] [WARN] access - GET /api/menu/listsTree
[2017-12-20 18:51:29.127] [WARN] access - GET /api/user/userInfo
[2017-12-20 18:51:41.405] [INFO] access - GET /api/act/lists?keys=&pageSize=15&pageIndex=1
[2017-12-20 18:51:42.533] [INFO] access - GET /api/act/tpl/lists
[2017-12-20 18:51:42.692] [WARN] access - GET /images/act_tpl_image/1512978692388.jpg
[2017-12-20 18:51:48.172] [INFO] access - GET /api/act/tpl/26
[2017-12-20 18:51:54.784] [WARN] access - GET /api/act/tpl/lists
[2017-12-20 18:52:00.510] [INFO] access - GET /api/act/tpl/24
[2017-12-20 18:54:05.432] [WARN] access - GET /api/menu/listsTree
[2017-12-20 18:54:05.438] [WARN] access - GET /api/user/userInfo
[2017-12-20 18:54:05.443] [INFO] access - GET /api/act/tpl/24
[2017-12-20 18:54:42.370] [WARN] access - GET /api/menu/listsTree
[2017-12-20 18:54:42.384] [WARN] access - GET /api/user/userInfo
[2017-12-20 18:54:42.391] [INFO] access - GET /api/act/tpl/24
[2017-12-20 19:03:46.661] [WARN] access - GET /api/menu/listsTree
[2017-12-20 19:03:46.668] [WARN] access - GET /api/user/userInfo
[2017-12-20 19:03:46.677] [INFO] access - GET /api/act/tpl/24
[2017-12-20 19:04:13.616] [WARN] access - GET /api/menu/listsTree
[2017-12-20 19:04:13.621] [WARN] access - GET /api/user/userInfo
[2017-12-20 19:04:13.638] [INFO] access - GET /api/act/tpl/24
[2017-12-20 19:19:05.218] [WARN] access - GET /api/menu/listsTree
[2017-12-20 19:19:05.226] [WARN] access - GET /api/user/userInfo
[2017-12-20 19:19:05.232] [INFO] access - GET /api/act/tpl/24
[2017-12-20 19:19:37.905] [WARN] access - GET /api/menu/listsTree
[2017-12-20 19:19:37.910] [WARN] access - GET /api/user/userInfo
[2017-12-20 19:19:37.923] [INFO] access - GET /api/act/tpl/24
[2017-12-20 19:20:24.886] [WARN] access - GET /api/menu/listsTree
[2017-12-20 19:20:24.891] [WARN] access - GET /api/user/userInfo
[2017-12-20 19:20:24.906] [INFO] access - GET /api/act/tpl/24
[2017-12-20 19:21:43.966] [WARN] access - GET /api/menu/listsTree
[2017-12-20 19:21:43.973] [WARN] access - GET /api/user/userInfo
[2017-12-20 19:21:43.999] [INFO] access - GET /api/act/tpl/24
[2017-12-20 19:22:05.333] [WARN] access - GET /api/menu/listsTree
[2017-12-20 19:22:05.338] [WARN] access - GET /api/user/userInfo
[2017-12-20 19:22:05.369] [INFO] access - GET /api/act/tpl/24
[2017-12-20 19:22:31.765] [WARN] access - GET /api/menu/listsTree
[2017-12-20 19:22:31.770] [WARN] access - GET /api/user/userInfo
[2017-12-20 19:22:31.786] [INFO] access - GET /api/act/tpl/24
[2017-12-20 19:23:18.969] [WARN] access - GET /api/menu/listsTree
[2017-12-20 19:23:18.975] [WARN] access - GET /api/user/userInfo
[2017-12-20 19:23:18.992] [INFO] access - GET /api/act/tpl/24
[2017-12-20 19:23:53.039] [WARN] access - GET /api/menu/listsTree
[2017-12-20 19:23:53.053] [WARN] access - GET /api/user/userInfo
[2017-12-20 19:23:53.059] [INFO] access - GET /api/act/tpl/24
[2017-12-20 19:25:11.925] [WARN] access - GET /api/menu/listsTree
[2017-12-20 19:25:11.936] [WARN] access - GET /api/user/userInfo
[2017-12-20 19:25:11.942] [INFO] access - GET /api/act/tpl/24
[2017-12-20 19:26:04.720] [WARN] access - GET /api/menu/listsTree
[2017-12-20 19:26:04.731] [WARN] access - GET /api/user/userInfo
[2017-12-20 19:26:04.741] [INFO] access - GET /api/act/tpl/24
[2017-12-20 19:27:13.985] [WARN] access - GET /api/menu/listsTree
[2017-12-20 19:27:13.993] [WARN] access - GET /api/user/userInfo
[2017-12-20 19:27:13.998] [INFO] access - GET /api/act/tpl/24
[2017-12-20 19:33:53.408] [INFO] access - GET /api/act/tpl/24
[2017-12-20 19:42:39.867] [WARN] access - GET /api/menu/listsTree
[2017-12-20 19:42:39.876] [WARN] access - GET /api/user/userInfo
[2017-12-20 19:42:39.883] [INFO] access - GET /api/act/tpl/24
[2017-12-20 19:43:33.947] [WARN] access - GET /api/menu/listsTree
[2017-12-20 19:43:33.957] [WARN] access - GET /api/user/userInfo
[2017-12-20 19:43:33.965] [INFO] access - GET /api/act/tpl/24
[2017-12-20 19:45:12.452] [WARN] access - GET /api/menu/listsTree
[2017-12-20 19:45:12.459] [WARN] access - GET /api/user/userInfo
[2017-12-20 19:45:12.464] [INFO] access - GET /api/act/tpl/24
[2017-12-20 19:46:23.835] [WARN] access - GET /api/menu/listsTree
[2017-12-20 19:46:23.839] [WARN] access - GET /api/user/userInfo
[2017-12-20 19:46:23.859] [INFO] access - GET /api/act/tpl/24
[2017-12-20 19:47:08.260] [WARN] access - GET /api/menu/listsTree
[2017-12-20 19:47:08.267] [WARN] access - GET /api/user/userInfo
[2017-12-20 19:47:08.283] [INFO] access - GET /api/act/tpl/24
[2017-12-20 19:49:53.682] [WARN] access - GET /api/menu/listsTree
[2017-12-20 19:49:53.690] [WARN] access - GET /api/user/userInfo
[2017-12-20 19:49:53.697] [INFO] access - GET /api/act/tpl/24
[2017-12-20 19:50:57.289] [WARN] access - GET /api/menu/listsTree
[2017-12-20 19:50:57.294] [WARN] access - GET /api/user/userInfo
[2017-12-20 19:50:57.316] [INFO] access - GET /api/act/tpl/24
[2017-12-20 19:56:10.836] [WARN] access - GET /api/menu/listsTree
[2017-12-20 19:56:10.840] [WARN] access - GET /api/user/userInfo
[2017-12-20 19:56:10.845] [INFO] access - GET /api/act/tpl/24
[2017-12-20 19:56:39.264] [WARN] access - GET /api/act/tpl/lists
[2017-12-20 19:56:39.391] [WARN] access - GET /images/act_tpl_image/1512978692388.jpg
[2017-12-20 19:56:45.032] [INFO] access - GET /api/act/tpl/24
[2017-12-20 19:56:54.587] [INFO] access - PUT /api/act/tpl/24
[2017-12-20 19:56:54.863] [INFO] access - GET /api/act/tpl/lists
[2017-12-20 19:56:56.736] [WARN] access - GET /api/act/lists?keys=&pageSize=15&pageIndex=1
[2017-12-20 19:57:00.351] [WARN] access - GET /api/act/tpl/lists
[2017-12-20 19:57:02.350] [INFO] access - GET /api/act/tpl/24
[2017-12-20 19:58:45.999] [WARN] access - GET /api/menu/listsTree
[2017-12-20 19:58:46.008] [WARN] access - GET /api/user/userInfo
[2017-12-20 19:58:46.019] [INFO] access - GET /api/act/tpl/24
[2017-12-20 19:59:28.609] [WARN] access - GET /api/menu/listsTree
[2017-12-20 19:59:28.614] [WARN] access - GET /api/user/userInfo
[2017-12-20 19:59:28.618] [INFO] access - GET /api/act/tpl/24
[2017-12-20 19:59:58.552] [WARN] access - GET /api/menu/listsTree
[2017-12-20 19:59:58.565] [WARN] access - GET /api/user/userInfo
[2017-12-20 19:59:58.580] [INFO] access - GET /api/act/tpl/24
[2017-12-20 20:05:12.012] [WARN] access - GET /api/menu/listsTree
[2017-12-20 20:05:12.020] [WARN] access - GET /api/user/userInfo
[2017-12-20 20:05:12.025] [INFO] access - GET /api/act/tpl/24
[2017-12-20 20:18:39.914] [WARN] access - GET /api/menu/listsTree
[2017-12-20 20:18:39.921] [WARN] access - GET /api/user/userInfo
[2017-12-20 20:18:39.926] [INFO] access - GET /api/act/tpl/24
[2017-12-20 20:19:48.633] [WARN] access - GET /api/menu/listsTree
[2017-12-20 20:19:48.645] [WARN] access - GET /api/user/userInfo
[2017-12-20 20:19:48.657] [INFO] access - GET /api/act/tpl/24
