[2017-11-07 11:05:25.947] [WARN] access - GET /api/user/userInfo
[2017-11-07 11:05:25.973] [WARN] access - GET /api/menu/listsTree
[2017-11-07 11:05:25.997] [WARN] access - GET /api/contracts/lists?keys=
[2017-11-07 11:05:40.889] [WARN] access - GET /api/menu/listsTree
[2017-11-07 11:05:40.906] [INFO] access - GET /api/menu/lists?keys=
[2017-11-07 11:05:40.920] [WARN] access - GET /api/menu/listsTree
[2017-11-07 11:05:42.669] [INFO] access - GET /api/logs/lists?keys=&pageSize=15&pageIndex=1
[2017-11-07 11:05:44.656] [INFO] access - GET /api/config/lists?keys=&pageSize=15&pageIndex=1
[2017-11-07 11:05:47.251] [INFO] access - GET /api/dep/lists?keys=
[2017-11-07 11:05:47.260] [INFO] access - GET /api/dep/treeList
[2017-11-07 11:07:06.908] [WARN] access - GET /api/menu/listsTree
[2017-11-07 11:07:06.928] [WARN] access - GET /api/user/userInfo
[2017-11-07 11:07:06.938] [WARN] access - GET /api/dep/lists?keys=
[2017-11-07 11:07:06.943] [WARN] access - GET /api/dep/treeList
[2017-11-07 11:16:45.884] [WARN] access - GET /api/menu/listsTree
[2017-11-07 11:16:45.896] [WARN] access - GET /api/user/userInfo
[2017-11-07 11:16:45.901] [WARN] access - GET /api/dep/lists?keys=
[2017-11-07 11:16:45.908] [WARN] access - GET /api/dep/treeList
[2017-11-07 11:17:53.112] [WARN] access - GET /api/menu/listsTree
[2017-11-07 11:17:53.118] [WARN] access - GET /api/user/userInfo
[2017-11-07 11:17:53.151] [WARN] access - GET /api/dep/lists?keys=
[2017-11-07 11:17:53.157] [WARN] access - GET /api/dep/treeList
[2017-11-07 11:33:42.287] [WARN] access - GET /api/menu/listsTree
[2017-11-07 11:33:42.313] [WARN] access - GET /api/user/userInfo
[2017-11-07 11:33:42.338] [WARN] access - GET /api/dep/lists?keys=
[2017-11-07 11:33:42.358] [WARN] access - GET /api/dep/treeList
[2017-11-07 11:33:47.482] [WARN] access - GET /api/menu/listsTree
[2017-11-07 11:33:47.576] [WARN] access - GET /api/user/userInfo
[2017-11-07 11:33:47.586] [WARN] access - GET /api/dep/lists?keys=
[2017-11-07 11:33:47.607] [WARN] access - GET /api/dep/treeList
[2017-11-07 11:38:31.384] [WARN] access - GET /api/menu/listsTree
[2017-11-07 11:38:31.395] [WARN] access - GET /api/menu/lists?keys=
[2017-11-07 11:38:31.411] [WARN] access - GET /api/menu/listsTree
[2017-11-07 11:38:32.570] [WARN] access - GET /api/logs/lists?keys=&pageSize=15&pageIndex=1
[2017-11-07 11:38:33.566] [WARN] access - GET /api/config/lists?keys=&pageSize=15&pageIndex=1
[2017-11-07 11:38:36.843] [WARN] access - GET /api/dep/lists?keys=
[2017-11-07 11:38:36.851] [WARN] access - GET /api/dep/treeList
[2017-11-07 11:38:40.907] [INFO] access - GET /api/files/lists?keys=&pageIndex=1&pageSize=15
[2017-11-07 11:38:40.912] [INFO] access - GET /api/files/type/treeList
[2017-11-07 11:38:41.935] [INFO] access - GET /api/files/type/lists?keys=
[2017-11-07 11:38:41.941] [WARN] access - GET /api/files/type/treeList
[2017-11-07 11:38:47.540] [INFO] access - GET /api/news/lists?keys=&pageIndex=1&pageSize=15
[2017-11-07 11:38:54.304] [INFO] access - GET /api/news/type/alllists
[2017-11-07 11:38:54.311] [INFO] access - GET /api/news/seo/lists?keys=&pageSize=15&pageIndex=1
[2017-11-07 11:38:59.204] [INFO] access - GET /api/contracts/type/lists?keys=
[2017-11-07 11:39:00.215] [INFO] access - GET /api/contracts/history/lists?keys=&pageSize=15&pageIndex=1
[2017-11-07 11:39:04.559] [WARN] access - GET /api/contracts/lists?keys=
[2017-11-07 11:42:30.205] [WARN] access - GET /api/menu/listsTree
[2017-11-07 11:42:30.411] [WARN] access - GET /api/user/userInfo
[2017-11-07 11:42:30.459] [WARN] access - GET /api/contracts/lists?keys=
[2017-11-07 11:43:50.387] [WARN] access - GET /api/menu/listsTree
[2017-11-07 11:43:50.567] [WARN] access - GET /api/user/userInfo
[2017-11-07 11:43:50.631] [WARN] access - GET /api/contracts/lists?keys=
[2017-11-07 11:44:17.780] [WARN] access - GET /api/menu/listsTree
[2017-11-07 11:44:17.798] [WARN] access - GET /api/menu/lists?keys=
[2017-11-07 11:44:17.844] [WARN] access - GET /api/menu/listsTree
[2017-11-07 11:46:36.388] [WARN] access - GET /api/menu/listsTree
[2017-11-07 11:46:36.598] [WARN] access - GET /api/user/userInfo
[2017-11-07 11:46:36.623] [WARN] access - GET /api/menu/listsTree
[2017-11-07 11:46:36.645] [WARN] access - GET /api/menu/lists?keys=
[2017-11-07 11:46:36.693] [WARN] access - GET /api/menu/listsTree
[2017-11-07 11:47:13.878] [WARN] access - GET /api/menu/listsTree
[2017-11-07 11:47:14.135] [WARN] access - GET /api/user/userInfo
[2017-11-07 11:47:14.153] [WARN] access - GET /api/menu/listsTree
[2017-11-07 11:47:14.168] [WARN] access - GET /api/menu/lists?keys=
[2017-11-07 11:47:14.192] [WARN] access - GET /api/menu/listsTree
[2017-11-07 11:47:37.761] [WARN] access - GET /api/logs/lists?keys=&pageSize=15&pageIndex=1
[2017-11-07 11:48:03.084] [INFO] access - GET /api/logs/lists?keys=&pageSize=30&pageIndex=1
[2017-11-07 11:48:05.538] [WARN] access - GET /api/config/lists?keys=&pageSize=15&pageIndex=1
[2017-11-07 11:49:45.527] [WARN] access - GET /api/news/lists?keys=&pageIndex=1&pageSize=15
[2017-11-07 11:50:19.826] [WARN] access - GET /api/logs/lists?keys=&pageSize=15&pageIndex=1
[2017-11-07 11:50:27.961] [WARN] access - GET /api/dep/lists?keys=
[2017-11-07 11:50:27.985] [WARN] access - GET /api/dep/treeList
[2017-11-07 11:50:29.144] [INFO] access - GET /api/roles/lists?keys=&pageIndex=1&pageSize=15
[2017-11-07 11:50:29.156] [WARN] access - GET /api/dep/treeList
[2017-11-07 11:50:45.800] [INFO] access - GET /api/rule/rulelists
[2017-11-07 11:50:45.820] [INFO] access - GET /api/roles/edit/1?id=1
[2017-11-07 11:50:49.074] [WARN] access - GET /api/roles/lists?keys=&pageIndex=1&pageSize=15
[2017-11-07 11:50:49.087] [WARN] access - GET /api/dep/treeList
[2017-11-07 11:51:26.911] [WARN] access - GET /api/menu/listsTree
[2017-11-07 11:51:27.086] [WARN] access - GET /api/user/userInfo
[2017-11-07 11:51:27.115] [WARN] access - GET /api/roles/lists?keys=&pageIndex=1&pageSize=15
[2017-11-07 11:51:27.121] [WARN] access - GET /api/dep/treeList
[2017-11-07 11:55:46.780] [WARN] access - GET /api/menu/listsTree
[2017-11-07 11:55:46.945] [WARN] access - GET /api/user/userInfo
[2017-11-07 11:55:46.971] [WARN] access - GET /api/dep/treeList
[2017-11-07 11:55:46.978] [WARN] access - GET /api/roles/lists?keys=&pageIndex=1&pageSize=15
[2017-11-07 11:57:42.166] [WARN] access - GET /api/menu/listsTree
[2017-11-07 11:57:42.355] [WARN] access - GET /api/user/userInfo
[2017-11-07 11:57:42.392] [WARN] access - GET /api/dep/treeList
[2017-11-07 11:57:42.399] [WARN] access - GET /api/roles/lists?keys=&pageIndex=1&pageSize=15
[2017-11-07 13:13:05.094] [WARN] access - GET /api/roles/lists?keys=&pageIndex=1&pageSize=15
[2017-11-07 13:13:05.215] [WARN] access - GET /api/dep/treeList
[2017-11-07 13:13:38.908] [WARN] access - GET /api/roles/lists?keys=&pageIndex=1&pageSize=15
[2017-11-07 13:13:39.039] [WARN] access - GET /api/dep/treeList
[2017-11-07 13:13:42.694] [WARN] access - GET /api/rule/rulelists
[2017-11-07 13:13:42.708] [WARN] access - GET /api/roles/edit/1?id=1
[2017-11-07 13:13:54.989] [WARN] access - GET /api/dep/treeList
[2017-11-07 13:13:54.994] [WARN] access - GET /api/roles/lists?keys=&pageIndex=1&pageSize=15
[2017-11-07 13:14:10.577] [WARN] access - GET /api/dep/treeList
[2017-11-07 13:14:10.582] [WARN] access - GET /api/roles/lists?keys=&pageIndex=1&pageSize=15
[2017-11-07 13:14:12.117] [WARN] access - GET /api/menu/listsTree
[2017-11-07 13:14:12.319] [WARN] access - GET /api/user/userInfo
[2017-11-07 13:14:12.356] [WARN] access - GET /api/roles/lists?keys=&pageIndex=1&pageSize=15
[2017-11-07 13:14:12.363] [WARN] access - GET /api/dep/treeList
[2017-11-07 13:15:29.176] [WARN] access - GET /api/roles/lists?keys=&pageIndex=1&pageSize=15
[2017-11-07 13:15:29.286] [WARN] access - GET /api/dep/treeList
[2017-11-07 13:15:31.408] [WARN] access - GET /api/menu/listsTree
[2017-11-07 13:15:31.418] [WARN] access - GET /api/menu/lists?keys=
[2017-11-07 13:15:31.441] [WARN] access - GET /api/menu/listsTree
[2017-11-07 13:15:38.771] [WARN] access - GET /api/logs/lists?keys=&pageSize=15&pageIndex=1
[2017-11-07 13:15:42.555] [WARN] access - GET /api/config/lists?keys=&pageSize=15&pageIndex=1
[2017-11-07 13:15:51.324] [WARN] access - GET /api/dep/lists?keys=
[2017-11-07 13:15:51.333] [WARN] access - GET /api/dep/treeList
[2017-11-07 13:18:28.124] [WARN] access - GET /api/dep/treeList
[2017-11-07 13:18:28.133] [WARN] access - GET /api/roles/lists?keys=&pageIndex=1&pageSize=15
[2017-11-07 13:18:34.346] [INFO] access - GET /api/rule/alllists
[2017-11-07 13:18:34.363] [INFO] access - GET /api/rule/lists?keys=
[2017-11-07 13:18:46.485] [WARN] access - GET /api/dep/treeList
[2017-11-07 13:18:46.492] [INFO] access - GET /api/user/lists?keys=&pageSize=15&pageIndex=1
[2017-11-07 13:18:47.915] [INFO] access - POST /api/roles/listsByDepId
[2017-11-07 13:18:54.573] [WARN] access - GET /api/rule/alllists
[2017-11-07 13:18:54.585] [WARN] access - GET /api/rule/lists?keys=
[2017-11-07 13:19:37.532] [WARN] access - GET /api/news/type/alllists
[2017-11-07 13:19:37.537] [INFO] access - GET /api/news/type/search?name=
[2017-11-07 13:19:45.738] [WARN] access - GET /api/news/lists?keys=&pageIndex=1&pageSize=15
[2017-11-07 13:19:47.922] [WARN] access - GET /api/news/type/alllists
[2017-11-07 13:19:47.974] [INFO] access - GET /api/news/seo/lists?keys=&pageSize=15&pageIndex=1
[2017-11-07 13:19:55.173] [WARN] access - GET /api/contracts/type/lists?keys=
[2017-11-07 13:20:02.710] [WARN] access - GET /api/contracts/history/lists?keys=&pageSize=15&pageIndex=1
[2017-11-07 13:20:06.375] [WARN] access - GET /api/contracts/lists?keys=
[2017-11-07 13:20:08.031] [INFO] access - GET /api/contracts/1
[2017-11-07 13:20:19.428] [WARN] access - GET /api/files/lists?keys=&pageIndex=1&pageSize=15
[2017-11-07 13:20:19.435] [WARN] access - GET /api/files/type/treeList
[2017-11-07 13:20:21.221] [WARN] access - GET /api/files/type/lists?keys=
[2017-11-07 13:20:21.226] [WARN] access - GET /api/files/type/treeList
[2017-11-07 13:20:31.279] [WARN] access - GET /api/news/type/alllists
[2017-11-07 13:20:31.287] [WARN] access - GET /api/news/type/search?name=
[2017-11-07 13:20:39.393] [WARN] access - GET /api/news/lists?keys=&pageIndex=1&pageSize=15
[2017-11-07 13:20:41.107] [WARN] access - GET /api/news/type/alllists
[2017-11-07 13:20:41.112] [WARN] access - GET /api/news/type/search?name=
[2017-11-07 13:21:05.394] [WARN] access - GET /api/news/lists?keys=&pageIndex=1&pageSize=15
[2017-11-07 13:21:06.435] [WARN] access - GET /api/news/type/alllists
[2017-11-07 13:21:06.446] [WARN] access - GET /api/news/seo/lists?keys=&pageSize=15&pageIndex=1
[2017-11-07 13:21:09.583] [WARN] access - GET /api/news/lists?keys=&pageIndex=1&pageSize=15
[2017-11-07 13:21:11.230] [WARN] access - GET /api/news/type/search?name=
[2017-11-07 13:21:11.235] [WARN] access - GET /api/news/type/alllists
[2017-11-07 13:22:15.826] [WARN] access - GET /api/menu/listsTree
[2017-11-07 13:22:16.002] [WARN] access - GET /api/user/userInfo
[2017-11-07 13:22:16.022] [WARN] access - GET /api/news/type/alllists
[2017-11-07 13:22:16.028] [WARN] access - GET /api/news/type/search?name=
[2017-11-07 13:22:57.641] [WARN] access - GET /api/menu/listsTree
[2017-11-07 13:22:57.652] [WARN] access - GET /api/menu/lists?keys=
[2017-11-07 13:22:57.663] [WARN] access - GET /api/menu/listsTree
[2017-11-07 13:23:31.342] [WARN] access - GET /api/menu/listsTree
[2017-11-07 13:23:31.546] [WARN] access - GET /api/user/userInfo
[2017-11-07 13:23:31.562] [WARN] access - GET /api/menu/listsTree
[2017-11-07 13:23:31.567] [WARN] access - GET /api/menu/lists?keys=
[2017-11-07 13:23:31.584] [WARN] access - GET /api/menu/listsTree
[2017-11-07 13:23:36.959] [WARN] access - GET /api/news/type/alllists
[2017-11-07 13:23:36.965] [WARN] access - GET /api/news/type/search?name=
[2017-11-07 13:24:08.879] [WARN] access - GET /api/menu/listsTree
[2017-11-07 13:24:09.099] [WARN] access - GET /api/user/userInfo
[2017-11-07 13:24:09.104] [WARN] access - GET /api/news/type/alllists
[2017-11-07 13:24:09.110] [WARN] access - GET /api/news/type/search?name=
[2017-11-07 13:24:34.375] [WARN] access - GET /api/news/lists?keys=&pageIndex=1&pageSize=15
[2017-11-07 13:24:35.560] [WARN] access - GET /api/news/type/alllists
[2017-11-07 13:24:35.565] [WARN] access - GET /api/news/type/search?name=
[2017-11-07 13:24:58.884] [WARN] access - GET /api/menu/listsTree
[2017-11-07 13:24:59.057] [WARN] access - GET /api/user/userInfo
[2017-11-07 13:24:59.073] [WARN] access - GET /api/news/type/alllists
[2017-11-07 13:24:59.079] [WARN] access - GET /api/news/type/search?name=
[2017-11-07 13:25:07.872] [WARN] access - GET /api/menu/listsTree
[2017-11-07 13:25:08.070] [WARN] access - GET /api/user/userInfo
[2017-11-07 13:25:08.080] [WARN] access - GET /api/news/type/search?name=
[2017-11-07 13:25:08.086] [WARN] access - GET /api/news/type/alllists
[2017-11-07 13:25:40.042] [WARN] access - GET /api/menu/listsTree
[2017-11-07 13:25:40.205] [WARN] access - GET /api/user/userInfo
[2017-11-07 13:25:40.216] [WARN] access - GET /api/news/type/search?name=
[2017-11-07 13:25:40.221] [WARN] access - GET /api/news/type/alllists
[2017-11-07 13:26:47.949] [WARN] access - GET /api/menu/listsTree
[2017-11-07 13:26:47.954] [WARN] access - GET /api/user/userInfo
[2017-11-07 13:26:48.166] [WARN] access - GET /api/news/type/alllists
[2017-11-07 13:26:48.173] [WARN] access - GET /api/news/type/search?name=
[2017-11-07 13:27:40.718] [WARN] access - GET /api/menu/listsTree
[2017-11-07 13:27:40.736] [WARN] access - GET /api/menu/lists?keys=
[2017-11-07 13:27:40.741] [WARN] access - GET /api/menu/listsTree
[2017-11-07 13:27:43.929] [WARN] access - GET /api/logs/lists?keys=&pageSize=15&pageIndex=1
[2017-11-07 13:27:45.151] [WARN] access - GET /api/config/lists?keys=&pageSize=15&pageIndex=1
[2017-11-07 13:27:50.520] [WARN] access - GET /api/menu/listsTree
[2017-11-07 13:27:50.526] [WARN] access - GET /api/menu/lists?keys=
[2017-11-07 13:27:50.536] [WARN] access - GET /api/menu/listsTree
[2017-11-07 13:28:45.448] [WARN] access - GET /api/logs/lists?keys=&pageSize=15&pageIndex=1
[2017-11-07 13:28:46.386] [WARN] access - GET /api/logs/lists?keys=&pageSize=15&pageIndex=1
[2017-11-07 13:28:47.831] [WARN] access - GET /api/config/lists?keys=&pageSize=15&pageIndex=1
[2017-11-07 13:28:54.931] [WARN] access - GET /api/dep/lists?keys=
[2017-11-07 13:28:54.942] [WARN] access - GET /api/dep/treeList
[2017-11-07 13:29:01.374] [WARN] access - GET /api/dep/treeList
[2017-11-07 13:29:01.380] [WARN] access - GET /api/roles/lists?keys=&pageIndex=1&pageSize=15
[2017-11-07 13:29:42.157] [WARN] access - GET /api/menu/listsTree
[2017-11-07 13:29:42.167] [WARN] access - GET /api/user/userInfo
[2017-11-07 13:29:42.391] [WARN] access - GET /api/roles/lists?keys=&pageIndex=1&pageSize=15
[2017-11-07 13:29:42.400] [WARN] access - GET /api/dep/treeList
[2017-11-07 13:29:56.457] [WARN] access - GET /api/dep/lists?keys=
[2017-11-07 13:29:56.463] [WARN] access - GET /api/dep/treeList
[2017-11-07 13:30:09.161] [WARN] access - GET /api/dep/treeList
[2017-11-07 13:30:09.172] [WARN] access - GET /api/roles/lists?keys=&pageIndex=1&pageSize=15
[2017-11-07 13:31:23.739] [WARN] access - GET /api/dep/treeList
[2017-11-07 13:31:23.747] [WARN] access - GET /api/roles/lists?keys=&pageIndex=1&pageSize=15
[2017-11-07 13:31:32.226] [WARN] access - GET /api/menu/listsTree
[2017-11-07 13:31:32.231] [WARN] access - GET /api/user/userInfo
[2017-11-07 13:31:32.467] [WARN] access - GET /api/dep/treeList
[2017-11-07 13:31:32.472] [WARN] access - GET /api/roles/lists?keys=&pageIndex=1&pageSize=15
[2017-11-07 13:31:43.553] [WARN] access - GET /api/rule/alllists
[2017-11-07 13:31:43.567] [WARN] access - GET /api/rule/lists?keys=
[2017-11-07 13:33:32.251] [WARN] access - GET /api/rule/alllists
[2017-11-07 13:33:32.265] [WARN] access - GET /api/rule/lists?keys=
[2017-11-07 13:33:39.906] [WARN] access - GET /api/user/lists?keys=&pageSize=15&pageIndex=1
[2017-11-07 13:33:39.911] [WARN] access - GET /api/dep/treeList
[2017-11-07 13:33:43.837] [INFO] access - POST /api/roles/listsByDepId
[2017-11-07 13:34:22.484] [WARN] access - GET /api/news/type/search?name=
[2017-11-07 13:34:22.494] [WARN] access - GET /api/news/type/alllists
[2017-11-07 13:35:11.354] [WARN] access - GET /api/news/type/search?name=
[2017-11-07 13:35:11.362] [WARN] access - GET /api/news/type/alllists
[2017-11-07 13:35:19.773] [WARN] access - GET /api/news/lists?keys=&pageIndex=1&pageSize=15
[2017-11-07 13:35:21.733] [WARN] access - GET /api/news/type/alllists
[2017-11-07 13:35:24.920] [WARN] access - GET /api/news/lists?keys=&pageIndex=1&pageSize=15
[2017-11-07 13:35:30.053] [WARN] access - GET /api/news/seo/lists?keys=&pageSize=15&pageIndex=1
[2017-11-07 13:35:30.075] [WARN] access - GET /api/news/type/alllists
[2017-11-07 13:37:44.854] [WARN] access - GET /api/contracts/type/lists?keys=
[2017-11-07 13:38:38.481] [WARN] access - GET /api/contracts/type/lists?keys=
[2017-11-07 13:38:45.879] [WARN] access - GET /api/contracts/history/lists?keys=&pageSize=15&pageIndex=1
[2017-11-07 13:38:48.412] [WARN] access - GET /api/contracts/lists?keys=
[2017-11-07 13:38:49.625] [INFO] access - GET /api/contracts/type/lists
[2017-11-07 13:38:51.777] [WARN] access - GET /api/contracts/lists?keys=
[2017-11-07 13:38:54.432] [WARN] access - GET /api/contracts/1
[2017-11-07 13:38:56.303] [WARN] access - GET /api/contracts/lists?keys=
[2017-11-07 13:39:08.490] [WARN] access - GET /api/files/type/treeList
[2017-11-07 13:39:08.503] [WARN] access - GET /api/files/lists?keys=&pageIndex=1&pageSize=15
[2017-11-07 13:39:10.524] [WARN] access - GET /api/files/type/lists?keys=
[2017-11-07 13:39:10.542] [WARN] access - GET /api/files/type/treeList
[2017-11-07 13:59:37.426] [WARN] access - GET /api/menu/listsTree
[2017-11-07 13:59:37.438] [WARN] access - GET /api/user/userInfo
[2017-11-07 13:59:37.445] [WARN] access - GET /api/files/type/lists?keys=
[2017-11-07 13:59:37.451] [WARN] access - GET /api/files/type/treeList
[2017-11-07 13:59:41.929] [WARN] access - GET /api/contracts/type/lists?keys=
[2017-11-07 13:59:43.856] [WARN] access - GET /api/contracts/history/lists?keys=&pageSize=15&pageIndex=1
[2017-11-07 13:59:45.655] [WARN] access - GET /api/contracts/lists?keys=
[2017-11-07 14:00:00.969] [WARN] access - GET /api/menu/listsTree
[2017-11-07 14:00:00.975] [WARN] access - GET /api/user/userInfo
[2017-11-07 14:00:01.183] [WARN] access - GET /api/contracts/lists?keys=
[2017-11-07 15:02:12.308] [WARN] access - GET /api/menu/listsTree
[2017-11-07 15:02:12.316] [WARN] access - GET /api/user/userInfo
[2017-11-07 15:02:12.509] [WARN] access - GET /api/contracts/lists?keys=
[2017-11-07 15:03:00.076] [WARN] access - GET /api/menu/listsTree
[2017-11-07 15:03:00.081] [WARN] access - GET /api/user/userInfo
[2017-11-07 15:03:00.270] [WARN] access - GET /api/contracts/lists?keys=
[2017-11-07 15:03:52.721] [WARN] access - GET /api/contracts/lists?keys=
[2017-11-07 15:04:12.159] [WARN] access - GET /api/contracts/lists?keys=
[2017-11-07 15:04:29.986] [WARN] access - GET /api/contracts/lists?keys=
[2017-11-07 16:17:53.498] [WARN] access - GET /api/menu/listsTree
[2017-11-07 16:17:53.504] [WARN] access - GET /api/user/userInfo
[2017-11-07 16:17:53.818] [WARN] access - GET /api/contracts/lists?keys=
