[2018-05-21 12:02:31.855] [INFO] access - GET /api/user/userInfo
[2018-05-21 12:02:31.866] [INFO] access - GET /api/menu/listsTree
[2018-05-21 12:02:31.871] [INFO] access - GET /api/config/lists?keys=&pageSize=15&pageIndex=1
[2018-05-21 12:02:56.776] [INFO] access - PUT /api/config/1
[2018-05-21 12:02:56.804] [INFO] access - GET /api/config/lists?keys=&pageSize=15&pageIndex=1
[2018-05-21 12:03:04.104] [INFO] access - PUT /api/config/3
[2018-05-21 12:03:04.133] [INFO] access - GET /api/config/lists?keys=&pageSize=15&pageIndex=1
[2018-05-21 12:03:08.356] [INFO] access - PUT /api/config/4
[2018-05-21 12:03:08.382] [INFO] access - GET /api/config/lists?keys=&pageSize=15&pageIndex=1
[2018-05-21 12:03:22.098] [INFO] access - GET /api/act/components/lists?keys=
[2018-05-21 12:04:09.075] [WARN] access - GET /api/act/tpl/lists
[2018-05-21 12:04:09.109] [WARN] access - GET /images/act_tpl_image/1526280829890.jpeg
[2018-05-21 12:04:09.113] [WARN] access - GET /images/act_tpl_image/1525680727077.png
[2018-05-21 12:04:18.244] [INFO] access - GET /api/act/tpl/56
[2018-05-21 13:41:14.271] [WARN] access - GET /api/act/tpl/lists
[2018-05-21 13:43:26.454] [WARN] access - GET /api/menu/listsTree
[2018-05-21 13:43:26.462] [WARN] access - GET /api/user/userInfo
[2018-05-21 13:52:20.304] [ERROR] access - POST /api/act/tpl/add
[2018-05-21 13:52:20.309] [ERROR] access - POST /api/act/tpl/add
[2018-05-21 13:54:26.389] [WARN] access - GET /api/menu/listsTree
[2018-05-21 13:54:26.399] [WARN] access - GET /api/user/userInfo
[2018-05-21 13:55:02.345] [ERROR] access - POST /api/act/tpl/add
[2018-05-21 13:56:14.574] [ERROR] access - POST /api/act/tpl/add
[2018-05-21 14:02:04.472] [ERROR] access - POST /api/act/tpl/add
[2018-05-21 14:02:14.090] [WARN] access - GET /api/menu/listsTree
[2018-05-21 14:02:14.096] [WARN] access - GET /api/user/userInfo
[2018-05-21 14:05:45.571] [WARN] access - GET /api/menu/listsTree
[2018-05-21 14:05:45.639] [WARN] access - GET /api/user/userInfo
[2018-05-21 14:05:49.497] [ERROR] access - POST /api/act/tpl/add
[2018-05-21 14:08:20.138] [WARN] access - GET /api/config/lists?keys=&pageSize=15&pageIndex=1
[2018-05-21 14:08:31.802] [INFO] access - PUT /api/config/4
[2018-05-21 14:08:31.831] [INFO] access - GET /api/config/lists?keys=&pageSize=15&pageIndex=1
[2018-05-21 14:08:51.287] [INFO] access - GET /api/files/type/lists?keys=
[2018-05-21 14:08:51.294] [INFO] access - GET /api/files/type/treeList
[2018-05-21 14:08:54.948] [WARN] access - GET /api/act/tpl/lists
[2018-05-21 14:08:54.973] [WARN] access - GET /images/act_tpl_image/1526280829890.jpeg
[2018-05-21 14:08:54.979] [WARN] access - GET /images/act_tpl_image/1525680727077.png
[2018-05-21 14:14:22.943] [WARN] access - GET /api/config/lists?keys=&pageSize=15&pageIndex=1
[2018-05-21 14:15:25.882] [WARN] access - GET /api/act/tpl/lists
[2018-05-21 14:15:36.230] [INFO] access - POST /api/act/tpl/add
[2018-05-21 14:15:36.469] [INFO] access - GET /api/act/tpl/lists
[2018-05-21 14:15:58.404] [INFO] access - DELETE /api/act/tpl/57
[2018-05-21 14:15:58.441] [INFO] access - GET /api/act/tpl/lists
[2018-05-21 14:16:41.549] [INFO] access - POST /api/act/tpl/add
[2018-05-21 14:16:41.818] [INFO] access - GET /api/act/tpl/lists
[2018-05-21 14:16:44.235] [INFO] access - GET /api/act/tpl/58
[2018-05-21 14:16:44.254] [WARN] access - GET /api/act/config/lists
[2018-05-21 14:22:31.249] [WARN] access - GET /api/menu/listsTree
[2018-05-21 14:22:31.263] [WARN] access - GET /api/user/userInfo
[2018-05-21 14:22:31.272] [INFO] access - GET /api/act/tpl/58
[2018-05-21 14:22:31.278] [WARN] access - GET /api/act/config/lists
[2018-05-21 14:54:20.608] [WARN] access - GET /api/menu/listsTree
[2018-05-21 14:54:20.666] [WARN] access - GET /api/user/userInfo
[2018-05-21 14:54:20.673] [INFO] access - GET /api/act/tpl/58
[2018-05-21 14:54:20.684] [WARN] access - GET /api/act/config/lists
[2018-05-21 14:55:23.691] [WARN] access - GET /api/menu/listsTree
[2018-05-21 14:55:23.698] [WARN] access - GET /api/user/userInfo
[2018-05-21 14:55:23.731] [INFO] access - GET /api/act/tpl/58
[2018-05-21 14:55:23.735] [WARN] access - GET /api/act/config/lists
[2018-05-21 14:57:02.546] [WARN] access - GET /api/menu/listsTree
[2018-05-21 14:57:02.569] [WARN] access - GET /api/user/userInfo
[2018-05-21 14:57:02.575] [INFO] access - GET /api/act/tpl/58
[2018-05-21 14:57:02.600] [WARN] access - GET /api/act/config/lists
[2018-05-21 14:57:40.607] [WARN] access - GET /api/menu/listsTree
[2018-05-21 14:57:40.616] [WARN] access - GET /api/user/userInfo
[2018-05-21 14:57:40.645] [INFO] access - GET /api/act/tpl/58
[2018-05-21 14:57:40.655] [WARN] access - GET /api/act/config/lists
[2018-05-21 15:00:32.260] [WARN] access - GET /api/menu/listsTree
[2018-05-21 15:00:32.265] [WARN] access - GET /api/user/userInfo
[2018-05-21 15:00:32.275] [INFO] access - GET /api/act/tpl/58
[2018-05-21 15:00:32.279] [WARN] access - GET /api/act/config/lists
[2018-05-21 15:01:32.907] [WARN] access - GET /api/menu/listsTree
[2018-05-21 15:01:32.938] [WARN] access - GET /api/user/userInfo
[2018-05-21 15:01:32.951] [INFO] access - GET /api/act/tpl/58
[2018-05-21 15:01:32.958] [WARN] access - GET /api/act/config/lists
[2018-05-21 15:16:15.451] [WARN] access - GET /api/menu/listsTree
[2018-05-21 15:16:15.464] [WARN] access - GET /api/user/userInfo
[2018-05-21 15:16:15.471] [INFO] access - GET /api/act/tpl/58
[2018-05-21 15:16:15.476] [WARN] access - GET /api/act/config/lists
[2018-05-21 15:40:35.244] [WARN] access - GET /api/menu/listsTree
[2018-05-21 15:40:35.298] [WARN] access - GET /api/user/userInfo
[2018-05-21 15:40:35.304] [INFO] access - GET /api/act/tpl/58
[2018-05-21 15:40:35.310] [WARN] access - GET /api/act/config/lists
[2018-05-21 15:47:11.993] [WARN] access - GET /api/menu/listsTree
[2018-05-21 15:47:12.013] [WARN] access - GET /api/user/userInfo
[2018-05-21 15:47:12.020] [INFO] access - GET /api/act/tpl/58
[2018-05-21 15:47:12.024] [WARN] access - GET /api/act/config/lists
[2018-05-21 15:47:15.509] [WARN] access - GET /api/menu/listsTree
[2018-05-21 15:47:15.514] [WARN] access - GET /api/user/userInfo
[2018-05-21 15:47:15.535] [INFO] access - GET /api/act/tpl/58
[2018-05-21 15:47:15.544] [WARN] access - GET /api/act/config/lists
[2018-05-21 15:48:13.386] [WARN] access - GET /api/menu/listsTree
[2018-05-21 15:48:13.392] [WARN] access - GET /api/user/userInfo
[2018-05-21 15:48:13.457] [INFO] access - GET /api/act/tpl/58
[2018-05-21 15:48:13.469] [WARN] access - GET /api/act/config/lists
[2018-05-21 16:00:01.179] [WARN] access - GET /api/menu/listsTree
[2018-05-21 16:00:01.211] [WARN] access - GET /api/user/userInfo
[2018-05-21 16:00:01.248] [INFO] access - GET /api/act/tpl/58
[2018-05-21 16:00:01.254] [WARN] access - GET /api/act/config/lists
[2018-05-21 16:14:26.038] [WARN] access - GET /api/menu/listsTree
[2018-05-21 16:14:26.048] [WARN] access - GET /api/user/userInfo
[2018-05-21 16:14:26.055] [INFO] access - GET /api/act/tpl/58
[2018-05-21 16:14:26.063] [WARN] access - GET /api/act/config/lists
[2018-05-21 16:47:37.524] [WARN] access - GET /api/menu/listsTree
[2018-05-21 16:47:37.551] [WARN] access - GET /api/user/userInfo
[2018-05-21 16:47:37.587] [INFO] access - GET /api/act/tpl/58
[2018-05-21 16:47:37.591] [WARN] access - GET /api/act/config/lists
[2018-05-21 16:48:31.089] [WARN] access - GET /api/menu/listsTree
[2018-05-21 16:48:31.117] [WARN] access - GET /api/user/userInfo
[2018-05-21 16:48:31.127] [INFO] access - GET /api/act/tpl/58
[2018-05-21 16:48:31.160] [WARN] access - GET /api/act/config/lists
[2018-05-21 16:50:46.397] [WARN] access - GET /api/menu/listsTree
[2018-05-21 16:50:46.403] [WARN] access - GET /api/user/userInfo
[2018-05-21 16:50:46.410] [INFO] access - GET /api/act/tpl/58
[2018-05-21 16:50:46.419] [WARN] access - GET /api/act/config/lists
[2018-05-21 16:51:04.585] [INFO] access - POST /api/act/upload
[2018-05-21 16:57:10.379] [WARN] access - GET /api/menu/listsTree
[2018-05-21 16:57:10.396] [WARN] access - GET /api/user/userInfo
[2018-05-21 16:57:10.400] [INFO] access - GET /api/act/tpl/58
[2018-05-21 16:57:10.406] [WARN] access - GET /api/act/config/lists
[2018-05-21 17:00:25.641] [WARN] access - GET /api/menu/listsTree
[2018-05-21 17:00:25.658] [WARN] access - GET /api/user/userInfo
[2018-05-21 17:00:25.663] [INFO] access - GET /api/act/tpl/58
[2018-05-21 17:00:25.668] [WARN] access - GET /api/act/config/lists
[2018-05-21 17:26:12.595] [INFO] access - POST /api/act/upload
[2018-05-21 17:32:09.902] [ERROR] access - POST /api/act/upload
[2018-05-21 17:34:34.943] [WARN] access - GET /api/menu/listsTree
[2018-05-21 17:34:34.968] [WARN] access - GET /api/user/userInfo
[2018-05-21 17:34:34.996] [WARN] access - GET /api/act/config/lists
[2018-05-21 17:34:35.051] [INFO] access - GET /api/act/tpl/58
[2018-05-21 17:34:41.353] [INFO] access - POST /api/act/upload
[2018-05-21 17:36:01.412] [WARN] access - GET /api/menu/listsTree
[2018-05-21 17:36:01.429] [WARN] access - GET /api/user/userInfo
[2018-05-21 17:36:01.463] [INFO] access - GET /api/act/tpl/58
[2018-05-21 17:36:01.486] [WARN] access - GET /api/act/config/lists
[2018-05-21 17:36:06.734] [INFO] access - POST /api/act/upload
[2018-05-21 17:37:02.295] [WARN] access - GET /api/menu/listsTree
[2018-05-21 17:37:02.317] [WARN] access - GET /api/user/userInfo
[2018-05-21 17:37:02.337] [INFO] access - GET /api/act/tpl/58
[2018-05-21 17:37:02.356] [WARN] access - GET /api/act/config/lists
[2018-05-21 17:37:08.432] [INFO] access - POST /api/act/upload
[2018-05-21 17:37:36.055] [INFO] access - POST /api/act/upload
[2018-05-21 17:38:11.518] [WARN] access - GET /api/menu/listsTree
[2018-05-21 17:38:11.523] [WARN] access - GET /api/user/userInfo
[2018-05-21 17:38:11.549] [INFO] access - GET /api/act/tpl/58
[2018-05-21 17:38:11.557] [WARN] access - GET /api/act/config/lists
[2018-05-21 17:38:17.601] [INFO] access - POST /api/act/upload
[2018-05-21 17:38:23.131] [INFO] access - POST /api/act/upload
[2018-05-21 17:38:27.409] [WARN] access - GET /api/menu/listsTree
[2018-05-21 17:38:27.422] [WARN] access - GET /api/user/userInfo
[2018-05-21 17:38:27.434] [INFO] access - GET /api/act/tpl/58
[2018-05-21 17:38:27.440] [WARN] access - GET /api/act/config/lists
[2018-05-21 17:39:00.612] [WARN] access - GET /api/menu/listsTree
[2018-05-21 17:39:00.619] [WARN] access - GET /api/user/userInfo
[2018-05-21 17:39:00.637] [INFO] access - GET /api/act/tpl/58
[2018-05-21 17:39:00.643] [WARN] access - GET /api/act/config/lists
[2018-05-21 17:39:05.211] [INFO] access - POST /api/act/upload
[2018-05-21 17:39:09.838] [INFO] access - POST /api/act/upload
[2018-05-21 17:40:39.727] [INFO] access - POST /api/act/upload
[2018-05-21 17:40:45.990] [INFO] access - POST /api/act/upload
[2018-05-21 17:41:32.515] [WARN] access - GET /api/menu/listsTree
[2018-05-21 17:41:32.519] [WARN] access - GET /api/user/userInfo
[2018-05-21 17:41:32.541] [INFO] access - GET /api/act/tpl/58
[2018-05-21 17:41:32.545] [WARN] access - GET /api/act/config/lists
[2018-05-21 17:41:37.918] [INFO] access - POST /api/act/upload
[2018-05-21 17:41:42.973] [INFO] access - POST /api/act/upload
[2018-05-21 18:21:35.718] [WARN] access - GET /api/menu/listsTree
[2018-05-21 18:21:35.734] [WARN] access - GET /api/user/userInfo
[2018-05-21 18:21:35.743] [INFO] access - GET /api/act/tpl/58
[2018-05-21 18:21:35.747] [WARN] access - GET /api/act/config/lists
[2018-05-21 18:23:11.060] [WARN] access - GET /api/menu/listsTree
[2018-05-21 18:23:11.066] [WARN] access - GET /api/user/userInfo
[2018-05-21 18:23:11.095] [INFO] access - GET /api/act/tpl/58
[2018-05-21 18:23:11.099] [WARN] access - GET /api/act/config/lists
[2018-05-21 18:23:42.276] [WARN] access - GET /api/menu/listsTree
[2018-05-21 18:23:42.281] [WARN] access - GET /api/user/userInfo
[2018-05-21 18:23:42.307] [INFO] access - GET /api/act/tpl/58
[2018-05-21 18:23:42.311] [WARN] access - GET /api/act/config/lists
[2018-05-21 18:24:16.386] [INFO] access - POST /api/act/upload
[2018-05-21 18:24:22.430] [INFO] access - POST /api/act/upload
[2018-05-21 18:29:49.674] [INFO] access - POST /api/act/upload
[2018-05-21 18:30:03.740] [INFO] access - POST /api/act/upload
[2018-05-21 18:38:51.850] [INFO] access - POST /api/act/upload
[2018-05-21 18:39:26.250] [WARN] access - GET /api/menu/listsTree
[2018-05-21 18:39:26.257] [WARN] access - GET /api/user/userInfo
[2018-05-21 18:39:26.283] [INFO] access - GET /api/act/tpl/58
[2018-05-21 18:39:26.294] [WARN] access - GET /api/act/config/lists
[2018-05-21 18:39:31.516] [INFO] access - POST /api/act/upload
[2018-05-21 18:40:45.078] [INFO] access - POST /api/act/upload
[2018-05-21 18:42:06.632] [WARN] access - GET /api/menu/listsTree
[2018-05-21 18:42:06.655] [WARN] access - GET /api/user/userInfo
[2018-05-21 18:42:06.661] [INFO] access - GET /api/act/tpl/58
[2018-05-21 18:42:06.666] [WARN] access - GET /api/act/config/lists
[2018-05-21 18:42:12.250] [INFO] access - POST /api/act/upload
[2018-05-21 18:42:37.899] [INFO] access - POST /api/act/upload
[2018-05-21 18:43:50.333] [WARN] access - GET /api/menu/listsTree
[2018-05-21 18:43:50.346] [WARN] access - GET /api/user/userInfo
[2018-05-21 18:43:50.382] [INFO] access - GET /api/act/tpl/58
[2018-05-21 18:43:50.386] [WARN] access - GET /api/act/config/lists
[2018-05-21 18:44:37.153] [WARN] access - GET /api/menu/listsTree
[2018-05-21 18:44:37.158] [WARN] access - GET /api/user/userInfo
[2018-05-21 18:44:37.176] [INFO] access - GET /api/act/tpl/58
[2018-05-21 18:44:37.181] [WARN] access - GET /api/act/config/lists
[2018-05-21 18:44:42.553] [INFO] access - POST /api/act/upload
[2018-05-21 18:45:16.103] [WARN] access - GET /api/menu/listsTree
[2018-05-21 18:45:16.108] [WARN] access - GET /api/user/userInfo
[2018-05-21 18:45:16.128] [INFO] access - GET /api/act/tpl/58
[2018-05-21 18:45:16.133] [WARN] access - GET /api/act/config/lists
[2018-05-21 18:45:22.253] [INFO] access - POST /api/act/upload
[2018-05-21 18:45:29.675] [INFO] access - POST /api/act/upload
[2018-05-21 18:46:26.535] [WARN] access - GET /api/menu/listsTree
[2018-05-21 18:46:26.541] [WARN] access - GET /api/user/userInfo
[2018-05-21 18:46:26.571] [INFO] access - GET /api/act/tpl/58
[2018-05-21 18:46:26.588] [WARN] access - GET /api/act/config/lists
[2018-05-21 18:56:08.056] [INFO] access - POST /api/act/upload
[2018-05-21 18:58:34.437] [INFO] access - POST /api/act/upload
[2018-05-21 18:58:39.090] [INFO] access - POST /api/act/upload
[2018-05-21 18:58:55.996] [INFO] access - POST /api/act/upload
[2018-05-21 18:59:20.177] [INFO] access - POST /api/act/upload
[2018-05-21 19:04:58.586] [WARN] access - GET /api/menu/listsTree
[2018-05-21 19:04:58.590] [WARN] access - GET /api/user/userInfo
[2018-05-21 19:04:58.618] [INFO] access - GET /api/act/tpl/58
[2018-05-21 19:04:58.624] [WARN] access - GET /api/act/config/lists
[2018-05-21 19:05:06.380] [INFO] access - POST /api/act/upload
[2018-05-21 19:06:01.987] [WARN] access - GET /api/menu/listsTree
[2018-05-21 19:06:01.993] [WARN] access - GET /api/user/userInfo
[2018-05-21 19:06:02.018] [INFO] access - GET /api/act/tpl/58
[2018-05-21 19:06:02.024] [WARN] access - GET /api/act/config/lists
[2018-05-21 19:06:11.112] [INFO] access - POST /api/act/upload
[2018-05-21 19:06:50.655] [WARN] access - GET /api/menu/listsTree
[2018-05-21 19:06:50.660] [WARN] access - GET /api/user/userInfo
[2018-05-21 19:06:50.688] [INFO] access - GET /api/act/tpl/58
[2018-05-21 19:06:50.693] [WARN] access - GET /api/act/config/lists
[2018-05-21 19:06:57.617] [INFO] access - POST /api/act/upload
[2018-05-21 19:07:49.318] [INFO] access - POST /api/act/upload
[2018-05-21 19:09:06.528] [INFO] access - POST /api/act/upload
[2018-05-21 19:09:48.648] [WARN] access - GET /api/menu/listsTree
[2018-05-21 19:09:48.667] [WARN] access - GET /api/user/userInfo
[2018-05-21 19:09:48.678] [INFO] access - GET /api/act/tpl/58
[2018-05-21 19:09:48.684] [WARN] access - GET /api/act/config/lists
[2018-05-21 19:09:56.514] [INFO] access - POST /api/act/upload
[2018-05-21 19:10:15.545] [INFO] access - POST /api/act/upload
[2018-05-21 19:10:41.796] [INFO] access - POST /api/act/upload
[2018-05-21 19:12:45.149] [WARN] access - GET /api/menu/listsTree
[2018-05-21 19:12:45.155] [WARN] access - GET /api/user/userInfo
[2018-05-21 19:12:45.161] [INFO] access - GET /api/act/tpl/58
[2018-05-21 19:12:45.169] [WARN] access - GET /api/act/config/lists
[2018-05-21 19:12:50.902] [INFO] access - POST /api/act/upload
[2018-05-21 19:13:02.167] [INFO] access - POST /api/act/upload
[2018-05-21 19:14:34.654] [WARN] access - GET /api/menu/listsTree
[2018-05-21 19:14:34.669] [WARN] access - GET /api/user/userInfo
[2018-05-21 19:14:34.675] [INFO] access - GET /api/act/tpl/58
[2018-05-21 19:14:34.679] [WARN] access - GET /api/act/config/lists
[2018-05-21 19:14:40.868] [INFO] access - POST /api/act/upload
[2018-05-21 19:14:58.302] [INFO] access - POST /api/act/upload
[2018-05-21 19:27:17.422] [WARN] access - GET /api/menu/listsTree
[2018-05-21 19:27:17.448] [WARN] access - GET /api/user/userInfo
[2018-05-21 19:27:17.454] [INFO] access - GET /api/act/tpl/58
[2018-05-21 19:27:17.458] [WARN] access - GET /api/act/config/lists
[2018-05-21 19:27:22.755] [INFO] access - POST /api/act/upload
[2018-05-21 19:27:32.214] [INFO] access - POST /api/act/upload
[2018-05-21 19:27:37.103] [INFO] access - POST /api/act/upload
[2018-05-21 19:28:43.539] [INFO] access - POST /api/act/draft
[2018-05-21 19:28:43.874] [INFO] access - GET /api/act/lists?keys=&pageSize=15&pageIndex=1
[2018-05-21 19:28:45.853] [INFO] access - GET /api/act/116
[2018-05-21 19:28:45.858] [WARN] access - GET /api/act/config/lists
[2018-05-21 19:29:20.643] [WARN] access - GET /api/menu/listsTree
[2018-05-21 19:29:20.667] [WARN] access - GET /api/user/userInfo
[2018-05-21 19:29:20.672] [INFO] access - GET /api/act/116
[2018-05-21 19:29:20.678] [WARN] access - GET /api/act/config/lists
[2018-05-21 19:36:58.390] [WARN] access - GET /api/menu/listsTree
[2018-05-21 19:36:58.398] [WARN] access - GET /api/user/userInfo
[2018-05-21 19:36:58.402] [INFO] access - GET /api/act/116
[2018-05-21 19:36:58.406] [WARN] access - GET /api/act/config/lists
[2018-05-21 19:39:52.608] [WARN] access - GET /api/menu/listsTree
[2018-05-21 19:39:52.627] [WARN] access - GET /api/user/userInfo
[2018-05-21 19:39:52.633] [INFO] access - GET /api/act/116
[2018-05-21 19:39:52.638] [WARN] access - GET /api/act/config/lists
[2018-05-21 19:40:53.796] [WARN] access - GET /api/act/tpl/lists
[2018-05-21 19:40:53.829] [WARN] access - GET /images/act_tpl_image/1526280829890.jpeg
[2018-05-21 19:40:53.837] [WARN] access - GET /images/act_tpl_image/1525680727077.png
[2018-05-21 19:40:53.902] [ERROR] access - GET /images/act_tpl_image/1520488106123.png
[2018-05-21 19:40:53.913] [WARN] access - GET /images/act_tpl_image/1526883401442.png
[2018-05-21 19:40:56.649] [WARN] access - GET /api/act/lists?keys=&pageSize=15&pageIndex=1
[2018-05-21 19:40:59.375] [INFO] access - DELETE /api/act/116
[2018-05-21 19:40:59.404] [INFO] access - GET /api/act/lists?keys=&pageSize=15&pageIndex=1
[2018-05-21 19:41:01.644] [WARN] access - GET /api/act/tpl/lists
[2018-05-21 19:41:01.696] [WARN] access - GET /images/act_tpl_image/1526883401442.png
[2018-05-21 19:41:03.237] [WARN] access - GET /api/act/config/lists
[2018-05-21 19:41:03.243] [INFO] access - GET /api/act/tpl/58
[2018-05-21 19:41:08.011] [INFO] access - POST /api/act/upload
[2018-05-21 19:41:21.299] [INFO] access - POST /api/act/upload
[2018-05-21 19:42:30.143] [INFO] access - POST /api/act/draft
[2018-05-21 19:42:30.425] [INFO] access - GET /api/act/lists?keys=&pageSize=15&pageIndex=1
[2018-05-21 19:42:32.335] [WARN] access - GET /api/act/config/lists
[2018-05-21 19:42:32.340] [INFO] access - GET /api/act/117
[2018-05-21 19:44:21.405] [WARN] access - GET /api/menu/listsTree
[2018-05-21 19:44:21.426] [WARN] access - GET /api/user/userInfo
[2018-05-21 19:44:21.435] [WARN] access - GET /api/act/config/lists
[2018-05-21 19:44:21.440] [INFO] access - GET /api/act/117
[2018-05-21 19:44:37.286] [WARN] access - GET /api/menu/listsTree
[2018-05-21 19:44:37.291] [WARN] access - GET /api/user/userInfo
[2018-05-21 19:44:37.303] [INFO] access - GET /api/act/117
[2018-05-21 19:44:37.308] [WARN] access - GET /api/act/config/lists
[2018-05-21 19:48:43.100] [WARN] access - GET /api/menu/listsTree
[2018-05-21 19:48:43.111] [WARN] access - GET /api/user/userInfo
[2018-05-21 19:48:43.117] [INFO] access - GET /api/act/117
[2018-05-21 19:48:43.121] [WARN] access - GET /api/act/config/lists
[2018-05-21 19:48:50.756] [WARN] access - GET /api/menu/listsTree
[2018-05-21 19:48:50.760] [WARN] access - GET /api/user/userInfo
[2018-05-21 19:48:50.781] [INFO] access - GET /api/act/117
[2018-05-21 19:48:50.785] [WARN] access - GET /api/act/config/lists
