[2018-05-10 10:34:42.037] [WARN] access - GET /api/menu/listsTree
[2018-05-10 10:34:42.045] [WARN] access - GET /api/user/userInfo
[2018-05-10 10:34:42.055] [INFO] access - GET /api/act/tpl/55
[2018-05-10 10:34:42.078] [WARN] access - GET /api/act/config/lists
[2018-05-10 11:18:57.259] [WARN] access - GET /api/act/config/lists?keys=
[2018-05-10 11:18:59.529] [WARN] access - GET /api/act/lists?keys=&pageSize=15&pageIndex=1
[2018-05-10 11:19:00.205] [WARN] access - GET /api/act/tpl/lists
[2018-05-10 11:19:00.272] [ERROR] access - GET /images/act_tpl_image/1524735070034.png
[2018-05-10 11:19:00.280] [ERROR] access - GET /images/act_tpl_image/1520488106123.png
[2018-05-10 11:19:00.285] [WARN] access - GET /images/act_tpl_image/1525680727077.png
[2018-05-10 11:19:02.573] [INFO] access - GET /api/act/tpl/54
[2018-05-10 11:19:02.578] [WARN] access - GET /api/act/config/lists
[2018-05-10 11:19:41.434] [WARN] access - GET /api/act/tpl/lists
[2018-05-10 11:19:41.477] [ERROR] access - GET /images/act_tpl_image/1520488106123.png
[2018-05-10 11:19:41.483] [ERROR] access - GET /images/act_tpl_image/1524735070034.png
[2018-05-10 11:19:43.892] [INFO] access - GET /api/act/tpl/53
[2018-05-10 11:19:43.897] [WARN] access - GET /api/act/config/lists
[2018-05-10 11:20:22.742] [WARN] access - GET /api/act/tpl/lists
[2018-05-10 11:20:22.816] [ERROR] access - GET /images/act_tpl_image/1524735070034.png
[2018-05-10 11:20:22.822] [ERROR] access - GET /images/act_tpl_image/1520488106123.png
[2018-05-10 11:20:24.750] [WARN] access - GET /api/act/config/lists
[2018-05-10 11:20:24.784] [INFO] access - GET /api/act/tpl/55
[2018-05-10 11:21:19.289] [WARN] access - GET /api/menu/listsTree
[2018-05-10 11:21:19.296] [WARN] access - GET /api/user/userInfo
[2018-05-10 11:21:19.320] [INFO] access - GET /api/act/tpl/55
[2018-05-10 11:21:19.324] [WARN] access - GET /api/act/config/lists
[2018-05-10 11:22:04.610] [WARN] access - GET /api/menu/listsTree
[2018-05-10 11:22:04.629] [WARN] access - GET /api/user/userInfo
[2018-05-10 11:22:04.633] [INFO] access - GET /api/act/tpl/55
[2018-05-10 11:22:04.642] [WARN] access - GET /api/act/config/lists
[2018-05-10 11:26:20.564] [WARN] access - GET /api/menu/listsTree
[2018-05-10 11:26:20.574] [WARN] access - GET /api/user/userInfo
[2018-05-10 11:26:20.579] [INFO] access - GET /api/act/tpl/55
[2018-05-10 11:26:20.583] [WARN] access - GET /api/act/config/lists
[2018-05-10 11:26:39.452] [WARN] access - GET /api/menu/listsTree
[2018-05-10 11:26:39.488] [WARN] access - GET /api/user/userInfo
[2018-05-10 11:26:39.500] [INFO] access - GET /api/act/tpl/55
[2018-05-10 11:26:39.504] [WARN] access - GET /api/act/config/lists
[2018-05-10 11:30:28.705] [WARN] access - GET /api/menu/listsTree
[2018-05-10 11:30:28.711] [WARN] access - GET /api/user/userInfo
[2018-05-10 11:30:28.745] [INFO] access - GET /api/act/tpl/55
[2018-05-10 11:30:28.753] [WARN] access - GET /api/act/config/lists
[2018-05-10 11:30:45.697] [WARN] access - GET /api/menu/listsTree
[2018-05-10 11:30:45.723] [WARN] access - GET /api/user/userInfo
[2018-05-10 11:30:45.728] [INFO] access - GET /api/act/tpl/55
[2018-05-10 11:30:45.740] [WARN] access - GET /api/act/config/lists
[2018-05-10 11:31:02.950] [WARN] access - GET /api/act/tpl/lists
[2018-05-10 11:31:03.037] [ERROR] access - GET /images/act_tpl_image/1524735070034.png
[2018-05-10 11:31:03.068] [WARN] access - GET /images/act_tpl_image/1525680727077.png
[2018-05-10 11:31:03.081] [ERROR] access - GET /images/act_tpl_image/1520488106123.png
[2018-05-10 11:31:06.330] [WARN] access - GET /api/act/config/lists
[2018-05-10 11:31:06.334] [INFO] access - GET /api/act/tpl/53
[2018-05-10 11:31:16.378] [WARN] access - GET /api/act/tpl/lists
[2018-05-10 11:31:16.406] [ERROR] access - GET /images/act_tpl_image/1520488106123.png
[2018-05-10 11:31:16.411] [ERROR] access - GET /images/act_tpl_image/1524735070034.png
[2018-05-10 11:31:17.978] [INFO] access - GET /api/act/tpl/55
[2018-05-10 11:31:17.994] [WARN] access - GET /api/act/config/lists
[2018-05-10 11:41:05.370] [WARN] access - GET /api/menu/listsTree
[2018-05-10 11:41:05.375] [WARN] access - GET /api/user/userInfo
[2018-05-10 11:41:05.398] [INFO] access - GET /api/act/tpl/55
[2018-05-10 11:41:05.402] [WARN] access - GET /api/act/config/lists
[2018-05-10 11:41:50.348] [WARN] access - GET /api/menu/listsTree
[2018-05-10 11:41:50.375] [WARN] access - GET /api/user/userInfo
[2018-05-10 11:41:50.381] [INFO] access - GET /api/act/tpl/55
[2018-05-10 11:41:50.386] [WARN] access - GET /api/act/config/lists
[2018-05-10 11:41:58.393] [INFO] access - POST /api/act/upload
[2018-05-10 11:42:37.337] [INFO] access - POST /api/act/upload
[2018-05-10 11:43:57.151] [WARN] access - GET /api/menu/listsTree
[2018-05-10 11:43:57.162] [WARN] access - GET /api/user/userInfo
[2018-05-10 11:43:57.198] [INFO] access - GET /api/act/tpl/55
[2018-05-10 11:43:57.203] [WARN] access - GET /api/act/config/lists
[2018-05-10 11:44:03.085] [INFO] access - POST /api/act/upload
[2018-05-10 11:44:46.214] [WARN] access - GET /temp/20180510114357/1525923843069.jpg
[2018-05-10 11:45:35.191] [WARN] access - GET /api/act/tpl/lists
[2018-05-10 11:45:35.241] [ERROR] access - GET /images/act_tpl_image/1524735070034.png
[2018-05-10 11:45:35.247] [WARN] access - GET /images/act_tpl_image/1525680727077.png
[2018-05-10 11:45:35.253] [ERROR] access - GET /images/act_tpl_image/1520488106123.png
[2018-05-10 11:45:38.438] [INFO] access - GET /api/act/tpl/53
[2018-05-10 11:45:38.521] [WARN] access - GET /api/act/config/lists
[2018-05-10 11:45:46.017] [WARN] access - GET /api/act/tpl/lists
[2018-05-10 11:45:46.098] [ERROR] access - GET /images/act_tpl_image/1524735070034.png
[2018-05-10 11:45:46.103] [ERROR] access - GET /images/act_tpl_image/1520488106123.png
[2018-05-10 11:45:48.493] [INFO] access - GET /api/act/tpl/55
[2018-05-10 11:45:48.503] [WARN] access - GET /api/act/config/lists
[2018-05-10 11:46:06.596] [INFO] access - POST /api/act/upload
[2018-05-10 11:47:29.839] [WARN] access - GET /api/menu/listsTree
[2018-05-10 11:47:29.851] [WARN] access - GET /api/user/userInfo
[2018-05-10 11:47:29.862] [INFO] access - GET /api/act/tpl/55
[2018-05-10 11:47:29.866] [WARN] access - GET /api/act/config/lists
[2018-05-10 11:50:52.186] [WARN] access - GET /api/menu/listsTree
[2018-05-10 11:50:52.203] [WARN] access - GET /api/user/userInfo
[2018-05-10 11:50:52.212] [INFO] access - GET /api/act/tpl/55
[2018-05-10 11:50:52.219] [WARN] access - GET /api/act/config/lists
[2018-05-10 11:51:28.696] [WARN] access - GET /api/menu/listsTree
[2018-05-10 11:51:28.706] [WARN] access - GET /api/user/userInfo
[2018-05-10 11:51:28.724] [INFO] access - GET /api/act/tpl/55
[2018-05-10 11:51:28.728] [WARN] access - GET /api/act/config/lists
[2018-05-10 11:54:02.236] [WARN] access - GET /api/menu/listsTree
[2018-05-10 11:54:02.245] [WARN] access - GET /api/user/userInfo
[2018-05-10 11:54:02.260] [INFO] access - GET /api/act/tpl/55
[2018-05-10 11:54:02.272] [WARN] access - GET /api/act/config/lists
[2018-05-10 13:36:24.647] [WARN] access - GET /api/menu/listsTree
[2018-05-10 13:36:24.653] [WARN] access - GET /api/user/userInfo
[2018-05-10 13:36:24.660] [INFO] access - GET /api/act/tpl/55
[2018-05-10 13:36:24.664] [WARN] access - GET /api/act/config/lists
[2018-05-10 13:36:28.781] [WARN] access - GET /api/menu/listsTree
[2018-05-10 13:36:28.790] [WARN] access - GET /api/user/userInfo
[2018-05-10 13:36:28.794] [INFO] access - GET /api/act/tpl/55
[2018-05-10 13:36:28.800] [WARN] access - GET /api/act/config/lists
[2018-05-10 13:37:41.317] [WARN] access - GET /api/menu/listsTree
[2018-05-10 13:37:41.344] [WARN] access - GET /api/user/userInfo
[2018-05-10 13:37:41.349] [INFO] access - GET /api/act/tpl/55
[2018-05-10 13:37:41.356] [WARN] access - GET /api/act/config/lists
[2018-05-10 13:37:49.316] [INFO] access - POST /api/act/upload
[2018-05-10 13:38:19.901] [WARN] access - GET /api/menu/listsTree
[2018-05-10 13:38:19.936] [WARN] access - GET /api/user/userInfo
[2018-05-10 13:38:19.942] [INFO] access - GET /api/act/tpl/55
[2018-05-10 13:38:19.948] [WARN] access - GET /api/act/config/lists
[2018-05-10 13:38:26.812] [INFO] access - POST /api/act/upload
[2018-05-10 13:39:50.432] [INFO] access - POST /api/act/upload
[2018-05-10 13:44:22.652] [WARN] access - GET /api/menu/listsTree
[2018-05-10 13:44:22.672] [WARN] access - GET /api/user/userInfo
[2018-05-10 13:44:22.688] [INFO] access - GET /api/act/tpl/55
[2018-05-10 13:44:22.720] [WARN] access - GET /api/act/config/lists
[2018-05-10 13:44:34.683] [INFO] access - POST /api/act/upload
[2018-05-10 13:45:54.048] [WARN] access - GET /api/menu/listsTree
[2018-05-10 13:45:54.078] [WARN] access - GET /api/user/userInfo
[2018-05-10 13:45:54.095] [INFO] access - GET /api/act/tpl/55
[2018-05-10 13:45:54.108] [WARN] access - GET /api/act/config/lists
[2018-05-10 13:46:04.978] [INFO] access - POST /api/act/upload
[2018-05-10 13:46:50.093] [INFO] access - POST /api/act/upload
[2018-05-10 13:46:56.562] [INFO] access - POST /api/act/upload
[2018-05-10 13:47:02.182] [INFO] access - POST /api/act/upload
[2018-05-10 13:47:10.797] [INFO] access - POST /api/act/upload
[2018-05-10 13:47:19.060] [INFO] access - POST /api/act/upload
[2018-05-10 13:47:34.316] [INFO] access - POST /api/act/upload
[2018-05-10 13:47:42.103] [INFO] access - POST /api/act/upload
[2018-05-10 13:47:42.201] [INFO] access - GET /temp/20180510134554/1525931262079.jpg
[2018-05-10 13:47:46.524] [INFO] access - POST /api/act/upload
[2018-05-10 15:41:52.673] [WARN] access - GET /api/menu/listsTree
[2018-05-10 15:41:52.694] [WARN] access - GET /api/user/userInfo
[2018-05-10 15:41:52.701] [WARN] access - GET /api/act/config/lists
[2018-05-10 15:41:52.707] [INFO] access - GET /api/act/tpl/55
[2018-05-10 15:49:13.903] [WARN] access - GET /api/menu/listsTree
[2018-05-10 15:49:13.941] [WARN] access - GET /api/user/userInfo
[2018-05-10 15:49:13.951] [INFO] access - GET /api/act/tpl/55
[2018-05-10 15:49:13.954] [WARN] access - GET /api/act/config/lists
[2018-05-10 15:52:31.964] [WARN] access - GET /api/menu/listsTree
[2018-05-10 15:52:32.063] [WARN] access - GET /api/user/userInfo
[2018-05-10 15:52:32.098] [INFO] access - GET /api/act/tpl/55
[2018-05-10 15:52:32.116] [WARN] access - GET /api/act/config/lists
[2018-05-10 15:54:35.780] [WARN] access - GET /api/menu/listsTree
[2018-05-10 15:54:35.789] [WARN] access - GET /api/user/userInfo
[2018-05-10 15:54:35.828] [INFO] access - GET /api/act/tpl/55
[2018-05-10 15:54:35.833] [WARN] access - GET /api/act/config/lists
[2018-05-10 18:32:36.980] [WARN] access - GET /api/user/userInfo
[2018-05-10 18:32:36.989] [WARN] access - GET /api/menu/listsTree
[2018-05-10 18:32:37.003] [INFO] access - GET /api/act/tpl/55
[2018-05-10 18:32:37.007] [WARN] access - GET /api/act/config/lists
[2018-05-10 18:32:57.488] [WARN] access - GET /api/menu/listsTree
[2018-05-10 18:32:57.496] [WARN] access - GET /api/user/userInfo
[2018-05-10 18:32:57.605] [INFO] access - GET /api/act/tpl/55
[2018-05-10 18:32:57.622] [WARN] access - GET /api/act/config/lists
[2018-05-10 18:33:34.664] [WARN] access - GET /api/menu/listsTree
[2018-05-10 18:33:34.719] [WARN] access - GET /api/user/userInfo
[2018-05-10 18:33:34.738] [INFO] access - GET /api/act/tpl/55
[2018-05-10 18:33:34.758] [WARN] access - GET /api/act/config/lists
[2018-05-10 18:34:29.242] [WARN] access - GET /api/menu/listsTree
[2018-05-10 18:34:29.248] [WARN] access - GET /api/user/userInfo
[2018-05-10 18:34:29.273] [INFO] access - GET /api/act/tpl/55
[2018-05-10 18:34:29.285] [WARN] access - GET /api/act/config/lists
[2018-05-10 18:36:04.423] [WARN] access - GET /api/menu/listsTree
[2018-05-10 18:36:04.452] [WARN] access - GET /api/user/userInfo
[2018-05-10 18:36:04.459] [INFO] access - GET /api/act/tpl/55
[2018-05-10 18:36:04.466] [WARN] access - GET /api/act/config/lists
[2018-05-10 19:25:39.230] [WARN] access - GET /api/menu/listsTree
[2018-05-10 19:25:39.264] [WARN] access - GET /api/user/userInfo
[2018-05-10 19:25:39.294] [WARN] access - GET /api/act/config/lists
[2018-05-10 19:25:39.301] [INFO] access - GET /api/act/tpl/55
[2018-05-10 19:28:40.676] [WARN] access - GET /api/act/tpl/lists
[2018-05-10 19:28:40.830] [ERROR] access - GET /images/act_tpl_image/1524735070034.png
[2018-05-10 19:28:40.837] [ERROR] access - GET /images/act_tpl_image/1520488106123.png
[2018-05-10 19:28:40.841] [WARN] access - GET /images/act_tpl_image/1525680727077.png
[2018-05-10 19:28:42.996] [INFO] access - GET /api/act/tpl/54
[2018-05-10 19:28:42.999] [WARN] access - GET /api/act/config/lists
[2018-05-10 19:28:56.252] [WARN] access - GET /api/act/lists?keys=&pageSize=15&pageIndex=1
[2018-05-10 19:29:01.664] [WARN] access - GET /api/act/tpl/lists
[2018-05-10 19:29:01.699] [ERROR] access - GET /images/act_tpl_image/1524735070034.png
[2018-05-10 19:29:01.703] [ERROR] access - GET /images/act_tpl_image/1520488106123.png
[2018-05-10 19:29:03.264] [WARN] access - GET /api/act/config/lists
[2018-05-10 19:29:03.271] [INFO] access - GET /api/act/tpl/53
[2018-05-10 19:29:50.472] [WARN] access - GET /api/act/tpl/lists
[2018-05-10 19:29:50.504] [ERROR] access - GET /images/act_tpl_image/1524735070034.png
[2018-05-10 19:29:50.508] [ERROR] access - GET /images/act_tpl_image/1520488106123.png
[2018-05-10 19:29:52.264] [INFO] access - GET /api/act/tpl/55
[2018-05-10 19:29:52.269] [WARN] access - GET /api/act/config/lists
[2018-05-10 19:39:06.748] [WARN] access - GET /api/menu/listsTree
[2018-05-10 19:39:06.794] [WARN] access - GET /api/user/userInfo
[2018-05-10 19:39:06.809] [INFO] access - GET /api/act/tpl/55
[2018-05-10 19:39:06.813] [WARN] access - GET /api/act/config/lists
[2018-05-10 19:43:46.345] [WARN] access - GET /api/menu/listsTree
[2018-05-10 19:43:46.393] [WARN] access - GET /api/user/userInfo
[2018-05-10 19:43:46.417] [INFO] access - GET /api/act/tpl/55
[2018-05-10 19:43:46.430] [WARN] access - GET /api/act/config/lists
[2018-05-10 19:49:09.882] [WARN] access - GET /api/menu/listsTree
[2018-05-10 19:49:09.886] [WARN] access - GET /api/user/userInfo
[2018-05-10 19:49:09.940] [INFO] access - GET /api/act/tpl/55
[2018-05-10 19:49:09.944] [WARN] access - GET /api/act/config/lists
[2018-05-10 19:50:32.757] [WARN] access - GET /api/menu/listsTree
[2018-05-10 19:50:32.775] [WARN] access - GET /api/user/userInfo
[2018-05-10 19:50:32.789] [INFO] access - GET /api/act/tpl/55
[2018-05-10 19:50:32.793] [WARN] access - GET /api/act/config/lists
[2018-05-10 19:53:28.934] [INFO] access - POST /api/act/upload
