[2017-10-25 09:47:39.672] [WARN] access - GET /api/contracts/history/lists?keys=&pageSize=15&pageIndex=1
[2017-10-25 11:58:37.276] [INFO] access - GET /api/news/lists?keys=&pageIndex=1&pageSize=15
[2017-10-25 11:58:42.400] [WARN] access - GET /api/user/userInfo
[2017-10-25 11:58:42.431] [WARN] access - GET /api/menu/listsTree
[2017-10-25 11:58:42.591] [WARN] access - GET /api/news/lists?keys=&pageIndex=1&pageSize=15
[2017-10-25 11:59:08.492] [WARN] access - GET /api/user/userInfo
[2017-10-25 11:59:08.526] [WARN] access - GET /api/menu/listsTree
[2017-10-25 11:59:08.692] [ERROR] access - GET /api/news/lists?keys=&pageIndex=1&pageSize=15
[2017-10-25 12:01:14.432] [WARN] access - GET /api/user/userInfo
[2017-10-25 12:01:14.438] [WARN] access - GET /api/menu/listsTree
[2017-10-25 12:01:14.637] [ERROR] access - GET /api/news/lists?keys=&pageIndex=1&pageSize=15
[2017-10-25 12:01:47.672] [WARN] access - GET /api/user/userInfo
[2017-10-25 12:01:47.716] [WARN] access - GET /api/menu/listsTree
[2017-10-25 12:01:48.040] [ERROR] access - GET /api/news/lists?keys=&pageIndex=1&pageSize=15
[2017-10-25 12:02:03.997] [WARN] access - GET /api/user/userInfo
[2017-10-25 12:02:04.014] [WARN] access - GET /api/menu/listsTree
[2017-10-25 12:02:04.267] [INFO] access - GET /api/news/lists?keys=&pageIndex=1&pageSize=15
[2017-10-25 12:03:41.648] [WARN] access - GET /api/user/userInfo
[2017-10-25 12:03:41.661] [WARN] access - GET /api/menu/listsTree
[2017-10-25 12:03:41.787] [ERROR] access - GET /api/news/lists?keys=&pageIndex=1&pageSize=15
[2017-10-25 12:03:57.935] [WARN] access - GET /api/user/userInfo
[2017-10-25 12:03:57.945] [WARN] access - GET /api/menu/listsTree
[2017-10-25 12:03:58.198] [INFO] access - GET /api/news/lists?keys=&pageIndex=1&pageSize=15
[2017-10-25 12:04:01.945] [INFO] access - GET /api/news/lists?keys=&pageIndex=2&pageSize=15
[2017-10-25 12:04:03.577] [WARN] access - GET /api/news/lists?keys=&pageIndex=3&pageSize=15
[2017-10-25 12:04:04.666] [INFO] access - GET /api/news/lists?keys=&pageIndex=4&pageSize=15
[2017-10-25 12:04:05.529] [INFO] access - GET /api/news/lists?keys=&pageIndex=5&pageSize=15
[2017-10-25 12:04:06.732] [INFO] access - GET /api/news/lists?keys=&pageIndex=6&pageSize=15
[2017-10-25 12:04:07.793] [INFO] access - GET /api/news/lists?keys=&pageIndex=8&pageSize=15
[2017-10-25 12:04:10.084] [INFO] access - GET /api/news/lists?keys=&pageIndex=9&pageSize=15
[2017-10-25 12:04:11.276] [INFO] access - GET /api/news/lists?keys=&pageIndex=10&pageSize=15
