[2018-05-30 10:58:44.804] [WARN] access - GET /api/menu/listsTree
[2018-05-30 10:58:44.833] [WARN] access - GET /api/user/userInfo
[2018-05-30 10:58:44.842] [WARN] access - GET /api/act/config/lists
[2018-05-30 10:58:44.878] [INFO] access - GET /api/act/123
[2018-05-30 10:58:45.305] [WARN] access - GET /temp/20180529162104/1527582075344.png
[2018-05-30 10:58:45.313] [WARN] access - GET /temp/20180529162104/1527582091780.png
[2018-05-30 10:59:03.964] [WARN] access - GET /api/menu/listsTree
[2018-05-30 10:59:04.059] [WARN] access - GET /api/user/userInfo
[2018-05-30 10:59:04.065] [INFO] access - GET /api/act/123
[2018-05-30 10:59:04.069] [WARN] access - GET /api/act/config/lists
[2018-05-30 13:53:54.024] [WARN] access - GET /api/user/userInfo
[2018-05-30 13:53:54.032] [WARN] access - GET /api/menu/listsTree
[2018-05-30 13:53:54.036] [INFO] access - GET /api/act/123
[2018-05-30 13:53:54.042] [WARN] access - GET /api/act/config/lists
[2018-05-30 14:05:00.314] [WARN] access - GET /api/act/tpl/lists
[2018-05-30 14:05:00.442] [WARN] access - GET /images/act_tpl_image/1527153002317.png
[2018-05-30 14:05:00.456] [WARN] access - GET /images/act_tpl_image/1527045235532.png
[2018-05-30 14:05:00.463] [WARN] access - GET /images/act_tpl_image/1526883401442.png
[2018-05-30 14:05:00.470] [WARN] access - GET /images/act_tpl_image/1525680727077.png
[2018-05-30 14:05:00.477] [WARN] access - GET /images/act_tpl_image/1526280829890.jpeg
[2018-05-30 14:05:02.254] [WARN] access - GET /api/act/config/lists
[2018-05-30 14:05:02.259] [INFO] access - GET /api/act/tpl/60
[2018-05-30 14:05:34.764] [WARN] access - GET /api/menu/listsTree
[2018-05-30 14:05:34.768] [WARN] access - GET /api/user/userInfo
[2018-05-30 14:05:34.837] [INFO] access - GET /api/act/tpl/60
[2018-05-30 14:05:34.842] [WARN] access - GET /api/act/config/lists
[2018-05-30 14:05:56.919] [INFO] access - POST /api/act/upload
[2018-05-30 14:06:17.155] [WARN] access - GET /api/menu/listsTree
[2018-05-30 14:06:17.159] [WARN] access - GET /api/user/userInfo
[2018-05-30 14:06:17.204] [INFO] access - GET /api/act/tpl/60
[2018-05-30 14:06:17.219] [WARN] access - GET /api/act/config/lists
[2018-05-30 14:06:25.782] [WARN] access - GET /api/menu/listsTree
[2018-05-30 14:06:25.790] [WARN] access - GET /api/user/userInfo
[2018-05-30 14:06:25.821] [INFO] access - GET /api/act/tpl/60
[2018-05-30 14:06:25.826] [WARN] access - GET /api/act/config/lists
[2018-05-30 14:06:55.801] [WARN] access - GET /api/menu/listsTree
[2018-05-30 14:06:55.807] [WARN] access - GET /api/user/userInfo
[2018-05-30 14:06:55.811] [INFO] access - GET /api/act/tpl/60
[2018-05-30 14:06:55.815] [WARN] access - GET /api/act/config/lists
[2018-05-30 14:07:00.275] [WARN] access - GET /api/menu/listsTree
[2018-05-30 14:07:00.278] [WARN] access - GET /api/user/userInfo
[2018-05-30 14:07:00.329] [INFO] access - GET /api/act/tpl/60
[2018-05-30 14:07:00.337] [WARN] access - GET /api/act/config/lists
[2018-05-30 14:07:07.361] [WARN] access - GET /api/menu/listsTree
[2018-05-30 14:07:07.366] [WARN] access - GET /api/user/userInfo
[2018-05-30 14:07:07.381] [INFO] access - GET /api/act/tpl/60
[2018-05-30 14:07:07.387] [WARN] access - GET /api/act/config/lists
[2018-05-30 14:07:15.406] [WARN] access - GET /api/menu/listsTree
[2018-05-30 14:07:15.412] [WARN] access - GET /api/user/userInfo
[2018-05-30 14:07:15.417] [INFO] access - GET /api/act/tpl/60
[2018-05-30 14:07:15.422] [WARN] access - GET /api/act/config/lists
[2018-05-30 14:07:33.146] [INFO] access - POST /api/act/upload
[2018-05-30 14:07:46.377] [WARN] access - GET /api/menu/listsTree
[2018-05-30 14:07:46.392] [WARN] access - GET /api/user/userInfo
[2018-05-30 14:07:46.402] [INFO] access - GET /api/act/tpl/60
[2018-05-30 14:07:46.423] [WARN] access - GET /api/act/config/lists
[2018-05-30 14:07:50.961] [WARN] access - GET /api/menu/listsTree
[2018-05-30 14:07:50.965] [WARN] access - GET /api/user/userInfo
[2018-05-30 14:07:50.981] [INFO] access - GET /api/act/tpl/60
[2018-05-30 14:07:51.014] [WARN] access - GET /api/act/config/lists
[2018-05-30 14:08:09.020] [WARN] access - GET /api/menu/listsTree
[2018-05-30 14:08:09.026] [WARN] access - GET /api/user/userInfo
[2018-05-30 14:08:09.045] [INFO] access - GET /api/act/tpl/60
[2018-05-30 14:08:09.056] [WARN] access - GET /api/act/config/lists
[2018-05-30 14:08:19.392] [INFO] access - POST /api/act/upload
[2018-05-30 14:10:05.502] [INFO] access - POST /api/act/upload
[2018-05-30 14:15:47.647] [INFO] access - POST /api/act/upload
[2018-05-30 14:15:56.650] [INFO] access - POST /api/act/upload
[2018-05-30 14:18:49.200] [INFO] access - POST /api/act/upload
[2018-05-30 14:18:58.658] [INFO] access - POST /api/act/upload
[2018-05-30 14:19:29.228] [INFO] access - POST /api/act/upload
[2018-05-30 14:19:29.260] [INFO] access - GET /temp/20180530140809/1527661169221.png
[2018-05-30 14:19:31.258] [WARN] access - GET /temp/20180530140809/1527660956642.png
[2018-05-30 14:20:17.473] [INFO] access - POST /api/act/draft
[2018-05-30 14:20:17.963] [INFO] access - GET /api/act/lists?keys=&pageSize=15&pageIndex=1
[2018-05-30 14:20:21.306] [INFO] access - DELETE /api/act/123
[2018-05-30 14:20:21.338] [INFO] access - GET /api/act/lists?keys=&pageSize=15&pageIndex=1
[2018-05-30 14:23:48.804] [INFO] access - GET /api/act/124
[2018-05-30 14:23:48.807] [WARN] access - GET /api/act/config/lists
[2018-05-30 14:25:03.464] [WARN] access - GET /temp/20180530140809/1527660605494.png
[2018-05-30 14:26:48.385] [WARN] access - GET /temp/20180530140809/1527660605494.png
[2018-05-30 14:27:31.448] [WARN] access - GET /api/menu/listsTree
[2018-05-30 14:27:31.484] [WARN] access - GET /api/user/userInfo
[2018-05-30 14:27:31.530] [INFO] access - GET /api/act/124
[2018-05-30 14:27:31.534] [WARN] access - GET /api/act/config/lists
[2018-05-30 14:27:31.806] [WARN] access - GET /temp/20180530140809/1527660499384.png
[2018-05-30 14:27:31.810] [WARN] access - GET /temp/20180530140809/1527660605494.png
[2018-05-30 14:27:34.762] [WARN] access - GET /temp/20180530140809/1527661169221.png
[2018-05-30 14:27:34.784] [WARN] access - GET /temp/20180530140809/1527660947616.png
[2018-05-30 14:27:34.789] [WARN] access - GET /temp/20180530140809/1527661129194.png
[2018-05-30 14:30:41.682] [INFO] access - POST /api/act/upload
[2018-05-30 14:37:26.680] [WARN] access - GET /api/menu/listsTree
[2018-05-30 14:37:26.697] [WARN] access - GET /api/user/userInfo
[2018-05-30 14:37:26.746] [WARN] access - GET /api/act/config/lists
[2018-05-30 14:37:26.753] [INFO] access - GET /api/act/124
[2018-05-30 14:37:26.985] [WARN] access - GET /temp/20180530140809/1527660605494.png
[2018-05-30 14:37:26.989] [WARN] access - GET /temp/20180530140809/1527660499384.png
[2018-05-30 14:37:34.192] [WARN] access - GET /api/act/tpl/lists
[2018-05-30 14:37:34.287] [WARN] access - GET /images/act_tpl_image/1526280829890.jpeg
[2018-05-30 14:37:34.300] [WARN] access - GET /images/act_tpl_image/1526883401442.png
[2018-05-30 14:37:34.304] [WARN] access - GET /images/act_tpl_image/1527045235532.png
[2018-05-30 14:37:34.312] [WARN] access - GET /images/act_tpl_image/1527153002317.png
[2018-05-30 14:37:34.317] [WARN] access - GET /images/act_tpl_image/1525680727077.png
[2018-05-30 14:37:36.928] [INFO] access - GET /api/act/tpl/60
[2018-05-30 14:37:36.932] [WARN] access - GET /api/act/config/lists
[2018-05-30 14:37:47.312] [WARN] access - GET /api/menu/listsTree
[2018-05-30 14:37:47.317] [WARN] access - GET /api/user/userInfo
[2018-05-30 14:37:47.335] [INFO] access - GET /api/act/tpl/60
[2018-05-30 14:37:47.340] [WARN] access - GET /api/act/config/lists
[2018-05-30 14:39:38.588] [WARN] access - GET /api/menu/listsTree
[2018-05-30 14:39:38.592] [WARN] access - GET /api/user/userInfo
[2018-05-30 14:39:38.600] [INFO] access - GET /api/act/tpl/60
[2018-05-30 14:39:38.616] [WARN] access - GET /api/act/config/lists
[2018-05-30 14:41:02.883] [WARN] access - GET /api/menu/listsTree
[2018-05-30 14:41:02.890] [WARN] access - GET /api/user/userInfo
[2018-05-30 14:41:02.899] [INFO] access - GET /api/act/tpl/60
[2018-05-30 14:41:02.905] [WARN] access - GET /api/act/config/lists
[2018-05-30 14:41:14.350] [INFO] access - POST /api/act/upload
[2018-05-30 14:41:40.016] [INFO] access - POST /api/act/upload
[2018-05-30 14:41:59.408] [INFO] access - POST /api/act/upload
[2018-05-30 14:42:23.126] [INFO] access - POST /api/act/upload
[2018-05-30 14:44:21.098] [WARN] access - GET /api/menu/listsTree
[2018-05-30 14:44:21.102] [WARN] access - GET /api/user/userInfo
[2018-05-30 14:44:21.134] [INFO] access - GET /api/act/tpl/60
[2018-05-30 14:44:21.152] [WARN] access - GET /api/act/config/lists
[2018-05-30 14:44:31.993] [INFO] access - POST /api/act/upload
[2018-05-30 14:44:50.705] [INFO] access - POST /api/act/upload
[2018-05-30 14:45:43.767] [WARN] access - GET /api/menu/listsTree
[2018-05-30 14:45:43.772] [WARN] access - GET /api/user/userInfo
[2018-05-30 14:45:43.801] [INFO] access - GET /api/act/tpl/60
[2018-05-30 14:45:43.805] [WARN] access - GET /api/act/config/lists
[2018-05-30 14:46:00.234] [INFO] access - POST /api/act/upload
[2018-05-30 14:46:10.133] [INFO] access - POST /api/act/upload
[2018-05-30 14:46:33.619] [INFO] access - POST /api/act/upload
[2018-05-30 14:48:00.150] [WARN] access - GET /api/menu/listsTree
[2018-05-30 14:48:00.181] [WARN] access - GET /api/user/userInfo
[2018-05-30 14:48:00.201] [WARN] access - GET /api/act/config/lists
[2018-05-30 14:48:00.326] [INFO] access - GET /api/act/tpl/60
[2018-05-30 14:48:10.917] [INFO] access - POST /api/act/upload
[2018-05-30 14:48:41.441] [INFO] access - POST /api/act/upload
[2018-05-30 14:48:52.651] [INFO] access - POST /api/act/upload
[2018-05-30 14:50:12.504] [WARN] access - GET /api/menu/listsTree
[2018-05-30 14:50:12.548] [WARN] access - GET /api/user/userInfo
[2018-05-30 14:50:12.573] [INFO] access - GET /api/act/tpl/60
[2018-05-30 14:50:12.582] [WARN] access - GET /api/act/config/lists
[2018-05-30 14:50:25.413] [INFO] access - POST /api/act/upload
[2018-05-30 14:50:52.590] [WARN] access - GET /api/menu/listsTree
[2018-05-30 14:50:52.594] [WARN] access - GET /api/user/userInfo
[2018-05-30 14:50:52.623] [INFO] access - GET /api/act/tpl/60
[2018-05-30 14:50:52.628] [WARN] access - GET /api/act/config/lists
[2018-05-30 14:51:03.897] [INFO] access - POST /api/act/upload
[2018-05-30 14:51:11.572] [INFO] access - POST /api/act/upload
[2018-05-30 14:51:27.699] [INFO] access - POST /api/act/upload
[2018-05-30 14:52:41.037] [WARN] access - GET /api/menu/listsTree
[2018-05-30 14:52:41.088] [WARN] access - GET /api/user/userInfo
[2018-05-30 14:52:41.107] [INFO] access - GET /api/act/tpl/60
[2018-05-30 14:52:41.119] [WARN] access - GET /api/act/config/lists
[2018-05-30 14:54:07.901] [INFO] access - POST /api/act/upload
[2018-05-30 14:54:12.204] [INFO] access - POST /api/act/upload
[2018-05-30 14:54:59.759] [WARN] access - GET /api/menu/listsTree
[2018-05-30 14:54:59.767] [WARN] access - GET /api/user/userInfo
[2018-05-30 14:54:59.818] [INFO] access - GET /api/act/tpl/60
[2018-05-30 14:54:59.826] [WARN] access - GET /api/act/config/lists
[2018-05-30 14:55:29.330] [WARN] access - GET /api/menu/listsTree
[2018-05-30 14:55:29.336] [WARN] access - GET /api/user/userInfo
[2018-05-30 14:55:29.412] [WARN] access - GET /api/act/config/lists
[2018-05-30 14:55:29.423] [INFO] access - GET /api/act/tpl/60
[2018-05-30 14:55:36.610] [INFO] access - POST /api/act/upload
[2018-05-30 14:55:40.844] [INFO] access - POST /api/act/upload
[2018-05-30 14:55:50.926] [INFO] access - POST /api/act/upload
[2018-05-30 14:56:15.166] [WARN] access - GET /api/menu/listsTree
[2018-05-30 14:56:15.177] [WARN] access - GET /api/user/userInfo
[2018-05-30 14:56:15.181] [INFO] access - GET /api/act/tpl/60
[2018-05-30 14:56:15.186] [WARN] access - GET /api/act/config/lists
[2018-05-30 14:56:22.188] [INFO] access - POST /api/act/upload
[2018-05-30 14:56:27.299] [INFO] access - POST /api/act/upload
[2018-05-30 14:56:34.579] [WARN] access - GET /api/menu/listsTree
[2018-05-30 14:56:34.591] [WARN] access - GET /api/user/userInfo
[2018-05-30 14:56:34.610] [INFO] access - GET /api/act/tpl/60
[2018-05-30 14:56:34.620] [WARN] access - GET /api/act/config/lists
[2018-05-30 14:56:38.712] [WARN] access - GET /api/menu/listsTree
[2018-05-30 14:56:38.715] [WARN] access - GET /api/user/userInfo
[2018-05-30 14:56:38.738] [INFO] access - GET /api/act/tpl/60
[2018-05-30 14:56:38.742] [WARN] access - GET /api/act/config/lists
[2018-05-30 14:56:43.716] [WARN] access - GET /api/menu/listsTree
[2018-05-30 14:56:43.724] [WARN] access - GET /api/user/userInfo
[2018-05-30 14:56:43.728] [INFO] access - GET /api/act/tpl/60
[2018-05-30 14:56:43.748] [WARN] access - GET /api/act/config/lists
[2018-05-30 14:56:46.573] [WARN] access - GET /api/menu/listsTree
[2018-05-30 14:56:46.605] [WARN] access - GET /api/user/userInfo
[2018-05-30 14:56:46.609] [INFO] access - GET /api/act/tpl/60
[2018-05-30 14:56:46.613] [WARN] access - GET /api/act/config/lists
[2018-05-30 14:56:52.248] [WARN] access - GET /api/menu/listsTree
[2018-05-30 14:56:52.253] [WARN] access - GET /api/user/userInfo
[2018-05-30 14:56:52.258] [INFO] access - GET /api/act/tpl/60
[2018-05-30 14:56:52.266] [WARN] access - GET /api/act/config/lists
[2018-05-30 14:56:53.852] [WARN] access - GET /api/menu/listsTree
[2018-05-30 14:56:53.856] [WARN] access - GET /api/user/userInfo
[2018-05-30 14:56:53.875] [INFO] access - GET /api/act/tpl/60
[2018-05-30 14:56:53.881] [WARN] access - GET /api/act/config/lists
[2018-05-30 14:56:59.788] [WARN] access - GET /api/menu/listsTree
[2018-05-30 14:56:59.794] [WARN] access - GET /api/user/userInfo
[2018-05-30 14:56:59.798] [INFO] access - GET /api/act/tpl/60
[2018-05-30 14:56:59.803] [WARN] access - GET /api/act/config/lists
[2018-05-30 14:57:06.004] [WARN] access - GET /api/menu/listsTree
[2018-05-30 14:57:06.008] [WARN] access - GET /api/user/userInfo
[2018-05-30 14:57:06.013] [INFO] access - GET /api/act/tpl/60
[2018-05-30 14:57:06.017] [WARN] access - GET /api/act/config/lists
[2018-05-30 14:57:08.730] [WARN] access - GET /api/menu/listsTree
[2018-05-30 14:57:08.735] [WARN] access - GET /api/user/userInfo
[2018-05-30 14:57:08.748] [INFO] access - GET /api/act/tpl/60
[2018-05-30 14:57:08.752] [WARN] access - GET /api/act/config/lists
[2018-05-30 14:57:17.573] [INFO] access - POST /api/act/upload
[2018-05-30 14:57:24.896] [INFO] access - POST /api/act/upload
[2018-05-30 14:57:34.940] [INFO] access - POST /api/act/upload
[2018-05-30 14:58:53.497] [WARN] access - GET /api/menu/listsTree
[2018-05-30 14:58:53.510] [WARN] access - GET /api/user/userInfo
[2018-05-30 14:58:53.530] [INFO] access - GET /api/act/tpl/60
[2018-05-30 14:58:53.537] [WARN] access - GET /api/act/config/lists
[2018-05-30 14:58:59.162] [INFO] access - POST /api/act/upload
[2018-05-30 14:59:02.517] [INFO] access - POST /api/act/upload
[2018-05-30 14:59:55.986] [WARN] access - GET /api/menu/listsTree
[2018-05-30 14:59:55.996] [WARN] access - GET /api/user/userInfo
[2018-05-30 14:59:56.012] [INFO] access - GET /api/act/tpl/60
[2018-05-30 14:59:56.018] [WARN] access - GET /api/act/config/lists
[2018-05-30 15:00:01.843] [INFO] access - POST /api/act/upload
[2018-05-30 15:00:10.614] [INFO] access - POST /api/act/upload
[2018-05-30 15:00:14.835] [INFO] access - POST /api/act/upload
[2018-05-30 15:00:24.418] [INFO] access - POST /api/act/upload
[2018-05-30 15:01:42.662] [WARN] access - GET /api/menu/listsTree
[2018-05-30 15:01:42.704] [WARN] access - GET /api/user/userInfo
[2018-05-30 15:01:42.711] [INFO] access - GET /api/act/tpl/60
[2018-05-30 15:01:42.715] [WARN] access - GET /api/act/config/lists
[2018-05-30 15:01:48.910] [INFO] access - POST /api/act/upload
[2018-05-30 15:01:53.298] [INFO] access - POST /api/act/upload
[2018-05-30 15:02:02.985] [INFO] access - POST /api/act/upload
[2018-05-30 15:14:53.293] [WARN] access - GET /api/menu/listsTree
[2018-05-30 15:14:53.308] [WARN] access - GET /api/user/userInfo
[2018-05-30 15:14:53.320] [INFO] access - GET /api/act/tpl/60
[2018-05-30 15:14:53.323] [WARN] access - GET /api/act/config/lists
[2018-05-30 15:14:59.240] [INFO] access - POST /api/act/upload
[2018-05-30 15:15:08.536] [INFO] access - POST /api/act/upload
[2018-05-30 15:15:23.228] [WARN] access - GET /api/menu/listsTree
[2018-05-30 15:15:23.232] [WARN] access - GET /api/user/userInfo
[2018-05-30 15:15:23.323] [INFO] access - GET /api/act/tpl/60
[2018-05-30 15:15:23.326] [WARN] access - GET /api/act/config/lists
[2018-05-30 15:16:03.883] [WARN] access - GET /api/menu/listsTree
[2018-05-30 15:16:03.886] [WARN] access - GET /api/user/userInfo
[2018-05-30 15:16:03.939] [INFO] access - GET /api/act/tpl/60
[2018-05-30 15:16:03.944] [WARN] access - GET /api/act/config/lists
[2018-05-30 15:16:09.164] [INFO] access - POST /api/act/upload
[2018-05-30 15:16:09.213] [INFO] access - GET /temp/20180530151603/1527664569158.png
[2018-05-30 15:16:12.941] [INFO] access - POST /api/act/upload
[2018-05-30 15:16:22.071] [INFO] access - POST /api/act/upload
[2018-05-30 15:16:22.101] [INFO] access - GET /temp/20180530151603/1527664582065.png
[2018-05-30 15:17:56.391] [WARN] access - GET /api/menu/listsTree
[2018-05-30 15:17:56.418] [WARN] access - GET /api/user/userInfo
[2018-05-30 15:17:56.428] [INFO] access - GET /api/act/tpl/60
[2018-05-30 15:17:56.434] [WARN] access - GET /api/act/config/lists
[2018-05-30 15:18:01.508] [INFO] access - POST /api/act/upload
[2018-05-30 15:18:05.753] [INFO] access - POST /api/act/upload
[2018-05-30 15:18:31.033] [INFO] access - POST /api/act/upload
[2018-05-30 15:19:17.789] [INFO] access - POST /api/act/upload
[2018-05-30 15:20:17.902] [WARN] access - GET /api/menu/listsTree
[2018-05-30 15:20:17.916] [WARN] access - GET /api/user/userInfo
[2018-05-30 15:20:17.938] [INFO] access - GET /api/act/tpl/60
[2018-05-30 15:20:17.942] [WARN] access - GET /api/act/config/lists
[2018-05-30 15:20:24.309] [INFO] access - POST /api/act/upload
[2018-05-30 15:20:27.634] [INFO] access - POST /api/act/upload
[2018-05-30 15:20:35.370] [INFO] access - POST /api/act/upload
[2018-05-30 15:20:40.734] [INFO] access - POST /api/act/upload
[2018-05-30 15:23:31.072] [WARN] access - GET /api/menu/listsTree
[2018-05-30 15:23:31.082] [WARN] access - GET /api/user/userInfo
[2018-05-30 15:23:31.098] [INFO] access - GET /api/act/tpl/60
[2018-05-30 15:23:31.139] [WARN] access - GET /api/act/config/lists
[2018-05-30 15:23:36.463] [INFO] access - POST /api/act/upload
[2018-05-30 15:23:40.527] [INFO] access - POST /api/act/upload
[2018-05-30 15:23:48.192] [INFO] access - POST /api/act/upload
[2018-05-30 15:23:53.579] [INFO] access - POST /api/act/upload
[2018-05-30 15:24:27.124] [INFO] access - POST /api/act/upload
[2018-05-30 15:24:31.761] [INFO] access - POST /api/act/upload
[2018-05-30 15:24:59.535] [INFO] access - POST /api/act/upload
[2018-05-30 15:25:15.162] [INFO] access - POST /api/act/draft
[2018-05-30 15:25:15.551] [INFO] access - GET /api/act/lists?keys=&pageSize=15&pageIndex=1
[2018-05-30 15:25:18.686] [INFO] access - DELETE /api/act/124
[2018-05-30 15:25:18.721] [INFO] access - GET /api/act/lists?keys=&pageSize=15&pageIndex=1
[2018-05-30 15:28:23.793] [INFO] access - GET /api/act/125
[2018-05-30 15:28:23.799] [WARN] access - GET /api/act/config/lists
[2018-05-30 15:37:20.353] [WARN] access - GET /temp/20180530152331/1527665020505.png
[2018-05-30 15:37:20.363] [WARN] access - GET /temp/20180530152331/1527665016458.png
[2018-05-30 15:37:31.165] [WARN] access - GET /temp/20180530152331/1527665016458.png
[2018-05-30 15:37:31.169] [WARN] access - GET /temp/20180530152331/1527665020505.png
[2018-05-30 15:37:33.029] [WARN] access - GET /temp/20180530152331/1527665016458.png
[2018-05-30 15:37:33.034] [WARN] access - GET /temp/20180530152331/1527665020505.png
[2018-05-30 15:37:43.554] [WARN] access - GET /temp/20180530152331/1527665016458.png
[2018-05-30 15:37:43.576] [WARN] access - GET /temp/20180530152331/1527665020505.png
[2018-05-30 15:37:47.177] [WARN] access - GET /temp/20180530152331/1527665016458.png
[2018-05-30 15:37:47.181] [WARN] access - GET /temp/20180530152331/1527665020505.png
[2018-05-30 15:39:26.630] [WARN] access - GET /temp/20180530152331/1527665016458.png
[2018-05-30 15:39:26.634] [WARN] access - GET /temp/20180530152331/1527665020505.png
[2018-05-30 15:39:28.054] [WARN] access - GET /temp/20180530152331/1527665020505.png
[2018-05-30 15:39:28.059] [WARN] access - GET /temp/20180530152331/1527665016458.png
[2018-05-30 15:40:28.236] [WARN] access - GET /temp/20180530152331/1527665016458.png
[2018-05-30 15:40:28.241] [WARN] access - GET /temp/20180530152331/1527665020505.png
[2018-05-30 15:41:36.534] [WARN] access - GET /temp/20180530152331/1527665016458.png
[2018-05-30 15:41:36.541] [WARN] access - GET /temp/20180530152331/1527665020505.png
[2018-05-30 15:42:30.128] [WARN] access - GET /temp/20180530152331/1527665016458.png
[2018-05-30 15:42:30.137] [WARN] access - GET /temp/20180530152331/1527665020505.png
[2018-05-30 15:44:12.502] [WARN] access - GET /api/menu/listsTree
[2018-05-30 15:44:12.533] [WARN] access - GET /api/user/userInfo
[2018-05-30 15:44:12.548] [INFO] access - GET /api/act/125
[2018-05-30 15:44:12.559] [WARN] access - GET /api/act/config/lists
[2018-05-30 15:44:12.806] [WARN] access - GET /temp/20180530152331/1527665016458.png
[2018-05-30 15:44:28.921] [WARN] access - GET /api/menu/listsTree
[2018-05-30 15:44:28.954] [WARN] access - GET /api/user/userInfo
[2018-05-30 15:44:29.002] [INFO] access - GET /api/act/125
[2018-05-30 15:44:29.012] [WARN] access - GET /api/act/config/lists
[2018-05-30 15:44:29.132] [WARN] access - GET /temp/20180530152331/1527665016458.png
[2018-05-30 15:45:06.260] [WARN] access - GET /temp/20180530152331/1527665067116.png
[2018-05-30 15:45:06.265] [WARN] access - GET /temp/20180530152331/1527665099529.png
[2018-05-30 15:45:06.269] [WARN] access - GET /temp/20180530152331/1527665028186.png
[2018-05-30 15:45:42.718] [WARN] access - GET /temp/20180530152331/1527665016458.png
[2018-05-30 15:45:42.725] [WARN] access - GET /temp/20180530152331/1527665020505.png
[2018-05-30 15:46:51.053] [WARN] access - GET /api/menu/listsTree
[2018-05-30 15:46:51.057] [WARN] access - GET /api/user/userInfo
[2018-05-30 15:46:51.103] [INFO] access - GET /api/act/125
[2018-05-30 15:46:51.106] [WARN] access - GET /api/act/config/lists
[2018-05-30 15:46:51.359] [WARN] access - GET /temp/20180530152331/1527665016458.png
[2018-05-30 15:48:53.499] [WARN] access - GET /temp/20180530152331/1527665099529.png
[2018-05-30 15:48:53.504] [WARN] access - GET /temp/20180530152331/1527665067116.png
[2018-05-30 15:48:53.509] [WARN] access - GET /temp/20180530152331/1527665028186.png
[2018-05-30 15:50:24.765] [WARN] access - GET /temp/20180530152331/1527665016458.png
[2018-05-30 15:50:24.775] [WARN] access - GET /temp/20180530152331/1527665020505.png
[2018-05-30 15:50:26.979] [WARN] access - GET /temp/20180530152331/1527665020505.png
[2018-05-30 15:50:26.990] [WARN] access - GET /temp/20180530152331/1527665016458.png
[2018-05-30 15:52:04.344] [WARN] access - GET /temp/20180530152331/1527665016458.png
[2018-05-30 15:52:04.352] [WARN] access - GET /temp/20180530152331/1527665020505.png
[2018-05-30 15:52:32.043] [WARN] access - GET /temp/20180530152331/1527665016458.png
[2018-05-30 15:52:32.066] [WARN] access - GET /temp/20180530152331/1527665020505.png
[2018-05-30 15:54:20.284] [WARN] access - GET /temp/20180530152331/1527665016458.png
[2018-05-30 15:54:20.289] [WARN] access - GET /temp/20180530152331/1527665020505.png
[2018-05-30 16:44:14.473] [WARN] access - GET /api/menu/listsTree
[2018-05-30 16:44:14.537] [WARN] access - GET /api/user/userInfo
[2018-05-30 16:44:14.555] [INFO] access - GET /api/act/125
[2018-05-30 16:44:14.557] [WARN] access - GET /api/act/config/lists
[2018-05-30 16:44:14.917] [WARN] access - GET /temp/20180530152331/1527665016458.png
[2018-05-30 16:44:36.967] [WARN] access - GET /temp/20180530152331/1527665016458.png
[2018-05-30 16:44:36.972] [WARN] access - GET /temp/20180530152331/1527665020505.png
[2018-05-30 16:46:55.270] [WARN] access - GET /temp/20180530152331/1527665016458.png
[2018-05-30 16:46:55.278] [WARN] access - GET /temp/20180530152331/1527665020505.png
[2018-05-30 16:47:27.377] [WARN] access - GET /temp/20180530152331/1527665016458.png
[2018-05-30 16:47:27.384] [WARN] access - GET /temp/20180530152331/1527665020505.png
[2018-05-30 16:47:45.258] [WARN] access - GET /temp/20180530152331/1527665016458.png
[2018-05-30 16:47:45.263] [WARN] access - GET /temp/20180530152331/1527665020505.png
[2018-05-30 16:47:55.412] [WARN] access - GET /temp/20180530152331/1527665020505.png
[2018-05-30 16:47:55.416] [WARN] access - GET /temp/20180530152331/1527665016458.png
[2018-05-30 16:54:39.704] [WARN] access - GET /temp/20180530152331/1527665016458.png
[2018-05-30 16:54:39.711] [WARN] access - GET /temp/20180530152331/1527665020505.png
[2018-05-30 17:03:11.173] [WARN] access - GET /api/menu/listsTree
[2018-05-30 17:03:11.217] [WARN] access - GET /api/user/userInfo
[2018-05-30 17:03:11.268] [WARN] access - GET /api/act/config/lists
[2018-05-30 17:03:11.273] [INFO] access - GET /api/act/125
[2018-05-30 17:04:42.168] [WARN] access - GET /temp/20180530152331/1527665016458.png
[2018-05-30 17:04:45.922] [WARN] access - GET /api/menu/listsTree
[2018-05-30 17:04:45.929] [WARN] access - GET /api/user/userInfo
[2018-05-30 17:04:46.069] [INFO] access - GET /api/act/125
[2018-05-30 17:04:46.072] [WARN] access - GET /api/act/config/lists
[2018-05-30 17:04:46.325] [WARN] access - GET /temp/20180530152331/1527665016458.png
[2018-05-30 17:08:31.950] [WARN] access - GET /api/menu/listsTree
[2018-05-30 17:08:31.955] [WARN] access - GET /api/user/userInfo
[2018-05-30 17:08:32.143] [INFO] access - GET /api/act/125
[2018-05-30 17:08:32.148] [WARN] access - GET /api/act/config/lists
[2018-05-30 17:08:32.349] [WARN] access - GET /temp/20180530152331/1527665016458.png
[2018-05-30 17:08:39.933] [WARN] access - GET /temp/20180530152331/1527665067116.png
[2018-05-30 17:08:39.941] [WARN] access - GET /temp/20180530152331/1527665028186.png
[2018-05-30 17:08:39.944] [WARN] access - GET /temp/20180530152331/1527665099529.png
[2018-05-30 17:11:46.547] [WARN] access - GET /api/menu/listsTree
[2018-05-30 17:11:46.555] [WARN] access - GET /api/user/userInfo
[2018-05-30 17:11:46.638] [INFO] access - GET /api/act/125
[2018-05-30 17:11:46.662] [WARN] access - GET /api/act/config/lists
[2018-05-30 17:11:46.916] [WARN] access - GET /temp/20180530152331/1527665016458.png
[2018-05-30 17:11:50.097] [WARN] access - GET /temp/20180530152331/1527665028186.png
[2018-05-30 17:11:50.101] [WARN] access - GET /temp/20180530152331/1527665067116.png
[2018-05-30 17:11:50.107] [WARN] access - GET /temp/20180530152331/1527665099529.png
[2018-05-30 17:11:50.143] [WARN] access - GET /temp/20180530152331/1527665033573.png
[2018-05-30 17:11:50.148] [WARN] access - GET /temp/20180530152331/1527665071756.png
[2018-05-30 17:14:56.297] [WARN] access - GET /api/menu/listsTree
[2018-05-30 17:14:56.302] [WARN] access - GET /api/user/userInfo
[2018-05-30 17:14:56.342] [INFO] access - GET /api/act/125
[2018-05-30 17:14:56.350] [WARN] access - GET /api/act/config/lists
[2018-05-30 17:14:56.584] [WARN] access - GET /temp/20180530152331/1527665016458.png
[2018-05-30 17:15:34.580] [INFO] access - POST /api/act/draft
[2018-05-30 17:15:34.978] [INFO] access - GET /api/act/lists?keys=&pageSize=15&pageIndex=1
[2018-05-30 17:15:37.477] [INFO] access - GET /api/act/125
[2018-05-30 17:15:37.482] [WARN] access - GET /api/act/config/lists
[2018-05-30 17:15:39.820] [WARN] access - GET /temp/20180530152331/1527665099529.png
[2018-05-30 17:15:39.825] [WARN] access - GET /temp/20180530152331/1527665033573.png
[2018-05-30 17:15:39.830] [WARN] access - GET /temp/20180530152331/1527665071756.png
[2018-05-30 17:15:39.834] [WARN] access - GET /temp/20180530152331/1527665028186.png
[2018-05-30 17:15:39.838] [WARN] access - GET /temp/20180530152331/1527665067116.png
[2018-05-30 17:15:51.652] [INFO] access - POST /api/act/draft
[2018-05-30 17:15:51.959] [INFO] access - GET /api/act/lists?keys=&pageSize=15&pageIndex=1
[2018-05-30 17:15:53.587] [INFO] access - GET /api/act/125
[2018-05-30 17:15:53.594] [WARN] access - GET /api/act/config/lists
[2018-05-30 17:17:14.285] [WARN] access - GET /temp/20180530152331/1527665016458.png
[2018-05-30 17:17:14.298] [WARN] access - GET /temp/20180530152331/1527665020505.png
[2018-05-30 17:19:06.801] [WARN] access - GET /temp/20180530152331/1527665016458.png
[2018-05-30 17:19:06.809] [WARN] access - GET /temp/20180530152331/1527665020505.png
[2018-05-30 17:20:58.594] [WARN] access - GET /temp/20180530152331/1527665016458.png
[2018-05-30 17:20:58.598] [WARN] access - GET /temp/20180530152331/1527665020505.png
[2018-05-30 17:21:08.855] [WARN] access - GET /temp/20180530152331/1527665016458.png
[2018-05-30 17:21:08.868] [WARN] access - GET /temp/20180530152331/1527665020505.png
[2018-05-30 17:21:11.462] [WARN] access - GET /temp/20180530152331/1527665016458.png
[2018-05-30 17:21:11.471] [WARN] access - GET /temp/20180530152331/1527665020505.png
[2018-05-30 17:22:51.544] [WARN] access - GET /temp/20180530152331/1527665016458.png
[2018-05-30 17:22:51.550] [WARN] access - GET /temp/20180530152331/1527665020505.png
[2018-05-30 17:23:46.442] [WARN] access - GET /temp/20180530152331/1527665016458.png
[2018-05-30 17:23:46.445] [WARN] access - GET /temp/20180530152331/1527665020505.png
[2018-05-30 17:25:51.257] [WARN] access - GET /temp/20180530152331/1527665016458.png
[2018-05-30 17:25:51.265] [WARN] access - GET /temp/20180530152331/1527665020505.png
[2018-05-30 17:26:30.881] [WARN] access - GET /temp/20180530152331/1527665016458.png
[2018-05-30 17:26:30.886] [WARN] access - GET /temp/20180530152331/1527665020505.png
[2018-05-30 17:27:11.500] [WARN] access - GET /temp/20180530152331/1527665016458.png
[2018-05-30 17:27:11.506] [WARN] access - GET /temp/20180530152331/1527665020505.png
[2018-05-30 17:27:17.794] [WARN] access - GET /temp/20180530152331/1527665016458.png
[2018-05-30 17:27:17.800] [WARN] access - GET /temp/20180530152331/1527665020505.png
[2018-05-30 17:27:18.617] [WARN] access - GET /temp/20180530152331/1527665016458.png
[2018-05-30 17:27:18.628] [WARN] access - GET /temp/20180530152331/1527665020505.png
[2018-05-30 17:27:55.066] [WARN] access - GET /temp/20180530152331/1527665016458.png
[2018-05-30 17:27:55.074] [WARN] access - GET /temp/20180530152331/1527665020505.png
[2018-05-30 17:40:17.466] [WARN] access - GET /temp/20180530152331/1527665016458.png
[2018-05-30 17:40:17.472] [WARN] access - GET /temp/20180530152331/1527665020505.png
[2018-05-30 17:41:21.060] [WARN] access - GET /temp/20180530152331/1527665016458.png
[2018-05-30 17:41:21.065] [WARN] access - GET /temp/20180530152331/1527665020505.png
[2018-05-30 17:41:31.083] [WARN] access - GET /temp/20180530152331/1527665016458.png
[2018-05-30 17:41:31.090] [WARN] access - GET /temp/20180530152331/1527665020505.png
[2018-05-30 18:22:28.695] [WARN] access - GET /temp/20180530152331/1527665020505.png
[2018-05-30 18:22:28.699] [WARN] access - GET /temp/20180530152331/1527665016458.png
[2018-05-30 18:22:39.372] [WARN] access - GET /temp/20180530152331/1527665016458.png
[2018-05-30 18:22:39.376] [WARN] access - GET /temp/20180530152331/1527665020505.png
