[2018-01-16 10:11:47.543] [WARN] access - GET /temp/20180115183813/fail_con_1516014822738.png
[2018-01-16 10:11:47.551] [WARN] access - GET /temp/20180115183813/close_1516014813185.png
[2018-01-16 10:11:47.552] [WARN] access - GET /temp/20180115183813/alertbtn_bg_1516014848503.png
[2018-01-16 10:11:47.554] [WARN] access - GET /temp/20180115183813/bg_1516014797912.jpg
[2018-01-16 10:11:48.818] [WARN] access - GET /temp/20180115183813/close_1516014813185.png
[2018-01-16 10:11:48.819] [WARN] access - GET /temp/20180115183813/fail_con_1516014822738.png
[2018-01-16 10:11:48.821] [WARN] access - GET /temp/20180115183813/alertbtn_bg_1516014848503.png
[2018-01-16 10:11:48.842] [WARN] access - GET /temp/20180115183813/bg_1516014797912.jpg
[2018-01-16 10:11:49.950] [WARN] access - GET /temp/20180115183813/close_1516014813185.png
[2018-01-16 10:11:49.955] [WARN] access - GET /temp/20180115183813/fail_con_1516014822738.png
[2018-01-16 10:11:49.956] [WARN] access - GET /temp/20180115183813/alertbtn_bg_1516014848503.png
[2018-01-16 10:11:49.965] [WARN] access - GET /temp/20180115183813/bg_1516014797912.jpg
[2018-01-16 10:15:00.523] [WARN] access - GET /temp/20180115183813/close_1516014813185.png
[2018-01-16 10:15:00.527] [WARN] access - GET /temp/20180115183813/fail_con_1516014822738.png
[2018-01-16 10:15:00.528] [WARN] access - GET /temp/20180115183813/bg_1516014797912.jpg
[2018-01-16 10:15:00.532] [WARN] access - GET /temp/20180115183813/alertbtn_bg_1516014848503.png
[2018-01-16 10:23:03.646] [WARN] access - GET /temp/20180115183813/close_1516014813185.png
[2018-01-16 10:23:03.648] [WARN] access - GET /temp/20180115183813/fail_con_1516014822738.png
[2018-01-16 10:23:03.649] [WARN] access - GET /temp/20180115183813/bg_1516014797912.jpg
[2018-01-16 10:23:03.659] [WARN] access - GET /temp/20180115183813/alertbtn_bg_1516014848503.png
[2018-01-16 10:26:17.745] [WARN] access - GET /temp/20180115183813/close_1516014813185.png
[2018-01-16 10:26:17.748] [WARN] access - GET /temp/20180115183813/fail_con_1516014822738.png
[2018-01-16 10:26:17.751] [WARN] access - GET /temp/20180115183813/alertbtn_bg_1516014848503.png
[2018-01-16 10:26:17.754] [WARN] access - GET /temp/20180115183813/bg_1516014797912.jpg
[2018-01-16 10:26:52.516] [WARN] access - GET /temp/20180115183813/close_1516014813185.png
[2018-01-16 10:26:52.517] [WARN] access - GET /temp/20180115183813/fail_con_1516014822738.png
[2018-01-16 10:26:52.532] [WARN] access - GET /temp/20180115183813/alertbtn_bg_1516014848503.png
[2018-01-16 10:26:52.533] [WARN] access - GET /temp/20180115183813/bg_1516014797912.jpg
[2018-01-16 10:31:48.306] [WARN] access - GET /temp/20180115183813/close_1516014813185.png
[2018-01-16 10:31:48.307] [WARN] access - GET /temp/20180115183813/fail_con_1516014822738.png
[2018-01-16 10:31:48.321] [WARN] access - GET /temp/20180115183813/bg_1516014797912.jpg
[2018-01-16 10:31:48.323] [WARN] access - GET /temp/20180115183813/alertbtn_bg_1516014848503.png
[2018-01-16 10:33:59.451] [WARN] access - GET /temp/20180115183813/close_1516014813185.png
[2018-01-16 10:33:59.456] [WARN] access - GET /temp/20180115183813/fail_con_1516014822738.png
[2018-01-16 10:33:59.458] [WARN] access - GET /temp/20180115183813/alertbtn_bg_1516014848503.png
[2018-01-16 10:33:59.496] [WARN] access - GET /temp/20180115183813/bg_1516014797912.jpg
[2018-01-16 10:36:44.278] [WARN] access - GET /temp/20180115183813/close_1516014813185.png
[2018-01-16 10:36:44.280] [WARN] access - GET /temp/20180115183813/fail_con_1516014822738.png
[2018-01-16 10:36:44.307] [WARN] access - GET /temp/20180115183813/bg_1516014797912.jpg
[2018-01-16 10:36:44.308] [WARN] access - GET /temp/20180115183813/alertbtn_bg_1516014848503.png
[2018-01-16 10:37:17.894] [WARN] access - GET /temp/20180115183813/close_1516014813185.png
[2018-01-16 10:37:17.896] [WARN] access - GET /temp/20180115183813/fail_con_1516014822738.png
[2018-01-16 10:37:17.908] [WARN] access - GET /temp/20180115183813/bg_1516014797912.jpg
[2018-01-16 10:37:17.914] [WARN] access - GET /temp/20180115183813/alertbtn_bg_1516014848503.png
[2018-01-16 10:37:42.167] [WARN] access - GET /temp/20180115183813/close_1516014813185.png
[2018-01-16 10:37:42.168] [WARN] access - GET /temp/20180115183813/fail_con_1516014822738.png
[2018-01-16 10:37:42.173] [WARN] access - GET /temp/20180115183813/alertbtn_bg_1516014848503.png
[2018-01-16 10:37:42.174] [WARN] access - GET /temp/20180115183813/bg_1516014797912.jpg
[2018-01-16 10:37:43.489] [WARN] access - GET /temp/20180115183813/close_1516014813185.png
[2018-01-16 10:37:43.489] [WARN] access - GET /temp/20180115183813/fail_con_1516014822738.png
[2018-01-16 10:37:43.490] [WARN] access - GET /temp/20180115183813/alertbtn_bg_1516014848503.png
[2018-01-16 10:37:43.507] [WARN] access - GET /temp/20180115183813/bg_1516014797912.jpg
[2018-01-16 10:39:49.518] [WARN] access - GET /temp/20180115183813/close_1516014813185.png
[2018-01-16 10:39:49.519] [WARN] access - GET /temp/20180115183813/fail_con_1516014822738.png
[2018-01-16 10:39:49.544] [WARN] access - GET /temp/20180115183813/alertbtn_bg_1516014848503.png
[2018-01-16 10:39:49.544] [WARN] access - GET /temp/20180115183813/bg_1516014797912.jpg
[2018-01-16 10:40:16.026] [WARN] access - GET /temp/20180115183813/close_1516014813185.png
[2018-01-16 10:40:16.029] [WARN] access - GET /temp/20180115183813/fail_con_1516014822738.png
[2018-01-16 10:40:16.032] [WARN] access - GET /temp/20180115183813/alertbtn_bg_1516014848503.png
[2018-01-16 10:40:16.035] [WARN] access - GET /temp/20180115183813/bg_1516014797912.jpg
[2018-01-16 10:46:50.591] [WARN] access - GET /temp/20180115183813/close_1516014813185.png
[2018-01-16 10:46:50.594] [WARN] access - GET /temp/20180115183813/fail_con_1516014822738.png
[2018-01-16 10:46:50.606] [WARN] access - GET /temp/20180115183813/alertbtn_bg_1516014848503.png
[2018-01-16 10:46:50.608] [WARN] access - GET /temp/20180115183813/bg_1516014797912.jpg
[2018-01-16 10:54:24.737] [WARN] access - GET /temp/20180115183813/close_1516014813185.png
[2018-01-16 10:54:24.742] [WARN] access - GET /temp/20180115183813/fail_con_1516014822738.png
[2018-01-16 10:54:24.751] [WARN] access - GET /temp/20180115183813/alertbtn_bg_1516014848503.png
[2018-01-16 10:54:24.752] [WARN] access - GET /temp/20180115183813/bg_1516014797912.jpg
[2018-01-16 10:54:50.019] [WARN] access - GET /temp/20180115183813/close_1516014813185.png
[2018-01-16 10:54:50.020] [WARN] access - GET /temp/20180115183813/fail_con_1516014822738.png
[2018-01-16 10:54:50.021] [WARN] access - GET /temp/20180115183813/alertbtn_bg_1516014848503.png
[2018-01-16 10:54:50.033] [WARN] access - GET /temp/20180115183813/bg_1516014797912.jpg
[2018-01-16 10:55:19.055] [WARN] access - GET /temp/20180115183813/close_1516014813185.png
[2018-01-16 10:55:19.056] [WARN] access - GET /temp/20180115183813/fail_con_1516014822738.png
[2018-01-16 10:55:19.065] [WARN] access - GET /temp/20180115183813/alertbtn_bg_1516014848503.png
[2018-01-16 10:55:19.066] [WARN] access - GET /temp/20180115183813/bg_1516014797912.jpg
[2018-01-16 10:56:07.759] [WARN] access - GET /temp/20180115183813/close_1516014813185.png
[2018-01-16 10:56:07.760] [WARN] access - GET /temp/20180115183813/fail_con_1516014822738.png
[2018-01-16 10:56:07.770] [WARN] access - GET /temp/20180115183813/bg_1516014797912.jpg
[2018-01-16 10:56:07.771] [WARN] access - GET /temp/20180115183813/alertbtn_bg_1516014848503.png
[2018-01-16 10:56:15.881] [WARN] access - GET /temp/20180115183813/close_1516014813185.png
[2018-01-16 10:56:15.882] [WARN] access - GET /temp/20180115183813/fail_con_1516014822738.png
[2018-01-16 10:56:15.883] [WARN] access - GET /temp/20180115183813/bg_1516014797912.jpg
[2018-01-16 10:56:15.895] [WARN] access - GET /temp/20180115183813/alertbtn_bg_1516014848503.png
[2018-01-16 10:56:39.211] [INFO] access - POST /api/signin
[2018-01-16 10:56:39.301] [WARN] access - GET /api/user/userInfo
[2018-01-16 10:56:39.305] [WARN] access - GET /api/menu/listsTree
[2018-01-16 10:56:44.511] [WARN] access - GET /api/act/lists?keys=&pageSize=15&pageIndex=1
[2018-01-16 10:56:47.359] [WARN] access - GET /api/act/tpl/lists
[2018-01-16 10:56:47.412] [WARN] access - GET /images/act_tpl_image/1515743075801.png
[2018-01-16 10:56:47.418] [WARN] access - GET /images/act_tpl_image/1515989069760.png
[2018-01-16 10:56:47.424] [WARN] access - GET /images/act_tpl_image/1515745735194.png
[2018-01-16 10:56:47.430] [WARN] access - GET /images/act_tpl_image/1515638582004.png
[2018-01-16 10:56:53.206] [INFO] access - GET /api/act/tpl/41
[2018-01-16 10:57:18.479] [INFO] access - POST /api/act/upload
[2018-01-16 10:57:46.768] [INFO] access - POST /api/act/upload
[2018-01-16 11:02:26.012] [WARN] access - GET /temp/20180115183813/close_1516014813185.png
[2018-01-16 11:02:26.032] [WARN] access - GET /temp/20180115183813/fail_con_1516014822738.png
[2018-01-16 11:02:26.040] [WARN] access - GET /temp/20180115183813/bg_1516014797912.jpg
[2018-01-16 11:02:26.050] [WARN] access - GET /temp/20180115183813/alertbtn_bg_1516014848503.png
[2018-01-16 11:02:27.396] [WARN] access - GET /temp/20180115183813/close_1516014813185.png
[2018-01-16 11:02:27.401] [WARN] access - GET /temp/20180115183813/fail_con_1516014822738.png
[2018-01-16 11:02:27.406] [WARN] access - GET /temp/20180115183813/alertbtn_bg_1516014848503.png
[2018-01-16 11:02:27.418] [WARN] access - GET /temp/20180115183813/bg_1516014797912.jpg
[2018-01-16 11:04:28.891] [WARN] access - GET /temp/20180115183813/close_1516014813185.png
[2018-01-16 11:04:28.901] [WARN] access - GET /temp/20180115183813/fail_con_1516014822738.png
[2018-01-16 11:04:28.906] [WARN] access - GET /temp/20180115183813/alertbtn_bg_1516014848503.png
[2018-01-16 11:04:28.924] [WARN] access - GET /temp/20180115183813/bg_1516014797912.jpg
[2018-01-16 11:04:32.509] [WARN] access - GET /temp/20180115183813/close_1516014813185.png
[2018-01-16 11:04:32.523] [WARN] access - GET /temp/20180115183813/fail_con_1516014822738.png
[2018-01-16 11:04:32.528] [WARN] access - GET /temp/20180115183813/alertbtn_bg_1516014848503.png
[2018-01-16 11:04:32.535] [WARN] access - GET /temp/20180115183813/bg_1516014797912.jpg
[2018-01-16 11:06:04.925] [WARN] access - GET /temp/20180116105653/alertbtn_bg_1516071438472.png
[2018-01-16 11:06:04.931] [WARN] access - GET /temp/20180116105653/bg_1516071466759.jpg
[2018-01-16 11:06:17.229] [WARN] access - GET /temp/20180116105653/alertbtn_bg_1516071438472.png
[2018-01-16 11:06:17.237] [WARN] access - GET /temp/20180116105653/bg_1516071466759.jpg
[2018-01-16 11:06:26.817] [WARN] access - GET /temp/20180116105653/alertbtn_bg_1516071438472.png
[2018-01-16 11:06:26.824] [WARN] access - GET /temp/20180116105653/bg_1516071466759.jpg
[2018-01-16 11:06:29.111] [WARN] access - GET /temp/20180116105653/alertbtn_bg_1516071438472.png
[2018-01-16 11:06:29.131] [WARN] access - GET /temp/20180116105653/bg_1516071466759.jpg
[2018-01-16 11:06:47.206] [WARN] access - GET /temp/20180116105653/alertbtn_bg_1516071438472.png
[2018-01-16 11:06:47.213] [WARN] access - GET /temp/20180116105653/bg_1516071466759.jpg
[2018-01-16 11:06:55.047] [WARN] access - GET /temp/20180116105653/alertbtn_bg_1516071438472.png
[2018-01-16 11:06:55.059] [WARN] access - GET /temp/20180116105653/bg_1516071466759.jpg
[2018-01-16 11:07:29.328] [WARN] access - GET /temp/20180116105653/alertbtn_bg_1516071438472.png
[2018-01-16 11:07:29.332] [WARN] access - GET /temp/20180116105653/bg_1516071466759.jpg
[2018-01-16 11:08:17.015] [WARN] access - GET /temp/20180116105653/alertbtn_bg_1516071438472.png
[2018-01-16 11:08:17.023] [WARN] access - GET /temp/20180116105653/bg_1516071466759.jpg
[2018-01-16 11:08:35.569] [WARN] access - GET /temp/20180116105653/alertbtn_bg_1516071438472.png
[2018-01-16 11:08:35.574] [WARN] access - GET /temp/20180116105653/bg_1516071466759.jpg
[2018-01-16 11:09:01.868] [WARN] access - GET /temp/20180116105653/alertbtn_bg_1516071438472.png
[2018-01-16 11:09:01.875] [WARN] access - GET /temp/20180116105653/bg_1516071466759.jpg
[2018-01-16 11:09:02.968] [WARN] access - GET /temp/20180116105653/alertbtn_bg_1516071438472.png
[2018-01-16 11:09:02.973] [WARN] access - GET /temp/20180116105653/bg_1516071466759.jpg
[2018-01-16 11:15:20.328] [WARN] access - GET /temp/20180116105653/alertbtn_bg_1516071438472.png
[2018-01-16 11:15:20.333] [WARN] access - GET /temp/20180116105653/bg_1516071466759.jpg
[2018-01-16 11:17:15.975] [WARN] access - GET /temp/20180116105653/alertbtn_bg_1516071438472.png
[2018-01-16 11:17:15.980] [WARN] access - GET /temp/20180116105653/bg_1516071466759.jpg
[2018-01-16 11:24:10.303] [WARN] access - GET /temp/20180116105653/alertbtn_bg_1516071438472.png
[2018-01-16 11:24:10.310] [WARN] access - GET /temp/20180116105653/bg_1516071466759.jpg
[2018-01-16 11:26:09.955] [WARN] access - GET /temp/20180116105653/alertbtn_bg_1516071438472.png
[2018-01-16 11:26:09.961] [WARN] access - GET /temp/20180116105653/bg_1516071466759.jpg
[2018-01-16 11:26:14.574] [WARN] access - GET /temp/20180116105653/alertbtn_bg_1516071438472.png
[2018-01-16 11:26:14.582] [WARN] access - GET /temp/20180116105653/bg_1516071466759.jpg
[2018-01-16 11:26:20.319] [WARN] access - GET /temp/20180116105653/alertbtn_bg_1516071438472.png
[2018-01-16 11:26:20.326] [WARN] access - GET /temp/20180116105653/bg_1516071466759.jpg
[2018-01-16 11:26:20.938] [WARN] access - GET /temp/20180116105653/alertbtn_bg_1516071438472.png
[2018-01-16 11:26:20.942] [WARN] access - GET /temp/20180116105653/bg_1516071466759.jpg
[2018-01-16 11:36:48.862] [WARN] access - GET /temp/20180116105653/alertbtn_bg_1516071438472.png
[2018-01-16 11:36:48.866] [WARN] access - GET /temp/20180116105653/bg_1516071466759.jpg
[2018-01-16 14:01:31.540] [WARN] access - GET /temp/20180116105653/alertbtn_bg_1516071438472.png
[2018-01-16 14:01:31.546] [WARN] access - GET /temp/20180116105653/bg_1516071466759.jpg
[2018-01-16 14:02:23.265] [WARN] access - GET /temp/20180116105653/alertbtn_bg_1516071438472.png
[2018-01-16 14:02:23.275] [WARN] access - GET /temp/20180116105653/bg_1516071466759.jpg
[2018-01-16 14:02:51.700] [WARN] access - GET /temp/20180116105653/alertbtn_bg_1516071438472.png
[2018-01-16 14:02:51.708] [WARN] access - GET /temp/20180116105653/bg_1516071466759.jpg
[2018-01-16 14:03:33.849] [WARN] access - GET /temp/20180116105653/alertbtn_bg_1516071438472.png
[2018-01-16 14:03:33.856] [WARN] access - GET /temp/20180116105653/bg_1516071466759.jpg
[2018-01-16 14:04:56.036] [WARN] access - GET /temp/20180116105653/alertbtn_bg_1516071438472.png
[2018-01-16 14:04:56.043] [WARN] access - GET /temp/20180116105653/bg_1516071466759.jpg
[2018-01-16 14:11:32.394] [WARN] access - GET /temp/20180116105653/alertbtn_bg_1516071438472.png
[2018-01-16 14:11:32.398] [WARN] access - GET /temp/20180116105653/bg_1516071466759.jpg
[2018-01-16 14:17:57.602] [WARN] access - GET /temp/20180116105653/alertbtn_bg_1516071438472.png
[2018-01-16 14:17:57.607] [WARN] access - GET /temp/20180116105653/bg_1516071466759.jpg
[2018-01-16 14:18:48.710] [WARN] access - GET /temp/20180116105653/alertbtn_bg_1516071438472.png
[2018-01-16 14:18:48.726] [WARN] access - GET /temp/20180116105653/bg_1516071466759.jpg
[2018-01-16 14:18:52.310] [WARN] access - GET /temp/20180116105653/alertbtn_bg_1516071438472.png
[2018-01-16 14:18:52.318] [WARN] access - GET /temp/20180116105653/bg_1516071466759.jpg
[2018-01-16 14:19:32.866] [WARN] access - GET /temp/20180116105653/alertbtn_bg_1516071438472.png
[2018-01-16 14:19:32.870] [WARN] access - GET /temp/20180116105653/bg_1516071466759.jpg
[2018-01-16 14:24:26.742] [WARN] access - GET /temp/20180116105653/alertbtn_bg_1516071438472.png
[2018-01-16 14:24:26.749] [WARN] access - GET /temp/20180116105653/bg_1516071466759.jpg
[2018-01-16 14:25:23.600] [WARN] access - GET /temp/20180116105653/alertbtn_bg_1516071438472.png
[2018-01-16 14:25:23.606] [WARN] access - GET /temp/20180116105653/bg_1516071466759.jpg
[2018-01-16 14:25:25.808] [WARN] access - GET /temp/20180116105653/alertbtn_bg_1516071438472.png
[2018-01-16 14:25:25.813] [WARN] access - GET /temp/20180116105653/bg_1516071466759.jpg
[2018-01-16 14:26:23.443] [WARN] access - GET /temp/20180116105653/alertbtn_bg_1516071438472.png
[2018-01-16 14:26:23.447] [WARN] access - GET /temp/20180116105653/bg_1516071466759.jpg
[2018-01-16 14:26:26.394] [WARN] access - GET /temp/20180116105653/alertbtn_bg_1516071438472.png
[2018-01-16 14:26:26.403] [WARN] access - GET /temp/20180116105653/bg_1516071466759.jpg
[2018-01-16 14:27:00.993] [WARN] access - GET /temp/20180116105653/alertbtn_bg_1516071438472.png
[2018-01-16 14:27:00.998] [WARN] access - GET /temp/20180116105653/bg_1516071466759.jpg
[2018-01-16 14:27:19.936] [WARN] access - GET /temp/20180116105653/alertbtn_bg_1516071438472.png
[2018-01-16 14:27:19.942] [WARN] access - GET /temp/20180116105653/bg_1516071466759.jpg
[2018-01-16 14:27:41.194] [WARN] access - GET /temp/20180116105653/alertbtn_bg_1516071438472.png
[2018-01-16 14:27:41.199] [WARN] access - GET /temp/20180116105653/bg_1516071466759.jpg
[2018-01-16 14:27:44.597] [WARN] access - GET /temp/20180116105653/alertbtn_bg_1516071438472.png
[2018-01-16 14:27:44.602] [WARN] access - GET /temp/20180116105653/bg_1516071466759.jpg
[2018-01-16 14:27:50.687] [WARN] access - GET /temp/20180116105653/alertbtn_bg_1516071438472.png
[2018-01-16 14:27:50.693] [WARN] access - GET /temp/20180116105653/bg_1516071466759.jpg
[2018-01-16 14:28:54.427] [WARN] access - GET /temp/20180116105653/alertbtn_bg_1516071438472.png
[2018-01-16 14:28:54.434] [WARN] access - GET /temp/20180116105653/bg_1516071466759.jpg
[2018-01-16 14:31:54.465] [WARN] access - GET /temp/20180116105653/alertbtn_bg_1516071438472.png
[2018-01-16 14:31:54.470] [WARN] access - GET /temp/20180116105653/bg_1516071466759.jpg
[2018-01-16 14:31:56.583] [WARN] access - GET /temp/20180116105653/alertbtn_bg_1516071438472.png
[2018-01-16 14:31:56.588] [WARN] access - GET /temp/20180116105653/bg_1516071466759.jpg
[2018-01-16 14:32:57.108] [WARN] access - GET /temp/20180116105653/alertbtn_bg_1516071438472.png
[2018-01-16 14:32:57.116] [WARN] access - GET /temp/20180116105653/bg_1516071466759.jpg
[2018-01-16 14:33:10.837] [WARN] access - GET /temp/20180116105653/alertbtn_bg_1516071438472.png
[2018-01-16 14:33:10.842] [WARN] access - GET /temp/20180116105653/bg_1516071466759.jpg
[2018-01-16 14:34:25.567] [WARN] access - GET /temp/20180116105653/alertbtn_bg_1516071438472.png
[2018-01-16 14:34:25.575] [WARN] access - GET /temp/20180116105653/bg_1516071466759.jpg
[2018-01-16 14:34:53.365] [WARN] access - GET /temp/20180116105653/alertbtn_bg_1516071438472.png
[2018-01-16 14:34:53.370] [WARN] access - GET /temp/20180116105653/bg_1516071466759.jpg
[2018-01-16 14:50:17.967] [WARN] access - GET /temp/20180116105653/alertbtn_bg_1516071438472.png
[2018-01-16 14:50:17.973] [WARN] access - GET /temp/20180116105653/bg_1516071466759.jpg
[2018-01-16 15:26:00.857] [WARN] access - GET /temp/20180116105653/alertbtn_bg_1516071438472.png
[2018-01-16 15:26:00.862] [WARN] access - GET /temp/20180116105653/bg_1516071466759.jpg
[2018-01-16 15:39:46.377] [WARN] access - GET /temp/20180116105653/alertbtn_bg_1516071438472.png
[2018-01-16 15:39:46.383] [WARN] access - GET /temp/20180116105653/bg_1516071466759.jpg
[2018-01-16 15:41:58.958] [WARN] access - GET /temp/20180116105653/alertbtn_bg_1516071438472.png
[2018-01-16 15:41:58.962] [WARN] access - GET /temp/20180116105653/bg_1516071466759.jpg
[2018-01-16 15:42:54.908] [WARN] access - GET /temp/20180116105653/alertbtn_bg_1516071438472.png
[2018-01-16 15:42:54.916] [WARN] access - GET /temp/20180116105653/bg_1516071466759.jpg
[2018-01-16 15:45:02.052] [WARN] access - GET /temp/20180116105653/alertbtn_bg_1516071438472.png
[2018-01-16 15:45:02.059] [WARN] access - GET /temp/20180116105653/bg_1516071466759.jpg
[2018-01-16 15:45:22.349] [WARN] access - GET /temp/20180116105653/alertbtn_bg_1516071438472.png
[2018-01-16 15:45:22.355] [WARN] access - GET /temp/20180116105653/bg_1516071466759.jpg
[2018-01-16 15:46:07.523] [WARN] access - GET /temp/20180116105653/alertbtn_bg_1516071438472.png
[2018-01-16 15:46:07.532] [WARN] access - GET /temp/20180116105653/bg_1516071466759.jpg
[2018-01-16 15:49:32.673] [WARN] access - GET /temp/20180116105653/alertbtn_bg_1516071438472.png
[2018-01-16 15:49:32.679] [WARN] access - GET /temp/20180116105653/bg_1516071466759.jpg
[2018-01-16 15:50:07.866] [WARN] access - GET /temp/20180116105653/alertbtn_bg_1516071438472.png
[2018-01-16 15:50:07.872] [WARN] access - GET /temp/20180116105653/bg_1516071466759.jpg
[2018-01-16 15:52:04.862] [WARN] access - GET /temp/20180116105653/alertbtn_bg_1516071438472.png
[2018-01-16 15:52:04.868] [WARN] access - GET /temp/20180116105653/bg_1516071466759.jpg
[2018-01-16 15:52:22.650] [WARN] access - GET /temp/20180116105653/alertbtn_bg_1516071438472.png
[2018-01-16 15:52:22.654] [WARN] access - GET /temp/20180116105653/bg_1516071466759.jpg
[2018-01-16 16:00:30.203] [WARN] access - GET /temp/20180116105653/alertbtn_bg_1516071438472.png
[2018-01-16 16:00:30.210] [WARN] access - GET /temp/20180116105653/bg_1516071466759.jpg
[2018-01-16 16:00:31.824] [WARN] access - GET /temp/20180116105653/alertbtn_bg_1516071438472.png
[2018-01-16 16:00:31.829] [WARN] access - GET /temp/20180116105653/bg_1516071466759.jpg
[2018-01-16 16:02:35.915] [WARN] access - GET /temp/20180116105653/alertbtn_bg_1516071438472.png
[2018-01-16 16:02:35.921] [WARN] access - GET /temp/20180116105653/bg_1516071466759.jpg
[2018-01-16 16:02:38.146] [WARN] access - GET /temp/20180116105653/alertbtn_bg_1516071438472.png
[2018-01-16 16:02:38.152] [WARN] access - GET /temp/20180116105653/bg_1516071466759.jpg
[2018-01-16 16:02:39.787] [WARN] access - GET /temp/20180116105653/alertbtn_bg_1516071438472.png
[2018-01-16 16:02:39.793] [WARN] access - GET /temp/20180116105653/bg_1516071466759.jpg
[2018-01-16 16:04:50.413] [WARN] access - GET /temp/20180116105653/alertbtn_bg_1516071438472.png
[2018-01-16 16:04:50.419] [WARN] access - GET /temp/20180116105653/bg_1516071466759.jpg
[2018-01-16 16:10:46.681] [WARN] access - GET /api/menu/listsTree
[2018-01-16 16:10:46.690] [WARN] access - GET /api/user/userInfo
[2018-01-16 16:10:46.695] [INFO] access - GET /api/act/tpl/41
[2018-01-16 16:12:06.816] [WARN] access - GET /api/act/lists?keys=&pageSize=15&pageIndex=1
[2018-01-16 16:12:10.443] [INFO] access - GET /api/act/79
[2018-01-16 16:12:10.698] [WARN] access - GET /temp/20180112151957/close_1515741616680.png
[2018-01-16 16:12:10.711] [WARN] access - GET /temp/20180112165020/submit_1515747039853.jpg
[2018-01-16 16:14:30.672] [WARN] access - GET /api/menu/listsTree
[2018-01-16 16:14:30.685] [WARN] access - GET /api/user/userInfo
[2018-01-16 16:14:30.689] [INFO] access - GET /api/act/79
[2018-01-16 16:14:31.141] [WARN] access - GET /temp/20180112151957/close_1515741616680.png
[2018-01-16 16:14:31.146] [WARN] access - GET /temp/20180112165020/submit_1515747039853.jpg
[2018-01-16 16:41:33.629] [WARN] access - GET /api/act/tpl/lists
[2018-01-16 16:41:33.721] [WARN] access - GET /images/act_tpl_image/1515989069760.png
[2018-01-16 16:41:33.738] [WARN] access - GET /images/act_tpl_image/1515745735194.png
[2018-01-16 16:41:33.750] [WARN] access - GET /images/act_tpl_image/1515743075801.png
[2018-01-16 16:41:33.759] [WARN] access - GET /images/act_tpl_image/1515638582004.png
[2018-01-16 16:44:04.772] [WARN] access - GET /temp/20180116105653/alertbtn_bg_1516071438472.png
[2018-01-16 16:44:04.784] [WARN] access - GET /temp/20180116105653/bg_1516071466759.jpg
[2018-01-16 16:50:30.440] [INFO] access - GET /api/act/tpl/41
[2018-01-16 17:01:14.951] [WARN] access - GET /api/act/tpl/lists
[2018-01-16 17:01:19.561] [INFO] access - GET /api/act/tpl/39
[2018-01-16 17:01:53.447] [WARN] access - GET /api/menu/listsTree
[2018-01-16 17:01:53.452] [WARN] access - GET /api/user/userInfo
[2018-01-16 17:01:53.466] [INFO] access - GET /api/act/tpl/39
[2018-01-16 17:03:01.200] [WARN] access - GET /api/menu/listsTree
[2018-01-16 17:03:01.208] [WARN] access - GET /api/user/userInfo
[2018-01-16 17:03:01.212] [INFO] access - GET /api/act/tpl/39
[2018-01-16 17:03:23.705] [WARN] access - GET /api/menu/listsTree
[2018-01-16 17:03:23.710] [WARN] access - GET /api/user/userInfo
[2018-01-16 17:03:23.723] [INFO] access - GET /api/act/tpl/39
[2018-01-16 17:05:34.020] [WARN] access - GET /api/menu/listsTree
[2018-01-16 17:05:34.046] [WARN] access - GET /api/user/userInfo
[2018-01-16 17:05:34.070] [INFO] access - GET /api/act/tpl/39
[2018-01-16 17:06:03.335] [WARN] access - GET /api/menu/listsTree
[2018-01-16 17:06:03.347] [WARN] access - GET /api/user/userInfo
[2018-01-16 17:06:03.362] [INFO] access - GET /api/act/tpl/39
[2018-01-16 17:38:15.458] [WARN] access - GET /temp/20180116105653/alertbtn_bg_1516071438472.png
[2018-01-16 17:38:15.465] [WARN] access - GET /temp/20180116105653/bg_1516071466759.jpg
[2018-01-16 17:38:37.935] [WARN] access - GET /temp/20180116105653/alertbtn_bg_1516071438472.png
[2018-01-16 17:38:37.939] [WARN] access - GET /temp/20180116105653/bg_1516071466759.jpg
[2018-01-16 17:40:53.526] [WARN] access - GET /temp/20180116105653/alertbtn_bg_1516071438472.png
[2018-01-16 17:40:53.532] [WARN] access - GET /temp/20180116105653/bg_1516071466759.jpg
[2018-01-16 17:45:27.925] [WARN] access - GET /temp/20180116105653/alertbtn_bg_1516071438472.png
[2018-01-16 17:45:28.038] [WARN] access - GET /temp/20180116105653/bg_1516071466759.jpg
[2018-01-16 17:52:31.952] [WARN] access - GET /api/act/tpl/lists
[2018-01-16 17:52:32.008] [WARN] access - GET /images/act_tpl_image/1515989069760.png
[2018-01-16 17:52:32.014] [WARN] access - GET /images/act_tpl_image/1515745735194.png
[2018-01-16 17:52:32.022] [WARN] access - GET /images/act_tpl_image/1515743075801.png
[2018-01-16 17:52:32.030] [WARN] access - GET /images/act_tpl_image/1515638582004.png
[2018-01-16 17:52:38.822] [INFO] access - GET /api/act/tpl/39
[2018-01-16 17:52:51.068] [INFO] access - PUT /api/act/tpl/39
[2018-01-16 17:52:51.318] [INFO] access - GET /api/act/tpl/lists
[2018-01-16 17:53:01.052] [INFO] access - GET /api/act/tpl/39
[2018-01-16 18:00:31.562] [WARN] access - GET /api/menu/listsTree
[2018-01-16 18:00:31.574] [WARN] access - GET /api/user/userInfo
[2018-01-16 18:00:31.583] [INFO] access - GET /api/act/tpl/39
[2018-01-16 18:04:15.296] [WARN] access - GET /api/menu/listsTree
[2018-01-16 18:04:15.311] [WARN] access - GET /api/user/userInfo
[2018-01-16 18:04:15.320] [INFO] access - GET /api/act/tpl/39
[2018-01-16 18:06:19.050] [WARN] access - GET /api/menu/listsTree
[2018-01-16 18:06:19.063] [WARN] access - GET /api/user/userInfo
[2018-01-16 18:06:19.075] [INFO] access - GET /api/act/tpl/39
[2018-01-16 18:07:59.589] [WARN] access - GET /api/menu/listsTree
[2018-01-16 18:07:59.600] [WARN] access - GET /api/user/userInfo
[2018-01-16 18:07:59.612] [INFO] access - GET /api/act/tpl/39
[2018-01-16 18:09:41.675] [WARN] access - GET /api/menu/listsTree
[2018-01-16 18:09:41.689] [WARN] access - GET /api/user/userInfo
[2018-01-16 18:09:41.697] [INFO] access - GET /api/act/tpl/39
[2018-01-16 18:10:11.749] [WARN] access - GET /api/menu/listsTree
[2018-01-16 18:10:11.756] [WARN] access - GET /api/user/userInfo
[2018-01-16 18:10:11.770] [INFO] access - GET /api/act/tpl/39
[2018-01-16 18:10:47.790] [INFO] access - POST /api/act/upload
