[2018-04-10 11:12:19.238] [WARN] access - GET /api/act/lists?keys=&pageSize=15&pageIndex=1
[2018-04-10 11:12:57.628] [WARN] access - GET /api/act/lists?keys=&pageSize=15&pageIndex=1
[2018-04-10 11:16:13.459] [WARN] access - GET /api/act/lists?keys=&pageSize=15&pageIndex=1
[2018-04-10 11:26:05.257] [WARN] access - GET /api/user/userInfo
[2018-04-10 11:26:05.261] [WARN] access - GET /api/menu/listsTree
[2018-04-10 11:26:05.319] [WARN] access - GET /api/act/lists?keys=&pageSize=15&pageIndex=1
[2018-04-10 11:27:23.774] [WARN] access - GET /api/act/lists?keys=&pageSize=15&pageIndex=1
[2018-04-10 11:28:39.861] [WARN] access - GET /api/act/lists?keys=&pageSize=15&pageIndex=1
[2018-04-10 11:28:46.472] [WARN] access - GET /api/menu/listsTree
[2018-04-10 11:28:46.476] [WARN] access - GET /api/user/userInfo
[2018-04-10 11:28:46.502] [WARN] access - GET /api/act/lists?keys=&pageSize=15&pageIndex=1
[2018-04-10 11:29:27.079] [WARN] access - GET /api/act/lists?keys=&pageSize=15&pageIndex=1
[2018-04-10 11:29:33.395] [WARN] access - GET /api/menu/listsTree
[2018-04-10 11:29:33.399] [WARN] access - GET /api/user/userInfo
[2018-04-10 11:29:33.425] [WARN] access - GET /api/act/lists?keys=&pageSize=15&pageIndex=1
[2018-04-10 11:32:22.909] [WARN] access - GET /api/act/lists?keys=&pageSize=15&pageIndex=1
[2018-04-10 11:32:46.336] [WARN] access - GET /api/act/lists?keys=&pageSize=15&pageIndex=1
[2018-04-10 11:49:32.035] [WARN] access - GET /api/act/lists?keys=&pageSize=15&pageIndex=1
[2018-04-10 11:49:46.879] [WARN] access - GET /api/menu/listsTree
[2018-04-10 11:49:46.883] [WARN] access - GET /api/user/userInfo
[2018-04-10 11:49:46.947] [WARN] access - GET /api/act/lists?keys=&pageSize=15&pageIndex=1
[2018-04-10 11:50:18.380] [WARN] access - GET /api/menu/listsTree
[2018-04-10 11:50:18.385] [WARN] access - GET /api/user/userInfo
[2018-04-10 11:50:18.417] [WARN] access - GET /api/act/lists?keys=&pageSize=15&pageIndex=1
[2018-04-10 11:53:09.803] [WARN] access - GET /api/menu/listsTree
[2018-04-10 11:53:09.809] [WARN] access - GET /api/user/userInfo
[2018-04-10 11:53:09.845] [WARN] access - GET /api/act/lists?keys=&pageSize=15&pageIndex=1
[2018-04-10 11:53:53.887] [WARN] access - GET /api/menu/listsTree
[2018-04-10 11:53:53.892] [WARN] access - GET /api/user/userInfo
[2018-04-10 11:53:53.921] [WARN] access - GET /api/act/lists?keys=&pageSize=15&pageIndex=1
[2018-04-10 11:54:37.083] [WARN] access - GET /api/menu/listsTree
[2018-04-10 11:54:37.088] [WARN] access - GET /api/user/userInfo
[2018-04-10 11:54:37.114] [WARN] access - GET /api/act/lists?keys=&pageSize=15&pageIndex=1
[2018-04-10 11:56:03.025] [INFO] access - GET /api/act/101
[2018-04-10 11:56:03.029] [WARN] access - GET /api/act/config/lists
[2018-04-10 11:56:06.165] [INFO] access - POST /api/act/draft
[2018-04-10 11:56:06.527] [INFO] access - GET /api/act/lists?keys=&pageSize=15&pageIndex=1
[2018-04-10 11:56:22.571] [INFO] access - GET /api/act/102
[2018-04-10 11:56:22.576] [WARN] access - GET /api/act/config/lists
[2018-04-10 11:56:25.517] [INFO] access - POST /api/act/draft
[2018-04-10 11:56:26.101] [INFO] access - GET /api/act/lists?keys=&pageSize=15&pageIndex=1
[2018-04-10 12:01:30.254] [WARN] access - GET /api/menu/listsTree
[2018-04-10 12:01:30.259] [WARN] access - GET /api/user/userInfo
[2018-04-10 12:01:30.297] [WARN] access - GET /api/act/lists?keys=&pageSize=15&pageIndex=1
[2018-04-10 12:03:03.569] [WARN] access - GET /api/user/userInfo
[2018-04-10 12:03:03.576] [WARN] access - GET /api/menu/listsTree
[2018-04-10 12:03:03.595] [WARN] access - GET /api/act/lists?keys=&pageSize=15&pageIndex=1
[2018-04-10 13:15:27.335] [WARN] access - GET /api/menu/listsTree
[2018-04-10 13:15:27.346] [WARN] access - GET /api/user/userInfo
[2018-04-10 13:15:27.370] [WARN] access - GET /api/act/lists?keys=&pageSize=15&pageIndex=1
[2018-04-10 13:19:07.595] [INFO] access - GET /api/act/102
[2018-04-10 13:22:19.392] [WARN] access - GET /api/menu/listsTree
[2018-04-10 13:22:19.397] [WARN] access - GET /api/user/userInfo
[2018-04-10 13:22:19.438] [WARN] access - GET /api/act/lists?keys=&pageSize=15&pageIndex=1
[2018-04-10 13:22:45.113] [WARN] access - GET /api/menu/listsTree
[2018-04-10 13:22:45.117] [WARN] access - GET /api/user/userInfo
[2018-04-10 13:22:45.153] [WARN] access - GET /api/act/lists?keys=&pageSize=15&pageIndex=1
[2018-04-10 13:22:48.479] [INFO] access - PUT /api/act/102
[2018-04-10 13:22:48.535] [INFO] access - GET /api/act/lists?keys=&pageSize=15&pageIndex=1
[2018-04-10 13:23:53.133] [INFO] access - DELETE /api/act/102
[2018-04-10 13:23:53.172] [INFO] access - GET /api/act/lists?keys=&pageSize=15&pageIndex=1
[2018-04-10 13:23:59.407] [INFO] access - GET /api/act/102
[2018-04-10 13:23:59.414] [WARN] access - GET /api/act/config/lists
[2018-04-10 13:24:01.609] [INFO] access - POST /api/act/draft
[2018-04-10 13:24:01.934] [INFO] access - GET /api/act/lists?keys=&pageSize=15&pageIndex=1
[2018-04-10 13:27:25.185] [INFO] access - PUT /api/act/102
[2018-04-10 13:27:25.243] [INFO] access - GET /api/act/lists?keys=&pageSize=15&pageIndex=1
[2018-04-10 13:27:27.842] [INFO] access - DELETE /api/act/102
[2018-04-10 13:27:27.895] [INFO] access - GET /api/act/lists?keys=&pageSize=15&pageIndex=1
[2018-04-10 13:27:29.524] [INFO] access - GET /api/act/102
[2018-04-10 13:27:29.529] [WARN] access - GET /api/act/config/lists
[2018-04-10 13:27:32.440] [INFO] access - POST /api/act/draft
[2018-04-10 13:27:32.752] [INFO] access - GET /api/act/lists?keys=&pageSize=15&pageIndex=1
[2018-04-10 13:37:40.860] [WARN] access - GET /api/act/lists?keys=&pageSize=15&pageIndex=1
[2018-04-10 13:37:46.426] [WARN] access - GET /api/menu/listsTree
[2018-04-10 13:37:46.439] [WARN] access - GET /api/user/userInfo
[2018-04-10 13:37:46.451] [WARN] access - GET /api/act/lists?keys=&pageSize=15&pageIndex=1
[2018-04-10 13:37:58.420] [WARN] access - GET /api/act/lists?keys=&pageSize=15&pageIndex=1
[2018-04-10 13:38:10.073] [INFO] access - PUT /api/act/94
[2018-04-10 13:38:10.160] [INFO] access - GET /api/act/lists?keys=&pageSize=15&pageIndex=1
[2018-04-10 13:39:04.864] [WARN] access - GET /api/act/lists?keys=&pageSize=15&pageIndex=1
[2018-04-10 13:39:12.829] [WARN] access - GET /api/act/lists?keys=&pageSize=15&pageIndex=1
[2018-04-10 13:39:53.699] [WARN] access - GET /api/act/lists?keys=&pageSize=15&pageIndex=1
[2018-04-10 13:40:07.462] [WARN] access - GET /api/act/lists?keys=&pageSize=15&pageIndex=1
[2018-04-10 13:40:39.931] [WARN] access - GET /api/menu/listsTree
[2018-04-10 13:40:39.937] [WARN] access - GET /api/user/userInfo
[2018-04-10 13:40:39.983] [WARN] access - GET /api/act/lists?keys=&pageSize=15&pageIndex=1
[2018-04-10 13:41:03.865] [WARN] access - GET /api/act/lists?keys=&pageSize=15&pageIndex=1
[2018-04-10 13:41:09.477] [WARN] access - GET /api/menu/listsTree
[2018-04-10 13:41:11.836] [WARN] access - GET /api/user/userInfo
[2018-04-10 13:41:12.084] [WARN] access - GET /api/act/lists?keys=&pageSize=15&pageIndex=1
[2018-04-10 13:41:30.001] [WARN] access - GET /api/act/lists?keys=&pageSize=15&pageIndex=1
[2018-04-10 14:08:15.976] [WARN] access - GET /api/menu/listsTree
[2018-04-10 14:08:15.988] [WARN] access - GET /api/user/userInfo
[2018-04-10 14:08:16.007] [WARN] access - GET /api/act/lists?keys=&pageSize=15&pageIndex=1
[2018-04-10 14:09:39.016] [WARN] access - GET /api/menu/listsTree
[2018-04-10 14:09:39.020] [WARN] access - GET /api/user/userInfo
[2018-04-10 14:09:39.066] [WARN] access - GET /api/act/lists?keys=&pageSize=15&pageIndex=1
[2018-04-10 14:11:43.555] [WARN] access - GET /api/act/lists?keys=&pageSize=15&pageIndex=1
[2018-04-10 14:13:06.781] [WARN] access - GET /api/act/lists?keys=&pageSize=15&pageIndex=1
[2018-04-10 14:13:10.562] [WARN] access - GET /api/act/lists?keys=&pageSize=15&pageIndex=1
[2018-04-10 14:13:17.545] [WARN] access - GET /api/act/lists?keys=&pageSize=15&pageIndex=1
[2018-04-10 14:13:21.259] [WARN] access - GET /api/act/lists?keys=&pageSize=15&pageIndex=1
[2018-04-10 14:15:58.357] [WARN] access - GET /api/act/lists?keys=&pageSize=15&pageIndex=1
[2018-04-10 14:16:04.579] [WARN] access - GET /api/act/lists?keys=&pageSize=15&pageIndex=1
[2018-04-10 14:19:01.644] [WARN] access - GET /api/act/lists?keys=&pageSize=15&pageIndex=1
[2018-04-10 14:19:48.990] [WARN] access - GET /api/act/lists?keys=&pageSize=15&pageIndex=1
[2018-04-10 14:21:07.649] [WARN] access - GET /api/menu/listsTree
[2018-04-10 14:21:07.655] [WARN] access - GET /api/user/userInfo
[2018-04-10 14:21:07.690] [WARN] access - GET /api/act/lists?keys=&pageSize=15&pageIndex=1
[2018-04-10 14:21:30.339] [WARN] access - GET /api/act/lists?keys=&pageSize=15&pageIndex=1
[2018-04-10 14:21:39.166] [WARN] access - GET /api/menu/listsTree
[2018-04-10 14:21:39.172] [WARN] access - GET /api/user/userInfo
[2018-04-10 14:21:39.203] [WARN] access - GET /api/act/lists?keys=&pageSize=15&pageIndex=1
[2018-04-10 14:22:21.530] [WARN] access - GET /api/act/lists?keys=&pageSize=15&pageIndex=1
[2018-04-10 14:22:41.281] [WARN] access - GET /api/act/lists?keys=&pageSize=15&pageIndex=1
[2018-04-10 14:22:44.068] [WARN] access - GET /api/act/lists?keys=&pageSize=15&pageIndex=1
[2018-04-10 14:22:50.362] [WARN] access - GET /api/menu/listsTree
[2018-04-10 14:22:50.367] [WARN] access - GET /api/user/userInfo
[2018-04-10 14:22:50.399] [WARN] access - GET /api/act/lists?keys=&pageSize=15&pageIndex=1
[2018-04-10 14:23:01.052] [WARN] access - GET /api/act/lists?keys=&pageSize=15&pageIndex=1
[2018-04-10 14:23:51.318] [WARN] access - GET /api/menu/listsTree
[2018-04-10 14:23:51.324] [WARN] access - GET /api/user/userInfo
[2018-04-10 14:23:51.364] [WARN] access - GET /api/act/lists?keys=&pageSize=15&pageIndex=1
[2018-04-10 14:24:34.650] [WARN] access - GET /api/menu/listsTree
[2018-04-10 14:24:34.657] [WARN] access - GET /api/user/userInfo
[2018-04-10 14:24:34.687] [WARN] access - GET /api/act/lists?keys=&pageSize=15&pageIndex=1
[2018-04-10 14:25:07.402] [WARN] access - GET /api/act/lists?keys=&pageSize=15&pageIndex=1
[2018-04-10 14:25:08.862] [WARN] access - GET /api/act/lists?keys=&pageSize=15&pageIndex=1
[2018-04-10 14:26:20.036] [WARN] access - GET /api/menu/listsTree
[2018-04-10 14:26:20.042] [WARN] access - GET /api/user/userInfo
[2018-04-10 14:26:20.084] [WARN] access - GET /api/act/lists?keys=&pageSize=15&pageIndex=1
[2018-04-10 14:40:30.815] [WARN] access - GET /api/act/lists?keys=&pageSize=15&pageIndex=1
[2018-04-10 14:40:42.118] [WARN] access - GET /api/act/lists?keys=&pageSize=15&pageIndex=1
[2018-04-10 14:40:55.768] [WARN] access - GET /api/act/lists?keys=&pageSize=15&pageIndex=1
[2018-04-10 14:41:25.031] [WARN] access - GET /api/menu/listsTree
[2018-04-10 14:41:25.043] [WARN] access - GET /api/user/userInfo
[2018-04-10 14:41:25.050] [WARN] access - GET /api/act/lists?keys=&pageSize=15&pageIndex=1
[2018-04-10 14:42:14.796] [WARN] access - GET /api/menu/listsTree
[2018-04-10 14:42:14.804] [WARN] access - GET /api/user/userInfo
[2018-04-10 14:42:14.834] [WARN] access - GET /api/act/lists?keys=&pageSize=15&pageIndex=1
[2018-04-10 14:44:47.873] [WARN] access - GET /api/menu/listsTree
[2018-04-10 14:44:47.879] [WARN] access - GET /api/user/userInfo
[2018-04-10 14:44:47.923] [WARN] access - GET /api/act/lists?keys=&pageSize=15&pageIndex=1
[2018-04-10 14:45:56.271] [WARN] access - GET /api/menu/listsTree
[2018-04-10 14:45:56.279] [WARN] access - GET /api/user/userInfo
[2018-04-10 14:45:56.315] [WARN] access - GET /api/act/lists?keys=&pageSize=15&pageIndex=1
[2018-04-10 14:46:27.730] [WARN] access - GET /api/menu/listsTree
[2018-04-10 14:46:27.737] [WARN] access - GET /api/user/userInfo
[2018-04-10 14:46:27.772] [WARN] access - GET /api/act/lists?keys=&pageSize=15&pageIndex=1
[2018-04-10 14:47:03.972] [WARN] access - GET /api/menu/listsTree
[2018-04-10 14:47:03.976] [WARN] access - GET /api/user/userInfo
[2018-04-10 14:47:04.009] [WARN] access - GET /api/act/lists?keys=&pageSize=15&pageIndex=1
[2018-04-10 14:47:44.102] [WARN] access - GET /api/menu/listsTree
[2018-04-10 14:47:44.107] [WARN] access - GET /api/user/userInfo
[2018-04-10 14:47:44.148] [INFO] access - GET /api/act/lists?keys=&pageSize=15&pageIndex=1
[2018-04-10 14:48:56.811] [WARN] access - GET /api/act/lists?keys=&pageSize=15&pageIndex=1
[2018-04-10 14:49:46.448] [INFO] access - DELETE /api/act/102
[2018-04-10 14:49:46.483] [INFO] access - GET /api/act/lists?keys=&pageSize=15&pageIndex=1
[2018-04-10 15:04:56.122] [INFO] access - GET /api/contracts/lists?keys=
[2018-04-10 15:04:58.298] [INFO] access - GET /api/contracts/2
[2018-04-10 15:05:40.989] [WARN] access - GET /api/contracts/lists?keys=
[2018-04-10 15:05:44.603] [INFO] access - GET /api/contracts/1
[2018-04-10 15:05:52.605] [INFO] access - GET /api/contracts/type/lists?keys=
[2018-04-10 15:05:53.868] [WARN] access - GET /api/contracts/lists?keys=
[2018-04-10 15:06:57.201] [INFO] access - GET /api/contracts/type/lists
[2018-04-10 15:11:23.530] [WARN] access - GET /api/act/lists?keys=&pageSize=15&pageIndex=1
[2018-04-10 15:26:35.899] [INFO] access - GET /api/act/101
[2018-04-10 15:26:35.905] [WARN] access - GET /api/act/config/lists
[2018-04-10 15:27:09.462] [INFO] access - GET /api/act/lists?keys=&pageSize=15&pageIndex=1
[2018-04-10 15:32:49.818] [WARN] access - GET /api/act/config/lists?keys=
[2018-04-10 20:54:37.212] [WARN] access - GET /api/user/userInfo
[2018-04-10 20:54:37.221] [WARN] access - GET /api/menu/listsTree
[2018-04-10 20:54:37.229] [INFO] access - GET /api/dep/treeList
[2018-04-10 20:54:37.234] [INFO] access - GET /api/roles/lists?keys=&pageIndex=1&pageSize=15
[2018-04-10 20:54:44.350] [WARN] access - GET /api/act/lists?keys=&pageSize=15&pageIndex=1
[2018-04-10 20:54:49.561] [INFO] access - GET /api/act/101
[2018-04-10 20:54:49.568] [WARN] access - GET /api/act/config/lists
[2018-04-10 20:54:55.248] [INFO] access - POST /api/act/publish
[2018-04-10 20:54:55.553] [INFO] access - GET /api/act/lists?keys=&pageSize=15&pageIndex=1
