[2018-03-21 17:50:51.713] [INFO] access - POST /api/signin
[2018-03-21 17:50:51.837] [INFO] access - GET /api/menu/listsTree
[2018-03-21 17:50:51.841] [WARN] access - GET /api/user/userInfo
[2018-03-21 17:57:14.734] [INFO] access - POST /api/signin
[2018-03-21 17:57:14.826] [INFO] access - GET /api/menu/listsTree
[2018-03-21 17:57:14.830] [INFO] access - GET /api/user/userInfo
[2018-03-21 17:58:49.957] [INFO] access - GET /api/act/lists?keys=&pageSize=15&pageIndex=1
[2018-03-21 17:58:55.689] [INFO] access - GET /api/act/tpl/lists
[2018-03-21 17:58:59.012] [INFO] access - GET /api/act/tpl/53
[2018-03-21 18:00:51.159] [INFO] access - POST /api/act/upload
[2018-03-21 18:01:15.134] [INFO] access - POST /api/act/upload
[2018-03-21 18:04:50.872] [WARN] access - GET /api/menu/listsTree
[2018-03-21 18:04:50.877] [WARN] access - GET /api/user/userInfo
[2018-03-21 18:04:50.894] [INFO] access - GET /api/act/tpl/53
[2018-03-21 18:04:56.694] [INFO] access - POST /api/act/upload
[2018-03-21 18:07:33.286] [WARN] access - GET /api/menu/listsTree
[2018-03-21 18:07:33.295] [WARN] access - GET /api/user/userInfo
[2018-03-21 18:07:33.300] [INFO] access - GET /api/act/tpl/53
[2018-03-21 18:07:42.248] [INFO] access - POST /api/act/upload
[2018-03-21 18:08:42.172] [WARN] access - GET /api/menu/listsTree
[2018-03-21 18:08:42.184] [WARN] access - GET /api/user/userInfo
[2018-03-21 18:08:42.194] [INFO] access - GET /api/act/tpl/53
[2018-03-21 18:08:47.881] [INFO] access - POST /api/act/upload
[2018-03-21 18:10:02.128] [INFO] access - POST /api/act/draft
[2018-03-21 18:10:02.434] [INFO] access - GET /api/act/lists?keys=&pageSize=15&pageIndex=1
[2018-03-21 18:10:04.484] [INFO] access - GET /api/act/96
