[2017-12-27 10:37:06.154] [WARN] access - GET /api/user/userInfo
[2017-12-27 10:37:06.160] [WARN] access - GET /api/menu/listsTree
[2017-12-27 10:37:06.165] [INFO] access - GET /api/act/tpl/24
[2017-12-27 10:40:48.743] [INFO] access - GET /api/act/tpl/24
[2017-12-27 10:42:45.345] [INFO] access - GET /api/act/tpl/24
[2017-12-27 10:44:25.427] [INFO] access - GET /api/act/tpl/24
[2017-12-27 10:45:42.337] [INFO] access - GET /api/act/tpl/24
[2017-12-27 10:45:46.299] [INFO] access - GET /api/act/tpl/24
[2017-12-27 10:46:37.806] [INFO] access - GET /api/act/tpl/24
[2017-12-27 10:49:46.985] [INFO] access - GET /api/act/tpl/24
[2017-12-27 10:50:56.842] [INFO] access - GET /api/act/tpl/24
[2017-12-27 10:50:58.546] [WARN] access - GET /api/menu/listsTree
[2017-12-27 10:50:58.552] [WARN] access - GET /api/user/userInfo
[2017-12-27 10:50:58.571] [INFO] access - GET /api/act/tpl/24
[2017-12-27 10:51:57.505] [INFO] access - GET /api/act/tpl/24
[2017-12-27 10:52:02.457] [INFO] access - GET /api/act/tpl/24
[2017-12-27 10:52:04.756] [WARN] access - GET /api/menu/listsTree
[2017-12-27 10:52:04.767] [WARN] access - GET /api/user/userInfo
[2017-12-27 10:52:04.776] [INFO] access - GET /api/act/tpl/24
[2017-12-27 10:52:44.508] [INFO] access - GET /api/act/tpl/24
[2017-12-27 10:52:49.327] [INFO] access - GET /api/act/tpl/24
[2017-12-27 10:52:52.429] [WARN] access - GET /api/menu/listsTree
[2017-12-27 10:52:52.434] [WARN] access - GET /api/user/userInfo
[2017-12-27 10:52:52.448] [INFO] access - GET /api/act/tpl/24
[2017-12-27 10:55:22.443] [INFO] access - GET /api/act/tpl/24
[2017-12-27 10:55:44.677] [INFO] access - GET /api/act/tpl/24
[2017-12-27 10:55:50.172] [WARN] access - GET /api/menu/listsTree
[2017-12-27 10:55:50.187] [WARN] access - GET /api/user/userInfo
[2017-12-27 10:55:50.207] [INFO] access - GET /api/act/tpl/24
[2017-12-27 11:00:01.383] [INFO] access - GET /api/act/tpl/24
[2017-12-27 11:01:39.117] [WARN] access - GET /api/act/tpl/lists
[2017-12-27 11:01:39.286] [WARN] access - GET /images/act_tpl_image/1512978692388.jpg
[2017-12-27 11:01:51.451] [INFO] access - GET /api/act/tpl/24
[2017-12-27 11:03:55.846] [INFO] access - GET /api/act/tpl/24
[2017-12-27 11:04:37.021] [INFO] access - GET /api/act/tpl/24
[2017-12-27 11:04:51.796] [INFO] access - GET /api/act/tpl/24
[2017-12-27 11:04:58.435] [INFO] access - GET /api/act/tpl/24
[2017-12-27 11:05:10.515] [INFO] access - GET /api/act/tpl/24
[2017-12-27 11:07:55.185] [INFO] access - GET /api/act/tpl/24
[2017-12-27 11:08:20.988] [WARN] access - GET /api/menu/listsTree
[2017-12-27 11:08:20.994] [WARN] access - GET /api/user/userInfo
[2017-12-27 11:08:21.009] [INFO] access - GET /api/act/tpl/24
[2017-12-27 11:37:42.950] [WARN] access - GET /api/menu/listsTree
[2017-12-27 11:37:42.957] [WARN] access - GET /api/user/userInfo
[2017-12-27 11:37:42.962] [INFO] access - GET /api/act/tpl/24
[2017-12-27 11:39:32.089] [WARN] access - GET /api/user/userInfo
[2017-12-27 11:39:32.330] [INFO] access - GET /api/act/tpl/24
[2017-12-27 11:39:42.049] [WARN] access - GET /api/menu/listsTree
[2017-12-27 11:39:42.056] [WARN] access - GET /api/user/userInfo
[2017-12-27 11:39:42.103] [INFO] access - GET /api/act/tpl/24
[2017-12-27 11:39:48.370] [WARN] access - GET /api/menu/listsTree
[2017-12-27 11:39:48.377] [WARN] access - GET /api/user/userInfo
[2017-12-27 11:39:48.382] [INFO] access - GET /api/act/tpl/24
[2017-12-27 11:46:40.148] [WARN] access - GET /api/menu/listsTree
[2017-12-27 11:46:40.156] [WARN] access - GET /api/user/userInfo
[2017-12-27 11:46:40.161] [INFO] access - GET /api/act/tpl/24
[2017-12-27 11:46:42.003] [WARN] access - GET /api/menu/listsTree
[2017-12-27 11:46:42.015] [WARN] access - GET /api/user/userInfo
[2017-12-27 11:46:42.020] [INFO] access - GET /api/act/tpl/24
[2017-12-27 11:46:43.752] [WARN] access - GET /api/menu/listsTree
[2017-12-27 11:46:43.757] [WARN] access - GET /api/user/userInfo
[2017-12-27 11:46:43.774] [INFO] access - GET /api/act/tpl/24
[2017-12-27 11:47:29.417] [WARN] access - GET /api/menu/listsTree
[2017-12-27 11:47:29.422] [WARN] access - GET /api/user/userInfo
[2017-12-27 11:47:29.449] [INFO] access - GET /api/act/tpl/24
[2017-12-27 14:00:31.957] [WARN] access - GET /api/menu/listsTree
[2017-12-27 14:00:31.969] [WARN] access - GET /api/user/userInfo
[2017-12-27 14:00:31.979] [INFO] access - GET /api/act/tpl/24
[2017-12-27 14:01:11.617] [INFO] access - POST /api/act/upload
[2017-12-27 14:01:30.825] [INFO] access - POST /api/act/upload
[2017-12-27 14:03:20.521] [INFO] access - POST /api/act/upload
[2017-12-27 14:08:21.326] [INFO] access - POST /api/act/upload
[2017-12-27 14:09:31.345] [WARN] access - GET /api/menu/listsTree
[2017-12-27 14:09:31.357] [WARN] access - GET /api/user/userInfo
[2017-12-27 14:09:31.369] [INFO] access - GET /api/act/tpl/24
[2017-12-27 14:09:33.131] [WARN] access - GET /api/menu/listsTree
[2017-12-27 14:09:33.141] [WARN] access - GET /api/user/userInfo
[2017-12-27 14:09:33.167] [INFO] access - GET /api/act/tpl/24
[2017-12-27 14:09:37.932] [INFO] access - POST /api/act/upload
[2017-12-27 14:10:07.284] [INFO] access - POST /api/act/upload
[2017-12-27 14:10:58.772] [WARN] access - GET /api/menu/listsTree
[2017-12-27 14:10:58.784] [WARN] access - GET /api/user/userInfo
[2017-12-27 14:10:58.797] [INFO] access - GET /api/act/tpl/24
[2017-12-27 14:11:06.349] [INFO] access - POST /api/act/upload
[2017-12-27 14:12:59.035] [INFO] access - POST /api/act/upload
[2017-12-27 14:19:09.154] [WARN] access - GET /api/menu/listsTree
[2017-12-27 14:19:09.165] [WARN] access - GET /api/user/userInfo
[2017-12-27 14:19:09.170] [INFO] access - GET /api/act/tpl/24
[2017-12-27 14:23:23.520] [WARN] access - GET /api/menu/listsTree
[2017-12-27 14:23:23.529] [WARN] access - GET /api/user/userInfo
[2017-12-27 14:23:23.537] [INFO] access - GET /api/act/tpl/24
[2017-12-27 14:23:57.452] [WARN] access - GET /api/menu/listsTree
[2017-12-27 14:23:57.458] [WARN] access - GET /api/user/userInfo
[2017-12-27 14:23:57.475] [INFO] access - GET /api/act/tpl/24
[2017-12-27 14:25:50.151] [WARN] access - GET /api/menu/listsTree
[2017-12-27 14:25:50.167] [WARN] access - GET /api/user/userInfo
[2017-12-27 14:25:50.181] [INFO] access - GET /api/act/tpl/24
[2017-12-27 14:34:20.801] [WARN] access - GET /api/menu/listsTree
[2017-12-27 14:34:20.818] [WARN] access - GET /api/user/userInfo
[2017-12-27 14:34:20.822] [INFO] access - GET /api/act/tpl/24
[2017-12-27 14:34:44.960] [INFO] access - POST /api/act/upload
[2017-12-27 14:35:22.923] [WARN] access - GET /api/menu/listsTree
[2017-12-27 14:35:22.927] [WARN] access - GET /api/user/userInfo
[2017-12-27 14:35:22.956] [INFO] access - GET /api/act/tpl/24
[2017-12-27 14:35:31.576] [INFO] access - POST /api/act/upload
[2017-12-27 14:37:30.025] [WARN] access - GET /api/menu/listsTree
[2017-12-27 14:37:30.031] [WARN] access - GET /api/user/userInfo
[2017-12-27 14:37:30.045] [INFO] access - GET /api/act/tpl/24
[2017-12-27 14:38:58.719] [WARN] access - GET /api/menu/listsTree
[2017-12-27 14:38:58.728] [WARN] access - GET /api/user/userInfo
[2017-12-27 14:38:58.740] [INFO] access - GET /api/act/tpl/24
[2017-12-27 14:40:27.261] [WARN] access - GET /api/menu/listsTree
[2017-12-27 14:40:27.276] [WARN] access - GET /api/user/userInfo
[2017-12-27 14:40:27.280] [INFO] access - GET /api/act/tpl/24
[2017-12-27 14:40:35.578] [INFO] access - POST /api/act/upload
[2017-12-27 14:42:49.848] [INFO] access - POST /api/act/upload
[2017-12-27 14:43:08.640] [INFO] access - POST /api/act/upload
[2017-12-27 14:43:44.590] [INFO] access - POST /api/act/upload
[2017-12-27 15:49:11.383] [WARN] access - GET /api/menu/listsTree
[2017-12-27 15:49:11.392] [WARN] access - GET /api/user/userInfo
[2017-12-27 15:49:11.398] [INFO] access - GET /api/act/tpl/24
[2017-12-27 15:50:05.667] [WARN] access - GET /api/menu/listsTree
[2017-12-27 15:50:05.678] [WARN] access - GET /api/user/userInfo
[2017-12-27 15:50:05.697] [INFO] access - GET /api/act/tpl/24
[2017-12-27 15:50:25.290] [WARN] access - GET /api/menu/listsTree
[2017-12-27 15:50:25.296] [WARN] access - GET /api/user/userInfo
[2017-12-27 15:50:25.311] [INFO] access - GET /api/act/tpl/24
[2017-12-27 15:51:48.342] [WARN] access - GET /api/menu/listsTree
[2017-12-27 15:51:48.347] [WARN] access - GET /api/user/userInfo
[2017-12-27 15:51:48.369] [INFO] access - GET /api/act/tpl/24
[2017-12-27 15:53:05.472] [WARN] access - GET /api/menu/listsTree
[2017-12-27 15:53:05.478] [WARN] access - GET /api/user/userInfo
[2017-12-27 15:53:05.484] [INFO] access - GET /api/act/tpl/24
[2017-12-27 15:53:20.255] [INFO] access - POST /api/act/upload
[2017-12-27 15:59:39.368] [WARN] access - GET /api/menu/listsTree
[2017-12-27 15:59:39.374] [WARN] access - GET /api/user/userInfo
[2017-12-27 15:59:39.379] [INFO] access - GET /api/act/tpl/24
[2017-12-27 16:02:53.862] [WARN] access - GET /api/menu/listsTree
[2017-12-27 16:02:53.874] [WARN] access - GET /api/user/userInfo
[2017-12-27 16:02:53.879] [INFO] access - GET /api/act/tpl/24
[2017-12-27 16:04:36.898] [WARN] access - GET /api/menu/listsTree
[2017-12-27 16:04:36.911] [WARN] access - GET /api/user/userInfo
[2017-12-27 16:04:36.924] [INFO] access - GET /api/act/tpl/24
[2017-12-27 16:12:48.631] [WARN] access - GET /api/menu/listsTree
[2017-12-27 16:12:48.639] [WARN] access - GET /api/user/userInfo
[2017-12-27 16:12:48.644] [INFO] access - GET /api/act/tpl/24
[2017-12-27 16:27:22.872] [WARN] access - GET /api/menu/listsTree
[2017-12-27 16:27:22.879] [WARN] access - GET /api/user/userInfo
[2017-12-27 16:27:22.884] [INFO] access - GET /api/act/tpl/24
[2017-12-27 16:52:22.794] [WARN] access - GET /api/menu/listsTree
[2017-12-27 16:52:22.805] [WARN] access - GET /api/user/userInfo
[2017-12-27 16:52:22.823] [INFO] access - GET /api/act/tpl/24
[2017-12-27 16:57:26.090] [WARN] access - GET /api/menu/listsTree
[2017-12-27 16:57:26.096] [WARN] access - GET /api/user/userInfo
[2017-12-27 16:57:26.101] [INFO] access - GET /api/act/tpl/24
[2017-12-27 17:07:20.738] [WARN] access - GET /api/menu/listsTree
[2017-12-27 17:07:20.749] [WARN] access - GET /api/user/userInfo
[2017-12-27 17:07:20.753] [INFO] access - GET /api/act/tpl/24
[2017-12-27 17:08:16.079] [WARN] access - GET /api/menu/listsTree
[2017-12-27 17:08:16.096] [WARN] access - GET /api/user/userInfo
[2017-12-27 17:08:16.125] [INFO] access - GET /api/act/tpl/24
[2017-12-27 17:08:33.949] [WARN] access - GET /api/menu/listsTree
[2017-12-27 17:08:33.955] [WARN] access - GET /api/user/userInfo
[2017-12-27 17:08:33.972] [INFO] access - GET /api/act/tpl/24
[2017-12-27 17:12:51.212] [WARN] access - GET /api/menu/listsTree
[2017-12-27 17:12:51.220] [WARN] access - GET /api/user/userInfo
[2017-12-27 17:12:51.225] [INFO] access - GET /api/act/tpl/24
[2017-12-27 17:13:16.212] [WARN] access - GET /api/menu/listsTree
[2017-12-27 17:13:16.216] [WARN] access - GET /api/user/userInfo
[2017-12-27 17:13:16.231] [INFO] access - GET /api/act/tpl/24
[2017-12-27 17:21:04.473] [WARN] access - GET /api/menu/listsTree
[2017-12-27 17:21:04.480] [WARN] access - GET /api/user/userInfo
[2017-12-27 17:21:04.484] [INFO] access - GET /api/act/tpl/24
[2017-12-27 17:21:22.770] [INFO] access - POST /api/act/upload
[2017-12-27 17:22:30.564] [WARN] access - GET /api/menu/listsTree
[2017-12-27 17:22:30.576] [WARN] access - GET /api/user/userInfo
[2017-12-27 17:22:30.585] [INFO] access - GET /api/act/tpl/24
[2017-12-27 17:22:42.249] [INFO] access - POST /api/act/upload
[2017-12-27 17:23:05.272] [WARN] access - GET /api/menu/listsTree
[2017-12-27 17:23:05.282] [WARN] access - GET /api/user/userInfo
[2017-12-27 17:23:05.288] [INFO] access - GET /api/act/tpl/24
[2017-12-27 17:23:54.390] [WARN] access - GET /api/menu/listsTree
[2017-12-27 17:23:54.404] [WARN] access - GET /api/user/userInfo
[2017-12-27 17:23:54.410] [INFO] access - GET /api/act/tpl/24
[2017-12-27 17:24:14.883] [WARN] access - GET /api/menu/listsTree
[2017-12-27 17:24:14.889] [WARN] access - GET /api/user/userInfo
[2017-12-27 17:24:14.903] [INFO] access - GET /api/act/tpl/24
[2017-12-27 17:24:27.052] [INFO] access - POST /api/act/upload
[2017-12-27 17:25:08.952] [INFO] access - POST /api/act/upload
[2017-12-27 17:26:10.529] [WARN] access - GET /api/menu/listsTree
[2017-12-27 17:26:10.539] [WARN] access - GET /api/user/userInfo
[2017-12-27 17:26:10.549] [INFO] access - GET /api/act/tpl/24
[2017-12-27 17:26:20.813] [INFO] access - POST /api/act/upload
[2017-12-27 17:27:45.557] [INFO] access - POST /api/act/upload
[2017-12-27 17:29:08.162] [WARN] access - GET /api/menu/listsTree
[2017-12-27 17:29:08.167] [WARN] access - GET /api/user/userInfo
[2017-12-27 17:29:08.189] [INFO] access - GET /api/act/tpl/24
[2017-12-27 17:29:17.574] [INFO] access - POST /api/act/upload
[2017-12-27 17:29:29.578] [INFO] access - POST /api/act/upload
[2017-12-27 17:29:51.493] [INFO] access - POST /api/act/upload
[2017-12-27 17:30:09.815] [INFO] access - POST /api/act/upload
[2017-12-27 17:33:18.766] [WARN] access - GET /api/menu/listsTree
[2017-12-27 17:33:18.771] [WARN] access - GET /api/user/userInfo
[2017-12-27 17:33:18.776] [INFO] access - GET /api/act/tpl/24
[2017-12-27 17:33:35.350] [WARN] access - GET /api/menu/listsTree
[2017-12-27 17:33:35.355] [WARN] access - GET /api/user/userInfo
[2017-12-27 17:33:35.371] [INFO] access - GET /api/act/tpl/24
[2017-12-27 17:33:46.357] [INFO] access - POST /api/act/upload
[2017-12-27 17:33:58.797] [INFO] access - POST /api/act/upload
[2017-12-27 17:34:11.108] [INFO] access - POST /api/act/upload
[2017-12-27 17:34:58.705] [WARN] access - GET /api/menu/listsTree
[2017-12-27 17:34:58.710] [WARN] access - GET /api/user/userInfo
[2017-12-27 17:34:58.729] [INFO] access - GET /api/act/tpl/24
[2017-12-27 17:35:00.207] [WARN] access - GET /api/menu/listsTree
[2017-12-27 17:35:00.212] [WARN] access - GET /api/user/userInfo
[2017-12-27 17:35:00.227] [INFO] access - GET /api/act/tpl/24
[2017-12-27 17:35:10.797] [INFO] access - POST /api/act/upload
[2017-12-27 17:35:21.917] [INFO] access - POST /api/act/upload
[2017-12-27 17:35:36.144] [INFO] access - POST /api/act/upload
[2017-12-27 17:39:02.576] [WARN] access - GET /api/menu/listsTree
[2017-12-27 17:39:02.582] [WARN] access - GET /api/user/userInfo
[2017-12-27 17:39:02.588] [INFO] access - GET /api/act/tpl/24
[2017-12-27 17:39:05.399] [WARN] access - GET /api/menu/listsTree
[2017-12-27 17:39:05.404] [WARN] access - GET /api/user/userInfo
[2017-12-27 17:39:05.425] [INFO] access - GET /api/act/tpl/24
[2017-12-27 17:39:14.341] [INFO] access - POST /api/act/upload
[2017-12-27 17:39:35.845] [INFO] access - POST /api/act/upload
[2017-12-27 17:40:41.397] [WARN] access - GET /api/menu/listsTree
[2017-12-27 17:40:41.403] [WARN] access - GET /api/user/userInfo
[2017-12-27 17:40:41.409] [INFO] access - GET /api/act/tpl/24
[2017-12-27 17:40:50.291] [INFO] access - POST /api/act/upload
[2017-12-27 17:41:11.144] [WARN] access - GET /api/menu/listsTree
[2017-12-27 17:41:11.149] [WARN] access - GET /api/user/userInfo
[2017-12-27 17:41:11.164] [INFO] access - GET /api/act/tpl/24
[2017-12-27 17:41:35.199] [INFO] access - POST /api/act/upload
[2017-12-27 17:41:51.375] [INFO] access - POST /api/act/upload
[2017-12-27 17:42:04.871] [INFO] access - POST /api/act/upload
[2017-12-27 17:42:25.889] [INFO] access - POST /api/act/upload
[2017-12-27 17:42:52.026] [INFO] access - POST /api/act/upload
[2017-12-27 17:43:12.525] [INFO] access - POST /api/act/upload
[2017-12-27 17:43:29.310] [INFO] access - POST /api/act/upload
[2017-12-27 17:46:37.261] [INFO] access - POST /api/act/upload
[2017-12-27 17:46:41.852] [INFO] access - POST /api/act/upload
[2017-12-27 18:00:35.240] [INFO] access - POST /api/act/upload
[2017-12-27 18:00:41.119] [INFO] access - POST /api/act/upload
[2017-12-27 18:01:16.274] [INFO] access - POST /api/act/upload
[2017-12-27 18:02:00.621] [INFO] access - POST /api/act/upload
[2017-12-27 18:02:40.903] [INFO] access - POST /api/act/upload
[2017-12-27 18:02:48.476] [INFO] access - POST /api/act/upload
[2017-12-27 18:03:02.408] [INFO] access - POST /api/act/upload
[2017-12-27 18:03:48.945] [INFO] access - POST /api/act/upload
[2017-12-27 18:07:19.796] [INFO] access - POST /api/act/upload
[2017-12-27 18:07:25.050] [INFO] access - POST /api/act/upload
[2017-12-27 18:08:04.065] [INFO] access - POST /api/act/upload
[2017-12-27 18:12:24.744] [WARN] access - GET /api/menu/listsTree
[2017-12-27 18:12:24.755] [WARN] access - GET /api/user/userInfo
[2017-12-27 18:12:24.769] [INFO] access - GET /api/act/tpl/24
[2017-12-27 18:13:05.918] [INFO] access - POST /api/act/upload
[2017-12-27 18:24:11.085] [WARN] access - GET /api/menu/listsTree
[2017-12-27 18:24:11.096] [WARN] access - GET /api/user/userInfo
[2017-12-27 18:24:11.112] [INFO] access - GET /api/act/tpl/24
[2017-12-27 18:37:52.284] [WARN] access - GET /api/menu/listsTree
[2017-12-27 18:37:52.292] [WARN] access - GET /api/user/userInfo
[2017-12-27 18:37:52.297] [INFO] access - GET /api/act/tpl/24
[2017-12-27 18:37:58.143] [INFO] access - POST /api/act/upload
[2017-12-27 18:39:39.453] [INFO] access - POST /api/act/upload
[2017-12-27 18:56:11.638] [WARN] access - GET /api/menu/listsTree
[2017-12-27 18:56:11.646] [WARN] access - GET /api/user/userInfo
[2017-12-27 18:56:11.651] [INFO] access - GET /api/act/tpl/24
[2017-12-27 19:01:18.986] [WARN] access - GET /api/menu/listsTree
[2017-12-27 19:01:18.994] [WARN] access - GET /api/user/userInfo
[2017-12-27 19:01:18.999] [INFO] access - GET /api/act/tpl/24
[2017-12-27 19:03:13.501] [WARN] access - GET /api/menu/listsTree
[2017-12-27 19:03:13.507] [WARN] access - GET /api/user/userInfo
[2017-12-27 19:03:13.512] [INFO] access - GET /api/act/tpl/24
[2017-12-27 19:03:53.010] [INFO] access - POST /api/act/upload
[2017-12-27 19:05:40.574] [INFO] access - POST /api/act/upload
[2017-12-27 19:07:11.887] [WARN] access - GET /api/menu/listsTree
[2017-12-27 19:07:11.904] [WARN] access - GET /api/user/userInfo
[2017-12-27 19:07:11.925] [INFO] access - GET /api/act/tpl/24
[2017-12-27 19:07:24.866] [INFO] access - POST /api/act/upload
[2017-12-27 19:08:09.113] [WARN] access - GET /api/menu/listsTree
[2017-12-27 19:08:09.118] [WARN] access - GET /api/user/userInfo
[2017-12-27 19:08:09.139] [INFO] access - GET /api/act/tpl/24
[2017-12-27 19:08:17.099] [INFO] access - POST /api/act/upload
[2017-12-27 19:08:32.861] [INFO] access - POST /api/act/upload
[2017-12-27 19:13:23.670] [WARN] access - GET /api/menu/listsTree
[2017-12-27 19:13:23.676] [WARN] access - GET /api/user/userInfo
[2017-12-27 19:13:23.680] [INFO] access - GET /api/act/tpl/24
[2017-12-27 19:13:32.553] [INFO] access - POST /api/act/upload
[2017-12-27 19:13:48.404] [INFO] access - POST /api/act/upload
[2017-12-27 19:16:15.454] [INFO] access - POST /api/act/upload
[2017-12-27 19:17:30.074] [INFO] access - POST /api/act/upload
[2017-12-27 19:17:43.308] [INFO] access - POST /api/act/upload
[2017-12-27 19:20:09.542] [INFO] access - POST /api/act/upload
[2017-12-27 19:21:41.446] [INFO] access - POST /api/act/upload
[2017-12-27 19:23:19.276] [INFO] access - POST /api/act/upload
[2017-12-27 19:26:49.030] [WARN] access - GET /api/menu/listsTree
[2017-12-27 19:26:49.043] [WARN] access - GET /api/user/userInfo
[2017-12-27 19:26:49.051] [INFO] access - GET /api/act/tpl/24
[2017-12-27 19:28:13.689] [INFO] access - POST /api/act/upload
[2017-12-27 19:30:38.409] [WARN] access - GET /api/menu/listsTree
[2017-12-27 19:30:38.414] [WARN] access - GET /api/user/userInfo
[2017-12-27 19:30:38.419] [INFO] access - GET /api/act/tpl/24
[2017-12-27 19:32:22.778] [WARN] access - GET /api/menu/listsTree
[2017-12-27 19:32:22.790] [WARN] access - GET /api/user/userInfo
[2017-12-27 19:32:22.798] [INFO] access - GET /api/act/tpl/24
[2017-12-27 19:33:03.917] [WARN] access - GET /api/menu/listsTree
[2017-12-27 19:33:03.924] [WARN] access - GET /api/user/userInfo
[2017-12-27 19:33:03.929] [INFO] access - GET /api/act/tpl/24
