[2018-03-29 14:39:03.516] [INFO] access - GET /api/act/101
[2018-03-29 14:39:03.521] [WARN] access - GET /api/act/config/lists
[2018-03-29 14:40:09.629] [WARN] access - GET /api/act/config/lists?keys=
[2018-03-29 14:40:22.762] [WARN] access - GET /api/act/tpl/lists
[2018-03-29 14:40:22.804] [WARN] access - GET /images/act_tpl_image/1520574967573.jpg
[2018-03-29 14:40:22.809] [WARN] access - GET /images/act_tpl_image/1520488106123.png
[2018-03-29 14:40:27.063] [INFO] access - GET /api/act/tpl/53
[2018-03-29 14:40:38.833] [WARN] access - GET /api/act/config/lists?keys=
[2018-03-29 16:28:41.314] [INFO] access - GET /api/contracts/type/lists?keys=
[2018-03-29 16:28:46.583] [WARN] access - GET /api/contracts/lists?keys=
[2018-03-29 16:28:50.085] [INFO] access - GET /api/contracts/history/lists?keys=&pageSize=15&pageIndex=1
[2018-03-29 16:28:51.934] [WARN] access - GET /api/contracts/lists?keys=
[2018-03-29 16:29:24.892] [INFO] access - GET /api/contracts/type/lists
[2018-03-29 16:35:50.408] [WARN] access - GET /api/user/userInfo
[2018-03-29 16:35:51.563] [WARN] access - GET /api/user/userInfo
[2018-03-29 16:35:51.582] [WARN] access - GET /api/menu/listsTree
[2018-03-29 16:35:51.593] [WARN] access - GET /api/contracts/type/lists
[2018-03-29 17:00:31.022] [WARN] access - GET /api/user/userInfo
[2018-03-29 17:00:31.034] [WARN] access - GET /api/menu/listsTree
[2018-03-29 17:00:31.039] [WARN] access - GET /api/contracts/type/lists
[2018-03-29 17:00:58.214] [WARN] access - GET /api/menu/listsTree
[2018-03-29 17:00:58.229] [WARN] access - GET /api/user/userInfo
[2018-03-29 17:00:58.239] [WARN] access - GET /api/contracts/type/lists
[2018-03-29 17:01:04.594] [WARN] access - GET /api/contracts/lists?keys=
[2018-03-29 17:01:10.360] [INFO] access - POST /api/contracts/2
[2018-03-29 17:01:10.424] [INFO] access - GET /api/contracts/lists?keys=
[2018-03-29 17:02:49.320] [WARN] access - GET /api/menu/listsTree
[2018-03-29 17:02:49.325] [WARN] access - GET /api/user/userInfo
[2018-03-29 17:02:49.639] [WARN] access - GET /api/contracts/lists?keys=
[2018-03-29 17:04:10.481] [WARN] access - GET /api/menu/listsTree
[2018-03-29 17:04:10.485] [WARN] access - GET /api/user/userInfo
[2018-03-29 17:04:10.721] [WARN] access - GET /api/contracts/lists?keys=
