[2018-05-28 10:35:13.742] [WARN] access - GET /api/user/userInfo
[2018-05-28 10:35:13.759] [WARN] access - GET /api/menu/listsTree
[2018-05-28 10:35:13.763] [INFO] access - GET /api/act/tpl/60
[2018-05-28 10:35:13.770] [WARN] access - GET /api/act/config/lists
[2018-05-28 10:54:48.286] [WARN] access - GET /api/menu/listsTree
[2018-05-28 10:54:48.297] [WARN] access - GET /api/user/userInfo
[2018-05-28 10:54:48.311] [WARN] access - GET /api/act/config/lists
[2018-05-28 10:54:48.384] [INFO] access - GET /api/act/tpl/60
[2018-05-28 10:55:05.162] [INFO] access - POST /api/act/upload
[2018-05-28 11:08:34.480] [WARN] access - GET /api/menu/listsTree
[2018-05-28 11:08:34.516] [WARN] access - GET /api/user/userInfo
[2018-05-28 11:08:34.525] [INFO] access - GET /api/act/tpl/60
[2018-05-28 11:08:34.530] [WARN] access - GET /api/act/config/lists
[2018-05-28 11:09:35.017] [WARN] access - GET /api/menu/listsTree
[2018-05-28 11:09:35.021] [WARN] access - GET /api/user/userInfo
[2018-05-28 11:09:35.027] [INFO] access - GET /api/act/tpl/60
[2018-05-28 11:09:35.031] [WARN] access - GET /api/act/config/lists
[2018-05-28 11:09:59.874] [WARN] access - GET /api/menu/listsTree
[2018-05-28 11:09:59.883] [WARN] access - GET /api/user/userInfo
[2018-05-28 11:09:59.903] [INFO] access - GET /api/act/tpl/60
[2018-05-28 11:09:59.909] [WARN] access - GET /api/act/config/lists
[2018-05-28 11:10:14.740] [INFO] access - POST /api/act/upload
[2018-05-28 11:10:58.615] [WARN] access - GET /api/menu/listsTree
[2018-05-28 11:10:58.620] [WARN] access - GET /api/user/userInfo
[2018-05-28 11:10:58.650] [INFO] access - GET /api/act/tpl/60
[2018-05-28 11:10:58.656] [WARN] access - GET /api/act/config/lists
[2018-05-28 11:11:07.477] [INFO] access - POST /api/act/upload
[2018-05-28 11:12:24.180] [WARN] access - GET /api/menu/listsTree
[2018-05-28 11:12:24.206] [WARN] access - GET /api/user/userInfo
[2018-05-28 11:12:24.229] [INFO] access - GET /api/act/tpl/60
[2018-05-28 11:12:24.236] [WARN] access - GET /api/act/config/lists
[2018-05-28 11:16:35.378] [WARN] access - GET /api/menu/listsTree
[2018-05-28 11:16:35.387] [WARN] access - GET /api/user/userInfo
[2018-05-28 11:16:35.393] [INFO] access - GET /api/act/tpl/60
[2018-05-28 11:16:35.397] [WARN] access - GET /api/act/config/lists
[2018-05-28 11:20:09.517] [WARN] access - GET /api/menu/listsTree
[2018-05-28 11:20:09.555] [WARN] access - GET /api/user/userInfo
[2018-05-28 11:20:09.564] [INFO] access - GET /api/act/tpl/60
[2018-05-28 11:20:09.570] [WARN] access - GET /api/act/config/lists
[2018-05-28 12:00:11.239] [WARN] access - GET /api/user/userInfo
[2018-05-28 12:00:11.286] [WARN] access - GET /api/menu/listsTree
[2018-05-28 12:00:11.300] [WARN] access - GET /api/act/config/lists
[2018-05-28 12:00:11.309] [INFO] access - GET /api/act/tpl/60
[2018-05-28 13:47:27.934] [INFO] access - GET /api/news/lists?keys=&pageIndex=1&pageSize=15
[2018-05-28 13:47:30.542] [WARN] access - GET /api/news/type/alllists
[2018-05-28 13:47:30.690] [INFO] access - GET /api/news/ueditor/?action=config&&noCache=1527486450597
[2018-05-28 13:47:37.242] [INFO] access - POST /api/news/ueditor?action=upload
[2018-05-28 13:49:55.564] [WARN] access - GET /api/menu/listsTree
[2018-05-28 13:49:55.577] [WARN] access - GET /api/user/userInfo
[2018-05-28 13:49:55.582] [WARN] access - GET /api/news/type/alllists
[2018-05-28 13:49:56.241] [INFO] access - GET /api/news/ueditor/?action=config&&noCache=1527486596163
[2018-05-28 13:50:01.806] [INFO] access - POST /api/news/ueditor?action=upload
[2018-05-28 13:50:29.212] [WARN] access - GET /api/menu/listsTree
[2018-05-28 13:50:29.220] [WARN] access - GET /api/user/userInfo
[2018-05-28 13:50:29.230] [WARN] access - GET /api/news/type/alllists
[2018-05-28 13:50:29.800] [INFO] access - GET /api/news/ueditor/?action=config&&noCache=1527486629679
[2018-05-28 13:50:35.566] [INFO] access - POST /api/news/ueditor?action=upload
[2018-05-28 13:53:24.826] [WARN] access - GET /api/menu/listsTree
[2018-05-28 13:53:24.842] [WARN] access - GET /api/user/userInfo
[2018-05-28 13:53:24.855] [WARN] access - GET /api/news/type/alllists
[2018-05-28 13:53:25.506] [INFO] access - GET /api/news/ueditor/?action=config&&noCache=1527486805426
[2018-05-28 13:53:33.685] [INFO] access - POST /api/news/ueditor?action=upload
[2018-05-28 13:55:21.904] [WARN] access - GET /api/menu/listsTree
[2018-05-28 13:55:21.925] [WARN] access - GET /api/user/userInfo
[2018-05-28 13:55:21.931] [WARN] access - GET /api/news/type/alllists
[2018-05-28 13:55:22.575] [INFO] access - GET /api/news/ueditor/?action=config&&noCache=1527486922493
[2018-05-28 13:55:40.585] [WARN] access - GET /api/user/userInfo
[2018-05-28 13:55:40.591] [WARN] access - GET /api/menu/listsTree
[2018-05-28 13:55:40.595] [WARN] access - GET /api/news/type/alllists
[2018-05-28 13:55:41.144] [INFO] access - GET /api/news/ueditor/?action=config&&noCache=1527486941001
[2018-05-28 13:55:55.104] [INFO] access - POST /api/news/ueditor?action=upload
[2018-05-28 13:56:38.193] [WARN] access - GET /api/menu/listsTree
[2018-05-28 13:56:38.201] [WARN] access - GET /api/user/userInfo
[2018-05-28 13:56:38.206] [WARN] access - GET /api/news/type/alllists
[2018-05-28 13:56:38.730] [INFO] access - GET /api/news/ueditor/?action=config&&noCache=1527486998654
[2018-05-28 13:56:43.352] [INFO] access - POST /api/news/ueditor?action=upload
[2018-05-28 13:56:56.053] [WARN] access - GET /api/user/userInfo
[2018-05-28 13:56:56.062] [WARN] access - GET /api/menu/listsTree
[2018-05-28 13:56:56.067] [WARN] access - GET /api/news/type/alllists
[2018-05-28 13:56:56.622] [INFO] access - GET /api/news/ueditor/?action=config&&noCache=1527487016536
[2018-05-28 13:57:04.975] [INFO] access - POST /api/news/ueditor?action=upload
[2018-05-28 14:00:16.574] [WARN] access - GET /api/user/userInfo
[2018-05-28 14:00:16.582] [WARN] access - GET /api/menu/listsTree
[2018-05-28 14:00:16.588] [WARN] access - GET /api/news/type/alllists
[2018-05-28 14:00:17.051] [INFO] access - GET /api/news/ueditor?action=config&&noCache=1527487217026
[2018-05-28 14:00:22.697] [INFO] access - POST /api/news/ueditor?action=upload
[2018-05-28 14:00:49.483] [WARN] access - GET /api/menu/listsTree
[2018-05-28 14:00:49.504] [WARN] access - GET /api/user/userInfo
[2018-05-28 14:00:49.510] [WARN] access - GET /api/news/type/alllists
[2018-05-28 14:00:49.959] [INFO] access - GET /api/news/ueditor?action=config&&noCache=1527487249935
[2018-05-28 14:00:54.611] [INFO] access - POST /api/news/ueditor?action=upload
[2018-05-28 14:06:48.908] [WARN] access - GET /api/menu/listsTree
[2018-05-28 14:06:48.931] [WARN] access - GET /api/user/userInfo
[2018-05-28 14:06:48.945] [WARN] access - GET /api/news/type/alllists
[2018-05-28 14:06:49.399] [INFO] access - GET /api/news/ueditor?action=config&&noCache=1527487609362
[2018-05-28 14:06:55.057] [INFO] access - POST /api/news/ueditor?action=upload
[2018-05-28 14:07:14.246] [WARN] access - GET /api/user/userInfo
[2018-05-28 14:07:14.251] [WARN] access - GET /api/menu/listsTree
[2018-05-28 14:07:14.258] [WARN] access - GET /api/news/type/alllists
[2018-05-28 14:07:14.697] [INFO] access - GET /api/news/ueditor?action=config&&noCache=1527487634626
[2018-05-28 14:07:19.013] [INFO] access - POST /api/news/ueditor?action=upload
[2018-05-28 14:10:09.507] [INFO] access - GET /api/logs/lists?keys=&pageSize=15&pageIndex=1
[2018-05-28 14:10:10.454] [INFO] access - GET /api/config/lists?keys=&pageSize=15&pageIndex=1
[2018-05-28 14:11:24.888] [WARN] access - GET /api/news/lists?keys=&pageIndex=1&pageSize=15
[2018-05-28 14:11:29.558] [WARN] access - GET /api/news/type/alllists
[2018-05-28 14:11:29.766] [INFO] access - GET /api/news/ueditor?action=config&&noCache=1527487889072
[2018-05-28 14:11:46.787] [WARN] access - GET /api/user/userInfo
[2018-05-28 14:11:46.810] [WARN] access - GET /api/menu/listsTree
[2018-05-28 14:11:46.833] [WARN] access - GET /api/news/type/alllists
[2018-05-28 14:11:47.317] [INFO] access - GET /api/news/ueditor?action=config&&noCache=1527487907225
[2018-05-28 14:11:51.316] [INFO] access - POST /api/news/ueditor?action=upload
[2018-05-28 14:13:24.619] [WARN] access - GET /api/user/userInfo
[2018-05-28 14:13:24.635] [WARN] access - GET /api/menu/listsTree
[2018-05-28 14:13:24.658] [WARN] access - GET /api/news/type/alllists
[2018-05-28 14:13:25.105] [INFO] access - GET /api/news/ueditor?action=config&&noCache=1527488005067
[2018-05-28 14:13:29.457] [INFO] access - POST /api/news/ueditor?action=upload
[2018-05-28 14:14:06.900] [WARN] access - GET /api/user/userInfo
[2018-05-28 14:14:06.907] [WARN] access - GET /api/menu/listsTree
[2018-05-28 14:14:06.916] [WARN] access - GET /api/news/type/alllists
[2018-05-28 14:14:07.483] [INFO] access - GET /api/news/ueditor?action=config&&noCache=1527488047387
[2018-05-28 14:14:11.614] [INFO] access - POST /api/news/ueditor?action=upload
[2018-05-28 14:19:17.442] [INFO] access - POST /api/news/ueditor?action=upload
[2018-05-28 14:19:35.229] [WARN] access - GET /api/menu/listsTree
[2018-05-28 14:19:35.237] [WARN] access - GET /api/user/userInfo
[2018-05-28 14:19:35.243] [WARN] access - GET /api/news/type/alllists
[2018-05-28 14:19:35.762] [INFO] access - GET /api/news/ueditor?action=config&&noCache=1527488375649
[2018-05-28 14:23:15.045] [WARN] access - GET /api/menu/listsTree
[2018-05-28 14:23:15.051] [WARN] access - GET /api/user/userInfo
[2018-05-28 14:23:15.058] [WARN] access - GET /api/news/type/alllists
[2018-05-28 14:23:15.591] [INFO] access - GET /api/news/ueditor?action=config&&noCache=1527488595505
[2018-05-28 14:23:26.702] [WARN] access - GET /api/user/userInfo
[2018-05-28 14:23:26.708] [WARN] access - GET /api/menu/listsTree
[2018-05-28 14:23:26.746] [WARN] access - GET /api/news/type/alllists
[2018-05-28 14:23:27.167] [INFO] access - GET /api/news/ueditor?action=config&&noCache=1527488607105
[2018-05-28 14:24:01.130] [WARN] access - GET /api/user/userInfo
[2018-05-28 14:24:01.165] [WARN] access - GET /api/menu/listsTree
[2018-05-28 14:24:01.183] [WARN] access - GET /api/news/type/alllists
[2018-05-28 14:24:01.544] [INFO] access - GET /api/news/ueditor?action=config&&noCache=1527488641471
[2018-05-28 14:24:41.026] [WARN] access - GET /api/user/userInfo
[2018-05-28 14:24:41.054] [WARN] access - GET /api/menu/listsTree
[2018-05-28 14:24:41.080] [WARN] access - GET /api/news/type/alllists
[2018-05-28 14:24:41.497] [INFO] access - GET /api/news/ueditor?action=config&&noCache=1527488681448
[2018-05-28 14:28:10.747] [WARN] access - GET /api/user/userInfo
[2018-05-28 14:28:10.754] [WARN] access - GET /api/menu/listsTree
[2018-05-28 14:28:10.759] [WARN] access - GET /api/news/type/alllists
[2018-05-28 14:28:11.213] [INFO] access - GET /api/news/ueditor?action=config&&noCache=1527488891158
[2018-05-28 14:28:38.881] [WARN] access - GET /api/user/userInfo
[2018-05-28 14:28:38.894] [WARN] access - GET /api/menu/listsTree
[2018-05-28 14:28:38.899] [WARN] access - GET /api/news/type/alllists
[2018-05-28 14:28:39.379] [INFO] access - GET /api/news/ueditor?action=config&&noCache=1527488919336
[2018-05-28 14:29:23.843] [WARN] access - GET /api/user/userInfo
[2018-05-28 14:29:23.860] [WARN] access - GET /api/menu/listsTree
[2018-05-28 14:29:23.872] [WARN] access - GET /api/news/type/alllists
[2018-05-28 14:29:24.346] [INFO] access - GET /api/news/ueditor?action=config&&noCache=1527488964274
[2018-05-28 14:32:13.560] [WARN] access - GET /api/user/userInfo
[2018-05-28 14:32:13.576] [WARN] access - GET /api/menu/listsTree
[2018-05-28 14:32:13.582] [WARN] access - GET /api/news/type/alllists
[2018-05-28 14:32:14.146] [INFO] access - GET /api/news/ueditor?action=config&&noCache=1527489134078
[2018-05-28 14:33:28.376] [WARN] access - GET /api/user/userInfo
[2018-05-28 14:33:28.385] [WARN] access - GET /api/menu/listsTree
[2018-05-28 14:33:28.393] [WARN] access - GET /api/news/type/alllists
[2018-05-28 14:33:28.890] [INFO] access - GET /api/news/ueditor?action=config&&noCache=1527489208830
[2018-05-28 14:37:47.510] [WARN] access - GET /api/user/userInfo
[2018-05-28 14:37:47.531] [WARN] access - GET /api/menu/listsTree
[2018-05-28 14:37:47.545] [WARN] access - GET /api/news/type/alllists
[2018-05-28 14:37:48.055] [INFO] access - GET /api/news/ueditor?action=config&&noCache=1527489468014
[2018-05-28 14:37:51.825] [INFO] access - POST /api/news/ueditor?action=upload
[2018-05-28 14:46:42.793] [WARN] access - GET /temp/1527489471798.png
[2018-05-28 14:46:45.089] [INFO] access - GET /api/news/ueditor?action=&start=0&noCache=1527490005068
[2018-05-28 14:52:43.981] [WARN] access - GET /api/user/userInfo
[2018-05-28 14:52:43.988] [WARN] access - GET /api/menu/listsTree
[2018-05-28 14:52:43.993] [WARN] access - GET /api/news/type/alllists
[2018-05-28 14:52:44.513] [INFO] access - GET /api/news/ueditor?action=config&&noCache=1527490364484
[2018-05-28 14:52:48.537] [INFO] access - POST /api/news/ueditor?action=upload
[2018-05-28 14:55:15.025] [WARN] access - GET /api/user/userInfo
[2018-05-28 14:55:15.039] [WARN] access - GET /api/menu/listsTree
[2018-05-28 14:55:15.068] [WARN] access - GET /api/news/type/alllists
[2018-05-28 14:55:15.471] [INFO] access - GET /api/news/ueditor?action=config&&noCache=1527490515442
[2018-05-28 14:58:00.408] [INFO] access - GET /api/news/ueditor?action=config&&noCache=1527490680342
[2018-05-28 14:58:28.238] [WARN] access - GET /api/user/userInfo
[2018-05-28 14:58:28.244] [WARN] access - GET /api/menu/listsTree
[2018-05-28 14:58:28.249] [WARN] access - GET /api/news/type/alllists
[2018-05-28 14:58:28.771] [INFO] access - GET /api/news/ueditor?action=config&&noCache=1527490708745
[2018-05-28 14:58:34.528] [INFO] access - POST /api/news/ueditor?action=upload
[2018-05-28 15:01:30.662] [WARN] access - GET /api/menu/listsTree
[2018-05-28 15:01:30.667] [WARN] access - GET /api/user/userInfo
[2018-05-28 15:01:30.671] [WARN] access - GET /api/news/type/alllists
[2018-05-28 15:01:31.163] [INFO] access - GET /api/news/ueditor?action=config&&noCache=1527490891141
[2018-05-28 15:01:47.740] [INFO] access - POST /api/signin
[2018-05-28 15:01:47.839] [INFO] access - GET /api/menu/listsTree
[2018-05-28 15:01:47.846] [INFO] access - GET /api/user/userInfo
[2018-05-28 15:01:50.793] [INFO] access - GET /api/news/lists?keys=&pageIndex=1&pageSize=15
[2018-05-28 15:01:52.342] [INFO] access - GET /api/news/type/alllists
[2018-05-28 15:01:52.392] [INFO] access - GET /api/news/ueditor?action=config&&noCache=1527490912366
[2018-05-28 15:03:27.556] [WARN] access - GET /api/user/userInfo
[2018-05-28 15:03:27.564] [WARN] access - GET /api/menu/listsTree
[2018-05-28 15:03:27.571] [WARN] access - GET /api/news/type/alllists
[2018-05-28 15:03:28.066] [INFO] access - GET /api/news/ueditor?action=config&&noCache=1527491008035
[2018-05-28 15:03:33.653] [WARN] access - GET /api/menu/listsTree
[2018-05-28 15:03:33.665] [WARN] access - GET /api/user/userInfo
[2018-05-28 15:03:33.673] [WARN] access - GET /api/news/type/alllists
[2018-05-28 15:03:34.080] [INFO] access - GET /api/news/ueditor?action=config&&noCache=1527491014061
[2018-05-28 15:03:39.523] [WARN] access - GET /api/menu/listsTree
[2018-05-28 15:03:39.540] [WARN] access - GET /api/user/userInfo
[2018-05-28 15:03:39.545] [WARN] access - GET /api/news/type/alllists
[2018-05-28 15:03:40.022] [INFO] access - GET /api/news/ueditor?action=config&&noCache=1527491020000
[2018-05-28 15:03:53.791] [ERROR] access - POST /api/news/ueditor?action=/api/news/uploadImg
[2018-05-28 15:05:42.037] [INFO] access - POST /api/signin
[2018-05-28 15:05:42.142] [INFO] access - GET /api/menu/listsTree
[2018-05-28 15:05:42.152] [INFO] access - GET /api/user/userInfo
[2018-05-28 15:05:46.363] [INFO] access - GET /api/news/lists?keys=&pageIndex=1&pageSize=15
[2018-05-28 15:05:47.722] [INFO] access - GET /api/news/type/alllists
[2018-05-28 15:05:47.774] [INFO] access - GET /api/news/ueditor?action=config&&noCache=1527491147752
[2018-05-28 15:05:51.870] [ERROR] access - POST /api/news/ueditor?action=/api/news/uploadImg
[2018-05-28 15:06:10.923] [INFO] access - GET /api/news/ueditor?action=config&&noCache=1527491170898
[2018-05-28 16:08:27.844] [WARN] access - GET /api/menu/listsTree
[2018-05-28 16:08:27.851] [WARN] access - GET /api/user/userInfo
[2018-05-28 16:08:27.855] [WARN] access - GET /api/news/type/alllists
[2018-05-28 16:08:28.242] [INFO] access - GET /api/news/ueditor?action=config&&noCache=1527494908223
[2018-05-28 16:13:17.711] [ERROR] access - POST /api/news/ueditor?action=/api/news/uploadImg
[2018-05-28 17:47:13.713] [WARN] access - GET /api/menu/listsTree
[2018-05-28 17:47:13.724] [WARN] access - GET /api/user/userInfo
[2018-05-28 17:47:13.786] [WARN] access - GET /api/news/type/alllists
[2018-05-28 17:47:14.470] [INFO] access - GET /api/news/ueditor?action=config&&noCache=1527500834445
[2018-05-28 17:47:17.559] [INFO] access - GET /api/files/type/lists?keys=
[2018-05-28 17:47:17.564] [INFO] access - GET /api/files/type/treeList
[2018-05-28 17:59:56.394] [WARN] access - GET /api/news/lists?keys=&pageIndex=1&pageSize=15
[2018-05-28 18:00:02.453] [WARN] access - GET /api/news/type/alllists
[2018-05-28 18:00:02.492] [INFO] access - GET /api/news/ueditor?action=config&&noCache=1527501602468
[2018-05-28 18:00:13.770] [ERROR] access - POST /api/news/ueditor?action=/api/news/uploadImg
[2018-05-28 18:01:06.125] [INFO] access - POST /api/signin
[2018-05-28 18:01:06.265] [INFO] access - GET /api/menu/listsTree
[2018-05-28 18:01:06.275] [INFO] access - GET /api/user/userInfo
[2018-05-28 18:01:10.057] [INFO] access - GET /api/news/lists?keys=&pageIndex=1&pageSize=15
[2018-05-28 18:01:15.391] [INFO] access - GET /api/news/type/alllists
[2018-05-28 18:01:15.428] [INFO] access - GET /api/news/ueditor?action=config&&noCache=1527501675406
[2018-05-28 18:01:21.887] [ERROR] access - POST /api/news/ueditor?action=upload
[2018-05-28 18:02:30.291] [INFO] access - GET /api/logs/lists?keys=&pageSize=15&pageIndex=1
[2018-05-28 18:03:25.964] [WARN] access - GET /api/news/lists?keys=&pageIndex=1&pageSize=15
[2018-05-28 18:03:28.135] [WARN] access - GET /api/news/type/alllists
[2018-05-28 18:03:28.159] [INFO] access - GET /api/news/ueditor?action=config&&noCache=1527501808137
[2018-05-28 18:03:33.557] [ERROR] access - POST /api/news/ueditor?action=upload
[2018-05-28 18:19:59.925] [WARN] access - GET /api/user/userInfo
[2018-05-28 18:19:59.933] [WARN] access - GET /api/news/type/alllists
[2018-05-28 18:19:59.944] [WARN] access - GET /api/menu/listsTree
[2018-05-28 18:20:00.620] [INFO] access - GET /api/news/ueditor?action=config&&noCache=1527502800598
[2018-05-28 18:20:14.942] [ERROR] access - POST /api/news/ueditor?action=upload
[2018-05-28 18:20:18.272] [WARN] access - GET /api/user/userInfo
[2018-05-28 18:20:18.303] [WARN] access - GET /api/menu/listsTree
[2018-05-28 18:20:18.309] [WARN] access - GET /api/news/type/alllists
[2018-05-28 18:20:19.157] [INFO] access - GET /api/news/ueditor?action=config&&noCache=1527502819137
[2018-05-28 18:21:02.931] [WARN] access - GET /api/user/userInfo
[2018-05-28 18:21:02.938] [WARN] access - GET /api/menu/listsTree
[2018-05-28 18:21:02.942] [WARN] access - GET /api/news/type/alllists
[2018-05-28 18:21:03.732] [INFO] access - GET /api/news/ueditor?action=config&&noCache=1527502863708
[2018-05-28 18:21:08.351] [INFO] access - POST /api/news/ueditor?action=upload
[2018-05-28 18:21:45.354] [WARN] access - GET /api/menu/listsTree
[2018-05-28 18:21:45.361] [WARN] access - GET /api/user/userInfo
[2018-05-28 18:21:45.381] [WARN] access - GET /api/news/type/alllists
[2018-05-28 18:21:46.044] [INFO] access - GET /api/news/ueditor?action=config&&noCache=1527502906027
[2018-05-28 18:21:50.850] [INFO] access - POST /api/news/ueditor?action=upload
[2018-05-28 18:22:03.557] [WARN] access - GET /api/user/userInfo
[2018-05-28 18:22:03.564] [WARN] access - GET /api/menu/listsTree
[2018-05-28 18:22:03.572] [WARN] access - GET /api/news/type/alllists
[2018-05-28 18:22:04.233] [INFO] access - GET /api/news/ueditor?action=config&&noCache=1527502924202
[2018-05-28 18:22:08.323] [INFO] access - POST /api/news/ueditor?action=upload
[2018-05-28 18:22:44.205] [WARN] access - GET /api/menu/listsTree
[2018-05-28 18:22:44.216] [WARN] access - GET /api/user/userInfo
[2018-05-28 18:22:44.222] [WARN] access - GET /api/news/type/alllists
[2018-05-28 18:22:45.079] [INFO] access - GET /api/news/ueditor?action=config&&noCache=1527502965038
[2018-05-28 18:22:49.167] [INFO] access - POST /api/news/ueditor?action=upload
[2018-05-28 18:23:56.144] [WARN] access - GET /api/user/userInfo
[2018-05-28 18:23:56.155] [WARN] access - GET /api/menu/listsTree
[2018-05-28 18:23:56.159] [WARN] access - GET /api/news/type/alllists
[2018-05-28 18:23:56.936] [INFO] access - GET /api/news/ueditor?action=config&&noCache=1527503036911
[2018-05-28 18:24:01.300] [INFO] access - POST /api/news/ueditor?action=upload
[2018-05-28 18:26:23.973] [WARN] access - GET /temp/news/1527503041294.png
[2018-05-28 18:26:27.734] [INFO] access - GET /api/news/ueditor?action=&start=0&noCache=1527503187709
[2018-05-28 18:27:41.455] [INFO] access - POST /api/news/ueditor?action=upload&encode=utf-8
[2018-05-28 18:27:58.365] [INFO] access - GET /api/news/ueditor?action=&start=0&noCache=1527503278342
[2018-05-28 18:28:50.697] [INFO] access - GET /api/news/ueditor?action=&start=0&noCache=1527503330672
[2018-05-28 18:42:00.709] [WARN] access - GET /api/user/userInfo
[2018-05-28 18:42:00.716] [WARN] access - GET /api/menu/listsTree
[2018-05-28 18:42:00.728] [WARN] access - GET /api/news/type/alllists
[2018-05-28 18:42:01.230] [INFO] access - GET /api/news/ueditor?action=config&&noCache=1527504121152
[2018-05-28 18:47:23.920] [WARN] access - GET /api/menu/listsTree
[2018-05-28 18:47:23.925] [WARN] access - GET /api/user/userInfo
[2018-05-28 18:47:23.931] [WARN] access - GET /api/news/type/alllists
[2018-05-28 18:47:24.711] [INFO] access - GET /api/news/ueditor?action=config&&noCache=1527504444608
[2018-05-28 18:47:43.079] [WARN] access - GET /api/user/userInfo
[2018-05-28 18:47:43.087] [WARN] access - GET /api/menu/listsTree
[2018-05-28 18:47:43.095] [WARN] access - GET /api/news/type/alllists
[2018-05-28 18:47:43.735] [INFO] access - GET /api/news/ueditor?action=config&&noCache=1527504463709
[2018-05-28 18:52:40.549] [WARN] access - GET /api/user/userInfo
[2018-05-28 18:52:40.573] [WARN] access - GET /api/menu/listsTree
[2018-05-28 18:52:40.578] [WARN] access - GET /api/news/type/alllists
[2018-05-28 18:52:41.441] [INFO] access - GET /api/news/ueditor?action=config&&noCache=1527504761419
[2018-05-28 18:52:55.308] [INFO] access - POST /api/news/ueditor?action=upload
[2018-05-28 18:52:55.335] [INFO] access - GET /temp/news/1527504775300.png
[2018-05-28 18:58:52.576] [WARN] access - GET /api/menu/listsTree
[2018-05-28 18:58:52.583] [WARN] access - GET /api/user/userInfo
[2018-05-28 18:58:52.591] [WARN] access - GET /api/news/type/alllists
[2018-05-28 18:58:53.117] [INFO] access - GET /api/news/ueditor?action=config&&noCache=1527505133100
[2018-05-28 18:59:09.420] [INFO] access - POST /api/news/ueditor?action=upload
[2018-05-28 18:59:09.447] [INFO] access - GET /temp/news/1527505149413.png
[2018-05-28 18:59:10.667] [INFO] access - POST /api/news/add
[2018-05-28 18:59:11.064] [INFO] access - GET /api/news/lists?keys=&pageIndex=1&pageSize=15
[2018-05-28 18:59:13.528] [INFO] access - GET /api/hetrone/news/313
[2018-05-28 18:59:22.347] [WARN] access - GET /api/news/type/alllists
[2018-05-28 18:59:22.358] [INFO] access - GET /api/news/313
[2018-05-28 18:59:22.464] [INFO] access - GET /api/news/ueditor?action=config&&noCache=1527505162447
[2018-05-28 18:59:22.489] [WARN] access - GET /temp/news/1527505149413.png
[2018-05-28 19:00:28.853] [WARN] access - GET /temp/news/1527505149413.png
[2018-05-28 19:20:46.761] [INFO] access - GET /api/contracts/lists?keys=
[2018-05-28 19:20:51.586] [WARN] access - GET /api/news/lists?keys=&pageIndex=1&pageSize=15
[2018-05-28 19:20:54.359] [WARN] access - GET /api/hetrone/news/313
[2018-05-28 19:34:44.712] [INFO] access - GET /api/config/lists?keys=&pageSize=15&pageIndex=1
