[2018-03-22 10:43:54.349] [WARN] access - GET /api/act/tpl/lists
[2018-03-22 10:43:54.385] [WARN] access - GET /images/act_tpl_image/1520574967573.jpg
[2018-03-22 10:43:54.390] [WARN] access - GET /images/act_tpl_image/1520488106123.png
[2018-03-22 10:43:55.990] [WARN] access - GET /api/act/lists?keys=&pageSize=15&pageIndex=1
[2018-03-22 11:47:10.132] [INFO] access - GET /api/config/lists?keys=&pageSize=15&pageIndex=1
[2018-03-22 14:26:48.684] [WARN] access - GET /api/act/lists?keys=&pageSize=15&pageIndex=1
[2018-03-22 14:26:51.575] [INFO] access - GET /api/act/95
[2018-03-22 14:26:59.677] [WARN] access - GET /api/act/tpl/lists
[2018-03-22 14:26:59.708] [WARN] access - GET /images/act_tpl_image/1520574967573.jpg
[2018-03-22 14:26:59.713] [WARN] access - GET /images/act_tpl_image/1520488106123.png
[2018-03-22 14:27:08.057] [INFO] access - GET /api/act/tpl/54
[2018-03-22 14:27:34.379] [INFO] access - POST /api/act/upload
[2018-03-22 14:28:09.838] [INFO] access - POST /api/act/upload
[2018-03-22 14:28:33.556] [INFO] access - POST /api/act/upload
[2018-03-22 14:28:37.409] [INFO] access - POST /api/act/draft
[2018-03-22 14:28:37.697] [INFO] access - GET /api/act/lists?keys=&pageSize=15&pageIndex=1
[2018-03-22 14:28:42.003] [INFO] access - DELETE /api/act/96
[2018-03-22 14:28:42.034] [INFO] access - GET /api/act/lists?keys=&pageSize=15&pageIndex=1
[2018-03-22 14:29:37.237] [INFO] access - GET /api/act/97
[2018-03-22 14:29:43.697] [INFO] access - POST /api/act/draft
[2018-03-22 14:29:43.974] [INFO] access - GET /api/act/lists?keys=&pageSize=15&pageIndex=1
[2018-03-22 14:30:41.243] [INFO] access - GET /api/act/97
[2018-03-22 14:30:49.173] [INFO] access - POST /api/act/draft
[2018-03-22 14:30:49.463] [INFO] access - GET /api/act/lists?keys=&pageSize=15&pageIndex=1
[2018-03-22 14:32:03.807] [INFO] access - GET /api/act/97
[2018-03-22 14:32:11.401] [INFO] access - POST /api/act/draft
[2018-03-22 14:32:11.678] [INFO] access - GET /api/act/lists?keys=&pageSize=15&pageIndex=1
[2018-03-22 14:33:44.581] [INFO] access - GET /api/act/97
[2018-03-22 14:33:51.374] [INFO] access - POST /api/act/publish
[2018-03-22 14:34:00.342] [WARN] access - GET /api/user/userInfo
[2018-03-22 14:34:00.356] [WARN] access - GET /api/menu/listsTree
[2018-03-22 14:34:00.361] [INFO] access - GET /api/act/lists?keys=&pageSize=15&pageIndex=1
[2018-03-22 14:35:57.698] [INFO] access - GET /api/act/97
[2018-03-22 14:36:45.230] [WARN] access - GET /api/menu/listsTree
[2018-03-22 14:36:45.234] [WARN] access - GET /api/user/userInfo
[2018-03-22 14:36:45.242] [INFO] access - GET /api/act/97
[2018-03-22 14:36:54.879] [INFO] access - POST /api/act/publish
[2018-03-22 14:42:00.114] [WARN] access - GET /api/act/tpl/lists
[2018-03-22 14:42:00.147] [WARN] access - GET /images/act_tpl_image/1520574967573.jpg
[2018-03-22 14:42:00.151] [WARN] access - GET /images/act_tpl_image/1520488106123.png
[2018-03-22 14:42:00.932] [INFO] access - GET /api/act/lists?keys=&pageSize=15&pageIndex=1
[2018-03-22 14:42:02.824] [INFO] access - GET /api/act/97
[2018-03-22 14:42:05.663] [INFO] access - POST /api/act/publish
[2018-03-22 14:42:05.931] [INFO] access - GET /api/act/lists?keys=&pageSize=15&pageIndex=1
[2018-03-22 14:43:35.181] [INFO] access - GET /api/act/97
[2018-03-22 14:43:38.568] [INFO] access - POST /api/act/publish
[2018-03-22 14:43:38.834] [INFO] access - GET /api/act/lists?keys=&pageSize=15&pageIndex=1
[2018-03-22 14:47:43.835] [INFO] access - GET /api/act/97
[2018-03-22 14:47:46.484] [INFO] access - POST /api/act/publish
[2018-03-22 14:47:46.763] [INFO] access - GET /api/act/lists?keys=&pageSize=15&pageIndex=1
[2018-03-22 14:49:09.096] [INFO] access - GET /api/act/97
[2018-03-22 14:49:11.333] [INFO] access - POST /api/act/publish
[2018-03-22 14:49:11.601] [INFO] access - GET /api/act/lists?keys=&pageSize=15&pageIndex=1
[2018-03-22 14:50:08.014] [INFO] access - GET /api/act/97
[2018-03-22 14:50:15.632] [INFO] access - POST /api/act/publish
[2018-03-22 14:57:40.402] [WARN] access - GET /api/user/userInfo
[2018-03-22 14:57:40.413] [WARN] access - GET /api/menu/listsTree
[2018-03-22 14:57:40.418] [INFO] access - GET /api/act/lists?keys=&pageSize=15&pageIndex=1
[2018-03-22 14:57:42.795] [INFO] access - GET /api/act/97
[2018-03-22 14:57:45.695] [INFO] access - POST /api/act/publish
[2018-03-22 14:57:45.983] [INFO] access - GET /api/act/lists?keys=&pageSize=15&pageIndex=1
[2018-03-22 14:57:53.789] [INFO] access - GET /api/act/97
[2018-03-22 14:57:56.328] [INFO] access - POST /api/act/publish
[2018-03-22 15:53:14.700] [WARN] access - GET /api/user/userInfo
[2018-03-22 15:53:14.709] [WARN] access - GET /api/menu/listsTree
[2018-03-22 15:53:14.713] [INFO] access - GET /api/act/lists?keys=&pageSize=15&pageIndex=1
[2018-03-22 15:53:17.014] [WARN] access - GET /api/menu/listsTree
[2018-03-22 15:53:17.021] [WARN] access - GET /api/user/userInfo
[2018-03-22 15:53:17.049] [WARN] access - GET /api/act/lists?keys=&pageSize=15&pageIndex=1
[2018-03-22 15:53:19.537] [INFO] access - GET /api/act/97
[2018-03-22 15:53:44.083] [ERROR] access - POST /api/act/publish
[2018-03-22 15:54:24.306] [ERROR] access - POST /api/act/publish
[2018-03-22 15:55:13.945] [WARN] access - GET /api/user/userInfo
[2018-03-22 15:55:13.961] [WARN] access - GET /api/menu/listsTree
[2018-03-22 15:55:13.966] [INFO] access - GET /api/act/97
[2018-03-22 15:56:45.681] [ERROR] access - POST /api/act/publish
[2018-03-22 15:58:12.757] [ERROR] access - POST /api/act/publish
[2018-03-22 15:58:16.301] [ERROR] access - POST /api/act/publish
[2018-03-22 15:59:24.487] [ERROR] access - POST /api/act/publish
[2018-03-22 16:00:08.965] [ERROR] access - POST /api/act/publish
[2018-03-22 16:01:48.747] [ERROR] access - POST /api/act/publish
[2018-03-22 16:01:52.209] [ERROR] access - POST /api/act/publish
[2018-03-22 16:02:34.721] [INFO] access - POST /api/act/publish
[2018-03-22 16:02:35.174] [INFO] access - GET /api/act/lists?keys=&pageSize=15&pageIndex=1
[2018-03-22 16:03:41.140] [INFO] access - GET /api/act/97
[2018-03-22 16:03:47.692] [INFO] access - POST /api/act/publish
[2018-03-22 16:03:47.964] [INFO] access - GET /api/act/lists?keys=&pageSize=15&pageIndex=1
[2018-03-22 16:04:40.236] [INFO] access - GET /api/act/97
[2018-03-22 16:04:47.574] [INFO] access - POST /api/act/publish
[2018-03-22 16:10:45.746] [WARN] access - GET /api/act/tpl/lists
[2018-03-22 16:10:45.780] [WARN] access - GET /images/act_tpl_image/1520574967573.jpg
[2018-03-22 16:10:45.784] [WARN] access - GET /images/act_tpl_image/1520488106123.png
[2018-03-22 16:10:46.533] [INFO] access - GET /api/act/lists?keys=&pageSize=15&pageIndex=1
[2018-03-22 16:10:48.217] [INFO] access - GET /api/act/97
[2018-03-22 16:10:54.373] [ERROR] access - POST /api/act/publish
[2018-03-22 16:11:23.545] [INFO] access - POST /api/act/publish
[2018-03-22 16:11:23.807] [INFO] access - GET /api/act/lists?keys=&pageSize=15&pageIndex=1
[2018-03-22 16:13:08.706] [INFO] access - GET /api/act/97
[2018-03-22 16:13:24.748] [INFO] access - POST /api/act/publish
[2018-03-22 16:13:25.015] [INFO] access - GET /api/act/lists?keys=&pageSize=15&pageIndex=1
[2018-03-22 16:15:01.952] [INFO] access - GET /api/act/97
[2018-03-22 16:15:04.412] [INFO] access - POST /api/act/publish
[2018-03-22 16:16:50.216] [WARN] access - GET /api/user/userInfo
[2018-03-22 16:16:50.224] [WARN] access - GET /api/menu/listsTree
[2018-03-22 16:16:50.238] [INFO] access - GET /api/act/lists?keys=&pageSize=15&pageIndex=1
[2018-03-22 16:16:52.402] [INFO] access - GET /api/act/97
[2018-03-22 16:17:01.295] [INFO] access - POST /api/act/publish
[2018-03-22 16:17:01.579] [INFO] access - GET /api/act/lists?keys=&pageSize=15&pageIndex=1
[2018-03-22 16:32:42.805] [INFO] access - GET /api/act/97
[2018-03-22 16:32:47.191] [WARN] access - GET /api/menu/listsTree
[2018-03-22 16:32:47.199] [WARN] access - GET /api/user/userInfo
[2018-03-22 16:32:47.206] [INFO] access - GET /api/act/97
[2018-03-22 16:32:49.266] [WARN] access - GET /api/menu/listsTree
[2018-03-22 16:32:49.306] [WARN] access - GET /api/user/userInfo
[2018-03-22 16:32:49.329] [INFO] access - GET /api/act/97
[2018-03-22 16:35:32.242] [INFO] access - POST /api/act/upload
[2018-03-22 16:44:32.725] [INFO] access - POST /api/act/upload
[2018-03-22 16:44:48.827] [INFO] access - POST /api/act/upload
[2018-03-22 16:44:51.082] [ERROR] access - POST /api/act/publish
[2018-03-22 16:45:40.367] [INFO] access - POST /api/act/publish
[2018-03-22 16:45:40.700] [INFO] access - GET /api/act/lists?keys=&pageSize=15&pageIndex=1
[2018-03-22 16:56:38.947] [INFO] access - GET /api/act/97
[2018-03-22 16:56:45.375] [INFO] access - POST /api/act/upload
[2018-03-22 16:56:58.525] [INFO] access - POST /api/act/upload
[2018-03-22 16:57:12.401] [INFO] access - POST /api/act/upload
[2018-03-22 16:57:16.342] [INFO] access - POST /api/act/publish
[2018-03-22 16:57:16.628] [INFO] access - GET /api/act/lists?keys=&pageSize=15&pageIndex=1
[2018-03-22 16:57:45.027] [INFO] access - GET /api/act/97
[2018-03-22 16:57:52.001] [INFO] access - POST /api/act/upload
[2018-03-22 16:58:02.724] [INFO] access - POST /api/act/publish
[2018-03-22 16:58:03.010] [INFO] access - GET /api/act/lists?keys=&pageSize=15&pageIndex=1
[2018-03-22 16:58:32.176] [INFO] access - GET /api/act/97
[2018-03-22 16:58:38.954] [INFO] access - POST /api/act/upload
[2018-03-22 16:58:42.801] [WARN] access - GET /api/menu/listsTree
[2018-03-22 16:58:42.807] [WARN] access - GET /api/user/userInfo
[2018-03-22 16:58:42.821] [INFO] access - GET /api/act/97
[2018-03-22 16:59:24.910] [WARN] access - GET /api/user/userInfo
[2018-03-22 16:59:24.922] [WARN] access - GET /api/menu/listsTree
[2018-03-22 16:59:24.927] [INFO] access - GET /api/act/97
[2018-03-22 16:59:32.557] [INFO] access - POST /api/act/upload
[2018-03-22 16:59:43.864] [INFO] access - POST /api/act/publish
[2018-03-22 16:59:44.178] [INFO] access - GET /api/act/lists?keys=&pageSize=15&pageIndex=1
[2018-03-22 16:59:49.635] [INFO] access - GET /api/act/97
[2018-03-22 17:00:42.036] [WARN] access - GET /api/user/userInfo
[2018-03-22 17:00:42.048] [WARN] access - GET /api/menu/listsTree
[2018-03-22 17:00:42.058] [INFO] access - GET /api/act/97
[2018-03-22 17:01:14.982] [INFO] access - POST /api/act/upload
[2018-03-22 17:15:24.890] [INFO] access - POST /api/act/publish
[2018-03-22 17:15:25.187] [INFO] access - GET /api/act/lists?keys=&pageSize=15&pageIndex=1
[2018-03-22 17:26:46.323] [INFO] access - GET /api/act/97
[2018-03-22 17:26:59.362] [INFO] access - POST /api/act/upload
[2018-03-22 17:27:27.811] [INFO] access - POST /api/act/upload
[2018-03-22 17:29:16.927] [WARN] access - GET /api/user/userInfo
[2018-03-22 17:29:16.936] [WARN] access - GET /api/menu/listsTree
[2018-03-22 17:29:16.943] [INFO] access - GET /api/act/97
[2018-03-22 17:29:40.306] [WARN] access - GET /api/user/userInfo
[2018-03-22 17:29:40.322] [WARN] access - GET /api/menu/listsTree
[2018-03-22 17:29:40.328] [INFO] access - GET /api/act/97
[2018-03-22 17:29:45.075] [INFO] access - POST /api/act/publish
[2018-03-22 17:30:03.526] [WARN] access - GET /api/user/userInfo
[2018-03-22 17:30:03.539] [WARN] access - GET /api/menu/listsTree
[2018-03-22 17:30:03.547] [INFO] access - GET /api/act/lists?keys=&pageSize=15&pageIndex=1
[2018-03-22 17:30:05.448] [INFO] access - GET /api/act/97
[2018-03-22 17:30:16.105] [INFO] access - POST /api/act/publish
[2018-03-22 17:33:43.241] [WARN] access - GET /api/user/userInfo
[2018-03-22 17:33:43.267] [WARN] access - GET /api/menu/listsTree
[2018-03-22 17:33:43.285] [INFO] access - GET /api/act/lists?keys=&pageSize=15&pageIndex=1
[2018-03-22 17:33:44.925] [INFO] access - GET /api/act/97
[2018-03-22 17:33:47.573] [INFO] access - POST /api/act/publish
[2018-03-22 17:33:47.877] [INFO] access - GET /api/act/lists?keys=&pageSize=15&pageIndex=1
[2018-03-22 17:34:38.937] [INFO] access - GET /api/act/97
[2018-03-22 17:34:52.098] [INFO] access - POST /api/act/upload
[2018-03-22 17:34:54.370] [INFO] access - POST /api/act/publish
[2018-03-22 17:34:54.670] [INFO] access - GET /api/act/lists?keys=&pageSize=15&pageIndex=1
[2018-03-22 20:07:55.724] [WARN] access - GET /api/user/userInfo
[2018-03-22 20:07:55.741] [WARN] access - GET /api/menu/listsTree
[2018-03-22 20:07:56.165] [INFO] access - GET /api/menu/listsTree
[2018-03-22 20:07:56.170] [INFO] access - GET /api/user/userInfo
[2018-03-22 20:07:56.392] [WARN] access - GET /api/menu/listsTree
[2018-03-22 20:07:56.447] [INFO] access - GET /api/menu/lists?keys=
[2018-03-22 20:07:56.453] [WARN] access - GET /api/menu/listsTree
[2018-03-22 20:08:36.112] [INFO] access - POST /api/menu/add
[2018-03-22 20:08:36.146] [INFO] access - GET /api/menu/listsTree
[2018-03-22 20:08:36.155] [INFO] access - GET /api/menu/lists?keys=
[2018-03-22 20:08:36.170] [WARN] access - GET /api/menu/listsTree
[2018-03-22 20:09:06.263] [INFO] access - PUT /api/menu/33
[2018-03-22 20:09:06.289] [INFO] access - GET /api/menu/listsTree
[2018-03-22 20:09:06.294] [INFO] access - GET /api/menu/lists?keys=
[2018-03-22 20:09:06.304] [WARN] access - GET /api/menu/listsTree
[2018-03-22 20:09:14.396] [ERROR] access - GET /api/act/config/lists?keys=
[2018-03-22 20:10:11.195] [WARN] access - GET /api/menu/listsTree
[2018-03-22 20:10:11.202] [WARN] access - GET /api/user/userInfo
[2018-03-22 20:10:11.221] [INFO] access - GET /api/act/config/lists?keys=
[2018-03-22 20:11:22.578] [WARN] access - GET /api/menu/listsTree
[2018-03-22 20:11:22.583] [WARN] access - GET /api/user/userInfo
[2018-03-22 20:15:04.226] [WARN] access - GET /api/act/config/lists?keys=
[2018-03-22 20:17:13.849] [ERROR] access - POST /api/act/config/add
[2018-03-22 20:17:31.792] [ERROR] access - POST /api/act/config/add
[2018-03-22 20:19:37.850] [WARN] access - GET /api/user/userInfo
[2018-03-22 20:19:37.856] [WARN] access - GET /api/menu/listsTree
[2018-03-22 20:19:37.860] [WARN] access - GET /api/act/config/lists?keys=
[2018-03-22 20:19:46.846] [INFO] access - POST /api/act/config/add
[2018-03-22 20:19:46.873] [INFO] access - GET /api/act/config/lists?keys=
[2018-03-22 20:19:50.562] [WARN] access - GET /api/menu/listsTree
[2018-03-22 20:19:50.567] [WARN] access - GET /api/user/userInfo
[2018-03-22 20:19:50.580] [WARN] access - GET /api/act/config/lists?keys=
[2018-03-22 20:20:25.568] [WARN] access - GET /api/menu/listsTree
[2018-03-22 20:20:25.574] [WARN] access - GET /api/user/userInfo
[2018-03-22 20:20:25.577] [WARN] access - GET /api/act/config/lists?keys=
[2018-03-22 20:20:59.002] [WARN] access - GET /api/act/config/lists?keys=
[2018-03-22 20:22:43.565] [WARN] access - GET /api/menu/listsTree
[2018-03-22 20:22:43.577] [WARN] access - GET /api/user/userInfo
[2018-03-22 20:22:43.588] [WARN] access - GET /api/act/config/lists?keys=
[2018-03-22 20:23:07.448] [WARN] access - GET /api/menu/listsTree
[2018-03-22 20:23:07.452] [WARN] access - GET /api/user/userInfo
[2018-03-22 20:23:07.466] [WARN] access - GET /api/act/config/lists?keys=
[2018-03-22 20:23:18.342] [INFO] access - PUT /api/act/config/1
[2018-03-22 20:23:18.361] [INFO] access - GET /api/act/config/lists?keys=
[2018-03-22 20:23:30.763] [WARN] access - GET /api/act/config/lists?keys=
[2018-03-22 20:23:43.274] [WARN] access - GET /api/act/config/lists?keys=
[2018-03-22 20:24:49.741] [WARN] access - GET /api/menu/listsTree
[2018-03-22 20:24:49.745] [WARN] access - GET /api/user/userInfo
[2018-03-22 20:24:49.760] [WARN] access - GET /api/act/config/lists?keys=
[2018-03-22 20:24:56.547] [INFO] access - PUT /api/act/config/1
[2018-03-22 20:24:56.566] [INFO] access - GET /api/act/config/lists?keys=
[2018-03-22 20:25:01.442] [WARN] access - GET /api/menu/listsTree
[2018-03-22 20:25:01.447] [WARN] access - GET /api/user/userInfo
[2018-03-22 20:25:01.467] [WARN] access - GET /api/act/config/lists?keys=
[2018-03-22 20:25:13.371] [INFO] access - PUT /api/act/config/1
[2018-03-22 20:25:13.392] [INFO] access - GET /api/act/config/lists?keys=
[2018-03-22 20:25:47.239] [INFO] access - PUT /api/act/config/1
[2018-03-22 20:25:47.264] [INFO] access - GET /api/act/config/lists?keys=
[2018-03-22 20:26:24.478] [INFO] access - DELETE /api/act/config/1
[2018-03-22 20:26:24.500] [INFO] access - GET /api/act/config/lists?keys=
[2018-03-22 20:26:31.534] [WARN] access - GET /api/menu/listsTree
[2018-03-22 20:26:31.539] [WARN] access - GET /api/user/userInfo
[2018-03-22 20:26:31.545] [WARN] access - GET /api/act/config/lists?keys=
[2018-03-22 20:27:20.398] [INFO] access - POST /api/act/config/add
[2018-03-22 20:27:20.428] [INFO] access - GET /api/act/config/lists?keys=
[2018-03-22 20:27:50.157] [WARN] access - GET /api/menu/listsTree
[2018-03-22 20:27:50.161] [WARN] access - GET /api/user/userInfo
[2018-03-22 20:27:50.173] [WARN] access - GET /api/act/config/lists?keys=
