[2017-12-11 15:49:11.854] [WARN] access - GET /api/user/userInfo
[2017-12-11 15:49:11.864] [WARN] access - GET /api/menu/listsTree
[2017-12-11 15:50:01.621] [WARN] access - GET /api/user/userInfo
[2017-12-11 15:50:01.642] [WARN] access - GET /api/menu/listsTree
[2017-12-11 15:50:01.821] [WARN] access - GET /api/config/lists?keys=&pageSize=15&pageIndex=1
[2017-12-11 15:50:05.214] [INFO] access - GET /api/act/components/lists?keys=
[2017-12-11 15:50:25.940] [INFO] access - POST /api/act/components/add
[2017-12-11 15:50:25.973] [INFO] access - GET /api/act/components/lists?keys=
[2017-12-11 15:50:37.447] [INFO] access - POST /api/act/components/add
[2017-12-11 15:50:37.474] [INFO] access - GET /api/act/components/lists?keys=
[2017-12-11 15:50:53.304] [INFO] access - POST /api/act/components/add
[2017-12-11 15:50:53.334] [INFO] access - GET /api/act/components/lists?keys=
[2017-12-11 15:50:57.541] [INFO] access - GET /api/act/tpl/lists
[2017-12-11 15:51:03.859] [INFO] access - GET /api/act/tpl/16
[2017-12-11 15:51:32.424] [INFO] access - POST /api/act/tpl/update
[2017-12-11 15:51:32.686] [INFO] access - GET /api/act/tpl/lists
[2017-12-11 15:51:36.333] [INFO] access - GET /api/act/tpl/16
[2017-12-11 15:51:51.253] [ERROR] access - POST /api/act/upload
[2017-12-11 15:56:04.673] [INFO] access - POST /api/act/upload
[2017-12-11 15:56:15.637] [INFO] access - POST /api/act/upload
[2017-12-11 15:56:23.778] [INFO] access - POST /api/act/upload
[2017-12-11 15:56:39.343] [INFO] access - POST /api/act/upload
[2017-12-11 15:56:51.752] [INFO] access - POST /api/act/upload
[2017-12-11 16:03:37.181] [INFO] access - POST /api/act/upload
[2017-12-11 16:26:17.978] [INFO] access - GET /preview/act?timeId=20171211155136&tplData={%22title%22:%22%E7%AE%80%E5%8D%95%E5%80%9F%E6%AC%BE%22,%22style%22:{%22background-color%22:%22%22,%22background-repeat%22:%22no-repeat%22,%22background-image%22:%22%22},%22components%22:[{%22name%22:%22images%22,%22image_path%22:[%22/temp/20171211155136/pic1_1512978975617.jpg%22]},{%22name%22:%22buttons%22,%22image_path%22:[%22/temp/20171211155136/button1_1512978983769.png%22],%22button%22:{%22usages%22:%22%22,%22href%22:%22%22,%22style%22:{%22width%22:%22900px%22,%22height%22:%22%22}},%22wrap%22:{%22style%22:{%22height%22:%22200px%22,%22background-image%22:%22%22,%22background-color%22:%22red%22}}},{%22name%22:%22images%22,%22image_path%22:[%22/temp/20171211155136/pic1_1512978975617.jpg%22]},{%22name%22:%22buttons%22,%22image_path%22:[%22/temp/20171211155136/button1_1512978983769.png%22],%22button%22:{%22usages%22:%22%22,%22href%22:%22%22,%22style%22:{%22width%22:%22900px%22,%22height%22:%22%22}},%22wrap%22:{%22style%22:{%22height%22:%22200px%22,%22background-image%22:%22%22,%22background-color%22:%22red%22}}}],%22activityCode%22:%22864439e82a6b422cb840436fb4287a82%22}
[2017-12-11 16:26:18.037] [INFO] access - GET /temp/20171211155136/min.js
[2017-12-11 16:26:18.074] [WARN] access - GET /temp/20171211155136/pic1_1512978975617.jpg
[2017-12-11 16:26:18.095] [WARN] access - GET /temp/20171211155136/button1_1512978983769.png
[2017-12-11 16:26:42.434] [WARN] access - GET /preview/act?timeId=20171211155136&tplData={%22title%22:%22%E7%AE%80%E5%8D%95%E5%80%9F%E6%AC%BE%22,%22style%22:{%22background-color%22:%22%22,%22background-repeat%22:%22no-repeat%22,%22background-image%22:%22%22},%22components%22:[{%22name%22:%22images%22,%22image_path%22:[%22/temp/20171211155136/pic1_1512978975617.jpg%22]},{%22name%22:%22buttons%22,%22image_path%22:[%22/temp/20171211155136/button1_1512978983769.png%22],%22button%22:{%22usages%22:%22%22,%22href%22:%22%22,%22style%22:{%22width%22:%22900px%22,%22height%22:%22%22}},%22wrap%22:{%22style%22:{%22height%22:%22200px%22,%22background-image%22:%22%22,%22background-color%22:%22red%22}}},{%22name%22:%22images%22,%22image_path%22:[%22/temp/20171211155136/pic1_1512978975617.jpg%22]},{%22name%22:%22buttons%22,%22image_path%22:[%22/temp/20171211155136/button1_1512978983769.png%22],%22button%22:{%22usages%22:%22%22,%22href%22:%22%22,%22style%22:{%22width%22:%22900px%22,%22height%22:%22%22}},%22wrap%22:{%22style%22:{%22height%22:%22200px%22,%22background-image%22:%22%22,%22background-color%22:%22red%22}}}],%22activityCode%22:%22864439e82a6b422cb840436fb4287a82%22}
[2017-12-11 16:26:42.485] [INFO] access - GET /temp/20171211155136/min.js
[2017-12-11 16:26:42.490] [WARN] access - GET /temp/20171211155136/button1_1512978983769.png
[2017-12-11 16:26:42.497] [WARN] access - GET /temp/20171211155136/pic1_1512978975617.jpg
[2017-12-11 16:26:47.816] [INFO] access - POST /api/act/publish
[2017-12-11 16:26:48.167] [INFO] access - GET /api/act/lists?keys=&pageSize=15&pageIndex=1
[2017-12-11 16:27:01.706] [INFO] access - GET /api/act/47
[2017-12-11 17:21:49.717] [INFO] access - GET /api/act/lists?keys=&pageSize=15&pageIndex=1
[2017-12-11 17:21:51.593] [WARN] access - GET /api/user/userInfo
[2017-12-11 17:21:51.599] [WARN] access - GET /api/menu/listsTree
[2017-12-11 17:21:52.519] [WARN] access - GET /api/menu/listsTree
[2017-12-11 17:21:52.525] [WARN] access - GET /api/user/userInfo
[2017-12-11 17:21:52.531] [INFO] access - GET /api/act/tpl/lists
[2017-12-11 17:21:52.675] [ERROR] access - GET /images/act_tpl_image/1512982125135.07
[2017-12-11 17:21:52.755] [WARN] access - GET /images/act_tpl_image/1512978692388.jpg
[2017-12-11 17:22:01.374] [INFO] access - GET /api/act/tpl/16
[2017-12-11 17:22:14.755] [WARN] access - GET /api/act/tpl/lists
[2017-12-11 17:22:19.460] [INFO] access - GET /api/act/tpl/16
[2017-12-11 17:22:25.646] [INFO] access - POST /api/act/upload
[2017-12-11 17:22:38.052] [INFO] access - POST /api/act/upload
[2017-12-11 17:23:53.314] [WARN] access - GET /api/menu/listsTree
[2017-12-11 17:23:53.333] [WARN] access - GET /api/user/userInfo
[2017-12-11 17:23:53.352] [INFO] access - GET /api/act/tpl/16
[2017-12-11 17:24:00.710] [INFO] access - POST /api/act/upload
[2017-12-11 17:24:00.716] [INFO] access - POST /api/act/upload
[2017-12-11 17:24:00.722] [INFO] access - POST /api/act/upload
[2017-12-11 17:24:00.729] [INFO] access - POST /api/act/upload
[2017-12-11 17:24:00.733] [INFO] access - POST /api/act/upload
[2017-12-11 17:51:41.851] [WARN] access - GET /api/act/lists?keys=&pageSize=15&pageIndex=1
[2017-12-11 17:51:44.782] [WARN] access - GET /api/act/tpl/lists
[2017-12-11 17:51:44.923] [WARN] access - GET /images/act_tpl_image/1512978692388.jpg
[2017-12-11 17:52:16.286] [INFO] access - POST /api/act/tpl/add
[2017-12-11 17:52:16.553] [INFO] access - GET /api/act/tpl/lists
[2017-12-11 17:52:21.621] [INFO] access - GET /api/act/tpl/23
[2017-12-11 18:29:21.213] [WARN] access - GET /api/menu/listsTree
[2017-12-11 18:29:21.230] [WARN] access - GET /api/user/userInfo
[2017-12-11 18:29:21.245] [INFO] access - GET /api/act/tpl/23
[2017-12-11 18:30:57.288] [WARN] access - GET /api/menu/listsTree
[2017-12-11 18:30:57.302] [WARN] access - GET /api/user/userInfo
[2017-12-11 18:30:57.314] [INFO] access - GET /api/act/tpl/23
[2017-12-11 18:31:19.932] [WARN] access - GET /api/menu/listsTree
[2017-12-11 18:31:19.938] [WARN] access - GET /api/user/userInfo
[2017-12-11 18:31:19.953] [INFO] access - GET /api/act/tpl/23
[2017-12-11 18:32:34.793] [WARN] access - GET /api/menu/listsTree
[2017-12-11 18:32:34.805] [WARN] access - GET /api/user/userInfo
[2017-12-11 18:32:34.840] [INFO] access - GET /api/act/tpl/23
[2017-12-11 18:43:11.632] [WARN] access - GET /api/menu/listsTree
[2017-12-11 18:43:11.645] [WARN] access - GET /api/user/userInfo
[2017-12-11 18:43:11.663] [INFO] access - GET /api/act/tpl/23
[2017-12-11 19:06:20.874] [WARN] access - GET /api/menu/listsTree
[2017-12-11 19:06:20.880] [WARN] access - GET /api/user/userInfo
[2017-12-11 19:06:20.887] [INFO] access - GET /api/act/tpl/23
[2017-12-11 19:07:11.113] [WARN] access - GET /api/menu/listsTree
[2017-12-11 19:07:11.125] [WARN] access - GET /api/user/userInfo
[2017-12-11 19:07:11.137] [INFO] access - GET /api/act/tpl/23
[2017-12-11 19:08:13.943] [WARN] access - GET /api/menu/listsTree
[2017-12-11 19:08:13.949] [WARN] access - GET /api/user/userInfo
[2017-12-11 19:08:13.955] [INFO] access - GET /api/act/tpl/23
[2017-12-11 19:18:03.828] [WARN] access - GET /api/menu/listsTree
[2017-12-11 19:18:03.834] [WARN] access - GET /api/user/userInfo
[2017-12-11 19:18:03.838] [INFO] access - GET /api/act/tpl/23
[2017-12-11 19:29:38.722] [WARN] access - GET /api/menu/listsTree
[2017-12-11 19:29:38.728] [WARN] access - GET /api/user/userInfo
[2017-12-11 19:29:38.733] [INFO] access - GET /api/act/tpl/23
[2017-12-11 19:33:55.632] [WARN] access - GET /api/menu/listsTree
[2017-12-11 19:33:55.638] [WARN] access - GET /api/user/userInfo
[2017-12-11 19:33:59.580] [WARN] access - GET /api/menu/listsTree
[2017-12-11 19:33:59.585] [WARN] access - GET /api/user/userInfo
[2017-12-11 19:33:59.606] [INFO] access - GET /api/act/tpl/23
[2017-12-11 19:34:15.826] [WARN] access - GET /api/menu/listsTree
[2017-12-11 19:34:15.836] [WARN] access - GET /api/user/userInfo
[2017-12-11 19:34:15.848] [INFO] access - GET /api/act/tpl/23
[2017-12-11 19:34:24.035] [WARN] access - GET /api/menu/listsTree
[2017-12-11 19:34:24.040] [WARN] access - GET /api/user/userInfo
[2017-12-11 19:34:24.058] [INFO] access - GET /api/act/tpl/23
[2017-12-11 19:47:29.250] [WARN] access - GET /api/menu/listsTree
[2017-12-11 19:47:29.258] [WARN] access - GET /api/user/userInfo
[2017-12-11 19:47:29.263] [INFO] access - GET /api/act/tpl/23
[2017-12-11 20:12:05.479] [WARN] access - GET /api/menu/listsTree
[2017-12-11 20:12:05.489] [WARN] access - GET /api/user/userInfo
[2017-12-11 20:12:05.504] [INFO] access - GET /api/act/tpl/23
[2017-12-11 20:13:47.577] [WARN] access - GET /api/menu/listsTree
[2017-12-11 20:13:47.584] [WARN] access - GET /api/user/userInfo
[2017-12-11 20:13:47.589] [INFO] access - GET /api/act/tpl/23
[2017-12-11 20:13:52.932] [INFO] access - POST /api/act/upload
[2017-12-11 20:14:16.005] [INFO] access - POST /api/act/upload
[2017-12-11 20:16:02.521] [WARN] access - GET /api/menu/listsTree
[2017-12-11 20:16:02.534] [WARN] access - GET /api/user/userInfo
[2017-12-11 20:16:02.545] [INFO] access - GET /api/act/tpl/23
[2017-12-11 20:16:22.045] [INFO] access - POST /api/act/upload
[2017-12-11 20:17:32.008] [WARN] access - GET /api/menu/listsTree
[2017-12-11 20:17:32.019] [WARN] access - GET /api/user/userInfo
[2017-12-11 20:17:32.031] [INFO] access - GET /api/act/tpl/23
