[2017-11-15 11:32:01.093] [WARN] access - GET /api/user/userInfo
[2017-11-15 11:32:01.102] [WARN] access - GET /api/menu/listsTree
[2017-11-15 13:34:12.337] [WARN] access - GET /api/user/userInfo
[2017-11-15 13:34:12.344] [WARN] access - GET /api/menu/listsTree
[2017-11-15 13:34:12.356] [INFO] access - GET /api/act/lists?keys=&pageSize=15&pageIndex=1
[2017-11-15 13:34:14.331] [INFO] access - GET /api/act/tpl/lists
[2017-11-15 13:34:18.153] [INFO] access - GET /api/act/tpl/40
[2017-11-15 13:34:28.091] [INFO] access - POST /api/act/upload
[2017-11-15 13:34:32.523] [INFO] access - POST /api/act/upload
[2017-11-15 13:34:44.882] [INFO] access - POST /api/act/upload
[2017-11-15 14:03:49.356] [WARN] access - GET /api/user/userInfo
[2017-11-15 14:03:49.363] [WARN] access - GET /api/menu/listsTree
[2017-11-15 14:03:49.378] [INFO] access - GET /api/act/tpl/40
[2017-11-15 14:04:01.655] [INFO] access - POST /api/act/upload
[2017-11-15 14:04:06.714] [INFO] access - POST /api/act/upload
[2017-11-15 14:04:06.744] [INFO] access - GET /public/temp/20171115140349/logo_1510725846704.png
[2017-11-15 14:04:11.208] [INFO] access - POST /api/act/upload
[2017-11-15 14:07:25.909] [WARN] access - GET /api/user/userInfo
[2017-11-15 14:07:25.914] [WARN] access - GET /api/menu/listsTree
[2017-11-15 14:07:25.921] [INFO] access - GET /api/act/tpl/40
[2017-11-15 14:07:32.598] [INFO] access - POST /api/act/upload
[2017-11-15 14:07:54.181] [INFO] access - POST /api/act/upload
[2017-11-15 14:08:00.270] [INFO] access - POST /api/act/upload
[2017-11-15 14:57:34.431] [INFO] access - POST /api/act/publish
[2017-11-15 14:57:34.780] [INFO] access - GET /api/act/lists?keys=&pageSize=15&pageIndex=1
[2017-11-15 14:58:59.052] [WARN] access - GET /api/act/tpl/lists
[2017-11-15 14:59:04.741] [INFO] access - GET /api/act/tpl/40
[2017-11-15 14:59:21.998] [INFO] access - POST /api/act/upload
[2017-11-15 14:59:26.578] [INFO] access - POST /api/act/upload
[2017-11-15 14:59:30.836] [INFO] access - POST /api/act/upload
[2017-11-15 15:00:29.570] [ERROR] access - POST /api/act/publish
[2017-11-15 17:17:09.466] [ERROR] access - POST /api/act/publish
[2017-11-15 17:18:02.012] [WARN] access - GET /api/user/userInfo
[2017-11-15 17:18:02.018] [WARN] access - GET /api/menu/listsTree
[2017-11-15 17:18:02.026] [INFO] access - GET /api/act/tpl/40
[2017-11-15 17:18:11.486] [INFO] access - POST /api/act/upload
[2017-11-15 17:18:16.567] [INFO] access - POST /api/act/upload
[2017-11-15 17:18:20.950] [INFO] access - POST /api/act/upload
[2017-11-15 17:18:49.793] [ERROR] access - POST /api/act/publish
[2017-11-15 17:27:03.352] [ERROR] access - POST /api/act/publish
[2017-11-15 17:30:43.509] [ERROR] access - POST /api/act/publish
[2017-11-15 17:30:59.214] [WARN] access - GET /api/user/userInfo
[2017-11-15 17:30:59.220] [WARN] access - GET /api/menu/listsTree
[2017-11-15 17:30:59.225] [INFO] access - GET /api/act/tpl/40
[2017-11-15 17:31:13.648] [INFO] access - POST /api/act/upload
[2017-11-15 17:31:17.952] [INFO] access - POST /api/act/upload
[2017-11-15 17:31:22.683] [INFO] access - POST /api/act/upload
[2017-11-15 17:31:29.455] [ERROR] access - POST /api/act/publish
[2017-11-15 17:33:00.423] [ERROR] access - POST /api/act/publish
[2017-11-15 17:33:56.187] [ERROR] access - POST /api/act/publish
[2017-11-15 17:34:23.128] [ERROR] access - POST /api/act/publish
[2017-11-15 17:34:35.154] [WARN] access - GET /api/user/userInfo
[2017-11-15 17:34:35.160] [WARN] access - GET /api/menu/listsTree
[2017-11-15 17:34:35.166] [INFO] access - GET /api/act/tpl/40
[2017-11-15 17:34:39.203] [INFO] access - POST /api/act/upload
[2017-11-15 17:34:45.108] [INFO] access - POST /api/act/upload
[2017-11-15 17:34:49.307] [INFO] access - POST /api/act/upload
[2017-11-15 17:35:01.569] [ERROR] access - POST /api/act/publish
[2017-11-15 17:35:14.334] [ERROR] access - POST /api/act/publish
[2017-11-15 17:35:44.057] [ERROR] access - POST /api/act/publish
[2017-11-15 17:35:57.017] [ERROR] access - POST /api/act/publish
[2017-11-15 17:36:24.866] [ERROR] access - POST /api/act/publish
[2017-11-15 17:37:31.146] [ERROR] access - POST /api/act/publish
[2017-11-15 17:38:47.560] [WARN] access - GET /api/user/userInfo
[2017-11-15 17:38:47.572] [WARN] access - GET /api/menu/listsTree
[2017-11-15 17:38:47.578] [INFO] access - GET /api/act/tpl/40
[2017-11-15 18:15:25.841] [INFO] access - GET /api/act/tpl/40
[2017-11-15 18:15:34.263] [INFO] access - GET /api/act/tpl/lists
[2017-11-15 18:19:16.006] [INFO] access - POST /api/act/tpl/add
[2017-11-15 18:19:16.278] [INFO] access - GET /api/act/tpl/lists
[2017-11-15 18:22:59.353] [INFO] access - GET /api/act/tpl/lists
[2017-11-15 18:25:21.824] [WARN] access - GET /api/config/lists?keys=&pageSize=15&pageIndex=1
[2017-11-15 18:33:22.321] [INFO] access - GET /api/act/tpl/lists
[2017-11-15 18:35:04.444] [INFO] access - POST /api/act/tpl/add
[2017-11-15 18:35:04.710] [INFO] access - GET /api/act/tpl/lists
[2017-11-15 18:54:05.312] [INFO] access - DELETE /api/act/tpl/52
[2017-11-15 18:54:05.367] [INFO] access - GET /api/act/tpl/lists
[2017-11-15 18:54:07.800] [INFO] access - DELETE /api/act/tpl/51
[2017-11-15 18:54:07.828] [INFO] access - GET /api/act/tpl/lists
[2017-11-15 18:54:10.103] [INFO] access - DELETE /api/act/tpl/48
[2017-11-15 18:54:10.221] [INFO] access - GET /api/act/tpl/lists
[2017-11-15 18:54:11.967] [INFO] access - DELETE /api/act/tpl/47
[2017-11-15 18:54:11.998] [INFO] access - GET /api/act/tpl/lists
[2017-11-15 18:54:13.857] [INFO] access - DELETE /api/act/tpl/43
[2017-11-15 18:54:13.888] [INFO] access - GET /api/act/tpl/lists
[2017-11-15 18:54:15.536] [INFO] access - DELETE /api/act/tpl/42
[2017-11-15 18:54:15.564] [INFO] access - GET /api/act/tpl/lists
[2017-11-15 18:54:17.114] [INFO] access - DELETE /api/act/tpl/40
[2017-11-15 18:54:17.136] [INFO] access - GET /api/act/tpl/lists
[2017-11-15 18:54:19.120] [INFO] access - DELETE /api/act/tpl/38
[2017-11-15 18:54:19.272] [INFO] access - GET /api/act/tpl/lists
[2017-11-15 18:55:05.595] [INFO] access - POST /api/act/tpl/add
[2017-11-15 18:55:05.833] [INFO] access - GET /api/act/tpl/lists
[2017-11-15 18:55:36.488] [INFO] access - GET /api/act/tpl/53
[2017-11-15 18:55:50.468] [INFO] access - POST /api/act/upload
[2017-11-15 18:56:01.458] [INFO] access - POST /api/act/upload
[2017-11-15 18:57:45.449] [WARN] access - GET /api/act/tpl/lists
[2017-11-15 18:57:47.384] [INFO] access - GET /api/act/tpl/53
[2017-11-15 18:57:51.079] [INFO] access - POST /api/act/upload
[2017-11-15 18:58:06.824] [WARN] access - GET /api/user/userInfo
[2017-11-15 18:58:06.834] [WARN] access - GET /api/menu/listsTree
[2017-11-15 18:58:06.839] [INFO] access - GET /api/act/tpl/53
[2017-11-15 18:58:12.529] [INFO] access - POST /api/act/upload
[2017-11-15 18:58:24.379] [WARN] access - GET /api/user/userInfo
[2017-11-15 18:58:24.394] [WARN] access - GET /api/menu/listsTree
[2017-11-15 18:58:24.399] [INFO] access - GET /api/act/tpl/53
[2017-11-15 18:58:28.406] [INFO] access - POST /api/act/upload
[2017-11-15 19:00:11.868] [WARN] access - GET /api/user/userInfo
[2017-11-15 19:00:11.880] [WARN] access - GET /api/menu/listsTree
[2017-11-15 19:00:11.886] [INFO] access - GET /api/act/tpl/53
[2017-11-15 19:00:15.464] [INFO] access - POST /api/act/upload
[2017-11-15 19:00:21.322] [INFO] access - POST /api/act/upload
[2017-11-15 19:00:25.922] [INFO] access - POST /api/act/upload
[2017-11-15 19:00:44.424] [INFO] access - POST /api/act/publish
[2017-11-15 19:00:44.740] [INFO] access - GET /api/act/lists?keys=&pageSize=15&pageIndex=1
[2017-11-15 19:01:41.059] [WARN] access - GET /api/act/tpl/lists
[2017-11-15 19:01:43.202] [INFO] access - DELETE /api/act/tpl/53
[2017-11-15 19:01:43.232] [INFO] access - GET /api/act/tpl/lists
[2017-11-15 19:23:43.881] [INFO] access - POST /api/act/tpl/add
[2017-11-15 19:23:44.155] [INFO] access - GET /api/act/tpl/lists
[2017-11-15 19:24:08.907] [WARN] access - GET /api/user/userInfo
[2017-11-15 19:24:08.912] [WARN] access - GET /api/menu/listsTree
[2017-11-15 19:24:08.917] [WARN] access - GET /api/act/tpl/lists
[2017-11-15 19:24:08.998] [ERROR] access - GET /activity/test/20171115/tpl1.html/card.jpg
[2017-11-15 19:26:55.689] [WARN] access - GET /api/user/userInfo
[2017-11-15 19:26:55.699] [WARN] access - GET /api/menu/listsTree
[2017-11-15 19:26:55.704] [INFO] access - GET /api/act/tpl/lists
[2017-11-15 19:26:55.752] [ERROR] access - GET /activity/test/20171115/tpl1/img/card.jpg
[2017-11-15 19:28:53.024] [WARN] access - GET /api/user/userInfo
[2017-11-15 19:28:53.029] [WARN] access - GET /api/menu/listsTree
[2017-11-15 19:28:53.034] [INFO] access - GET /api/act/tpl/lists
[2017-11-15 19:29:03.790] [INFO] access - GET /api/act/tpl/54
[2017-11-15 19:29:16.272] [INFO] access - POST /api/act/upload
[2017-11-15 19:29:22.810] [INFO] access - POST /api/act/upload
[2017-11-15 19:29:28.016] [INFO] access - POST /api/act/upload
[2017-11-15 19:29:38.156] [INFO] access - POST /api/act/publish
[2017-11-15 19:29:38.512] [INFO] access - GET /api/act/lists?keys=&pageSize=15&pageIndex=1
[2017-11-15 19:31:33.808] [WARN] access - GET /api/user/userInfo
[2017-11-15 19:31:33.818] [WARN] access - GET /api/menu/listsTree
[2017-11-15 19:31:33.823] [WARN] access - GET /api/act/lists?keys=&pageSize=15&pageIndex=1
[2017-11-15 19:31:55.863] [WARN] access - GET /api/menu/listsTree
[2017-11-15 19:31:55.867] [WARN] access - GET /api/user/userInfo
[2017-11-15 19:31:55.873] [WARN] access - GET /api/act/lists?keys=&pageSize=15&pageIndex=1
[2017-11-15 19:32:04.975] [INFO] access - GET /api/act/tpl/54
[2017-11-15 19:32:07.616] [WARN] access - GET /api/act/lists?keys=&pageSize=15&pageIndex=1
[2017-11-15 19:34:20.118] [WARN] access - GET /api/act/tpl/lists
[2017-11-15 19:34:20.147] [WARN] access - GET /activity/test/20171115/img/card.jpg
[2017-11-15 19:34:23.357] [INFO] access - GET /api/act/tpl/54
[2017-11-15 19:34:39.649] [WARN] access - GET /api/act/lists?keys=&pageSize=15&pageIndex=1
[2017-11-15 19:34:45.632] [ERROR] access - DELETE /api/act/85
[2017-11-15 19:36:48.073] [WARN] access - GET /api/menu/listsTree
[2017-11-15 19:36:48.089] [WARN] access - GET /api/user/userInfo
[2017-11-15 19:36:48.101] [INFO] access - GET /api/act/lists?keys=&pageSize=15&pageIndex=1
[2017-11-15 19:36:52.048] [INFO] access - GET /api/act/tpl/lists
