[2017-11-30 10:51:37.914] [WARN] access - GET /api/menu/listsTree
[2017-11-30 10:51:37.924] [WARN] access - GET /api/user/userInfo
[2017-11-30 10:51:38.119] [WARN] access - GET /api/config/lists?keys=&pageSize=15&pageIndex=1
[2017-11-30 10:51:43.763] [INFO] access - GET /api/act/lists?keys=&pageSize=15&pageIndex=1
[2017-11-30 10:51:47.250] [WARN] access - GET /api/act/tpl/lists
[2017-11-30 10:51:47.352] [WARN] access - GET /activity/ttt/20171123/img/card.jpg
[2017-11-30 10:51:56.274] [INFO] access - GET /api/act/tpl/8
[2017-11-30 10:52:03.001] [WARN] access - GET /api/act/tpl/lists
[2017-11-30 10:52:40.756] [INFO] access - POST /api/act/tpl/add
[2017-11-30 10:52:41.014] [INFO] access - GET /api/act/tpl/lists
[2017-11-30 10:52:43.767] [INFO] access - GET /api/act/tpl/9
[2017-11-30 10:53:10.896] [INFO] access - POST /api/act/upload
[2017-11-30 10:53:19.892] [INFO] access - POST /api/act/upload
[2017-11-30 10:53:23.365] [INFO] access - POST /api/act/upload
[2017-11-30 10:53:26.658] [INFO] access - POST /api/act/upload
[2017-11-30 10:53:33.687] [INFO] access - POST /api/act/upload
[2017-11-30 10:53:41.226] [INFO] access - GET /preview/act?tpl=activity/noticezjk/20171130/notice.html&tplData={%22title%22:%22%E7%AE%80%E5%8D%95%E5%80%9F%E6%AC%BE%22,%22style%22:{%22background-color%22:%22%22,%22background-repeat%22:%22repeat-x%22,%22background-image%22:%22/temp/20171130105243/bg_1512010390890.jpg%22},%22activityCode%22:%228812bb13ac3b40e8973a3ce3f1d6c7bd%22,%22images_0%22:{%22image_path%22:[%22/temp/20171130105243/tit_1512010399884.png%22,%22/temp/20171130105243/time_1512010403314.png%22,%22/temp/20171130105243/rules_1512010406647.png%22]},%22buttons_1%22:{%22image_path%22:[%22/temp/20171130105243/btn_1512010413633.png%22],%22button%22:{%22usages%22:%22%22,%22style%22:{%22width%22:%22600px%22,%22height%22:%22%22}},%22wrap%22:{%22style%22:{%22height%22:%22200px%22,%22background-color%22:%22%22}}},%22shares_2%22:{%22image_path%22:[],%22share%22:{%22url%22:%22%22,%22title%22:%22%22,%22desc%22:%22%22,%22imgUrl%22:%22%22}}}
[2017-11-30 10:53:41.254] [WARN] access - GET /temp/20171130105243/tit_1512010399884.png
[2017-11-30 10:53:41.260] [INFO] access - GET /activity/noticezjk/20171130/notice.css
[2017-11-30 10:53:41.316] [WARN] access - GET /temp/20171130105243/time_1512010403314.png
[2017-11-30 10:53:41.323] [WARN] access - GET /temp/20171130105243/rules_1512010406647.png
[2017-11-30 10:53:41.334] [WARN] access - GET /temp/20171130105243/btn_1512010413633.png
[2017-11-30 10:53:41.340] [WARN] access - GET /temp/20171130105243/bg_1512010390890.jpg
[2017-11-30 10:53:41.357] [ERROR] access - POST /apis/act/wx/getSignature_ajax
[2017-11-30 10:54:07.700] [INFO] access - POST /api/act/upload
[2017-11-30 10:54:10.641] [INFO] access - POST /api/act/publish
[2017-11-30 10:54:10.940] [INFO] access - GET /api/act/lists?keys=&pageSize=15&pageIndex=1
[2017-11-30 14:53:36.064] [INFO] access - POST /api/signin
[2017-11-30 14:53:36.164] [INFO] access - GET /api/menu/listsTree
[2017-11-30 14:53:36.170] [INFO] access - GET /api/user/userInfo
[2017-11-30 14:53:40.938] [INFO] access - GET /api/act/tpl/lists
[2017-11-30 14:53:43.349] [WARN] access - GET /api/menu/listsTree
[2017-11-30 14:53:43.355] [INFO] access - GET /api/menu/lists?keys=
[2017-11-30 14:53:43.371] [WARN] access - GET /api/menu/listsTree
[2017-11-30 18:07:16.205] [INFO] access - GET /api/config/lists?keys=&pageSize=15&pageIndex=1
[2017-11-30 19:14:47.496] [INFO] access - GET /api/act/lists?keys=&pageSize=15&pageIndex=1
[2017-11-30 19:14:50.917] [INFO] access - GET /api/act/22
[2017-11-30 19:14:56.883] [WARN] access - GET /api/act/lists?keys=&pageSize=15&pageIndex=1
[2017-11-30 19:15:00.312] [INFO] access - GET /api/act/9
[2017-11-30 19:15:00.373] [ERROR] access - GET /temp/20171129154331/bg_1511941427045.jpg
[2017-11-30 19:15:05.629] [WARN] access - GET /api/act/lists?keys=&pageSize=15&pageIndex=1
[2017-11-30 19:15:09.143] [INFO] access - GET /api/act/16
[2017-11-30 19:15:16.444] [ERROR] access - GET /preview/act?tpl=activity/noticetpl/20171130/notice.html&tplData={%22title%22:%22%E7%AE%80%E5%8D%95%E5%80%9F%E6%AC%BE%22,%22style%22:{%22background-color%22:%22
[2017-11-30 19:15:26.852] [WARN] access - GET /api/act/lists?keys=&pageSize=15&pageIndex=1
[2017-11-30 19:15:30.917] [INFO] access - GET /api/act/10
[2017-11-30 19:15:35.102] [INFO] access - GET /preview/act?tpl=activity/fans/20171129/tpl_fans.html&tplData={%22title%22:%22%E7%AE%80%E5%8D%95%E5%80%9F%E6%AC%BE%22,%22style%22:{%22background-color%22:%22%22,%22background-repeat%22:%22repeat-x%22,%22background-image%22:%22http://local_activity.jiandanjiekuan.com/pages/act9/img/bg_1511947465138.jpg%22},%22activityCode%22:%226f644543f0b74dab8309bd0bf2b60e76%22,%22images_0%22:{%22image_path%22:[%22http://local_activity.jiandanjiekuan.com/pages/act9/img/tit_1511947472554.png%22,%22http://local_activity.jiandanjiekuan.com/pages/act9/img/time_1511947476035.png%22]},%22buttons_1%22:{%22image_path%22:[%22http://local_activity.jiandanjiekuan.com/pages/act9/img/btn_1511947482005.png%22],%22button%22:{%22usages%22:%22download%22,%22style%22:{%22width%22:%22800px%22,%22height%22:%22%22}},%22wrap%22:{%22style%22:{%22height%22:%22300px%22,%22background-color%22:%22%22}}},%22footers_2%22:{%22footers%22:{%22style%22:{%22width%22:%22%22,%22height%22:%22300px%22,%22color%22:%22red%22,%22background-color%22:%22%22},%22txt%22:{%22line1%22:{%22content%22:%221%E3%80%81%E6%B5%8B%E8%AF%95%E6%96%B9%E6%A1%88%22,%22style%22:{%22font-size%22:%2218px%22}},%22line2%22:{%22content%22:%222%E3%80%81%E6%B5%8B%E8%AF%95%E6%96%B9%E6%A1%88%22,%22style%22:{%22font-size%22:%2218px%22}},%22line3%22:{%22content%22:%223%E3%80%81%E6%B5%8B%E8%AF%95%E6%96%B9%E6%A1%88%22,%22style%22:{%22font-size%22:%2218px%22}}}}}}
[2017-11-30 19:15:35.148] [INFO] access - GET /activity/fans/20171129/tpl_fans.css
[2017-11-30 19:15:39.492] [WARN] access - GET /activity/fans/20171129/tpl_fans.css
[2017-11-30 19:16:57.590] [INFO] access - GET /preview/act?tpl=activity/fans/20171129/tpl_fans.html&tplData={%22title%22:%22%E7%AE%80%E5%8D%95%E5%80%9F%E6%AC%BE%22,%22style%22:{%22background-color%22:%22%22,%22background-repeat%22:%22repeat-x%22,%22background-image%22:%22http://local_activity.jiandanjiekuan.com/pages/act9/img/bg_1511947465138.jpg%22},%22activityCode%22:%226f644543f0b74dab8309bd0bf2b60e76%22,%22images_0%22:{%22image_path%22:[%22http://local_activity.jiandanjiekuan.com/pages/act9/img/tit_1511947472554.png%22,%22http://local_activity.jiandanjiekuan.com/pages/act9/img/time_1511947476035.png%22]},%22buttons_1%22:{%22image_path%22:[%22http://local_activity.jiandanjiekuan.com/pages/act9/img/btn_1511947482005.png%22],%22button%22:{%22usages%22:%22download%22,%22style%22:{%22width%22:%22800px%22,%22height%22:%22%22}},%22wrap%22:{%22style%22:{%22height%22:%22300px%22,%22background-color%22:%22%22}}},%22footers_2%22:{%22footers%22:{%22style%22:{%22width%22:%22%22,%22height%22:%22300px%22,%22color%22:%22red%22,%22background-color%22:%22%22},%22txt%22:{%22line1%22:{%22content%22:%221%E3%80%81%E6%B5%8B%E8%AF%95%E6%96%B9%E6%A1%88%22,%22style%22:{%22font-size%22:%2218px%22}},%22line2%22:{%22content%22:%222%E3%80%81%E6%B5%8B%E8%AF%95%E6%96%B9%E6%A1%88%22,%22style%22:{%22font-size%22:%2218px%22}},%22line3%22:{%22content%22:%223%E3%80%81%E6%B5%8B%E8%AF%95%E6%96%B9%E6%A1%88%22,%22style%22:{%22font-size%22:%2218px%22}}}}}}
[2017-11-30 19:16:57.614] [WARN] access - GET /activity/fans/20171129/tpl_fans.css
[2017-11-30 19:16:57.620] [WARN] access - GET /activity/fans/20171129/tpl_fans.js
[2017-11-30 19:17:01.518] [WARN] access - GET /activity/fans/20171129/tpl_fans.css
