[2017-11-09 10:00:39.644] [WARN] access - GET /api/user/userInfo
[2017-11-09 10:00:39.661] [WARN] access - GET /api/menu/listsTree
[2017-11-09 10:00:39.852] [WARN] access - GET /api/contracts/lists?keys=
[2017-11-09 10:00:42.644] [INFO] access - GET /api/act/tpl/lists
[2017-11-09 10:00:46.109] [WARN] access - GET /api/act/tpl/lists
[2017-11-09 10:00:47.755] [INFO] access - GET /api/act/30
[2017-11-09 10:01:10.393] [INFO] access - POST /api/act/upload
[2017-11-09 10:01:24.573] [ERROR] access - POST /api/act/publish
[2017-11-09 10:02:03.665] [WARN] access - GET /api/act/tpl/lists
[2017-11-09 10:02:10.984] [WARN] access - GET /api/menu/listsTree
[2017-11-09 10:02:10.989] [WARN] access - GET /api/user/userInfo
[2017-11-09 10:02:10.995] [WARN] access - GET /api/act/tpl/lists
[2017-11-09 10:55:10.044] [ERROR] access - POST /api/act/tpl/add
[2017-11-09 10:59:19.348] [INFO] access - POST /api/act/tpl/add
[2017-11-09 10:59:19.593] [INFO] access - GET /api/act/tpl/lists
[2017-11-09 10:59:34.106] [INFO] access - GET /api/act/32
[2017-11-09 10:59:57.574] [INFO] access - POST /api/act/upload
[2017-11-09 11:01:38.771] [INFO] access - POST /api/act/upload
[2017-11-09 11:01:43.502] [INFO] access - POST /api/act/publish
[2017-11-09 11:03:15.621] [ERROR] access - POST /api/act/publish
[2017-11-09 11:07:34.905] [ERROR] access - POST /api/act/publish
[2017-11-09 11:10:08.103] [ERROR] access - POST /api/act/publish
[2017-11-09 11:11:51.196] [ERROR] access - POST /api/act/publish
[2017-11-09 11:12:20.289] [ERROR] access - POST /api/act/publish
[2017-11-09 11:12:55.698] [ERROR] access - POST /api/act/publish
[2017-11-09 11:13:12.830] [ERROR] access - POST /api/act/publish
[2017-11-09 11:13:43.096] [ERROR] access - POST /api/act/publish
[2017-11-09 11:14:22.025] [ERROR] access - POST /api/act/publish
[2017-11-09 11:14:40.776] [ERROR] access - POST /api/act/publish
[2017-11-09 11:16:54.239] [ERROR] access - POST /api/act/publish
[2017-11-09 11:17:13.016] [ERROR] access - POST /api/act/publish
[2017-11-09 11:17:35.998] [ERROR] access - POST /api/act/publish
[2017-11-09 11:19:09.447] [ERROR] access - POST /api/act/publish
[2017-11-09 11:19:51.611] [INFO] access - POST /api/act/publish
[2017-11-09 11:20:36.264] [WARN] access - GET /api/act/tpl/lists
[2017-11-09 11:20:43.084] [INFO] access - GET /api/act/32
[2017-11-09 11:21:31.950] [INFO] access - POST /api/act/upload
[2017-11-09 11:21:38.064] [INFO] access - POST /api/act/upload
[2017-11-09 11:21:43.360] [ERROR] access - POST /api/act/publish
[2017-11-09 11:22:14.262] [ERROR] access - POST /api/act/publish
[2017-11-09 11:22:59.900] [INFO] access - POST /api/act/publish
[2017-11-09 11:23:30.796] [WARN] access - GET /api/act/tpl/lists
[2017-11-09 11:23:32.483] [INFO] access - GET /api/act/32
[2017-11-09 11:23:43.145] [INFO] access - POST /api/act/upload
[2017-11-09 11:23:49.195] [INFO] access - POST /api/act/upload
[2017-11-09 11:24:00.710] [INFO] access - POST /api/act/publish
[2017-11-09 11:27:11.927] [WARN] access - GET /api/act/tpl/lists
[2017-11-09 11:27:13.873] [INFO] access - GET /api/act/32
[2017-11-09 11:27:22.483] [INFO] access - POST /api/act/upload
[2017-11-09 11:27:28.229] [INFO] access - POST /api/act/upload
[2017-11-09 11:27:48.891] [INFO] access - POST /api/act/publish
[2017-11-09 13:25:37.904] [WARN] access - GET /api/act/tpl/lists
[2017-11-09 13:25:39.792] [INFO] access - GET /api/act/32
[2017-11-09 13:25:58.907] [INFO] access - POST /api/act/upload
[2017-11-09 13:26:05.730] [INFO] access - POST /api/act/upload
[2017-11-09 13:26:40.471] [ERROR] access - POST /api/act/publish
[2017-11-09 13:26:56.254] [WARN] access - GET /api/user/userInfo
[2017-11-09 13:26:56.266] [WARN] access - GET /api/menu/listsTree
[2017-11-09 13:26:56.285] [INFO] access - GET /api/act/32
[2017-11-09 13:27:04.060] [INFO] access - POST /api/act/upload
[2017-11-09 13:27:10.408] [INFO] access - POST /api/act/upload
[2017-11-09 13:27:14.258] [INFO] access - POST /api/act/publish
[2017-11-09 13:50:43.220] [WARN] access - GET /api/act/tpl/lists
[2017-11-09 13:50:44.983] [INFO] access - GET /api/act/32
[2017-11-09 13:50:52.390] [INFO] access - POST /api/act/upload
[2017-11-09 13:52:08.852] [INFO] access - POST /api/act/upload
[2017-11-09 13:54:31.079] [WARN] access - GET /api/user/userInfo
[2017-11-09 13:54:31.091] [WARN] access - GET /api/menu/listsTree
[2017-11-09 13:54:31.096] [INFO] access - GET /api/act/32
[2017-11-09 14:17:57.834] [ERROR] access - POST /api/act/upload
[2017-11-09 14:20:44.160] [ERROR] access - POST /api/act/upload
[2017-11-09 14:22:45.262] [ERROR] access - POST /api/act/upload
[2017-11-09 14:23:00.043] [ERROR] access - POST /api/act/upload
[2017-11-09 14:24:49.377] [ERROR] access - POST /api/act/upload
[2017-11-09 14:25:33.534] [ERROR] access - POST /api/act/upload
[2017-11-09 14:28:07.957] [ERROR] access - POST /api/act/upload
[2017-11-09 14:28:33.670] [ERROR] access - POST /api/act/upload
[2017-11-09 14:29:07.806] [INFO] access - POST /api/act/upload
[2017-11-09 14:30:52.674] [WARN] access - GET /api/user/userInfo
[2017-11-09 14:30:52.684] [WARN] access - GET /api/menu/listsTree
[2017-11-09 14:30:52.690] [INFO] access - GET /api/act/32
[2017-11-09 14:43:06.468] [INFO] access - POST /api/act/upload
[2017-11-09 15:17:28.520] [INFO] access - GET /api/act/32
[2017-11-09 15:17:36.588] [WARN] access - GET /api/user/userInfo
[2017-11-09 15:17:36.622] [WARN] access - GET /api/menu/listsTree
[2017-11-09 15:17:36.648] [INFO] access - GET /api/act/32
[2017-11-09 15:17:48.091] [INFO] access - POST /api/act/upload
[2017-11-09 15:17:54.746] [INFO] access - POST /api/act/upload
[2017-11-09 15:17:58.618] [ERROR] access - POST /api/act/publish
[2017-11-09 15:18:19.540] [ERROR] access - POST /api/act/publish
[2017-11-09 15:19:13.860] [WARN] access - GET /api/user/userInfo
[2017-11-09 15:19:13.871] [WARN] access - GET /api/menu/listsTree
[2017-11-09 15:19:13.877] [INFO] access - GET /api/act/32
[2017-11-09 15:19:20.566] [WARN] access - GET /api/menu/listsTree
[2017-11-09 15:19:20.601] [WARN] access - GET /api/user/userInfo
[2017-11-09 15:19:20.639] [INFO] access - GET /api/act/32
[2017-11-09 15:21:41.337] [INFO] access - POST /api/act/upload
[2017-11-09 15:22:01.889] [INFO] access - POST /api/act/upload
[2017-11-09 15:22:19.522] [ERROR] access - POST /api/act/publish
[2017-11-09 15:27:23.265] [ERROR] access - POST /api/act/publish
[2017-11-09 15:29:20.198] [ERROR] access - POST /api/act/publish
[2017-11-09 15:29:39.306] [ERROR] access - POST /api/act/publish
[2017-11-09 15:29:57.201] [ERROR] access - POST /api/act/publish
[2017-11-09 15:36:14.677] [INFO] access - GET /api/act/tpl/lists
[2017-11-09 15:49:57.044] [INFO] access - GET /api/act/32
[2017-11-09 15:50:27.129] [ERROR] access - POST /api/act/tpl/update
[2017-11-09 15:55:15.863] [ERROR] access - POST /api/act/tpl/update
[2017-11-09 15:55:48.098] [INFO] access - PUT /api/act/tpl/32
[2017-11-09 15:55:48.375] [INFO] access - GET /api/act/tpl/lists
[2017-11-09 15:56:44.270] [INFO] access - GET /api/act/32
[2017-11-09 15:58:57.392] [ERROR] access - POST /api/act/tpl/update
[2017-11-09 16:00:01.699] [ERROR] access - GET /api/act/tpl/update
[2017-11-09 16:00:34.610] [ERROR] access - POST /api/act/tpl/update
[2017-11-09 16:05:34.699] [INFO] access - PUT /api/act/tpl/32
[2017-11-09 16:05:34.946] [INFO] access - GET /api/act/tpl/lists
[2017-11-09 16:13:06.134] [INFO] access - GET /api/act/32
[2017-11-09 16:13:14.241] [ERROR] access - POST /api/act/tpl/update
[2017-11-09 16:15:39.203] [INFO] access - POST /api/act/tpl/update
[2017-11-09 16:15:39.453] [WARN] access - GET /api/act/tpl/lists
[2017-11-09 16:17:58.047] [INFO] access - GET /api/act/32
[2017-11-09 16:25:13.312] [WARN] access - GET /api/user/userInfo
[2017-11-09 16:25:13.320] [WARN] access - GET /api/menu/listsTree
[2017-11-09 16:25:13.332] [INFO] access - GET /api/act/32
[2017-11-09 16:25:26.180] [INFO] access - POST /api/act/tpl/update
[2017-11-09 16:25:26.513] [INFO] access - GET /api/act/tpl/lists
[2017-11-09 16:27:17.966] [INFO] access - GET /api/act/32
[2017-11-09 16:27:23.638] [INFO] access - POST /api/act/tpl/update
[2017-11-09 16:27:23.942] [INFO] access - GET /api/act/tpl/lists
[2017-11-09 16:27:40.082] [INFO] access - GET /api/act/32
[2017-11-09 16:29:27.721] [INFO] access - POST /api/act/upload
[2017-11-09 16:29:35.056] [INFO] access - POST /api/act/upload
[2017-11-09 16:42:04.037] [WARN] access - GET /api/user/userInfo
[2017-11-09 16:42:04.048] [WARN] access - GET /api/menu/listsTree
[2017-11-09 16:42:04.054] [INFO] access - GET /api/act/32
[2017-11-09 16:43:08.512] [WARN] access - GET /api/user/userInfo
[2017-11-09 16:43:08.528] [WARN] access - GET /api/menu/listsTree
[2017-11-09 16:43:08.534] [INFO] access - GET /api/act/32
[2017-11-09 16:43:48.948] [WARN] access - GET /api/act/tpl/lists
[2017-11-09 16:43:51.931] [INFO] access - GET /api/act/32
[2017-11-09 16:49:28.420] [INFO] access - POST /api/act/upload
[2017-11-09 16:50:07.177] [INFO] access - POST /api/act/upload
[2017-11-09 16:51:44.589] [INFO] access - POST /api/act/upload
[2017-11-09 16:51:54.035] [INFO] access - POST /api/act/upload
[2017-11-09 16:52:01.593] [INFO] access - POST /api/act/upload
[2017-11-09 16:52:28.321] [ERROR] access - POST /api/act/publish
[2017-11-09 16:54:26.650] [WARN] access - GET /api/user/userInfo
[2017-11-09 16:54:26.661] [WARN] access - GET /api/menu/listsTree
[2017-11-09 16:54:26.672] [INFO] access - GET /api/act/32
[2017-11-09 16:54:34.987] [INFO] access - POST /api/act/upload
[2017-11-09 16:54:40.111] [INFO] access - POST /api/act/upload
[2017-11-09 16:54:46.509] [ERROR] access - POST /api/act/publish
[2017-11-09 16:55:42.550] [WARN] access - GET /api/menu/listsTree
[2017-11-09 16:55:42.561] [WARN] access - GET /api/user/userInfo
[2017-11-09 16:55:42.574] [INFO] access - GET /api/act/32
[2017-11-09 16:55:51.260] [INFO] access - POST /api/act/upload
[2017-11-09 16:55:55.675] [INFO] access - POST /api/act/upload
[2017-11-09 16:56:03.195] [ERROR] access - POST /api/act/publish
[2017-11-09 16:58:26.551] [WARN] access - GET /api/menu/listsTree
[2017-11-09 16:58:26.559] [WARN] access - GET /api/user/userInfo
[2017-11-09 16:58:26.566] [INFO] access - GET /api/act/32
[2017-11-09 16:58:28.320] [WARN] access - GET /api/menu/listsTree
[2017-11-09 16:58:28.326] [WARN] access - GET /api/user/userInfo
[2017-11-09 16:58:28.343] [INFO] access - GET /api/act/32
[2017-11-09 16:58:35.528] [INFO] access - POST /api/act/upload
[2017-11-09 16:58:40.004] [INFO] access - POST /api/act/upload
[2017-11-09 16:58:42.286] [ERROR] access - POST /api/act/publish
[2017-11-09 17:00:21.931] [WARN] access - GET /api/menu/listsTree
[2017-11-09 17:00:21.943] [WARN] access - GET /api/user/userInfo
[2017-11-09 17:00:21.953] [INFO] access - GET /api/act/32
[2017-11-09 17:00:27.371] [INFO] access - GET /api/config/lists?keys=&pageSize=15&pageIndex=1
[2017-11-09 17:01:37.534] [ERROR] access - POST /api/act/publish
[2017-11-09 17:03:12.331] [ERROR] access - POST /api/act/publish
[2017-11-09 17:03:36.115] [ERROR] access - POST /api/act/publish
[2017-11-09 17:04:26.039] [ERROR] access - POST /api/act/publish
[2017-11-09 17:05:47.268] [ERROR] access - POST /api/act/publish
[2017-11-09 17:06:22.158] [ERROR] access - POST /api/act/publish
[2017-11-09 17:12:50.249] [ERROR] access - POST /api/act/publish
[2017-11-09 17:15:28.271] [ERROR] access - POST /api/act/publish
[2017-11-09 17:17:27.906] [ERROR] access - POST /api/act/publish
[2017-11-09 17:18:22.995] [ERROR] access - POST /api/act/publish
[2017-11-09 17:19:28.287] [ERROR] access - POST /api/act/publish
[2017-11-09 17:22:08.279] [ERROR] access - POST /api/act/publish
[2017-11-09 17:25:08.469] [ERROR] access - POST /api/act/publish
[2017-11-09 17:45:24.262] [ERROR] access - POST /api/act/publish
[2017-11-09 17:46:43.762] [INFO] access - POST /api/act/publish
[2017-11-09 17:54:29.431] [INFO] access - GET /api/act/tpl/lists
[2017-11-09 17:54:31.454] [INFO] access - GET /api/act/32
[2017-11-09 17:54:39.249] [INFO] access - POST /api/act/upload
[2017-11-09 17:54:43.976] [INFO] access - POST /api/act/upload
[2017-11-09 17:54:53.171] [INFO] access - POST /api/act/publish
[2017-11-09 17:56:07.082] [WARN] access - GET /api/user/userInfo
[2017-11-09 17:56:07.087] [WARN] access - GET /api/menu/listsTree
[2017-11-09 17:56:15.700] [WARN] access - GET /api/act/tpl/lists
[2017-11-09 17:56:19.388] [INFO] access - GET /api/act/32
[2017-11-09 18:00:43.920] [WARN] access - GET /api/act/tpl/lists
[2017-11-09 18:00:49.947] [INFO] access - GET /api/act/32
[2017-11-09 18:03:35.044] [WARN] access - GET /api/act/tpl/lists
[2017-11-09 18:03:39.112] [INFO] access - GET /api/act/32
[2017-11-09 18:03:45.825] [WARN] access - GET /api/act/tpl/lists
[2017-11-09 18:03:50.435] [INFO] access - GET /api/act/32
[2017-11-09 18:03:55.199] [INFO] access - PUT /api/act/tpl/32
[2017-11-09 18:03:55.421] [INFO] access - GET /api/act/tpl/lists
[2017-11-09 18:04:04.028] [INFO] access - GET /api/act/32
[2017-11-09 18:18:34.860] [WARN] access - GET /api/act/tpl/lists
[2017-11-09 18:18:36.763] [INFO] access - GET /api/act/32
[2017-11-09 18:19:17.614] [WARN] access - GET /api/act/tpl/lists
[2017-11-09 18:19:19.684] [INFO] access - GET /api/act/32
[2017-11-09 18:20:41.307] [INFO] access - POST /api/act/upload
[2017-11-09 18:20:55.812] [INFO] access - POST /api/act/upload
[2017-11-09 18:21:04.923] [WARN] access - GET /api/user/userInfo
[2017-11-09 18:21:04.928] [WARN] access - GET /api/menu/listsTree
[2017-11-09 18:21:04.938] [INFO] access - GET /api/act/32
[2017-11-09 18:21:11.752] [INFO] access - POST /api/act/upload
[2017-11-09 18:21:27.632] [INFO] access - POST /api/act/upload
[2017-11-09 18:21:59.423] [INFO] access - POST /api/act/upload
[2017-11-09 18:24:06.973] [ERROR] access - POST /api/act/publish
[2017-11-09 18:28:20.441] [ERROR] access - GET /api/act/
[2017-11-09 18:29:53.107] [WARN] access - GET /api/user/userInfo
[2017-11-09 18:29:53.115] [ERROR] access - GET /api/act/
[2017-11-09 18:29:53.121] [WARN] access - GET /api/menu/listsTree
[2017-11-09 18:30:00.410] [WARN] access - GET /api/act/tpl/lists
[2017-11-09 18:30:02.560] [INFO] access - GET /api/act/32
[2017-11-09 18:30:08.725] [INFO] access - PUT /api/act/tpl/32
[2017-11-09 18:30:08.974] [INFO] access - GET /api/act/tpl/lists
[2017-11-09 18:30:11.002] [INFO] access - GET /api/act/32
[2017-11-09 18:47:07.171] [INFO] access - POST /api/act/upload
[2017-11-09 18:47:12.022] [INFO] access - POST /api/act/upload
[2017-11-09 18:47:16.562] [INFO] access - POST /api/act/upload
[2017-11-09 18:47:21.118] [ERROR] access - POST /api/act/publish
[2017-11-09 18:47:34.554] [ERROR] access - POST /api/act/publish
[2017-11-09 18:57:31.608] [ERROR] access - POST /api/act/publish
[2017-11-09 18:58:46.145] [ERROR] access - POST /api/act/publish
[2017-11-09 18:59:41.304] [ERROR] access - POST /api/act/publish
[2017-11-09 19:00:12.146] [ERROR] access - POST /api/act/publish
[2017-11-09 19:01:05.026] [ERROR] access - POST /api/act/publish
[2017-11-09 19:02:48.243] [ERROR] access - POST /api/act/publish
[2017-11-09 19:03:03.655] [ERROR] access - POST /api/act/publish
[2017-11-09 19:03:20.410] [ERROR] access - POST /api/act/publish
[2017-11-09 19:07:50.121] [ERROR] access - POST /api/act/publish
[2017-11-09 19:08:14.967] [ERROR] access - POST /api/act/publish
[2017-11-09 19:08:49.962] [ERROR] access - POST /api/act/publish
[2017-11-09 19:09:05.569] [ERROR] access - POST /api/act/publish
[2017-11-09 19:12:42.873] [ERROR] access - POST /api/act/publish
[2017-11-09 19:13:00.614] [ERROR] access - POST /api/act/publish
[2017-11-09 19:15:02.247] [ERROR] access - POST /api/act/publish
[2017-11-09 19:15:37.180] [ERROR] access - POST /api/act/publish
[2017-11-09 19:16:24.872] [ERROR] access - POST /api/act/publish
[2017-11-09 19:17:53.950] [ERROR] access - POST /api/act/publish
[2017-11-09 19:18:12.267] [ERROR] access - POST /api/act/publish
[2017-11-09 19:23:00.373] [ERROR] access - POST /api/act/publish
[2017-11-09 19:23:14.088] [ERROR] access - POST /api/act/publish
[2017-11-09 19:24:18.752] [ERROR] access - POST /api/act/publish
[2017-11-09 19:24:45.256] [ERROR] access - POST /api/act/publish
[2017-11-09 19:25:07.004] [ERROR] access - POST /api/act/publish
[2017-11-09 19:31:21.791] [INFO] access - POST /api/act/publish
[2017-11-09 19:39:09.236] [WARN] access - GET /api/act/tpl/lists
[2017-11-09 19:39:11.819] [INFO] access - GET /api/act/32
[2017-11-09 19:50:38.409] [INFO] access - POST /api/act/upload
[2017-11-09 19:50:43.480] [INFO] access - POST /api/act/upload
[2017-11-09 19:50:49.089] [INFO] access - POST /api/act/upload
[2017-11-09 19:50:57.408] [INFO] access - POST /api/act/publish
[2017-11-09 19:54:17.370] [WARN] access - GET /api/act/tpl/lists
[2017-11-09 19:54:19.572] [INFO] access - GET /api/act/32
[2017-11-09 19:54:25.595] [INFO] access - POST /api/act/upload
[2017-11-09 19:54:29.876] [INFO] access - POST /api/act/upload
[2017-11-09 19:54:34.213] [INFO] access - POST /api/act/upload
[2017-11-09 19:54:41.950] [ERROR] access - POST /api/act/publish
[2017-11-09 19:55:43.894] [ERROR] access - POST /api/act/publish
[2017-11-09 19:56:04.584] [ERROR] access - POST /api/act/publish
[2017-11-09 19:58:24.899] [ERROR] access - POST /api/act/publish
[2017-11-09 20:00:31.922] [ERROR] access - POST /api/act/publish
[2017-11-09 20:11:12.307] [INFO] access - POST /api/act/upload
[2017-11-09 20:11:20.068] [INFO] access - POST /api/act/upload
[2017-11-09 20:11:27.557] [INFO] access - POST /api/act/upload
[2017-11-09 20:11:48.833] [ERROR] access - POST /api/act/publish
[2017-11-09 20:13:27.779] [ERROR] access - POST /api/act/publish
[2017-11-09 20:14:37.493] [INFO] access - POST /api/act/upload
[2017-11-09 20:14:45.278] [INFO] access - POST /api/act/upload
[2017-11-09 20:14:52.377] [INFO] access - POST /api/act/upload
[2017-11-09 20:15:08.364] [ERROR] access - POST /api/act/publish
[2017-11-09 20:17:42.100] [ERROR] access - POST /api/act/publish
[2017-11-09 20:19:05.158] [ERROR] access - POST /api/act/publish
[2017-11-09 20:19:20.372] [ERROR] access - POST /api/act/publish
[2017-11-09 20:19:38.281] [ERROR] access - POST /api/act/publish
[2017-11-09 20:20:26.002] [INFO] access - POST /api/act/upload
[2017-11-09 20:26:16.077] [INFO] access - POST /api/act/upload
[2017-11-09 20:26:24.213] [INFO] access - POST /api/act/upload
[2017-11-09 20:36:24.161] [WARN] access - GET /api/user/userInfo
[2017-11-09 20:36:24.171] [WARN] access - GET /api/menu/listsTree
[2017-11-09 20:36:24.176] [INFO] access - GET /api/act/32
[2017-11-09 20:36:30.407] [INFO] access - POST /api/act/upload
[2017-11-09 20:36:34.977] [INFO] access - POST /api/act/upload
[2017-11-09 20:36:40.137] [INFO] access - POST /api/act/upload
[2017-11-09 20:39:09.216] [INFO] access - POST /api/act/publish
[2017-11-09 20:39:39.936] [WARN] access - GET /api/act/tpl/lists
[2017-11-09 20:39:45.918] [WARN] access - GET /api/act/tpl/lists
[2017-11-09 20:39:48.209] [INFO] access - GET /api/act/32
[2017-11-09 20:40:12.323] [INFO] access - POST /api/act/upload
[2017-11-09 20:40:18.792] [INFO] access - POST /api/act/upload
[2017-11-09 20:40:24.765] [INFO] access - POST /api/act/upload
[2017-11-09 20:40:36.136] [INFO] access - POST /api/act/publish
[2017-11-09 20:41:28.683] [WARN] access - GET /api/act/tpl/lists
[2017-11-09 20:41:30.429] [INFO] access - GET /api/act/32
[2017-11-09 20:41:42.796] [INFO] access - POST /api/act/upload
[2017-11-09 20:41:47.816] [INFO] access - POST /api/act/upload
[2017-11-09 20:41:52.639] [INFO] access - POST /api/act/upload
[2017-11-09 20:41:56.615] [INFO] access - POST /api/act/publish
[2017-11-09 20:42:57.118] [WARN] access - GET /api/act/tpl/lists
[2017-11-09 20:42:59.350] [INFO] access - GET /api/act/32
[2017-11-09 20:43:06.918] [INFO] access - POST /api/act/upload
[2017-11-09 20:43:11.358] [INFO] access - POST /api/act/upload
[2017-11-09 20:43:15.967] [INFO] access - POST /api/act/upload
[2017-11-09 20:43:19.893] [INFO] access - POST /api/act/publish
[2017-11-09 20:43:50.297] [WARN] access - GET /api/act/tpl/lists
[2017-11-09 20:43:52.152] [INFO] access - GET /api/act/32
[2017-11-09 20:43:58.839] [INFO] access - POST /api/act/upload
[2017-11-09 20:44:03.813] [INFO] access - POST /api/act/upload
[2017-11-09 20:44:08.511] [INFO] access - POST /api/act/upload
[2017-11-09 20:44:12.865] [INFO] access - POST /api/act/publish
[2017-11-09 20:44:42.214] [WARN] access - GET /api/act/tpl/lists
[2017-11-09 20:44:44.419] [INFO] access - GET /api/act/32
[2017-11-09 20:44:55.514] [INFO] access - POST /api/act/upload
[2017-11-09 20:45:02.927] [INFO] access - POST /api/act/upload
[2017-11-09 20:45:07.334] [INFO] access - POST /api/act/upload
[2017-11-09 20:45:16.122] [INFO] access - POST /api/act/publish
