[2018-05-07 15:24:00.389] [INFO] access - POST /api/signin
[2018-05-07 15:24:00.494] [INFO] access - GET /api/menu/listsTree
[2018-05-07 15:24:00.499] [INFO] access - GET /api/user/userInfo
[2018-05-07 15:27:09.168] [INFO] access - GET /api/act/config/lists?keys=
[2018-05-07 15:27:10.962] [INFO] access - GET /api/act/lists?keys=&pageSize=15&pageIndex=1
[2018-05-07 15:27:12.180] [INFO] access - GET /api/act/tpl/lists
[2018-05-07 15:27:12.213] [ERROR] access - GET /images/act_tpl_image/1524735070034.png
[2018-05-07 15:27:12.218] [ERROR] access - GET /images/act_tpl_image/1520488106123.png
[2018-05-07 15:27:14.952] [ERROR] access - GET /api/act/components/lists?keys=
[2018-05-07 15:27:42.908] [WARN] access - GET /api/act/tpl/lists
[2018-05-07 15:27:42.950] [ERROR] access - GET /images/act_tpl_image/1524735070034.png
[2018-05-07 15:27:42.954] [ERROR] access - GET /images/act_tpl_image/1520488106123.png
[2018-05-07 15:27:43.950] [INFO] access - GET /api/act/components/lists?keys=
[2018-05-07 15:27:54.042] [WARN] access - GET /api/act/tpl/lists
[2018-05-07 15:27:54.073] [ERROR] access - GET /images/act_tpl_image/1524735070034.png
[2018-05-07 15:27:54.077] [ERROR] access - GET /images/act_tpl_image/1520488106123.png
[2018-05-07 16:04:01.097] [INFO] access - POST /api/act/tpl/add
[2018-05-07 16:04:01.373] [INFO] access - GET /api/act/tpl/lists
[2018-05-07 16:04:01.426] [ERROR] access - GET /images/act_tpl_image/1525680241074.png
[2018-05-07 16:04:01.432] [ERROR] access - GET /images/act_tpl_image/1524735070034.png
[2018-05-07 16:04:01.439] [ERROR] access - GET /images/act_tpl_image/1520488106123.png
[2018-05-07 16:04:10.967] [WARN] access - GET /api/menu/listsTree
[2018-05-07 16:04:10.974] [WARN] access - GET /api/user/userInfo
[2018-05-07 16:04:10.979] [WARN] access - GET /api/act/tpl/lists
[2018-05-07 16:04:11.077] [ERROR] access - GET /images/act_tpl_image/1525680241074.png
[2018-05-07 16:04:11.082] [ERROR] access - GET /images/act_tpl_image/1524735070034.png
[2018-05-07 16:04:11.087] [ERROR] access - GET /images/act_tpl_image/1520488106123.png
[2018-05-07 16:08:07.592] [INFO] access - GET /api/config/lists?keys=&pageSize=15&pageIndex=1
[2018-05-07 16:08:16.375] [INFO] access - DELETE /api/config/7
[2018-05-07 16:08:19.643] [INFO] access - DELETE /api/config/6
[2018-05-07 16:10:33.116] [INFO] access - PUT /api/config/4
[2018-05-07 16:10:33.152] [INFO] access - GET /api/config/lists?keys=&pageSize=15&pageIndex=1
[2018-05-07 16:11:53.556] [WARN] access - GET /api/act/tpl/lists
[2018-05-07 16:11:53.608] [ERROR] access - GET /images/act_tpl_image/1525680241074.png
[2018-05-07 16:11:53.611] [ERROR] access - GET /images/act_tpl_image/1524735070034.png
[2018-05-07 16:11:53.615] [ERROR] access - GET /images/act_tpl_image/1520488106123.png
[2018-05-07 16:11:55.508] [INFO] access - GET /api/act/tpl/55
[2018-05-07 16:11:55.545] [ERROR] access - GET /images/act_tpl_image/1525680241074.png
[2018-05-07 16:12:07.102] [INFO] access - POST /api/act/tpl/update
[2018-05-07 16:12:07.346] [INFO] access - GET /api/act/tpl/lists
[2018-05-07 16:12:07.403] [ERROR] access - GET /images/act_tpl_image/1525680727077.png
[2018-05-07 16:12:07.406] [ERROR] access - GET /images/act_tpl_image/1524735070034.png
[2018-05-07 16:12:07.411] [ERROR] access - GET /images/act_tpl_image/1520488106123.png
[2018-05-07 16:25:38.585] [WARN] access - GET /api/menu/listsTree
[2018-05-07 16:25:38.591] [WARN] access - GET /api/user/userInfo
[2018-05-07 16:25:38.602] [WARN] access - GET /api/act/tpl/lists
[2018-05-07 16:25:38.756] [ERROR] access - GET /images/act_tpl_image/1525680727077.png
[2018-05-07 16:25:38.771] [ERROR] access - GET /images/act_tpl_image/1524735070034.png
[2018-05-07 16:25:38.781] [ERROR] access - GET /images/act_tpl_image/1520488106123.png
[2018-05-07 16:27:18.862] [WARN] access - GET /api/config/lists?keys=&pageSize=15&pageIndex=1
[2018-05-07 16:28:55.459] [WARN] access - GET /api/act/tpl/lists
[2018-05-07 16:28:55.504] [ERROR] access - GET /images/act_tpl_image/1525680727077.png
[2018-05-07 16:28:55.507] [ERROR] access - GET /images/act_tpl_image/1524735070034.png
[2018-05-07 16:28:55.513] [ERROR] access - GET /images/act_tpl_image/1520488106123.png
[2018-05-07 16:28:58.142] [WARN] access - GET /api/menu/listsTree
[2018-05-07 16:28:58.147] [WARN] access - GET /api/user/userInfo
[2018-05-07 16:28:58.155] [WARN] access - GET /api/act/tpl/lists
[2018-05-07 16:28:58.300] [ERROR] access - GET /images/act_tpl_image/1525680727077.png
[2018-05-07 16:28:58.306] [ERROR] access - GET /images/act_tpl_image/1524735070034.png
[2018-05-07 16:28:58.312] [ERROR] access - GET /images/act_tpl_image/1520488106123.png
[2018-05-07 16:29:08.372] [ERROR] access - GET /images/act_tpl_image/1525680727077.png
[2018-05-07 17:02:27.489] [WARN] access - GET /api/user/userInfo
[2018-05-07 17:02:27.494] [WARN] access - GET /api/menu/listsTree
[2018-05-07 17:02:27.499] [WARN] access - GET /api/act/tpl/lists
[2018-05-07 17:02:27.627] [ERROR] access - GET /images/act_tpl_image/1524735070034.png
[2018-05-07 17:02:27.634] [WARN] access - GET /images/act_tpl_image/1525680727077.png
[2018-05-07 17:02:27.639] [ERROR] access - GET /images/act_tpl_image/1520488106123.png
[2018-05-07 17:06:56.974] [INFO] access - GET /api/act/tpl/55
[2018-05-07 17:06:56.988] [INFO] access - GET /api/act/config/lists
