[2017-10-30 14:47:19.978] [WARN] access - GET /api/user/userInfo
[2017-10-30 14:47:19.983] [WARN] access - GET /api/menu/listsTree
[2017-10-30 16:34:33.182] [WARN] access - GET /api/user/userInfo
[2017-10-30 16:37:42.674] [WARN] access - GET /api/user/userInfo
[2017-10-30 16:37:52.131] [WARN] access - GET /api/user/userInfo
[2017-10-30 16:38:14.236] [WARN] access - GET /api/user/userInfo
[2017-10-30 17:47:18.540] [WARN] access - GET /api/menu/listsTree
[2017-10-30 17:47:18.549] [WARN] access - GET /api/user/userInfo
[2017-10-30 17:47:26.907] [WARN] access - GET /api/menu/listsTree
[2017-10-30 17:47:26.915] [WARN] access - GET /api/user/userInfo
[2017-10-30 17:47:38.148] [WARN] access - GET /api/menu/listsTree
[2017-10-30 17:47:38.157] [WARN] access - GET /api/user/userInfo
[2017-10-30 17:54:58.844] [WARN] access - GET /api/menu/listsTree
[2017-10-30 17:54:58.872] [WARN] access - GET /api/user/userInfo
[2017-10-30 17:55:11.268] [WARN] access - GET /api/menu/listsTree
[2017-10-30 17:55:11.274] [WARN] access - GET /api/user/userInfo
[2017-10-30 17:55:33.536] [WARN] access - GET /api/menu/listsTree
[2017-10-30 17:55:33.543] [WARN] access - GET /api/user/userInfo
[2017-10-30 17:55:57.138] [WARN] access - GET /api/menu/listsTree
[2017-10-30 17:55:57.144] [WARN] access - GET /api/user/userInfo
[2017-10-30 17:56:32.452] [WARN] access - GET /api/menu/listsTree
[2017-10-30 17:56:32.457] [WARN] access - GET /api/user/userInfo
[2017-10-30 17:56:32.620] [WARN] access - GET /api/menu/listsTree
[2017-10-30 17:56:32.636] [WARN] access - GET /api/menu/lists?keys=
[2017-10-30 17:56:32.647] [WARN] access - GET /api/menu/listsTree
[2017-10-30 17:56:57.295] [INFO] access - PUT /api/menu/26
[2017-10-30 17:56:57.339] [INFO] access - GET /api/menu/listsTree
[2017-10-30 17:56:57.358] [INFO] access - GET /api/menu/lists?keys=
[2017-10-30 17:56:57.362] [WARN] access - GET /api/menu/listsTree
[2017-10-30 17:57:07.003] [INFO] access - PUT /api/menu/25
[2017-10-30 17:57:07.029] [INFO] access - GET /api/menu/listsTree
[2017-10-30 17:57:07.035] [INFO] access - GET /api/menu/lists?keys=
[2017-10-30 17:57:07.048] [WARN] access - GET /api/menu/listsTree
[2017-10-30 17:58:09.574] [WARN] access - GET /api/menu/listsTree
[2017-10-30 17:58:09.580] [WARN] access - GET /api/user/userInfo
[2017-10-30 17:58:45.635] [WARN] access - GET /api/menu/listsTree
[2017-10-30 17:58:45.640] [WARN] access - GET /api/user/userInfo
[2017-10-30 17:59:27.258] [WARN] access - GET /api/menu/listsTree
[2017-10-30 17:59:27.270] [WARN] access - GET /api/user/userInfo
[2017-10-30 17:59:52.677] [WARN] access - GET /api/user/userInfo
[2017-10-30 17:59:58.441] [WARN] access - GET /api/menu/listsTree
[2017-10-30 17:59:58.447] [WARN] access - GET /api/user/userInfo
[2017-10-30 18:17:33.259] [WARN] access - GET /api/menu/listsTree
[2017-10-30 18:17:33.265] [WARN] access - GET /api/user/userInfo
[2017-10-30 18:17:48.591] [WARN] access - GET /api/menu/listsTree
[2017-10-30 18:17:48.613] [WARN] access - GET /api/user/userInfo
[2017-10-30 18:18:21.272] [WARN] access - GET /api/menu/listsTree
[2017-10-30 18:18:21.302] [WARN] access - GET /api/user/userInfo
[2017-10-30 18:19:26.834] [WARN] access - GET /api/menu/listsTree
[2017-10-30 18:19:26.839] [WARN] access - GET /api/user/userInfo
[2017-10-30 18:21:22.031] [WARN] access - GET /api/menu/listsTree
[2017-10-30 18:21:22.039] [WARN] access - GET /api/user/userInfo
[2017-10-30 18:21:42.040] [WARN] access - GET /api/menu/listsTree
[2017-10-30 18:21:42.047] [WARN] access - GET /api/user/userInfo
[2017-10-30 18:36:20.061] [WARN] access - GET /api/menu/listsTree
[2017-10-30 18:36:20.066] [WARN] access - GET /api/user/userInfo
[2017-10-30 18:36:34.986] [WARN] access - GET /api/menu/listsTree
[2017-10-30 18:36:34.994] [WARN] access - GET /api/user/userInfo
[2017-10-30 18:37:06.242] [WARN] access - GET /api/menu/listsTree
[2017-10-30 18:37:06.246] [WARN] access - GET /api/user/userInfo
[2017-10-30 18:37:42.973] [WARN] access - GET /api/menu/listsTree
[2017-10-30 18:37:42.979] [WARN] access - GET /api/user/userInfo
[2017-10-30 19:35:36.608] [WARN] access - GET /api/menu/listsTree
[2017-10-30 19:35:36.614] [WARN] access - GET /api/user/userInfo
[2017-10-30 19:36:06.124] [WARN] access - GET /api/menu/listsTree
[2017-10-30 19:36:06.129] [WARN] access - GET /api/user/userInfo
[2017-10-30 19:39:52.180] [WARN] access - GET /api/menu/listsTree
[2017-10-30 19:39:52.185] [WARN] access - GET /api/user/userInfo
[2017-10-30 19:41:02.257] [WARN] access - GET /api/menu/listsTree
[2017-10-30 19:41:02.263] [WARN] access - GET /api/user/userInfo
[2017-10-30 19:46:11.211] [WARN] access - GET /api/menu/listsTree
[2017-10-30 19:46:11.215] [WARN] access - GET /api/user/userInfo
[2017-10-30 19:50:05.621] [WARN] access - GET /api/menu/listsTree
[2017-10-30 19:50:05.626] [WARN] access - GET /api/user/userInfo
[2017-10-30 19:50:19.353] [WARN] access - GET /api/menu/listsTree
[2017-10-30 19:50:19.358] [WARN] access - GET /api/user/userInfo
[2017-10-30 19:51:22.267] [WARN] access - GET /api/menu/listsTree
[2017-10-30 19:51:22.272] [WARN] access - GET /api/user/userInfo
[2017-10-30 19:51:42.353] [WARN] access - GET /api/menu/listsTree
[2017-10-30 19:51:42.357] [WARN] access - GET /api/user/userInfo
[2017-10-30 19:51:56.650] [WARN] access - GET /api/menu/listsTree
[2017-10-30 19:51:56.658] [WARN] access - GET /api/user/userInfo
[2017-10-30 19:51:59.166] [WARN] access - GET /api/menu/listsTree
[2017-10-30 19:51:59.171] [WARN] access - GET /api/user/userInfo
[2017-10-30 19:52:31.460] [WARN] access - GET /api/menu/listsTree
[2017-10-30 19:52:31.465] [WARN] access - GET /api/user/userInfo
[2017-10-30 19:53:49.144] [WARN] access - GET /api/menu/listsTree
[2017-10-30 19:53:49.151] [WARN] access - GET /api/user/userInfo
[2017-10-30 19:55:43.739] [WARN] access - GET /api/menu/listsTree
[2017-10-30 19:55:43.744] [WARN] access - GET /api/user/userInfo
[2017-10-30 19:56:24.076] [WARN] access - GET /api/menu/listsTree
[2017-10-30 19:56:24.081] [WARN] access - GET /api/user/userInfo
[2017-10-30 19:57:10.076] [WARN] access - GET /api/menu/listsTree
[2017-10-30 19:57:10.081] [WARN] access - GET /api/user/userInfo
[2017-10-30 19:57:58.441] [WARN] access - GET /api/menu/listsTree
[2017-10-30 19:57:58.446] [WARN] access - GET /api/user/userInfo
[2017-10-30 19:59:42.070] [WARN] access - GET /api/menu/listsTree
[2017-10-30 19:59:42.076] [WARN] access - GET /api/user/userInfo
[2017-10-30 20:00:05.129] [WARN] access - GET /api/menu/listsTree
[2017-10-30 20:00:05.135] [WARN] access - GET /api/user/userInfo
[2017-10-30 20:01:17.731] [WARN] access - GET /api/menu/listsTree
[2017-10-30 20:01:17.737] [WARN] access - GET /api/user/userInfo
[2017-10-30 20:01:56.782] [WARN] access - GET /api/menu/listsTree
[2017-10-30 20:01:56.788] [WARN] access - GET /api/user/userInfo
[2017-10-30 20:02:34.921] [WARN] access - GET /api/menu/listsTree
[2017-10-30 20:02:34.927] [WARN] access - GET /api/user/userInfo
[2017-10-30 20:03:44.548] [WARN] access - GET /api/menu/listsTree
[2017-10-30 20:03:44.554] [WARN] access - GET /api/user/userInfo
[2017-10-30 21:07:09.015] [INFO] access - GET /api/menu/listsTree
[2017-10-30 21:07:18.992] [INFO] access - GET /api/user/userInfo
[2017-10-30 21:07:32.829] [WARN] access - GET /api/menu/listsTree
[2017-10-30 21:07:42.829] [WARN] access - GET /api/user/userInfo
[2017-10-30 21:13:38.059] [WARN] access - GET /api/menu/listsTree
[2017-10-30 21:13:48.064] [WARN] access - GET /api/user/userInfo
[2017-10-30 21:16:00.195] [WARN] access - GET /api/menu/listsTree
[2017-10-30 21:16:10.198] [WARN] access - GET /api/user/userInfo
[2017-10-30 21:16:50.469] [INFO] access - GET /api/menu/listsTree
[2017-10-30 21:17:00.473] [INFO] access - GET /api/user/userInfo
[2017-10-30 21:23:35.745] [WARN] access - GET /api/menu/listsTree
[2017-10-30 21:23:45.746] [WARN] access - GET /api/user/userInfo
