[2018-05-24 17:05:52.624] [FATAL] system - { Error: EEXIST: file already exists, symlink '/Users/mac/Desktop/Applications/GitLab/cms-backend/www/nodecms/static-temp' -> '/Users/mac/Desktop/Applications/GitLab/cms-backend/temp'
    at Error (native)
    at Object.fs.symlinkSync (fs.js:1054:18)
    at fs.access (/Users/mac/Desktop/Applications/GitLab/cms-backend/src/handlers/system.handler.js:56:8)
    at FSReqWrap.oncomplete (fs.js:123:15)
  errno: -17,
  code: 'EEXIST',
  syscall: 'symlink',
  path: '/Users/mac/Desktop/Applications/GitLab/cms-backend/www/nodecms/static-temp',
  dest: '/Users/mac/Desktop/Applications/GitLab/cms-backend/temp' }
[2018-05-24 17:05:52.635] [FATAL] system - { Error: EEXIST: file already exists, symlink '/Users/mac/Desktop/Applications/GitLab/cms-backend/www/nodecms/static-act-comps' -> '/Users/mac/Desktop/Applications/GitLab/cms-backend/src/themes/activity/components'
    at Error (native)
    at Object.fs.symlinkSync (fs.js:1054:18)
    at fs.access (/Users/mac/Desktop/Applications/GitLab/cms-backend/src/handlers/system.handler.js:32:8)
    at FSReqWrap.oncomplete (fs.js:123:15)
  errno: -17,
  code: 'EEXIST',
  syscall: 'symlink',
  path: '/Users/mac/Desktop/Applications/GitLab/cms-backend/www/nodecms/static-act-comps',
  dest: '/Users/mac/Desktop/Applications/GitLab/cms-backend/src/themes/activity/components' }
