[2018-05-07 15:27:14.928] [ERROR] system - { Error: ENOENT: no such file or directory, scandir '/Users/mac/Desktop/Applications/GitLab/cms-backend/src/themes/activity/components'
    at Error (native)
    at Object.fs.readdirSync (fs.js:951:18)
    at exports.lists (/Users/mac/Desktop/Applications/GitLab/cms-backend/src/controllers/act/components.controller.js:84:20)
    at Layer.handle [as handle_request] (/Users/mac/Desktop/Applications/GitLab/cms-backend/node_modules/express/lib/router/layer.js:95:5)
    at next (/Users/mac/Desktop/Applications/GitLab/cms-backend/node_modules/express/lib/router/route.js:137:13)
    at Route.dispatch (/Users/mac/Desktop/Applications/GitLab/cms-backend/node_modules/express/lib/router/route.js:112:3)
    at Layer.handle [as handle_request] (/Users/mac/Desktop/Applications/GitLab/cms-backend/node_modules/express/lib/router/layer.js:95:5)
    at /Users/mac/Desktop/Applications/GitLab/cms-backend/node_modules/express/lib/router/index.js:281:22
    at Function.process_params (/Users/mac/Desktop/Applications/GitLab/cms-backend/node_modules/express/lib/router/index.js:335:12)
    at next (/Users/mac/Desktop/Applications/GitLab/cms-backend/node_modules/express/lib/router/index.js:275:10)
    at Function.handle (/Users/mac/Desktop/Applications/GitLab/cms-backend/node_modules/express/lib/router/index.js:174:3)
    at router (/Users/mac/Desktop/Applications/GitLab/cms-backend/node_modules/express/lib/router/index.js:47:12)
    at Layer.handle [as handle_request] (/Users/mac/Desktop/Applications/GitLab/cms-backend/node_modules/express/lib/router/layer.js:95:5)
    at trim_prefix (/Users/mac/Desktop/Applications/GitLab/cms-backend/node_modules/express/lib/router/index.js:317:13)
    at /Users/mac/Desktop/Applications/GitLab/cms-backend/node_modules/express/lib/router/index.js:284:7
    at Function.process_params (/Users/mac/Desktop/Applications/GitLab/cms-backend/node_modules/express/lib/router/index.js:335:12)
  errno: -2,
  code: 'ENOENT',
  syscall: 'scandir',
  path: '/Users/mac/Desktop/Applications/GitLab/cms-backend/src/themes/activity/components' } undefined
