[2017-10-19 10:58:07.556] [ERROR] system - { Error: Uncaught, unspecified "error" event. (PhantomJS not installed)
    at EventEmitter.emit (events.js:163:17)
    at /Users/mac/Desktop/Applications/GitLab/cms-backend/node_modules/nodepdf/index.js:67:24
    at /Users/mac/Desktop/Applications/GitLab/cms-backend/node_modules/nodepdf/child.js:52:12
    at ChildProcess.exithandler (child_process.js:213:5)
    at emitTwo (events.js:106:13)
    at ChildProcess.emit (events.js:191:7)
    at maybeClose (internal/child_process.js:877:16)
    at Socket.<anonymous> (internal/child_process.js:334:11)
    at emitOne (events.js:96:13)
    at Socket.emit (events.js:188:7)
    at Pipe._handle.close [as _onclose] (net.js:498:12)
  context: 'PhantomJS not installed',
  domain: 
   Domain {
     domain: null,
     _events: { error: [Function] },
     _eventsCount: 1,
     _maxListeners: undefined,
     members: [] },
  domainThrown: true } undefined
[2017-10-19 13:31:21.119] [ERROR] system - /Users/mac/Desktop/Applications/GitLab/cms-backend/src/controllers/login.controller.js 参数验证失败
[2017-10-19 13:31:26.805] [ERROR] system - /Users/mac/Desktop/Applications/GitLab/cms-backend/src/controllers/login.controller.js 参数验证失败
[2017-10-19 13:31:28.933] [ERROR] system - /Users/mac/Desktop/Applications/GitLab/cms-backend/src/controllers/login.controller.js 参数验证失败
[2017-10-19 13:31:28.939] [ERROR] system - /Users/mac/Desktop/Applications/GitLab/cms-backend/src/controllers/login.controller.js 参数验证失败
[2017-10-19 13:33:34.826] [ERROR] system - /Users/mac/Desktop/Applications/GitLab/cms-backend/src/controllers/login.controller.js 参数验证失败
[2017-10-19 13:34:41.997] [ERROR] system - error in domain { ReferenceError: result is not defined
    at /Users/mac/Desktop/Applications/GitLab/cms-backend/src/controllers/login.controller.js:76:12
    at /Users/mac/Desktop/Applications/GitLab/cms-backend/node_modules/async/dist/async.js:421:16
    at /Users/mac/Desktop/Applications/GitLab/cms-backend/node_modules/async/dist/async.js:1609:17
    at /Users/mac/Desktop/Applications/GitLab/cms-backend/node_modules/async/dist/async.js:906:16
    at /Users/mac/Desktop/Applications/GitLab/cms-backend/src/controllers/login.controller.js:44:18
    at /Users/mac/Desktop/Applications/GitLab/cms-backend/src/services/user.service.js:19:10
    at /Users/mac/Desktop/Applications/GitLab/cms-backend/src/lib/mysqldb.lib.js:160:16
    at Query.<anonymous> (/Users/mac/Desktop/Applications/GitLab/cms-backend/src/lib/mysqldb.lib.js:49:13)
    at bound (domain.js:280:14)
    at Query.runBound [as _callback] (domain.js:293:12)
    at Query.Sequence.end (/Users/mac/Desktop/Applications/GitLab/cms-backend/node_modules/mysql/lib/protocol/sequences/Sequence.js:86:24)
    at Query._handleFinalResultPacket (/Users/mac/Desktop/Applications/GitLab/cms-backend/node_modules/mysql/lib/protocol/sequences/Query.js:137:8)
    at Query.EofPacket (/Users/mac/Desktop/Applications/GitLab/cms-backend/node_modules/mysql/lib/protocol/sequences/Query.js:121:8)
    at Protocol._parsePacket (/Users/mac/Desktop/Applications/GitLab/cms-backend/node_modules/mysql/lib/protocol/Protocol.js:280:23)
    at Parser.write (/Users/mac/Desktop/Applications/GitLab/cms-backend/node_modules/mysql/lib/protocol/Parser.js:75:12)
    at Protocol.write (/Users/mac/Desktop/Applications/GitLab/cms-backend/node_modules/mysql/lib/protocol/Protocol.js:39:16)
  domain: 
   Domain {
     domain: null,
     _events: { error: [Function] },
     _eventsCount: 1,
     _maxListeners: undefined,
     members: [] },
  domainThrown: true }
