[2018-03-26 18:32:20.919] [ERROR] system - { Error: Handshake inactivity timeout
    at Handshake.<anonymous> (/Users/mac/Desktop/Applications/GitLab/cms-backend/node_modules/express-mysql-session/node_modules/mysql/lib/protocol/Protocol.js:164:17)
    at emitNone (events.js:86:13)
    at Handshake.emit (events.js:185:7)
    at Handshake._onTimeout (/Users/mac/Desktop/Applications/GitLab/cms-backend/node_modules/express-mysql-session/node_modules/mysql/lib/protocol/sequences/Sequence.js:129:8)
    at ontimeout (timers.js:365:14)
    at tryOnTimeout (timers.js:237:5)
    at Timer.listOnTimeout (timers.js:207:5)
    --------------------
    at Protocol._enqueue (/Users/mac/Desktop/Applications/GitLab/cms-backend/node_modules/express-mysql-session/node_modules/mysql/lib/protocol/Protocol.js:145:48)
    at Protocol.handshake (/Users/mac/Desktop/Applications/GitLab/cms-backend/node_modules/express-mysql-session/node_modules/mysql/lib/protocol/Protocol.js:52:23)
    at PoolConnection.connect (/Users/mac/Desktop/Applications/GitLab/cms-backend/node_modules/express-mysql-session/node_modules/mysql/lib/Connection.js:130:18)
    at Pool.getConnection (/Users/mac/Desktop/Applications/GitLab/cms-backend/node_modules/express-mysql-session/node_modules/mysql/lib/Pool.js:48:16)
    at Pool.query (/Users/mac/Desktop/Applications/GitLab/cms-backend/node_modules/express-mysql-session/node_modules/mysql/lib/Pool.js:202:8)
    at MySQLStore.get (/Users/mac/Desktop/Applications/GitLab/cms-backend/node_modules/express-mysql-session/lib/index.js:130:19)
    at session (/Users/mac/Desktop/Applications/GitLab/cms-backend/node_modules/express-session/index.js:460:11)
    at Layer.handle [as handle_request] (/Users/mac/Desktop/Applications/GitLab/cms-backend/node_modules/express/lib/router/layer.js:95:5)
    at trim_prefix (/Users/mac/Desktop/Applications/GitLab/cms-backend/node_modules/express/lib/router/index.js:317:13)
    at /Users/mac/Desktop/Applications/GitLab/cms-backend/node_modules/express/lib/router/index.js:284:7
    at Function.process_params (/Users/mac/Desktop/Applications/GitLab/cms-backend/node_modules/express/lib/router/index.js:335:12)
    at next (/Users/mac/Desktop/Applications/GitLab/cms-backend/node_modules/express/lib/router/index.js:275:10)
    at /Users/mac/Desktop/Applications/GitLab/cms-backend/src/lib/session.lib.js:12:5
    at Layer.handle [as handle_request] (/Users/mac/Desktop/Applications/GitLab/cms-backend/node_modules/express/lib/router/layer.js:95:5)
    at trim_prefix (/Users/mac/Desktop/Applications/GitLab/cms-backend/node_modules/express/lib/router/index.js:317:13)
    at /Users/mac/Desktop/Applications/GitLab/cms-backend/node_modules/express/lib/router/index.js:284:7
  code: 'PROTOCOL_SEQUENCE_TIMEOUT',
  fatal: true,
  timeout: 10000 } undefined
