[2018-01-26 14:46:14.617] [ERROR] system - TypeError: Cannot read property 'pids' of undefined
    at async.auto.newsData (/Users/mac/Desktop/Applications/GitLab/cms-backend/src/controllers/news/news.controller.js:193:38)
    at runTask (/Users/mac/Desktop/Applications/GitLab/cms-backend/node_modules/async/dist/async.js:1619:13)
    at /Users/mac/Desktop/Applications/GitLab/cms-backend/node_modules/async/dist/async.js:1559:13
    at processQueue (/Users/mac/Desktop/Applications/GitLab/cms-backend/node_modules/async/dist/async.js:1569:13)
    at taskComplete (/Users/mac/Desktop/Applications/GitLab/cms-backend/node_modules/async/dist/async.js:1588:9)
    at /Users/mac/Desktop/Applications/GitLab/cms-backend/node_modules/async/dist/async.js:1612:17
    at /Users/mac/Desktop/Applications/GitLab/cms-backend/node_modules/async/dist/async.js:906:16
    at async.auto.newsType (/Users/mac/Desktop/Applications/GitLab/cms-backend/src/controllers/news/news.controller.js:190:4)
    at runTask (/Users/mac/Desktop/Applications/GitLab/cms-backend/node_modules/async/dist/async.js:1619:13)
    at /Users/mac/Desktop/Applications/GitLab/cms-backend/node_modules/async/dist/async.js:1559:13
    at processQueue (/Users/mac/Desktop/Applications/GitLab/cms-backend/node_modules/async/dist/async.js:1569:13)
    at taskComplete (/Users/mac/Desktop/Applications/GitLab/cms-backend/node_modules/async/dist/async.js:1588:9)
    at /Users/mac/Desktop/Applications/GitLab/cms-backend/node_modules/async/dist/async.js:1612:17
    at /Users/mac/Desktop/Applications/GitLab/cms-backend/node_modules/async/dist/async.js:906:16
    at exports.allLists (/Users/mac/Desktop/Applications/GitLab/cms-backend/src/services/news/type.service.js:92:16)
    at runTask (/Users/mac/Desktop/Applications/GitLab/cms-backend/node_modules/async/dist/async.js:1621:13) undefined
[2018-01-26 14:47:47.332] [ERROR] system - TypeError: Cannot read property 'pids' of undefined
    at async.auto.newsData (/Users/mac/Desktop/Applications/GitLab/cms-backend/src/controllers/news/news.controller.js:193:38)
    at runTask (/Users/mac/Desktop/Applications/GitLab/cms-backend/node_modules/async/dist/async.js:1619:13)
    at /Users/mac/Desktop/Applications/GitLab/cms-backend/node_modules/async/dist/async.js:1559:13
    at processQueue (/Users/mac/Desktop/Applications/GitLab/cms-backend/node_modules/async/dist/async.js:1569:13)
    at taskComplete (/Users/mac/Desktop/Applications/GitLab/cms-backend/node_modules/async/dist/async.js:1588:9)
    at /Users/mac/Desktop/Applications/GitLab/cms-backend/node_modules/async/dist/async.js:1612:17
    at /Users/mac/Desktop/Applications/GitLab/cms-backend/node_modules/async/dist/async.js:906:16
    at async.auto.newsType (/Users/mac/Desktop/Applications/GitLab/cms-backend/src/controllers/news/news.controller.js:190:4)
    at runTask (/Users/mac/Desktop/Applications/GitLab/cms-backend/node_modules/async/dist/async.js:1619:13)
    at /Users/mac/Desktop/Applications/GitLab/cms-backend/node_modules/async/dist/async.js:1559:13
    at processQueue (/Users/mac/Desktop/Applications/GitLab/cms-backend/node_modules/async/dist/async.js:1569:13)
    at taskComplete (/Users/mac/Desktop/Applications/GitLab/cms-backend/node_modules/async/dist/async.js:1588:9)
    at /Users/mac/Desktop/Applications/GitLab/cms-backend/node_modules/async/dist/async.js:1612:17
    at /Users/mac/Desktop/Applications/GitLab/cms-backend/node_modules/async/dist/async.js:906:16
    at exports.allLists (/Users/mac/Desktop/Applications/GitLab/cms-backend/src/services/news/type.service.js:92:16)
    at runTask (/Users/mac/Desktop/Applications/GitLab/cms-backend/node_modules/async/dist/async.js:1621:13) undefined
[2018-01-26 14:48:40.727] [ERROR] system - TypeError: Cannot read property 'pids' of undefined
    at async.auto.newsData (/Users/mac/Desktop/Applications/GitLab/cms-backend/src/controllers/news/news.controller.js:193:38)
    at runTask (/Users/mac/Desktop/Applications/GitLab/cms-backend/node_modules/async/dist/async.js:1619:13)
    at /Users/mac/Desktop/Applications/GitLab/cms-backend/node_modules/async/dist/async.js:1559:13
    at processQueue (/Users/mac/Desktop/Applications/GitLab/cms-backend/node_modules/async/dist/async.js:1569:13)
    at taskComplete (/Users/mac/Desktop/Applications/GitLab/cms-backend/node_modules/async/dist/async.js:1588:9)
    at /Users/mac/Desktop/Applications/GitLab/cms-backend/node_modules/async/dist/async.js:1612:17
    at /Users/mac/Desktop/Applications/GitLab/cms-backend/node_modules/async/dist/async.js:906:16
    at async.auto.newsType (/Users/mac/Desktop/Applications/GitLab/cms-backend/src/controllers/news/news.controller.js:190:4)
    at runTask (/Users/mac/Desktop/Applications/GitLab/cms-backend/node_modules/async/dist/async.js:1619:13)
    at /Users/mac/Desktop/Applications/GitLab/cms-backend/node_modules/async/dist/async.js:1559:13
    at processQueue (/Users/mac/Desktop/Applications/GitLab/cms-backend/node_modules/async/dist/async.js:1569:13)
    at taskComplete (/Users/mac/Desktop/Applications/GitLab/cms-backend/node_modules/async/dist/async.js:1588:9)
    at /Users/mac/Desktop/Applications/GitLab/cms-backend/node_modules/async/dist/async.js:1612:17
    at /Users/mac/Desktop/Applications/GitLab/cms-backend/node_modules/async/dist/async.js:906:16
    at exports.allLists (/Users/mac/Desktop/Applications/GitLab/cms-backend/src/services/news/type.service.js:92:16)
    at runTask (/Users/mac/Desktop/Applications/GitLab/cms-backend/node_modules/async/dist/async.js:1621:13) undefined
[2018-01-26 14:49:09.233] [ERROR] system - TypeError: Cannot read property 'pids' of undefined
    at async.auto.newsData (/Users/mac/Desktop/Applications/GitLab/cms-backend/src/controllers/news/news.controller.js:193:38)
    at runTask (/Users/mac/Desktop/Applications/GitLab/cms-backend/node_modules/async/dist/async.js:1619:13)
    at /Users/mac/Desktop/Applications/GitLab/cms-backend/node_modules/async/dist/async.js:1559:13
    at processQueue (/Users/mac/Desktop/Applications/GitLab/cms-backend/node_modules/async/dist/async.js:1569:13)
    at taskComplete (/Users/mac/Desktop/Applications/GitLab/cms-backend/node_modules/async/dist/async.js:1588:9)
    at /Users/mac/Desktop/Applications/GitLab/cms-backend/node_modules/async/dist/async.js:1612:17
    at /Users/mac/Desktop/Applications/GitLab/cms-backend/node_modules/async/dist/async.js:906:16
    at async.auto.newsType (/Users/mac/Desktop/Applications/GitLab/cms-backend/src/controllers/news/news.controller.js:190:4)
    at runTask (/Users/mac/Desktop/Applications/GitLab/cms-backend/node_modules/async/dist/async.js:1619:13)
    at /Users/mac/Desktop/Applications/GitLab/cms-backend/node_modules/async/dist/async.js:1559:13
    at processQueue (/Users/mac/Desktop/Applications/GitLab/cms-backend/node_modules/async/dist/async.js:1569:13)
    at taskComplete (/Users/mac/Desktop/Applications/GitLab/cms-backend/node_modules/async/dist/async.js:1588:9)
    at /Users/mac/Desktop/Applications/GitLab/cms-backend/node_modules/async/dist/async.js:1612:17
    at /Users/mac/Desktop/Applications/GitLab/cms-backend/node_modules/async/dist/async.js:906:16
    at exports.allLists (/Users/mac/Desktop/Applications/GitLab/cms-backend/src/services/news/type.service.js:92:16)
    at runTask (/Users/mac/Desktop/Applications/GitLab/cms-backend/node_modules/async/dist/async.js:1621:13) undefined
[2018-01-26 14:49:19.122] [ERROR] system - TypeError: Cannot read property 'pids' of undefined
    at async.auto.newsData (/Users/mac/Desktop/Applications/GitLab/cms-backend/src/controllers/news/news.controller.js:193:38)
    at runTask (/Users/mac/Desktop/Applications/GitLab/cms-backend/node_modules/async/dist/async.js:1619:13)
    at /Users/mac/Desktop/Applications/GitLab/cms-backend/node_modules/async/dist/async.js:1559:13
    at processQueue (/Users/mac/Desktop/Applications/GitLab/cms-backend/node_modules/async/dist/async.js:1569:13)
    at taskComplete (/Users/mac/Desktop/Applications/GitLab/cms-backend/node_modules/async/dist/async.js:1588:9)
    at /Users/mac/Desktop/Applications/GitLab/cms-backend/node_modules/async/dist/async.js:1612:17
    at /Users/mac/Desktop/Applications/GitLab/cms-backend/node_modules/async/dist/async.js:906:16
    at async.auto.newsType (/Users/mac/Desktop/Applications/GitLab/cms-backend/src/controllers/news/news.controller.js:190:4)
    at runTask (/Users/mac/Desktop/Applications/GitLab/cms-backend/node_modules/async/dist/async.js:1619:13)
    at /Users/mac/Desktop/Applications/GitLab/cms-backend/node_modules/async/dist/async.js:1559:13
    at processQueue (/Users/mac/Desktop/Applications/GitLab/cms-backend/node_modules/async/dist/async.js:1569:13)
    at taskComplete (/Users/mac/Desktop/Applications/GitLab/cms-backend/node_modules/async/dist/async.js:1588:9)
    at /Users/mac/Desktop/Applications/GitLab/cms-backend/node_modules/async/dist/async.js:1612:17
    at /Users/mac/Desktop/Applications/GitLab/cms-backend/node_modules/async/dist/async.js:906:16
    at exports.allLists (/Users/mac/Desktop/Applications/GitLab/cms-backend/src/services/news/type.service.js:92:16)
    at runTask (/Users/mac/Desktop/Applications/GitLab/cms-backend/node_modules/async/dist/async.js:1621:13) undefined
[2018-01-26 14:49:43.275] [ERROR] system - TypeError: Cannot read property 'pids' of undefined
    at async.auto.newsData (/Users/mac/Desktop/Applications/GitLab/cms-backend/src/controllers/news/news.controller.js:193:38)
    at runTask (/Users/mac/Desktop/Applications/GitLab/cms-backend/node_modules/async/dist/async.js:1619:13)
    at /Users/mac/Desktop/Applications/GitLab/cms-backend/node_modules/async/dist/async.js:1559:13
    at processQueue (/Users/mac/Desktop/Applications/GitLab/cms-backend/node_modules/async/dist/async.js:1569:13)
    at taskComplete (/Users/mac/Desktop/Applications/GitLab/cms-backend/node_modules/async/dist/async.js:1588:9)
    at /Users/mac/Desktop/Applications/GitLab/cms-backend/node_modules/async/dist/async.js:1612:17
    at /Users/mac/Desktop/Applications/GitLab/cms-backend/node_modules/async/dist/async.js:906:16
    at async.auto.newsType (/Users/mac/Desktop/Applications/GitLab/cms-backend/src/controllers/news/news.controller.js:190:4)
    at runTask (/Users/mac/Desktop/Applications/GitLab/cms-backend/node_modules/async/dist/async.js:1619:13)
    at /Users/mac/Desktop/Applications/GitLab/cms-backend/node_modules/async/dist/async.js:1559:13
    at processQueue (/Users/mac/Desktop/Applications/GitLab/cms-backend/node_modules/async/dist/async.js:1569:13)
    at taskComplete (/Users/mac/Desktop/Applications/GitLab/cms-backend/node_modules/async/dist/async.js:1588:9)
    at /Users/mac/Desktop/Applications/GitLab/cms-backend/node_modules/async/dist/async.js:1612:17
    at /Users/mac/Desktop/Applications/GitLab/cms-backend/node_modules/async/dist/async.js:906:16
    at exports.allLists (/Users/mac/Desktop/Applications/GitLab/cms-backend/src/services/news/type.service.js:92:16)
    at runTask (/Users/mac/Desktop/Applications/GitLab/cms-backend/node_modules/async/dist/async.js:1621:13) undefined
[2018-01-26 14:49:50.329] [ERROR] system - TypeError: Cannot read property 'pids' of undefined
    at async.auto.newsData (/Users/mac/Desktop/Applications/GitLab/cms-backend/src/controllers/news/news.controller.js:193:38)
    at runTask (/Users/mac/Desktop/Applications/GitLab/cms-backend/node_modules/async/dist/async.js:1619:13)
    at /Users/mac/Desktop/Applications/GitLab/cms-backend/node_modules/async/dist/async.js:1559:13
    at processQueue (/Users/mac/Desktop/Applications/GitLab/cms-backend/node_modules/async/dist/async.js:1569:13)
    at taskComplete (/Users/mac/Desktop/Applications/GitLab/cms-backend/node_modules/async/dist/async.js:1588:9)
    at /Users/mac/Desktop/Applications/GitLab/cms-backend/node_modules/async/dist/async.js:1612:17
    at /Users/mac/Desktop/Applications/GitLab/cms-backend/node_modules/async/dist/async.js:906:16
    at async.auto.newsType (/Users/mac/Desktop/Applications/GitLab/cms-backend/src/controllers/news/news.controller.js:190:4)
    at runTask (/Users/mac/Desktop/Applications/GitLab/cms-backend/node_modules/async/dist/async.js:1619:13)
    at /Users/mac/Desktop/Applications/GitLab/cms-backend/node_modules/async/dist/async.js:1559:13
    at processQueue (/Users/mac/Desktop/Applications/GitLab/cms-backend/node_modules/async/dist/async.js:1569:13)
    at taskComplete (/Users/mac/Desktop/Applications/GitLab/cms-backend/node_modules/async/dist/async.js:1588:9)
    at /Users/mac/Desktop/Applications/GitLab/cms-backend/node_modules/async/dist/async.js:1612:17
    at /Users/mac/Desktop/Applications/GitLab/cms-backend/node_modules/async/dist/async.js:906:16
    at exports.allLists (/Users/mac/Desktop/Applications/GitLab/cms-backend/src/services/news/type.service.js:92:16)
    at runTask (/Users/mac/Desktop/Applications/GitLab/cms-backend/node_modules/async/dist/async.js:1621:13) undefined
[2018-01-26 14:49:52.800] [ERROR] system - TypeError: Cannot read property 'pids' of undefined
    at async.auto.newsData (/Users/mac/Desktop/Applications/GitLab/cms-backend/src/controllers/news/news.controller.js:193:38)
    at runTask (/Users/mac/Desktop/Applications/GitLab/cms-backend/node_modules/async/dist/async.js:1619:13)
    at /Users/mac/Desktop/Applications/GitLab/cms-backend/node_modules/async/dist/async.js:1559:13
    at processQueue (/Users/mac/Desktop/Applications/GitLab/cms-backend/node_modules/async/dist/async.js:1569:13)
    at taskComplete (/Users/mac/Desktop/Applications/GitLab/cms-backend/node_modules/async/dist/async.js:1588:9)
    at /Users/mac/Desktop/Applications/GitLab/cms-backend/node_modules/async/dist/async.js:1612:17
    at /Users/mac/Desktop/Applications/GitLab/cms-backend/node_modules/async/dist/async.js:906:16
    at async.auto.newsType (/Users/mac/Desktop/Applications/GitLab/cms-backend/src/controllers/news/news.controller.js:190:4)
    at runTask (/Users/mac/Desktop/Applications/GitLab/cms-backend/node_modules/async/dist/async.js:1619:13)
    at /Users/mac/Desktop/Applications/GitLab/cms-backend/node_modules/async/dist/async.js:1559:13
    at processQueue (/Users/mac/Desktop/Applications/GitLab/cms-backend/node_modules/async/dist/async.js:1569:13)
    at taskComplete (/Users/mac/Desktop/Applications/GitLab/cms-backend/node_modules/async/dist/async.js:1588:9)
    at /Users/mac/Desktop/Applications/GitLab/cms-backend/node_modules/async/dist/async.js:1612:17
    at /Users/mac/Desktop/Applications/GitLab/cms-backend/node_modules/async/dist/async.js:906:16
    at exports.allLists (/Users/mac/Desktop/Applications/GitLab/cms-backend/src/services/news/type.service.js:92:16)
    at runTask (/Users/mac/Desktop/Applications/GitLab/cms-backend/node_modules/async/dist/async.js:1621:13) undefined
[2018-01-26 14:50:57.511] [ERROR] system - TypeError: Cannot read property 'pids' of undefined
    at async.auto.newsData (/Users/mac/Desktop/Applications/GitLab/cms-backend/src/controllers/news/news.controller.js:193:38)
    at runTask (/Users/mac/Desktop/Applications/GitLab/cms-backend/node_modules/async/dist/async.js:1619:13)
    at /Users/mac/Desktop/Applications/GitLab/cms-backend/node_modules/async/dist/async.js:1559:13
    at processQueue (/Users/mac/Desktop/Applications/GitLab/cms-backend/node_modules/async/dist/async.js:1569:13)
    at taskComplete (/Users/mac/Desktop/Applications/GitLab/cms-backend/node_modules/async/dist/async.js:1588:9)
    at /Users/mac/Desktop/Applications/GitLab/cms-backend/node_modules/async/dist/async.js:1612:17
    at /Users/mac/Desktop/Applications/GitLab/cms-backend/node_modules/async/dist/async.js:906:16
    at async.auto.newsType (/Users/mac/Desktop/Applications/GitLab/cms-backend/src/controllers/news/news.controller.js:190:4)
    at runTask (/Users/mac/Desktop/Applications/GitLab/cms-backend/node_modules/async/dist/async.js:1619:13)
    at /Users/mac/Desktop/Applications/GitLab/cms-backend/node_modules/async/dist/async.js:1559:13
    at processQueue (/Users/mac/Desktop/Applications/GitLab/cms-backend/node_modules/async/dist/async.js:1569:13)
    at taskComplete (/Users/mac/Desktop/Applications/GitLab/cms-backend/node_modules/async/dist/async.js:1588:9)
    at /Users/mac/Desktop/Applications/GitLab/cms-backend/node_modules/async/dist/async.js:1612:17
    at /Users/mac/Desktop/Applications/GitLab/cms-backend/node_modules/async/dist/async.js:906:16
    at exports.allLists (/Users/mac/Desktop/Applications/GitLab/cms-backend/src/services/news/type.service.js:92:16)
    at runTask (/Users/mac/Desktop/Applications/GitLab/cms-backend/node_modules/async/dist/async.js:1621:13) undefined
[2018-01-26 14:51:18.593] [ERROR] system - TypeError: Cannot read property 'pids' of undefined
    at async.auto.newsData (/Users/mac/Desktop/Applications/GitLab/cms-backend/src/controllers/news/news.controller.js:193:38)
    at runTask (/Users/mac/Desktop/Applications/GitLab/cms-backend/node_modules/async/dist/async.js:1619:13)
    at /Users/mac/Desktop/Applications/GitLab/cms-backend/node_modules/async/dist/async.js:1559:13
    at processQueue (/Users/mac/Desktop/Applications/GitLab/cms-backend/node_modules/async/dist/async.js:1569:13)
    at taskComplete (/Users/mac/Desktop/Applications/GitLab/cms-backend/node_modules/async/dist/async.js:1588:9)
    at /Users/mac/Desktop/Applications/GitLab/cms-backend/node_modules/async/dist/async.js:1612:17
    at /Users/mac/Desktop/Applications/GitLab/cms-backend/node_modules/async/dist/async.js:906:16
    at async.auto.newsType (/Users/mac/Desktop/Applications/GitLab/cms-backend/src/controllers/news/news.controller.js:190:4)
    at runTask (/Users/mac/Desktop/Applications/GitLab/cms-backend/node_modules/async/dist/async.js:1619:13)
    at /Users/mac/Desktop/Applications/GitLab/cms-backend/node_modules/async/dist/async.js:1559:13
    at processQueue (/Users/mac/Desktop/Applications/GitLab/cms-backend/node_modules/async/dist/async.js:1569:13)
    at taskComplete (/Users/mac/Desktop/Applications/GitLab/cms-backend/node_modules/async/dist/async.js:1588:9)
    at /Users/mac/Desktop/Applications/GitLab/cms-backend/node_modules/async/dist/async.js:1612:17
    at /Users/mac/Desktop/Applications/GitLab/cms-backend/node_modules/async/dist/async.js:906:16
    at exports.allLists (/Users/mac/Desktop/Applications/GitLab/cms-backend/src/services/news/type.service.js:92:16)
    at runTask (/Users/mac/Desktop/Applications/GitLab/cms-backend/node_modules/async/dist/async.js:1621:13) undefined
