[2018-01-24 13:04:18.186] [DEBUG] database - SELECT * FROM `act`  WHERE `id`=90 
[2018-01-24 13:46:58.489] [DEBUG] database - SELECT * FROM `act`  WHERE `id`=90 
[2018-01-24 15:21:39.653] [DEBUG] database - SHOW COLUMNS FROM `act`
[2018-01-24 15:21:39.666] [DEBUG] database - UPDATE `act` SET `name`=":name",`code`=":code",`activity_code`=":activity_code",`data`=":data",`url`=":url",`components`=":components",`uuser_id`=:uuser_id,`status`=:status,`update_time`=":update_time" WHERE `id`=90 
[2018-01-24 15:21:39.667] [DEBUG] database - UPDATE `act` SET `name`="act1",`code`="act1",`activity_code`="5ef8e726df944e5ab4f44d7a38f08a7c",`data`="{&quot;title&quot;:&quot;简单借款&quot;,&quot;style&quot;:{&quot;background-color&quot;:&quot;#704be5&quot;,&quot;background-repeat&quot;:&quot;&quot;,&quot;background-image&quot;:&quot;&quot;},&quot;components&quot;:[{&quot;name&quot;:&quot;images&quot;,&quot;image_path&quot;:[&quot;/temp/20180123173813/tit_min_1516700328841.png&quot;]},{&quot;name&quot;:&quot;forms_reg&quot;,&quot;wrap&quot;:{&quot;style&quot;:{&quot;width&quot;:&quot;&quot;,&quot;background-color&quot;:&quot;&quot;,&quot;background-image&quot;:&quot;&quot;,&quot;height&quot;:&quot;900px&quot;}},&quot;content&quot;:{&quot;space&quot;:true,&quot;radius&quot;:true,&quot;style&quot;:{&quot;width&quot;:&quot;&quot;,&quot;height&quot;:&quot;&quot;}},&quot;input&quot;:{&quot;style&quot;:{&quot;border-color&quot;:&quot;&quot;}},&quot;icon&quot;:{&quot;style&quot;:{&quot;color&quot;:&quot;#704be5&quot;}},&quot;btnCode&quot;:{&quot;style&quot;:{&quot;color&quot;:&quot;#9e97e5&quot;,&quot;border-color&quot;:&quot;&quot;},&quot;usages&quot;:[&quot;goAlerts&quot;,&quot;alerts_3&quot;]},&quot;buttons&quot;:[{&quot;imageUrl&quot;:&quot;/temp/20180123173813/btn0_1516700401851.png&quot;,&quot;usages&quot;:[&quot;goResponse&quot;],&quot;href&quot;:&quot;&quot;,&quot;style&quot;:{&quot;width&quot;:&quot;&quot;,&quot;height&quot;:&quot;&quot;},&quot;responses&quot;:[{&quot;code&quot;:&quot;1001&quot;,&quot;usages&quot;:[&quot;download&quot;],&quot;href&quot;:&quot;http://www.baidu.com&quot;}],&quot;uuid&quot;:&quot;65d10a301e88443f86778a37b00c9a9b&quot;}]},{&quot;name&quot;:&quot;images&quot;,&quot;image_path&quot;:[&quot;/temp/20180123173813/steps_min_1516700410921.png&quot;]},{&quot;name&quot;:&quot;alerts_vcode&quot;,&quot;wrap&quot;:{&quot;radius&quot;:false,&quot;style&quot;:{&quot;width&quot;:&quot;&quot;,&quot;height&quot;:&quot;900px&quot;,&quot;background-color&quot;:&quot;&quot;,&quot;background-image&quot;:&quot;/temp/20180123174215/msgbox_1516700571477.png&quot;,&quot;background-repeat&quot;:&quot;no-repeat&quot;,&quot;border-radius&quot;:&quot;&quot;}},&quot;closeBtn&quot;:{&quot;imgUrl&quot;:&quot;/temp/20180123174215/close_1516700581301.png&quot;},&quot;content&quot;:{&quot;image_path&quot;:[],&quot;wrap&quot;:{&quot;style&quot;:{&quot;width&quot;:&quot;&quot;,&quot;height&quot;:&quot;650px&quot;,&quot;padding-top&quot;:&quot;300px&quot;,&quot;border-color&quot;:&quot;red&quot;}},&quot;uuid&quot;:&quot;ba735a32f42349c8975a34758dd7512c&quot;,&quot;type&quot;:&quot;vcode&quot;},&quot;buttons&quot;:[{&quot;imageUrl&quot;:&quot;/temp/20180123174215/btn_1516700614244.png&quot;,&quot;usages&quot;:[&quot;goResponse&quot;],&quot;href&quot;:&quot;&quot;,&quot;style&quot;:{&quot;width&quot;:&quot;700px&quot;,&quot;height&quot;:&quot;&quot;},&quot;responses&quot;:[{&quot;200&quot;:[&quot;download&quot;],&quot;code&quot;:&quot;200&quot;,&quot;usages&quot;:[&quot;download&quot;]}],&quot;uuid&quot;:&quot;5b601ffd97594f0f8e9c09a35edd1a92&quot;}]},{&quot;name&quot;:&quot;alerts_img&quot;,&quot;wrap&quot;:{&quot;radius&quot;:false,&quot;style&quot;:{&quot;width&quot;:&quot;&quot;,&quot;height&quot;:&quot;900px&quot;,&quot;background-color&quot;:&quot;&quot;,&quot;background-image&quot;:&quot;/temp/20180123174215/msgbox_1516700698911.png&quot;,&quot;background-repeat&quot;:&quot;no-repeat&quot;,&quot;border-radius&quot;:&quot;&quot;}},&quot;closeBtn&quot;:{&quot;imgUrl&quot;:&quot;/temp/20180123174215/close_1516700705718.png&quot;},&quot;content&quot;:{&quot;image_path&quot;:[&quot;/temp/20180123174215/msg_success_1516700722037.png&quot;],&quot;wrap&quot;:{&quot;style&quot;:{&quot;width&quot;:&quot;200px&quot;,&quot;height&quot;:&quot;650px&quot;,&quot;padding-top&quot;:&quot;300px&quot;}},&quot;uuid&quot;:&quot;e493554f6b8c47c28c380bb8cd6aeaaa&quot;,&quot;type&quot;:&quot;img&quot;},&quot;buttons&quot;:[{&quot;imageUrl&quot;:&quot;/temp/20180123174215/btn_1516700733906.png&quot;,&quot;usages&quot;:[&quot;goApp&quot;,&quot;goAppIndex&quot;],&quot;href&quot;:&quot;&quot;,&quot;style&quot;:{&quot;width&quot;:&quot;700px&quot;,&quot;height&quot;:&quot;&quot;},&quot;responses&quot;:[],&quot;uuid&quot;:&quot;7e4991d401654eb8b923f2aa97ce33e8&quot;}]},{&quot;name&quot;:&quot;alerts_img&quot;,&quot;wrap&quot;:{&quot;radius&quot;:false,&quot;style&quot;:{&quot;width&quot;:&quot;&quot;,&quot;height&quot;:&quot;900px&quot;,&quot;background-color&quot;:&quot;&quot;,&quot;background-image&quot;:&quot;/temp/20180123174215/msgbox_1516700760853.png&quot;,&quot;background-repeat&quot;:&quot;no-repeat&quot;,&quot;border-radius&quot;:&quot;&quot;}},&quot;closeBtn&quot;:{&quot;imgUrl&quot;:&quot;/temp/20180123174215/close_1516700768445.png&quot;},&quot;content&quot;:{&quot;image_path&quot;:[&quot;/temp/20180123174215/msg_fail_1516700780185.png&quot;],&quot;wrap&quot;:{&quot;style&quot;:{&quot;width&quot;:&quot;200px&quot;,&quot;height&quot;:&quot;650px&quot;,&quot;padding-top&quot;:&quot;300px&quot;}},&quot;uuid&quot;:&quot;70a56ff970434602ab0bd3414745bca5&quot;,&quot;type&quot;:&quot;img&quot;},&quot;buttons&quot;:[{&quot;imageUrl&quot;:&quot;/temp/20180123174215/btn_1516700786787.png&quot;,&quot;usages&quot;:[&quot;goOthers&quot;],&quot;href&quot;:&quot;http://www.baidu.com&quot;,&quot;style&quot;:{&quot;width&quot;:&quot;700px&quot;,&quot;height&quot;:&quot;&quot;},&quot;responses&quot;:[],&quot;uuid&quot;:&quot;aa4c475981ae4a54a5acd120e0805c3c&quot;}]}],&quot;activityCode&quot;:&quot;5ef8e726df944e5ab4f44d7a38f08a7c&quot;}",`url`="",`components`="images,forms_reg,images,alerts,alerts,alerts",`uuser_id`=1,`status`=CASE WHEN `status` = 1 THEN 1 ELSE 3 END,`update_time`="2018-01-24 03:21:39" WHERE `id`=90 
[2018-01-24 15:21:39.975] [DEBUG] database - SELECT count(*) as tmp_count FROM `act`
[2018-01-24 15:21:39.981] [DEBUG] database - SELECT * FROM `act`  order by `id` DESC LIMIT 0,15
[2018-01-24 15:21:44.698] [DEBUG] database - SELECT * FROM `act`  WHERE `id`=90 
[2018-01-24 15:56:46.037] [DEBUG] database - SELECT * FROM `act`  WHERE `id`=90 
[2018-01-24 15:57:22.888] [DEBUG] database - SELECT * FROM `act`  WHERE `id`=90 
[2018-01-24 16:02:45.008] [DEBUG] database - SELECT * FROM `act`  WHERE `id`=90 
[2018-01-24 16:28:05.891] [DEBUG] database - SELECT * FROM `news_type`  order by `id` ASC
[2018-01-24 16:28:05.909] [DEBUG] database - SELECT * FROM `news_type`  WHERE `status`=1 
[2018-01-24 16:28:07.056] [DEBUG] database - SELECT count(*) as tmp_count FROM `news`
[2018-01-24 16:28:07.056] [DEBUG] database - SELECT * FROM `news`  order by `create_time` DESC,`publish_time` DESC LIMIT 0,15
[2018-01-24 16:28:07.097] [DEBUG] database - SELECT * FROM `news_type`  WHERE `id` in (4,20,19,18,16,8,10)  order by `id` ASC
[2018-01-24 16:33:28.002] [DEBUG] database - SELECT * FROM `users`  WHERE `email`="admin@jdjk.com" 
[2018-01-24 16:33:28.032] [DEBUG] database - SELECT * FROM `roles`  WHERE `id`=1 
[2018-01-24 16:33:28.037] [DEBUG] database - SELECT * FROM `dep`  WHERE `id`=1 
[2018-01-24 16:33:28.043] [DEBUG] database - SELECT * FROM `dep`  WHERE `id` in (0,1)  order by `pids` ASC
[2018-01-24 16:33:28.053] [DEBUG] database - SHOW COLUMNS FROM `logs`
[2018-01-24 16:33:28.073] [DEBUG] database - INSERT INTO `logs` (`content`,`url`,`ip`,`username`,`create_time`) VALUES (":content",":url",":ip",":username",":create_time")
[2018-01-24 16:33:28.073] [DEBUG] database - INSERT INTO `logs` (`content`,`url`,`ip`,`username`,`create_time`) VALUES ("登录成功:admin","/api/signin","127.0.0.1","admin","2018-01-24 04:33:28")
[2018-01-24 16:33:32.130] [DEBUG] database - SELECT count(*) as tmp_count FROM `act`
[2018-01-24 16:33:32.130] [DEBUG] database - SELECT * FROM `act`  order by `id` DESC LIMIT 0,15
[2018-01-24 16:33:34.608] [DEBUG] database - SELECT * FROM `act`  WHERE `id`=90 
[2018-01-24 16:50:19.583] [DEBUG] database - SELECT * FROM `act`  WHERE `id`=90 
[2018-01-24 16:51:04.360] [DEBUG] database - SELECT * FROM `act`  WHERE `id`=90 
[2018-01-24 16:51:29.301] [DEBUG] database - SELECT * FROM `act`  WHERE `id`=90 
[2018-01-24 16:54:27.184] [DEBUG] database - SELECT * FROM `act`  WHERE `id`=90 
[2018-01-24 16:57:03.834] [DEBUG] database - SELECT * FROM `act`  WHERE `id`=90 
[2018-01-24 16:59:10.010] [DEBUG] database - SELECT * FROM `act`  WHERE `id`=90 
[2018-01-24 17:00:20.331] [DEBUG] database - SELECT * FROM `act`  WHERE `id`=90 
[2018-01-24 17:04:30.872] [DEBUG] database - SELECT * FROM `act`  WHERE `id`=90 
[2018-01-24 17:05:03.686] [DEBUG] database - SELECT * FROM `act`  WHERE `id`=90 
[2018-01-24 17:07:10.635] [DEBUG] database - SELECT * FROM `act`  WHERE `id`=90 
[2018-01-24 17:07:37.501] [DEBUG] database - SELECT * FROM `act`  WHERE `id`=90 
[2018-01-24 17:08:11.435] [DEBUG] database - SELECT * FROM `act`  WHERE `id`=90 
[2018-01-24 17:08:34.439] [DEBUG] database - SELECT * FROM `act`  WHERE `id`=90 
[2018-01-24 17:08:48.382] [DEBUG] database - SELECT * FROM `act`  WHERE `id`=90 
[2018-01-24 17:28:23.442] [DEBUG] database - SELECT * FROM `act_tpl`  order by `id` DESC
[2018-01-24 17:28:25.492] [DEBUG] database - SELECT count(*) as tmp_count FROM `act`
[2018-01-24 17:28:25.497] [DEBUG] database - SELECT * FROM `act`  order by `id` DESC LIMIT 0,15
[2018-01-24 17:28:27.360] [DEBUG] database - SELECT * FROM `act`  WHERE `id`=90 
[2018-01-24 17:29:11.842] [DEBUG] database - SELECT * FROM `act`  WHERE `id`=90 
[2018-01-24 17:33:36.525] [DEBUG] database - SELECT * FROM `act`  WHERE `id`=90 
[2018-01-24 17:33:54.295] [DEBUG] database - SELECT * FROM `act`  WHERE `id`=90 
[2018-01-24 17:37:04.052] [DEBUG] database - SELECT * FROM `act`  WHERE `id`=90 
[2018-01-24 17:37:06.334] [DEBUG] database - SELECT * FROM `act`  WHERE `id`=90 
[2018-01-24 17:38:19.627] [DEBUG] database - SELECT * FROM `act`  WHERE `id`=90 
[2018-01-24 18:22:03.107] [DEBUG] database - SELECT * FROM `menus`  WHERE `status`=1  order by `sort` ASC
[2018-01-24 18:22:03.117] [DEBUG] database - SELECT * FROM `act`  WHERE `id`=90 
[2018-01-24 18:22:30.039] [DEBUG] database - SHOW COLUMNS FROM `act`
[2018-01-24 18:22:30.054] [DEBUG] database - UPDATE `act` SET `name`=":name",`code`=":code",`activity_code`=":activity_code",`data`=":data",`url`=":url",`components`=":components",`uuser_id`=:uuser_id,`status`=:status,`update_time`=":update_time" WHERE `id`=90 
[2018-01-24 18:22:30.055] [DEBUG] database - UPDATE `act` SET `name`="act1",`code`="act1",`activity_code`="5ef8e726df944e5ab4f44d7a38f08a7c",`data`="{&quot;title&quot;:&quot;简单借款&quot;,&quot;style&quot;:{&quot;background-color&quot;:&quot;#704be5&quot;,&quot;background-repeat&quot;:&quot;&quot;,&quot;background-image&quot;:&quot;&quot;},&quot;components&quot;:[{&quot;name&quot;:&quot;images&quot;,&quot;image_path&quot;:[&quot;/temp/20180123173813/tit_min_1516700328841.png&quot;]},{&quot;name&quot;:&quot;forms_reg&quot;,&quot;wrap&quot;:{&quot;style&quot;:{&quot;width&quot;:&quot;&quot;,&quot;background-color&quot;:&quot;&quot;,&quot;background-image&quot;:&quot;&quot;,&quot;height&quot;:&quot;900px&quot;}},&quot;content&quot;:{&quot;space&quot;:true,&quot;radius&quot;:true,&quot;style&quot;:{&quot;width&quot;:&quot;&quot;,&quot;height&quot;:&quot;&quot;}},&quot;input&quot;:{&quot;style&quot;:{&quot;border-color&quot;:&quot;&quot;}},&quot;icon&quot;:{&quot;style&quot;:{&quot;color&quot;:&quot;#704be5&quot;}},&quot;btnCode&quot;:{&quot;style&quot;:{&quot;color&quot;:&quot;#9e97e5&quot;,&quot;border-color&quot;:&quot;&quot;},&quot;usages&quot;:[&quot;goAlerts&quot;,&quot;alerts_3&quot;]},&quot;buttons&quot;:[{&quot;imageUrl&quot;:&quot;/temp/20180123173813/btn0_1516700401851.png&quot;,&quot;usages&quot;:[&quot;goResponse&quot;],&quot;href&quot;:&quot;&quot;,&quot;style&quot;:{&quot;width&quot;:&quot;&quot;,&quot;height&quot;:&quot;&quot;},&quot;responses&quot;:[{&quot;code&quot;:&quot;1001&quot;,&quot;usages&quot;:[&quot;download&quot;],&quot;href&quot;:&quot;http://www.baidu.com&quot;}],&quot;uuid&quot;:&quot;65d10a301e88443f86778a37b00c9a9b&quot;}]},{&quot;name&quot;:&quot;images&quot;,&quot;image_path&quot;:[&quot;/temp/20180123173813/steps_min_1516700410921.png&quot;]},{&quot;name&quot;:&quot;alerts_vcode&quot;,&quot;wrap&quot;:{&quot;radius&quot;:false,&quot;style&quot;:{&quot;width&quot;:&quot;&quot;,&quot;height&quot;:&quot;900px&quot;,&quot;background-color&quot;:&quot;&quot;,&quot;background-image&quot;:&quot;/temp/20180123174215/msgbox_1516700571477.png&quot;,&quot;background-repeat&quot;:&quot;no-repeat&quot;,&quot;border-radius&quot;:&quot;&quot;}},&quot;closeBtn&quot;:{&quot;imgUrl&quot;:&quot;/temp/20180123174215/close_1516700581301.png&quot;},&quot;content&quot;:{&quot;image_path&quot;:[],&quot;wrap&quot;:{&quot;style&quot;:{&quot;width&quot;:&quot;&quot;,&quot;height&quot;:&quot;650px&quot;,&quot;padding-top&quot;:&quot;300px&quot;,&quot;border-color&quot;:&quot;red&quot;}},&quot;uuid&quot;:&quot;ba735a32f42349c8975a34758dd7512c&quot;,&quot;type&quot;:&quot;vcode&quot;},&quot;buttons&quot;:[{&quot;imageUrl&quot;:&quot;/temp/20180123174215/btn_1516700614244.png&quot;,&quot;usages&quot;:[&quot;goResponse&quot;],&quot;href&quot;:&quot;&quot;,&quot;style&quot;:{&quot;width&quot;:&quot;700px&quot;,&quot;height&quot;:&quot;&quot;},&quot;responses&quot;:[{&quot;200&quot;:[&quot;download&quot;],&quot;code&quot;:&quot;200&quot;,&quot;usages&quot;:[&quot;download&quot;]}],&quot;uuid&quot;:&quot;5b601ffd97594f0f8e9c09a35edd1a92&quot;}]},{&quot;name&quot;:&quot;alerts_img&quot;,&quot;wrap&quot;:{&quot;radius&quot;:false,&quot;style&quot;:{&quot;width&quot;:&quot;&quot;,&quot;height&quot;:&quot;900px&quot;,&quot;background-color&quot;:&quot;&quot;,&quot;background-image&quot;:&quot;/temp/20180123174215/msgbox_1516700698911.png&quot;,&quot;background-repeat&quot;:&quot;no-repeat&quot;,&quot;border-radius&quot;:&quot;&quot;}},&quot;closeBtn&quot;:{&quot;imgUrl&quot;:&quot;/temp/20180123174215/close_1516700705718.png&quot;},&quot;content&quot;:{&quot;image_path&quot;:[&quot;/temp/20180123174215/msg_success_1516700722037.png&quot;],&quot;wrap&quot;:{&quot;style&quot;:{&quot;width&quot;:&quot;200px&quot;,&quot;height&quot;:&quot;650px&quot;,&quot;padding-top&quot;:&quot;300px&quot;}},&quot;uuid&quot;:&quot;e493554f6b8c47c28c380bb8cd6aeaaa&quot;,&quot;type&quot;:&quot;img&quot;},&quot;buttons&quot;:[{&quot;imageUrl&quot;:&quot;/temp/20180123174215/btn_1516700733906.png&quot;,&quot;usages&quot;:[&quot;goApp&quot;,&quot;goAppIndex&quot;],&quot;href&quot;:&quot;&quot;,&quot;style&quot;:{&quot;width&quot;:&quot;700px&quot;,&quot;height&quot;:&quot;&quot;},&quot;responses&quot;:[],&quot;uuid&quot;:&quot;7e4991d401654eb8b923f2aa97ce33e8&quot;},{&quot;imageUrl&quot;:&quot;/temp/20180124182203/btn_1516789337657.png&quot;,&quot;usages&quot;:[],&quot;href&quot;:&quot;&quot;,&quot;style&quot;:{&quot;width&quot;:&quot;700px&quot;,&quot;height&quot;:&quot;&quot;},&quot;responses&quot;:[],&quot;uuid&quot;:&quot;8b4c476ec24f42f0ba82bb45ea8f7fcd&quot;}]},{&quot;name&quot;:&quot;alerts_img&quot;,&quot;wrap&quot;:{&quot;radius&quot;:false,&quot;style&quot;:{&quot;width&quot;:&quot;&quot;,&quot;height&quot;:&quot;900px&quot;,&quot;background-color&quot;:&quot;&quot;,&quot;background-image&quot;:&quot;/temp/20180123174215/msgbox_1516700760853.png&quot;,&quot;background-repeat&quot;:&quot;no-repeat&quot;,&quot;border-radius&quot;:&quot;&quot;}},&quot;closeBtn&quot;:{&quot;imgUrl&quot;:&quot;/temp/20180123174215/close_1516700768445.png&quot;},&quot;content&quot;:{&quot;image_path&quot;:[&quot;/temp/20180123174215/msg_fail_1516700780185.png&quot;],&quot;wrap&quot;:{&quot;style&quot;:{&quot;width&quot;:&quot;200px&quot;,&quot;height&quot;:&quot;650px&quot;,&quot;padding-top&quot;:&quot;300px&quot;}},&quot;uuid&quot;:&quot;70a56ff970434602ab0bd3414745bca5&quot;,&quot;type&quot;:&quot;img&quot;},&quot;buttons&quot;:[{&quot;imageUrl&quot;:&quot;/temp/20180123174215/btn_1516700786787.png&quot;,&quot;usages&quot;:[&quot;goOthers&quot;],&quot;href&quot;:&quot;http://www.baidu.com&quot;,&quot;style&quot;:{&quot;width&quot;:&quot;700px&quot;,&quot;height&quot;:&quot;&quot;},&quot;responses&quot;:[],&quot;uuid&quot;:&quot;aa4c475981ae4a54a5acd120e0805c3c&quot;}]}],&quot;activityCode&quot;:&quot;5ef8e726df944e5ab4f44d7a38f08a7c&quot;}",`url`="",`components`="images,forms_reg,images,alerts,alerts,alerts",`uuser_id`=1,`status`=CASE WHEN `status` = 1 THEN 1 ELSE 3 END,`update_time`="2018-01-24 06:22:30" WHERE `id`=90 
[2018-01-24 18:22:30.347] [DEBUG] database - SELECT * FROM `act`  order by `id` DESC LIMIT 0,15
[2018-01-24 18:22:30.348] [DEBUG] database - SELECT count(*) as tmp_count FROM `act`
[2018-01-24 18:22:32.193] [DEBUG] database - SELECT * FROM `act`  WHERE `id`=90 
[2018-01-24 18:22:39.584] [DEBUG] database - SELECT * FROM `act`  WHERE `id`=90 
[2018-01-24 18:32:49.154] [DEBUG] database - SELECT * FROM `act_tpl`  order by `id` DESC
[2018-01-24 18:33:06.151] [DEBUG] database - SELECT * FROM `config`  WHERE `status`=1 
[2018-01-24 18:33:06.165] [DEBUG] database - SHOW COLUMNS FROM `act_tpl`
[2018-01-24 18:33:06.176] [DEBUG] database - INSERT INTO `act_tpl` (`name`,`code`,`cover`,`parts`,`desc`,`status`,`count`,`create_time`) VALUES (":name",":code",":cover",":parts",":desc",:status,:count,":create_time")
[2018-01-24 18:33:06.177] [DEBUG] database - INSERT INTO `act_tpl` (`name`,`code`,`cover`,`parts`,`desc`,`status`,`count`,`create_time`) VALUES ("alert","alert","/images/act_tpl_image/1516789986163.png","alerts","",1,0,"2018-01-24 06:33:06")
[2018-01-24 18:33:06.425] [DEBUG] database - SELECT * FROM `act_tpl`  order by `id` DESC
[2018-01-24 18:33:08.910] [DEBUG] database - SELECT * FROM `act_tpl`  WHERE `id`=50 
[2018-01-24 18:34:14.042] [DEBUG] database - SHOW COLUMNS FROM `act`
[2018-01-24 18:34:14.054] [DEBUG] database - INSERT INTO `act` (`name`,`code`,`activity_code`,`url`,`data`,`status`,`components`,`user_id`,`create_time`) VALUES (":name",":code",":activity_code",":url",":data",:status,":components",:user_id,":create_time")
[2018-01-24 18:34:14.055] [DEBUG] database - INSERT INTO `act` (`name`,`code`,`activity_code`,`url`,`data`,`status`,`components`,`user_id`,`create_time`) VALUES ("","","6246b257677e4cefa61a2facb1a1ab27","","{&quot;title&quot;:&quot;简单借款&quot;,&quot;style&quot;:{&quot;background-color&quot;:&quot;&quot;,&quot;background-repeat&quot;:&quot;&quot;,&quot;background-image&quot;:&quot;&quot;},&quot;components&quot;:[{&quot;name&quot;:&quot;alerts_img&quot;,&quot;wrap&quot;:{&quot;radius&quot;:false,&quot;style&quot;:{&quot;width&quot;:&quot;&quot;,&quot;height&quot;:&quot;&quot;,&quot;background-color&quot;:&quot;&quot;,&quot;background-image&quot;:&quot;&quot;,&quot;background-repeat&quot;:&quot;&quot;,&quot;border-radius&quot;:&quot;&quot;}},&quot;closeBtn&quot;:{&quot;imgUrl&quot;:&quot;&quot;},&quot;content&quot;:{&quot;image_path&quot;:[],&quot;wrap&quot;:{&quot;style&quot;:{&quot;width&quot;:&quot;&quot;,&quot;height&quot;:&quot;&quot;,&quot;padding-top&quot;:&quot;&quot;}},&quot;uuid&quot;:&quot;60f0a8779828440a952cf893c8c61087&quot;,&quot;type&quot;:&quot;img&quot;},&quot;buttons&quot;:[{&quot;imageUrl&quot;:&quot;/temp/20180124183308/btn_1516790004247.png&quot;,&quot;usages&quot;:[],&quot;href&quot;:&quot;&quot;,&quot;style&quot;:{&quot;width&quot;:&quot;700px&quot;,&quot;height&quot;:&quot;&quot;},&quot;responses&quot;:[],&quot;uuid&quot;:&quot;edc3e5a7817f438ea44850a48c70b6a4&quot;},{&quot;imageUrl&quot;:&quot;/temp/20180124183308/btn_1516790029910.png&quot;,&quot;usages&quot;:[],&quot;href&quot;:&quot;&quot;,&quot;style&quot;:{&quot;width&quot;:&quot;700px&quot;,&quot;height&quot;:&quot;&quot;},&quot;responses&quot;:[],&quot;uuid&quot;:&quot;121dd8830833435abdf390cdee7defba&quot;}]}],&quot;activityCode&quot;:&quot;6246b257677e4cefa61a2facb1a1ab27&quot;}",1,"alerts",1,"2018-01-24 06:34:14")
[2018-01-24 18:34:14.347] [DEBUG] database - SELECT count(*) as tmp_count FROM `act`
[2018-01-24 18:34:14.354] [DEBUG] database - SELECT * FROM `act`  order by `id` DESC LIMIT 0,15
[2018-01-24 18:34:16.124] [DEBUG] database - SELECT * FROM `act`  WHERE `id`=91 
[2018-01-24 18:35:51.367] [DEBUG] database - SELECT * FROM `act`  WHERE `id`=91 
[2018-01-24 18:36:11.116] [DEBUG] database - SELECT * FROM `act`  WHERE `id`=91 
[2018-01-24 18:37:07.218] [DEBUG] database - SELECT * FROM `act`  WHERE `id`=91 
[2018-01-24 18:38:03.222] [DEBUG] database - SELECT * FROM `act`  WHERE `id`=91 
[2018-01-24 18:38:04.652] [DEBUG] database - SELECT * FROM `act`  WHERE `id`=91 
[2018-01-24 18:38:18.540] [DEBUG] database - SELECT * FROM `act`  WHERE `id`=91 
[2018-01-24 18:38:29.420] [DEBUG] database - SELECT * FROM `act`  WHERE `id`=91 
[2018-01-24 19:31:46.891] [DEBUG] database - SELECT * FROM `act`  WHERE `id`=91 
[2018-01-24 19:33:34.520] [DEBUG] database - SELECT * FROM `act`  WHERE `id`=91 
[2018-01-24 19:33:55.710] [DEBUG] database - SELECT * FROM `act`  WHERE `id`=91 
[2018-01-24 19:35:02.572] [DEBUG] database - SELECT * FROM `act`  WHERE `id`=91 
[2018-01-24 19:35:31.711] [DEBUG] database - SELECT * FROM `act`  WHERE `id`=91 
[2018-01-24 19:35:46.202] [DEBUG] database - SELECT * FROM `act`  WHERE `id`=91 
[2018-01-24 19:37:18.789] [DEBUG] database - SELECT * FROM `act`  WHERE `id`=91 
[2018-01-24 19:37:36.975] [DEBUG] database - SELECT * FROM `act`  WHERE `id`=91 
[2018-01-24 19:43:16.216] [DEBUG] database - SELECT count(*) as tmp_count FROM `act`
[2018-01-24 19:43:16.218] [DEBUG] database - SELECT * FROM `act`  order by `id` DESC LIMIT 0,15
[2018-01-24 19:43:19.386] [DEBUG] database - SELECT * FROM `act`  WHERE `id`=90 
[2018-01-24 19:53:14.721] [DEBUG] database - SELECT * FROM `act`  WHERE `id`=90 
[2018-01-24 19:55:07.974] [DEBUG] database - SELECT * FROM `act`  WHERE `id`=90 
[2018-01-24 19:55:32.578] [DEBUG] database - SELECT * FROM `act`  WHERE `id`=90 
[2018-01-24 19:58:31.603] [DEBUG] database - SELECT * FROM `act`  WHERE `id`=90 
[2018-01-24 19:58:46.652] [DEBUG] database - SELECT * FROM `act`  WHERE `id`=90 
