[2017-11-22 10:02:09.518] [DEBUG] database - SELECT * FROM `news_type`  WHERE `status`=1 
[2017-11-22 10:02:09.530] [DEBUG] database - SELECT * FROM `news_type`  WHERE `status`=1 
[2017-11-22 10:02:09.535] [DEBUG] database - SELECT * FROM `news_type`  WHERE `code`="zx" AND `status`=1 
[2017-11-22 10:02:09.535] [DEBUG] database - SELECT * FROM `news_type`  WHERE `status`=1 
[2017-11-22 10:02:09.536] [DEBUG] database - SELECT * FROM `news_type`  WHERE `code`="wd" AND `status`=1 
[2017-11-22 10:02:09.576] [DEBUG] database - SELECT * FROM `news`  WHERE `typeid` in (9,10,11,12) AND `status`=1  order by RAND() LIMIT 0,5
[2017-11-22 10:02:09.576] [DEBUG] database - SELECT * FROM `news`  WHERE `typeid` in (4,5,6,7,8) AND `status`=1  order by RAND() LIMIT 0,5
[2017-11-22 10:02:49.760] [DEBUG] database - SELECT * FROM `news_type`  WHERE `code`="zx" AND `status`=1 
[2017-11-22 10:02:49.768] [DEBUG] database - SELECT * FROM `news_type`  WHERE `status`=1 
[2017-11-22 10:02:49.787] [DEBUG] database - SELECT * FROM `news_type`  WHERE `code`="wd" AND `status`=1 
[2017-11-22 10:02:49.790] [DEBUG] database - SELECT * FROM `news_type`  WHERE `status`=1 
[2017-11-22 10:02:49.793] [DEBUG] database - SELECT * FROM `news_type`  WHERE `status`=1 
[2017-11-22 10:02:49.868] [DEBUG] database - SELECT * FROM `news`  WHERE `typeid` in (4,5,6,7,8) AND `status`=1  order by RAND() LIMIT 0,5
[2017-11-22 10:02:49.870] [DEBUG] database - SELECT * FROM `news`  WHERE `typeid` in (9,10,11,12) AND `status`=1  order by RAND() LIMIT 0,5
[2017-11-22 10:03:10.137] [DEBUG] database - SELECT * FROM `news_type`  WHERE `status`=1 
[2017-11-22 10:03:10.140] [DEBUG] database - SELECT * FROM `news_type`  WHERE `status`=1 
[2017-11-22 10:03:10.140] [DEBUG] database - SELECT * FROM `news_type`  WHERE `code`="zx" AND `status`=1 
[2017-11-22 10:03:10.142] [DEBUG] database - SELECT * FROM `news_type`  WHERE `code`="wd" AND `status`=1 
[2017-11-22 10:03:10.143] [DEBUG] database - SELECT * FROM `news_type`  WHERE `status`=1 
[2017-11-22 10:03:10.188] [DEBUG] database - SELECT * FROM `news`  WHERE `typeid` in (4,5,6,7,8) AND `status`=1  order by RAND() LIMIT 0,5
[2017-11-22 10:03:10.190] [DEBUG] database - SELECT * FROM `news`  WHERE `typeid` in (9,10,11,12) AND `status`=1  order by RAND() LIMIT 0,5
[2017-11-22 10:03:44.810] [DEBUG] database - SELECT * FROM `news_type`  WHERE `status`=1 
[2017-11-22 10:03:44.812] [DEBUG] database - SELECT * FROM `news_type`  WHERE `code`="zx" AND `status`=1 
[2017-11-22 10:03:44.813] [DEBUG] database - SELECT * FROM `news_type`  WHERE `code`="wd" AND `status`=1 
[2017-11-22 10:03:44.814] [DEBUG] database - SELECT * FROM `news_type`  WHERE `status`=1 
[2017-11-22 10:03:44.814] [DEBUG] database - SELECT * FROM `news_type`  WHERE `status`=1 
[2017-11-22 10:03:44.852] [DEBUG] database - SELECT * FROM `news`  WHERE `typeid` in (4,5,6,7,8) AND `status`=1  order by RAND() LIMIT 0,5
[2017-11-22 10:03:44.852] [DEBUG] database - SELECT * FROM `news`  WHERE `typeid` in (9,10,11,12) AND `status`=1  order by RAND() LIMIT 0,5
[2017-11-22 10:10:32.481] [DEBUG] database - SELECT * FROM `news_type`  WHERE `code`="wd" AND `status`=1 
[2017-11-22 10:10:32.483] [DEBUG] database - SELECT * FROM `news`  WHERE `typeid` in (4) AND `status`=1  order by `publish_time` DESC LIMIT 0,8
[2017-11-22 10:10:32.484] [DEBUG] database - SELECT count(*) as tmp_count FROM `news` WHERE `typeid` in (4) AND `status`=1 
[2017-11-22 10:10:32.485] [DEBUG] database - SELECT * FROM `news_type`  WHERE `code`="zx" AND `status`=1 
[2017-11-22 10:10:32.494] [DEBUG] database - SELECT * FROM `news`  WHERE `typeid` in (9,10,11,12) AND `status`=1  order by RAND() LIMIT 0,5
[2017-11-22 10:10:32.498] [DEBUG] database - SELECT * FROM `news`  WHERE `typeid` in (4,5,6,7,8) AND `status`=1  order by RAND() LIMIT 0,5
[2017-11-22 10:10:35.290] [DEBUG] database - SELECT * FROM `news_type`  WHERE `code`="zx" AND `status`=1 
[2017-11-22 10:10:35.291] [DEBUG] database - SELECT * FROM `news_type`  WHERE `code`="wd" AND `status`=1 
[2017-11-22 10:10:35.295] [DEBUG] database - SELECT count(*) as tmp_count FROM `news` WHERE `typeid` in (4) AND `status`=1 
[2017-11-22 10:10:35.295] [DEBUG] database - SELECT * FROM `news`  WHERE `typeid` in (4) AND `status`=1  order by `publish_time` DESC LIMIT 0,8
[2017-11-22 10:10:35.304] [DEBUG] database - SELECT * FROM `news`  WHERE `typeid` in (4,5,6,7,8) AND `status`=1  order by RAND() LIMIT 0,5
[2017-11-22 10:10:35.307] [DEBUG] database - SELECT * FROM `news`  WHERE `typeid` in (9,10,11,12) AND `status`=1  order by RAND() LIMIT 0,5
[2017-11-22 10:10:41.669] [DEBUG] database - SELECT * FROM `news_type`  WHERE `code`="zx" AND `status`=1 
[2017-11-22 10:10:41.670] [DEBUG] database - SELECT * FROM `news_type`  WHERE `code`="wd" AND `status`=1 
[2017-11-22 10:10:41.670] [DEBUG] database - SELECT count(*) as tmp_count FROM `news` WHERE `typeid` in (4) AND `status`=1 
[2017-11-22 10:10:41.671] [DEBUG] database - SELECT * FROM `news`  WHERE `typeid` in (4) AND `status`=1  order by `publish_time` DESC LIMIT 0,8
[2017-11-22 10:10:41.677] [DEBUG] database - SELECT * FROM `news`  WHERE `typeid` in (4,5,6,7,8) AND `status`=1  order by RAND() LIMIT 0,5
[2017-11-22 10:10:41.678] [DEBUG] database - SELECT * FROM `news`  WHERE `typeid` in (9,10,11,12) AND `status`=1  order by RAND() LIMIT 0,5
[2017-11-22 10:10:47.076] [DEBUG] database - SELECT * FROM `news_type`  WHERE `code`="zx" AND `status`=1 
[2017-11-22 10:10:47.076] [DEBUG] database - SELECT * FROM `news_type`  WHERE `code`="wd" AND `status`=1 
[2017-11-22 10:10:47.077] [DEBUG] database - SELECT count(*) as tmp_count FROM `news` WHERE `typeid` in (4) AND `status`=1 
[2017-11-22 10:10:47.078] [DEBUG] database - SELECT * FROM `news`  WHERE `typeid` in (4) AND `status`=1  order by `publish_time` DESC LIMIT 0,8
[2017-11-22 10:10:47.085] [DEBUG] database - SELECT * FROM `news`  WHERE `typeid` in (4,5,6,7,8) AND `status`=1  order by RAND() LIMIT 0,5
[2017-11-22 10:10:47.089] [DEBUG] database - SELECT * FROM `news`  WHERE `typeid` in (9,10,11,12) AND `status`=1  order by RAND() LIMIT 0,5
[2017-11-22 10:10:50.199] [DEBUG] database - SELECT * FROM `news_type`  WHERE `code`="zx" AND `status`=1 
[2017-11-22 10:10:50.200] [DEBUG] database - SELECT * FROM `news_type`  WHERE `code`="wd" AND `status`=1 
[2017-11-22 10:10:50.201] [DEBUG] database - SELECT count(*) as tmp_count FROM `news` WHERE `typeid` in (4) AND `status`=1 
[2017-11-22 10:10:50.203] [DEBUG] database - SELECT * FROM `news`  WHERE `typeid` in (4) AND `status`=1  order by `publish_time` DESC LIMIT 8,8
[2017-11-22 10:10:50.213] [DEBUG] database - SELECT * FROM `news`  WHERE `typeid` in (4,5,6,7,8) AND `status`=1  order by RAND() LIMIT 0,5
[2017-11-22 10:10:50.214] [DEBUG] database - SELECT * FROM `news`  WHERE `typeid` in (9,10,11,12) AND `status`=1  order by RAND() LIMIT 0,5
[2017-11-22 10:15:56.574] [DEBUG] database - SELECT * FROM `news`  WHERE `id`=84 
[2017-11-22 10:15:56.633] [DEBUG] database - SELECT * FROM `news_type`  WHERE `code`="zx" AND `status`=1 
[2017-11-22 10:15:56.641] [DEBUG] database - SELECT * FROM `news`  WHERE `typeid` in (4,5,6,7,8) AND `status`=1  order by RAND() LIMIT 0,5
[2017-11-22 10:15:56.644] [DEBUG] database - SELECT count(*) as tmp_count FROM `news` WHERE `typeid` in (9,10,11,12,3) AND `status`=1 
[2017-11-22 10:15:56.645] [DEBUG] database - SELECT * FROM `news`  WHERE `typeid` in (9,10,11,12,3) AND `status`=1  order by `publish_time` DESC LIMIT 0,8
[2017-11-22 10:15:56.645] [DEBUG] database - SELECT * FROM `news_type`  WHERE `code`="wd" AND `status`=1 
[2017-11-22 10:15:56.656] [DEBUG] database - SELECT * FROM `news`  WHERE `typeid` in (9,10,11,12) AND `status`=1  order by RAND() LIMIT 0,5
[2017-11-22 10:21:49.434] [DEBUG] database - SELECT * FROM `news`  WHERE `id`=84 
[2017-11-22 10:21:49.529] [DEBUG] database - SELECT * FROM `news_type`  WHERE `code`="zx" AND `status`=1 
[2017-11-22 10:21:49.541] [DEBUG] database - SELECT * FROM `news`  WHERE `typeid` in (4,5,6,7,8) AND `status`=1  order by RAND() LIMIT 0,5
[2017-11-22 10:21:49.542] [DEBUG] database - SELECT * FROM `news_type`  WHERE `code`="wd" AND `status`=1 
[2017-11-22 10:21:49.543] [DEBUG] database - SELECT count(*) as tmp_count FROM `news` WHERE `typeid` in (9,10,11,12,3) AND `status`=1 
[2017-11-22 10:21:49.544] [DEBUG] database - SELECT * FROM `news`  WHERE `typeid` in (9,10,11,12,3) AND `status`=1  order by `publish_time` DESC LIMIT 0,8
[2017-11-22 10:21:49.551] [DEBUG] database - SELECT * FROM `news`  WHERE `typeid` in (9,10,11,12) AND `status`=1  order by RAND() LIMIT 0,5
[2017-11-22 10:21:58.928] [DEBUG] database - SELECT * FROM `news_type`  WHERE `code`="zx" AND `status`=1 
[2017-11-22 10:21:58.931] [DEBUG] database - SELECT * FROM `news_type`  WHERE `code`="wd" AND `status`=1 
[2017-11-22 10:21:58.935] [DEBUG] database - SELECT * FROM `news`  WHERE `typeid` in (4,5,6,7,8) AND `status`=1  order by RAND() LIMIT 0,5
[2017-11-22 10:21:58.937] [DEBUG] database - SELECT * FROM `news`  WHERE `typeid` in (9,10,11,12) AND `status`=1  order by RAND() LIMIT 0,5
[2017-11-22 10:22:04.615] [DEBUG] database - SELECT * FROM `news_type`  WHERE `code`="zx" AND `status`=1 
[2017-11-22 10:22:04.618] [DEBUG] database - SELECT * FROM `news_type`  WHERE `code`="wd" AND `status`=1 
[2017-11-22 10:22:04.618] [DEBUG] database - SELECT count(*) as tmp_count FROM `news` WHERE `typeid` in (4) AND `status`=1 
[2017-11-22 10:22:04.619] [DEBUG] database - SELECT * FROM `news`  WHERE `typeid` in (4) AND `status`=1  order by `publish_time` DESC LIMIT 0,8
[2017-11-22 10:22:04.631] [DEBUG] database - SELECT * FROM `news`  WHERE `typeid` in (4,5,6,7,8) AND `status`=1  order by RAND() LIMIT 0,5
[2017-11-22 10:22:04.632] [DEBUG] database - SELECT * FROM `news`  WHERE `typeid` in (9,10,11,12) AND `status`=1  order by RAND() LIMIT 0,5
[2017-11-22 10:23:17.157] [DEBUG] database - SELECT * FROM `news`  WHERE `id`=84 
[2017-11-22 10:23:17.270] [DEBUG] database - SELECT * FROM `news_type`  WHERE `code`="zx" AND `status`=1 
[2017-11-22 10:23:17.279] [DEBUG] database - SELECT * FROM `news_type`  WHERE `code`="wd" AND `status`=1 
[2017-11-22 10:23:17.280] [DEBUG] database - SELECT * FROM `news`  WHERE `typeid` in (4,5,6,7,8) AND `status`=1  order by RAND() LIMIT 0,5
[2017-11-22 10:23:17.284] [DEBUG] database - SELECT * FROM `news`  WHERE `typeid` in (9,10,11,12,3) AND `status`=1  order by `publish_time` DESC LIMIT 0,8
[2017-11-22 10:23:17.285] [DEBUG] database - SELECT count(*) as tmp_count FROM `news` WHERE `typeid` in (9,10,11,12,3) AND `status`=1 
[2017-11-22 10:23:17.287] [DEBUG] database - SELECT * FROM `news`  WHERE `typeid` in (9,10,11,12) AND `status`=1  order by RAND() LIMIT 0,5
[2017-11-22 10:23:29.963] [DEBUG] database - SELECT * FROM `news_type`  WHERE `code`="zx" AND `status`=1 
[2017-11-22 10:23:29.964] [DEBUG] database - SELECT * FROM `news_type`  WHERE `code`="wd" AND `status`=1 
[2017-11-22 10:23:29.965] [DEBUG] database - SELECT * FROM `news`  WHERE `typeid` in (4,5,6,7,8,2) AND `status`=1  order by `publish_time` DESC LIMIT 0,8
[2017-11-22 10:23:29.966] [DEBUG] database - SELECT count(*) as tmp_count FROM `news` WHERE `typeid` in (4,5,6,7,8,2) AND `status`=1 
[2017-11-22 10:23:29.972] [DEBUG] database - SELECT * FROM `news`  WHERE `typeid` in (4,5,6,7,8) AND `status`=1  order by RAND() LIMIT 0,5
[2017-11-22 10:23:29.975] [DEBUG] database - SELECT * FROM `news`  WHERE `typeid` in (9,10,11,12) AND `status`=1  order by RAND() LIMIT 0,5
[2017-11-22 10:23:36.693] [DEBUG] database - SELECT * FROM `news_type`  WHERE `code`="zx" AND `status`=1 
[2017-11-22 10:23:36.694] [DEBUG] database - SELECT * FROM `news_type`  WHERE `code`="wd" AND `status`=1 
[2017-11-22 10:23:36.695] [DEBUG] database - SELECT count(*) as tmp_count FROM `news` WHERE `typeid` in (4,5,6,7,8,2) AND `status`=1 
[2017-11-22 10:23:36.696] [DEBUG] database - SELECT * FROM `news`  WHERE `typeid` in (4,5,6,7,8,2) AND `status`=1  order by `publish_time` DESC LIMIT 8,8
[2017-11-22 10:23:36.701] [DEBUG] database - SELECT * FROM `news`  WHERE `typeid` in (4,5,6,7,8) AND `status`=1  order by RAND() LIMIT 0,5
[2017-11-22 10:23:36.702] [DEBUG] database - SELECT * FROM `news`  WHERE `typeid` in (9,10,11,12) AND `status`=1  order by RAND() LIMIT 0,5
[2017-11-22 10:23:43.878] [DEBUG] database - SELECT * FROM `news_type`  WHERE `code`="wd" AND `status`=1 
[2017-11-22 10:23:43.878] [DEBUG] database - SELECT * FROM `news_type`  WHERE `code`="zx" AND `status`=1 
[2017-11-22 10:23:43.879] [DEBUG] database - SELECT * FROM `news`  WHERE `typeid` in (4,5,6,7,8,2) AND `status`=1  order by `publish_time` DESC LIMIT 16,8
[2017-11-22 10:23:43.879] [DEBUG] database - SELECT count(*) as tmp_count FROM `news` WHERE `typeid` in (4,5,6,7,8,2) AND `status`=1 
[2017-11-22 10:23:43.884] [DEBUG] database - SELECT * FROM `news`  WHERE `typeid` in (9,10,11,12) AND `status`=1  order by RAND() LIMIT 0,5
[2017-11-22 10:23:43.892] [DEBUG] database - SELECT * FROM `news`  WHERE `typeid` in (4,5,6,7,8) AND `status`=1  order by RAND() LIMIT 0,5
[2017-11-22 10:23:45.397] [DEBUG] database - SELECT * FROM `news_type`  WHERE `code`="zx" AND `status`=1 
[2017-11-22 10:23:45.398] [DEBUG] database - SELECT * FROM `news_type`  WHERE `code`="wd" AND `status`=1 
[2017-11-22 10:23:45.399] [DEBUG] database - SELECT count(*) as tmp_count FROM `news` WHERE `typeid` in (4,5,6,7,8,2) AND `status`=1 
[2017-11-22 10:23:45.400] [DEBUG] database - SELECT * FROM `news`  WHERE `typeid` in (4,5,6,7,8,2) AND `status`=1  order by `publish_time` DESC LIMIT 24,8
[2017-11-22 10:23:45.409] [DEBUG] database - SELECT * FROM `news`  WHERE `typeid` in (9,10,11,12) AND `status`=1  order by RAND() LIMIT 0,5
[2017-11-22 10:23:45.410] [DEBUG] database - SELECT * FROM `news`  WHERE `typeid` in (4,5,6,7,8) AND `status`=1  order by RAND() LIMIT 0,5
[2017-11-22 10:23:49.712] [DEBUG] database - SELECT * FROM `news_type`  WHERE `code`="zx" AND `status`=1 
[2017-11-22 10:23:49.713] [DEBUG] database - SELECT * FROM `news_type`  WHERE `code`="wd" AND `status`=1 
[2017-11-22 10:23:49.715] [DEBUG] database - SELECT * FROM `news`  WHERE `typeid` in (4,5,6,7,8,2) AND `status`=1  order by `publish_time` DESC LIMIT 32,8
[2017-11-22 10:23:49.716] [DEBUG] database - SELECT count(*) as tmp_count FROM `news` WHERE `typeid` in (4,5,6,7,8,2) AND `status`=1 
[2017-11-22 10:23:49.725] [DEBUG] database - SELECT * FROM `news`  WHERE `typeid` in (9,10,11,12) AND `status`=1  order by RAND() LIMIT 0,5
[2017-11-22 10:23:49.726] [DEBUG] database - SELECT * FROM `news`  WHERE `typeid` in (4,5,6,7,8) AND `status`=1  order by RAND() LIMIT 0,5
[2017-11-22 10:24:58.064] [DEBUG] database - SELECT * FROM `news_type`  WHERE `code`="zx" AND `status`=1 
[2017-11-22 10:24:58.067] [DEBUG] database - SELECT * FROM `news_type`  WHERE `code`="wd" AND `status`=1 
[2017-11-22 10:24:58.067] [DEBUG] database - SELECT * FROM `news`  WHERE `typeid` in (4) AND `status`=1  order by `publish_time` DESC LIMIT 0,8
[2017-11-22 10:24:58.067] [DEBUG] database - SELECT count(*) as tmp_count FROM `news` WHERE `typeid` in (4) AND `status`=1 
[2017-11-22 10:24:58.073] [DEBUG] database - SELECT * FROM `news`  WHERE `typeid` in (4,5,6,7,8) AND `status`=1  order by RAND() LIMIT 0,5
[2017-11-22 10:24:58.077] [DEBUG] database - SELECT * FROM `news`  WHERE `typeid` in (9,10,11,12) AND `status`=1  order by RAND() LIMIT 0,5
[2017-11-22 10:24:59.354] [DEBUG] database - SELECT * FROM `news_type`  WHERE `code`="zx" AND `status`=1 
[2017-11-22 10:24:59.355] [DEBUG] database - SELECT * FROM `news_type`  WHERE `code`="wd" AND `status`=1 
[2017-11-22 10:24:59.357] [DEBUG] database - SELECT count(*) as tmp_count FROM `news` WHERE `typeid` in (5) AND `status`=1 
[2017-11-22 10:24:59.368] [DEBUG] database - SELECT * FROM `news`  WHERE `typeid` in (5) AND `status`=1  order by `publish_time` DESC LIMIT 0,8
[2017-11-22 10:24:59.375] [DEBUG] database - SELECT * FROM `news`  WHERE `typeid` in (4,5,6,7,8) AND `status`=1  order by RAND() LIMIT 0,5
[2017-11-22 10:24:59.378] [DEBUG] database - SELECT * FROM `news`  WHERE `typeid` in (9,10,11,12) AND `status`=1  order by RAND() LIMIT 0,5
[2017-11-22 10:25:13.886] [DEBUG] database - SELECT * FROM `news_type`  WHERE `code`="zx" AND `status`=1 
[2017-11-22 10:25:13.887] [DEBUG] database - SELECT * FROM `news_type`  WHERE `code`="wd" AND `status`=1 
[2017-11-22 10:25:13.888] [DEBUG] database - SELECT count(*) as tmp_count FROM `news` WHERE `typeid` in (4) AND `status`=1 
[2017-11-22 10:25:13.889] [DEBUG] database - SELECT * FROM `news`  WHERE `typeid` in (4) AND `status`=1  order by `publish_time` DESC LIMIT 0,8
[2017-11-22 10:25:13.893] [DEBUG] database - SELECT * FROM `news`  WHERE `typeid` in (4,5,6,7,8) AND `status`=1  order by RAND() LIMIT 0,5
[2017-11-22 10:25:13.897] [DEBUG] database - SELECT * FROM `news`  WHERE `typeid` in (9,10,11,12) AND `status`=1  order by RAND() LIMIT 0,5
[2017-11-22 10:25:15.571] [DEBUG] database - SELECT * FROM `news_type`  WHERE `code`="zx" AND `status`=1 
[2017-11-22 10:25:15.571] [DEBUG] database - SELECT * FROM `news_type`  WHERE `code`="wd" AND `status`=1 
[2017-11-22 10:25:15.575] [DEBUG] database - SELECT * FROM `news`  WHERE `typeid` in (5) AND `status`=1  order by `publish_time` DESC LIMIT 0,8
[2017-11-22 10:25:15.577] [DEBUG] database - SELECT count(*) as tmp_count FROM `news` WHERE `typeid` in (5) AND `status`=1 
[2017-11-22 10:25:15.584] [DEBUG] database - SELECT * FROM `news`  WHERE `typeid` in (4,5,6,7,8) AND `status`=1  order by RAND() LIMIT 0,5
[2017-11-22 10:25:15.585] [DEBUG] database - SELECT * FROM `news`  WHERE `typeid` in (9,10,11,12) AND `status`=1  order by RAND() LIMIT 0,5
[2017-11-22 10:28:12.244] [DEBUG] database - SELECT * FROM `news_type`  WHERE `code`="zx" AND `status`=1 
[2017-11-22 10:28:12.245] [DEBUG] database - SELECT count(*) as tmp_count FROM `news` WHERE `typeid` in (4,5,6,7,8,2) AND `status`=1 
[2017-11-22 10:28:12.245] [DEBUG] database - SELECT * FROM `news`  WHERE `typeid` in (4,5,6,7,8,2) AND `status`=1  order by `publish_time` DESC LIMIT 0,8
[2017-11-22 10:28:12.245] [DEBUG] database - SELECT * FROM `news_type`  WHERE `code`="wd" AND `status`=1 
[2017-11-22 10:28:12.254] [DEBUG] database - SELECT * FROM `news`  WHERE `typeid` in (4,5,6,7,8) AND `status`=1  order by RAND() LIMIT 0,5
[2017-11-22 10:28:12.257] [DEBUG] database - SELECT * FROM `news`  WHERE `typeid` in (9,10,11,12) AND `status`=1  order by RAND() LIMIT 0,5
[2017-11-22 10:29:16.060] [DEBUG] database - SELECT * FROM `news_type`  WHERE `code`="wd" AND `status`=1 
[2017-11-22 10:29:16.063] [DEBUG] database - SELECT * FROM `news`  WHERE `typeid` in (4,5,6,7,8,2) AND `status`=1  order by `publish_time` DESC LIMIT 0,8
[2017-11-22 10:29:16.064] [DEBUG] database - SELECT * FROM `news_type`  WHERE `code`="zx" AND `status`=1 
[2017-11-22 10:29:16.065] [DEBUG] database - SELECT count(*) as tmp_count FROM `news` WHERE `typeid` in (4,5,6,7,8,2) AND `status`=1 
[2017-11-22 10:29:16.079] [DEBUG] database - SELECT * FROM `news`  WHERE `typeid` in (4,5,6,7,8) AND `status`=1  order by RAND() LIMIT 0,5
[2017-11-22 10:29:16.079] [DEBUG] database - SELECT * FROM `news`  WHERE `typeid` in (9,10,11,12) AND `status`=1  order by RAND() LIMIT 0,5
[2017-11-22 10:29:26.991] [DEBUG] database - SELECT * FROM `news_type`  WHERE `code`="zx" AND `status`=1 
[2017-11-22 10:29:26.991] [DEBUG] database - SELECT * FROM `news_type`  WHERE `code`="wd" AND `status`=1 
[2017-11-22 10:29:26.993] [DEBUG] database - SELECT count(*) as tmp_count FROM `news` WHERE `typeid` in (4,5,6,7,8,2) AND `status`=1 
[2017-11-22 10:29:26.994] [DEBUG] database - SELECT * FROM `news`  WHERE `typeid` in (4,5,6,7,8,2) AND `status`=1  order by `publish_time` DESC LIMIT 0,8
[2017-11-22 10:29:27.000] [DEBUG] database - SELECT * FROM `news`  WHERE `typeid` in (4,5,6,7,8) AND `status`=1  order by RAND() LIMIT 0,5
[2017-11-22 10:29:27.000] [DEBUG] database - SELECT * FROM `news`  WHERE `typeid` in (9,10,11,12) AND `status`=1  order by RAND() LIMIT 0,5
[2017-11-22 10:30:36.595] [DEBUG] database - SELECT * FROM `news_type`  WHERE `code`="wd" AND `status`=1 
[2017-11-22 10:30:36.596] [DEBUG] database - SELECT * FROM `news`  WHERE `typeid` in (5) AND `status`=1  order by `publish_time` DESC LIMIT 0,8
[2017-11-22 10:30:36.596] [DEBUG] database - SELECT * FROM `news_type`  WHERE `code`="zx" AND `status`=1 
[2017-11-22 10:30:36.596] [DEBUG] database - SELECT count(*) as tmp_count FROM `news` WHERE `typeid` in (5) AND `status`=1 
[2017-11-22 10:30:36.612] [DEBUG] database - SELECT * FROM `news`  WHERE `typeid` in (4,5,6,7,8) AND `status`=1  order by RAND() LIMIT 0,5
[2017-11-22 10:30:36.612] [DEBUG] database - SELECT * FROM `news`  WHERE `typeid` in (9,10,11,12) AND `status`=1  order by RAND() LIMIT 0,5
[2017-11-22 10:30:39.786] [DEBUG] database - SELECT * FROM `news_type`  WHERE `code`="zx" AND `status`=1 
[2017-11-22 10:30:39.787] [DEBUG] database - SELECT * FROM `news_type`  WHERE `code`="wd" AND `status`=1 
[2017-11-22 10:30:39.787] [DEBUG] database - SELECT count(*) as tmp_count FROM `news` WHERE `typeid` in (4) AND `status`=1 
[2017-11-22 10:30:39.788] [DEBUG] database - SELECT * FROM `news`  WHERE `typeid` in (4) AND `status`=1  order by `publish_time` DESC LIMIT 0,8
[2017-11-22 10:30:39.796] [DEBUG] database - SELECT * FROM `news`  WHERE `typeid` in (4,5,6,7,8) AND `status`=1  order by RAND() LIMIT 0,5
[2017-11-22 10:30:39.798] [DEBUG] database - SELECT * FROM `news`  WHERE `typeid` in (9,10,11,12) AND `status`=1  order by RAND() LIMIT 0,5
[2017-11-22 10:30:41.667] [DEBUG] database - SELECT * FROM `news_type`  WHERE `code`="zx" AND `status`=1 
[2017-11-22 10:30:41.669] [DEBUG] database - SELECT * FROM `news_type`  WHERE `code`="wd" AND `status`=1 
[2017-11-22 10:30:41.669] [DEBUG] database - SELECT count(*) as tmp_count FROM `news` WHERE `typeid` in (5) AND `status`=1 
[2017-11-22 10:30:41.669] [DEBUG] database - SELECT * FROM `news`  WHERE `typeid` in (5) AND `status`=1  order by `publish_time` DESC LIMIT 0,8
[2017-11-22 10:30:41.678] [DEBUG] database - SELECT * FROM `news`  WHERE `typeid` in (4,5,6,7,8) AND `status`=1  order by RAND() LIMIT 0,5
[2017-11-22 10:30:41.682] [DEBUG] database - SELECT * FROM `news`  WHERE `typeid` in (9,10,11,12) AND `status`=1  order by RAND() LIMIT 0,5
[2017-11-22 10:30:42.511] [DEBUG] database - SELECT * FROM `news_type`  WHERE `code`="zx" AND `status`=1 
[2017-11-22 10:30:42.512] [DEBUG] database - SELECT * FROM `news_type`  WHERE `code`="wd" AND `status`=1 
[2017-11-22 10:30:42.513] [DEBUG] database - SELECT count(*) as tmp_count FROM `news` WHERE `typeid` in (6) AND `status`=1 
[2017-11-22 10:30:42.513] [DEBUG] database - SELECT * FROM `news`  WHERE `typeid` in (6) AND `status`=1  order by `publish_time` DESC LIMIT 0,8
[2017-11-22 10:30:42.519] [DEBUG] database - SELECT * FROM `news`  WHERE `typeid` in (9,10,11,12) AND `status`=1  order by RAND() LIMIT 0,5
[2017-11-22 10:30:42.519] [DEBUG] database - SELECT * FROM `news`  WHERE `typeid` in (4,5,6,7,8) AND `status`=1  order by RAND() LIMIT 0,5
[2017-11-22 10:30:57.697] [DEBUG] database - SELECT * FROM `news_type`  WHERE `code`="wd" AND `status`=1 
[2017-11-22 10:30:57.697] [DEBUG] database - SELECT * FROM `news_type`  WHERE `code`="zx" AND `status`=1 
[2017-11-22 10:30:57.710] [DEBUG] database - SELECT * FROM `news`  WHERE `typeid` in (9,10,11,12) AND `status`=1  order by RAND() LIMIT 0,5
[2017-11-22 10:30:57.710] [DEBUG] database - SELECT * FROM `news`  WHERE `typeid` in (4,5,6,7,8) AND `status`=1  order by RAND() LIMIT 0,5
[2017-11-22 10:31:15.291] [DEBUG] database - SELECT * FROM `news_type`  WHERE `code`="wd" AND `status`=1 
[2017-11-22 10:31:15.291] [DEBUG] database - SELECT * FROM `news_type`  WHERE `code`="zx" AND `status`=1 
[2017-11-22 10:31:15.301] [DEBUG] database - SELECT * FROM `news`  WHERE `typeid` in (4,5,6,7,8) AND `status`=1  order by RAND() LIMIT 0,5
[2017-11-22 10:31:15.303] [DEBUG] database - SELECT * FROM `news`  WHERE `typeid` in (9,10,11,12) AND `status`=1  order by RAND() LIMIT 0,5
[2017-11-22 10:31:17.668] [DEBUG] database - SELECT * FROM `news_type`  WHERE `code`="zx" AND `status`=1 
[2017-11-22 10:31:17.668] [DEBUG] database - SELECT * FROM `news_type`  WHERE `code`="wd" AND `status`=1 
[2017-11-22 10:31:17.672] [DEBUG] database - SELECT * FROM `news`  WHERE `typeid` in (4,5,6,7,8) AND `status`=1  order by RAND() LIMIT 0,5
[2017-11-22 10:31:17.673] [DEBUG] database - SELECT * FROM `news`  WHERE `typeid` in (9,10,11,12) AND `status`=1  order by RAND() LIMIT 0,5
[2017-11-22 10:31:24.764] [DEBUG] database - SELECT * FROM `news_type`  WHERE `code`="zx" AND `status`=1 
[2017-11-22 10:31:24.764] [DEBUG] database - SELECT * FROM `news_type`  WHERE `code`="wd" AND `status`=1 
[2017-11-22 10:31:24.765] [DEBUG] database - SELECT count(*) as tmp_count FROM `news` WHERE `typeid` in (4,5,6,7,8,2) AND `status`=1 
[2017-11-22 10:31:24.768] [DEBUG] database - SELECT * FROM `news`  WHERE `typeid` in (4,5,6,7,8,2) AND `status`=1  order by `publish_time` DESC LIMIT 0,8
[2017-11-22 10:31:24.778] [DEBUG] database - SELECT * FROM `news`  WHERE `typeid` in (9,10,11,12) AND `status`=1  order by RAND() LIMIT 0,5
[2017-11-22 10:31:24.781] [DEBUG] database - SELECT * FROM `news`  WHERE `typeid` in (4,5,6,7,8) AND `status`=1  order by RAND() LIMIT 0,5
[2017-11-22 10:31:28.106] [DEBUG] database - SELECT * FROM `news`  WHERE `id`=110 
[2017-11-22 10:31:28.147] [DEBUG] database - SELECT * FROM `news_type`  WHERE `code`="zx" AND `status`=1 
[2017-11-22 10:31:28.148] [DEBUG] database - SELECT * FROM `news_type`  WHERE `code`="wd" AND `status`=1 
[2017-11-22 10:31:28.149] [DEBUG] database - SELECT count(*) as tmp_count FROM `news` WHERE `typeid` in (9,10,11,12,3) AND `status`=1 
[2017-11-22 10:31:28.150] [DEBUG] database - SELECT * FROM `news`  WHERE `typeid` in (9,10,11,12,3) AND `status`=1  order by `publish_time` DESC LIMIT 0,8
[2017-11-22 10:31:28.156] [DEBUG] database - SELECT * FROM `news`  WHERE `typeid` in (4,5,6,7,8) AND `status`=1  order by RAND() LIMIT 0,5
[2017-11-22 10:31:28.156] [DEBUG] database - SELECT * FROM `news`  WHERE `typeid` in (9,10,11,12) AND `status`=1  order by RAND() LIMIT 0,5
[2017-11-22 11:56:17.591] [DEBUG] database - SELECT * FROM `news_type`  WHERE `status`=1 
[2017-11-22 11:56:17.593] [DEBUG] database - SELECT * FROM `news_type`  WHERE `code`="zx" AND `status`=1 
[2017-11-22 11:56:17.594] [DEBUG] database - SELECT * FROM `news_type`  WHERE `status`=1 
[2017-11-22 11:56:17.595] [DEBUG] database - SELECT * FROM `news_type`  WHERE `code`="wd" AND `status`=1 
[2017-11-22 11:56:17.595] [DEBUG] database - SELECT * FROM `news_type`  WHERE `status`=1 
[2017-11-22 11:56:17.611] [DEBUG] database - SELECT * FROM `news`  WHERE `typeid` in (4,5,6,7,8) AND `status`=1  order by RAND() LIMIT 0,5
[2017-11-22 11:56:17.611] [DEBUG] database - SELECT count(*) as tmp_count FROM `news` WHERE `typeid` in (4,5,6,7,8,2) AND `status`=1 
[2017-11-22 11:56:17.614] [DEBUG] database - SELECT * FROM `news`  WHERE `typeid` in (9,10,11,12) AND `status`=1  order by RAND() LIMIT 0,5
[2017-11-22 11:56:17.616] [DEBUG] database - SELECT * FROM `news`  WHERE `typeid` in (4,5,6,7,8,2) AND `status`=1  order by `publish_time` DESC LIMIT 0,8
[2017-11-22 11:56:23.322] [DEBUG] database - SELECT * FROM `news_type`  WHERE `code`="zx" AND `status`=1 
[2017-11-22 11:56:23.326] [DEBUG] database - SELECT * FROM `news_type`  WHERE `code`="wd" AND `status`=1 
[2017-11-22 11:56:23.329] [DEBUG] database - SELECT count(*) as tmp_count FROM `news` WHERE `typeid` in (4,5,6,7,8,2) AND `status`=1 
[2017-11-22 11:56:23.329] [DEBUG] database - SELECT * FROM `news`  WHERE `typeid` in (4,5,6,7,8,2) AND `status`=1  order by `publish_time` DESC LIMIT 0,8
[2017-11-22 11:56:23.331] [DEBUG] database - SELECT * FROM `news`  WHERE `typeid` in (4,5,6,7,8) AND `status`=1  order by RAND() LIMIT 0,5
[2017-11-22 11:56:23.336] [DEBUG] database - SELECT * FROM `news`  WHERE `typeid` in (9,10,11,12) AND `status`=1  order by RAND() LIMIT 0,5
[2017-11-22 11:56:26.093] [DEBUG] database - SELECT * FROM `news_type`  WHERE `code`="zx" AND `status`=1 
[2017-11-22 11:56:26.095] [DEBUG] database - SELECT * FROM `news_type`  WHERE `code`="wd" AND `status`=1 
[2017-11-22 11:56:26.095] [DEBUG] database - SELECT count(*) as tmp_count FROM `news` WHERE `typeid` in (4,5,6,7,8,2) AND `status`=1 
[2017-11-22 11:56:26.096] [DEBUG] database - SELECT * FROM `news`  WHERE `typeid` in (4,5,6,7,8,2) AND `status`=1  order by `publish_time` DESC LIMIT 0,8
[2017-11-22 11:56:26.104] [DEBUG] database - SELECT * FROM `news`  WHERE `typeid` in (4,5,6,7,8) AND `status`=1  order by RAND() LIMIT 0,5
[2017-11-22 11:56:26.108] [DEBUG] database - SELECT * FROM `news`  WHERE `typeid` in (9,10,11,12) AND `status`=1  order by RAND() LIMIT 0,5
[2017-11-22 11:56:30.248] [DEBUG] database - SELECT * FROM `news_type`  WHERE `code`="zx" AND `status`=1 
[2017-11-22 11:56:30.248] [DEBUG] database - SELECT * FROM `news_type`  WHERE `code`="wd" AND `status`=1 
[2017-11-22 11:56:30.253] [DEBUG] database - SELECT count(*) as tmp_count FROM `news` WHERE `typeid` in (4) AND `status`=1 
[2017-11-22 11:56:30.254] [DEBUG] database - SELECT * FROM `news`  WHERE `typeid` in (4) AND `status`=1  order by `publish_time` DESC LIMIT 0,8
[2017-11-22 11:56:30.261] [DEBUG] database - SELECT * FROM `news`  WHERE `typeid` in (4,5,6,7,8) AND `status`=1  order by RAND() LIMIT 0,5
[2017-11-22 11:56:30.265] [DEBUG] database - SELECT * FROM `news`  WHERE `typeid` in (9,10,11,12) AND `status`=1  order by RAND() LIMIT 0,5
[2017-11-22 11:56:37.285] [DEBUG] database - SELECT * FROM `news_type`  WHERE `code`="zx" AND `status`=1 
[2017-11-22 11:56:37.286] [DEBUG] database - SELECT * FROM `news_type`  WHERE `code`="wd" AND `status`=1 
[2017-11-22 11:56:37.288] [DEBUG] database - SELECT count(*) as tmp_count FROM `news` WHERE `typeid` in (6) AND `status`=1 
[2017-11-22 11:56:37.289] [DEBUG] database - SELECT * FROM `news`  WHERE `typeid` in (6) AND `status`=1  order by `publish_time` DESC LIMIT 0,8
[2017-11-22 11:56:37.295] [DEBUG] database - SELECT * FROM `news`  WHERE `typeid` in (4,5,6,7,8) AND `status`=1  order by RAND() LIMIT 0,5
[2017-11-22 11:56:37.296] [DEBUG] database - SELECT * FROM `news`  WHERE `typeid` in (9,10,11,12) AND `status`=1  order by RAND() LIMIT 0,5
[2017-11-22 11:56:44.929] [DEBUG] database - SELECT * FROM `news_type`  WHERE `code`="zx" AND `status`=1 
[2017-11-22 11:56:44.929] [DEBUG] database - SELECT * FROM `news_type`  WHERE `code`="wd" AND `status`=1 
[2017-11-22 11:56:44.930] [DEBUG] database - SELECT * FROM `news`  WHERE `typeid` in (5) AND `status`=1  order by `publish_time` DESC LIMIT 0,8
[2017-11-22 11:56:44.931] [DEBUG] database - SELECT count(*) as tmp_count FROM `news` WHERE `typeid` in (5) AND `status`=1 
[2017-11-22 11:56:44.939] [DEBUG] database - SELECT * FROM `news`  WHERE `typeid` in (4,5,6,7,8) AND `status`=1  order by RAND() LIMIT 0,5
[2017-11-22 11:56:44.941] [DEBUG] database - SELECT * FROM `news`  WHERE `typeid` in (9,10,11,12) AND `status`=1  order by RAND() LIMIT 0,5
[2017-11-22 11:56:48.114] [DEBUG] database - SELECT * FROM `news_type`  WHERE `code`="zx" AND `status`=1 
[2017-11-22 11:56:48.116] [DEBUG] database - SELECT * FROM `news_type`  WHERE `code`="wd" AND `status`=1 
[2017-11-22 11:56:48.117] [DEBUG] database - SELECT count(*) as tmp_count FROM `news` WHERE `typeid` in (6) AND `status`=1 
[2017-11-22 11:56:48.118] [DEBUG] database - SELECT * FROM `news`  WHERE `typeid` in (6) AND `status`=1  order by `publish_time` DESC LIMIT 0,8
[2017-11-22 11:56:48.123] [DEBUG] database - SELECT * FROM `news`  WHERE `typeid` in (4,5,6,7,8) AND `status`=1  order by RAND() LIMIT 0,5
[2017-11-22 11:56:48.124] [DEBUG] database - SELECT * FROM `news`  WHERE `typeid` in (9,10,11,12) AND `status`=1  order by RAND() LIMIT 0,5
[2017-11-22 11:56:51.226] [DEBUG] database - SELECT * FROM `news_type`  WHERE `code`="zx" AND `status`=1 
[2017-11-22 11:56:51.227] [DEBUG] database - SELECT * FROM `news_type`  WHERE `code`="wd" AND `status`=1 
[2017-11-22 11:56:51.228] [DEBUG] database - SELECT * FROM `news`  WHERE `typeid` in (12) AND `status`=1  order by `publish_time` DESC LIMIT 0,8
[2017-11-22 11:56:51.229] [DEBUG] database - SELECT count(*) as tmp_count FROM `news` WHERE `typeid` in (12) AND `status`=1 
[2017-11-22 11:56:51.235] [DEBUG] database - SELECT * FROM `news`  WHERE `typeid` in (4,5,6,7,8) AND `status`=1  order by RAND() LIMIT 0,5
[2017-11-22 11:56:51.236] [DEBUG] database - SELECT * FROM `news`  WHERE `typeid` in (9,10,11,12) AND `status`=1  order by RAND() LIMIT 0,5
[2017-11-22 11:56:56.887] [DEBUG] database - SELECT * FROM `news_type`  WHERE `code`="zx" AND `status`=1 
[2017-11-22 11:56:56.887] [DEBUG] database - SELECT * FROM `news_type`  WHERE `code`="wd" AND `status`=1 
[2017-11-22 11:56:56.888] [DEBUG] database - SELECT count(*) as tmp_count FROM `news` WHERE `typeid` in (5) AND `status`=1 
[2017-11-22 11:56:56.888] [DEBUG] database - SELECT * FROM `news`  WHERE `typeid` in (5) AND `status`=1  order by `publish_time` DESC LIMIT 0,8
[2017-11-22 11:56:56.896] [DEBUG] database - SELECT * FROM `news`  WHERE `typeid` in (4,5,6,7,8) AND `status`=1  order by RAND() LIMIT 0,5
[2017-11-22 11:56:56.898] [DEBUG] database - SELECT * FROM `news`  WHERE `typeid` in (9,10,11,12) AND `status`=1  order by RAND() LIMIT 0,5
[2017-11-22 11:56:58.771] [DEBUG] database - SELECT * FROM `news_type`  WHERE `code`="zx" AND `status`=1 
[2017-11-22 11:56:58.771] [DEBUG] database - SELECT * FROM `news_type`  WHERE `code`="wd" AND `status`=1 
[2017-11-22 11:56:58.774] [DEBUG] database - SELECT count(*) as tmp_count FROM `news` WHERE `typeid` in (6) AND `status`=1 
[2017-11-22 11:56:58.776] [DEBUG] database - SELECT * FROM `news`  WHERE `typeid` in (6) AND `status`=1  order by `publish_time` DESC LIMIT 0,8
[2017-11-22 11:56:58.781] [DEBUG] database - SELECT * FROM `news`  WHERE `typeid` in (4,5,6,7,8) AND `status`=1  order by RAND() LIMIT 0,5
[2017-11-22 11:56:58.782] [DEBUG] database - SELECT * FROM `news`  WHERE `typeid` in (9,10,11,12) AND `status`=1  order by RAND() LIMIT 0,5
[2017-11-22 11:57:00.209] [DEBUG] database - SELECT * FROM `news_type`  WHERE `code`="zx" AND `status`=1 
[2017-11-22 11:57:00.210] [DEBUG] database - SELECT * FROM `news_type`  WHERE `code`="wd" AND `status`=1 
[2017-11-22 11:57:00.215] [DEBUG] database - SELECT count(*) as tmp_count FROM `news` WHERE `typeid` in (7) AND `status`=1 
[2017-11-22 11:57:00.215] [DEBUG] database - SELECT * FROM `news`  WHERE `typeid` in (7) AND `status`=1  order by `publish_time` DESC LIMIT 0,8
[2017-11-22 11:57:00.219] [DEBUG] database - SELECT * FROM `news`  WHERE `typeid` in (4,5,6,7,8) AND `status`=1  order by RAND() LIMIT 0,5
[2017-11-22 11:57:00.220] [DEBUG] database - SELECT * FROM `news`  WHERE `typeid` in (9,10,11,12) AND `status`=1  order by RAND() LIMIT 0,5
[2017-11-22 11:57:02.918] [DEBUG] database - SELECT * FROM `news_type`  WHERE `code`="wd" AND `status`=1 
[2017-11-22 11:57:02.919] [DEBUG] database - SELECT * FROM `news_type`  WHERE `code`="zx" AND `status`=1 
[2017-11-22 11:57:02.919] [DEBUG] database - SELECT count(*) as tmp_count FROM `news` WHERE `typeid` in (6) AND `status`=1 
[2017-11-22 11:57:02.920] [DEBUG] database - SELECT * FROM `news`  WHERE `typeid` in (6) AND `status`=1  order by `publish_time` DESC LIMIT 0,8
[2017-11-22 11:57:02.935] [DEBUG] database - SELECT * FROM `news`  WHERE `typeid` in (4,5,6,7,8) AND `status`=1  order by RAND() LIMIT 0,5
[2017-11-22 11:57:02.935] [DEBUG] database - SELECT * FROM `news`  WHERE `typeid` in (9,10,11,12) AND `status`=1  order by RAND() LIMIT 0,5
[2017-11-22 11:57:05.399] [DEBUG] database - SELECT * FROM `news_type`  WHERE `code`="zx" AND `status`=1 
[2017-11-22 11:57:05.400] [DEBUG] database - SELECT * FROM `news_type`  WHERE `code`="wd" AND `status`=1 
[2017-11-22 11:57:05.401] [DEBUG] database - SELECT * FROM `news`  WHERE `typeid` in (9) AND `status`=1  order by `publish_time` DESC LIMIT 0,8
[2017-11-22 11:57:05.402] [DEBUG] database - SELECT count(*) as tmp_count FROM `news` WHERE `typeid` in (9) AND `status`=1 
[2017-11-22 11:57:05.749] [DEBUG] database - SELECT * FROM `news`  WHERE `typeid` in (9,10,11,12) AND `status`=1  order by RAND() LIMIT 0,5
[2017-11-22 11:57:05.750] [DEBUG] database - SELECT * FROM `news`  WHERE `typeid` in (4,5,6,7,8) AND `status`=1  order by RAND() LIMIT 0,5
[2017-11-22 11:57:07.420] [DEBUG] database - SELECT * FROM `news_type`  WHERE `code`="zx" AND `status`=1 
[2017-11-22 11:57:07.421] [DEBUG] database - SELECT * FROM `news_type`  WHERE `code`="wd" AND `status`=1 
[2017-11-22 11:57:07.423] [DEBUG] database - SELECT count(*) as tmp_count FROM `news` WHERE `typeid` in (9) AND `status`=1 
[2017-11-22 11:57:07.424] [DEBUG] database - SELECT * FROM `news`  WHERE `typeid` in (9) AND `status`=1  order by `publish_time` DESC LIMIT 0,8
[2017-11-22 11:57:07.429] [DEBUG] database - SELECT * FROM `news`  WHERE `typeid` in (4,5,6,7,8) AND `status`=1  order by RAND() LIMIT 0,5
[2017-11-22 11:57:07.430] [DEBUG] database - SELECT * FROM `news`  WHERE `typeid` in (9,10,11,12) AND `status`=1  order by RAND() LIMIT 0,5
[2017-11-22 11:57:08.669] [DEBUG] database - SELECT * FROM `news`  WHERE `id`=123 
[2017-11-22 11:57:08.675] [DEBUG] database - SELECT * FROM `news_type`  WHERE `id`=9 
[2017-11-22 11:57:09.213] [DEBUG] database - SELECT * FROM `news`  WHERE `id`=123 
[2017-11-22 11:57:09.225] [DEBUG] database - SELECT * FROM `news_type`  WHERE `id`=9 
[2017-11-22 11:57:10.028] [DEBUG] database - SELECT * FROM `news`  WHERE `id`=123 
[2017-11-22 11:57:10.033] [DEBUG] database - SELECT * FROM `news_type`  WHERE `id`=9 
[2017-11-22 11:57:10.322] [DEBUG] database - SELECT * FROM `news`  WHERE `id`=123 
[2017-11-22 11:57:10.327] [DEBUG] database - SELECT * FROM `news_type`  WHERE `id`=9 
[2017-11-22 11:57:18.265] [DEBUG] database - SELECT * FROM `news`  WHERE `id`=123 
[2017-11-22 11:57:18.271] [DEBUG] database - SELECT * FROM `news_type`  WHERE `id`=9 
[2017-11-22 11:57:22.999] [DEBUG] database - SELECT * FROM `news_type`  WHERE `code`="zx" AND `status`=1 
[2017-11-22 11:57:23.000] [DEBUG] database - SELECT * FROM `news_type`  WHERE `code`="wd" AND `status`=1 
[2017-11-22 11:57:23.000] [DEBUG] database - SELECT count(*) as tmp_count FROM `news` WHERE `typeid` in (4,5,6,7,8,2) AND `status`=1 
[2017-11-22 11:57:23.001] [DEBUG] database - SELECT * FROM `news`  WHERE `typeid` in (4,5,6,7,8,2) AND `status`=1  order by `publish_time` DESC LIMIT 0,8
[2017-11-22 11:57:23.013] [DEBUG] database - SELECT * FROM `news`  WHERE `typeid` in (4,5,6,7,8) AND `status`=1  order by RAND() LIMIT 0,5
[2017-11-22 11:57:23.015] [DEBUG] database - SELECT * FROM `news`  WHERE `typeid` in (9,10,11,12) AND `status`=1  order by RAND() LIMIT 0,5
[2017-11-22 11:57:24.298] [DEBUG] database - SELECT * FROM `news_type`  WHERE `code`="zx" AND `status`=1 
[2017-11-22 11:57:24.302] [DEBUG] database - SELECT * FROM `news_type`  WHERE `code`="wd" AND `status`=1 
[2017-11-22 11:57:24.303] [DEBUG] database - SELECT count(*) as tmp_count FROM `news` WHERE `typeid` in (4,5,6,7,8,2) AND `status`=1 
[2017-11-22 11:57:24.303] [DEBUG] database - SELECT * FROM `news`  WHERE `typeid` in (4,5,6,7,8,2) AND `status`=1  order by `publish_time` DESC LIMIT 0,8
[2017-11-22 11:57:24.314] [DEBUG] database - SELECT * FROM `news`  WHERE `typeid` in (4,5,6,7,8) AND `status`=1  order by RAND() LIMIT 0,5
[2017-11-22 11:57:24.314] [DEBUG] database - SELECT * FROM `news`  WHERE `typeid` in (9,10,11,12) AND `status`=1  order by RAND() LIMIT 0,5
[2017-11-22 11:57:26.013] [DEBUG] database - SELECT * FROM `news_type`  WHERE `code`="zx" AND `status`=1 
[2017-11-22 11:57:26.021] [DEBUG] database - SELECT * FROM `news_type`  WHERE `code`="wd" AND `status`=1 
[2017-11-22 11:57:26.022] [DEBUG] database - SELECT count(*) as tmp_count FROM `news` WHERE `typeid` in (5) AND `status`=1 
[2017-11-22 11:57:26.022] [DEBUG] database - SELECT * FROM `news`  WHERE `typeid` in (5) AND `status`=1  order by `publish_time` DESC LIMIT 0,8
[2017-11-22 11:57:26.028] [DEBUG] database - SELECT * FROM `news`  WHERE `typeid` in (4,5,6,7,8) AND `status`=1  order by RAND() LIMIT 0,5
[2017-11-22 11:57:26.031] [DEBUG] database - SELECT * FROM `news`  WHERE `typeid` in (9,10,11,12) AND `status`=1  order by RAND() LIMIT 0,5
[2017-11-22 11:57:27.505] [DEBUG] database - SELECT * FROM `news_type`  WHERE `code`="zx" AND `status`=1 
[2017-11-22 11:57:27.507] [DEBUG] database - SELECT * FROM `news_type`  WHERE `code`="wd" AND `status`=1 
[2017-11-22 11:57:27.508] [DEBUG] database - SELECT count(*) as tmp_count FROM `news` WHERE `typeid` in (6) AND `status`=1 
[2017-11-22 11:57:27.508] [DEBUG] database - SELECT * FROM `news`  WHERE `typeid` in (6) AND `status`=1  order by `publish_time` DESC LIMIT 0,8
[2017-11-22 11:57:27.514] [DEBUG] database - SELECT * FROM `news`  WHERE `typeid` in (4,5,6,7,8) AND `status`=1  order by RAND() LIMIT 0,5
[2017-11-22 11:57:27.516] [DEBUG] database - SELECT * FROM `news`  WHERE `typeid` in (9,10,11,12) AND `status`=1  order by RAND() LIMIT 0,5
[2017-11-22 11:57:28.638] [DEBUG] database - SELECT * FROM `news_type`  WHERE `code`="zx" AND `status`=1 
[2017-11-22 11:57:28.638] [DEBUG] database - SELECT * FROM `news_type`  WHERE `code`="wd" AND `status`=1 
[2017-11-22 11:57:28.640] [DEBUG] database - SELECT count(*) as tmp_count FROM `news` WHERE `typeid` in (7) AND `status`=1 
[2017-11-22 11:57:28.640] [DEBUG] database - SELECT * FROM `news`  WHERE `typeid` in (7) AND `status`=1  order by `publish_time` DESC LIMIT 0,8
[2017-11-22 11:57:28.648] [DEBUG] database - SELECT * FROM `news`  WHERE `typeid` in (4,5,6,7,8) AND `status`=1  order by RAND() LIMIT 0,5
[2017-11-22 11:57:28.648] [DEBUG] database - SELECT * FROM `news`  WHERE `typeid` in (9,10,11,12) AND `status`=1  order by RAND() LIMIT 0,5
[2017-11-22 11:57:29.941] [DEBUG] database - SELECT * FROM `news_type`  WHERE `code`="zx" AND `status`=1 
[2017-11-22 11:57:29.944] [DEBUG] database - SELECT * FROM `news_type`  WHERE `code`="wd" AND `status`=1 
[2017-11-22 11:57:29.945] [DEBUG] database - SELECT * FROM `news`  WHERE `typeid` in (9) AND `status`=1  order by `publish_time` DESC LIMIT 0,8
[2017-11-22 11:57:29.945] [DEBUG] database - SELECT count(*) as tmp_count FROM `news` WHERE `typeid` in (9) AND `status`=1 
[2017-11-22 11:57:29.952] [DEBUG] database - SELECT * FROM `news`  WHERE `typeid` in (4,5,6,7,8) AND `status`=1  order by RAND() LIMIT 0,5
[2017-11-22 11:57:29.955] [DEBUG] database - SELECT * FROM `news`  WHERE `typeid` in (9,10,11,12) AND `status`=1  order by RAND() LIMIT 0,5
[2017-11-22 11:57:31.736] [DEBUG] database - SELECT * FROM `news_type`  WHERE `code`="zx" AND `status`=1 
[2017-11-22 11:57:31.740] [DEBUG] database - SELECT * FROM `news_type`  WHERE `code`="wd" AND `status`=1 
[2017-11-22 11:57:31.743] [DEBUG] database - SELECT * FROM `news`  WHERE `typeid` in (10) AND `status`=1  order by `publish_time` DESC LIMIT 0,8
[2017-11-22 11:57:31.743] [DEBUG] database - SELECT count(*) as tmp_count FROM `news` WHERE `typeid` in (10) AND `status`=1 
[2017-11-22 11:57:31.745] [DEBUG] database - SELECT * FROM `news`  WHERE `typeid` in (4,5,6,7,8) AND `status`=1  order by RAND() LIMIT 0,5
[2017-11-22 11:57:31.752] [DEBUG] database - SELECT * FROM `news`  WHERE `typeid` in (9,10,11,12) AND `status`=1  order by RAND() LIMIT 0,5
[2017-11-22 11:57:34.537] [DEBUG] database - SELECT * FROM `news_type`  WHERE `code`="zx" AND `status`=1 
[2017-11-22 11:57:34.537] [DEBUG] database - SELECT * FROM `news_type`  WHERE `code`="wd" AND `status`=1 
[2017-11-22 11:57:34.539] [DEBUG] database - SELECT count(*) as tmp_count FROM `news` WHERE `typeid` in (11) AND `status`=1 
[2017-11-22 11:57:34.539] [DEBUG] database - SELECT * FROM `news`  WHERE `typeid` in (11) AND `status`=1  order by `publish_time` DESC LIMIT 0,8
[2017-11-22 11:57:34.544] [DEBUG] database - SELECT * FROM `news`  WHERE `typeid` in (4,5,6,7,8) AND `status`=1  order by RAND() LIMIT 0,5
[2017-11-22 11:57:34.545] [DEBUG] database - SELECT * FROM `news`  WHERE `typeid` in (9,10,11,12) AND `status`=1  order by RAND() LIMIT 0,5
[2017-11-22 11:57:36.285] [DEBUG] database - SELECT * FROM `news_type`  WHERE `code`="zx" AND `status`=1 
[2017-11-22 11:57:36.286] [DEBUG] database - SELECT * FROM `news_type`  WHERE `code`="wd" AND `status`=1 
[2017-11-22 11:57:36.287] [DEBUG] database - SELECT count(*) as tmp_count FROM `news` WHERE `typeid` in (7) AND `status`=1 
[2017-11-22 11:57:36.287] [DEBUG] database - SELECT * FROM `news`  WHERE `typeid` in (7) AND `status`=1  order by `publish_time` DESC LIMIT 0,8
[2017-11-22 11:57:36.296] [DEBUG] database - SELECT * FROM `news`  WHERE `typeid` in (4,5,6,7,8) AND `status`=1  order by RAND() LIMIT 0,5
[2017-11-22 11:57:36.296] [DEBUG] database - SELECT * FROM `news`  WHERE `typeid` in (9,10,11,12) AND `status`=1  order by RAND() LIMIT 0,5
[2017-11-22 11:57:37.841] [DEBUG] database - SELECT * FROM `news_type`  WHERE `code`="zx" AND `status`=1 
[2017-11-22 11:57:37.841] [DEBUG] database - SELECT * FROM `news_type`  WHERE `code`="wd" AND `status`=1 
[2017-11-22 11:57:37.843] [DEBUG] database - SELECT count(*) as tmp_count FROM `news` WHERE `typeid` in (5) AND `status`=1 
[2017-11-22 11:57:37.844] [DEBUG] database - SELECT * FROM `news`  WHERE `typeid` in (5) AND `status`=1  order by `publish_time` DESC LIMIT 0,8
[2017-11-22 11:57:37.848] [DEBUG] database - SELECT * FROM `news`  WHERE `typeid` in (4,5,6,7,8) AND `status`=1  order by RAND() LIMIT 0,5
[2017-11-22 11:57:37.851] [DEBUG] database - SELECT * FROM `news`  WHERE `typeid` in (9,10,11,12) AND `status`=1  order by RAND() LIMIT 0,5
[2017-11-22 11:57:39.459] [DEBUG] database - SELECT * FROM `news_type`  WHERE `code`="zx" AND `status`=1 
[2017-11-22 11:57:39.459] [DEBUG] database - SELECT count(*) as tmp_count FROM `news` WHERE `typeid` in (4) AND `status`=1 
[2017-11-22 11:57:39.460] [DEBUG] database - SELECT * FROM `news_type`  WHERE `code`="wd" AND `status`=1 
[2017-11-22 11:57:39.460] [DEBUG] database - SELECT * FROM `news`  WHERE `typeid` in (4) AND `status`=1  order by `publish_time` DESC LIMIT 0,8
[2017-11-22 11:57:39.488] [DEBUG] database - SELECT * FROM `news`  WHERE `typeid` in (4,5,6,7,8) AND `status`=1  order by RAND() LIMIT 0,5
[2017-11-22 11:57:39.488] [DEBUG] database - SELECT * FROM `news`  WHERE `typeid` in (9,10,11,12) AND `status`=1  order by RAND() LIMIT 0,5
[2017-11-22 14:29:32.892] [DEBUG] database - SELECT * FROM `menus`  WHERE `status`=1  order by `sort` ASC
[2017-11-22 14:29:33.027] [DEBUG] database - SELECT count(*) as tmp_count FROM `news`
[2017-11-22 14:29:33.034] [DEBUG] database - SELECT * FROM `news`  order by `create_time` DESC,`publish_time` DESC LIMIT 0,15
[2017-11-22 14:29:33.074] [DEBUG] database - SELECT * FROM `news_type`  WHERE `id` in (4,20,19,18,16,8,10)  order by `id` ASC
[2017-11-22 14:29:36.427] [DEBUG] database - SELECT * FROM `config`  WHERE `status`=1 
[2017-11-22 14:29:36.428] [DEBUG] database - SELECT * FROM `news_type`  WHERE `code`="zx" AND `status`=1 
[2017-11-22 14:29:36.443] [DEBUG] database - SELECT * FROM `news_type`  WHERE `code`="wd" AND `status`=1 
[2017-11-22 14:29:36.444] [DEBUG] database - SELECT * FROM `news_type`  WHERE `status`=1 
[2017-11-22 14:29:36.446] [DEBUG] database - SELECT * FROM `news_type`  WHERE `status`=1 
[2017-11-22 14:29:36.449] [DEBUG] database - SELECT * FROM `news`  WHERE `id`=264 
[2017-11-22 14:29:36.461] [DEBUG] database - SELECT * FROM `news_type`  WHERE `id`=4 
[2017-11-22 14:29:46.210] [DEBUG] database - SELECT * FROM `news_type`  WHERE `code`="zx" AND `status`=1 
[2017-11-22 14:29:46.211] [DEBUG] database - SELECT * FROM `news_type`  WHERE `code`="wd" AND `status`=1 
[2017-11-22 14:29:46.214] [DEBUG] database - SELECT * FROM `news`  WHERE `id`=263 
[2017-11-22 14:29:46.227] [DEBUG] database - SELECT * FROM `news_type`  WHERE `id`=4 
[2017-11-22 14:30:47.154] [DEBUG] database - SELECT * FROM `news`  order by `create_time` DESC,`publish_time` DESC LIMIT 0,15
[2017-11-22 14:30:47.157] [DEBUG] database - SELECT count(*) as tmp_count FROM `news`
[2017-11-22 14:30:47.191] [DEBUG] database - SELECT * FROM `news_type`  WHERE `id` in (4,20,19,18,16,8,10)  order by `id` ASC
[2017-11-22 14:30:49.906] [DEBUG] database - SELECT * FROM `news_type`  WHERE `code`="zx" AND `status`=1 
[2017-11-22 14:30:49.908] [DEBUG] database - SELECT * FROM `news_type`  WHERE `code`="wd" AND `status`=1 
[2017-11-22 14:30:49.916] [DEBUG] database - SELECT * FROM `news`  WHERE `id`=264 
[2017-11-22 14:30:49.921] [DEBUG] database - SELECT * FROM `news_type`  WHERE `id`=4 
[2017-11-22 14:31:14.463] [DEBUG] database - SELECT * FROM `news_type`  WHERE `status`=1 
[2017-11-22 14:31:14.466] [DEBUG] database - SELECT * FROM `config`  WHERE `status`=1 
[2017-11-22 14:31:14.467] [DEBUG] database - SELECT * FROM `news_type`  WHERE `code`="wd" AND `status`=1 
[2017-11-22 14:31:14.467] [DEBUG] database - SELECT * FROM `news_type`  WHERE `status`=1 
[2017-11-22 14:31:14.468] [DEBUG] database - SELECT * FROM `news_type`  WHERE `code`="zx" AND `status`=1 
[2017-11-22 14:31:14.468] [DEBUG] database - SELECT * FROM `news`  WHERE `id`=264 
[2017-11-22 14:31:14.487] [DEBUG] database - SELECT * FROM `news_type`  WHERE `id`=4 
[2017-11-22 14:31:17.767] [DEBUG] database - SELECT * FROM `news_type`  WHERE `code`="zx" AND `status`=1 
[2017-11-22 14:31:17.786] [DEBUG] database - SELECT * FROM `news_type`  WHERE `code`="wd" AND `status`=1 
[2017-11-22 14:31:17.787] [DEBUG] database - SELECT * FROM `news`  WHERE `id`=264 
[2017-11-22 14:31:17.791] [DEBUG] database - SELECT * FROM `news_type`  WHERE `id`=4 
[2017-11-22 14:31:38.265] [DEBUG] database - SELECT count(*) as tmp_count FROM `config`
[2017-11-22 14:31:38.267] [DEBUG] database - SELECT * FROM `config`  order by `id` DESC LIMIT 0,15
[2017-11-22 14:31:46.395] [DEBUG] database - SHOW COLUMNS FROM `config`
[2017-11-22 14:31:46.405] [DEBUG] database - UPDATE `config` SET `name`=":name",`key`=":key",`value`=":value",`status`=:status,`update_time`=":update_time" WHERE `id`="1" 
[2017-11-22 14:31:46.405] [DEBUG] database - UPDATE `config` SET `name`="baseUrl",`key`="baseUrl",`value`="https://test-www.jiandanjiekuan.com/",`status`=1,`update_time`="2017-11-22 02:31:46" WHERE `id`="1" 
[2017-11-22 14:31:46.443] [DEBUG] database - SELECT count(*) as tmp_count FROM `config`
[2017-11-22 14:31:46.445] [DEBUG] database - SELECT * FROM `config`  order by `id` DESC LIMIT 0,15
[2017-11-22 14:31:49.762] [DEBUG] database - SELECT * FROM `config`  WHERE `status`=1 
[2017-11-22 14:31:49.763] [DEBUG] database - SELECT * FROM `news_type`  WHERE `code`="wd" AND `status`=1 
[2017-11-22 14:31:49.764] [DEBUG] database - SELECT * FROM `news_type`  WHERE `code`="zx" AND `status`=1 
[2017-11-22 14:31:49.767] [DEBUG] database - SELECT * FROM `news`  WHERE `id`=264 
[2017-11-22 14:31:49.776] [DEBUG] database - SELECT * FROM `news_type`  WHERE `id`=4 
[2017-11-22 14:33:12.612] [DEBUG] database - SELECT * FROM `config`  WHERE `status`=1 
[2017-11-22 14:33:12.615] [DEBUG] database - SELECT * FROM `news_type`  WHERE `code`="wd" AND `status`=1 
[2017-11-22 14:33:12.615] [DEBUG] database - SELECT * FROM `news_type`  WHERE `code`="zx" AND `status`=1 
[2017-11-22 14:33:12.616] [DEBUG] database - SELECT * FROM `news_type`  WHERE `status`=1 
[2017-11-22 14:33:12.616] [DEBUG] database - SELECT * FROM `news`  WHERE `id`=264 
[2017-11-22 14:33:12.618] [DEBUG] database - SELECT * FROM `news_type`  WHERE `status`=1 
[2017-11-22 14:33:12.633] [DEBUG] database - SELECT * FROM `news_type`  WHERE `id`=4 
[2017-11-22 14:33:12.853] [DEBUG] database - SELECT * FROM `news_type`  WHERE `code`="zx" AND `status`=1 
[2017-11-22 14:33:12.854] [DEBUG] database - SELECT * FROM `news_type`  WHERE `code`="wd" AND `status`=1 
[2017-11-22 14:33:12.860] [DEBUG] database - SELECT * FROM `news`  WHERE `typeid` in (4,5,6,7,8) AND `status`=1  order by RAND() LIMIT 0,5
[2017-11-22 14:33:12.864] [DEBUG] database - SELECT * FROM `news`  WHERE `typeid` in (9,10,11,12) AND `status`=1  order by RAND() LIMIT 0,5
[2017-11-22 14:33:32.412] [DEBUG] database - SELECT count(*) as tmp_count FROM `news`
[2017-11-22 14:33:32.412] [DEBUG] database - SELECT * FROM `news`  order by `create_time` DESC,`publish_time` DESC LIMIT 0,15
[2017-11-22 14:33:32.450] [DEBUG] database - SELECT * FROM `news_type`  WHERE `id` in (4,20,19,18,16,8,10)  order by `id` ASC
[2017-11-22 14:33:35.238] [DEBUG] database - SELECT * FROM `news_type`  WHERE `code`="zx" AND `status`=1 
[2017-11-22 14:33:35.239] [DEBUG] database - SELECT * FROM `news_type`  WHERE `code`="wd" AND `status`=1 
[2017-11-22 14:33:35.246] [DEBUG] database - SELECT * FROM `news`  WHERE `id`=264 
[2017-11-22 14:33:35.260] [DEBUG] database - SELECT * FROM `news_type`  WHERE `id`=4 
[2017-11-22 14:33:35.415] [DEBUG] database - SELECT * FROM `news_type`  WHERE `code`="zx" AND `status`=1 
[2017-11-22 14:33:35.416] [DEBUG] database - SELECT * FROM `news_type`  WHERE `code`="wd" AND `status`=1 
[2017-11-22 14:33:35.430] [DEBUG] database - SELECT * FROM `news`  WHERE `typeid` in (4,5,6,7,8) AND `status`=1  order by RAND() LIMIT 0,5
[2017-11-22 14:33:35.431] [DEBUG] database - SELECT * FROM `news`  WHERE `typeid` in (9,10,11,12) AND `status`=1  order by RAND() LIMIT 0,5
[2017-11-22 14:33:59.146] [DEBUG] database - SELECT * FROM `news_type`  WHERE `code`="zx" AND `status`=1 
[2017-11-22 14:33:59.148] [DEBUG] database - SELECT * FROM `news_type`  WHERE `code`="wd" AND `status`=1 
[2017-11-22 14:33:59.149] [DEBUG] database - SELECT * FROM `news`  WHERE `id`=264 
[2017-11-22 14:33:59.155] [DEBUG] database - SELECT * FROM `news_type`  WHERE `id`=4 
[2017-11-22 14:33:59.230] [DEBUG] database - SELECT * FROM `news_type`  WHERE `code`="zx" AND `status`=1 
[2017-11-22 14:33:59.231] [DEBUG] database - SELECT * FROM `news_type`  WHERE `code`="wd" AND `status`=1 
[2017-11-22 14:33:59.236] [DEBUG] database - SELECT * FROM `news`  WHERE `typeid` in (4,5,6,7,8) AND `status`=1  order by RAND() LIMIT 0,5
[2017-11-22 14:33:59.237] [DEBUG] database - SELECT * FROM `news`  WHERE `typeid` in (9,10,11,12) AND `status`=1  order by RAND() LIMIT 0,5
[2017-11-22 14:37:33.209] [DEBUG] database - SELECT * FROM `news`  WHERE `id`=264 
[2017-11-22 14:37:33.211] [DEBUG] database - SELECT * FROM `news_type`  WHERE `code`="wd" AND `status`=1 
[2017-11-22 14:37:33.212] [DEBUG] database - SELECT * FROM `news_type`  WHERE `code`="zx" AND `status`=1 
[2017-11-22 14:37:33.221] [DEBUG] database - SELECT * FROM `news_type`  WHERE `id`=4 
[2017-11-22 14:37:33.377] [DEBUG] database - SELECT * FROM `news_type`  WHERE `code`="zx" AND `status`=1 
[2017-11-22 14:37:33.379] [DEBUG] database - SELECT * FROM `news_type`  WHERE `code`="wd" AND `status`=1 
[2017-11-22 14:37:33.389] [DEBUG] database - SELECT * FROM `news`  WHERE `typeid` in (9,10,11,12) AND `status`=1  order by RAND() LIMIT 0,5
[2017-11-22 14:37:33.391] [DEBUG] database - SELECT * FROM `news`  WHERE `typeid` in (4,5,6,7,8) AND `status`=1  order by RAND() LIMIT 0,5
[2017-11-22 14:39:28.426] [DEBUG] database - SELECT * FROM `news_type`  WHERE `code`="zx" AND `status`=1 
[2017-11-22 14:39:28.428] [DEBUG] database - SELECT * FROM `news_type`  WHERE `code`="wd" AND `status`=1 
[2017-11-22 14:39:46.159] [DEBUG] database - SELECT * FROM `news_type`  WHERE `code`="zx" AND `status`=1 
[2017-11-22 14:39:46.160] [DEBUG] database - SELECT * FROM `news_type`  WHERE `code`="wd" AND `status`=1 
[2017-11-22 14:39:46.165] [DEBUG] database - SELECT * FROM `news`  WHERE `id`=264 
[2017-11-22 14:39:46.170] [DEBUG] database - SELECT * FROM `news_type`  WHERE `id`=4 
[2017-11-22 14:39:46.325] [DEBUG] database - SELECT * FROM `news`  WHERE `id`=264 
[2017-11-22 14:39:46.329] [DEBUG] database - SELECT * FROM `news_type`  WHERE `id`=4 
[2017-11-22 14:40:17.009] [DEBUG] database - SELECT * FROM `news_type`  WHERE `code`="zx" AND `status`=1 
[2017-11-22 14:40:17.009] [DEBUG] database - SELECT * FROM `news_type`  WHERE `code`="wd" AND `status`=1 
[2017-11-22 14:40:17.009] [DEBUG] database - SELECT * FROM `news`  WHERE `id`=264 
[2017-11-22 14:40:17.015] [DEBUG] database - SELECT * FROM `news_type`  WHERE `id`=4 
[2017-11-22 14:40:17.224] [DEBUG] database - SELECT * FROM `news`  WHERE `id`=264 
[2017-11-22 14:40:17.229] [DEBUG] database - SELECT * FROM `news_type`  WHERE `id`=4 
[2017-11-22 15:10:31.785] [DEBUG] database - SELECT * FROM `menus`  WHERE `status`=1  order by `sort` ASC
[2017-11-22 15:10:38.311] [DEBUG] database - SELECT count(*) as tmp_count FROM `news`
[2017-11-22 15:10:38.319] [DEBUG] database - SELECT * FROM `news`  order by `create_time` DESC,`publish_time` DESC LIMIT 0,15
[2017-11-22 15:10:38.376] [DEBUG] database - SELECT * FROM `news_type`  WHERE `id` in (4,20,19,18,16,8,10)  order by `id` ASC
[2017-11-22 15:10:41.006] [DEBUG] database - SELECT * FROM `config`  WHERE `status`=1 
[2017-11-22 15:13:29.419] [DEBUG] database - SELECT * FROM `config`  WHERE `status`=1 
[2017-11-22 15:13:29.604] [DEBUG] database - SELECT * FROM `news_type`  WHERE `status`=1 
[2017-11-22 15:13:29.633] [DEBUG] database - SELECT * FROM `news_type`  WHERE `status`=1 
[2017-11-22 15:13:29.634] [DEBUG] database - SELECT * FROM `news_type`  WHERE `code`="wd" AND `status`=1 
[2017-11-22 15:13:29.634] [DEBUG] database - SELECT * FROM `news_type`  WHERE `status`=1 
[2017-11-22 15:13:29.635] [DEBUG] database - SELECT * FROM `news_type`  WHERE `code`="zx" AND `status`=1 
[2017-11-22 15:13:29.653] [DEBUG] database - SELECT * FROM `news`  WHERE `typeid` in (9,10,11,12) AND `status`=1  order by RAND() LIMIT 0,5
[2017-11-22 15:13:29.654] [DEBUG] database - SELECT * FROM `news`  WHERE `typeid` in (4,5,6,7,8) AND `status`=1  order by RAND() LIMIT 0,5
[2017-11-22 15:13:43.825] [DEBUG] database - SELECT * FROM `news_type`  WHERE `code`="zx" AND `status`=1 
[2017-11-22 15:13:43.825] [DEBUG] database - SELECT * FROM `news_type`  WHERE `code`="wd" AND `status`=1 
[2017-11-22 15:13:43.834] [DEBUG] database - SELECT * FROM `news`  WHERE `typeid` in (4,5,6,7,8) AND `status`=1  order by RAND() LIMIT 0,5
[2017-11-22 15:13:43.835] [DEBUG] database - SELECT * FROM `news`  WHERE `typeid` in (9,10,11,12) AND `status`=1  order by RAND() LIMIT 0,5
[2017-11-22 15:14:32.024] [DEBUG] database - SELECT * FROM `news_type`  WHERE `code`="zx" AND `status`=1 
[2017-11-22 15:14:32.025] [DEBUG] database - SELECT * FROM `news_type`  WHERE `code`="wd" AND `status`=1 
[2017-11-22 15:14:32.033] [DEBUG] database - SELECT * FROM `news`  WHERE `typeid` in (4,5,6,7,8) AND `status`=1  order by RAND() LIMIT 0,5
[2017-11-22 15:14:32.034] [DEBUG] database - SELECT * FROM `news`  WHERE `typeid` in (9,10,11,12) AND `status`=1  order by RAND() LIMIT 0,5
[2017-11-22 15:16:03.824] [DEBUG] database - SELECT count(*) as tmp_count FROM `news`
[2017-11-22 15:16:03.826] [DEBUG] database - SELECT * FROM `news`  order by `create_time` DESC,`publish_time` DESC LIMIT 0,15
[2017-11-22 15:16:03.859] [DEBUG] database - SELECT * FROM `news_type`  WHERE `id` in (4,20,19,18,16,8,10)  order by `id` ASC
[2017-11-22 15:16:07.052] [DEBUG] database - SELECT * FROM `menus`  WHERE `status`=1  order by `sort` ASC
[2017-11-22 15:16:07.091] [DEBUG] database - SELECT count(*) as tmp_count FROM `news`
[2017-11-22 15:16:07.092] [DEBUG] database - SELECT * FROM `news`  order by `create_time` DESC,`publish_time` DESC LIMIT 0,15
[2017-11-22 15:16:07.120] [DEBUG] database - SELECT * FROM `news_type`  WHERE `id` in (4,20,19,18,16,8,10)  order by `id` ASC
[2017-11-22 15:16:09.056] [DEBUG] database - SELECT * FROM `news`  WHERE `id`=264 
[2017-11-22 15:16:09.065] [DEBUG] database - SELECT * FROM `news_type`  WHERE `id`=4 
[2017-11-22 15:16:24.822] [DEBUG] database - SELECT * FROM `news`  WHERE `id`=264 
[2017-11-22 15:16:24.830] [DEBUG] database - SELECT * FROM `news_type`  WHERE `id`=4 
[2017-11-22 15:20:55.029] [DEBUG] database - SELECT * FROM `news`  WHERE `id`=264 
[2017-11-22 15:20:55.037] [DEBUG] database - SELECT * FROM `news_type`  WHERE `id`=4 
[2017-11-22 15:21:54.419] [DEBUG] database - SELECT * FROM `news`  WHERE `id`=264 
[2017-11-22 15:21:54.426] [DEBUG] database - SELECT * FROM `news_type`  WHERE `id`=4 
[2017-11-22 15:22:50.169] [DEBUG] database - SELECT * FROM `config`  order by `id` DESC LIMIT 0,15
[2017-11-22 15:22:50.171] [DEBUG] database - SELECT count(*) as tmp_count FROM `config`
[2017-11-22 15:22:58.001] [DEBUG] database - SHOW COLUMNS FROM `config`
[2017-11-22 15:22:58.036] [DEBUG] database - UPDATE `config` SET `name`=":name",`key`=":key",`value`=":value",`status`=:status,`update_time`=":update_time" WHERE `id`="1" 
[2017-11-22 15:22:58.037] [DEBUG] database - UPDATE `config` SET `name`="baseUrl",`key`="baseUrl",`value`="http://localhost:8040",`status`=1,`update_time`="2017-11-22 03:22:57" WHERE `id`="1" 
[2017-11-22 15:22:58.124] [DEBUG] database - SELECT count(*) as tmp_count FROM `config`
[2017-11-22 15:22:58.126] [DEBUG] database - SELECT * FROM `config`  order by `id` DESC LIMIT 0,15
[2017-11-22 15:23:02.847] [DEBUG] database - SELECT * FROM `news`  order by `create_time` DESC,`publish_time` DESC LIMIT 0,15
[2017-11-22 15:23:02.847] [DEBUG] database - SELECT count(*) as tmp_count FROM `news`
[2017-11-22 15:23:02.957] [DEBUG] database - SELECT * FROM `news_type`  WHERE `id` in (4,20,19,18,16,8,10)  order by `id` ASC
[2017-11-22 15:23:04.780] [DEBUG] database - SELECT * FROM `config`  WHERE `status`=1 
[2017-11-22 15:39:41.601] [DEBUG] database - SELECT count(*) as tmp_count FROM `news`
[2017-11-22 15:39:41.602] [DEBUG] database - SELECT * FROM `news`  order by `create_time` DESC,`publish_time` DESC LIMIT 0,15
[2017-11-22 15:39:41.646] [DEBUG] database - SELECT * FROM `news_type`  WHERE `id` in (4,20,19,18,16,8,10)  order by `id` ASC
[2017-11-22 15:41:10.590] [DEBUG] database - SELECT count(*) as tmp_count FROM `config`
[2017-11-22 15:41:10.593] [DEBUG] database - SELECT * FROM `config`  order by `id` DESC LIMIT 0,15
[2017-11-22 15:41:16.430] [DEBUG] database - SHOW COLUMNS FROM `config`
[2017-11-22 15:41:16.441] [DEBUG] database - UPDATE `config` SET `name`=":name",`key`=":key",`value`=":value",`status`=:status,`update_time`=":update_time" WHERE `id`="1" 
[2017-11-22 15:41:16.441] [DEBUG] database - UPDATE `config` SET `name`="baseUrl",`key`="baseUrl",`value`="http://localhost:8010",`status`=1,`update_time`="2017-11-22 03:41:16" WHERE `id`="1" 
[2017-11-22 15:41:16.482] [DEBUG] database - SELECT count(*) as tmp_count FROM `config`
[2017-11-22 15:41:16.482] [DEBUG] database - SELECT * FROM `config`  order by `id` DESC LIMIT 0,15
[2017-11-22 15:41:21.642] [DEBUG] database - SELECT * FROM `news`  order by `create_time` DESC,`publish_time` DESC LIMIT 0,15
[2017-11-22 15:41:21.644] [DEBUG] database - SELECT count(*) as tmp_count FROM `news`
[2017-11-22 15:41:21.686] [DEBUG] database - SELECT * FROM `news_type`  WHERE `id` in (4,20,19,18,16,8,10)  order by `id` ASC
[2017-11-22 15:41:27.981] [DEBUG] database - SELECT * FROM `config`  WHERE `status`=1 
[2017-11-22 15:41:28.069] [DEBUG] database - SELECT * FROM `news`  WHERE `id`=263 
[2017-11-22 15:41:28.073] [DEBUG] database - SELECT * FROM `news_type`  WHERE `id`=4 
[2017-11-22 15:41:28.173] [DEBUG] database - SELECT * FROM `news_type`  WHERE `code`="zx" AND `status`=1 
[2017-11-22 15:41:28.175] [DEBUG] database - SELECT * FROM `news_type`  WHERE `code`="wd" AND `status`=1 
[2017-11-22 15:41:28.184] [DEBUG] database - SELECT * FROM `news`  WHERE `typeid` in (4,5,6,7,8) AND `status`=1  order by RAND() LIMIT 0,5
[2017-11-22 15:41:28.184] [DEBUG] database - SELECT * FROM `news`  WHERE `typeid` in (9,10,11,12) AND `status`=1  order by RAND() LIMIT 0,5
[2017-11-22 15:41:28.186] [DEBUG] database - SELECT count(*) as tmp_count FROM `news` WHERE `typeid` in (9,10,11,12,3) AND `status`=1 
[2017-11-22 15:41:28.187] [DEBUG] database - SELECT * FROM `news`  WHERE `typeid` in (9,10,11,12,3) AND `status`=1  order by `publish_time` DESC LIMIT 0,8
[2017-11-22 16:53:12.981] [DEBUG] database - SELECT * FROM `menus`  WHERE `status`=1  order by `sort` ASC
[2017-11-22 16:53:12.983] [DEBUG] database - SELECT * FROM `news`  order by `create_time` DESC,`publish_time` DESC LIMIT 0,15
[2017-11-22 16:53:12.984] [DEBUG] database - SELECT count(*) as tmp_count FROM `news`
[2017-11-22 16:53:13.025] [DEBUG] database - SELECT * FROM `news_type`  WHERE `id` in (4,20,19,18,16,8,10)  order by `id` ASC
[2017-11-22 16:53:16.653] [DEBUG] database - SHOW COLUMNS FROM `news`
[2017-11-22 16:53:16.660] [DEBUG] database - UPDATE `news` SET `status`=:status,`publish_time`=":publish_time",`update_time`=":update_time" WHERE `id`=264 
[2017-11-22 16:53:16.661] [DEBUG] database - UPDATE `news` SET `status`=1,`publish_time`="2017-11-22 04:53:16",`update_time`="2017-11-22 04:53:16" WHERE `id`=264 
[2017-11-22 16:53:16.710] [DEBUG] database - SELECT count(*) as tmp_count FROM `news`
[2017-11-22 16:53:16.714] [DEBUG] database - SELECT * FROM `news`  order by `create_time` DESC,`publish_time` DESC LIMIT 0,15
[2017-11-22 16:53:16.769] [DEBUG] database - SELECT * FROM `news_type`  WHERE `id` in (4,20,19,18,16,8,10)  order by `id` ASC
[2017-11-22 16:53:21.683] [DEBUG] database - SHOW COLUMNS FROM `news`
[2017-11-22 16:53:21.696] [DEBUG] database - UPDATE `news` SET `status`=:status,`publish_time`=":publish_time",`update_time`=":update_time" WHERE `id`=264 
[2017-11-22 16:53:21.698] [DEBUG] database - UPDATE `news` SET `status`=1,`publish_time`="2017-11-22 04:53:21",`update_time`="2017-11-22 04:53:21" WHERE `id`=264 
[2017-11-22 16:53:21.747] [DEBUG] database - SELECT count(*) as tmp_count FROM `news`
[2017-11-22 16:53:21.750] [DEBUG] database - SELECT * FROM `news`  order by `create_time` DESC,`publish_time` DESC LIMIT 0,15
[2017-11-22 16:53:21.787] [DEBUG] database - SELECT * FROM `news_type`  WHERE `id` in (4,20,19,18,16,8,10)  order by `id` ASC
[2017-11-22 18:10:00.092] [DEBUG] database - SELECT count(*) as tmp_count FROM `news`
[2017-11-22 18:10:00.094] [DEBUG] database - SELECT * FROM `news`  order by `create_time` DESC,`publish_time` DESC LIMIT 0,15
[2017-11-22 18:10:00.128] [DEBUG] database - SELECT * FROM `news_type`  WHERE `id` in (4,20,19,18,16,8,10)  order by `id` ASC
[2017-11-22 18:10:02.266] [DEBUG] database - SELECT * FROM `config`  WHERE `status`=1 
[2017-11-22 18:10:02.445] [DEBUG] database - SELECT * FROM `news`  WHERE `id`=264 
[2017-11-22 18:10:02.452] [DEBUG] database - SELECT * FROM `news_type`  WHERE `id`=4 
[2017-11-22 18:10:02.495] [DEBUG] database - SELECT * FROM `news_type`  WHERE `code`="zx" AND `status`=1 
[2017-11-22 18:10:02.496] [DEBUG] database - SELECT * FROM `news_type`  WHERE `status`=1 
[2017-11-22 18:10:02.512] [DEBUG] database - SELECT * FROM `news_type`  WHERE `status`=1 
[2017-11-22 18:10:02.512] [DEBUG] database - SELECT * FROM `news_type`  WHERE `status`=1 
[2017-11-22 18:10:02.514] [DEBUG] database - SELECT * FROM `news_type`  WHERE `code`="wd" AND `status`=1 
[2017-11-22 18:10:02.517] [DEBUG] database - SELECT count(*) as tmp_count FROM `news` WHERE `typeid` in (9,10,11,12,3) AND `status`=1 
[2017-11-22 18:10:02.517] [DEBUG] database - SELECT * FROM `news`  WHERE `typeid` in (9,10,11,12,3) AND `status`=1  order by `publish_time` DESC LIMIT 0,8
[2017-11-22 18:10:02.522] [DEBUG] database - SELECT * FROM `news`  WHERE `typeid` in (4,5,6,7,8) AND `status`=1  order by RAND() LIMIT 0,5
[2017-11-22 18:10:02.523] [DEBUG] database - SELECT * FROM `news`  WHERE `typeid` in (9,10,11,12) AND `status`=1  order by RAND() LIMIT 0,5
