[2017-12-28 10:50:03.971] [DEBUG] database - SELECT * FROM `act_tpl`  WHERE `id`=24 
[2017-12-28 10:50:39.553] [DEBUG] database - SELECT * FROM `act_tpl`  WHERE `id`=24 
[2017-12-28 11:21:18.008] [DEBUG] database - SHOW COLUMNS FROM `act`
[2017-12-28 11:21:18.025] [DEBUG] database - INSERT INTO `act` (`name`,`code`,`activity_code`,`url`,`data`,`status`,`components`,`user_id`,`create_time`) VALUES (":name",":code",":activity_code",":url",":data",:status,":components",:user_id,":create_time")
[2017-12-28 11:21:18.026] [DEBUG] database - INSERT INTO `act` (`name`,`code`,`activity_code`,`url`,`data`,`status`,`components`,`user_id`,`create_time`) VALUES ("","","279f5ff5eed24ab7a5fd1d92c66ff2ae","","{&quot;title&quot;:&quot;简单借款&quot;,&quot;style&quot;:{&quot;background-color&quot;:&quot;&quot;,&quot;background-repeat&quot;:&quot;no-repeat&quot;,&quot;background-image&quot;:&quot;&quot;},&quot;components&quot;:[{&quot;name&quot;:&quot;images&quot;,&quot;image_path&quot;:[&quot;/temp/20171228105039/700-300的副本_1514429719781.png&quot;,&quot;/temp/20171228105039/700-300fgh_1514429783405.jpg&quot;]},{&quot;name&quot;:&quot;buttons&quot;,&quot;image_path&quot;:[],&quot;buttons&quot;:[{&quot;imageUrl&quot;:&quot;/temp/20171228105039/button_1514430053142.png&quot;,&quot;usages&quot;:&quot;&quot;,&quot;href&quot;:&quot;&quot;,&quot;style&quot;:{&quot;width&quot;:&quot;600px&quot;,&quot;height&quot;:&quot;&quot;},&quot;response&quot;:[],&quot;uuid&quot;:&quot;e6a2f7d4215349b397f58df0409b7e31&quot;}],&quot;button&quot;:{},&quot;wrap&quot;:{&quot;style&quot;:{&quot;height&quot;:&quot;200px&quot;,&quot;background-image&quot;:&quot;&quot;,&quot;background-color&quot;:&quot;&quot;}}},{&quot;name&quot;:&quot;alerts&quot;,&quot;wrap&quot;:{&quot;style&quot;:{&quot;width&quot;:&quot;800px&quot;,&quot;height&quot;:&quot;&quot;,&quot;background-color&quot;:&quot;&quot;,&quot;background-image&quot;:&quot;/temp/20171228105039/alert_1514430174199.png&quot;}},&quot;contents&quot;:{&quot;image_path&quot;:[&quot;/temp/20171228105039/02_1514430201871.png&quot;]},&quot;buttons&quot;:[{&quot;imageUrl&quot;:&quot;/temp/20171228105039/gobutton_1514430230301.png&quot;,&quot;usages&quot;:&quot;download&quot;,&quot;href&quot;:&quot;&quot;,&quot;style&quot;:{&quot;width&quot;:&quot;700px&quot;,&quot;height&quot;:&quot;&quot;},&quot;response&quot;:[],&quot;uuid&quot;:&quot;a6c8164f79654f2995613b07df55a68f&quot;}]},{&quot;name&quot;:&quot;alerts&quot;,&quot;wrap&quot;:{&quot;style&quot;:{&quot;width&quot;:&quot;&quot;,&quot;height&quot;:&quot;&quot;,&quot;background-color&quot;:&quot;&quot;,&quot;background-image&quot;:&quot;/temp/20171228105039/modal-bg3_1514430514427.png&quot;}},&quot;contents&quot;:{&quot;image_path&quot;:[&quot;/temp/20171228105039/03_1514430551645.png&quot;]},&quot;buttons&quot;:[{&quot;imageUrl&quot;:&quot;/temp/20171228105039/gonow_1514430969857.png&quot;,&quot;usages&quot;:&quot;goOthers&quot;,&quot;href&quot;:&quot;http://www.baidu.com&quot;,&quot;style&quot;:{&quot;width&quot;:&quot;&quot;,&quot;height&quot;:&quot;&quot;},&quot;response&quot;:[],&quot;uuid&quot;:&quot;cf58220e48104454acfb4942b486f18a&quot;}]},{&quot;name&quot;:&quot;alerts&quot;,&quot;wrap&quot;:{&quot;style&quot;:{&quot;width&quot;:&quot;&quot;,&quot;height&quot;:&quot;&quot;,&quot;background-color&quot;:&quot;&quot;,&quot;background-image&quot;:&quot;/temp/20171228105039/dong_1514431027515.png&quot;}},&quot;contents&quot;:{&quot;image_path&quot;:[&quot;/temp/20171228105039/04_1514431041627.png&quot;]},&quot;buttons&quot;:[{&quot;imageUrl&quot;:&quot;/temp/20171228105039/gobutton_1514431064254.png&quot;,&quot;usages&quot;:&quot;goBackEnd&quot;,&quot;href&quot;:&quot;&quot;,&quot;style&quot;:{&quot;width&quot;:&quot;&quot;,&quot;height&quot;:&quot;&quot;},&quot;response&quot;:[{}],&quot;uuid&quot;:&quot;8f71e1e267b74db2be0a0f89fc989654&quot;}]},{&quot;name&quot;:&quot;alerts&quot;,&quot;wrap&quot;:{&quot;style&quot;:{&quot;width&quot;:&quot;&quot;,&quot;height&quot;:&quot;&quot;,&quot;background-color&quot;:&quot;&quot;,&quot;background-image&quot;:&quot;/temp/20171228105039/alert_1514431174493.png&quot;}},&quot;contents&quot;:{&quot;image_path&quot;:[&quot;/temp/20171228105039/egg_1514431183262.png&quot;]},&quot;buttons&quot;:[{&quot;imageUrl&quot;:&quot;/temp/20171228105039/chuizi_1514431223205.png&quot;,&quot;usages&quot;:&quot;goAppIndex&quot;,&quot;href&quot;:&quot;&quot;,&quot;style&quot;:{&quot;width&quot;:&quot;&quot;,&quot;height&quot;:&quot;&quot;},&quot;response&quot;:[],&quot;uuid&quot;:&quot;28adb1dd24584a6a8e10aae6751a7b5e&quot;}]}],&quot;activityCode&quot;:&quot;279f5ff5eed24ab7a5fd1d92c66ff2ae&quot;}",1,"images,buttons,alerts,alerts,alerts,alerts",1,"2017-12-28 11:21:17")
[2017-12-28 11:21:18.351] [DEBUG] database - SELECT count(*) as tmp_count FROM `act`
[2017-12-28 11:21:18.358] [DEBUG] database - SELECT * FROM `act`  order by `id` DESC LIMIT 0,15
[2017-12-28 11:21:26.493] [DEBUG] database - SELECT * FROM `act`  WHERE `id`=55 
[2017-12-28 11:27:19.713] [DEBUG] database - SELECT * FROM `act`  WHERE `id`=55 
[2017-12-28 11:29:37.589] [DEBUG] database - SELECT * FROM `menus`  WHERE `status`=1  order by `sort` ASC
[2017-12-28 11:29:37.603] [DEBUG] database - SELECT * FROM `act`  WHERE `id`=55 
[2017-12-28 11:30:59.384] [DEBUG] database - SELECT * FROM `act`  WHERE `id`=55 
[2017-12-28 11:31:17.408] [DEBUG] database - SELECT * FROM `act`  WHERE `id`=55 
[2017-12-28 11:32:16.493] [DEBUG] database - SELECT * FROM `act`  WHERE `id`=55 
[2017-12-28 11:32:20.722] [DEBUG] database - SELECT * FROM `act`  WHERE `id`=55 
[2017-12-28 11:32:25.556] [DEBUG] database - SELECT * FROM `act`  WHERE `id`=55 
[2017-12-28 11:32:38.110] [DEBUG] database - SELECT * FROM `act`  WHERE `id`=55 
[2017-12-28 11:34:12.590] [DEBUG] database - SELECT * FROM `act`  WHERE `id`=55 
[2017-12-28 11:35:18.023] [DEBUG] database - SELECT * FROM `act`  WHERE `id`=55 
[2017-12-28 11:36:44.162] [DEBUG] database - SELECT * FROM `act`  WHERE `id`=55 
[2017-12-28 11:37:24.271] [DEBUG] database - SELECT * FROM `act`  WHERE `id`=55 
[2017-12-28 11:38:43.019] [DEBUG] database - SELECT * FROM `act`  WHERE `id`=55 
[2017-12-28 12:00:40.721] [DEBUG] database - SELECT * FROM `act`  WHERE `id`=55 
[2017-12-28 13:45:25.320] [DEBUG] database - SELECT * FROM `act`  WHERE `id`=55 
[2017-12-28 13:46:06.584] [DEBUG] database - SELECT * FROM `act`  WHERE `id`=55 
[2017-12-28 13:46:15.306] [DEBUG] database - SELECT * FROM `act`  WHERE `id`=55 
[2017-12-28 13:46:42.816] [DEBUG] database - SELECT * FROM `act`  WHERE `id`=55 
[2017-12-28 14:14:17.369] [DEBUG] database - SELECT * FROM `act`  WHERE `id`=55 
[2017-12-28 14:15:42.835] [DEBUG] database - SELECT * FROM `act`  WHERE `id`=55 
[2017-12-28 14:45:40.816] [DEBUG] database - SELECT * FROM `act`  WHERE `id`=55 
[2017-12-28 14:47:09.993] [DEBUG] database - SELECT * FROM `act`  WHERE `id`=55 
[2017-12-28 14:47:17.486] [DEBUG] database - SELECT * FROM `act`  WHERE `id`=55 
[2017-12-28 14:47:40.120] [DEBUG] database - SELECT * FROM `act`  WHERE `id`=55 
[2017-12-28 15:01:02.617] [DEBUG] database - SELECT * FROM `act`  WHERE `id`=55 
[2017-12-28 15:02:42.270] [DEBUG] database - SELECT * FROM `act`  WHERE `id`=55 
[2017-12-28 15:05:15.874] [DEBUG] database - SELECT * FROM `act`  WHERE `id`=55 
[2017-12-28 15:06:24.534] [DEBUG] database - SELECT * FROM `act`  WHERE `id`=55 
[2017-12-28 15:07:39.112] [DEBUG] database - SELECT * FROM `act`  WHERE `id`=55 
[2017-12-28 15:08:05.420] [DEBUG] database - SELECT * FROM `act`  WHERE `id`=55 
[2017-12-28 15:08:14.511] [DEBUG] database - SELECT * FROM `act`  WHERE `id`=55 
[2017-12-28 15:20:51.909] [DEBUG] database - SELECT * FROM `act`  WHERE `id`=55 
[2017-12-28 15:21:01.187] [DEBUG] database - SELECT * FROM `act`  WHERE `id`=55 
[2017-12-28 15:21:11.296] [DEBUG] database - SELECT * FROM `act`  WHERE `id`=55 
[2017-12-28 15:21:49.104] [DEBUG] database - SELECT * FROM `act`  WHERE `id`=55 
[2017-12-28 15:21:54.341] [DEBUG] database - SELECT * FROM `act`  WHERE `id`=55 
[2017-12-28 15:23:45.015] [DEBUG] database - SELECT * FROM `act`  WHERE `id`=55 
[2017-12-28 15:28:27.440] [DEBUG] database - SELECT * FROM `act`  WHERE `id`=55 
[2017-12-28 15:29:15.766] [DEBUG] database - SELECT * FROM `act`  WHERE `id`=55 
[2017-12-28 15:32:11.829] [DEBUG] database - SELECT * FROM `act`  WHERE `id`=55 
[2017-12-28 15:35:31.853] [DEBUG] database - SELECT * FROM `act`  WHERE `id`=55 
[2017-12-28 15:35:46.578] [DEBUG] database - SELECT * FROM `act`  WHERE `id`=55 
[2017-12-28 15:36:23.277] [DEBUG] database - SELECT * FROM `act`  WHERE `id`=55 
[2017-12-28 15:36:49.385] [DEBUG] database - SELECT * FROM `act`  WHERE `id`=55 
[2017-12-28 15:36:57.255] [DEBUG] database - SELECT * FROM `act`  WHERE `id`=55 
[2017-12-28 15:41:16.669] [DEBUG] database - SELECT * FROM `act`  WHERE `id`=55 
[2017-12-28 15:42:39.922] [DEBUG] database - SELECT * FROM `act`  WHERE `id`=55 
[2017-12-28 15:43:54.819] [DEBUG] database - SELECT * FROM `act`  WHERE `id`=55 
[2017-12-28 15:44:32.077] [DEBUG] database - SELECT * FROM `act`  WHERE `id`=55 
[2017-12-28 15:47:00.602] [DEBUG] database - SELECT * FROM `act`  WHERE `id`=55 
[2017-12-28 15:49:42.814] [DEBUG] database - SELECT * FROM `act`  WHERE `id`=55 
[2017-12-28 15:51:16.838] [DEBUG] database - SELECT * FROM `act`  WHERE `id`=55 
[2017-12-28 15:51:33.751] [DEBUG] database - SELECT * FROM `act`  WHERE `id`=55 
[2017-12-28 15:52:52.202] [DEBUG] database - SELECT * FROM `act`  WHERE `id`=55 
[2017-12-28 15:53:37.891] [DEBUG] database - SELECT * FROM `act`  WHERE `id`=55 
[2017-12-28 15:54:29.626] [DEBUG] database - SELECT * FROM `act`  WHERE `id`=55 
[2017-12-28 15:55:30.393] [DEBUG] database - SELECT * FROM `act`  WHERE `id`=55 
[2017-12-28 15:58:40.784] [DEBUG] database - SELECT * FROM `act`  WHERE `id`=55 
[2017-12-28 16:01:50.069] [DEBUG] database - SELECT * FROM `act`  WHERE `id`=55 
[2017-12-28 16:02:34.852] [DEBUG] database - SELECT * FROM `act`  WHERE `id`=55 
[2017-12-28 16:03:01.866] [DEBUG] database - SELECT * FROM `act`  WHERE `id`=55 
[2017-12-28 16:27:58.184] [DEBUG] database - SELECT * FROM `act`  WHERE `id`=55 
[2017-12-28 16:30:08.510] [DEBUG] database - SELECT * FROM `act`  WHERE `id`=55 
[2017-12-28 16:39:42.133] [DEBUG] database - SELECT * FROM `act`  WHERE `id`=55 
[2017-12-28 16:41:40.390] [DEBUG] database - SHOW COLUMNS FROM `act`
[2017-12-28 16:41:40.399] [DEBUG] database - UPDATE `act` SET `name`=":name",`code`=":code",`activity_code`=":activity_code",`data`=":data",`url`=":url",`components`=":components",`uuser_id`=:uuser_id,`status`=:status,`update_time`=":update_time" WHERE `id`="55" 
[2017-12-28 16:41:40.404] [DEBUG] database - UPDATE `act` SET `name`="",`code`="",`activity_code`="279f5ff5eed24ab7a5fd1d92c66ff2ae",`data`="{&quot;title&quot;:&quot;简单借款&quot;,&quot;style&quot;:{&quot;background-color&quot;:&quot;&quot;,&quot;background-repeat&quot;:&quot;no-repeat&quot;,&quot;background-image&quot;:&quot;&quot;},&quot;components&quot;:[{&quot;name&quot;:&quot;images&quot;,&quot;image_path&quot;:[&quot;/temp/20171228105039/700-300的副本_1514429719781.png&quot;,&quot;/temp/20171228105039/700-300fgh_1514429783405.jpg&quot;]},{&quot;name&quot;:&quot;buttons&quot;,&quot;buttons&quot;:[{&quot;imageUrl&quot;:&quot;/temp/20171228105039/button_1514430053142.png&quot;,&quot;usages&quot;:&quot;&quot;,&quot;href&quot;:&quot;&quot;,&quot;style&quot;:{&quot;width&quot;:&quot;600px&quot;,&quot;height&quot;:&quot;&quot;},&quot;uuid&quot;:&quot;e6a2f7d4215349b397f58df0409b7e31&quot;}],&quot;wrap&quot;:{&quot;style&quot;:{&quot;height&quot;:&quot;200px&quot;,&quot;background-image&quot;:&quot;&quot;,&quot;background-color&quot;:&quot;&quot;}}},{&quot;name&quot;:&quot;alerts&quot;,&quot;wrap&quot;:{&quot;style&quot;:{&quot;width&quot;:&quot;800px&quot;,&quot;height&quot;:&quot;&quot;,&quot;background-color&quot;:&quot;&quot;,&quot;background-image&quot;:&quot;/temp/20171228105039/alert_1514430174199.png&quot;}},&quot;contents&quot;:{&quot;image_path&quot;:[&quot;/temp/20171228105039/02_1514430201871.png&quot;]},&quot;buttons&quot;:[{&quot;imageUrl&quot;:&quot;/temp/20171228105039/gobutton_1514430230301.png&quot;,&quot;usages&quot;:[&quot;download&quot;],&quot;href&quot;:&quot;&quot;,&quot;style&quot;:{&quot;width&quot;:&quot;700px&quot;,&quot;height&quot;:&quot;&quot;},&quot;uuid&quot;:&quot;a6c8164f79654f2995613b07df55a68f&quot;}]},{&quot;name&quot;:&quot;alerts&quot;,&quot;wrap&quot;:{&quot;style&quot;:{&quot;width&quot;:&quot;&quot;,&quot;height&quot;:&quot;&quot;,&quot;background-color&quot;:&quot;&quot;,&quot;background-image&quot;:&quot;/temp/20171228105039/modal-bg3_1514430514427.png&quot;}},&quot;contents&quot;:{&quot;image_path&quot;:[&quot;/temp/20171228105039/03_1514430551645.png&quot;]},&quot;buttons&quot;:[{&quot;imageUrl&quot;:&quot;/temp/20171228105039/gonow_1514430969857.png&quot;,&quot;usages&quot;:[&quot;goOthers&quot;],&quot;href&quot;:&quot;http://www.baidu.com&quot;,&quot;style&quot;:{&quot;width&quot;:&quot;&quot;,&quot;height&quot;:&quot;&quot;},&quot;uuid&quot;:&quot;cf58220e48104454acfb4942b486f18a&quot;}]},{&quot;name&quot;:&quot;alerts&quot;,&quot;wrap&quot;:{&quot;style&quot;:{&quot;width&quot;:&quot;&quot;,&quot;height&quot;:&quot;&quot;,&quot;background-color&quot;:&quot;&quot;,&quot;background-image&quot;:&quot;/temp/20171228105039/dong_1514431027515.png&quot;}},&quot;contents&quot;:{&quot;image_path&quot;:[&quot;/temp/20171228105039/04_1514431041627.png&quot;]},&quot;buttons&quot;:[{&quot;imageUrl&quot;:&quot;/temp/20171228105039/gobutton_1514431064254.png&quot;,&quot;usages&quot;:[&quot;goBackEnd&quot;],&quot;href&quot;:&quot;&quot;,&quot;style&quot;:{&quot;width&quot;:&quot;&quot;,&quot;height&quot;:&quot;&quot;},&quot;uuid&quot;:&quot;8f71e1e267b74db2be0a0f89fc989654&quot;}]},{&quot;name&quot;:&quot;alerts&quot;,&quot;wrap&quot;:{&quot;style&quot;:{&quot;width&quot;:&quot;&quot;,&quot;height&quot;:&quot;&quot;,&quot;background-color&quot;:&quot;&quot;,&quot;background-image&quot;:&quot;/temp/20171228105039/alert_1514431174493.png&quot;}},&quot;contents&quot;:{&quot;image_path&quot;:[&quot;/temp/20171228105039/egg_1514431183262.png&quot;]},&quot;buttons&quot;:[{&quot;imageUrl&quot;:&quot;/temp/20171228105039/chuizi_1514431223205.png&quot;,&quot;usages&quot;:&quot;goAppIndex&quot;,&quot;href&quot;:&quot;&quot;,&quot;style&quot;:{&quot;width&quot;:&quot;&quot;,&quot;height&quot;:&quot;&quot;},&quot;uuid&quot;:&quot;28adb1dd24584a6a8e10aae6751a7b5e&quot;}]}],&quot;activityCode&quot;:&quot;279f5ff5eed24ab7a5fd1d92c66ff2ae&quot;}",`url`="",`components`="images,buttons,alerts,alerts,alerts,alerts",`uuser_id`=1,`status`=CASE WHEN `status` = 1 THEN 1 ELSE 3 END,`update_time`="2017-12-28 04:41:40" WHERE `id`="55" 
[2017-12-28 16:41:40.695] [DEBUG] database - SELECT count(*) as tmp_count FROM `act`
[2017-12-28 16:41:40.702] [DEBUG] database - SELECT * FROM `act`  order by `id` DESC LIMIT 0,15
[2017-12-28 16:41:42.866] [DEBUG] database - SELECT * FROM `act`  WHERE `id`=55 
[2017-12-28 16:42:57.793] [DEBUG] database - SELECT * FROM `act`  WHERE `id`=55 
[2017-12-28 16:43:00.033] [DEBUG] database - SELECT * FROM `act`  WHERE `id`=55 
[2017-12-28 16:43:25.275] [DEBUG] database - SELECT * FROM `act`  WHERE `id`=55 
[2017-12-28 16:43:39.150] [DEBUG] database - SELECT * FROM `act`  WHERE `id`=55 
[2017-12-28 16:44:24.059] [DEBUG] database - SELECT * FROM `act`  WHERE `id`=55 
[2017-12-28 16:46:05.912] [DEBUG] database - SELECT * FROM `act`  WHERE `id`=55 
[2017-12-28 16:47:41.848] [DEBUG] database - SELECT * FROM `act`  WHERE `id`=55 
[2017-12-28 16:48:00.122] [DEBUG] database - SELECT * FROM `act`  WHERE `id`=55 
[2017-12-28 16:48:41.868] [DEBUG] database - SELECT * FROM `act`  WHERE `id`=55 
[2017-12-28 16:49:02.660] [DEBUG] database - SELECT * FROM `act`  WHERE `id`=55 
[2017-12-28 16:50:19.193] [DEBUG] database - SELECT * FROM `act`  WHERE `id`=55 
[2017-12-28 16:50:53.179] [DEBUG] database - SELECT * FROM `act`  WHERE `id`=55 
[2017-12-28 16:51:43.641] [DEBUG] database - SELECT * FROM `act`  WHERE `id`=55 
[2017-12-28 16:52:01.435] [DEBUG] database - SELECT * FROM `act`  WHERE `id`=55 
[2017-12-28 16:55:33.731] [DEBUG] database - SELECT * FROM `act`  WHERE `id`=55 
[2017-12-28 16:55:50.700] [DEBUG] database - SELECT * FROM `act`  WHERE `id`=55 
[2017-12-28 16:56:40.603] [DEBUG] database - SELECT * FROM `act`  WHERE `id`=55 
[2017-12-28 16:57:11.194] [DEBUG] database - SELECT * FROM `act`  WHERE `id`=55 
[2017-12-28 16:58:22.829] [DEBUG] database - SELECT * FROM `act`  WHERE `id`=55 
[2017-12-28 16:59:33.601] [DEBUG] database - SELECT * FROM `act`  WHERE `id`=55 
[2017-12-28 17:00:37.203] [DEBUG] database - SELECT * FROM `act`  WHERE `id`=55 
[2017-12-28 17:01:07.190] [DEBUG] database - SELECT * FROM `act`  WHERE `id`=55 
[2017-12-28 17:01:40.492] [DEBUG] database - SELECT * FROM `act`  WHERE `id`=55 
[2017-12-28 17:01:51.979] [DEBUG] database - SELECT * FROM `act`  WHERE `id`=55 
[2017-12-28 17:05:54.806] [DEBUG] database - SELECT * FROM `act`  WHERE `id`=55 
[2017-12-28 17:06:43.850] [DEBUG] database - SELECT * FROM `act`  WHERE `id`=55 
[2017-12-28 17:07:03.564] [DEBUG] database - SELECT * FROM `act`  WHERE `id`=55 
[2017-12-28 17:08:54.089] [DEBUG] database - SELECT * FROM `act`  WHERE `id`=55 
[2017-12-28 17:09:08.990] [DEBUG] database - SELECT * FROM `act`  WHERE `id`=55 
[2017-12-28 17:10:49.975] [DEBUG] database - SELECT * FROM `act`  WHERE `id`=55 
[2017-12-28 17:17:51.272] [DEBUG] database - SELECT * FROM `act`  WHERE `id`=55 
[2017-12-28 17:18:25.599] [DEBUG] database - SELECT * FROM `act`  WHERE `id`=55 
[2017-12-28 17:18:36.584] [DEBUG] database - SELECT * FROM `act`  WHERE `id`=55 
[2017-12-28 17:19:51.647] [DEBUG] database - SELECT * FROM `act`  WHERE `id`=55 
[2017-12-28 17:20:41.533] [DEBUG] database - SELECT * FROM `act`  WHERE `id`=55 
[2017-12-28 17:21:01.387] [DEBUG] database - SHOW COLUMNS FROM `act`
[2017-12-28 17:21:01.403] [DEBUG] database - UPDATE `act` SET `name`=":name",`code`=":code",`activity_code`=":activity_code",`data`=":data",`url`=":url",`components`=":components",`uuser_id`=:uuser_id,`status`=:status,`update_time`=":update_time" WHERE `id`="55" 
[2017-12-28 17:21:01.404] [DEBUG] database - UPDATE `act` SET `name`="",`code`="",`activity_code`="279f5ff5eed24ab7a5fd1d92c66ff2ae",`data`="{&quot;title&quot;:&quot;简单借款&quot;,&quot;style&quot;:{&quot;background-color&quot;:&quot;&quot;,&quot;background-repeat&quot;:&quot;no-repeat&quot;,&quot;background-image&quot;:&quot;&quot;},&quot;components&quot;:[{&quot;name&quot;:&quot;images&quot;,&quot;image_path&quot;:[&quot;/temp/20171228105039/700-300的副本_1514429719781.png&quot;,&quot;/temp/20171228105039/700-300fgh_1514429783405.jpg&quot;]},{&quot;name&quot;:&quot;buttons&quot;,&quot;buttons&quot;:[{&quot;imageUrl&quot;:&quot;&quot;,&quot;href&quot;:&quot;&quot;,&quot;style&quot;:{&quot;width&quot;:&quot;&quot;,&quot;height&quot;:&quot;&quot;},&quot;uuid&quot;:&quot;1c42bbde2b4f47d099d1ee7961348d8b&quot;}],&quot;wrap&quot;:{&quot;style&quot;:{&quot;height&quot;:&quot;200px&quot;,&quot;background-image&quot;:&quot;&quot;,&quot;background-color&quot;:&quot;&quot;}}},{&quot;name&quot;:&quot;alerts&quot;,&quot;wrap&quot;:{&quot;style&quot;:{&quot;width&quot;:&quot;800px&quot;,&quot;height&quot;:&quot;&quot;,&quot;background-color&quot;:&quot;&quot;,&quot;background-image&quot;:&quot;/temp/20171228105039/alert_1514430174199.png&quot;}},&quot;contents&quot;:{&quot;image_path&quot;:[&quot;/temp/20171228105039/02_1514430201871.png&quot;]},&quot;buttons&quot;:[{&quot;imageUrl&quot;:&quot;/temp/20171228105039/gobutton_1514430230301.png&quot;,&quot;usages&quot;:[&quot;download&quot;],&quot;href&quot;:&quot;&quot;,&quot;style&quot;:{&quot;width&quot;:&quot;700px&quot;,&quot;height&quot;:&quot;&quot;},&quot;uuid&quot;:&quot;a6c8164f79654f2995613b07df55a68f&quot;}]},{&quot;name&quot;:&quot;alerts&quot;,&quot;wrap&quot;:{&quot;style&quot;:{&quot;width&quot;:&quot;&quot;,&quot;height&quot;:&quot;&quot;,&quot;background-color&quot;:&quot;&quot;,&quot;background-image&quot;:&quot;/temp/20171228105039/modal-bg3_1514430514427.png&quot;}},&quot;contents&quot;:{&quot;image_path&quot;:[&quot;/temp/20171228105039/03_1514430551645.png&quot;]},&quot;buttons&quot;:[{&quot;imageUrl&quot;:&quot;/temp/20171228105039/gonow_1514430969857.png&quot;,&quot;usages&quot;:[&quot;goOthers&quot;],&quot;href&quot;:&quot;http://www.baidu.com&quot;,&quot;style&quot;:{&quot;width&quot;:&quot;&quot;,&quot;height&quot;:&quot;&quot;},&quot;uuid&quot;:&quot;cf58220e48104454acfb4942b486f18a&quot;}]},{&quot;name&quot;:&quot;alerts&quot;,&quot;wrap&quot;:{&quot;style&quot;:{&quot;width&quot;:&quot;&quot;,&quot;height&quot;:&quot;&quot;,&quot;background-color&quot;:&quot;&quot;,&quot;background-image&quot;:&quot;/temp/20171228105039/dong_1514431027515.png&quot;}},&quot;contents&quot;:{&quot;image_path&quot;:[&quot;/temp/20171228105039/04_1514431041627.png&quot;]},&quot;buttons&quot;:[{&quot;imageUrl&quot;:&quot;/temp/20171228105039/gobutton_1514431064254.png&quot;,&quot;usages&quot;:[&quot;goBackEnd&quot;],&quot;href&quot;:&quot;&quot;,&quot;style&quot;:{&quot;width&quot;:&quot;&quot;,&quot;height&quot;:&quot;&quot;},&quot;uuid&quot;:&quot;8f71e1e267b74db2be0a0f89fc989654&quot;,&quot;responses&quot;:[{&quot;1001&quot;:&quot;undefined&quot;}]}]},{&quot;name&quot;:&quot;alerts&quot;,&quot;wrap&quot;:{&quot;style&quot;:{&quot;width&quot;:&quot;&quot;,&quot;height&quot;:&quot;&quot;,&quot;background-color&quot;:&quot;&quot;,&quot;background-image&quot;:&quot;/temp/20171228105039/alert_1514431174493.png&quot;}},&quot;contents&quot;:{&quot;image_path&quot;:[&quot;/temp/20171228105039/egg_1514431183262.png&quot;]},&quot;buttons&quot;:[{&quot;imageUrl&quot;:&quot;/temp/20171228105039/chuizi_1514431223205.png&quot;,&quot;usages&quot;:[&quot;goAppIndex&quot;],&quot;href&quot;:&quot;&quot;,&quot;style&quot;:{&quot;width&quot;:&quot;&quot;,&quot;height&quot;:&quot;&quot;},&quot;uuid&quot;:&quot;28adb1dd24584a6a8e10aae6751a7b5e&quot;}]}],&quot;activityCode&quot;:&quot;279f5ff5eed24ab7a5fd1d92c66ff2ae&quot;}",`url`="",`components`="images,buttons,alerts,alerts,alerts,alerts",`uuser_id`=1,`status`=CASE WHEN `status` = 1 THEN 1 ELSE 3 END,`update_time`="2017-12-28 05:21:01" WHERE `id`="55" 
[2017-12-28 17:21:01.710] [DEBUG] database - SELECT count(*) as tmp_count FROM `act`
[2017-12-28 17:21:01.716] [DEBUG] database - SELECT * FROM `act`  order by `id` DESC LIMIT 0,15
[2017-12-28 17:21:03.533] [DEBUG] database - SELECT * FROM `act`  WHERE `id`=55 
[2017-12-28 17:21:29.446] [DEBUG] database - SELECT * FROM `act`  WHERE `id`=55 
[2017-12-28 17:21:46.286] [DEBUG] database - SELECT * FROM `act`  WHERE `id`=55 
[2017-12-28 17:22:08.837] [DEBUG] database - SELECT * FROM `act`  WHERE `id`=55 
[2017-12-28 17:22:32.937] [DEBUG] database - SHOW COLUMNS FROM `act`
[2017-12-28 17:22:32.947] [DEBUG] database - UPDATE `act` SET `name`=":name",`code`=":code",`activity_code`=":activity_code",`data`=":data",`url`=":url",`components`=":components",`uuser_id`=:uuser_id,`status`=:status,`update_time`=":update_time" WHERE `id`="55" 
[2017-12-28 17:22:32.948] [DEBUG] database - UPDATE `act` SET `name`="",`code`="",`activity_code`="279f5ff5eed24ab7a5fd1d92c66ff2ae",`data`="{&quot;title&quot;:&quot;简单借款&quot;,&quot;style&quot;:{&quot;background-color&quot;:&quot;&quot;,&quot;background-repeat&quot;:&quot;no-repeat&quot;,&quot;background-image&quot;:&quot;&quot;},&quot;components&quot;:[{&quot;name&quot;:&quot;images&quot;,&quot;image_path&quot;:[&quot;/temp/20171228105039/700-300的副本_1514429719781.png&quot;,&quot;/temp/20171228105039/700-300fgh_1514429783405.jpg&quot;]},{&quot;name&quot;:&quot;buttons&quot;,&quot;buttons&quot;:[{&quot;imageUrl&quot;:&quot;/temp/20171228172208/button_1514452945301.png&quot;,&quot;usages&quot;:[&quot;goAlerts&quot;],&quot;href&quot;:&quot;&quot;,&quot;style&quot;:{&quot;width&quot;:&quot;&quot;,&quot;height&quot;:&quot;&quot;},&quot;uuid&quot;:&quot;a41bf6b55f5145f195b25c44a69049f8&quot;}],&quot;wrap&quot;:{&quot;style&quot;:{&quot;height&quot;:&quot;200px&quot;,&quot;background-image&quot;:&quot;&quot;,&quot;background-color&quot;:&quot;&quot;}}},{&quot;name&quot;:&quot;alerts&quot;,&quot;wrap&quot;:{&quot;style&quot;:{&quot;width&quot;:&quot;800px&quot;,&quot;height&quot;:&quot;&quot;,&quot;background-color&quot;:&quot;&quot;,&quot;background-image&quot;:&quot;/temp/20171228105039/alert_1514430174199.png&quot;}},&quot;contents&quot;:{&quot;image_path&quot;:[&quot;/temp/20171228105039/02_1514430201871.png&quot;]},&quot;buttons&quot;:[{&quot;imageUrl&quot;:&quot;/temp/20171228105039/gobutton_1514430230301.png&quot;,&quot;usages&quot;:[&quot;download&quot;],&quot;href&quot;:&quot;&quot;,&quot;style&quot;:{&quot;width&quot;:&quot;700px&quot;,&quot;height&quot;:&quot;&quot;},&quot;uuid&quot;:&quot;a6c8164f79654f2995613b07df55a68f&quot;}]},{&quot;name&quot;:&quot;alerts&quot;,&quot;wrap&quot;:{&quot;style&quot;:{&quot;width&quot;:&quot;&quot;,&quot;height&quot;:&quot;&quot;,&quot;background-color&quot;:&quot;&quot;,&quot;background-image&quot;:&quot;/temp/20171228105039/modal-bg3_1514430514427.png&quot;}},&quot;contents&quot;:{&quot;image_path&quot;:[&quot;/temp/20171228105039/03_1514430551645.png&quot;]},&quot;buttons&quot;:[{&quot;imageUrl&quot;:&quot;/temp/20171228105039/gonow_1514430969857.png&quot;,&quot;usages&quot;:[&quot;goOthers&quot;],&quot;href&quot;:&quot;http://www.baidu.com&quot;,&quot;style&quot;:{&quot;width&quot;:&quot;&quot;,&quot;height&quot;:&quot;&quot;},&quot;uuid&quot;:&quot;cf58220e48104454acfb4942b486f18a&quot;}]},{&quot;name&quot;:&quot;alerts&quot;,&quot;wrap&quot;:{&quot;style&quot;:{&quot;width&quot;:&quot;&quot;,&quot;height&quot;:&quot;&quot;,&quot;background-color&quot;:&quot;&quot;,&quot;background-image&quot;:&quot;/temp/20171228105039/dong_1514431027515.png&quot;}},&quot;contents&quot;:{&quot;image_path&quot;:[&quot;/temp/20171228105039/04_1514431041627.png&quot;]},&quot;buttons&quot;:[{&quot;imageUrl&quot;:&quot;/temp/20171228105039/gobutton_1514431064254.png&quot;,&quot;usages&quot;:[&quot;goBackEnd&quot;],&quot;href&quot;:&quot;&quot;,&quot;style&quot;:{&quot;width&quot;:&quot;&quot;,&quot;height&quot;:&quot;&quot;},&quot;uuid&quot;:&quot;8f71e1e267b74db2be0a0f89fc989654&quot;}]},{&quot;name&quot;:&quot;alerts&quot;,&quot;wrap&quot;:{&quot;style&quot;:{&quot;width&quot;:&quot;&quot;,&quot;height&quot;:&quot;&quot;,&quot;background-color&quot;:&quot;&quot;,&quot;background-image&quot;:&quot;/temp/20171228105039/alert_1514431174493.png&quot;}},&quot;contents&quot;:{&quot;image_path&quot;:[&quot;/temp/20171228105039/egg_1514431183262.png&quot;]},&quot;buttons&quot;:[{&quot;imageUrl&quot;:&quot;/temp/20171228105039/chuizi_1514431223205.png&quot;,&quot;usages&quot;:[&quot;goAppIndex&quot;],&quot;href&quot;:&quot;&quot;,&quot;style&quot;:{&quot;width&quot;:&quot;&quot;,&quot;height&quot;:&quot;&quot;},&quot;uuid&quot;:&quot;28adb1dd24584a6a8e10aae6751a7b5e&quot;}]}],&quot;activityCode&quot;:&quot;279f5ff5eed24ab7a5fd1d92c66ff2ae&quot;}",`url`="",`components`="images,buttons,alerts,alerts,alerts,alerts",`uuser_id`=1,`status`=CASE WHEN `status` = 1 THEN 1 ELSE 3 END,`update_time`="2017-12-28 05:22:32" WHERE `id`="55" 
[2017-12-28 17:22:33.250] [DEBUG] database - SELECT * FROM `act`  order by `id` DESC LIMIT 0,15
[2017-12-28 17:22:33.251] [DEBUG] database - SELECT count(*) as tmp_count FROM `act`
[2017-12-28 17:22:35.030] [DEBUG] database - SELECT * FROM `act`  WHERE `id`=55 
[2017-12-28 17:23:04.643] [DEBUG] database - SELECT * FROM `act`  WHERE `id`=55 
[2017-12-28 17:23:41.653] [DEBUG] database - SELECT * FROM `act`  WHERE `id`=55 
[2017-12-28 17:24:15.625] [DEBUG] database - SELECT * FROM `act`  WHERE `id`=55 
[2017-12-28 17:25:55.144] [DEBUG] database - SHOW COLUMNS FROM `act`
[2017-12-28 17:25:55.162] [DEBUG] database - UPDATE `act` SET `name`=":name",`code`=":code",`activity_code`=":activity_code",`data`=":data",`url`=":url",`components`=":components",`uuser_id`=:uuser_id,`status`=:status,`update_time`=":update_time" WHERE `id`="55" 
[2017-12-28 17:25:55.162] [DEBUG] database - UPDATE `act` SET `name`="",`code`="",`activity_code`="279f5ff5eed24ab7a5fd1d92c66ff2ae",`data`="{&quot;title&quot;:&quot;简单借款&quot;,&quot;style&quot;:{&quot;background-color&quot;:&quot;&quot;,&quot;background-repeat&quot;:&quot;no-repeat&quot;,&quot;background-image&quot;:&quot;&quot;},&quot;components&quot;:[{&quot;name&quot;:&quot;images&quot;,&quot;image_path&quot;:[&quot;/temp/20171228105039/700-300的副本_1514429719781.png&quot;,&quot;/temp/20171228105039/700-300fgh_1514429783405.jpg&quot;]},{&quot;name&quot;:&quot;buttons&quot;,&quot;buttons&quot;:[{&quot;imageUrl&quot;:&quot;&quot;,&quot;href&quot;:&quot;&quot;,&quot;style&quot;:{&quot;width&quot;:&quot;&quot;,&quot;height&quot;:&quot;&quot;},&quot;uuid&quot;:&quot;18a729dbb0da4b4987d34b309565fc7e&quot;}],&quot;wrap&quot;:{&quot;style&quot;:{&quot;height&quot;:&quot;200px&quot;,&quot;background-image&quot;:&quot;&quot;,&quot;background-color&quot;:&quot;&quot;}}},{&quot;name&quot;:&quot;alerts&quot;,&quot;wrap&quot;:{&quot;style&quot;:{&quot;width&quot;:&quot;800px&quot;,&quot;height&quot;:&quot;&quot;,&quot;background-color&quot;:&quot;&quot;,&quot;background-image&quot;:&quot;/temp/20171228105039/alert_1514430174199.png&quot;}},&quot;contents&quot;:{&quot;image_path&quot;:[&quot;/temp/20171228105039/02_1514430201871.png&quot;]},&quot;buttons&quot;:[{&quot;imageUrl&quot;:&quot;/temp/20171228105039/gobutton_1514430230301.png&quot;,&quot;usages&quot;:[&quot;download&quot;],&quot;href&quot;:&quot;&quot;,&quot;style&quot;:{&quot;width&quot;:&quot;700px&quot;,&quot;height&quot;:&quot;&quot;},&quot;uuid&quot;:&quot;a6c8164f79654f2995613b07df55a68f&quot;}]},{&quot;name&quot;:&quot;alerts&quot;,&quot;wrap&quot;:{&quot;style&quot;:{&quot;width&quot;:&quot;&quot;,&quot;height&quot;:&quot;&quot;,&quot;background-color&quot;:&quot;&quot;,&quot;background-image&quot;:&quot;/temp/20171228105039/modal-bg3_1514430514427.png&quot;}},&quot;contents&quot;:{&quot;image_path&quot;:[&quot;/temp/20171228105039/03_1514430551645.png&quot;]},&quot;buttons&quot;:[{&quot;imageUrl&quot;:&quot;/temp/20171228105039/gonow_1514430969857.png&quot;,&quot;usages&quot;:[&quot;goOthers&quot;],&quot;href&quot;:&quot;http://www.baidu.com&quot;,&quot;style&quot;:{&quot;width&quot;:&quot;&quot;,&quot;height&quot;:&quot;&quot;},&quot;uuid&quot;:&quot;cf58220e48104454acfb4942b486f18a&quot;}]},{&quot;name&quot;:&quot;alerts&quot;,&quot;wrap&quot;:{&quot;style&quot;:{&quot;width&quot;:&quot;&quot;,&quot;height&quot;:&quot;&quot;,&quot;background-color&quot;:&quot;&quot;,&quot;background-image&quot;:&quot;/temp/20171228105039/dong_1514431027515.png&quot;}},&quot;contents&quot;:{&quot;image_path&quot;:[&quot;/temp/20171228105039/04_1514431041627.png&quot;]},&quot;buttons&quot;:[{&quot;imageUrl&quot;:&quot;/temp/20171228105039/gobutton_1514431064254.png&quot;,&quot;usages&quot;:[&quot;goBackEnd&quot;],&quot;href&quot;:&quot;&quot;,&quot;style&quot;:{&quot;width&quot;:&quot;&quot;,&quot;height&quot;:&quot;&quot;},&quot;uuid&quot;:&quot;8f71e1e267b74db2be0a0f89fc989654&quot;,&quot;responses&quot;:[{&quot;1001&quot;:&quot;this.handle&quot;}]}]},{&quot;name&quot;:&quot;alerts&quot;,&quot;wrap&quot;:{&quot;style&quot;:{&quot;width&quot;:&quot;&quot;,&quot;height&quot;:&quot;&quot;,&quot;background-color&quot;:&quot;&quot;,&quot;background-image&quot;:&quot;/temp/20171228105039/alert_1514431174493.png&quot;}},&quot;contents&quot;:{&quot;image_path&quot;:[&quot;/temp/20171228105039/egg_1514431183262.png&quot;]},&quot;buttons&quot;:[{&quot;imageUrl&quot;:&quot;/temp/20171228105039/chuizi_1514431223205.png&quot;,&quot;usages&quot;:[&quot;goAppIndex&quot;],&quot;href&quot;:&quot;&quot;,&quot;style&quot;:{&quot;width&quot;:&quot;&quot;,&quot;height&quot;:&quot;&quot;},&quot;uuid&quot;:&quot;28adb1dd24584a6a8e10aae6751a7b5e&quot;}]}],&quot;activityCode&quot;:&quot;279f5ff5eed24ab7a5fd1d92c66ff2ae&quot;}",`url`="",`components`="images,buttons,alerts,alerts,alerts,alerts",`uuser_id`=1,`status`=CASE WHEN `status` = 1 THEN 1 ELSE 3 END,`update_time`="2017-12-28 05:25:55" WHERE `id`="55" 
[2017-12-28 17:25:55.461] [DEBUG] database - SELECT count(*) as tmp_count FROM `act`
[2017-12-28 17:25:55.467] [DEBUG] database - SELECT * FROM `act`  order by `id` DESC LIMIT 0,15
[2017-12-28 17:25:58.550] [DEBUG] database - SELECT * FROM `act`  WHERE `id`=55 
[2017-12-28 17:26:43.341] [DEBUG] database - SELECT * FROM `act`  WHERE `id`=55 
[2017-12-28 17:28:23.801] [DEBUG] database - SHOW COLUMNS FROM `act`
[2017-12-28 17:28:23.811] [DEBUG] database - UPDATE `act` SET `name`=":name",`code`=":code",`activity_code`=":activity_code",`data`=":data",`url`=":url",`components`=":components",`uuser_id`=:uuser_id,`status`=:status,`update_time`=":update_time" WHERE `id`="55" 
[2017-12-28 17:28:23.811] [DEBUG] database - UPDATE `act` SET `name`="",`code`="",`activity_code`="279f5ff5eed24ab7a5fd1d92c66ff2ae",`data`="{&quot;title&quot;:&quot;简单借款&quot;,&quot;style&quot;:{&quot;background-color&quot;:&quot;&quot;,&quot;background-repeat&quot;:&quot;no-repeat&quot;,&quot;background-image&quot;:&quot;&quot;},&quot;components&quot;:[{&quot;name&quot;:&quot;images&quot;,&quot;image_path&quot;:[&quot;/temp/20171228105039/700-300的副本_1514429719781.png&quot;,&quot;/temp/20171228105039/700-300fgh_1514429783405.jpg&quot;]},{&quot;name&quot;:&quot;buttons&quot;,&quot;buttons&quot;:[{&quot;imageUrl&quot;:&quot;&quot;,&quot;href&quot;:&quot;&quot;,&quot;style&quot;:{&quot;width&quot;:&quot;&quot;,&quot;height&quot;:&quot;&quot;},&quot;uuid&quot;:&quot;7a5bb8a20a914a3da06816df291f4263&quot;}],&quot;wrap&quot;:{&quot;style&quot;:{&quot;height&quot;:&quot;200px&quot;,&quot;background-image&quot;:&quot;&quot;,&quot;background-color&quot;:&quot;&quot;}}},{&quot;name&quot;:&quot;alerts&quot;,&quot;wrap&quot;:{&quot;style&quot;:{&quot;width&quot;:&quot;800px&quot;,&quot;height&quot;:&quot;&quot;,&quot;background-color&quot;:&quot;&quot;,&quot;background-image&quot;:&quot;/temp/20171228105039/alert_1514430174199.png&quot;}},&quot;contents&quot;:{&quot;image_path&quot;:[&quot;/temp/20171228105039/02_1514430201871.png&quot;]},&quot;buttons&quot;:[{&quot;imageUrl&quot;:&quot;/temp/20171228105039/gobutton_1514430230301.png&quot;,&quot;usages&quot;:[&quot;download&quot;],&quot;href&quot;:&quot;&quot;,&quot;style&quot;:{&quot;width&quot;:&quot;700px&quot;,&quot;height&quot;:&quot;&quot;},&quot;uuid&quot;:&quot;a6c8164f79654f2995613b07df55a68f&quot;}]},{&quot;name&quot;:&quot;alerts&quot;,&quot;wrap&quot;:{&quot;style&quot;:{&quot;width&quot;:&quot;&quot;,&quot;height&quot;:&quot;&quot;,&quot;background-color&quot;:&quot;&quot;,&quot;background-image&quot;:&quot;/temp/20171228105039/modal-bg3_1514430514427.png&quot;}},&quot;contents&quot;:{&quot;image_path&quot;:[&quot;/temp/20171228105039/03_1514430551645.png&quot;]},&quot;buttons&quot;:[{&quot;imageUrl&quot;:&quot;/temp/20171228105039/gonow_1514430969857.png&quot;,&quot;usages&quot;:[&quot;goOthers&quot;],&quot;href&quot;:&quot;http://www.baidu.com&quot;,&quot;style&quot;:{&quot;width&quot;:&quot;&quot;,&quot;height&quot;:&quot;&quot;},&quot;uuid&quot;:&quot;cf58220e48104454acfb4942b486f18a&quot;}]},{&quot;name&quot;:&quot;alerts&quot;,&quot;wrap&quot;:{&quot;style&quot;:{&quot;width&quot;:&quot;&quot;,&quot;height&quot;:&quot;&quot;,&quot;background-color&quot;:&quot;&quot;,&quot;background-image&quot;:&quot;/temp/20171228105039/dong_1514431027515.png&quot;}},&quot;contents&quot;:{&quot;image_path&quot;:[&quot;/temp/20171228105039/04_1514431041627.png&quot;]},&quot;buttons&quot;:[{&quot;imageUrl&quot;:&quot;/temp/20171228105039/gobutton_1514431064254.png&quot;,&quot;usages&quot;:[&quot;goBackEnd&quot;],&quot;href&quot;:&quot;&quot;,&quot;style&quot;:{&quot;width&quot;:&quot;&quot;,&quot;height&quot;:&quot;&quot;},&quot;uuid&quot;:&quot;8f71e1e267b74db2be0a0f89fc989654&quot;,&quot;responses&quot;:[{&quot;1001&quot;:&quot;this.handle&quot;}]}]},{&quot;name&quot;:&quot;alerts&quot;,&quot;wrap&quot;:{&quot;style&quot;:{&quot;width&quot;:&quot;&quot;,&quot;height&quot;:&quot;&quot;,&quot;background-color&quot;:&quot;&quot;,&quot;background-image&quot;:&quot;/temp/20171228105039/alert_1514431174493.png&quot;}},&quot;contents&quot;:{&quot;image_path&quot;:[&quot;/temp/20171228105039/egg_1514431183262.png&quot;]},&quot;buttons&quot;:[{&quot;imageUrl&quot;:&quot;/temp/20171228105039/chuizi_1514431223205.png&quot;,&quot;usages&quot;:[&quot;goAppIndex&quot;],&quot;href&quot;:&quot;&quot;,&quot;style&quot;:{&quot;width&quot;:&quot;&quot;,&quot;height&quot;:&quot;&quot;},&quot;uuid&quot;:&quot;28adb1dd24584a6a8e10aae6751a7b5e&quot;}]}],&quot;activityCode&quot;:&quot;279f5ff5eed24ab7a5fd1d92c66ff2ae&quot;}",`url`="",`components`="images,buttons,alerts,alerts,alerts,alerts",`uuser_id`=1,`status`=CASE WHEN `status` = 1 THEN 1 ELSE 3 END,`update_time`="2017-12-28 05:28:23" WHERE `id`="55" 
[2017-12-28 17:28:25.130] [DEBUG] database - SELECT * FROM `act`  WHERE `id`=55 
[2017-12-28 17:28:57.073] [DEBUG] database - SHOW COLUMNS FROM `act`
[2017-12-28 17:28:57.082] [DEBUG] database - UPDATE `act` SET `name`=":name",`code`=":code",`activity_code`=":activity_code",`data`=":data",`url`=":url",`components`=":components",`uuser_id`=:uuser_id,`status`=:status,`update_time`=":update_time" WHERE `id`="55" 
[2017-12-28 17:28:57.083] [DEBUG] database - UPDATE `act` SET `name`="",`code`="",`activity_code`="279f5ff5eed24ab7a5fd1d92c66ff2ae",`data`="{&quot;title&quot;:&quot;简单借款&quot;,&quot;style&quot;:{&quot;background-color&quot;:&quot;&quot;,&quot;background-repeat&quot;:&quot;no-repeat&quot;,&quot;background-image&quot;:&quot;&quot;},&quot;components&quot;:[{&quot;name&quot;:&quot;images&quot;,&quot;image_path&quot;:[&quot;/temp/20171228105039/700-300的副本_1514429719781.png&quot;,&quot;/temp/20171228105039/700-300fgh_1514429783405.jpg&quot;]},{&quot;name&quot;:&quot;buttons&quot;,&quot;buttons&quot;:[{&quot;imageUrl&quot;:&quot;&quot;,&quot;href&quot;:&quot;&quot;,&quot;style&quot;:{&quot;width&quot;:&quot;&quot;,&quot;height&quot;:&quot;&quot;},&quot;uuid&quot;:&quot;f84cac3001a14f45a35cf3d8cb500a19&quot;}],&quot;wrap&quot;:{&quot;style&quot;:{&quot;height&quot;:&quot;200px&quot;,&quot;background-image&quot;:&quot;&quot;,&quot;background-color&quot;:&quot;&quot;}}},{&quot;name&quot;:&quot;alerts&quot;,&quot;wrap&quot;:{&quot;style&quot;:{&quot;width&quot;:&quot;800px&quot;,&quot;height&quot;:&quot;&quot;,&quot;background-color&quot;:&quot;&quot;,&quot;background-image&quot;:&quot;/temp/20171228105039/alert_1514430174199.png&quot;}},&quot;contents&quot;:{&quot;image_path&quot;:[&quot;/temp/20171228105039/02_1514430201871.png&quot;]},&quot;buttons&quot;:[{&quot;imageUrl&quot;:&quot;/temp/20171228105039/gobutton_1514430230301.png&quot;,&quot;usages&quot;:[&quot;download&quot;],&quot;href&quot;:&quot;&quot;,&quot;style&quot;:{&quot;width&quot;:&quot;700px&quot;,&quot;height&quot;:&quot;&quot;},&quot;uuid&quot;:&quot;a6c8164f79654f2995613b07df55a68f&quot;}]},{&quot;name&quot;:&quot;alerts&quot;,&quot;wrap&quot;:{&quot;style&quot;:{&quot;width&quot;:&quot;&quot;,&quot;height&quot;:&quot;&quot;,&quot;background-color&quot;:&quot;&quot;,&quot;background-image&quot;:&quot;/temp/20171228105039/modal-bg3_1514430514427.png&quot;}},&quot;contents&quot;:{&quot;image_path&quot;:[&quot;/temp/20171228105039/03_1514430551645.png&quot;]},&quot;buttons&quot;:[{&quot;imageUrl&quot;:&quot;/temp/20171228105039/gonow_1514430969857.png&quot;,&quot;usages&quot;:[&quot;goOthers&quot;],&quot;href&quot;:&quot;http://www.baidu.com&quot;,&quot;style&quot;:{&quot;width&quot;:&quot;&quot;,&quot;height&quot;:&quot;&quot;},&quot;uuid&quot;:&quot;cf58220e48104454acfb4942b486f18a&quot;}]},{&quot;name&quot;:&quot;alerts&quot;,&quot;wrap&quot;:{&quot;style&quot;:{&quot;width&quot;:&quot;&quot;,&quot;height&quot;:&quot;&quot;,&quot;background-color&quot;:&quot;&quot;,&quot;background-image&quot;:&quot;/temp/20171228105039/dong_1514431027515.png&quot;}},&quot;contents&quot;:{&quot;image_path&quot;:[&quot;/temp/20171228105039/04_1514431041627.png&quot;]},&quot;buttons&quot;:[{&quot;imageUrl&quot;:&quot;/temp/20171228105039/gobutton_1514431064254.png&quot;,&quot;usages&quot;:[&quot;goBackEnd&quot;],&quot;href&quot;:&quot;&quot;,&quot;style&quot;:{&quot;width&quot;:&quot;&quot;,&quot;height&quot;:&quot;&quot;},&quot;uuid&quot;:&quot;8f71e1e267b74db2be0a0f89fc989654&quot;,&quot;responses&quot;:[[&quot;this.handle&quot;],{&quot;1001&quot;:&quot;this.handle&quot;},{&quot;1001&quot;:&quot;this.handle&quot;}]}]},{&quot;name&quot;:&quot;alerts&quot;,&quot;wrap&quot;:{&quot;style&quot;:{&quot;width&quot;:&quot;&quot;,&quot;height&quot;:&quot;&quot;,&quot;background-color&quot;:&quot;&quot;,&quot;background-image&quot;:&quot;/temp/20171228105039/alert_1514431174493.png&quot;}},&quot;contents&quot;:{&quot;image_path&quot;:[&quot;/temp/20171228105039/egg_1514431183262.png&quot;]},&quot;buttons&quot;:[{&quot;imageUrl&quot;:&quot;/temp/20171228105039/chuizi_1514431223205.png&quot;,&quot;usages&quot;:[&quot;goAppIndex&quot;],&quot;href&quot;:&quot;&quot;,&quot;style&quot;:{&quot;width&quot;:&quot;&quot;,&quot;height&quot;:&quot;&quot;},&quot;uuid&quot;:&quot;28adb1dd24584a6a8e10aae6751a7b5e&quot;}]}],&quot;activityCode&quot;:&quot;279f5ff5eed24ab7a5fd1d92c66ff2ae&quot;}",`url`="",`components`="images,buttons,alerts,alerts,alerts,alerts",`uuser_id`=1,`status`=CASE WHEN `status` = 1 THEN 1 ELSE 3 END,`update_time`="2017-12-28 05:28:57" WHERE `id`="55" 
[2017-12-28 17:28:57.374] [DEBUG] database - SELECT count(*) as tmp_count FROM `act`
[2017-12-28 17:28:57.379] [DEBUG] database - SELECT * FROM `act`  order by `id` DESC LIMIT 0,15
[2017-12-28 17:28:59.316] [DEBUG] database - SELECT * FROM `act`  WHERE `id`=55 
[2017-12-28 17:30:08.286] [DEBUG] database - SELECT * FROM `act`  WHERE `id`=55 
[2017-12-28 17:31:07.882] [DEBUG] database - SHOW COLUMNS FROM `act`
[2017-12-28 17:31:07.890] [DEBUG] database - UPDATE `act` SET `name`=":name",`code`=":code",`activity_code`=":activity_code",`data`=":data",`url`=":url",`components`=":components",`uuser_id`=:uuser_id,`status`=:status,`update_time`=":update_time" WHERE `id`="55" 
[2017-12-28 17:31:07.891] [DEBUG] database - UPDATE `act` SET `name`="",`code`="",`activity_code`="279f5ff5eed24ab7a5fd1d92c66ff2ae",`data`="{&quot;title&quot;:&quot;简单借款&quot;,&quot;style&quot;:{&quot;background-color&quot;:&quot;&quot;,&quot;background-repeat&quot;:&quot;no-repeat&quot;,&quot;background-image&quot;:&quot;&quot;},&quot;components&quot;:[{&quot;name&quot;:&quot;images&quot;,&quot;image_path&quot;:[&quot;/temp/20171228105039/700-300的副本_1514429719781.png&quot;,&quot;/temp/20171228105039/700-300fgh_1514429783405.jpg&quot;]},{&quot;name&quot;:&quot;buttons&quot;,&quot;buttons&quot;:[{&quot;imageUrl&quot;:&quot;&quot;,&quot;href&quot;:&quot;&quot;,&quot;style&quot;:{&quot;width&quot;:&quot;&quot;,&quot;height&quot;:&quot;&quot;},&quot;uuid&quot;:&quot;023772221984410aa34888a38bbd46f2&quot;}],&quot;wrap&quot;:{&quot;style&quot;:{&quot;height&quot;:&quot;200px&quot;,&quot;background-image&quot;:&quot;&quot;,&quot;background-color&quot;:&quot;&quot;}}},{&quot;name&quot;:&quot;alerts&quot;,&quot;wrap&quot;:{&quot;style&quot;:{&quot;width&quot;:&quot;800px&quot;,&quot;height&quot;:&quot;&quot;,&quot;background-color&quot;:&quot;&quot;,&quot;background-image&quot;:&quot;/temp/20171228105039/alert_1514430174199.png&quot;}},&quot;contents&quot;:{&quot;image_path&quot;:[&quot;/temp/20171228105039/02_1514430201871.png&quot;]},&quot;buttons&quot;:[{&quot;imageUrl&quot;:&quot;/temp/20171228105039/gobutton_1514430230301.png&quot;,&quot;usages&quot;:[&quot;download&quot;],&quot;href&quot;:&quot;&quot;,&quot;style&quot;:{&quot;width&quot;:&quot;700px&quot;,&quot;height&quot;:&quot;&quot;},&quot;uuid&quot;:&quot;a6c8164f79654f2995613b07df55a68f&quot;}]},{&quot;name&quot;:&quot;alerts&quot;,&quot;wrap&quot;:{&quot;style&quot;:{&quot;width&quot;:&quot;&quot;,&quot;height&quot;:&quot;&quot;,&quot;background-color&quot;:&quot;&quot;,&quot;background-image&quot;:&quot;/temp/20171228105039/modal-bg3_1514430514427.png&quot;}},&quot;contents&quot;:{&quot;image_path&quot;:[&quot;/temp/20171228105039/03_1514430551645.png&quot;]},&quot;buttons&quot;:[{&quot;imageUrl&quot;:&quot;/temp/20171228105039/gonow_1514430969857.png&quot;,&quot;usages&quot;:[&quot;goOthers&quot;],&quot;href&quot;:&quot;http://www.baidu.com&quot;,&quot;style&quot;:{&quot;width&quot;:&quot;&quot;,&quot;height&quot;:&quot;&quot;},&quot;uuid&quot;:&quot;cf58220e48104454acfb4942b486f18a&quot;}]},{&quot;name&quot;:&quot;alerts&quot;,&quot;wrap&quot;:{&quot;style&quot;:{&quot;width&quot;:&quot;&quot;,&quot;height&quot;:&quot;&quot;,&quot;background-color&quot;:&quot;&quot;,&quot;background-image&quot;:&quot;/temp/20171228105039/dong_1514431027515.png&quot;}},&quot;contents&quot;:{&quot;image_path&quot;:[&quot;/temp/20171228105039/04_1514431041627.png&quot;]},&quot;buttons&quot;:[{&quot;imageUrl&quot;:&quot;/temp/20171228105039/gobutton_1514431064254.png&quot;,&quot;usages&quot;:[&quot;goBackEnd&quot;],&quot;href&quot;:&quot;&quot;,&quot;style&quot;:{&quot;width&quot;:&quot;&quot;,&quot;height&quot;:&quot;&quot;},&quot;uuid&quot;:&quot;8f71e1e267b74db2be0a0f89fc989654&quot;,&quot;responses&quot;:[{&quot;1001&quot;:&quot;this.handle&quot;}]}]},{&quot;name&quot;:&quot;alerts&quot;,&quot;wrap&quot;:{&quot;style&quot;:{&quot;width&quot;:&quot;&quot;,&quot;height&quot;:&quot;&quot;,&quot;background-color&quot;:&quot;&quot;,&quot;background-image&quot;:&quot;/temp/20171228105039/alert_1514431174493.png&quot;}},&quot;contents&quot;:{&quot;image_path&quot;:[&quot;/temp/20171228105039/egg_1514431183262.png&quot;]},&quot;buttons&quot;:[{&quot;imageUrl&quot;:&quot;/temp/20171228105039/chuizi_1514431223205.png&quot;,&quot;usages&quot;:[&quot;goAppIndex&quot;],&quot;href&quot;:&quot;&quot;,&quot;style&quot;:{&quot;width&quot;:&quot;&quot;,&quot;height&quot;:&quot;&quot;},&quot;uuid&quot;:&quot;28adb1dd24584a6a8e10aae6751a7b5e&quot;}]}],&quot;activityCode&quot;:&quot;279f5ff5eed24ab7a5fd1d92c66ff2ae&quot;}",`url`="",`components`="images,buttons,alerts,alerts,alerts,alerts",`uuser_id`=1,`status`=CASE WHEN `status` = 1 THEN 1 ELSE 3 END,`update_time`="2017-12-28 05:31:07" WHERE `id`="55" 
[2017-12-28 17:31:08.224] [DEBUG] database - SELECT count(*) as tmp_count FROM `act`
[2017-12-28 17:31:08.229] [DEBUG] database - SELECT * FROM `act`  order by `id` DESC LIMIT 0,15
[2017-12-28 17:31:10.860] [DEBUG] database - SELECT * FROM `act`  WHERE `id`=55 
[2017-12-28 17:31:44.659] [DEBUG] database - SELECT * FROM `act`  WHERE `id`=55 
[2017-12-28 17:32:16.557] [DEBUG] database - SHOW COLUMNS FROM `act`
[2017-12-28 17:32:16.565] [DEBUG] database - UPDATE `act` SET `name`=":name",`code`=":code",`activity_code`=":activity_code",`data`=":data",`url`=":url",`components`=":components",`uuser_id`=:uuser_id,`status`=:status,`update_time`=":update_time" WHERE `id`="55" 
[2017-12-28 17:32:16.566] [DEBUG] database - UPDATE `act` SET `name`="",`code`="",`activity_code`="279f5ff5eed24ab7a5fd1d92c66ff2ae",`data`="{&quot;title&quot;:&quot;简单借款&quot;,&quot;style&quot;:{&quot;background-color&quot;:&quot;&quot;,&quot;background-repeat&quot;:&quot;no-repeat&quot;,&quot;background-image&quot;:&quot;&quot;},&quot;components&quot;:[{&quot;name&quot;:&quot;images&quot;,&quot;image_path&quot;:[&quot;/temp/20171228105039/700-300的副本_1514429719781.png&quot;,&quot;/temp/20171228105039/700-300fgh_1514429783405.jpg&quot;]},{&quot;name&quot;:&quot;buttons&quot;,&quot;buttons&quot;:[{&quot;imageUrl&quot;:&quot;&quot;,&quot;href&quot;:&quot;&quot;,&quot;style&quot;:{&quot;width&quot;:&quot;&quot;,&quot;height&quot;:&quot;&quot;},&quot;uuid&quot;:&quot;06260057e9e64140bee8229146bfdab7&quot;}],&quot;wrap&quot;:{&quot;style&quot;:{&quot;height&quot;:&quot;200px&quot;,&quot;background-image&quot;:&quot;&quot;,&quot;background-color&quot;:&quot;&quot;}}},{&quot;name&quot;:&quot;alerts&quot;,&quot;wrap&quot;:{&quot;style&quot;:{&quot;width&quot;:&quot;800px&quot;,&quot;height&quot;:&quot;&quot;,&quot;background-color&quot;:&quot;&quot;,&quot;background-image&quot;:&quot;/temp/20171228105039/alert_1514430174199.png&quot;}},&quot;contents&quot;:{&quot;image_path&quot;:[&quot;/temp/20171228105039/02_1514430201871.png&quot;]},&quot;buttons&quot;:[{&quot;imageUrl&quot;:&quot;/temp/20171228105039/gobutton_1514430230301.png&quot;,&quot;usages&quot;:[&quot;download&quot;],&quot;href&quot;:&quot;&quot;,&quot;style&quot;:{&quot;width&quot;:&quot;700px&quot;,&quot;height&quot;:&quot;&quot;},&quot;uuid&quot;:&quot;a6c8164f79654f2995613b07df55a68f&quot;}]},{&quot;name&quot;:&quot;alerts&quot;,&quot;wrap&quot;:{&quot;style&quot;:{&quot;width&quot;:&quot;&quot;,&quot;height&quot;:&quot;&quot;,&quot;background-color&quot;:&quot;&quot;,&quot;background-image&quot;:&quot;/temp/20171228105039/modal-bg3_1514430514427.png&quot;}},&quot;contents&quot;:{&quot;image_path&quot;:[&quot;/temp/20171228105039/03_1514430551645.png&quot;]},&quot;buttons&quot;:[{&quot;imageUrl&quot;:&quot;/temp/20171228105039/gonow_1514430969857.png&quot;,&quot;usages&quot;:[&quot;goOthers&quot;],&quot;href&quot;:&quot;http://www.baidu.com&quot;,&quot;style&quot;:{&quot;width&quot;:&quot;&quot;,&quot;height&quot;:&quot;&quot;},&quot;uuid&quot;:&quot;cf58220e48104454acfb4942b486f18a&quot;}]},{&quot;name&quot;:&quot;alerts&quot;,&quot;wrap&quot;:{&quot;style&quot;:{&quot;width&quot;:&quot;&quot;,&quot;height&quot;:&quot;&quot;,&quot;background-color&quot;:&quot;&quot;,&quot;background-image&quot;:&quot;/temp/20171228105039/dong_1514431027515.png&quot;}},&quot;contents&quot;:{&quot;image_path&quot;:[&quot;/temp/20171228105039/04_1514431041627.png&quot;]},&quot;buttons&quot;:[{&quot;imageUrl&quot;:&quot;/temp/20171228105039/gobutton_1514431064254.png&quot;,&quot;usages&quot;:[&quot;goBackEnd&quot;],&quot;href&quot;:&quot;&quot;,&quot;style&quot;:{&quot;width&quot;:&quot;&quot;,&quot;height&quot;:&quot;&quot;},&quot;uuid&quot;:&quot;8f71e1e267b74db2be0a0f89fc989654&quot;,&quot;responses&quot;:[{&quot;1001&quot;:&quot;this.handle&quot;}]}]},{&quot;name&quot;:&quot;alerts&quot;,&quot;wrap&quot;:{&quot;style&quot;:{&quot;width&quot;:&quot;&quot;,&quot;height&quot;:&quot;&quot;,&quot;background-color&quot;:&quot;&quot;,&quot;background-image&quot;:&quot;/temp/20171228105039/alert_1514431174493.png&quot;}},&quot;contents&quot;:{&quot;image_path&quot;:[&quot;/temp/20171228105039/egg_1514431183262.png&quot;]},&quot;buttons&quot;:[{&quot;imageUrl&quot;:&quot;/temp/20171228105039/chuizi_1514431223205.png&quot;,&quot;usages&quot;:[&quot;goAlerts&quot;],&quot;href&quot;:&quot;&quot;,&quot;style&quot;:{&quot;width&quot;:&quot;&quot;,&quot;height&quot;:&quot;200px&quot;},&quot;uuid&quot;:&quot;28adb1dd24584a6a8e10aae6751a7b5e&quot;}]}],&quot;activityCode&quot;:&quot;279f5ff5eed24ab7a5fd1d92c66ff2ae&quot;}",`url`="",`components`="images,buttons,alerts,alerts,alerts,alerts",`uuser_id`=1,`status`=CASE WHEN `status` = 1 THEN 1 ELSE 3 END,`update_time`="2017-12-28 05:32:16" WHERE `id`="55" 
[2017-12-28 17:32:16.865] [DEBUG] database - SELECT count(*) as tmp_count FROM `act`
[2017-12-28 17:32:16.871] [DEBUG] database - SELECT * FROM `act`  order by `id` DESC LIMIT 0,15
[2017-12-28 17:32:27.129] [DEBUG] database - SELECT * FROM `act`  WHERE `id`=55 
[2017-12-28 17:33:10.203] [DEBUG] database - SELECT * FROM `act`  WHERE `id`=55 
[2017-12-28 17:33:35.648] [DEBUG] database - SELECT * FROM `act`  WHERE `id`=55 
[2017-12-28 17:34:02.340] [DEBUG] database - SHOW COLUMNS FROM `act`
[2017-12-28 17:34:02.355] [DEBUG] database - UPDATE `act` SET `name`=":name",`code`=":code",`activity_code`=":activity_code",`data`=":data",`url`=":url",`components`=":components",`uuser_id`=:uuser_id,`status`=:status,`update_time`=":update_time" WHERE `id`="55" 
[2017-12-28 17:34:02.356] [DEBUG] database - UPDATE `act` SET `name`="",`code`="",`activity_code`="279f5ff5eed24ab7a5fd1d92c66ff2ae",`data`="{&quot;title&quot;:&quot;简单借款&quot;,&quot;style&quot;:{&quot;background-color&quot;:&quot;&quot;,&quot;background-repeat&quot;:&quot;no-repeat&quot;,&quot;background-image&quot;:&quot;&quot;},&quot;components&quot;:[{&quot;name&quot;:&quot;images&quot;,&quot;image_path&quot;:[&quot;/temp/20171228105039/700-300的副本_1514429719781.png&quot;,&quot;/temp/20171228105039/700-300fgh_1514429783405.jpg&quot;]},{&quot;name&quot;:&quot;buttons&quot;,&quot;buttons&quot;:[{&quot;imageUrl&quot;:&quot;/temp/20171228173335/button_1514453633626.png&quot;,&quot;usages&quot;:[&quot;goApp&quot;,&quot;goAppIndex&quot;],&quot;href&quot;:&quot;&quot;,&quot;style&quot;:{&quot;width&quot;:&quot;&quot;,&quot;height&quot;:&quot;&quot;},&quot;uuid&quot;:&quot;4ab710f75d27428cab4440306095b8fb&quot;}],&quot;wrap&quot;:{&quot;style&quot;:{&quot;height&quot;:&quot;200px&quot;,&quot;background-image&quot;:&quot;&quot;,&quot;background-color&quot;:&quot;&quot;}}},{&quot;name&quot;:&quot;alerts&quot;,&quot;wrap&quot;:{&quot;style&quot;:{&quot;width&quot;:&quot;800px&quot;,&quot;height&quot;:&quot;&quot;,&quot;background-color&quot;:&quot;&quot;,&quot;background-image&quot;:&quot;/temp/20171228105039/alert_1514430174199.png&quot;}},&quot;contents&quot;:{&quot;image_path&quot;:[&quot;/temp/20171228105039/02_1514430201871.png&quot;]},&quot;buttons&quot;:[{&quot;imageUrl&quot;:&quot;/temp/20171228105039/gobutton_1514430230301.png&quot;,&quot;usages&quot;:[&quot;download&quot;],&quot;href&quot;:&quot;&quot;,&quot;style&quot;:{&quot;width&quot;:&quot;700px&quot;,&quot;height&quot;:&quot;&quot;},&quot;uuid&quot;:&quot;a6c8164f79654f2995613b07df55a68f&quot;}]},{&quot;name&quot;:&quot;alerts&quot;,&quot;wrap&quot;:{&quot;style&quot;:{&quot;width&quot;:&quot;&quot;,&quot;height&quot;:&quot;&quot;,&quot;background-color&quot;:&quot;&quot;,&quot;background-image&quot;:&quot;/temp/20171228105039/modal-bg3_1514430514427.png&quot;}},&quot;contents&quot;:{&quot;image_path&quot;:[&quot;/temp/20171228105039/03_1514430551645.png&quot;]},&quot;buttons&quot;:[{&quot;imageUrl&quot;:&quot;/temp/20171228105039/gonow_1514430969857.png&quot;,&quot;usages&quot;:[&quot;goOthers&quot;],&quot;href&quot;:&quot;http://www.baidu.com&quot;,&quot;style&quot;:{&quot;width&quot;:&quot;&quot;,&quot;height&quot;:&quot;&quot;},&quot;uuid&quot;:&quot;cf58220e48104454acfb4942b486f18a&quot;}]},{&quot;name&quot;:&quot;alerts&quot;,&quot;wrap&quot;:{&quot;style&quot;:{&quot;width&quot;:&quot;&quot;,&quot;height&quot;:&quot;&quot;,&quot;background-color&quot;:&quot;&quot;,&quot;background-image&quot;:&quot;/temp/20171228105039/dong_1514431027515.png&quot;}},&quot;contents&quot;:{&quot;image_path&quot;:[&quot;/temp/20171228105039/04_1514431041627.png&quot;]},&quot;buttons&quot;:[{&quot;imageUrl&quot;:&quot;/temp/20171228105039/gobutton_1514431064254.png&quot;,&quot;usages&quot;:[&quot;goBackEnd&quot;],&quot;href&quot;:&quot;&quot;,&quot;style&quot;:{&quot;width&quot;:&quot;&quot;,&quot;height&quot;:&quot;&quot;},&quot;uuid&quot;:&quot;8f71e1e267b74db2be0a0f89fc989654&quot;,&quot;responses&quot;:[{&quot;1001&quot;:&quot;this.handle&quot;}]}]},{&quot;name&quot;:&quot;alerts&quot;,&quot;wrap&quot;:{&quot;style&quot;:{&quot;width&quot;:&quot;&quot;,&quot;height&quot;:&quot;&quot;,&quot;background-color&quot;:&quot;&quot;,&quot;background-image&quot;:&quot;/temp/20171228105039/alert_1514431174493.png&quot;}},&quot;contents&quot;:{&quot;image_path&quot;:[&quot;/temp/20171228105039/egg_1514431183262.png&quot;]},&quot;buttons&quot;:[{&quot;imageUrl&quot;:&quot;/temp/20171228105039/chuizi_1514431223205.png&quot;,&quot;usages&quot;:[&quot;goAlerts&quot;],&quot;href&quot;:&quot;&quot;,&quot;style&quot;:{&quot;width&quot;:&quot;&quot;,&quot;height&quot;:&quot;200px&quot;},&quot;uuid&quot;:&quot;28adb1dd24584a6a8e10aae6751a7b5e&quot;}]}],&quot;activityCode&quot;:&quot;279f5ff5eed24ab7a5fd1d92c66ff2ae&quot;}",`url`="",`components`="images,buttons,alerts,alerts,alerts,alerts",`uuser_id`=1,`status`=CASE WHEN `status` = 1 THEN 1 ELSE 3 END,`update_time`="2017-12-28 05:34:02" WHERE `id`="55" 
[2017-12-28 17:34:02.646] [DEBUG] database - SELECT count(*) as tmp_count FROM `act`
[2017-12-28 17:34:02.651] [DEBUG] database - SELECT * FROM `act`  order by `id` DESC LIMIT 0,15
[2017-12-28 17:34:05.022] [DEBUG] database - SELECT * FROM `act`  WHERE `id`=55 
[2017-12-28 17:34:33.429] [DEBUG] database - SHOW COLUMNS FROM `act`
[2017-12-28 17:34:33.440] [DEBUG] database - UPDATE `act` SET `name`=":name",`code`=":code",`activity_code`=":activity_code",`data`=":data",`url`=":url",`components`=":components",`uuser_id`=:uuser_id,`status`=:status,`update_time`=":update_time" WHERE `id`="55" 
[2017-12-28 17:34:33.440] [DEBUG] database - UPDATE `act` SET `name`="",`code`="",`activity_code`="279f5ff5eed24ab7a5fd1d92c66ff2ae",`data`="{&quot;title&quot;:&quot;简单借款&quot;,&quot;style&quot;:{&quot;background-color&quot;:&quot;&quot;,&quot;background-repeat&quot;:&quot;no-repeat&quot;,&quot;background-image&quot;:&quot;&quot;},&quot;components&quot;:[{&quot;name&quot;:&quot;images&quot;,&quot;image_path&quot;:[&quot;/temp/20171228105039/700-300的副本_1514429719781.png&quot;,&quot;/temp/20171228105039/700-300fgh_1514429783405.jpg&quot;]},{&quot;name&quot;:&quot;buttons&quot;,&quot;buttons&quot;:[{&quot;imageUrl&quot;:&quot;&quot;,&quot;href&quot;:&quot;&quot;,&quot;style&quot;:{&quot;width&quot;:&quot;&quot;,&quot;height&quot;:&quot;&quot;},&quot;uuid&quot;:&quot;2824cc1d48d44b50bb1a1af8363adf87&quot;}],&quot;wrap&quot;:{&quot;style&quot;:{&quot;height&quot;:&quot;200px&quot;,&quot;background-image&quot;:&quot;&quot;,&quot;background-color&quot;:&quot;&quot;}}},{&quot;name&quot;:&quot;alerts&quot;,&quot;wrap&quot;:{&quot;style&quot;:{&quot;width&quot;:&quot;800px&quot;,&quot;height&quot;:&quot;&quot;,&quot;background-color&quot;:&quot;&quot;,&quot;background-image&quot;:&quot;/temp/20171228105039/alert_1514430174199.png&quot;}},&quot;contents&quot;:{&quot;image_path&quot;:[&quot;/temp/20171228105039/02_1514430201871.png&quot;]},&quot;buttons&quot;:[{&quot;imageUrl&quot;:&quot;/temp/20171228105039/gobutton_1514430230301.png&quot;,&quot;usages&quot;:[&quot;download&quot;],&quot;href&quot;:&quot;&quot;,&quot;style&quot;:{&quot;width&quot;:&quot;700px&quot;,&quot;height&quot;:&quot;&quot;},&quot;uuid&quot;:&quot;a6c8164f79654f2995613b07df55a68f&quot;}]},{&quot;name&quot;:&quot;alerts&quot;,&quot;wrap&quot;:{&quot;style&quot;:{&quot;width&quot;:&quot;&quot;,&quot;height&quot;:&quot;&quot;,&quot;background-color&quot;:&quot;&quot;,&quot;background-image&quot;:&quot;/temp/20171228105039/modal-bg3_1514430514427.png&quot;}},&quot;contents&quot;:{&quot;image_path&quot;:[&quot;/temp/20171228105039/03_1514430551645.png&quot;]},&quot;buttons&quot;:[{&quot;imageUrl&quot;:&quot;/temp/20171228105039/gonow_1514430969857.png&quot;,&quot;usages&quot;:[&quot;goOthers&quot;],&quot;href&quot;:&quot;http://www.baidu.com&quot;,&quot;style&quot;:{&quot;width&quot;:&quot;&quot;,&quot;height&quot;:&quot;&quot;},&quot;uuid&quot;:&quot;cf58220e48104454acfb4942b486f18a&quot;}]},{&quot;name&quot;:&quot;alerts&quot;,&quot;wrap&quot;:{&quot;style&quot;:{&quot;width&quot;:&quot;&quot;,&quot;height&quot;:&quot;&quot;,&quot;background-color&quot;:&quot;&quot;,&quot;background-image&quot;:&quot;/temp/20171228105039/dong_1514431027515.png&quot;}},&quot;contents&quot;:{&quot;image_path&quot;:[&quot;/temp/20171228105039/04_1514431041627.png&quot;]},&quot;buttons&quot;:[{&quot;imageUrl&quot;:&quot;/temp/20171228105039/gobutton_1514431064254.png&quot;,&quot;usages&quot;:[&quot;goBackEnd&quot;],&quot;href&quot;:&quot;&quot;,&quot;style&quot;:{&quot;width&quot;:&quot;&quot;,&quot;height&quot;:&quot;&quot;},&quot;uuid&quot;:&quot;8f71e1e267b74db2be0a0f89fc989654&quot;,&quot;responses&quot;:[{&quot;1001&quot;:&quot;this.handle&quot;}]}]},{&quot;name&quot;:&quot;alerts&quot;,&quot;wrap&quot;:{&quot;style&quot;:{&quot;width&quot;:&quot;&quot;,&quot;height&quot;:&quot;&quot;,&quot;background-color&quot;:&quot;&quot;,&quot;background-image&quot;:&quot;/temp/20171228105039/alert_1514431174493.png&quot;}},&quot;contents&quot;:{&quot;image_path&quot;:[&quot;/temp/20171228105039/egg_1514431183262.png&quot;]},&quot;buttons&quot;:[{&quot;imageUrl&quot;:&quot;/temp/20171228105039/chuizi_1514431223205.png&quot;,&quot;usages&quot;:[&quot;goBackEnd&quot;],&quot;href&quot;:&quot;&quot;,&quot;style&quot;:{&quot;width&quot;:&quot;&quot;,&quot;height&quot;:&quot;200px&quot;},&quot;uuid&quot;:&quot;28adb1dd24584a6a8e10aae6751a7b5e&quot;,&quot;responses&quot;:[{&quot;1002&quot;:&quot;this.handle&quot;},{&quot;1003&quot;:&quot;this.handle&quot;}]}]}],&quot;activityCode&quot;:&quot;279f5ff5eed24ab7a5fd1d92c66ff2ae&quot;}",`url`="",`components`="images,buttons,alerts,alerts,alerts,alerts",`uuser_id`=1,`status`=CASE WHEN `status` = 1 THEN 1 ELSE 3 END,`update_time`="2017-12-28 05:34:33" WHERE `id`="55" 
[2017-12-28 17:34:33.706] [DEBUG] database - SELECT * FROM `act`  order by `id` DESC LIMIT 0,15
[2017-12-28 17:34:33.706] [DEBUG] database - SELECT count(*) as tmp_count FROM `act`
[2017-12-28 17:34:35.652] [DEBUG] database - SELECT * FROM `act`  WHERE `id`=55 
[2017-12-28 17:34:52.433] [DEBUG] database - SELECT * FROM `act`  WHERE `id`=55 
[2017-12-28 17:36:33.824] [DEBUG] database - SELECT * FROM `act`  WHERE `id`=55 
[2017-12-28 17:37:51.493] [DEBUG] database - SELECT * FROM `act`  WHERE `id`=55 
[2017-12-28 17:39:01.192] [DEBUG] database - SELECT * FROM `act`  WHERE `id`=55 
[2017-12-28 17:41:55.437] [DEBUG] database - SELECT * FROM `act`  WHERE `id`=55 
[2017-12-28 17:42:06.434] [DEBUG] database - SELECT * FROM `act`  WHERE `id`=55 
[2017-12-28 17:43:41.532] [DEBUG] database - SELECT * FROM `act`  WHERE `id`=55 
[2017-12-28 17:44:45.179] [DEBUG] database - SELECT * FROM `act`  WHERE `id`=55 
[2017-12-28 17:48:35.628] [DEBUG] database - SHOW COLUMNS FROM `act`
[2017-12-28 17:48:35.638] [DEBUG] database - UPDATE `act` SET `name`=":name",`code`=":code",`activity_code`=":activity_code",`data`=":data",`url`=":url",`components`=":components",`uuser_id`=:uuser_id,`status`=:status,`update_time`=":update_time" WHERE `id`="55" 
[2017-12-28 17:48:35.638] [DEBUG] database - UPDATE `act` SET `name`="",`code`="",`activity_code`="279f5ff5eed24ab7a5fd1d92c66ff2ae",`data`="{&quot;title&quot;:&quot;简单借款&quot;,&quot;style&quot;:{&quot;background-color&quot;:&quot;&quot;,&quot;background-repeat&quot;:&quot;no-repeat&quot;,&quot;background-image&quot;:&quot;&quot;},&quot;components&quot;:[{&quot;name&quot;:&quot;images&quot;,&quot;image_path&quot;:[&quot;/temp/20171228105039/700-300的副本_1514429719781.png&quot;,&quot;/temp/20171228105039/700-300fgh_1514429783405.jpg&quot;]},{&quot;name&quot;:&quot;buttons&quot;,&quot;buttons&quot;:[{&quot;imageUrl&quot;:&quot;/temp/20171228174445/button_1514454503597.png&quot;,&quot;usages&quot;:[&quot;download&quot;],&quot;href&quot;:&quot;&quot;,&quot;style&quot;:{&quot;width&quot;:&quot;&quot;,&quot;height&quot;:&quot;&quot;},&quot;uuid&quot;:&quot;5cac681d4fc54004af1aac9309baec9a&quot;}],&quot;wrap&quot;:{&quot;style&quot;:{&quot;height&quot;:&quot;200px&quot;,&quot;background-image&quot;:&quot;&quot;,&quot;background-color&quot;:&quot;&quot;}}},{&quot;name&quot;:&quot;alerts&quot;,&quot;wrap&quot;:{&quot;style&quot;:{&quot;width&quot;:&quot;800px&quot;,&quot;height&quot;:&quot;&quot;,&quot;background-color&quot;:&quot;&quot;,&quot;background-image&quot;:&quot;/temp/20171228105039/alert_1514430174199.png&quot;}},&quot;contents&quot;:{&quot;image_path&quot;:[&quot;/temp/20171228105039/02_1514430201871.png&quot;]},&quot;buttons&quot;:[{&quot;imageUrl&quot;:&quot;/temp/20171228105039/gobutton_1514430230301.png&quot;,&quot;usages&quot;:[&quot;download&quot;],&quot;href&quot;:&quot;&quot;,&quot;style&quot;:{&quot;width&quot;:&quot;700px&quot;,&quot;height&quot;:&quot;&quot;},&quot;uuid&quot;:&quot;a6c8164f79654f2995613b07df55a68f&quot;}]},{&quot;name&quot;:&quot;alerts&quot;,&quot;wrap&quot;:{&quot;style&quot;:{&quot;width&quot;:&quot;&quot;,&quot;height&quot;:&quot;&quot;,&quot;background-color&quot;:&quot;&quot;,&quot;background-image&quot;:&quot;/temp/20171228105039/modal-bg3_1514430514427.png&quot;}},&quot;contents&quot;:{&quot;image_path&quot;:[&quot;/temp/20171228105039/03_1514430551645.png&quot;]},&quot;buttons&quot;:[{&quot;imageUrl&quot;:&quot;/temp/20171228105039/gonow_1514430969857.png&quot;,&quot;usages&quot;:[&quot;goOthers&quot;],&quot;href&quot;:&quot;http://www.baidu.com&quot;,&quot;style&quot;:{&quot;width&quot;:&quot;&quot;,&quot;height&quot;:&quot;&quot;},&quot;uuid&quot;:&quot;cf58220e48104454acfb4942b486f18a&quot;}]},{&quot;name&quot;:&quot;alerts&quot;,&quot;wrap&quot;:{&quot;style&quot;:{&quot;width&quot;:&quot;&quot;,&quot;height&quot;:&quot;&quot;,&quot;background-color&quot;:&quot;&quot;,&quot;background-image&quot;:&quot;/temp/20171228105039/dong_1514431027515.png&quot;}},&quot;contents&quot;:{&quot;image_path&quot;:[&quot;/temp/20171228105039/04_1514431041627.png&quot;]},&quot;buttons&quot;:[{&quot;imageUrl&quot;:&quot;/temp/20171228105039/gobutton_1514431064254.png&quot;,&quot;usages&quot;:[&quot;goBackEnd&quot;],&quot;href&quot;:&quot;&quot;,&quot;style&quot;:{&quot;width&quot;:&quot;&quot;,&quot;height&quot;:&quot;&quot;},&quot;uuid&quot;:&quot;8f71e1e267b74db2be0a0f89fc989654&quot;,&quot;responses&quot;:[{&quot;1001&quot;:&quot;this.handle&quot;}]}]},{&quot;name&quot;:&quot;alerts&quot;,&quot;wrap&quot;:{&quot;style&quot;:{&quot;width&quot;:&quot;&quot;,&quot;height&quot;:&quot;&quot;,&quot;background-color&quot;:&quot;&quot;,&quot;background-image&quot;:&quot;/temp/20171228105039/alert_1514431174493.png&quot;}},&quot;contents&quot;:{&quot;image_path&quot;:[&quot;/temp/20171228105039/egg_1514431183262.png&quot;]},&quot;buttons&quot;:[{&quot;imageUrl&quot;:&quot;/temp/20171228105039/chuizi_1514431223205.png&quot;,&quot;usages&quot;:[&quot;goBackEnd&quot;],&quot;href&quot;:&quot;&quot;,&quot;style&quot;:{&quot;width&quot;:&quot;&quot;,&quot;height&quot;:&quot;200px&quot;},&quot;uuid&quot;:&quot;28adb1dd24584a6a8e10aae6751a7b5e&quot;,&quot;responses&quot;:[{&quot;1002&quot;:&quot;this.handle&quot;},{&quot;1003&quot;:&quot;this.handle&quot;}]}]}],&quot;activityCode&quot;:&quot;279f5ff5eed24ab7a5fd1d92c66ff2ae&quot;}",`url`="",`components`="images,buttons,alerts,alerts,alerts,alerts",`uuser_id`=1,`status`=CASE WHEN `status` = 1 THEN 1 ELSE 3 END,`update_time`="2017-12-28 05:48:35" WHERE `id`="55" 
[2017-12-28 17:48:35.961] [DEBUG] database - SELECT count(*) as tmp_count FROM `act`
[2017-12-28 17:48:35.967] [DEBUG] database - SELECT * FROM `act`  order by `id` DESC LIMIT 0,15
[2017-12-28 17:48:38.977] [DEBUG] database - SELECT * FROM `act`  WHERE `id`=55 
[2017-12-28 17:48:56.279] [DEBUG] database - SHOW COLUMNS FROM `act`
[2017-12-28 17:48:56.291] [DEBUG] database - UPDATE `act` SET `name`=":name",`code`=":code",`activity_code`=":activity_code",`data`=":data",`url`=":url",`components`=":components",`uuser_id`=:uuser_id,`status`=:status,`update_time`=":update_time" WHERE `id`="55" 
[2017-12-28 17:48:56.291] [DEBUG] database - UPDATE `act` SET `name`="",`code`="",`activity_code`="279f5ff5eed24ab7a5fd1d92c66ff2ae",`data`="{&quot;title&quot;:&quot;简单借款&quot;,&quot;style&quot;:{&quot;background-color&quot;:&quot;&quot;,&quot;background-repeat&quot;:&quot;no-repeat&quot;,&quot;background-image&quot;:&quot;&quot;},&quot;components&quot;:[{&quot;name&quot;:&quot;images&quot;,&quot;image_path&quot;:[&quot;/temp/20171228105039/700-300的副本_1514429719781.png&quot;,&quot;/temp/20171228105039/700-300fgh_1514429783405.jpg&quot;]},{&quot;name&quot;:&quot;buttons&quot;,&quot;buttons&quot;:[{&quot;imageUrl&quot;:&quot;&quot;,&quot;href&quot;:&quot;&quot;,&quot;style&quot;:{&quot;width&quot;:&quot;&quot;,&quot;height&quot;:&quot;&quot;},&quot;uuid&quot;:&quot;39374b3206fc43978957483427d3f2fd&quot;}],&quot;wrap&quot;:{&quot;style&quot;:{&quot;height&quot;:&quot;200px&quot;,&quot;background-image&quot;:&quot;&quot;,&quot;background-color&quot;:&quot;&quot;}}},{&quot;name&quot;:&quot;alerts&quot;,&quot;wrap&quot;:{&quot;style&quot;:{&quot;width&quot;:&quot;800px&quot;,&quot;height&quot;:&quot;&quot;,&quot;background-color&quot;:&quot;&quot;,&quot;background-image&quot;:&quot;/temp/20171228105039/alert_1514430174199.png&quot;}},&quot;contents&quot;:{&quot;image_path&quot;:[&quot;/temp/20171228105039/02_1514430201871.png&quot;]},&quot;buttons&quot;:[{&quot;imageUrl&quot;:&quot;/temp/20171228105039/gobutton_1514430230301.png&quot;,&quot;usages&quot;:[&quot;download&quot;],&quot;href&quot;:&quot;&quot;,&quot;style&quot;:{&quot;width&quot;:&quot;700px&quot;,&quot;height&quot;:&quot;&quot;},&quot;uuid&quot;:&quot;a6c8164f79654f2995613b07df55a68f&quot;}]},{&quot;name&quot;:&quot;alerts&quot;,&quot;wrap&quot;:{&quot;style&quot;:{&quot;width&quot;:&quot;&quot;,&quot;height&quot;:&quot;&quot;,&quot;background-color&quot;:&quot;&quot;,&quot;background-image&quot;:&quot;/temp/20171228105039/modal-bg3_1514430514427.png&quot;}},&quot;contents&quot;:{&quot;image_path&quot;:[&quot;/temp/20171228105039/03_1514430551645.png&quot;]},&quot;buttons&quot;:[{&quot;imageUrl&quot;:&quot;/temp/20171228105039/gonow_1514430969857.png&quot;,&quot;usages&quot;:[&quot;goOthers&quot;],&quot;href&quot;:&quot;http://www.baidu.com&quot;,&quot;style&quot;:{&quot;width&quot;:&quot;&quot;,&quot;height&quot;:&quot;&quot;},&quot;uuid&quot;:&quot;cf58220e48104454acfb4942b486f18a&quot;}]},{&quot;name&quot;:&quot;alerts&quot;,&quot;wrap&quot;:{&quot;style&quot;:{&quot;width&quot;:&quot;&quot;,&quot;height&quot;:&quot;&quot;,&quot;background-color&quot;:&quot;&quot;,&quot;background-image&quot;:&quot;/temp/20171228105039/dong_1514431027515.png&quot;}},&quot;contents&quot;:{&quot;image_path&quot;:[&quot;/temp/20171228105039/04_1514431041627.png&quot;]},&quot;buttons&quot;:[{&quot;imageUrl&quot;:&quot;/temp/20171228105039/gobutton_1514431064254.png&quot;,&quot;usages&quot;:[&quot;goBackEnd&quot;],&quot;href&quot;:&quot;&quot;,&quot;style&quot;:{&quot;width&quot;:&quot;&quot;,&quot;height&quot;:&quot;&quot;},&quot;uuid&quot;:&quot;8f71e1e267b74db2be0a0f89fc989654&quot;,&quot;responses&quot;:[{&quot;1001&quot;:&quot;this.handle&quot;}]}]},{&quot;name&quot;:&quot;alerts&quot;,&quot;wrap&quot;:{&quot;style&quot;:{&quot;width&quot;:&quot;&quot;,&quot;height&quot;:&quot;&quot;,&quot;background-color&quot;:&quot;&quot;,&quot;background-image&quot;:&quot;/temp/20171228105039/alert_1514431174493.png&quot;}},&quot;contents&quot;:{&quot;image_path&quot;:[&quot;/temp/20171228105039/egg_1514431183262.png&quot;]},&quot;buttons&quot;:[{&quot;imageUrl&quot;:&quot;/temp/20171228105039/chuizi_1514431223205.png&quot;,&quot;usages&quot;:[&quot;goBackEnd&quot;],&quot;href&quot;:&quot;&quot;,&quot;style&quot;:{&quot;width&quot;:&quot;&quot;,&quot;height&quot;:&quot;200px&quot;},&quot;uuid&quot;:&quot;28adb1dd24584a6a8e10aae6751a7b5e&quot;,&quot;responses&quot;:[{&quot;1002&quot;:&quot;this.handle&quot;},{&quot;1003&quot;:&quot;this.handle&quot;}]}]}],&quot;activityCode&quot;:&quot;279f5ff5eed24ab7a5fd1d92c66ff2ae&quot;}",`url`="",`components`="images,buttons,alerts,alerts,alerts,alerts",`uuser_id`=1,`status`=CASE WHEN `status` = 1 THEN 1 ELSE 3 END,`update_time`="2017-12-28 05:48:56" WHERE `id`="55" 
[2017-12-28 17:48:56.548] [DEBUG] database - SELECT * FROM `act`  order by `id` DESC LIMIT 0,15
[2017-12-28 17:48:56.549] [DEBUG] database - SELECT count(*) as tmp_count FROM `act`
[2017-12-28 17:48:58.998] [DEBUG] database - SELECT * FROM `act`  WHERE `id`=55 
[2017-12-28 17:49:52.215] [DEBUG] database - SHOW COLUMNS FROM `act`
[2017-12-28 17:49:52.227] [DEBUG] database - UPDATE `act` SET `name`=":name",`code`=":code",`activity_code`=":activity_code",`data`=":data",`url`=":url",`components`=":components",`uuser_id`=:uuser_id,`status`=:status,`update_time`=":update_time" WHERE `id`="55" 
[2017-12-28 17:49:52.228] [DEBUG] database - UPDATE `act` SET `name`="",`code`="",`activity_code`="279f5ff5eed24ab7a5fd1d92c66ff2ae",`data`="{&quot;title&quot;:&quot;简单借款&quot;,&quot;style&quot;:{&quot;background-color&quot;:&quot;&quot;,&quot;background-repeat&quot;:&quot;no-repeat&quot;,&quot;background-image&quot;:&quot;&quot;},&quot;components&quot;:[{&quot;name&quot;:&quot;images&quot;,&quot;image_path&quot;:[&quot;/temp/20171228105039/700-300的副本_1514429719781.png&quot;,&quot;/temp/20171228105039/700-300fgh_1514429783405.jpg&quot;]},{&quot;name&quot;:&quot;buttons&quot;,&quot;buttons&quot;:[{&quot;imageUrl&quot;:&quot;/temp/20171228174859/button_1514454583607.png&quot;,&quot;usages&quot;:[&quot;download&quot;],&quot;href&quot;:&quot;&quot;,&quot;style&quot;:{&quot;width&quot;:&quot;&quot;,&quot;height&quot;:&quot;&quot;},&quot;uuid&quot;:&quot;f6168410a4b4499f851615ad5427ce2e&quot;}],&quot;wrap&quot;:{&quot;style&quot;:{&quot;height&quot;:&quot;200px&quot;,&quot;background-image&quot;:&quot;&quot;,&quot;background-color&quot;:&quot;&quot;}}},{&quot;name&quot;:&quot;alerts&quot;,&quot;wrap&quot;:{&quot;style&quot;:{&quot;width&quot;:&quot;800px&quot;,&quot;height&quot;:&quot;&quot;,&quot;background-color&quot;:&quot;&quot;,&quot;background-image&quot;:&quot;/temp/20171228105039/alert_1514430174199.png&quot;}},&quot;contents&quot;:{&quot;image_path&quot;:[&quot;/temp/20171228105039/02_1514430201871.png&quot;]},&quot;buttons&quot;:[{&quot;imageUrl&quot;:&quot;/temp/20171228105039/gobutton_1514430230301.png&quot;,&quot;usages&quot;:[&quot;download&quot;],&quot;href&quot;:&quot;&quot;,&quot;style&quot;:{&quot;width&quot;:&quot;700px&quot;,&quot;height&quot;:&quot;&quot;},&quot;uuid&quot;:&quot;a6c8164f79654f2995613b07df55a68f&quot;}]},{&quot;name&quot;:&quot;alerts&quot;,&quot;wrap&quot;:{&quot;style&quot;:{&quot;width&quot;:&quot;&quot;,&quot;height&quot;:&quot;&quot;,&quot;background-color&quot;:&quot;&quot;,&quot;background-image&quot;:&quot;/temp/20171228105039/modal-bg3_1514430514427.png&quot;}},&quot;contents&quot;:{&quot;image_path&quot;:[&quot;/temp/20171228105039/03_1514430551645.png&quot;]},&quot;buttons&quot;:[{&quot;imageUrl&quot;:&quot;/temp/20171228105039/gonow_1514430969857.png&quot;,&quot;usages&quot;:[&quot;goOthers&quot;],&quot;href&quot;:&quot;http://www.baidu.com&quot;,&quot;style&quot;:{&quot;width&quot;:&quot;&quot;,&quot;height&quot;:&quot;&quot;},&quot;uuid&quot;:&quot;cf58220e48104454acfb4942b486f18a&quot;}]},{&quot;name&quot;:&quot;alerts&quot;,&quot;wrap&quot;:{&quot;style&quot;:{&quot;width&quot;:&quot;&quot;,&quot;height&quot;:&quot;&quot;,&quot;background-color&quot;:&quot;&quot;,&quot;background-image&quot;:&quot;/temp/20171228105039/dong_1514431027515.png&quot;}},&quot;contents&quot;:{&quot;image_path&quot;:[&quot;/temp/20171228105039/04_1514431041627.png&quot;]},&quot;buttons&quot;:[{&quot;imageUrl&quot;:&quot;/temp/20171228105039/gobutton_1514431064254.png&quot;,&quot;usages&quot;:[&quot;goBackEnd&quot;],&quot;href&quot;:&quot;&quot;,&quot;style&quot;:{&quot;width&quot;:&quot;&quot;,&quot;height&quot;:&quot;&quot;},&quot;uuid&quot;:&quot;8f71e1e267b74db2be0a0f89fc989654&quot;,&quot;responses&quot;:[{&quot;1001&quot;:&quot;this.handle&quot;}]}]},{&quot;name&quot;:&quot;alerts&quot;,&quot;wrap&quot;:{&quot;style&quot;:{&quot;width&quot;:&quot;&quot;,&quot;height&quot;:&quot;&quot;,&quot;background-color&quot;:&quot;&quot;,&quot;background-image&quot;:&quot;/temp/20171228105039/alert_1514431174493.png&quot;}},&quot;contents&quot;:{&quot;image_path&quot;:[&quot;/temp/20171228105039/egg_1514431183262.png&quot;]},&quot;buttons&quot;:[{&quot;imageUrl&quot;:&quot;/temp/20171228105039/chuizi_1514431223205.png&quot;,&quot;usages&quot;:[&quot;goBackEnd&quot;],&quot;href&quot;:&quot;&quot;,&quot;style&quot;:{&quot;width&quot;:&quot;&quot;,&quot;height&quot;:&quot;200px&quot;},&quot;uuid&quot;:&quot;28adb1dd24584a6a8e10aae6751a7b5e&quot;,&quot;responses&quot;:[{&quot;1002&quot;:&quot;this.handle&quot;},{&quot;1003&quot;:&quot;this.handle&quot;}]}]}],&quot;activityCode&quot;:&quot;279f5ff5eed24ab7a5fd1d92c66ff2ae&quot;}",`url`="",`components`="images,buttons,alerts,alerts,alerts,alerts",`uuser_id`=1,`status`=CASE WHEN `status` = 1 THEN 1 ELSE 3 END,`update_time`="2017-12-28 05:49:52" WHERE `id`="55" 
[2017-12-28 17:49:52.483] [DEBUG] database - SELECT count(*) as tmp_count FROM `act`
[2017-12-28 17:49:52.493] [DEBUG] database - SELECT * FROM `act`  order by `id` DESC LIMIT 0,15
[2017-12-28 17:49:54.670] [DEBUG] database - SELECT * FROM `act`  WHERE `id`=55 
[2017-12-28 17:51:29.643] [DEBUG] database - SELECT count(*) as tmp_count FROM `act`
[2017-12-28 17:51:29.644] [DEBUG] database - SELECT * FROM `act`  order by `id` DESC LIMIT 0,15
[2017-12-28 17:51:31.183] [DEBUG] database - SELECT * FROM `act`  WHERE `id`=55 
[2017-12-28 17:55:24.314] [DEBUG] database - SELECT count(*) as tmp_count FROM `act`
[2017-12-28 17:55:24.315] [DEBUG] database - SELECT * FROM `act`  order by `id` DESC LIMIT 0,15
[2017-12-28 17:55:27.232] [DEBUG] database - SELECT count(*) as tmp_count FROM `act_tpl`
[2017-12-28 17:55:27.237] [DEBUG] database - SELECT * FROM `act_tpl`  order by `id` DESC LIMIT 0,15
[2017-12-28 17:55:34.759] [DEBUG] database - SELECT * FROM `act_tpl`  WHERE `id`=23 
[2017-12-28 17:55:41.554] [DEBUG] database - SELECT count(*) as tmp_count FROM `act_tpl`
[2017-12-28 17:55:41.555] [DEBUG] database - SELECT * FROM `act_tpl`  order by `id` DESC LIMIT 0,15
[2017-12-28 17:55:43.877] [DEBUG] database - SELECT * FROM `act_tpl`  WHERE `id`=23 
[2017-12-28 17:55:46.544] [DEBUG] database - SHOW COLUMNS FROM `act_tpl`
[2017-12-28 17:55:46.559] [DEBUG] database - UPDATE `act_tpl` SET `name`=":name",`code`=":code",`cover`=":cover",`parts`=":parts",`desc`=":desc",`update_time`=":update_time" WHERE `id`=23 
[2017-12-28 17:55:46.560] [DEBUG] database - UPDATE `act_tpl` SET `name`="button测试",`code`="btn",`cover`="true",`parts`="buttons",`desc`="",`update_time`="2017-12-28 05:55:46" WHERE `id`=23 
[2017-12-28 17:55:46.841] [DEBUG] database - SELECT count(*) as tmp_count FROM `act_tpl`
[2017-12-28 17:55:46.877] [DEBUG] database - SELECT * FROM `act_tpl`  order by `id` DESC LIMIT 0,15
[2017-12-28 17:55:50.999] [DEBUG] database - SELECT * FROM `act_tpl`  WHERE `id`=23 
[2017-12-28 17:56:21.479] [DEBUG] database - SELECT * FROM `act_tpl`  WHERE `id`=23 
[2017-12-28 17:56:55.845] [DEBUG] database - SELECT * FROM `act_tpl`  WHERE `id`=23 
[2017-12-28 17:57:08.774] [DEBUG] database - SELECT * FROM `act_tpl`  WHERE `id`=23 
[2017-12-28 17:58:56.060] [DEBUG] database - SELECT * FROM `act_tpl`  WHERE `id`=23 
[2017-12-28 17:59:22.220] [DEBUG] database - SELECT * FROM `act_tpl`  WHERE `id`=23 
[2017-12-28 18:00:04.464] [DEBUG] database - SELECT * FROM `act_tpl`  WHERE `id`=23 
[2017-12-28 18:00:08.864] [DEBUG] database - SELECT * FROM `act_tpl`  WHERE `id`=23 
[2017-12-28 18:01:19.455] [DEBUG] database - SELECT * FROM `act_tpl`  WHERE `id`=23 
[2017-12-28 18:02:02.577] [DEBUG] database - SELECT * FROM `act_tpl`  WHERE `id`=23 
[2017-12-28 18:02:38.440] [DEBUG] database - SELECT * FROM `act_tpl`  WHERE `id`=23 
[2017-12-28 18:04:46.974] [DEBUG] database - SELECT * FROM `act_tpl`  WHERE `id`=23 
[2017-12-28 18:06:46.718] [DEBUG] database - SELECT * FROM `act_tpl`  WHERE `id`=23 
[2017-12-28 18:08:16.537] [DEBUG] database - SELECT * FROM `act_tpl`  WHERE `id`=23 
[2017-12-28 18:08:34.369] [DEBUG] database - SELECT * FROM `act_tpl`  WHERE `id`=23 
[2017-12-28 18:09:45.973] [DEBUG] database - SELECT * FROM `act_tpl`  WHERE `id`=23 
[2017-12-28 18:12:13.257] [DEBUG] database - SELECT * FROM `act_tpl`  WHERE `id`=23 
[2017-12-28 18:12:54.289] [DEBUG] database - SELECT * FROM `act_tpl`  WHERE `id`=23 
[2017-12-28 18:13:02.775] [DEBUG] database - SELECT * FROM `act_tpl`  WHERE `id`=23 
[2017-12-28 18:14:12.185] [DEBUG] database - SHOW COLUMNS FROM `act`
[2017-12-28 18:14:12.223] [DEBUG] database - INSERT INTO `act` (`name`,`code`,`activity_code`,`url`,`data`,`status`,`components`,`user_id`,`create_time`) VALUES (":name",":code",":activity_code",":url",":data",:status,":components",:user_id,":create_time")
[2017-12-28 18:14:12.224] [DEBUG] database - INSERT INTO `act` (`name`,`code`,`activity_code`,`url`,`data`,`status`,`components`,`user_id`,`create_time`) VALUES ("","","d7d06eed0f51455b9cf223d843dcd879","","{&quot;title&quot;:&quot;简单借款&quot;,&quot;style&quot;:{&quot;background-color&quot;:&quot;&quot;,&quot;background-repeat&quot;:&quot;no-repeat&quot;,&quot;background-image&quot;:&quot;&quot;},&quot;components&quot;:[{&quot;name&quot;:&quot;buttons&quot;,&quot;buttons&quot;:[{&quot;imageUrl&quot;:&quot;/temp/20171228181302/button_1514455996241.png&quot;,&quot;usages&quot;:[&quot;download&quot;],&quot;href&quot;:&quot;&quot;,&quot;style&quot;:{&quot;width&quot;:&quot;600px&quot;,&quot;height&quot;:&quot;200px&quot;},&quot;responses&quot;:[],&quot;uuid&quot;:&quot;b55fd40c21434fa19e045f6330e4b537&quot;}],&quot;wrap&quot;:{&quot;style&quot;:{&quot;height&quot;:&quot;300px&quot;,&quot;background-image&quot;:&quot;/temp/20171228181302/bg_1514456044896.png&quot;,&quot;background-color&quot;:&quot;#eee&quot;}}}],&quot;activityCode&quot;:&quot;d7d06eed0f51455b9cf223d843dcd879&quot;}",1,"buttons",1,"2017-12-28 06:14:12")
[2017-12-28 18:14:12.523] [DEBUG] database - SELECT count(*) as tmp_count FROM `act`
[2017-12-28 18:14:12.526] [DEBUG] database - SELECT * FROM `act`  order by `id` DESC LIMIT 0,15
[2017-12-28 18:14:14.256] [DEBUG] database - SELECT * FROM `act`  WHERE `id`=56 
[2017-12-28 18:14:24.958] [DEBUG] database - SHOW COLUMNS FROM `act`
[2017-12-28 18:14:24.972] [DEBUG] database - UPDATE `act` SET `name`=":name",`code`=":code",`activity_code`=":activity_code",`data`=":data",`url`=":url",`components`=":components",`uuser_id`=:uuser_id,`status`=:status,`update_time`=":update_time" WHERE `id`="56" 
[2017-12-28 18:14:24.975] [DEBUG] database - UPDATE `act` SET `name`="",`code`="",`activity_code`="d7d06eed0f51455b9cf223d843dcd879",`data`="{&quot;title&quot;:&quot;简单借款&quot;,&quot;style&quot;:{&quot;background-color&quot;:&quot;&quot;,&quot;background-repeat&quot;:&quot;no-repeat&quot;,&quot;background-image&quot;:&quot;&quot;},&quot;components&quot;:[{&quot;name&quot;:&quot;buttons&quot;,&quot;buttons&quot;:[{&quot;imageUrl&quot;:&quot;/temp/20171228181302/button_1514455996241.png&quot;,&quot;usages&quot;:[&quot;download&quot;],&quot;href&quot;:&quot;&quot;,&quot;style&quot;:{&quot;width&quot;:&quot;600px&quot;,&quot;height&quot;:&quot;200px&quot;},&quot;uuid&quot;:&quot;b55fd40c21434fa19e045f6330e4b537&quot;}],&quot;wrap&quot;:{&quot;style&quot;:{&quot;height&quot;:&quot;300px&quot;,&quot;background-image&quot;:&quot;/temp/20171228181302/bg_1514456044896.png&quot;,&quot;background-color&quot;:&quot;#eee&quot;}}}],&quot;activityCode&quot;:&quot;d7d06eed0f51455b9cf223d843dcd879&quot;}",`url`="",`components`="buttons",`uuser_id`=1,`status`=CASE WHEN `status` = 1 THEN 1 ELSE 3 END,`update_time`="2017-12-28 06:14:24" WHERE `id`="56" 
[2017-12-28 18:14:25.267] [DEBUG] database - SELECT * FROM `act`  order by `id` DESC LIMIT 0,15
[2017-12-28 18:14:25.267] [DEBUG] database - SELECT count(*) as tmp_count FROM `act`
[2017-12-28 18:14:28.120] [DEBUG] database - SELECT * FROM `act`  WHERE `id`=56 
[2017-12-28 18:14:39.163] [DEBUG] database - SELECT count(*) as tmp_count FROM `act`
[2017-12-28 18:14:39.163] [DEBUG] database - SELECT * FROM `act`  order by `id` DESC LIMIT 0,15
[2017-12-28 18:14:40.978] [DEBUG] database - SELECT * FROM `act`  WHERE `id`=55 
[2017-12-28 18:14:47.595] [DEBUG] database - SHOW COLUMNS FROM `act`
[2017-12-28 18:14:47.609] [DEBUG] database - UPDATE `act` SET `name`=":name",`code`=":code",`activity_code`=":activity_code",`data`=":data",`url`=":url",`components`=":components",`uuser_id`=:uuser_id,`status`=:status,`update_time`=":update_time" WHERE `id`="55" 
[2017-12-28 18:14:47.609] [DEBUG] database - UPDATE `act` SET `name`="",`code`="",`activity_code`="279f5ff5eed24ab7a5fd1d92c66ff2ae",`data`="{&quot;title&quot;:&quot;简单借款&quot;,&quot;style&quot;:{&quot;background-color&quot;:&quot;&quot;,&quot;background-repeat&quot;:&quot;no-repeat&quot;,&quot;background-image&quot;:&quot;&quot;},&quot;components&quot;:[{&quot;name&quot;:&quot;images&quot;,&quot;image_path&quot;:[&quot;/temp/20171228105039/700-300的副本_1514429719781.png&quot;,&quot;/temp/20171228105039/700-300fgh_1514429783405.jpg&quot;]},{&quot;name&quot;:&quot;buttons&quot;,&quot;buttons&quot;:[{&quot;imageUrl&quot;:&quot;/temp/20171228174859/button_1514454583607.png&quot;,&quot;usages&quot;:[&quot;download&quot;],&quot;href&quot;:&quot;&quot;,&quot;style&quot;:{&quot;width&quot;:&quot;&quot;,&quot;height&quot;:&quot;&quot;},&quot;uuid&quot;:&quot;f6168410a4b4499f851615ad5427ce2e&quot;}],&quot;wrap&quot;:{&quot;style&quot;:{&quot;height&quot;:&quot;200px&quot;,&quot;background-image&quot;:&quot;&quot;,&quot;background-color&quot;:&quot;&quot;}}},{&quot;name&quot;:&quot;alerts&quot;,&quot;wrap&quot;:{&quot;style&quot;:{&quot;width&quot;:&quot;800px&quot;,&quot;height&quot;:&quot;&quot;,&quot;background-color&quot;:&quot;&quot;,&quot;background-image&quot;:&quot;/temp/20171228105039/alert_1514430174199.png&quot;}},&quot;contents&quot;:{&quot;image_path&quot;:[&quot;/temp/20171228105039/02_1514430201871.png&quot;]},&quot;buttons&quot;:[{&quot;imageUrl&quot;:&quot;/temp/20171228105039/gobutton_1514430230301.png&quot;,&quot;usages&quot;:[&quot;download&quot;],&quot;href&quot;:&quot;&quot;,&quot;style&quot;:{&quot;width&quot;:&quot;700px&quot;,&quot;height&quot;:&quot;&quot;},&quot;uuid&quot;:&quot;a6c8164f79654f2995613b07df55a68f&quot;}]},{&quot;name&quot;:&quot;alerts&quot;,&quot;wrap&quot;:{&quot;style&quot;:{&quot;width&quot;:&quot;&quot;,&quot;height&quot;:&quot;&quot;,&quot;background-color&quot;:&quot;&quot;,&quot;background-image&quot;:&quot;/temp/20171228105039/modal-bg3_1514430514427.png&quot;}},&quot;contents&quot;:{&quot;image_path&quot;:[&quot;/temp/20171228105039/03_1514430551645.png&quot;]},&quot;buttons&quot;:[{&quot;imageUrl&quot;:&quot;/temp/20171228105039/gonow_1514430969857.png&quot;,&quot;usages&quot;:[&quot;goOthers&quot;],&quot;href&quot;:&quot;http://www.baidu.com&quot;,&quot;style&quot;:{&quot;width&quot;:&quot;&quot;,&quot;height&quot;:&quot;&quot;},&quot;uuid&quot;:&quot;cf58220e48104454acfb4942b486f18a&quot;}]},{&quot;name&quot;:&quot;alerts&quot;,&quot;wrap&quot;:{&quot;style&quot;:{&quot;width&quot;:&quot;&quot;,&quot;height&quot;:&quot;&quot;,&quot;background-color&quot;:&quot;&quot;,&quot;background-image&quot;:&quot;/temp/20171228105039/dong_1514431027515.png&quot;}},&quot;contents&quot;:{&quot;image_path&quot;:[&quot;/temp/20171228105039/04_1514431041627.png&quot;]},&quot;buttons&quot;:[{&quot;imageUrl&quot;:&quot;/temp/20171228105039/gobutton_1514431064254.png&quot;,&quot;usages&quot;:[&quot;goBackEnd&quot;],&quot;href&quot;:&quot;&quot;,&quot;style&quot;:{&quot;width&quot;:&quot;&quot;,&quot;height&quot;:&quot;&quot;},&quot;uuid&quot;:&quot;8f71e1e267b74db2be0a0f89fc989654&quot;,&quot;responses&quot;:[{&quot;1001&quot;:&quot;this.handle&quot;}]}]},{&quot;name&quot;:&quot;alerts&quot;,&quot;wrap&quot;:{&quot;style&quot;:{&quot;width&quot;:&quot;&quot;,&quot;height&quot;:&quot;&quot;,&quot;background-color&quot;:&quot;&quot;,&quot;background-image&quot;:&quot;/temp/20171228105039/alert_1514431174493.png&quot;}},&quot;contents&quot;:{&quot;image_path&quot;:[&quot;/temp/20171228105039/egg_1514431183262.png&quot;]},&quot;buttons&quot;:[{&quot;imageUrl&quot;:&quot;/temp/20171228105039/chuizi_1514431223205.png&quot;,&quot;usages&quot;:[&quot;goBackEnd&quot;],&quot;href&quot;:&quot;&quot;,&quot;style&quot;:{&quot;width&quot;:&quot;&quot;,&quot;height&quot;:&quot;200px&quot;},&quot;uuid&quot;:&quot;28adb1dd24584a6a8e10aae6751a7b5e&quot;,&quot;responses&quot;:[{&quot;1002&quot;:&quot;this.handle&quot;},{&quot;1003&quot;:&quot;this.handle&quot;}]}]}],&quot;activityCode&quot;:&quot;279f5ff5eed24ab7a5fd1d92c66ff2ae&quot;}",`url`="",`components`="images,buttons,alerts,alerts,alerts,alerts",`uuser_id`=1,`status`=CASE WHEN `status` = 1 THEN 1 ELSE 3 END,`update_time`="2017-12-28 06:14:47" WHERE `id`="55" 
[2017-12-28 18:14:47.876] [DEBUG] database - SELECT * FROM `act`  order by `id` DESC LIMIT 0,15
[2017-12-28 18:14:47.877] [DEBUG] database - SELECT count(*) as tmp_count FROM `act`
[2017-12-28 18:14:49.757] [DEBUG] database - SELECT * FROM `act`  WHERE `id`=55 
[2017-12-28 18:15:21.106] [DEBUG] database - SHOW COLUMNS FROM `act`
[2017-12-28 18:15:21.116] [DEBUG] database - UPDATE `act` SET `name`=":name",`code`=":code",`activity_code`=":activity_code",`data`=":data",`url`=":url",`components`=":components",`uuser_id`=:uuser_id,`status`=:status,`update_time`=":update_time" WHERE `id`="55" 
[2017-12-28 18:15:21.117] [DEBUG] database - UPDATE `act` SET `name`="",`code`="",`activity_code`="279f5ff5eed24ab7a5fd1d92c66ff2ae",`data`="{&quot;title&quot;:&quot;简单借款&quot;,&quot;style&quot;:{&quot;background-color&quot;:&quot;&quot;,&quot;background-repeat&quot;:&quot;no-repeat&quot;,&quot;background-image&quot;:&quot;&quot;},&quot;components&quot;:[{&quot;name&quot;:&quot;images&quot;,&quot;image_path&quot;:[&quot;/temp/20171228105039/700-300的副本_1514429719781.png&quot;,&quot;/temp/20171228105039/700-300fgh_1514429783405.jpg&quot;]},{&quot;name&quot;:&quot;buttons&quot;,&quot;buttons&quot;:[{&quot;imageUrl&quot;:&quot;/temp/20171228174859/button_1514454583607.png&quot;,&quot;usages&quot;:[&quot;download&quot;],&quot;href&quot;:&quot;&quot;,&quot;style&quot;:{&quot;width&quot;:&quot;800px&quot;,&quot;height&quot;:&quot;200px&quot;},&quot;uuid&quot;:&quot;f6168410a4b4499f851615ad5427ce2e&quot;}],&quot;wrap&quot;:{&quot;style&quot;:{&quot;height&quot;:&quot;500px&quot;,&quot;background-image&quot;:&quot;/temp/20171228181449/bg_1514456097246.png&quot;,&quot;background-color&quot;:&quot;&quot;}}},{&quot;name&quot;:&quot;alerts&quot;,&quot;wrap&quot;:{&quot;style&quot;:{&quot;width&quot;:&quot;800px&quot;,&quot;height&quot;:&quot;&quot;,&quot;background-color&quot;:&quot;&quot;,&quot;background-image&quot;:&quot;/temp/20171228105039/alert_1514430174199.png&quot;}},&quot;contents&quot;:{&quot;image_path&quot;:[&quot;/temp/20171228105039/02_1514430201871.png&quot;]},&quot;buttons&quot;:[{&quot;imageUrl&quot;:&quot;/temp/20171228105039/gobutton_1514430230301.png&quot;,&quot;usages&quot;:[&quot;download&quot;],&quot;href&quot;:&quot;&quot;,&quot;style&quot;:{&quot;width&quot;:&quot;700px&quot;,&quot;height&quot;:&quot;&quot;},&quot;uuid&quot;:&quot;a6c8164f79654f2995613b07df55a68f&quot;}]},{&quot;name&quot;:&quot;alerts&quot;,&quot;wrap&quot;:{&quot;style&quot;:{&quot;width&quot;:&quot;&quot;,&quot;height&quot;:&quot;&quot;,&quot;background-color&quot;:&quot;&quot;,&quot;background-image&quot;:&quot;/temp/20171228105039/modal-bg3_1514430514427.png&quot;}},&quot;contents&quot;:{&quot;image_path&quot;:[&quot;/temp/20171228105039/03_1514430551645.png&quot;]},&quot;buttons&quot;:[{&quot;imageUrl&quot;:&quot;/temp/20171228105039/gonow_1514430969857.png&quot;,&quot;usages&quot;:[&quot;goOthers&quot;],&quot;href&quot;:&quot;http://www.baidu.com&quot;,&quot;style&quot;:{&quot;width&quot;:&quot;&quot;,&quot;height&quot;:&quot;&quot;},&quot;uuid&quot;:&quot;cf58220e48104454acfb4942b486f18a&quot;}]},{&quot;name&quot;:&quot;alerts&quot;,&quot;wrap&quot;:{&quot;style&quot;:{&quot;width&quot;:&quot;&quot;,&quot;height&quot;:&quot;&quot;,&quot;background-color&quot;:&quot;&quot;,&quot;background-image&quot;:&quot;/temp/20171228105039/dong_1514431027515.png&quot;}},&quot;contents&quot;:{&quot;image_path&quot;:[&quot;/temp/20171228105039/04_1514431041627.png&quot;]},&quot;buttons&quot;:[{&quot;imageUrl&quot;:&quot;/temp/20171228105039/gobutton_1514431064254.png&quot;,&quot;usages&quot;:[&quot;goBackEnd&quot;],&quot;href&quot;:&quot;&quot;,&quot;style&quot;:{&quot;width&quot;:&quot;&quot;,&quot;height&quot;:&quot;&quot;},&quot;uuid&quot;:&quot;8f71e1e267b74db2be0a0f89fc989654&quot;,&quot;responses&quot;:[{&quot;1001&quot;:&quot;this.handle&quot;}]}]},{&quot;name&quot;:&quot;alerts&quot;,&quot;wrap&quot;:{&quot;style&quot;:{&quot;width&quot;:&quot;&quot;,&quot;height&quot;:&quot;&quot;,&quot;background-color&quot;:&quot;&quot;,&quot;background-image&quot;:&quot;/temp/20171228105039/alert_1514431174493.png&quot;}},&quot;contents&quot;:{&quot;image_path&quot;:[&quot;/temp/20171228105039/egg_1514431183262.png&quot;]},&quot;buttons&quot;:[{&quot;imageUrl&quot;:&quot;/temp/20171228105039/chuizi_1514431223205.png&quot;,&quot;usages&quot;:[&quot;goBackEnd&quot;],&quot;href&quot;:&quot;&quot;,&quot;style&quot;:{&quot;width&quot;:&quot;&quot;,&quot;height&quot;:&quot;200px&quot;},&quot;uuid&quot;:&quot;28adb1dd24584a6a8e10aae6751a7b5e&quot;,&quot;responses&quot;:[{&quot;1002&quot;:&quot;this.handle&quot;},{&quot;1003&quot;:&quot;this.handle&quot;}]}]}],&quot;activityCode&quot;:&quot;279f5ff5eed24ab7a5fd1d92c66ff2ae&quot;}",`url`="",`components`="images,buttons,alerts,alerts,alerts,alerts",`uuser_id`=1,`status`=CASE WHEN `status` = 1 THEN 1 ELSE 3 END,`update_time`="2017-12-28 06:15:21" WHERE `id`="55" 
[2017-12-28 18:15:21.396] [DEBUG] database - SELECT * FROM `act`  order by `id` DESC LIMIT 0,15
[2017-12-28 18:15:21.398] [DEBUG] database - SELECT count(*) as tmp_count FROM `act`
[2017-12-28 18:15:23.524] [DEBUG] database - SELECT * FROM `act`  WHERE `id`=55 
[2017-12-28 18:19:11.199] [DEBUG] database - SELECT * FROM `act`  WHERE `id`=55 
