[2018-05-24 13:51:23.111] [DEBUG] database - SELECT * FROM `users`  WHERE `email`="admin@jdjk.com" 
[2018-05-24 13:51:23.423] [DEBUG] database - SELECT * FROM `roles`  WHERE `id`=1 
[2018-05-24 13:51:23.430] [DEBUG] database - SELECT * FROM `dep`  WHERE `id`=1 
[2018-05-24 13:51:23.441] [DEBUG] database - SELECT * FROM `dep`  WHERE `id` in (0,1)  order by `pids` ASC
[2018-05-24 13:51:23.468] [DEBUG] database - SHOW COLUMNS FROM `logs`
[2018-05-24 13:51:23.475] [DEBUG] database - INSERT INTO `logs` (`content`,`url`,`ip`,`username`,`create_time`) VALUES (":content",":url",":ip",":username",":create_time")
[2018-05-24 13:51:23.476] [DEBUG] database - INSERT INTO `logs` (`content`,`url`,`ip`,`username`,`create_time`) VALUES ("登录成功:admin","/api/signin","127.0.0.1","admin","2018-05-24 01:51:23")
[2018-05-24 13:51:31.378] [DEBUG] database - SELECT count(*) as tmp_count FROM `act`
[2018-05-24 13:51:31.379] [DEBUG] database - SELECT * FROM `act`  order by `id` DESC LIMIT 0,15
[2018-05-24 17:06:17.291] [DEBUG] database - SELECT * FROM `menus`  WHERE `status`=1  order by `sort` ASC
[2018-05-24 17:06:17.346] [DEBUG] database - SELECT * FROM `news_type`  WHERE `status`=1 
[2018-05-24 17:06:23.034] [DEBUG] database - SELECT * FROM `act_tpl`  order by `id` DESC
[2018-05-24 17:10:02.282] [DEBUG] database - SELECT * FROM `config`  WHERE `status`=1 
[2018-05-24 17:10:02.342] [DEBUG] database - SHOW COLUMNS FROM `act_tpl`
[2018-05-24 17:10:02.391] [DEBUG] database - INSERT INTO `act_tpl` (`name`,`code`,`cover`,`parts`,`desc`,`status`,`count`,`create_time`) VALUES (":name",":code",":cover",":parts",":desc",:status,:count,":create_time")
[2018-05-24 17:10:02.392] [DEBUG] database - INSERT INTO `act_tpl` (`name`,`code`,`cover`,`parts`,`desc`,`status`,`count`,`create_time`) VALUES ("刮刮乐","scratch","/images/act_tpl_image/1527153002317.png","scratch","",1,0,"2018-05-24 05:10:02")
[2018-05-24 17:10:02.778] [DEBUG] database - SELECT * FROM `act_tpl`  order by `id` DESC
[2018-05-24 17:10:15.988] [DEBUG] database - SELECT * FROM `act_tpl`  WHERE `id`=60 
[2018-05-24 17:10:16.000] [DEBUG] database - SELECT * FROM `act_config`  order by `id` DESC
[2018-05-24 17:38:22.926] [DEBUG] database - SELECT * FROM `act_tpl`  WHERE `id`=60 
[2018-05-24 17:38:22.935] [DEBUG] database - SELECT * FROM `act_config`  order by `id` DESC
