[2018-05-15 09:52:13.513] [DEBUG] database - SELECT * FROM `act`  WHERE `id`=115 
[2018-05-15 09:52:13.546] [DEBUG] database - SELECT * FROM `act_config`  order by `id` DESC
[2018-05-15 09:54:09.256] [DEBUG] database - SELECT * FROM `act_tpl`  order by `id` DESC
[2018-05-15 09:54:12.009] [DEBUG] database - SELECT * FROM `act_tpl`  WHERE `id`=55 
[2018-05-15 09:54:12.051] [DEBUG] database - SELECT * FROM `act_config`  order by `id` DESC
[2018-05-15 10:29:51.477] [DEBUG] database - SELECT * FROM `act_tpl`  WHERE `id`=55 
[2018-05-15 10:29:51.492] [DEBUG] database - SELECT * FROM `act_config`  order by `id` DESC
[2018-05-15 10:32:17.517] [DEBUG] database - SELECT * FROM `act`  WHERE `id`=115 
[2018-05-15 10:32:17.537] [DEBUG] database - SELECT * FROM `act_config`  order by `id` DESC
[2018-05-15 10:40:34.568] [DEBUG] database - SELECT * FROM `act`  WHERE `id`=115 
[2018-05-15 10:40:34.584] [DEBUG] database - SELECT * FROM `act_config`  order by `id` DESC
[2018-05-15 10:45:30.004] [DEBUG] database - SELECT * FROM `act`  WHERE `id`=115 
[2018-05-15 10:45:30.025] [DEBUG] database - SELECT * FROM `act_config`  order by `id` DESC
[2018-05-15 10:46:13.442] [DEBUG] database - SELECT * FROM `act`  WHERE `id`=115 
[2018-05-15 10:46:13.461] [DEBUG] database - SELECT * FROM `act_config`  order by `id` DESC
[2018-05-15 10:46:17.793] [DEBUG] database - SELECT * FROM `act`  WHERE `id`=115 
[2018-05-15 10:46:17.806] [DEBUG] database - SELECT * FROM `act_config`  order by `id` DESC
[2018-05-15 10:50:34.536] [DEBUG] database - SELECT * FROM `act`  WHERE `id`=115 
[2018-05-15 10:50:34.552] [DEBUG] database - SELECT * FROM `act_config`  order by `id` DESC
[2018-05-15 10:50:57.163] [DEBUG] database - SHOW COLUMNS FROM `act`
[2018-05-15 10:50:57.172] [DEBUG] database - UPDATE `act` SET `name`=":name",`code`=":code",`activity_code`=":activity_code",`data`=":data",`url`=":url",`components`=":components",`uuser_id`=:uuser_id,`status`=:status,`update_time`=":update_time" WHERE `id`=115 
[2018-05-15 10:50:57.173] [DEBUG] database - UPDATE `act` SET `name`="",`code`="",`activity_code`="059a1926b1db4dcc8e5b00c80587b26a",`data`="{&quot;title&quot;:&quot;简单借款&quot;,&quot;style&quot;:{&quot;background-color&quot;:&quot;&quot;,&quot;background-repeat&quot;:&quot;&quot;,&quot;background-image&quot;:&quot;&quot;},&quot;components&quot;:[{&quot;prizes&quot;:[{&quot;id&quot;:&quot;&quot;,&quot;name&quot;:&quot;&quot;,&quot;img&quot;:&quot;/temp/20180514170550/1526288873422.jpeg&quot;,&quot;alert&quot;:&quot;&quot;,&quot;color&quot;:&quot;#ffffff&quot;},{&quot;id&quot;:&quot;&quot;,&quot;name&quot;:&quot;&quot;,&quot;img&quot;:&quot;&quot;,&quot;alert&quot;:&quot;&quot;,&quot;color&quot;:&quot;#ffce20&quot;},{&quot;id&quot;:&quot;&quot;,&quot;name&quot;:&quot;&quot;,&quot;img&quot;:&quot;&quot;,&quot;alert&quot;:&quot;&quot;,&quot;color&quot;:&quot;#ffffff&quot;},{&quot;id&quot;:&quot;&quot;,&quot;name&quot;:&quot;&quot;,&quot;img&quot;:&quot;&quot;,&quot;alert&quot;:&quot;&quot;,&quot;color&quot;:&quot;#ffce20&quot;},{&quot;id&quot;:&quot;&quot;,&quot;name&quot;:&quot;&quot;,&quot;img&quot;:&quot;&quot;,&quot;alert&quot;:&quot;&quot;,&quot;color&quot;:&quot;#ffffff&quot;},{&quot;id&quot;:&quot;&quot;,&quot;name&quot;:&quot;&quot;,&quot;img&quot;:&quot;&quot;,&quot;alert&quot;:&quot;&quot;,&quot;color&quot;:&quot;#ffce20&quot;}],&quot;wheel&quot;:{&quot;style&quot;:{&quot;background-image&quot;:&quot;/temp/20180514170550/1526288795243.png&quot;,&quot;width&quot;:&quot;1000px&quot;,&quot;height&quot;:&quot;1000px&quot;}},&quot;wrap&quot;:{&quot;style&quot;:{&quot;background-image&quot;:&quot;/temp/20180514170550/1526288762847.png&quot;,&quot;height&quot;:&quot;1130px&quot;,&quot;padding-top&quot;:&quot;60px&quot;,&quot;background-color&quot;:&quot;#ffce20&quot;,&quot;background-repeat&quot;:&quot;repeat-x&quot;}},&quot;buttons&quot;:{&quot;items&quot;:[{&quot;imageUrl&quot;:&quot;/temp/20180514170550/1526289068692.png&quot;,&quot;usages&quot;:[&quot;goResponse&quot;],&quot;href&quot;:&quot;&quot;,&quot;style&quot;:{&quot;width&quot;:&quot;155px&quot;,&quot;height&quot;:&quot;&quot;},&quot;responses&quot;:[{&quot;code&quot;:&quot;&quot;,&quot;usages&quot;:[],&quot;href&quot;:&quot;&quot;}],&quot;uuid&quot;:&quot;c04b7bdee3b74e62b738c82c46705f33&quot;}]},&quot;name&quot;:&quot;turnplate&quot;,&quot;inside&quot;:{&quot;style&quot;:{&quot;width&quot;:&quot;715px&quot;}}}],&quot;activityCode&quot;:&quot;059a1926b1db4dcc8e5b00c80587b26a&quot;,&quot;code&quot;:&quot;&quot;}",`url`="",`components`="turnplate",`uuser_id`=1,`status`=CASE WHEN `status` = 2 THEN 3 ELSE `status` END,`update_time`="2018-05-15 10:50:57" WHERE `id`=115 
[2018-05-15 10:50:57.519] [DEBUG] database - SELECT count(*) as tmp_count FROM `act`
[2018-05-15 10:50:57.520] [DEBUG] database - SELECT * FROM `act`  order by `id` DESC LIMIT 0,15
[2018-05-15 10:50:59.175] [DEBUG] database - SELECT * FROM `act`  WHERE `id`=115 
[2018-05-15 10:50:59.181] [DEBUG] database - SELECT * FROM `act_config`  order by `id` DESC
[2018-05-15 10:53:45.507] [DEBUG] database - SHOW COLUMNS FROM `act`
[2018-05-15 10:53:45.513] [DEBUG] database - UPDATE `act` SET `name`=":name",`code`=":code",`activity_code`=":activity_code",`data`=":data",`url`=":url",`components`=":components",`uuser_id`=:uuser_id,`status`=:status,`update_time`=":update_time" WHERE `id`=115 
[2018-05-15 10:53:45.514] [DEBUG] database - UPDATE `act` SET `name`="",`code`="",`activity_code`="059a1926b1db4dcc8e5b00c80587b26a",`data`="{&quot;title&quot;:&quot;简单借款&quot;,&quot;style&quot;:{&quot;background-color&quot;:&quot;&quot;,&quot;background-repeat&quot;:&quot;&quot;,&quot;background-image&quot;:&quot;&quot;},&quot;components&quot;:[{&quot;prizes&quot;:[{&quot;id&quot;:&quot;&quot;,&quot;name&quot;:&quot;&quot;,&quot;img&quot;:&quot;/temp/20180515105059/1526352739901.png&quot;,&quot;alert&quot;:&quot;&quot;,&quot;color&quot;:&quot;#ffffff&quot;},{&quot;id&quot;:&quot;&quot;,&quot;name&quot;:&quot;&quot;,&quot;img&quot;:&quot;/temp/20180515105059/1526352762937.png&quot;,&quot;alert&quot;:&quot;&quot;,&quot;color&quot;:&quot;#ffce20&quot;},{&quot;id&quot;:&quot;&quot;,&quot;name&quot;:&quot;&quot;,&quot;img&quot;:&quot;/temp/20180515105059/1526352769372.png&quot;,&quot;alert&quot;:&quot;&quot;,&quot;color&quot;:&quot;#ffffff&quot;},{&quot;id&quot;:&quot;&quot;,&quot;name&quot;:&quot;5元\n优惠券&quot;,&quot;img&quot;:&quot;/temp/20180515105059/1526352773291.png&quot;,&quot;alert&quot;:&quot;&quot;,&quot;color&quot;:&quot;#ffce20&quot;},{&quot;id&quot;:&quot;&quot;,&quot;name&quot;:&quot;&quot;,&quot;img&quot;:&quot;/temp/20180515105059/1526352789478.png&quot;,&quot;alert&quot;:&quot;&quot;,&quot;color&quot;:&quot;#ffffff&quot;},{&quot;id&quot;:&quot;&quot;,&quot;name&quot;:&quot;&quot;,&quot;img&quot;:&quot;/temp/20180515105059/1526352793642.png&quot;,&quot;alert&quot;:&quot;&quot;,&quot;color&quot;:&quot;#ffce20&quot;}],&quot;wheel&quot;:{&quot;style&quot;:{&quot;background-image&quot;:&quot;/temp/20180514170550/1526288795243.png&quot;,&quot;width&quot;:&quot;1000px&quot;,&quot;height&quot;:&quot;1000px&quot;}},&quot;wrap&quot;:{&quot;style&quot;:{&quot;background-image&quot;:&quot;/temp/20180514170550/1526288762847.png&quot;,&quot;height&quot;:&quot;1130px&quot;,&quot;padding-top&quot;:&quot;60px&quot;,&quot;background-color&quot;:&quot;#ffce20&quot;,&quot;background-repeat&quot;:&quot;repeat-x&quot;}},&quot;buttons&quot;:{&quot;items&quot;:[{&quot;imageUrl&quot;:&quot;/temp/20180514170550/1526289068692.png&quot;,&quot;usages&quot;:[&quot;goResponse&quot;],&quot;href&quot;:&quot;&quot;,&quot;style&quot;:{&quot;width&quot;:&quot;155px&quot;,&quot;height&quot;:&quot;&quot;},&quot;responses&quot;:[{&quot;code&quot;:&quot;&quot;,&quot;usages&quot;:[],&quot;href&quot;:&quot;&quot;}],&quot;uuid&quot;:&quot;c04b7bdee3b74e62b738c82c46705f33&quot;}]},&quot;name&quot;:&quot;turnplate&quot;,&quot;inside&quot;:{&quot;style&quot;:{&quot;width&quot;:&quot;715px&quot;}}}],&quot;activityCode&quot;:&quot;059a1926b1db4dcc8e5b00c80587b26a&quot;,&quot;code&quot;:&quot;&quot;}",`url`="",`components`="turnplate",`uuser_id`=1,`status`=CASE WHEN `status` = 2 THEN 3 ELSE `status` END,`update_time`="2018-05-15 10:53:45" WHERE `id`=115 
[2018-05-15 10:53:45.825] [DEBUG] database - SELECT count(*) as tmp_count FROM `act`
[2018-05-15 10:53:45.831] [DEBUG] database - SELECT * FROM `act`  order by `id` DESC LIMIT 0,15
[2018-05-15 10:54:04.429] [DEBUG] database - SELECT * FROM `act`  WHERE `id`=115 
[2018-05-15 10:54:04.441] [DEBUG] database - SELECT * FROM `act_config`  order by `id` DESC
[2018-05-15 10:54:23.359] [DEBUG] database - SELECT * FROM `act`  WHERE `id`=115 
[2018-05-15 10:54:23.367] [DEBUG] database - SELECT * FROM `act_config`  order by `id` DESC
[2018-05-15 10:54:57.543] [DEBUG] database - SELECT * FROM `act`  WHERE `id`=115 
[2018-05-15 10:54:57.552] [DEBUG] database - SELECT * FROM `act_config`  order by `id` DESC
[2018-05-15 10:58:33.657] [DEBUG] database - SELECT * FROM `act`  WHERE `id`=115 
[2018-05-15 10:58:33.671] [DEBUG] database - SELECT * FROM `act_config`  order by `id` DESC
[2018-05-15 11:00:42.967] [DEBUG] database - SHOW COLUMNS FROM `act`
[2018-05-15 11:00:42.975] [DEBUG] database - UPDATE `act` SET `name`=":name",`code`=":code",`activity_code`=":activity_code",`data`=":data",`url`=":url",`components`=":components",`uuser_id`=:uuser_id,`status`=:status,`update_time`=":update_time" WHERE `id`=115 
[2018-05-15 11:00:42.975] [DEBUG] database - UPDATE `act` SET `name`="",`code`="",`activity_code`="059a1926b1db4dcc8e5b00c80587b26a",`data`="{&quot;title&quot;:&quot;简单借款&quot;,&quot;style&quot;:{&quot;background-color&quot;:&quot;&quot;,&quot;background-repeat&quot;:&quot;&quot;,&quot;background-image&quot;:&quot;&quot;},&quot;components&quot;:[{&quot;prizes&quot;:[{&quot;id&quot;:&quot;&quot;,&quot;name&quot;:&quot;5元优惠券&quot;,&quot;img&quot;:&quot;/temp/20180515105059/1526352739901.png&quot;,&quot;alert&quot;:&quot;&quot;,&quot;color&quot;:&quot;#ffffff&quot;},{&quot;id&quot;:&quot;&quot;,&quot;name&quot;:&quot;10元优惠券&quot;,&quot;img&quot;:&quot;/temp/20180515105059/1526352762937.png&quot;,&quot;alert&quot;:&quot;&quot;,&quot;color&quot;:&quot;#ffce20&quot;},{&quot;id&quot;:&quot;&quot;,&quot;name&quot;:&quot;400元免息券&quot;,&quot;img&quot;:&quot;/temp/20180515105059/1526352769372.png&quot;,&quot;alert&quot;:&quot;&quot;,&quot;color&quot;:&quot;#ffffff&quot;},{&quot;id&quot;:&quot;&quot;,&quot;name&quot;:&quot;500元优惠券&quot;,&quot;img&quot;:&quot;/temp/20180515105059/1526352773291.png&quot;,&quot;alert&quot;:&quot;&quot;,&quot;color&quot;:&quot;#ffce20&quot;},{&quot;id&quot;:&quot;&quot;,&quot;name&quot;:&quot;1000元免息券&quot;,&quot;img&quot;:&quot;/temp/20180515105059/1526352789478.png&quot;,&quot;alert&quot;:&quot;&quot;,&quot;color&quot;:&quot;#ffffff&quot;},{&quot;id&quot;:&quot;&quot;,&quot;name&quot;:&quot;100元现金&quot;,&quot;img&quot;:&quot;/temp/20180515105059/1526352793642.png&quot;,&quot;alert&quot;:&quot;&quot;,&quot;color&quot;:&quot;#ffce20&quot;}],&quot;wheel&quot;:{&quot;style&quot;:{&quot;background-image&quot;:&quot;/temp/20180514170550/1526288795243.png&quot;,&quot;width&quot;:&quot;1000px&quot;,&quot;height&quot;:&quot;1000px&quot;}},&quot;wrap&quot;:{&quot;style&quot;:{&quot;background-image&quot;:&quot;/temp/20180514170550/1526288762847.png&quot;,&quot;height&quot;:&quot;1130px&quot;,&quot;padding-top&quot;:&quot;60px&quot;,&quot;background-color&quot;:&quot;#ffce20&quot;,&quot;background-repeat&quot;:&quot;repeat-x&quot;}},&quot;buttons&quot;:{&quot;items&quot;:[{&quot;imageUrl&quot;:&quot;/temp/20180514170550/1526289068692.png&quot;,&quot;usages&quot;:[&quot;goResponse&quot;],&quot;href&quot;:&quot;&quot;,&quot;style&quot;:{&quot;width&quot;:&quot;155px&quot;,&quot;height&quot;:&quot;&quot;},&quot;responses&quot;:[{&quot;code&quot;:&quot;&quot;,&quot;usages&quot;:[],&quot;href&quot;:&quot;&quot;}],&quot;uuid&quot;:&quot;c04b7bdee3b74e62b738c82c46705f33&quot;}]},&quot;name&quot;:&quot;turnplate&quot;,&quot;inside&quot;:{&quot;style&quot;:{&quot;width&quot;:&quot;715px&quot;}}}],&quot;activityCode&quot;:&quot;059a1926b1db4dcc8e5b00c80587b26a&quot;,&quot;code&quot;:&quot;&quot;}",`url`="",`components`="turnplate",`uuser_id`=1,`status`=CASE WHEN `status` = 2 THEN 3 ELSE `status` END,`update_time`="2018-05-15 11:00:42" WHERE `id`=115 
[2018-05-15 11:00:43.296] [DEBUG] database - SELECT count(*) as tmp_count FROM `act`
[2018-05-15 11:00:43.304] [DEBUG] database - SELECT * FROM `act`  order by `id` DESC LIMIT 0,15
[2018-05-15 11:00:46.076] [DEBUG] database - SELECT * FROM `act_config`  order by `id` DESC
[2018-05-15 11:00:46.083] [DEBUG] database - SELECT * FROM `act`  WHERE `id`=115 
[2018-05-15 11:05:13.725] [DEBUG] database - SELECT * FROM `act_tpl`  order by `id` DESC
[2018-05-15 11:05:19.789] [DEBUG] database - SELECT * FROM `act_config`  order by `id` DESC
[2018-05-15 11:05:19.795] [DEBUG] database - SELECT * FROM `act_tpl`  WHERE `id`=53 
[2018-05-15 11:05:37.520] [DEBUG] database - SELECT * FROM `act_config`  order by `id` DESC
[2018-05-15 11:05:39.509] [DEBUG] database - SELECT count(*) as tmp_count FROM `act`
[2018-05-15 11:05:39.527] [DEBUG] database - SELECT * FROM `act`  order by `id` DESC LIMIT 0,15
[2018-05-15 11:05:41.097] [DEBUG] database - SELECT * FROM `act_tpl`  order by `id` DESC
[2018-05-15 11:19:34.283] [DEBUG] database - SELECT * FROM `act`  WHERE `id`=115 
[2018-05-15 11:19:34.299] [DEBUG] database - SELECT * FROM `act_config`  order by `id` DESC
[2018-05-15 11:19:50.494] [DEBUG] database - SHOW COLUMNS FROM `act`
[2018-05-15 11:19:50.501] [DEBUG] database - UPDATE `act` SET `name`=":name",`code`=":code",`activity_code`=":activity_code",`data`=":data",`url`=":url",`components`=":components",`uuser_id`=:uuser_id,`status`=:status,`update_time`=":update_time" WHERE `id`=115 
[2018-05-15 11:19:50.503] [DEBUG] database - UPDATE `act` SET `name`="",`code`="",`activity_code`="059a1926b1db4dcc8e5b00c80587b26a",`data`="{&quot;title&quot;:&quot;简单借款&quot;,&quot;style&quot;:{&quot;background-color&quot;:&quot;&quot;,&quot;background-repeat&quot;:&quot;&quot;,&quot;background-image&quot;:&quot;&quot;},&quot;components&quot;:[{&quot;prizes&quot;:[{&quot;id&quot;:&quot;&quot;,&quot;name&quot;:&quot;5元\\n优惠券&quot;,&quot;img&quot;:&quot;/temp/20180515105059/1526352739901.png&quot;,&quot;alert&quot;:&quot;&quot;,&quot;color&quot;:&quot;#ffffff&quot;},{&quot;id&quot;:&quot;&quot;,&quot;name&quot;:&quot;10元优惠券&quot;,&quot;img&quot;:&quot;/temp/20180515105059/1526352762937.png&quot;,&quot;alert&quot;:&quot;&quot;,&quot;color&quot;:&quot;#ffce20&quot;},{&quot;id&quot;:&quot;&quot;,&quot;name&quot;:&quot;400元免息券&quot;,&quot;img&quot;:&quot;/temp/20180515105059/1526352769372.png&quot;,&quot;alert&quot;:&quot;&quot;,&quot;color&quot;:&quot;#ffffff&quot;},{&quot;id&quot;:&quot;&quot;,&quot;name&quot;:&quot;500元优惠券&quot;,&quot;img&quot;:&quot;/temp/20180515105059/1526352773291.png&quot;,&quot;alert&quot;:&quot;&quot;,&quot;color&quot;:&quot;#ffce20&quot;},{&quot;id&quot;:&quot;&quot;,&quot;name&quot;:&quot;1000元免息券&quot;,&quot;img&quot;:&quot;/temp/20180515105059/1526352789478.png&quot;,&quot;alert&quot;:&quot;&quot;,&quot;color&quot;:&quot;#ffffff&quot;},{&quot;id&quot;:&quot;&quot;,&quot;name&quot;:&quot;100元现金&quot;,&quot;img&quot;:&quot;/temp/20180515105059/1526352793642.png&quot;,&quot;alert&quot;:&quot;&quot;,&quot;color&quot;:&quot;#ffce20&quot;}],&quot;wheel&quot;:{&quot;style&quot;:{&quot;background-image&quot;:&quot;/temp/20180514170550/1526288795243.png&quot;,&quot;width&quot;:&quot;1000px&quot;,&quot;height&quot;:&quot;1000px&quot;}},&quot;wrap&quot;:{&quot;style&quot;:{&quot;background-image&quot;:&quot;/temp/20180514170550/1526288762847.png&quot;,&quot;height&quot;:&quot;1130px&quot;,&quot;padding-top&quot;:&quot;60px&quot;,&quot;background-color&quot;:&quot;#ffce20&quot;,&quot;background-repeat&quot;:&quot;repeat-x&quot;}},&quot;buttons&quot;:{&quot;items&quot;:[{&quot;imageUrl&quot;:&quot;/temp/20180514170550/1526289068692.png&quot;,&quot;usages&quot;:[&quot;goResponse&quot;],&quot;href&quot;:&quot;&quot;,&quot;style&quot;:{&quot;width&quot;:&quot;155px&quot;,&quot;height&quot;:&quot;&quot;},&quot;responses&quot;:[{&quot;code&quot;:&quot;&quot;,&quot;usages&quot;:[],&quot;href&quot;:&quot;&quot;}],&quot;uuid&quot;:&quot;c04b7bdee3b74e62b738c82c46705f33&quot;}]},&quot;name&quot;:&quot;turnplate&quot;,&quot;inside&quot;:{&quot;style&quot;:{&quot;width&quot;:&quot;715px&quot;}}}],&quot;activityCode&quot;:&quot;059a1926b1db4dcc8e5b00c80587b26a&quot;,&quot;code&quot;:&quot;&quot;}",`url`="",`components`="turnplate",`uuser_id`=1,`status`=CASE WHEN `status` = 2 THEN 3 ELSE `status` END,`update_time`="2018-05-15 11:19:50" WHERE `id`=115 
[2018-05-15 11:19:50.810] [DEBUG] database - SELECT count(*) as tmp_count FROM `act`
[2018-05-15 11:19:50.812] [DEBUG] database - SELECT * FROM `act`  order by `id` DESC LIMIT 0,15
[2018-05-15 11:19:52.457] [DEBUG] database - SELECT * FROM `act_config`  order by `id` DESC
[2018-05-15 11:19:52.463] [DEBUG] database - SELECT * FROM `act`  WHERE `id`=115 
[2018-05-15 11:21:26.587] [DEBUG] database - SELECT * FROM `act`  WHERE `id`=115 
[2018-05-15 11:21:26.597] [DEBUG] database - SELECT * FROM `act_config`  order by `id` DESC
[2018-05-15 11:21:41.572] [DEBUG] database - SHOW COLUMNS FROM `act`
[2018-05-15 11:21:41.577] [DEBUG] database - UPDATE `act` SET `name`=":name",`code`=":code",`activity_code`=":activity_code",`data`=":data",`url`=":url",`components`=":components",`uuser_id`=:uuser_id,`status`=:status,`update_time`=":update_time" WHERE `id`=115 
[2018-05-15 11:21:41.579] [DEBUG] database - UPDATE `act` SET `name`="",`code`="",`activity_code`="059a1926b1db4dcc8e5b00c80587b26a",`data`="{&quot;title&quot;:&quot;简单借款&quot;,&quot;style&quot;:{&quot;background-color&quot;:&quot;&quot;,&quot;background-repeat&quot;:&quot;&quot;,&quot;background-image&quot;:&quot;&quot;},&quot;components&quot;:[{&quot;prizes&quot;:[{&quot;id&quot;:&quot;&quot;,&quot;name&quot;:&quot;5元\n优惠券&quot;,&quot;img&quot;:&quot;/temp/20180515105059/1526352739901.png&quot;,&quot;alert&quot;:&quot;&quot;,&quot;color&quot;:&quot;#ffffff&quot;},{&quot;id&quot;:&quot;&quot;,&quot;name&quot;:&quot;10元优惠券&quot;,&quot;img&quot;:&quot;/temp/20180515105059/1526352762937.png&quot;,&quot;alert&quot;:&quot;&quot;,&quot;color&quot;:&quot;#ffce20&quot;},{&quot;id&quot;:&quot;&quot;,&quot;name&quot;:&quot;400元免息券&quot;,&quot;img&quot;:&quot;/temp/20180515105059/1526352769372.png&quot;,&quot;alert&quot;:&quot;&quot;,&quot;color&quot;:&quot;#ffffff&quot;},{&quot;id&quot;:&quot;&quot;,&quot;name&quot;:&quot;500元优惠券&quot;,&quot;img&quot;:&quot;/temp/20180515105059/1526352773291.png&quot;,&quot;alert&quot;:&quot;&quot;,&quot;color&quot;:&quot;#ffce20&quot;},{&quot;id&quot;:&quot;&quot;,&quot;name&quot;:&quot;1000元免息券&quot;,&quot;img&quot;:&quot;/temp/20180515105059/1526352789478.png&quot;,&quot;alert&quot;:&quot;&quot;,&quot;color&quot;:&quot;#ffffff&quot;},{&quot;id&quot;:&quot;&quot;,&quot;name&quot;:&quot;100元现金&quot;,&quot;img&quot;:&quot;/temp/20180515105059/1526352793642.png&quot;,&quot;alert&quot;:&quot;&quot;,&quot;color&quot;:&quot;#ffce20&quot;}],&quot;wheel&quot;:{&quot;style&quot;:{&quot;background-image&quot;:&quot;/temp/20180514170550/1526288795243.png&quot;,&quot;width&quot;:&quot;1000px&quot;,&quot;height&quot;:&quot;1000px&quot;}},&quot;wrap&quot;:{&quot;style&quot;:{&quot;background-image&quot;:&quot;/temp/20180514170550/1526288762847.png&quot;,&quot;height&quot;:&quot;1130px&quot;,&quot;padding-top&quot;:&quot;60px&quot;,&quot;background-color&quot;:&quot;#ffce20&quot;,&quot;background-repeat&quot;:&quot;repeat-x&quot;}},&quot;buttons&quot;:{&quot;items&quot;:[{&quot;imageUrl&quot;:&quot;/temp/20180514170550/1526289068692.png&quot;,&quot;usages&quot;:[&quot;goResponse&quot;],&quot;href&quot;:&quot;&quot;,&quot;style&quot;:{&quot;width&quot;:&quot;155px&quot;,&quot;height&quot;:&quot;&quot;},&quot;responses&quot;:[{&quot;code&quot;:&quot;&quot;,&quot;usages&quot;:[],&quot;href&quot;:&quot;&quot;}],&quot;uuid&quot;:&quot;c04b7bdee3b74e62b738c82c46705f33&quot;}]},&quot;name&quot;:&quot;turnplate&quot;,&quot;inside&quot;:{&quot;style&quot;:{&quot;width&quot;:&quot;715px&quot;}}}],&quot;activityCode&quot;:&quot;059a1926b1db4dcc8e5b00c80587b26a&quot;,&quot;code&quot;:&quot;&quot;}",`url`="",`components`="turnplate",`uuser_id`=1,`status`=CASE WHEN `status` = 2 THEN 3 ELSE `status` END,`update_time`="2018-05-15 11:21:41" WHERE `id`=115 
[2018-05-15 11:21:41.872] [DEBUG] database - SELECT * FROM `act`  order by `id` DESC LIMIT 0,15
[2018-05-15 11:21:41.877] [DEBUG] database - SELECT count(*) as tmp_count FROM `act`
[2018-05-15 11:21:43.574] [DEBUG] database - SELECT * FROM `act`  WHERE `id`=115 
[2018-05-15 11:21:43.583] [DEBUG] database - SELECT * FROM `act_config`  order by `id` DESC
[2018-05-15 11:23:38.638] [DEBUG] database - SELECT * FROM `act`  WHERE `id`=115 
[2018-05-15 11:23:38.647] [DEBUG] database - SELECT * FROM `act_config`  order by `id` DESC
[2018-05-15 11:35:54.765] [DEBUG] database - SHOW COLUMNS FROM `act`
[2018-05-15 11:35:54.771] [DEBUG] database - UPDATE `act` SET `name`=":name",`code`=":code",`activity_code`=":activity_code",`data`=":data",`url`=":url",`components`=":components",`uuser_id`=:uuser_id,`status`=:status,`update_time`=":update_time" WHERE `id`=115 
[2018-05-15 11:35:54.772] [DEBUG] database - UPDATE `act` SET `name`="",`code`="",`activity_code`="059a1926b1db4dcc8e5b00c80587b26a",`data`="{&quot;title&quot;:&quot;简单借款&quot;,&quot;style&quot;:{&quot;background-color&quot;:&quot;&quot;,&quot;background-repeat&quot;:&quot;&quot;,&quot;background-image&quot;:&quot;&quot;},&quot;components&quot;:[{&quot;prizes&quot;:[{&quot;id&quot;:&quot;&quot;,&quot;name&quot;:&quot;5元\n优惠券&quot;,&quot;img&quot;:&quot;/temp/20180515105059/1526352739901.png&quot;,&quot;alert&quot;:&quot;&quot;,&quot;color&quot;:&quot;#ffffff&quot;},{&quot;id&quot;:&quot;&quot;,&quot;name&quot;:&quot;10元优惠券&quot;,&quot;img&quot;:&quot;/temp/20180515105059/1526352762937.png&quot;,&quot;alert&quot;:&quot;&quot;,&quot;color&quot;:&quot;#ffce20&quot;},{&quot;id&quot;:&quot;&quot;,&quot;name&quot;:&quot;400元免息券&quot;,&quot;img&quot;:&quot;/temp/20180515105059/1526352769372.png&quot;,&quot;alert&quot;:&quot;&quot;,&quot;color&quot;:&quot;#ffffff&quot;},{&quot;id&quot;:&quot;&quot;,&quot;name&quot;:&quot;500元优惠券&quot;,&quot;img&quot;:&quot;/temp/20180515105059/1526352773291.png&quot;,&quot;alert&quot;:&quot;&quot;,&quot;color&quot;:&quot;#ffce20&quot;},{&quot;id&quot;:&quot;&quot;,&quot;name&quot;:&quot;1000元免息券&quot;,&quot;img&quot;:&quot;/temp/20180515105059/1526352789478.png&quot;,&quot;alert&quot;:&quot;&quot;,&quot;color&quot;:&quot;#ffffff&quot;},{&quot;id&quot;:&quot;&quot;,&quot;name&quot;:&quot;100元现金&quot;,&quot;img&quot;:&quot;/temp/20180515105059/1526352793642.png&quot;,&quot;alert&quot;:&quot;&quot;,&quot;color&quot;:&quot;#ffce20&quot;}],&quot;wheel&quot;:{&quot;style&quot;:{&quot;background-image&quot;:&quot;/temp/20180514170550/1526288795243.png&quot;,&quot;width&quot;:&quot;1000px&quot;,&quot;height&quot;:&quot;1000px&quot;}},&quot;wrap&quot;:{&quot;style&quot;:{&quot;background-image&quot;:&quot;/temp/20180514170550/1526288762847.png&quot;,&quot;height&quot;:&quot;1130px&quot;,&quot;padding-top&quot;:&quot;60px&quot;,&quot;background-color&quot;:&quot;#ffce20&quot;,&quot;background-repeat&quot;:&quot;repeat-x&quot;}},&quot;buttons&quot;:{&quot;items&quot;:[{&quot;imageUrl&quot;:&quot;/temp/20180514170550/1526289068692.png&quot;,&quot;usages&quot;:[&quot;goResponse&quot;],&quot;href&quot;:&quot;&quot;,&quot;style&quot;:{&quot;width&quot;:&quot;155px&quot;,&quot;height&quot;:&quot;&quot;},&quot;responses&quot;:[{&quot;code&quot;:&quot;&quot;,&quot;usages&quot;:[],&quot;href&quot;:&quot;&quot;}],&quot;uuid&quot;:&quot;c04b7bdee3b74e62b738c82c46705f33&quot;}]},&quot;name&quot;:&quot;turnplate&quot;,&quot;inside&quot;:{&quot;style&quot;:{&quot;width&quot;:&quot;715px&quot;}}}],&quot;activityCode&quot;:&quot;059a1926b1db4dcc8e5b00c80587b26a&quot;,&quot;code&quot;:&quot;&quot;}",`url`="",`components`="turnplate",`uuser_id`=1,`status`=CASE WHEN `status` = 2 THEN 3 ELSE `status` END,`update_time`="2018-05-15 11:35:54" WHERE `id`=115 
[2018-05-15 11:35:55.144] [DEBUG] database - SELECT count(*) as tmp_count FROM `act`
[2018-05-15 11:35:55.151] [DEBUG] database - SELECT * FROM `act`  order by `id` DESC LIMIT 0,15
[2018-05-15 11:35:57.100] [DEBUG] database - SELECT * FROM `act`  WHERE `id`=115 
[2018-05-15 11:35:57.107] [DEBUG] database - SELECT * FROM `act_config`  order by `id` DESC
[2018-05-15 11:36:15.563] [DEBUG] database - SELECT * FROM `act`  WHERE `id`=115 
[2018-05-15 11:36:15.583] [DEBUG] database - SELECT * FROM `act_config`  order by `id` DESC
[2018-05-15 11:36:47.287] [DEBUG] database - SELECT * FROM `act`  WHERE `id`=115 
[2018-05-15 11:36:47.299] [DEBUG] database - SELECT * FROM `act_config`  order by `id` DESC
[2018-05-15 11:36:56.919] [DEBUG] database - SELECT * FROM `act`  WHERE `id`=115 
[2018-05-15 11:36:56.928] [DEBUG] database - SELECT * FROM `act_config`  order by `id` DESC
[2018-05-15 11:37:49.379] [DEBUG] database - SELECT * FROM `act_config`  order by `id` DESC
[2018-05-15 11:37:49.388] [DEBUG] database - SELECT * FROM `act`  WHERE `id`=115 
[2018-05-15 11:38:34.373] [DEBUG] database - SELECT * FROM `act`  WHERE `id`=115 
[2018-05-15 11:38:34.382] [DEBUG] database - SELECT * FROM `act_config`  order by `id` DESC
[2018-05-15 11:40:09.521] [DEBUG] database - SELECT * FROM `act`  WHERE `id`=115 
[2018-05-15 11:40:09.542] [DEBUG] database - SELECT * FROM `act_config`  order by `id` DESC
[2018-05-15 11:44:04.894] [DEBUG] database - SELECT * FROM `act`  WHERE `id`=115 
[2018-05-15 11:44:04.905] [DEBUG] database - SELECT * FROM `act_config`  order by `id` DESC
[2018-05-15 11:44:46.909] [DEBUG] database - SELECT * FROM `act`  WHERE `id`=115 
[2018-05-15 11:44:46.918] [DEBUG] database - SELECT * FROM `act_config`  order by `id` DESC
[2018-05-15 11:47:48.971] [DEBUG] database - SELECT * FROM `act`  WHERE `id`=115 
[2018-05-15 11:47:48.983] [DEBUG] database - SELECT * FROM `act_config`  order by `id` DESC
[2018-05-15 11:48:49.491] [DEBUG] database - SELECT * FROM `act`  WHERE `id`=115 
[2018-05-15 11:48:49.538] [DEBUG] database - SELECT * FROM `act_config`  order by `id` DESC
[2018-05-15 11:58:13.364] [DEBUG] database - SELECT * FROM `act`  WHERE `id`=115 
[2018-05-15 11:58:13.379] [DEBUG] database - SELECT * FROM `act_config`  order by `id` DESC
[2018-05-15 11:59:57.781] [DEBUG] database - SHOW COLUMNS FROM `act`
[2018-05-15 11:59:57.827] [DEBUG] database - UPDATE `act` SET `name`=":name",`code`=":code",`activity_code`=":activity_code",`data`=":data",`url`=":url",`components`=":components",`uuser_id`=:uuser_id,`status`=:status,`update_time`=":update_time" WHERE `id`=115 
[2018-05-15 11:59:57.828] [DEBUG] database - UPDATE `act` SET `name`="",`code`="",`activity_code`="059a1926b1db4dcc8e5b00c80587b26a",`data`="{&quot;title&quot;:&quot;简单借款&quot;,&quot;style&quot;:{&quot;background-color&quot;:&quot;&quot;,&quot;background-repeat&quot;:&quot;&quot;,&quot;background-image&quot;:&quot;&quot;},&quot;components&quot;:[{&quot;prizes&quot;:[{&quot;id&quot;:&quot;&quot;,&quot;name&quot;:&quot;5元,优惠券&quot;,&quot;img&quot;:&quot;/temp/20180515105059/1526352739901.png&quot;,&quot;alert&quot;:&quot;&quot;,&quot;color&quot;:&quot;#ffffff&quot;},{&quot;id&quot;:&quot;&quot;,&quot;name&quot;:&quot;10元优惠券&quot;,&quot;img&quot;:&quot;/temp/20180515105059/1526352762937.png&quot;,&quot;alert&quot;:&quot;&quot;,&quot;color&quot;:&quot;#ffce20&quot;},{&quot;id&quot;:&quot;&quot;,&quot;name&quot;:&quot;400元免息券&quot;,&quot;img&quot;:&quot;/temp/20180515105059/1526352769372.png&quot;,&quot;alert&quot;:&quot;&quot;,&quot;color&quot;:&quot;#ffffff&quot;},{&quot;id&quot;:&quot;&quot;,&quot;name&quot;:&quot;500元优惠券&quot;,&quot;img&quot;:&quot;/temp/20180515105059/1526352773291.png&quot;,&quot;alert&quot;:&quot;&quot;,&quot;color&quot;:&quot;#ffce20&quot;},{&quot;id&quot;:&quot;&quot;,&quot;name&quot;:&quot;1000元免息券&quot;,&quot;img&quot;:&quot;/temp/20180515105059/1526352789478.png&quot;,&quot;alert&quot;:&quot;&quot;,&quot;color&quot;:&quot;#ffffff&quot;},{&quot;id&quot;:&quot;&quot;,&quot;name&quot;:&quot;100元现金&quot;,&quot;img&quot;:&quot;/temp/20180515105059/1526352793642.png&quot;,&quot;alert&quot;:&quot;&quot;,&quot;color&quot;:&quot;#ffce20&quot;}],&quot;wheel&quot;:{&quot;style&quot;:{&quot;background-image&quot;:&quot;/temp/20180514170550/1526288795243.png&quot;,&quot;width&quot;:&quot;1000px&quot;,&quot;height&quot;:&quot;1000px&quot;}},&quot;wrap&quot;:{&quot;style&quot;:{&quot;background-image&quot;:&quot;/temp/20180514170550/1526288762847.png&quot;,&quot;height&quot;:&quot;1130px&quot;,&quot;padding-top&quot;:&quot;60px&quot;,&quot;background-color&quot;:&quot;#ffce20&quot;,&quot;background-repeat&quot;:&quot;repeat-x&quot;}},&quot;buttons&quot;:{&quot;items&quot;:[{&quot;imageUrl&quot;:&quot;/temp/20180514170550/1526289068692.png&quot;,&quot;usages&quot;:[&quot;goResponse&quot;],&quot;href&quot;:&quot;&quot;,&quot;style&quot;:{&quot;width&quot;:&quot;155px&quot;,&quot;height&quot;:&quot;&quot;},&quot;responses&quot;:[{&quot;code&quot;:&quot;&quot;,&quot;usages&quot;:[],&quot;href&quot;:&quot;&quot;}],&quot;uuid&quot;:&quot;c04b7bdee3b74e62b738c82c46705f33&quot;}]},&quot;name&quot;:&quot;turnplate&quot;,&quot;inside&quot;:{&quot;style&quot;:{&quot;width&quot;:&quot;715px&quot;}}}],&quot;activityCode&quot;:&quot;059a1926b1db4dcc8e5b00c80587b26a&quot;,&quot;code&quot;:&quot;&quot;}",`url`="",`components`="turnplate",`uuser_id`=1,`status`=CASE WHEN `status` = 2 THEN 3 ELSE `status` END,`update_time`="2018-05-15 11:59:57" WHERE `id`=115 
[2018-05-15 11:59:58.188] [DEBUG] database - SELECT count(*) as tmp_count FROM `act`
[2018-05-15 11:59:58.204] [DEBUG] database - SELECT * FROM `act`  order by `id` DESC LIMIT 0,15
[2018-05-15 12:00:00.020] [DEBUG] database - SELECT * FROM `act`  WHERE `id`=115 
[2018-05-15 12:00:00.030] [DEBUG] database - SELECT * FROM `act_config`  order by `id` DESC
[2018-05-15 13:28:15.194] [DEBUG] database - SELECT * FROM `act`  WHERE `id`=115 
[2018-05-15 13:28:15.203] [DEBUG] database - SELECT * FROM `act_config`  order by `id` DESC
[2018-05-15 13:33:14.351] [DEBUG] database - SELECT * FROM `act`  WHERE `id`=115 
[2018-05-15 13:33:14.357] [DEBUG] database - SELECT * FROM `act_config`  order by `id` DESC
[2018-05-15 13:33:55.064] [DEBUG] database - SHOW COLUMNS FROM `act`
[2018-05-15 13:33:55.074] [DEBUG] database - UPDATE `act` SET `name`=":name",`code`=":code",`activity_code`=":activity_code",`data`=":data",`url`=":url",`components`=":components",`uuser_id`=:uuser_id,`status`=:status,`update_time`=":update_time" WHERE `id`=115 
[2018-05-15 13:33:55.074] [DEBUG] database - UPDATE `act` SET `name`="",`code`="",`activity_code`="059a1926b1db4dcc8e5b00c80587b26a",`data`="{&quot;title&quot;:&quot;简单借款&quot;,&quot;style&quot;:{&quot;background-color&quot;:&quot;&quot;,&quot;background-repeat&quot;:&quot;&quot;,&quot;background-image&quot;:&quot;&quot;},&quot;components&quot;:[{&quot;prizes&quot;:[{&quot;id&quot;:&quot;&quot;,&quot;name&quot;:&quot;5元,优惠券&quot;,&quot;img&quot;:&quot;/temp/20180515105059/1526352739901.png&quot;,&quot;alert&quot;:&quot;&quot;,&quot;color&quot;:&quot;#ffffff&quot;},{&quot;id&quot;:&quot;&quot;,&quot;name&quot;:&quot;10元,优惠券&quot;,&quot;img&quot;:&quot;/temp/20180515105059/1526352762937.png&quot;,&quot;alert&quot;:&quot;&quot;,&quot;color&quot;:&quot;#ffce20&quot;},{&quot;id&quot;:&quot;&quot;,&quot;name&quot;:&quot;400元,免息券&quot;,&quot;img&quot;:&quot;/temp/20180515105059/1526352769372.png&quot;,&quot;alert&quot;:&quot;&quot;,&quot;color&quot;:&quot;#ffffff&quot;},{&quot;id&quot;:&quot;&quot;,&quot;name&quot;:&quot;500元,优惠券&quot;,&quot;img&quot;:&quot;/temp/20180515105059/1526352773291.png&quot;,&quot;alert&quot;:&quot;&quot;,&quot;color&quot;:&quot;#ffce20&quot;},{&quot;id&quot;:&quot;&quot;,&quot;name&quot;:&quot;1000元,免息券&quot;,&quot;img&quot;:&quot;/temp/20180515105059/1526352789478.png&quot;,&quot;alert&quot;:&quot;&quot;,&quot;color&quot;:&quot;#ffffff&quot;},{&quot;id&quot;:&quot;&quot;,&quot;name&quot;:&quot;100元,现金&quot;,&quot;img&quot;:&quot;/temp/20180515105059/1526352793642.png&quot;,&quot;alert&quot;:&quot;&quot;,&quot;color&quot;:&quot;#ffce20&quot;}],&quot;wheel&quot;:{&quot;style&quot;:{&quot;background-image&quot;:&quot;/temp/20180514170550/1526288795243.png&quot;,&quot;width&quot;:&quot;1000px&quot;,&quot;height&quot;:&quot;1000px&quot;}},&quot;wrap&quot;:{&quot;style&quot;:{&quot;background-image&quot;:&quot;/temp/20180514170550/1526288762847.png&quot;,&quot;height&quot;:&quot;1130px&quot;,&quot;padding-top&quot;:&quot;60px&quot;,&quot;background-color&quot;:&quot;#ffce20&quot;,&quot;background-repeat&quot;:&quot;repeat-x&quot;}},&quot;buttons&quot;:{&quot;items&quot;:[{&quot;imageUrl&quot;:&quot;/temp/20180514170550/1526289068692.png&quot;,&quot;usages&quot;:[&quot;goResponse&quot;],&quot;href&quot;:&quot;&quot;,&quot;style&quot;:{&quot;width&quot;:&quot;155px&quot;,&quot;height&quot;:&quot;&quot;},&quot;responses&quot;:[{&quot;code&quot;:&quot;&quot;,&quot;usages&quot;:[],&quot;href&quot;:&quot;&quot;}],&quot;uuid&quot;:&quot;c04b7bdee3b74e62b738c82c46705f33&quot;}]},&quot;name&quot;:&quot;turnplate&quot;,&quot;inside&quot;:{&quot;style&quot;:{&quot;width&quot;:&quot;715px&quot;}}}],&quot;activityCode&quot;:&quot;059a1926b1db4dcc8e5b00c80587b26a&quot;,&quot;code&quot;:&quot;&quot;}",`url`="",`components`="turnplate",`uuser_id`=1,`status`=CASE WHEN `status` = 2 THEN 3 ELSE `status` END,`update_time`="2018-05-15 01:33:55" WHERE `id`=115 
[2018-05-15 13:33:55.389] [DEBUG] database - SELECT count(*) as tmp_count FROM `act`
[2018-05-15 13:33:55.389] [DEBUG] database - SELECT * FROM `act`  order by `id` DESC LIMIT 0,15
[2018-05-15 13:33:57.417] [DEBUG] database - SELECT * FROM `act`  WHERE `id`=115 
[2018-05-15 13:33:57.424] [DEBUG] database - SELECT * FROM `act_config`  order by `id` DESC
[2018-05-15 15:21:06.303] [DEBUG] database - SELECT * FROM `act`  WHERE `id`=115 
[2018-05-15 15:21:06.319] [DEBUG] database - SELECT * FROM `act_config`  order by `id` DESC
[2018-05-15 19:12:10.573] [DEBUG] database - SHOW COLUMNS FROM `act`
[2018-05-15 19:12:10.586] [DEBUG] database - UPDATE `act` SET `name`=":name",`code`=":code",`activity_code`=":activity_code",`data`=":data",`url`=":url",`components`=":components",`uuser_id`=:uuser_id,`status`=:status,`update_time`=":update_time" WHERE `id`=115 
[2018-05-15 19:12:10.589] [DEBUG] database - UPDATE `act` SET `name`="",`code`="",`activity_code`="059a1926b1db4dcc8e5b00c80587b26a",`data`="{&quot;title&quot;:&quot;简单借款&quot;,&quot;style&quot;:{&quot;background-color&quot;:&quot;&quot;,&quot;background-repeat&quot;:&quot;&quot;,&quot;background-image&quot;:&quot;&quot;},&quot;components&quot;:[{&quot;prizes&quot;:[{&quot;id&quot;:&quot;1&quot;,&quot;name&quot;:&quot;5元,优惠券&quot;,&quot;img&quot;:&quot;/temp/20180515105059/1526352739901.png&quot;,&quot;alert&quot;:&quot;&quot;,&quot;color&quot;:&quot;#ffffff&quot;},{&quot;id&quot;:&quot;3&quot;,&quot;name&quot;:&quot;10元,优惠券&quot;,&quot;img&quot;:&quot;/temp/20180515105059/1526352762937.png&quot;,&quot;alert&quot;:&quot;&quot;,&quot;color&quot;:&quot;#ffce20&quot;},{&quot;id&quot;:&quot;2&quot;,&quot;name&quot;:&quot;400元,免息券&quot;,&quot;img&quot;:&quot;/temp/20180515105059/1526352769372.png&quot;,&quot;alert&quot;:&quot;&quot;,&quot;color&quot;:&quot;#ffffff&quot;},{&quot;id&quot;:&quot;5&quot;,&quot;name&quot;:&quot;500元,优惠券&quot;,&quot;img&quot;:&quot;/temp/20180515105059/1526352773291.png&quot;,&quot;alert&quot;:&quot;&quot;,&quot;color&quot;:&quot;#ffce20&quot;},{&quot;id&quot;:&quot;23&quot;,&quot;name&quot;:&quot;1000元,免息券&quot;,&quot;img&quot;:&quot;/temp/20180515105059/1526352789478.png&quot;,&quot;alert&quot;:&quot;&quot;,&quot;color&quot;:&quot;#ffffff&quot;},{&quot;id&quot;:&quot;22&quot;,&quot;name&quot;:&quot;100元,现金&quot;,&quot;img&quot;:&quot;/temp/20180515105059/1526352793642.png&quot;,&quot;alert&quot;:&quot;&quot;,&quot;color&quot;:&quot;#ffce20&quot;}],&quot;wheel&quot;:{&quot;style&quot;:{&quot;background-image&quot;:&quot;/temp/20180514170550/1526288795243.png&quot;,&quot;width&quot;:&quot;1000px&quot;,&quot;height&quot;:&quot;1000px&quot;}},&quot;wrap&quot;:{&quot;style&quot;:{&quot;background-image&quot;:&quot;/temp/20180514170550/1526288762847.png&quot;,&quot;height&quot;:&quot;1130px&quot;,&quot;padding-top&quot;:&quot;60px&quot;,&quot;background-color&quot;:&quot;#ffce20&quot;,&quot;background-repeat&quot;:&quot;repeat-x&quot;}},&quot;buttons&quot;:{&quot;items&quot;:[{&quot;imageUrl&quot;:&quot;/temp/20180514170550/1526289068692.png&quot;,&quot;usages&quot;:[&quot;goResponse&quot;],&quot;href&quot;:&quot;&quot;,&quot;style&quot;:{&quot;width&quot;:&quot;155px&quot;,&quot;height&quot;:&quot;&quot;},&quot;responses&quot;:[{&quot;code&quot;:&quot;&quot;,&quot;usages&quot;:[],&quot;href&quot;:&quot;&quot;}],&quot;uuid&quot;:&quot;c04b7bdee3b74e62b738c82c46705f33&quot;}]},&quot;name&quot;:&quot;turnplate&quot;,&quot;inside&quot;:{&quot;style&quot;:{&quot;width&quot;:&quot;715px&quot;}}}],&quot;activityCode&quot;:&quot;059a1926b1db4dcc8e5b00c80587b26a&quot;,&quot;code&quot;:&quot;&quot;}",`url`="",`components`="turnplate",`uuser_id`=1,`status`=CASE WHEN `status` = 2 THEN 3 ELSE `status` END,`update_time`="2018-05-15 07:12:10" WHERE `id`=115 
[2018-05-15 19:12:10.973] [DEBUG] database - SELECT count(*) as tmp_count FROM `act`
[2018-05-15 19:12:10.979] [DEBUG] database - SELECT * FROM `act`  order by `id` DESC LIMIT 0,15
[2018-05-15 19:12:12.640] [DEBUG] database - SELECT * FROM `act`  WHERE `id`=115 
[2018-05-15 19:12:12.649] [DEBUG] database - SELECT * FROM `act_config`  order by `id` DESC
