[2018-05-10 10:34:41.968] [DEBUG] database - SELECT * FROM `act_tpl`  WHERE `id`=55 
[2018-05-10 10:34:42.029] [DEBUG] database - SELECT * FROM `act_config`  order by `id` DESC
[2018-05-10 11:18:57.195] [DEBUG] database - SELECT * FROM `act_config`  order by `id` DESC
[2018-05-10 11:18:59.508] [DEBUG] database - SELECT count(*) as tmp_count FROM `act`
[2018-05-10 11:18:59.516] [DEBUG] database - SELECT * FROM `act`  order by `id` DESC LIMIT 0,15
[2018-05-10 11:19:00.192] [DEBUG] database - SELECT * FROM `act_tpl`  order by `id` DESC
[2018-05-10 11:19:02.558] [DEBUG] database - SELECT * FROM `act_tpl`  WHERE `id`=54 
[2018-05-10 11:19:02.565] [DEBUG] database - SELECT * FROM `act_config`  order by `id` DESC
[2018-05-10 11:19:41.424] [DEBUG] database - SELECT * FROM `act_tpl`  order by `id` DESC
[2018-05-10 11:19:43.869] [DEBUG] database - SELECT * FROM `act_tpl`  WHERE `id`=53 
[2018-05-10 11:19:43.877] [DEBUG] database - SELECT * FROM `act_config`  order by `id` DESC
[2018-05-10 11:20:22.729] [DEBUG] database - SELECT * FROM `act_tpl`  order by `id` DESC
[2018-05-10 11:20:24.723] [DEBUG] database - SELECT * FROM `act_config`  order by `id` DESC
[2018-05-10 11:20:24.740] [DEBUG] database - SELECT * FROM `act_tpl`  WHERE `id`=55 
[2018-05-10 11:21:19.308] [DEBUG] database - SELECT * FROM `act_tpl`  WHERE `id`=55 
[2018-05-10 11:21:19.317] [DEBUG] database - SELECT * FROM `act_config`  order by `id` DESC
[2018-05-10 11:22:04.618] [DEBUG] database - SELECT * FROM `act_tpl`  WHERE `id`=55 
[2018-05-10 11:22:04.624] [DEBUG] database - SELECT * FROM `act_config`  order by `id` DESC
[2018-05-10 11:26:20.550] [DEBUG] database - SELECT * FROM `act_tpl`  WHERE `id`=55 
[2018-05-10 11:26:20.565] [DEBUG] database - SELECT * FROM `act_config`  order by `id` DESC
[2018-05-10 11:26:39.459] [DEBUG] database - SELECT * FROM `act_tpl`  WHERE `id`=55 
[2018-05-10 11:26:39.471] [DEBUG] database - SELECT * FROM `act_config`  order by `id` DESC
[2018-05-10 11:30:28.732] [DEBUG] database - SELECT * FROM `act_tpl`  WHERE `id`=55 
[2018-05-10 11:30:28.737] [DEBUG] database - SELECT * FROM `act_config`  order by `id` DESC
[2018-05-10 11:30:45.709] [DEBUG] database - SELECT * FROM `act_tpl`  WHERE `id`=55 
[2018-05-10 11:30:45.716] [DEBUG] database - SELECT * FROM `act_config`  order by `id` DESC
[2018-05-10 11:31:02.930] [DEBUG] database - SELECT * FROM `act_tpl`  order by `id` DESC
[2018-05-10 11:31:06.311] [DEBUG] database - SELECT * FROM `act_config`  order by `id` DESC
[2018-05-10 11:31:06.323] [DEBUG] database - SELECT * FROM `act_tpl`  WHERE `id`=53 
[2018-05-10 11:31:16.371] [DEBUG] database - SELECT * FROM `act_tpl`  order by `id` DESC
[2018-05-10 11:31:17.947] [DEBUG] database - SELECT * FROM `act_tpl`  WHERE `id`=55 
[2018-05-10 11:31:17.956] [DEBUG] database - SELECT * FROM `act_config`  order by `id` DESC
[2018-05-10 11:41:05.390] [DEBUG] database - SELECT * FROM `act_tpl`  WHERE `id`=55 
[2018-05-10 11:41:05.393] [DEBUG] database - SELECT * FROM `act_config`  order by `id` DESC
[2018-05-10 11:41:50.355] [DEBUG] database - SELECT * FROM `act_tpl`  WHERE `id`=55 
[2018-05-10 11:41:50.361] [DEBUG] database - SELECT * FROM `act_config`  order by `id` DESC
[2018-05-10 11:43:57.184] [DEBUG] database - SELECT * FROM `act_tpl`  WHERE `id`=55 
[2018-05-10 11:43:57.191] [DEBUG] database - SELECT * FROM `act_config`  order by `id` DESC
[2018-05-10 11:45:35.178] [DEBUG] database - SELECT * FROM `act_tpl`  order by `id` DESC
[2018-05-10 11:45:38.377] [DEBUG] database - SELECT * FROM `act_tpl`  WHERE `id`=53 
[2018-05-10 11:45:38.407] [DEBUG] database - SELECT * FROM `act_config`  order by `id` DESC
[2018-05-10 11:45:46.006] [DEBUG] database - SELECT * FROM `act_tpl`  order by `id` DESC
[2018-05-10 11:45:48.431] [DEBUG] database - SELECT * FROM `act_tpl`  WHERE `id`=55 
[2018-05-10 11:45:48.463] [DEBUG] database - SELECT * FROM `act_config`  order by `id` DESC
[2018-05-10 11:47:29.820] [DEBUG] database - SELECT * FROM `act_tpl`  WHERE `id`=55 
[2018-05-10 11:47:29.843] [DEBUG] database - SELECT * FROM `act_config`  order by `id` DESC
[2018-05-10 11:50:52.195] [DEBUG] database - SELECT * FROM `act_tpl`  WHERE `id`=55 
[2018-05-10 11:50:52.206] [DEBUG] database - SELECT * FROM `act_config`  order by `id` DESC
[2018-05-10 11:51:28.714] [DEBUG] database - SELECT * FROM `act_tpl`  WHERE `id`=55 
[2018-05-10 11:51:28.721] [DEBUG] database - SELECT * FROM `act_config`  order by `id` DESC
[2018-05-10 11:54:02.246] [DEBUG] database - SELECT * FROM `act_tpl`  WHERE `id`=55 
[2018-05-10 11:54:02.254] [DEBUG] database - SELECT * FROM `act_config`  order by `id` DESC
[2018-05-10 13:36:24.637] [DEBUG] database - SELECT * FROM `act_tpl`  WHERE `id`=55 
[2018-05-10 13:36:24.648] [DEBUG] database - SELECT * FROM `act_config`  order by `id` DESC
[2018-05-10 13:36:28.745] [DEBUG] database - SELECT * FROM `act_tpl`  WHERE `id`=55 
[2018-05-10 13:36:28.759] [DEBUG] database - SELECT * FROM `act_config`  order by `id` DESC
[2018-05-10 13:37:41.304] [DEBUG] database - SELECT * FROM `act_tpl`  WHERE `id`=55 
[2018-05-10 13:37:41.319] [DEBUG] database - SELECT * FROM `act_config`  order by `id` DESC
[2018-05-10 13:38:19.914] [DEBUG] database - SELECT * FROM `act_tpl`  WHERE `id`=55 
[2018-05-10 13:38:19.926] [DEBUG] database - SELECT * FROM `act_config`  order by `id` DESC
[2018-05-10 13:44:22.649] [DEBUG] database - SELECT * FROM `act_tpl`  WHERE `id`=55 
[2018-05-10 13:44:22.664] [DEBUG] database - SELECT * FROM `act_config`  order by `id` DESC
[2018-05-10 13:45:54.014] [DEBUG] database - SELECT * FROM `act_tpl`  WHERE `id`=55 
[2018-05-10 13:45:54.053] [DEBUG] database - SELECT * FROM `act_config`  order by `id` DESC
[2018-05-10 15:41:52.654] [DEBUG] database - SELECT * FROM `act_config`  order by `id` DESC
[2018-05-10 15:41:52.663] [DEBUG] database - SELECT * FROM `act_tpl`  WHERE `id`=55 
[2018-05-10 15:49:13.934] [DEBUG] database - SELECT * FROM `act_tpl`  WHERE `id`=55 
[2018-05-10 15:49:13.943] [DEBUG] database - SELECT * FROM `act_config`  order by `id` DESC
[2018-05-10 15:52:32.040] [DEBUG] database - SELECT * FROM `act_tpl`  WHERE `id`=55 
[2018-05-10 15:52:32.065] [DEBUG] database - SELECT * FROM `act_config`  order by `id` DESC
[2018-05-10 15:54:35.810] [DEBUG] database - SELECT * FROM `act_tpl`  WHERE `id`=55 
[2018-05-10 15:54:35.821] [DEBUG] database - SELECT * FROM `act_config`  order by `id` DESC
[2018-05-10 18:32:36.918] [DEBUG] database - SELECT * FROM `menus`  WHERE `status`=1  order by `sort` ASC
[2018-05-10 18:32:36.941] [DEBUG] database - SELECT * FROM `act_tpl`  WHERE `id`=55 
[2018-05-10 18:32:36.961] [DEBUG] database - SELECT * FROM `act_config`  order by `id` DESC
[2018-05-10 18:32:57.545] [DEBUG] database - SELECT * FROM `act_tpl`  WHERE `id`=55 
[2018-05-10 18:32:57.587] [DEBUG] database - SELECT * FROM `act_config`  order by `id` DESC
[2018-05-10 18:33:34.706] [DEBUG] database - SELECT * FROM `act_tpl`  WHERE `id`=55 
[2018-05-10 18:33:34.712] [DEBUG] database - SELECT * FROM `act_config`  order by `id` DESC
[2018-05-10 18:34:29.258] [DEBUG] database - SELECT * FROM `act_tpl`  WHERE `id`=55 
[2018-05-10 18:34:29.265] [DEBUG] database - SELECT * FROM `act_config`  order by `id` DESC
[2018-05-10 18:36:04.440] [DEBUG] database - SELECT * FROM `act_tpl`  WHERE `id`=55 
[2018-05-10 18:36:04.453] [DEBUG] database - SELECT * FROM `act_config`  order by `id` DESC
[2018-05-10 19:25:39.254] [DEBUG] database - SELECT * FROM `act_config`  order by `id` DESC
[2018-05-10 19:25:39.279] [DEBUG] database - SELECT * FROM `act_tpl`  WHERE `id`=55 
[2018-05-10 19:28:40.632] [DEBUG] database - SELECT * FROM `act_tpl`  order by `id` DESC
[2018-05-10 19:28:42.983] [DEBUG] database - SELECT * FROM `act_tpl`  WHERE `id`=54 
[2018-05-10 19:28:42.991] [DEBUG] database - SELECT * FROM `act_config`  order by `id` DESC
[2018-05-10 19:28:56.229] [DEBUG] database - SELECT count(*) as tmp_count FROM `act`
[2018-05-10 19:28:56.235] [DEBUG] database - SELECT * FROM `act`  order by `id` DESC LIMIT 0,15
[2018-05-10 19:29:01.652] [DEBUG] database - SELECT * FROM `act_tpl`  order by `id` DESC
[2018-05-10 19:29:03.248] [DEBUG] database - SELECT * FROM `act_config`  order by `id` DESC
[2018-05-10 19:29:03.256] [DEBUG] database - SELECT * FROM `act_tpl`  WHERE `id`=53 
[2018-05-10 19:29:50.463] [DEBUG] database - SELECT * FROM `act_tpl`  order by `id` DESC
[2018-05-10 19:29:52.248] [DEBUG] database - SELECT * FROM `act_tpl`  WHERE `id`=55 
[2018-05-10 19:29:52.257] [DEBUG] database - SELECT * FROM `act_config`  order by `id` DESC
[2018-05-10 19:39:06.774] [DEBUG] database - SELECT * FROM `act_tpl`  WHERE `id`=55 
[2018-05-10 19:39:06.806] [DEBUG] database - SELECT * FROM `act_config`  order by `id` DESC
[2018-05-10 19:43:46.383] [DEBUG] database - SELECT * FROM `act_tpl`  WHERE `id`=55 
[2018-05-10 19:43:46.397] [DEBUG] database - SELECT * FROM `act_config`  order by `id` DESC
[2018-05-10 19:49:09.922] [DEBUG] database - SELECT * FROM `act_tpl`  WHERE `id`=55 
[2018-05-10 19:49:09.926] [DEBUG] database - SELECT * FROM `act_config`  order by `id` DESC
[2018-05-10 19:50:32.772] [DEBUG] database - SELECT * FROM `act_tpl`  WHERE `id`=55 
[2018-05-10 19:50:32.784] [DEBUG] database - SELECT * FROM `act_config`  order by `id` DESC
