[2018-05-14 11:21:10.006] [DEBUG] database - SELECT * FROM `menus`  WHERE `status`=1  order by `sort` ASC
[2018-05-14 11:21:15.674] [DEBUG] database - SELECT * FROM `act_tpl`  order by `id` DESC
[2018-05-14 11:22:20.565] [DEBUG] database - SELECT * FROM `act_tpl`  WHERE `id`=54 
[2018-05-14 11:22:20.619] [DEBUG] database - SELECT * FROM `act_config`  order by `id` DESC
[2018-05-14 11:22:30.869] [DEBUG] database - SELECT * FROM `act_tpl`  order by `id` DESC
[2018-05-14 11:23:32.859] [DEBUG] database - SELECT * FROM `config`  WHERE `status`=1 
[2018-05-14 11:23:33.020] [DEBUG] database - SHOW COLUMNS FROM `act_tpl`
[2018-05-14 11:23:33.033] [DEBUG] database - INSERT INTO `act_tpl` (`name`,`code`,`cover`,`parts`,`desc`,`status`,`count`,`create_time`) VALUES (":name",":code",":cover",":parts",":desc",:status,:count,":create_time")
[2018-05-14 11:23:33.037] [DEBUG] database - INSERT INTO `act_tpl` (`name`,`code`,`cover`,`parts`,`desc`,`status`,`count`,`create_time`) VALUES ("测试","test","/images/act_tpl_image/1526268212979.jpeg","buttons,alerts","",1,0,"2018-05-14 11:23:32")
[2018-05-14 11:23:33.321] [DEBUG] database - SELECT * FROM `act_tpl`  order by `id` DESC
[2018-05-14 11:23:53.253] [DEBUG] database - SELECT * FROM `act_tpl`  order by `id` DESC
[2018-05-14 11:23:55.168] [DEBUG] database - SELECT * FROM `act_tpl`  WHERE `id`=56 
[2018-05-14 11:23:55.173] [DEBUG] database - SELECT * FROM `act_config`  order by `id` DESC
[2018-05-14 11:41:07.667] [DEBUG] database - SELECT * FROM `act_config`  order by `id` DESC
[2018-05-14 11:41:09.186] [DEBUG] database - SELECT * FROM `act_tpl`  WHERE `id`=56 
[2018-05-14 11:41:14.186] [DEBUG] database - SELECT * FROM `act_tpl`  order by `id` DESC
[2018-05-14 11:41:17.837] [DEBUG] database - SELECT * FROM `act_tpl`  WHERE `id`=56 
[2018-05-14 11:41:31.988] [DEBUG] database - SHOW COLUMNS FROM `act_tpl`
[2018-05-14 11:41:31.994] [DEBUG] database - UPDATE `act_tpl` SET `name`=":name",`code`=":code",`parts`=":parts",`desc`=":desc",`cover`=":cover",`update_time`=":update_time" WHERE `id`="56" 
[2018-05-14 11:41:31.994] [DEBUG] database - UPDATE `act_tpl` SET `name`="测试",`code`="test",`parts`="buttons",`desc`="",`cover`="/images/act_tpl_image/1526269291981.jpeg",`update_time`="2018-05-14 11:41:31" WHERE `id`="56" 
[2018-05-14 11:41:32.221] [DEBUG] database - SELECT * FROM `act_tpl`  order by `id` DESC
[2018-05-14 11:41:54.332] [DEBUG] database - SELECT * FROM `act_tpl`  WHERE `id`=56 
[2018-05-14 11:41:54.341] [DEBUG] database - SELECT * FROM `act_config`  order by `id` DESC
[2018-05-14 11:57:12.802] [DEBUG] database - SELECT * FROM `act_tpl`  WHERE `id`=56 
[2018-05-14 11:57:12.816] [DEBUG] database - SELECT * FROM `act_config`  order by `id` DESC
[2018-05-14 11:58:19.260] [DEBUG] database - SELECT * FROM `menus`  WHERE `status`=1  order by `sort` ASC
[2018-05-14 11:58:19.322] [DEBUG] database - SELECT * FROM `act_tpl`  WHERE `id`=56 
[2018-05-14 11:58:19.334] [DEBUG] database - SELECT * FROM `act_config`  order by `id` DESC
[2018-05-14 11:58:56.104] [DEBUG] database - SHOW COLUMNS FROM `act`
[2018-05-14 11:58:56.128] [DEBUG] database - INSERT INTO `act` (`name`,`code`,`activity_code`,`url`,`data`,`status`,`components`,`user_id`,`create_time`) VALUES (":name",":code",":activity_code",":url",":data",:status,":components",:user_id,":create_time")
[2018-05-14 11:58:56.129] [DEBUG] database - INSERT INTO `act` (`name`,`code`,`activity_code`,`url`,`data`,`status`,`components`,`user_id`,`create_time`) VALUES ("dl","dl","274e478345824a3f8e3cf8cdfa7b1fc2","","{&quot;title&quot;:&quot;dl&quot;,&quot;style&quot;:{&quot;background-color&quot;:&quot;#ff&quot;,&quot;background-repeat&quot;:&quot;&quot;,&quot;background-image&quot;:&quot;&quot;},&quot;components&quot;:[{&quot;name&quot;:&quot;buttons&quot;,&quot;buttons&quot;:{&quot;orientH&quot;:false,&quot;space&quot;:&quot;20px&quot;,&quot;items&quot;:[{&quot;imageUrl&quot;:&quot;/temp/20180514115819/1526270323142.png&quot;,&quot;usages&quot;:[&quot;download&quot;],&quot;href&quot;:&quot;&quot;,&quot;style&quot;:{&quot;width&quot;:&quot;500px&quot;,&quot;height&quot;:&quot;&quot;,&quot;margin&quot;:&quot;20px 0&quot;},&quot;responses&quot;:[],&quot;uuid&quot;:&quot;535166ccc3994c2abf4fc0a75a9d6a43&quot;}]},&quot;wrap&quot;:{&quot;style&quot;:{&quot;height&quot;:&quot;&quot;,&quot;background-image&quot;:&quot;&quot;,&quot;background-color&quot;:&quot;&quot;}}}],&quot;activityCode&quot;:&quot;274e478345824a3f8e3cf8cdfa7b1fc2&quot;,&quot;code&quot;:&quot;dl&quot;}",1,"buttons",1,"2018-05-14 11:58:56")
[2018-05-14 11:58:56.571] [DEBUG] database - SELECT count(*) as tmp_count FROM `act`
[2018-05-14 11:58:56.576] [DEBUG] database - SELECT * FROM `act`  order by `id` DESC LIMIT 0,15
[2018-05-14 13:27:59.944] [DEBUG] database - SELECT count(*) as tmp_count FROM `act`
[2018-05-14 13:27:59.947] [DEBUG] database - SELECT * FROM `act`  order by `id` DESC LIMIT 0,15
[2018-05-14 13:28:29.527] [DEBUG] database - SELECT * FROM `act_config`  order by `id` DESC
[2018-05-14 13:28:59.498] [DEBUG] database - SHOW COLUMNS FROM `act_config`
[2018-05-14 13:28:59.557] [DEBUG] database - INSERT INTO `act_config` (`name`,`domain`,`oss_code`,`baidu_code`,`download_urls`,`publish_path`,`user_id`,`create_time`) VALUES (":name",":domain",":oss_code",":baidu_code",":download_urls",":publish_path",:user_id,":create_time")
[2018-05-14 13:28:59.561] [DEBUG] database - INSERT INTO `act_config` (`name`,`domain`,`oss_code`,`baidu_code`,`download_urls`,`publish_path`,`user_id`,`create_time`) VALUES ("发条汽车","activity.fatoocar.com","fatoocar","","","/www/static_act",1,"2018-05-14 01:28:59")
[2018-05-14 13:28:59.719] [DEBUG] database - SELECT * FROM `act_config`  order by `id` DESC
[2018-05-14 13:29:05.042] [DEBUG] database - SELECT count(*) as tmp_count FROM `act`
[2018-05-14 13:29:05.137] [DEBUG] database - SELECT * FROM `act`  order by `id` DESC LIMIT 0,15
[2018-05-14 13:29:07.078] [DEBUG] database - SELECT * FROM `act`  WHERE `id`=112 
[2018-05-14 13:29:07.104] [DEBUG] database - SELECT * FROM `act_config`  order by `id` DESC
[2018-05-14 13:29:13.804] [DEBUG] database - SELECT * FROM `act`  WHERE `id`=112 
[2018-05-14 13:29:13.840] [DEBUG] database - SELECT * FROM `act_config`  order by `id` DESC
[2018-05-14 13:34:18.418] [DEBUG] database - SELECT * FROM `menus`  WHERE `status`=1  order by `sort` ASC
[2018-05-14 13:34:18.465] [DEBUG] database - SELECT * FROM `act`  WHERE `id`=112 
[2018-05-14 13:34:18.488] [DEBUG] database - SELECT * FROM `act_config`  order by `id` DESC
[2018-05-14 13:34:25.033] [DEBUG] database - SELECT * FROM `act_config`  WHERE `id`=6 
[2018-05-14 13:34:25.106] [DEBUG] database - SHOW COLUMNS FROM `act`
[2018-05-14 13:34:25.184] [DEBUG] database - UPDATE `act` SET `name`=":name",`code`=":code",`components`=":components",`url`=":url",`activity_code`=":activity_code",`user_id`=:user_id,`status`=:status,`update_time`=":update_time",`oss_code`=":oss_code",`data`=":data" WHERE `id`=112 
[2018-05-14 13:34:25.185] [DEBUG] database - UPDATE `act` SET `name`="dl",`code`="dl",`components`="buttons",`url`="activity.fatoocar.com/fatoocar/ldl/1/index.html",`activity_code`="274e478345824a3f8e3cf8cdfa7b1fc2",`user_id`=1,`status`=5,`update_time`="2018-05-14 01:34:24",`oss_code`="fatoocar",`data`="{&quot;title&quot;:&quot;dl&quot;,&quot;style&quot;:{&quot;background-color&quot;:&quot;#ff&quot;,&quot;background-repeat&quot;:&quot;&quot;,&quot;background-image&quot;:&quot;&quot;},&quot;components&quot;:[{&quot;name&quot;:&quot;buttons&quot;,&quot;buttons&quot;:{&quot;orientH&quot;:false,&quot;space&quot;:&quot;20px&quot;,&quot;items&quot;:[{&quot;imageUrl&quot;:&quot;activity.fatoocar.com/fatoocar/ldl/1/img/1526270323142.png&quot;,&quot;usages&quot;:[&quot;download&quot;],&quot;href&quot;:&quot;&quot;,&quot;style&quot;:{&quot;width&quot;:&quot;500px&quot;,&quot;height&quot;:&quot;&quot;,&quot;margin&quot;:&quot;20px 0&quot;},&quot;responses&quot;:[],&quot;uuid&quot;:&quot;535166ccc3994c2abf4fc0a75a9d6a43&quot;}]},&quot;wrap&quot;:{&quot;style&quot;:{&quot;height&quot;:&quot;&quot;,&quot;background-image&quot;:&quot;&quot;,&quot;background-color&quot;:&quot;&quot;}}}],&quot;activityCode&quot;:&quot;274e478345824a3f8e3cf8cdfa7b1fc2&quot;,&quot;code&quot;:&quot;dl&quot;,&quot;baidu_code&quot;:&quot;&quot;,&quot;download_urls&quot;:&quot;&quot;}" WHERE `id`=112 
[2018-05-14 13:34:25.611] [DEBUG] database - SELECT count(*) as tmp_count FROM `act`
[2018-05-14 13:34:25.625] [DEBUG] database - SELECT * FROM `act`  order by `id` DESC LIMIT 0,15
[2018-05-14 13:34:58.919] [DEBUG] database - SELECT * FROM `act_config`  order by `id` DESC
[2018-05-14 13:35:16.293] [DEBUG] database - SHOW COLUMNS FROM `act_config`
[2018-05-14 13:35:16.317] [DEBUG] database - UPDATE `act_config` SET `name`=":name",`domain`=":domain",`oss_code`=":oss_code",`publish_path`=":publish_path",`baidu_code`=":baidu_code",`download_urls`=":download_urls",`uuser_id`=:uuser_id,`update_time`=":update_time" WHERE `id`=6 
[2018-05-14 13:35:16.317] [DEBUG] database - UPDATE `act_config` SET `name`="发条汽车",`domain`="https://activity.fatoocar.com",`oss_code`="fatoocar",`publish_path`="/www/nodecms/static_act",`baidu_code`="",`download_urls`="",`uuser_id`=1,`update_time`="2018-05-14 01:35:16" WHERE `id`=6 
[2018-05-14 13:35:16.394] [DEBUG] database - SELECT * FROM `act_config`  order by `id` DESC
[2018-05-14 13:35:29.443] [DEBUG] database - SELECT count(*) as tmp_count FROM `act`
[2018-05-14 13:35:29.564] [DEBUG] database - SELECT * FROM `act`  order by `id` DESC LIMIT 0,15
[2018-05-14 13:35:32.586] [DEBUG] database - SELECT * FROM `act`  WHERE `id`=112 
[2018-05-14 13:35:32.638] [DEBUG] database - SELECT * FROM `act_config`  order by `id` DESC
[2018-05-14 13:35:56.312] [DEBUG] database - SELECT * FROM `act_config`  WHERE `id`=6 
[2018-05-14 13:35:56.359] [DEBUG] database - SHOW COLUMNS FROM `act`
[2018-05-14 13:35:56.389] [DEBUG] database - UPDATE `act` SET `name`=":name",`code`=":code",`components`=":components",`url`=":url",`activity_code`=":activity_code",`user_id`=:user_id,`status`=:status,`update_time`=":update_time",`oss_code`=":oss_code",`data`=":data" WHERE `id`=112 
[2018-05-14 13:35:56.389] [DEBUG] database - UPDATE `act` SET `name`="dl",`code`="dl",`components`="buttons",`url`="https://local_activity.fatoocar.com/fatoocar/ldl/1/index.html",`activity_code`="274e478345824a3f8e3cf8cdfa7b1fc2",`user_id`=1,`status`=5,`update_time`="2018-05-14 01:35:56",`oss_code`="fatoocar",`data`="{&quot;title&quot;:&quot;dl&quot;,&quot;style&quot;:{&quot;background-color&quot;:&quot;#ff&quot;,&quot;background-repeat&quot;:&quot;&quot;,&quot;background-image&quot;:&quot;&quot;},&quot;components&quot;:[{&quot;name&quot;:&quot;buttons&quot;,&quot;buttons&quot;:{&quot;orientH&quot;:false,&quot;space&quot;:&quot;20px&quot;,&quot;items&quot;:[{&quot;imageUrl&quot;:&quot;https://local_activity.fatoocar.com/fatoocar/ldl/1/img/1526276152368.png&quot;,&quot;usages&quot;:[&quot;download&quot;],&quot;href&quot;:&quot;&quot;,&quot;style&quot;:{&quot;width&quot;:&quot;300px&quot;,&quot;height&quot;:&quot;&quot;,&quot;margin&quot;:&quot;20px 0&quot;},&quot;responses&quot;:[],&quot;uuid&quot;:&quot;535166ccc3994c2abf4fc0a75a9d6a43&quot;}]},&quot;wrap&quot;:{&quot;style&quot;:{&quot;height&quot;:&quot;&quot;,&quot;background-image&quot;:&quot;&quot;,&quot;background-color&quot;:&quot;&quot;}}}],&quot;activityCode&quot;:&quot;274e478345824a3f8e3cf8cdfa7b1fc2&quot;,&quot;code&quot;:&quot;dl&quot;,&quot;baidu_code&quot;:&quot;&quot;,&quot;download_urls&quot;:&quot;&quot;}" WHERE `id`=112 
[2018-05-14 13:35:56.733] [DEBUG] database - SELECT count(*) as tmp_count FROM `act`
[2018-05-14 13:35:56.734] [DEBUG] database - SELECT * FROM `act`  order by `id` DESC LIMIT 0,15
[2018-05-14 13:37:03.526] [DEBUG] database - SELECT * FROM `act`  WHERE `id`=112 
[2018-05-14 13:37:03.573] [DEBUG] database - DELETE FROM `act` WHERE `id`=112 
[2018-05-14 13:37:03.681] [DEBUG] database - SELECT count(*) as tmp_count FROM `act`
[2018-05-14 13:37:03.707] [DEBUG] database - SELECT * FROM `act`  order by `id` DESC LIMIT 0,15
[2018-05-14 13:37:05.629] [DEBUG] database - SELECT * FROM `act_tpl`  order by `id` DESC
[2018-05-14 13:37:08.756] [DEBUG] database - SELECT * FROM `act_tpl`  WHERE `id`=56 
[2018-05-14 13:37:08.839] [DEBUG] database - SELECT * FROM `act_config`  order by `id` DESC
[2018-05-14 13:37:43.738] [DEBUG] database - SELECT * FROM `act_config`  WHERE `id`=6 
[2018-05-14 13:37:43.798] [DEBUG] database - SHOW COLUMNS FROM `act`
[2018-05-14 13:37:43.844] [DEBUG] database - INSERT INTO `act` (`name`,`code`,`oss_code`,`activity_code`,`url`,`data`,`status`,`components`,`user_id`,`create_time`) VALUES (":name",":code",":oss_code",":activity_code",":url",":data",:status,":components",:user_id,":create_time")
[2018-05-14 13:37:43.845] [DEBUG] database - INSERT INTO `act` (`name`,`code`,`oss_code`,`activity_code`,`url`,`data`,`status`,`components`,`user_id`,`create_time`) VALUES ("dl","dl","fatoocar","fbabe53b95504506914775a330838841","https://local_activity.fatoocar.com/fatoocar/ldl/5/index.html","{&quot;title&quot;:&quot;dl&quot;,&quot;style&quot;:{&quot;background-color&quot;:&quot;#fff&quot;,&quot;background-repeat&quot;:&quot;&quot;,&quot;background-image&quot;:&quot;&quot;},&quot;components&quot;:[{&quot;name&quot;:&quot;buttons&quot;,&quot;buttons&quot;:{&quot;orientH&quot;:false,&quot;space&quot;:&quot;20px&quot;,&quot;items&quot;:[{&quot;imageUrl&quot;:&quot;https://local_activity.fatoocar.com/fatoocar/ldl/5/img/1526276259381.png&quot;,&quot;usages&quot;:[],&quot;href&quot;:&quot;&quot;,&quot;style&quot;:{&quot;width&quot;:&quot;300px&quot;,&quot;height&quot;:&quot;&quot;,&quot;margin&quot;:&quot;20px 0&quot;},&quot;responses&quot;:[],&quot;uuid&quot;:&quot;b4e5b6b96bbb4edda0be5c7b2e3ceb53&quot;}]},&quot;wrap&quot;:{&quot;style&quot;:{&quot;height&quot;:&quot;&quot;,&quot;background-image&quot;:&quot;&quot;,&quot;background-color&quot;:&quot;&quot;}}}],&quot;activityCode&quot;:&quot;fbabe53b95504506914775a330838841&quot;,&quot;code&quot;:&quot;dl&quot;,&quot;baidu_code&quot;:&quot;&quot;,&quot;download_urls&quot;:&quot;&quot;}",5,"buttons",1,"2018-05-14 01:37:43")
[2018-05-14 13:37:44.319] [DEBUG] database - SELECT count(*) as tmp_count FROM `act`
[2018-05-14 13:37:44.322] [DEBUG] database - SELECT * FROM `act`  order by `id` DESC LIMIT 0,15
[2018-05-14 13:48:21.435] [DEBUG] database - SELECT count(*) as tmp_count FROM `act`
[2018-05-14 13:48:21.436] [DEBUG] database - SELECT * FROM `act`  order by `id` DESC LIMIT 0,15
[2018-05-14 13:48:23.579] [DEBUG] database - SELECT * FROM `act`  WHERE `id`=113 
[2018-05-14 13:48:23.588] [DEBUG] database - SELECT * FROM `act_config`  order by `id` DESC
[2018-05-14 13:48:46.748] [DEBUG] database - SELECT * FROM `act_config`  WHERE `id`=6 
[2018-05-14 13:48:46.936] [DEBUG] database - SHOW COLUMNS FROM `act`
[2018-05-14 13:48:47.039] [DEBUG] database - UPDATE `act` SET `name`=":name",`code`=":code",`components`=":components",`url`=":url",`activity_code`=":activity_code",`user_id`=:user_id,`status`=:status,`update_time`=":update_time",`oss_code`=":oss_code",`data`=":data" WHERE `id`=113 
[2018-05-14 13:48:47.040] [DEBUG] database - UPDATE `act` SET `name`="dl",`code`="dl",`components`="buttons",`url`="https://local_activity.fatoocar.com/fatoocar/ldl/5/index.html",`activity_code`="fbabe53b95504506914775a330838841",`user_id`=1,`status`=5,`update_time`="2018-05-14 01:48:46",`oss_code`="fatoocar",`data`="{&quot;title&quot;:&quot;dl&quot;,&quot;style&quot;:{&quot;background-color&quot;:&quot;#fff&quot;,&quot;background-repeat&quot;:&quot;&quot;,&quot;background-image&quot;:&quot;&quot;},&quot;components&quot;:[{&quot;name&quot;:&quot;buttons&quot;,&quot;buttons&quot;:{&quot;orientH&quot;:false,&quot;space&quot;:&quot;20px&quot;,&quot;items&quot;:[{&quot;imageUrl&quot;:&quot;https://local_activity.fatoocar.com/fatoocar/ldl/5/img/1526276921871.png&quot;,&quot;usages&quot;:[&quot;download&quot;],&quot;href&quot;:&quot;&quot;,&quot;style&quot;:{&quot;width&quot;:&quot;300px&quot;,&quot;height&quot;:&quot;&quot;,&quot;margin&quot;:&quot;20px 0&quot;},&quot;responses&quot;:[],&quot;uuid&quot;:&quot;b4e5b6b96bbb4edda0be5c7b2e3ceb53&quot;}]},&quot;wrap&quot;:{&quot;style&quot;:{&quot;height&quot;:&quot;&quot;,&quot;background-image&quot;:&quot;&quot;,&quot;background-color&quot;:&quot;&quot;}}}],&quot;activityCode&quot;:&quot;fbabe53b95504506914775a330838841&quot;,&quot;code&quot;:&quot;dl&quot;,&quot;baidu_code&quot;:&quot;&quot;,&quot;download_urls&quot;:&quot;&quot;}" WHERE `id`=113 
[2018-05-14 13:48:47.413] [DEBUG] database - SELECT count(*) as tmp_count FROM `act`
[2018-05-14 13:48:47.413] [DEBUG] database - SELECT * FROM `act`  order by `id` DESC LIMIT 0,15
[2018-05-14 13:51:44.281] [DEBUG] database - SELECT * FROM `act_config`  order by `id` DESC
[2018-05-14 13:51:48.481] [DEBUG] database - SHOW COLUMNS FROM `act_config`
[2018-05-14 13:51:48.527] [DEBUG] database - UPDATE `act_config` SET `name`=":name",`domain`=":domain",`oss_code`=":oss_code",`publish_path`=":publish_path",`baidu_code`=":baidu_code",`download_urls`=":download_urls",`uuser_id`=:uuser_id,`update_time`=":update_time" WHERE `id`=6 
[2018-05-14 13:51:48.527] [DEBUG] database - UPDATE `act_config` SET `name`="发条汽车",`domain`="https://activity.fatoocar.com",`oss_code`="fatoocar",`publish_path`="/www/nodecms/static_act",`baidu_code`="726823b2c310dde2f3618080dd19d1b0",`download_urls`="",`uuser_id`=1,`update_time`="2018-05-14 01:51:48" WHERE `id`=6 
[2018-05-14 13:51:48.648] [DEBUG] database - SELECT * FROM `act_config`  order by `id` DESC
[2018-05-14 13:53:55.078] [DEBUG] database - SHOW COLUMNS FROM `act_config`
[2018-05-14 13:53:55.105] [DEBUG] database - UPDATE `act_config` SET `name`=":name",`domain`=":domain",`oss_code`=":oss_code",`publish_path`=":publish_path",`baidu_code`=":baidu_code",`download_urls`=":download_urls",`uuser_id`=:uuser_id,`update_time`=":update_time" WHERE `id`=6 
[2018-05-14 13:53:55.105] [DEBUG] database - UPDATE `act_config` SET `name`="发条汽车",`domain`="http://activity.fatoocar.com",`oss_code`="fatoocar",`publish_path`="/www/nodecms/static_act",`baidu_code`="726823b2c310dde2f3618080dd19d1b0",`download_urls`="",`uuser_id`=1,`update_time`="2018-05-14 01:53:55" WHERE `id`=6 
[2018-05-14 13:53:55.190] [DEBUG] database - SELECT * FROM `act_config`  order by `id` DESC
[2018-05-14 13:53:59.194] [DEBUG] database - SELECT count(*) as tmp_count FROM `act`
[2018-05-14 13:53:59.220] [DEBUG] database - SELECT * FROM `act`  order by `id` DESC LIMIT 0,15
[2018-05-14 13:54:08.877] [DEBUG] database - SELECT count(*) as tmp_count FROM `act`
[2018-05-14 13:54:08.877] [DEBUG] database - SELECT * FROM `act`  order by `id` DESC LIMIT 0,15
[2018-05-14 13:54:11.131] [DEBUG] database - SELECT * FROM `act`  WHERE `id`=113 
[2018-05-14 13:54:11.246] [DEBUG] database - DELETE FROM `act` WHERE `id`=113 
[2018-05-14 13:54:11.379] [DEBUG] database - SELECT count(*) as tmp_count FROM `act`
[2018-05-14 13:54:11.387] [DEBUG] database - SELECT * FROM `act`  order by `id` DESC LIMIT 0,15
[2018-05-14 13:54:12.896] [DEBUG] database - SELECT * FROM `act_tpl`  order by `id` DESC
[2018-05-14 13:54:24.908] [DEBUG] database - SELECT * FROM `act_tpl`  WHERE `id`=56 
[2018-05-14 13:54:24.951] [DEBUG] database - SELECT * FROM `act_config`  order by `id` DESC
[2018-05-14 13:54:47.012] [DEBUG] database - SELECT * FROM `act_config`  WHERE `id`=6 
[2018-05-14 13:54:47.131] [DEBUG] database - SHOW COLUMNS FROM `act`
[2018-05-14 13:54:47.191] [DEBUG] database - INSERT INTO `act` (`name`,`code`,`oss_code`,`activity_code`,`url`,`data`,`status`,`components`,`user_id`,`create_time`) VALUES (":name",":code",":oss_code",":activity_code",":url",":data",:status,":components",:user_id,":create_time")
[2018-05-14 13:54:47.191] [DEBUG] database - INSERT INTO `act` (`name`,`code`,`oss_code`,`activity_code`,`url`,`data`,`status`,`components`,`user_id`,`create_time`) VALUES ("dl","dl","fatoocar","afbb0314326344fba2346f00d0dd547d","http://local_activity.fatoocar.com/fatoocar/ldl/1/index.html","{&quot;title&quot;:&quot;dl&quot;,&quot;style&quot;:{&quot;background-color&quot;:&quot;#fff&quot;,&quot;background-repeat&quot;:&quot;&quot;,&quot;background-image&quot;:&quot;&quot;},&quot;components&quot;:[{&quot;name&quot;:&quot;buttons&quot;,&quot;buttons&quot;:{&quot;orientH&quot;:false,&quot;space&quot;:&quot;20px&quot;,&quot;items&quot;:[{&quot;imageUrl&quot;:&quot;http://local_activity.fatoocar.com/fatoocar/ldl/1/img/1526277281679.png&quot;,&quot;usages&quot;:[&quot;download&quot;],&quot;href&quot;:&quot;&quot;,&quot;style&quot;:{&quot;width&quot;:&quot;300px&quot;,&quot;height&quot;:&quot;&quot;,&quot;margin&quot;:&quot;20px 0&quot;},&quot;responses&quot;:[],&quot;uuid&quot;:&quot;d23a3bb3eda245c1b3d3a06936f1a766&quot;}]},&quot;wrap&quot;:{&quot;style&quot;:{&quot;height&quot;:&quot;&quot;,&quot;background-image&quot;:&quot;&quot;,&quot;background-color&quot;:&quot;&quot;}}}],&quot;activityCode&quot;:&quot;afbb0314326344fba2346f00d0dd547d&quot;,&quot;code&quot;:&quot;dl&quot;,&quot;baidu_code&quot;:&quot;726823b2c310dde2f3618080dd19d1b0&quot;,&quot;download_urls&quot;:&quot;&quot;}",5,"buttons",1,"2018-05-14 01:54:46")
[2018-05-14 13:54:47.666] [DEBUG] database - SELECT * FROM `act`  order by `id` DESC LIMIT 0,15
[2018-05-14 13:54:47.677] [DEBUG] database - SELECT count(*) as tmp_count FROM `act`
[2018-05-14 13:59:11.425] [DEBUG] database - SELECT * FROM `act`  WHERE `id`=114 
[2018-05-14 13:59:11.452] [DEBUG] database - SELECT * FROM `act_config`  order by `id` DESC
[2018-05-14 13:59:14.273] [DEBUG] database - SELECT * FROM `act`  WHERE `id`=114 
[2018-05-14 13:59:14.298] [DEBUG] database - SELECT * FROM `act_config`  order by `id` DESC
[2018-05-14 13:59:17.283] [DEBUG] database - SELECT * FROM `act_config`  WHERE `id`=6 
[2018-05-14 13:59:17.421] [DEBUG] database - SHOW COLUMNS FROM `act`
[2018-05-14 13:59:17.527] [DEBUG] database - UPDATE `act` SET `name`=":name",`code`=":code",`components`=":components",`url`=":url",`activity_code`=":activity_code",`user_id`=:user_id,`status`=:status,`update_time`=":update_time",`oss_code`=":oss_code",`data`=":data" WHERE `id`=114 
[2018-05-14 13:59:17.530] [DEBUG] database - UPDATE `act` SET `name`="dl",`code`="dl",`components`="buttons",`url`="http://local_activity.fatoocar.com/fatoocar/ldl/1/index.html",`activity_code`="afbb0314326344fba2346f00d0dd547d",`user_id`=1,`status`=5,`update_time`="2018-05-14 01:59:17",`oss_code`="fatoocar",`data`="{&quot;title&quot;:&quot;dl&quot;,&quot;style&quot;:{&quot;background-color&quot;:&quot;#fff&quot;,&quot;background-repeat&quot;:&quot;&quot;,&quot;background-image&quot;:&quot;&quot;},&quot;components&quot;:[{&quot;name&quot;:&quot;buttons&quot;,&quot;buttons&quot;:{&quot;orientH&quot;:false,&quot;space&quot;:&quot;20px&quot;,&quot;items&quot;:[{&quot;imageUrl&quot;:&quot;http://local_activity.fatoocar.com/fatoocar/ldl/1/img/1526277281679.png&quot;,&quot;usages&quot;:[&quot;download&quot;],&quot;href&quot;:&quot;&quot;,&quot;style&quot;:{&quot;width&quot;:&quot;300px&quot;,&quot;height&quot;:&quot;&quot;,&quot;margin&quot;:&quot;20px 0&quot;},&quot;responses&quot;:[],&quot;uuid&quot;:&quot;d23a3bb3eda245c1b3d3a06936f1a766&quot;}]},&quot;wrap&quot;:{&quot;style&quot;:{&quot;height&quot;:&quot;&quot;,&quot;background-image&quot;:&quot;&quot;,&quot;background-color&quot;:&quot;&quot;}}}],&quot;activityCode&quot;:&quot;afbb0314326344fba2346f00d0dd547d&quot;,&quot;code&quot;:&quot;dl&quot;,&quot;baidu_code&quot;:&quot;726823b2c310dde2f3618080dd19d1b0&quot;,&quot;download_urls&quot;:&quot;&quot;}" WHERE `id`=114 
[2018-05-14 13:59:18.130] [DEBUG] database - SELECT count(*) as tmp_count FROM `act`
[2018-05-14 13:59:18.130] [DEBUG] database - SELECT * FROM `act`  order by `id` DESC LIMIT 0,15
[2018-05-14 14:17:55.088] [DEBUG] database - SELECT * FROM `act_config`  order by `id` DESC
[2018-05-14 14:33:34.520] [DEBUG] database - SHOW COLUMNS FROM `act_config`
[2018-05-14 14:33:34.548] [DEBUG] database - UPDATE `act_config` SET `name`=":name",`domain`=":domain",`oss_code`=":oss_code",`publish_path`=":publish_path",`baidu_code`=":baidu_code",`download_urls`=":download_urls",`uuser_id`=:uuser_id,`update_time`=":update_time" WHERE `id`=6 
[2018-05-14 14:33:34.565] [DEBUG] database - UPDATE `act_config` SET `name`="发条汽车",`domain`="http://activity.fatoocar.com",`oss_code`="fatoocar",`publish_path`="/www/nodecms/static-act",`baidu_code`="726823b2c310dde2f3618080dd19d1b0",`download_urls`="",`uuser_id`=1,`update_time`="2018-05-14 02:33:34" WHERE `id`=6 
[2018-05-14 14:33:34.671] [DEBUG] database - SELECT * FROM `act_config`  order by `id` DESC
[2018-05-14 14:34:05.632] [DEBUG] database - SHOW COLUMNS FROM `act_config`
[2018-05-14 14:34:05.684] [DEBUG] database - UPDATE `act_config` SET `name`=":name",`domain`=":domain",`oss_code`=":oss_code",`publish_path`=":publish_path",`baidu_code`=":baidu_code",`download_urls`=":download_urls",`uuser_id`=:uuser_id,`update_time`=":update_time" WHERE `id`=6 
[2018-05-14 14:34:05.685] [DEBUG] database - UPDATE `act_config` SET `name`="发条汽车",`domain`="http://activity.fatoocar.com",`oss_code`="fatoocar",`publish_path`="/www/nodecms/static-act",`baidu_code`="726823b2c310dde2f3618080dd19d1b0",`download_urls`=",,http://dl.fatoocar.com/app/dl/offical_release_1.0.0_20180507174523.apk,,",`uuser_id`=1,`update_time`="2018-05-14 02:34:05" WHERE `id`=6 
[2018-05-14 14:34:05.763] [DEBUG] database - SELECT * FROM `act_config`  order by `id` DESC
[2018-05-14 14:34:23.883] [DEBUG] database - SHOW COLUMNS FROM `act_config`
[2018-05-14 14:34:23.895] [DEBUG] database - UPDATE `act_config` SET `name`=":name",`domain`=":domain",`oss_code`=":oss_code",`publish_path`=":publish_path",`baidu_code`=":baidu_code",`download_urls`=":download_urls",`uuser_id`=:uuser_id,`update_time`=":update_time" WHERE `id`=2 
[2018-05-14 14:34:23.897] [DEBUG] database - UPDATE `act_config` SET `name`="火山钱包",`domain`="http://activity.zhenggaofeng.com",`oss_code`="zgf",`publish_path`="/www/nodecms/static-act",`baidu_code`="a038eafe00cef1ffcc9f026f877d0f17",`download_urls`="huoshanqianbao://open_android_app,huoshanqianbao://open_ios_app,http://dl.zhenggaofeng.com/app/dl/huoshanqianbao.apk,http://a.app.qq.com/o/simple.jsp?pkgname=com.zgf.huoshan&amp;amp;amp;amp;hmsr=%E7%81%AB%E5%B1%B1%E9%92%B1%E5%8C%85&amp;amp;amp;amp;hmpl=%E5%BA%94%E7%94%A8%E5%AE%9D%E5%BE%AE%E4%BF%A1%E4%B8%8B%E8%BD%BD&amp;amp;amp;amp;hmcu=&amp;amp;amp;amp;hmkw=&amp;amp;amp;amp;hmci=,https://itunes.apple.com/us/app/%E7%81%AB%E5%B1%B1%E9%92%B1%E5%8C%85-%E6%9E%81%E9%80%9F%E5%B0%8F%E9%A2%9D%E5%80%9F%E6%AC%BE/id1357532883?l=zh&amp;amp;amp;amp;ls=1&amp;amp;amp;amp;mt=8",`uuser_id`=1,`update_time`="2018-05-14 02:34:23" WHERE `id`=2 
[2018-05-14 14:34:23.952] [DEBUG] database - SELECT * FROM `act_config`  order by `id` DESC
[2018-05-14 14:34:32.933] [DEBUG] database - SELECT count(*) as tmp_count FROM `act`
[2018-05-14 14:34:32.950] [DEBUG] database - SELECT * FROM `act`  order by `id` DESC LIMIT 0,15
[2018-05-14 14:36:27.474] [DEBUG] database - SELECT * FROM `act_config`  order by `id` DESC
[2018-05-14 14:39:35.542] [DEBUG] database - SELECT count(*) as tmp_count FROM `act`
[2018-05-14 14:39:35.567] [DEBUG] database - SELECT * FROM `act`  order by `id` DESC LIMIT 0,15
[2018-05-14 14:40:07.323] [DEBUG] database - SELECT * FROM `act_tpl`  order by `id` DESC
[2018-05-14 14:40:12.347] [DEBUG] database - SELECT * FROM `act_tpl`  WHERE `id`=56 
[2018-05-14 14:40:21.275] [DEBUG] database - SELECT * FROM `config`  WHERE `status`=1 
[2018-05-14 14:40:21.320] [DEBUG] database - SHOW COLUMNS FROM `act_tpl`
[2018-05-14 14:40:21.332] [DEBUG] database - UPDATE `act_tpl` SET `name`=":name",`code`=":code",`parts`=":parts",`desc`=":desc",`cover`=":cover",`update_time`=":update_time" WHERE `id`="56" 
[2018-05-14 14:40:21.332] [DEBUG] database - UPDATE `act_tpl` SET `name`="测试",`code`="test",`parts`="buttons",`desc`="",`cover`="/images/act_tpl_image/1526280021316.jpeg",`update_time`="2018-05-14 02:40:21" WHERE `id`="56" 
[2018-05-14 14:40:21.587] [DEBUG] database - SELECT * FROM `act_tpl`  order by `id` DESC
[2018-05-14 14:41:44.398] [DEBUG] database - SELECT count(*) as tmp_count FROM `config`
[2018-05-14 14:41:44.410] [DEBUG] database - SELECT * FROM `config`  order by `id` DESC LIMIT 0,15
[2018-05-14 14:42:27.248] [DEBUG] database - SHOW COLUMNS FROM `config`
[2018-05-14 14:42:27.259] [DEBUG] database - UPDATE `config` SET `name`=":name",`key`=":key",`value`=":value",`status`=:status,`update_time`=":update_time" WHERE `id`="2" 
[2018-05-14 14:42:27.260] [DEBUG] database - UPDATE `config` SET `name`="简单借款官网publishPath",`key`="publishPath",`value`="/www/nodecms/static_cms",`status`=1,`update_time`="2018-05-14 02:42:27" WHERE `id`="2" 
[2018-05-14 14:42:27.308] [DEBUG] database - SELECT * FROM `config`  order by `id` DESC LIMIT 0,15
[2018-05-14 14:42:27.308] [DEBUG] database - SELECT count(*) as tmp_count FROM `config`
[2018-05-14 14:43:12.070] [DEBUG] database - SELECT * FROM `act_config`  order by `id` DESC
[2018-05-14 14:46:03.926] [DEBUG] database - SHOW COLUMNS FROM `act_config`
[2018-05-14 14:46:03.965] [DEBUG] database - UPDATE `act_config` SET `name`=":name",`domain`=":domain",`oss_code`=":oss_code",`publish_path`=":publish_path",`baidu_code`=":baidu_code",`download_urls`=":download_urls",`uuser_id`=:uuser_id,`update_time`=":update_time" WHERE `id`=6 
[2018-05-14 14:46:03.966] [DEBUG] database - UPDATE `act_config` SET `name`="发条汽车",`domain`="http://activity.fatoocar.com",`oss_code`="fatoocar",`publish_path`="/www/nodecms/static-act",`baidu_code`="726823b2c310dde2f3618080dd19d1b0",`download_urls`="fatiao://open_android_app,fatiao://open_android_app,http://dl.fatoocar.com/app/dl/offical_release_1.0.0_20180507174523.apk,,",`uuser_id`=1,`update_time`="2018-05-14 02:46:03" WHERE `id`=6 
[2018-05-14 14:46:04.027] [DEBUG] database - SELECT * FROM `act_config`  order by `id` DESC
[2018-05-14 14:49:12.756] [DEBUG] database - SHOW COLUMNS FROM `act_config`
[2018-05-14 14:49:12.768] [DEBUG] database - UPDATE `act_config` SET `name`=":name",`domain`=":domain",`oss_code`=":oss_code",`publish_path`=":publish_path",`baidu_code`=":baidu_code",`download_urls`=":download_urls",`uuser_id`=:uuser_id,`update_time`=":update_time" WHERE `id`=6 
[2018-05-14 14:49:12.768] [DEBUG] database - UPDATE `act_config` SET `name`="发条汽车",`domain`="http://activity.fatoocar.com",`oss_code`="fatoocar",`publish_path`="/www/nodecms/static-act",`baidu_code`="726823b2c310dde2f3618080dd19d1b0",`download_urls`="fatiao://open_android_app,fatiao://open_android_app,http://dl.fatoocar.com/app/dl/offical_release_1.0.0_20180507174523.apk,,http://itunes.apple.com/us/app/fa-tiao-qi-che/id1362397108?l=zh&amp;ls=1&amp;mt=8",`uuser_id`=1,`update_time`="2018-05-14 02:49:12" WHERE `id`=6 
[2018-05-14 14:49:12.811] [DEBUG] database - SELECT * FROM `act_config`  order by `id` DESC
[2018-05-14 14:50:33.543] [DEBUG] database - SELECT * FROM `act_tpl`  order by `id` DESC
[2018-05-14 14:50:40.300] [DEBUG] database - SELECT * FROM `act_tpl`  WHERE `id`=56 
[2018-05-14 14:50:57.226] [DEBUG] database - SELECT * FROM `config`  WHERE `status`=1 
[2018-05-14 14:50:57.268] [DEBUG] database - SHOW COLUMNS FROM `act_tpl`
[2018-05-14 14:50:57.325] [DEBUG] database - UPDATE `act_tpl` SET `name`=":name",`code`=":code",`parts`=":parts",`desc`=":desc",`cover`=":cover",`update_time`=":update_time" WHERE `id`="56" 
[2018-05-14 14:50:57.325] [DEBUG] database - UPDATE `act_tpl` SET `name`="测试",`code`="test",`parts`="buttons",`desc`="",`cover`="/images/act_tpl_image/1526280657255.jpeg",`update_time`="2018-05-14 02:50:57" WHERE `id`="56" 
[2018-05-14 14:50:57.688] [DEBUG] database - SELECT * FROM `act_tpl`  order by `id` DESC
[2018-05-14 14:51:48.206] [DEBUG] database - SELECT * FROM `act_tpl`  WHERE `id`=56 
[2018-05-14 14:52:33.319] [DEBUG] database - SELECT * FROM `act_tpl`  WHERE `id`=56 
[2018-05-14 14:52:42.897] [DEBUG] database - SHOW COLUMNS FROM `act_tpl`
[2018-05-14 14:52:42.904] [DEBUG] database - UPDATE `act_tpl` SET `name`=":name",`code`=":code",`parts`=":parts",`desc`=":desc",`cover`=":cover",`update_time`=":update_time" WHERE `id`="56" 
[2018-05-14 14:52:42.906] [DEBUG] database - UPDATE `act_tpl` SET `name`="测试",`code`="test",`parts`="buttons",`desc`="",`cover`="/images/act_tpl_image/1526280762892.jpeg",`update_time`="2018-05-14 02:52:42" WHERE `id`="56" 
[2018-05-14 14:52:43.205] [DEBUG] database - SELECT * FROM `act_tpl`  order by `id` DESC
[2018-05-14 14:53:11.359] [DEBUG] database - SELECT count(*) as tmp_count FROM `config`
[2018-05-14 14:53:11.367] [DEBUG] database - SELECT * FROM `config`  order by `id` DESC LIMIT 0,15
[2018-05-14 14:53:37.823] [DEBUG] database - SELECT * FROM `act_tpl`  order by `id` DESC
[2018-05-14 14:53:39.976] [DEBUG] database - SELECT * FROM `act_tpl`  WHERE `id`=56 
[2018-05-14 14:53:49.872] [DEBUG] database - SELECT * FROM `config`  WHERE `status`=1 
[2018-05-14 14:53:49.894] [DEBUG] database - SHOW COLUMNS FROM `act_tpl`
[2018-05-14 14:53:49.900] [DEBUG] database - UPDATE `act_tpl` SET `name`=":name",`code`=":code",`parts`=":parts",`desc`=":desc",`cover`=":cover",`update_time`=":update_time" WHERE `id`="56" 
[2018-05-14 14:53:49.901] [DEBUG] database - UPDATE `act_tpl` SET `name`="测试",`code`="test",`parts`="buttons",`desc`="",`cover`="/images/act_tpl_image/1526280829890.jpeg",`update_time`="2018-05-14 02:53:49" WHERE `id`="56" 
[2018-05-14 14:53:50.166] [DEBUG] database - SELECT * FROM `act_tpl`  order by `id` DESC
[2018-05-14 15:04:34.727] [DEBUG] database - SELECT * FROM `config`  order by `id` DESC LIMIT 0,15
[2018-05-14 15:04:34.732] [DEBUG] database - SELECT count(*) as tmp_count FROM `config`
[2018-05-14 15:05:05.953] [DEBUG] database - SHOW COLUMNS FROM `config`
[2018-05-14 15:05:05.961] [DEBUG] database - UPDATE `config` SET `name`=":name",`key`=":key",`value`=":value",`status`=:status,`update_time`=":update_time" WHERE `id`="4" 
[2018-05-14 15:05:05.962] [DEBUG] database - UPDATE `config` SET `name`="图片上传保存路径",`key`="imageSavePath",`value`="/www/nodecms/static-img",`status`=1,`update_time`="2018-05-14 03:05:05" WHERE `id`="4" 
[2018-05-14 15:05:05.990] [DEBUG] database - SELECT count(*) as tmp_count FROM `config`
[2018-05-14 15:05:05.991] [DEBUG] database - SELECT * FROM `config`  order by `id` DESC LIMIT 0,15
[2018-05-14 15:05:54.029] [DEBUG] database - SHOW COLUMNS FROM `config`
[2018-05-14 15:05:54.051] [DEBUG] database - UPDATE `config` SET `name`=":name",`key`=":key",`value`=":value",`status`=:status,`update_time`=":update_time" WHERE `id`="4" 
[2018-05-14 15:05:54.052] [DEBUG] database - UPDATE `config` SET `name`="图片上传保存路径",`key`="imageSavePath",`value`="/www/nodecms",`status`=1,`update_time`="2018-05-14 03:05:54" WHERE `id`="4" 
[2018-05-14 15:05:54.128] [DEBUG] database - SELECT count(*) as tmp_count FROM `config`
[2018-05-14 15:05:54.130] [DEBUG] database - SELECT * FROM `config`  order by `id` DESC LIMIT 0,15
[2018-05-14 15:17:28.840] [DEBUG] database - SELECT * FROM `act_config`  order by `id` DESC
[2018-05-14 15:28:46.528] [DEBUG] database - SELECT * FROM `users`  WHERE `email`="admin@jdjk.com" 
[2018-05-14 15:28:46.601] [DEBUG] database - SELECT * FROM `roles`  WHERE `id`=1 
[2018-05-14 15:28:46.610] [DEBUG] database - SELECT * FROM `dep`  WHERE `id`=1 
[2018-05-14 15:28:46.620] [DEBUG] database - SELECT * FROM `dep`  WHERE `id` in (0,1)  order by `pids` ASC
[2018-05-14 15:28:46.634] [DEBUG] database - SHOW COLUMNS FROM `logs`
[2018-05-14 15:28:46.644] [DEBUG] database - INSERT INTO `logs` (`content`,`url`,`ip`,`username`,`create_time`) VALUES (":content",":url",":ip",":username",":create_time")
[2018-05-14 15:28:46.644] [DEBUG] database - INSERT INTO `logs` (`content`,`url`,`ip`,`username`,`create_time`) VALUES ("登录成功:admin","/api/signin","127.0.0.1","admin","2018-05-14 03:28:46")
[2018-05-14 15:28:49.494] [DEBUG] database - SELECT * FROM `menus`  WHERE `status`=1  order by `sort` ASC
[2018-05-14 15:31:30.060] [DEBUG] database - SELECT * FROM `act_tpl`  order by `id` DESC
[2018-05-14 15:31:34.477] [DEBUG] database - SELECT * FROM `act_tpl`  WHERE `id`=55 
[2018-05-14 15:31:34.490] [DEBUG] database - SELECT * FROM `act_config`  order by `id` DESC
[2018-05-14 15:36:30.019] [DEBUG] database - SELECT * FROM `act_tpl`  WHERE `id`=55 
[2018-05-14 15:36:30.033] [DEBUG] database - SELECT * FROM `act_config`  order by `id` DESC
[2018-05-14 16:04:50.727] [DEBUG] database - SELECT * FROM `act_config`  order by `id` DESC
[2018-05-14 16:04:50.736] [DEBUG] database - SELECT * FROM `act_tpl`  WHERE `id`=55 
[2018-05-14 16:06:08.462] [DEBUG] database - SELECT * FROM `act_tpl`  WHERE `id`=55 
[2018-05-14 16:06:08.473] [DEBUG] database - SELECT * FROM `act_config`  order by `id` DESC
[2018-05-14 16:06:38.876] [DEBUG] database - SELECT * FROM `act_tpl`  WHERE `id`=55 
[2018-05-14 16:06:38.893] [DEBUG] database - SELECT * FROM `act_config`  order by `id` DESC
[2018-05-14 16:10:35.330] [DEBUG] database - SELECT * FROM `act_tpl`  WHERE `id`=55 
[2018-05-14 16:10:35.344] [DEBUG] database - SELECT * FROM `act_config`  order by `id` DESC
[2018-05-14 17:05:20.638] [DEBUG] database - SELECT * FROM `act_tpl`  WHERE `id`=55 
[2018-05-14 17:05:20.642] [DEBUG] database - SELECT * FROM `act_config`  order by `id` DESC
[2018-05-14 17:05:50.805] [DEBUG] database - SELECT * FROM `act_tpl`  WHERE `id`=55 
[2018-05-14 17:05:50.814] [DEBUG] database - SELECT * FROM `act_config`  order by `id` DESC
[2018-05-14 17:12:15.971] [DEBUG] database - SHOW COLUMNS FROM `act`
[2018-05-14 17:12:15.991] [DEBUG] database - INSERT INTO `act` (`name`,`code`,`activity_code`,`url`,`data`,`status`,`components`,`user_id`,`create_time`) VALUES (":name",":code",":activity_code",":url",":data",:status,":components",:user_id,":create_time")
[2018-05-14 17:12:16.000] [DEBUG] database - INSERT INTO `act` (`name`,`code`,`activity_code`,`url`,`data`,`status`,`components`,`user_id`,`create_time`) VALUES ("","","059a1926b1db4dcc8e5b00c80587b26a","","{&quot;title&quot;:&quot;简单借款&quot;,&quot;style&quot;:{&quot;background-color&quot;:&quot;&quot;,&quot;background-repeat&quot;:&quot;&quot;,&quot;background-image&quot;:&quot;&quot;},&quot;components&quot;:[{&quot;prizes&quot;:[{&quot;id&quot;:&quot;&quot;,&quot;name&quot;:&quot;&quot;,&quot;img&quot;:&quot;/temp/20180514170550/1526288873422.jpeg&quot;,&quot;alert&quot;:&quot;&quot;,&quot;color&quot;:&quot;#ffffff&quot;},{&quot;id&quot;:&quot;&quot;,&quot;name&quot;:&quot;&quot;,&quot;img&quot;:&quot;&quot;,&quot;alert&quot;:&quot;&quot;,&quot;color&quot;:&quot;#ffce20&quot;},{&quot;id&quot;:&quot;&quot;,&quot;name&quot;:&quot;&quot;,&quot;img&quot;:&quot;&quot;,&quot;alert&quot;:&quot;&quot;,&quot;color&quot;:&quot;#ffffff&quot;},{&quot;id&quot;:&quot;&quot;,&quot;name&quot;:&quot;&quot;,&quot;img&quot;:&quot;&quot;,&quot;alert&quot;:&quot;&quot;,&quot;color&quot;:&quot;#ffce20&quot;},{&quot;id&quot;:&quot;&quot;,&quot;name&quot;:&quot;&quot;,&quot;img&quot;:&quot;&quot;,&quot;alert&quot;:&quot;&quot;,&quot;color&quot;:&quot;#ffffff&quot;},{&quot;id&quot;:&quot;&quot;,&quot;name&quot;:&quot;&quot;,&quot;img&quot;:&quot;&quot;,&quot;alert&quot;:&quot;&quot;,&quot;color&quot;:&quot;#ffce20&quot;}],&quot;wheel&quot;:{&quot;style&quot;:{&quot;background-image&quot;:&quot;/temp/20180514170550/1526288795243.png&quot;,&quot;width&quot;:&quot;715&quot;}},&quot;wrap&quot;:{&quot;style&quot;:{&quot;background-image&quot;:&quot;/temp/20180514170550/1526288762847.png&quot;,&quot;height&quot;:&quot;1130px&quot;,&quot;padding-top&quot;:&quot;120px&quot;,&quot;background-color&quot;:&quot;#ffce20&quot;,&quot;background-repeat&quot;:&quot;repeat-x&quot;}},&quot;buttons&quot;:{&quot;items&quot;:[{&quot;imageUrl&quot;:&quot;/temp/20180514170550/1526289068692.png&quot;,&quot;usages&quot;:[&quot;goResponse&quot;],&quot;href&quot;:&quot;&quot;,&quot;style&quot;:{&quot;width&quot;:&quot;155px&quot;,&quot;height&quot;:&quot;&quot;},&quot;responses&quot;:[{&quot;code&quot;:&quot;&quot;,&quot;usages&quot;:[],&quot;href&quot;:&quot;&quot;}],&quot;uuid&quot;:&quot;c04b7bdee3b74e62b738c82c46705f33&quot;}]}}],&quot;activityCode&quot;:&quot;059a1926b1db4dcc8e5b00c80587b26a&quot;,&quot;code&quot;:&quot;&quot;}",1,"turnplate",1,"2018-05-14 05:12:15")
[2018-05-14 17:12:16.385] [DEBUG] database - SELECT count(*) as tmp_count FROM `act`
[2018-05-14 17:12:16.393] [DEBUG] database - SELECT * FROM `act`  order by `id` DESC LIMIT 0,15
[2018-05-14 17:12:18.647] [DEBUG] database - SELECT * FROM `act`  WHERE `id`=115 
[2018-05-14 17:12:18.657] [DEBUG] database - SELECT * FROM `act_config`  order by `id` DESC
[2018-05-14 17:12:49.287] [DEBUG] database - SELECT * FROM `act`  WHERE `id`=115 
[2018-05-14 17:12:49.296] [DEBUG] database - SELECT * FROM `act_config`  order by `id` DESC
[2018-05-14 17:14:12.491] [DEBUG] database - SELECT * FROM `act`  WHERE `id`=115 
[2018-05-14 17:14:12.554] [DEBUG] database - SELECT * FROM `act_config`  order by `id` DESC
[2018-05-14 17:15:04.985] [DEBUG] database - SELECT * FROM `act`  WHERE `id`=115 
[2018-05-14 17:15:04.996] [DEBUG] database - SELECT * FROM `act_config`  order by `id` DESC
[2018-05-14 17:16:16.195] [DEBUG] database - SELECT * FROM `act`  WHERE `id`=115 
[2018-05-14 17:16:16.209] [DEBUG] database - SELECT * FROM `act_config`  order by `id` DESC
[2018-05-14 17:20:43.683] [DEBUG] database - SELECT * FROM `act`  WHERE `id`=115 
[2018-05-14 17:20:43.701] [DEBUG] database - SELECT * FROM `act_config`  order by `id` DESC
[2018-05-14 17:21:03.213] [DEBUG] database - SELECT * FROM `act`  WHERE `id`=115 
[2018-05-14 17:21:03.228] [DEBUG] database - SELECT * FROM `act_config`  order by `id` DESC
[2018-05-14 17:22:37.371] [DEBUG] database - SELECT * FROM `act`  WHERE `id`=115 
[2018-05-14 17:22:37.435] [DEBUG] database - SELECT * FROM `act_config`  order by `id` DESC
[2018-05-14 17:26:02.397] [DEBUG] database - SELECT * FROM `act`  WHERE `id`=115 
[2018-05-14 17:26:02.413] [DEBUG] database - SELECT * FROM `act_config`  order by `id` DESC
[2018-05-14 17:27:39.000] [DEBUG] database - SELECT * FROM `act_config`  order by `id` DESC
[2018-05-14 17:27:39.020] [DEBUG] database - SELECT * FROM `act`  WHERE `id`=115 
[2018-05-14 17:31:54.647] [DEBUG] database - SELECT * FROM `act`  WHERE `id`=115 
[2018-05-14 17:31:54.672] [DEBUG] database - SELECT * FROM `act_config`  order by `id` DESC
[2018-05-14 17:32:02.308] [DEBUG] database - SELECT * FROM `act_tpl`  order by `id` DESC
[2018-05-14 17:32:05.094] [DEBUG] database - SELECT * FROM `act_tpl`  WHERE `id`=55 
[2018-05-14 17:32:05.101] [DEBUG] database - SELECT * FROM `act_config`  order by `id` DESC
[2018-05-14 17:32:44.095] [DEBUG] database - SELECT * FROM `act_tpl`  order by `id` DESC
[2018-05-14 17:32:45.079] [DEBUG] database - SELECT count(*) as tmp_count FROM `act`
[2018-05-14 17:32:45.081] [DEBUG] database - SELECT * FROM `act`  order by `id` DESC LIMIT 0,15
[2018-05-14 17:32:47.075] [DEBUG] database - SELECT * FROM `act`  WHERE `id`=115 
[2018-05-14 17:32:47.085] [DEBUG] database - SELECT * FROM `act_config`  order by `id` DESC
[2018-05-14 17:37:01.935] [DEBUG] database - SELECT * FROM `act`  WHERE `id`=115 
[2018-05-14 17:37:01.977] [DEBUG] database - SELECT * FROM `act_config`  order by `id` DESC
[2018-05-14 17:59:59.418] [DEBUG] database - SELECT * FROM `act`  WHERE `id`=115 
[2018-05-14 17:59:59.455] [DEBUG] database - SELECT * FROM `act_config`  order by `id` DESC
[2018-05-14 18:00:48.656] [DEBUG] database - SELECT * FROM `act`  WHERE `id`=115 
[2018-05-14 18:00:48.714] [DEBUG] database - SELECT * FROM `act_config`  order by `id` DESC
[2018-05-14 18:00:50.590] [DEBUG] database - SELECT * FROM `act`  WHERE `id`=115 
[2018-05-14 18:00:50.632] [DEBUG] database - SELECT * FROM `act_config`  order by `id` DESC
[2018-05-14 18:02:36.845] [DEBUG] database - SELECT * FROM `act`  WHERE `id`=115 
[2018-05-14 18:02:36.861] [DEBUG] database - SELECT * FROM `act_config`  order by `id` DESC
[2018-05-14 18:03:06.333] [DEBUG] database - SHOW COLUMNS FROM `act`
[2018-05-14 18:03:06.341] [DEBUG] database - UPDATE `act` SET `name`=":name",`code`=":code",`activity_code`=":activity_code",`data`=":data",`url`=":url",`components`=":components",`uuser_id`=:uuser_id,`status`=:status,`update_time`=":update_time" WHERE `id`=115 
[2018-05-14 18:03:06.343] [DEBUG] database - UPDATE `act` SET `name`="",`code`="",`activity_code`="059a1926b1db4dcc8e5b00c80587b26a",`data`="{&quot;title&quot;:&quot;简单借款&quot;,&quot;style&quot;:{&quot;background-color&quot;:&quot;&quot;,&quot;background-repeat&quot;:&quot;&quot;,&quot;background-image&quot;:&quot;&quot;},&quot;components&quot;:[{&quot;prizes&quot;:[{&quot;id&quot;:&quot;&quot;,&quot;name&quot;:&quot;&quot;,&quot;img&quot;:&quot;/temp/20180514170550/1526288873422.jpeg&quot;,&quot;alert&quot;:&quot;&quot;,&quot;color&quot;:&quot;#ffffff&quot;},{&quot;id&quot;:&quot;&quot;,&quot;name&quot;:&quot;&quot;,&quot;img&quot;:&quot;&quot;,&quot;alert&quot;:&quot;&quot;,&quot;color&quot;:&quot;#ffce20&quot;},{&quot;id&quot;:&quot;&quot;,&quot;name&quot;:&quot;&quot;,&quot;img&quot;:&quot;&quot;,&quot;alert&quot;:&quot;&quot;,&quot;color&quot;:&quot;#ffffff&quot;},{&quot;id&quot;:&quot;&quot;,&quot;name&quot;:&quot;&quot;,&quot;img&quot;:&quot;&quot;,&quot;alert&quot;:&quot;&quot;,&quot;color&quot;:&quot;#ffce20&quot;},{&quot;id&quot;:&quot;&quot;,&quot;name&quot;:&quot;&quot;,&quot;img&quot;:&quot;&quot;,&quot;alert&quot;:&quot;&quot;,&quot;color&quot;:&quot;#ffffff&quot;},{&quot;id&quot;:&quot;&quot;,&quot;name&quot;:&quot;&quot;,&quot;img&quot;:&quot;&quot;,&quot;alert&quot;:&quot;&quot;,&quot;color&quot;:&quot;#ffce20&quot;}],&quot;wheel&quot;:{&quot;style&quot;:{&quot;background-image&quot;:&quot;/temp/20180514170550/1526288795243.png&quot;,&quot;width&quot;:&quot;715&quot;}},&quot;wrap&quot;:{&quot;style&quot;:{&quot;background-image&quot;:&quot;/temp/20180514170550/1526288762847.png&quot;,&quot;height&quot;:&quot;1130px&quot;,&quot;padding-top&quot;:&quot;120px&quot;,&quot;background-color&quot;:&quot;#ffce20&quot;,&quot;background-repeat&quot;:&quot;repeat-x&quot;}},&quot;buttons&quot;:{&quot;items&quot;:[{&quot;imageUrl&quot;:&quot;/temp/20180514170550/1526289068692.png&quot;,&quot;usages&quot;:[&quot;goResponse&quot;],&quot;href&quot;:&quot;&quot;,&quot;style&quot;:{&quot;width&quot;:&quot;155px&quot;,&quot;height&quot;:&quot;&quot;},&quot;responses&quot;:[{&quot;code&quot;:&quot;&quot;,&quot;usages&quot;:[],&quot;href&quot;:&quot;&quot;}],&quot;uuid&quot;:&quot;c04b7bdee3b74e62b738c82c46705f33&quot;}]},&quot;name&quot;:&quot;turnplate&quot;}],&quot;activityCode&quot;:&quot;059a1926b1db4dcc8e5b00c80587b26a&quot;,&quot;code&quot;:&quot;&quot;}",`url`="",`components`="turnplate",`uuser_id`=1,`status`=CASE WHEN `status` = 2 THEN 3 ELSE `status` END,`update_time`="2018-05-14 06:03:06" WHERE `id`=115 
[2018-05-14 18:03:06.733] [DEBUG] database - SELECT count(*) as tmp_count FROM `act`
[2018-05-14 18:03:06.734] [DEBUG] database - SELECT * FROM `act`  order by `id` DESC LIMIT 0,15
[2018-05-14 18:06:33.132] [DEBUG] database - SELECT * FROM `act`  WHERE `id`=115 
[2018-05-14 18:06:33.184] [DEBUG] database - SELECT * FROM `act_config`  order by `id` DESC
[2018-05-14 19:44:53.719] [DEBUG] database - SELECT * FROM `act`  WHERE `id`=114 
[2018-05-14 19:44:53.724] [DEBUG] database - SELECT * FROM `act_config`  order by `id` DESC
[2018-05-14 19:45:01.212] [DEBUG] database - SELECT count(*) as tmp_count FROM `act`
[2018-05-14 19:45:01.213] [DEBUG] database - SELECT * FROM `act`  order by `id` DESC LIMIT 0,15
[2018-05-14 19:45:04.285] [DEBUG] database - SELECT * FROM `act`  WHERE `id`=111 
[2018-05-14 19:45:04.293] [DEBUG] database - SELECT * FROM `act_config`  order by `id` DESC
[2018-05-14 19:45:07.752] [DEBUG] database - SELECT * FROM `act_config`  order by `id` DESC
[2018-05-14 19:45:08.966] [DEBUG] database - SELECT * FROM `act_tpl`  order by `id` DESC
[2018-05-14 19:45:11.913] [DEBUG] database - SELECT * FROM `act_config`  order by `id` DESC
[2018-05-14 19:45:11.921] [DEBUG] database - SELECT * FROM `act_tpl`  WHERE `id`=55 
[2018-05-14 19:48:13.068] [DEBUG] database - SELECT * FROM `act`  order by `id` DESC LIMIT 0,15
[2018-05-14 19:48:13.115] [DEBUG] database - SELECT count(*) as tmp_count FROM `act`
[2018-05-14 19:48:14.528] [DEBUG] database - SELECT * FROM `act_config`  order by `id` DESC
[2018-05-14 19:48:14.546] [DEBUG] database - SELECT * FROM `act`  WHERE `id`=115 
[2018-05-14 19:51:29.264] [DEBUG] database - SELECT * FROM `act_config`  order by `id` DESC
[2018-05-14 19:51:29.310] [DEBUG] database - SELECT * FROM `act`  WHERE `id`=115 
[2018-05-14 20:07:02.604] [DEBUG] database - SELECT * FROM `act_config`  order by `id` DESC
[2018-05-14 20:07:02.612] [DEBUG] database - SELECT * FROM `act`  WHERE `id`=115 
[2018-05-14 20:08:10.259] [DEBUG] database - SELECT * FROM `act`  WHERE `id`=115 
[2018-05-14 20:08:10.273] [DEBUG] database - SELECT * FROM `act_config`  order by `id` DESC
[2018-05-14 20:08:50.319] [DEBUG] database - SELECT * FROM `act`  WHERE `id`=115 
[2018-05-14 20:08:50.333] [DEBUG] database - SELECT * FROM `act_config`  order by `id` DESC
[2018-05-14 20:10:52.831] [DEBUG] database - SELECT * FROM `act`  WHERE `id`=115 
[2018-05-14 20:10:52.849] [DEBUG] database - SELECT * FROM `act_config`  order by `id` DESC
[2018-05-14 20:11:42.137] [DEBUG] database - SELECT * FROM `act`  WHERE `id`=115 
[2018-05-14 20:11:42.166] [DEBUG] database - SELECT * FROM `act_config`  order by `id` DESC
[2018-05-14 20:12:56.978] [DEBUG] database - SELECT * FROM `act`  WHERE `id`=115 
[2018-05-14 20:12:56.989] [DEBUG] database - SELECT * FROM `act_config`  order by `id` DESC
[2018-05-14 20:13:49.473] [DEBUG] database - SELECT * FROM `act`  WHERE `id`=115 
[2018-05-14 20:13:49.478] [DEBUG] database - SELECT * FROM `act_config`  order by `id` DESC
[2018-05-14 20:15:28.751] [DEBUG] database - SELECT * FROM `act`  WHERE `id`=115 
[2018-05-14 20:15:28.770] [DEBUG] database - SELECT * FROM `act_config`  order by `id` DESC
[2018-05-14 20:15:34.525] [DEBUG] database - SELECT * FROM `act`  WHERE `id`=115 
[2018-05-14 20:15:34.544] [DEBUG] database - SELECT * FROM `act_config`  order by `id` DESC
[2018-05-14 20:15:44.167] [DEBUG] database - SHOW COLUMNS FROM `act`
[2018-05-14 20:15:44.207] [DEBUG] database - UPDATE `act` SET `name`=":name",`code`=":code",`activity_code`=":activity_code",`data`=":data",`url`=":url",`components`=":components",`uuser_id`=:uuser_id,`status`=:status,`update_time`=":update_time" WHERE `id`=115 
[2018-05-14 20:15:44.209] [DEBUG] database - UPDATE `act` SET `name`="",`code`="",`activity_code`="059a1926b1db4dcc8e5b00c80587b26a",`data`="{&quot;title&quot;:&quot;简单借款&quot;,&quot;style&quot;:{&quot;background-color&quot;:&quot;&quot;,&quot;background-repeat&quot;:&quot;&quot;,&quot;background-image&quot;:&quot;&quot;},&quot;components&quot;:[{&quot;prizes&quot;:[{&quot;id&quot;:&quot;&quot;,&quot;name&quot;:&quot;&quot;,&quot;img&quot;:&quot;/temp/20180514170550/1526288873422.jpeg&quot;,&quot;alert&quot;:&quot;&quot;,&quot;color&quot;:&quot;#ffffff&quot;},{&quot;id&quot;:&quot;&quot;,&quot;name&quot;:&quot;&quot;,&quot;img&quot;:&quot;&quot;,&quot;alert&quot;:&quot;&quot;,&quot;color&quot;:&quot;#ffce20&quot;},{&quot;id&quot;:&quot;&quot;,&quot;name&quot;:&quot;&quot;,&quot;img&quot;:&quot;&quot;,&quot;alert&quot;:&quot;&quot;,&quot;color&quot;:&quot;#ffffff&quot;},{&quot;id&quot;:&quot;&quot;,&quot;name&quot;:&quot;&quot;,&quot;img&quot;:&quot;&quot;,&quot;alert&quot;:&quot;&quot;,&quot;color&quot;:&quot;#ffce20&quot;},{&quot;id&quot;:&quot;&quot;,&quot;name&quot;:&quot;&quot;,&quot;img&quot;:&quot;&quot;,&quot;alert&quot;:&quot;&quot;,&quot;color&quot;:&quot;#ffffff&quot;},{&quot;id&quot;:&quot;&quot;,&quot;name&quot;:&quot;&quot;,&quot;img&quot;:&quot;&quot;,&quot;alert&quot;:&quot;&quot;,&quot;color&quot;:&quot;#ffce20&quot;}],&quot;wheel&quot;:{&quot;style&quot;:{&quot;background-image&quot;:&quot;/temp/20180514170550/1526288795243.png&quot;,&quot;width&quot;:&quot;715&quot;}},&quot;wrap&quot;:{&quot;style&quot;:{&quot;background-image&quot;:&quot;/temp/20180514170550/1526288762847.png&quot;,&quot;height&quot;:&quot;1130px&quot;,&quot;padding-top&quot;:&quot;120px&quot;,&quot;background-color&quot;:&quot;#ffce20&quot;,&quot;background-repeat&quot;:&quot;repeat-x&quot;}},&quot;buttons&quot;:{&quot;items&quot;:[{&quot;imageUrl&quot;:&quot;/temp/20180514170550/1526289068692.png&quot;,&quot;usages&quot;:[&quot;goResponse&quot;],&quot;href&quot;:&quot;&quot;,&quot;style&quot;:{&quot;width&quot;:&quot;155px&quot;,&quot;height&quot;:&quot;&quot;},&quot;responses&quot;:[{&quot;code&quot;:&quot;&quot;,&quot;usages&quot;:[],&quot;href&quot;:&quot;&quot;}],&quot;uuid&quot;:&quot;c04b7bdee3b74e62b738c82c46705f33&quot;}]},&quot;name&quot;:&quot;turnplate&quot;,&quot;inside&quot;:{&quot;style&quot;:{&quot;width&quot;:&quot;715px&quot;}}}],&quot;activityCode&quot;:&quot;059a1926b1db4dcc8e5b00c80587b26a&quot;,&quot;code&quot;:&quot;&quot;}",`url`="",`components`="turnplate",`uuser_id`=1,`status`=CASE WHEN `status` = 2 THEN 3 ELSE `status` END,`update_time`="2018-05-14 08:15:44" WHERE `id`=115 
[2018-05-14 20:15:44.642] [DEBUG] database - SELECT count(*) as tmp_count FROM `act`
[2018-05-14 20:15:44.643] [DEBUG] database - SELECT * FROM `act`  order by `id` DESC LIMIT 0,15
[2018-05-14 20:15:59.555] [DEBUG] database - SELECT * FROM `act`  WHERE `id`=115 
[2018-05-14 20:15:59.571] [DEBUG] database - SELECT * FROM `act_config`  order by `id` DESC
[2018-05-14 20:16:02.446] [DEBUG] database - SELECT * FROM `act_config`  order by `id` DESC
[2018-05-14 20:16:02.461] [DEBUG] database - SELECT * FROM `act`  WHERE `id`=115 
[2018-05-14 20:16:43.202] [DEBUG] database - SELECT * FROM `act`  WHERE `id`=115 
[2018-05-14 20:16:43.211] [DEBUG] database - SELECT * FROM `act_config`  order by `id` DESC
[2018-05-14 20:18:56.838] [DEBUG] database - SELECT * FROM `act`  WHERE `id`=115 
[2018-05-14 20:18:56.841] [DEBUG] database - SELECT * FROM `act_config`  order by `id` DESC
[2018-05-14 20:19:21.240] [DEBUG] database - SELECT * FROM `act`  WHERE `id`=115 
[2018-05-14 20:19:21.265] [DEBUG] database - SELECT * FROM `act_config`  order by `id` DESC
[2018-05-14 20:19:29.317] [DEBUG] database - SELECT * FROM `act`  WHERE `id`=115 
[2018-05-14 20:19:29.345] [DEBUG] database - SELECT * FROM `act_config`  order by `id` DESC
