[2018-05-30 10:58:44.692] [DEBUG] database - SELECT * FROM `act_config`  order by `id` DESC
[2018-05-30 10:58:44.806] [DEBUG] database - SELECT * FROM `act`  WHERE `id`=123 
[2018-05-30 10:59:04.009] [DEBUG] database - SELECT * FROM `act`  WHERE `id`=123 
[2018-05-30 10:59:04.053] [DEBUG] database - SELECT * FROM `act_config`  order by `id` DESC
[2018-05-30 13:53:53.844] [DEBUG] database - SELECT * FROM `menus`  WHERE `status`=1  order by `sort` ASC
[2018-05-30 13:53:53.977] [DEBUG] database - SELECT * FROM `act`  WHERE `id`=123 
[2018-05-30 13:53:54.012] [DEBUG] database - SELECT * FROM `act_config`  order by `id` DESC
[2018-05-30 14:05:00.299] [DEBUG] database - SELECT * FROM `act_tpl`  order by `id` DESC
[2018-05-30 14:05:02.228] [DEBUG] database - SELECT * FROM `act_config`  order by `id` DESC
[2018-05-30 14:05:02.239] [DEBUG] database - SELECT * FROM `act_tpl`  WHERE `id`=60 
[2018-05-30 14:05:34.800] [DEBUG] database - SELECT * FROM `act_tpl`  WHERE `id`=60 
[2018-05-30 14:05:34.806] [DEBUG] database - SELECT * FROM `act_config`  order by `id` DESC
[2018-05-30 14:06:17.171] [DEBUG] database - SELECT * FROM `act_tpl`  WHERE `id`=60 
[2018-05-30 14:06:17.200] [DEBUG] database - SELECT * FROM `act_config`  order by `id` DESC
[2018-05-30 14:06:25.798] [DEBUG] database - SELECT * FROM `act_tpl`  WHERE `id`=60 
[2018-05-30 14:06:25.817] [DEBUG] database - SELECT * FROM `act_config`  order by `id` DESC
[2018-05-30 14:06:55.782] [DEBUG] database - SELECT * FROM `act_tpl`  WHERE `id`=60 
[2018-05-30 14:06:55.795] [DEBUG] database - SELECT * FROM `act_config`  order by `id` DESC
[2018-05-30 14:07:00.305] [DEBUG] database - SELECT * FROM `act_tpl`  WHERE `id`=60 
[2018-05-30 14:07:00.319] [DEBUG] database - SELECT * FROM `act_config`  order by `id` DESC
[2018-05-30 14:07:07.372] [DEBUG] database - SELECT * FROM `act_tpl`  WHERE `id`=60 
[2018-05-30 14:07:07.377] [DEBUG] database - SELECT * FROM `act_config`  order by `id` DESC
[2018-05-30 14:07:15.389] [DEBUG] database - SELECT * FROM `act_tpl`  WHERE `id`=60 
[2018-05-30 14:07:15.402] [DEBUG] database - SELECT * FROM `act_config`  order by `id` DESC
[2018-05-30 14:07:46.358] [DEBUG] database - SELECT * FROM `act_tpl`  WHERE `id`=60 
[2018-05-30 14:07:46.363] [DEBUG] database - SELECT * FROM `act_config`  order by `id` DESC
[2018-05-30 14:07:50.972] [DEBUG] database - SELECT * FROM `act_tpl`  WHERE `id`=60 
[2018-05-30 14:07:50.977] [DEBUG] database - SELECT * FROM `act_config`  order by `id` DESC
[2018-05-30 14:08:09.031] [DEBUG] database - SELECT * FROM `act_tpl`  WHERE `id`=60 
[2018-05-30 14:08:09.037] [DEBUG] database - SELECT * FROM `act_config`  order by `id` DESC
[2018-05-30 14:20:17.441] [DEBUG] database - SHOW COLUMNS FROM `act`
[2018-05-30 14:20:17.455] [DEBUG] database - INSERT INTO `act` (`name`,`code`,`activity_code`,`url`,`data`,`status`,`components`,`user_id`,`create_time`) VALUES (":name",":code",":activity_code",":url",":data",:status,":components",:user_id,":create_time")
[2018-05-30 14:20:17.459] [DEBUG] database - INSERT INTO `act` (`name`,`code`,`activity_code`,`url`,`data`,`status`,`components`,`user_id`,`create_time`) VALUES ("","","ff4807a5edf64ce79c24961743506750","","{&quot;title&quot;:&quot;简单借款&quot;,&quot;style&quot;:{&quot;background-color&quot;:&quot;&quot;,&quot;background-repeat&quot;:&quot;&quot;,&quot;background-image&quot;:&quot;&quot;},&quot;components&quot;:[{&quot;name&quot;:&quot;scratch&quot;,&quot;wrap&quot;:{&quot;style&quot;:{&quot;height&quot;:&quot;&quot;,&quot;background-image&quot;:&quot;&quot;,&quot;background-color&quot;:&quot;#fb4c2a&quot;,&quot;min-height&quot;:&quot;&quot;}},&quot;box&quot;:{&quot;style&quot;:{&quot;background-image&quot;:&quot;/temp/20180530140809/1527660499384.png&quot;,&quot;margin-top&quot;:&quot;&quot;,&quot;padding-top&quot;:&quot;160px&quot;,&quot;width&quot;:&quot;785px&quot;,&quot;height&quot;:&quot;603px&quot;}},&quot;content&quot;:{&quot;style&quot;:{&quot;width&quot;:&quot;661px&quot;,&quot;height&quot;:&quot;335px&quot;},&quot;maskImage&quot;:&quot;/temp/20180530140809/1527660605494.png&quot;},&quot;prizes&quot;:[{&quot;id&quot;:&quot;&quot;,&quot;img&quot;:&quot;/temp/20180530140809/1527660947616.png&quot;,&quot;alert&quot;:&quot;&quot;},{&quot;id&quot;:&quot;&quot;,&quot;img&quot;:&quot;/temp/20180530140809/1527661129194.png&quot;,&quot;alert&quot;:&quot;&quot;},{&quot;id&quot;:&quot;&quot;,&quot;img&quot;:&quot;/temp/20180530140809/1527661169221.png&quot;,&quot;alert&quot;:&quot;&quot;}],&quot;buttons&quot;:{&quot;items&quot;:[{&quot;imageUrl&quot;:&quot;/temp/20180530140809/1527660956642.png&quot;,&quot;usages&quot;:[],&quot;href&quot;:&quot;&quot;,&quot;style&quot;:{&quot;width&quot;:&quot;352px&quot;,&quot;margin-top&quot;:&quot;230px&quot;},&quot;responses&quot;:[],&quot;uuid&quot;:&quot;9235bc4acb8c429b8dff04e39a35c2bd&quot;},{&quot;imageUrl&quot;:&quot;/temp/20180530140809/1527661138652.png&quot;,&quot;usages&quot;:[],&quot;href&quot;:&quot;&quot;,&quot;style&quot;:{&quot;width&quot;:&quot;352px&quot;,&quot;margin-top&quot;:&quot;230px&quot;},&quot;responses&quot;:[],&quot;uuid&quot;:&quot;f818d297840a441bb14ca702fe88e401&quot;},null]}}],&quot;activityCode&quot;:&quot;ff4807a5edf64ce79c24961743506750&quot;,&quot;code&quot;:&quot;&quot;}",1,"scratch",1,"2018-05-30 02:20:16")
[2018-05-30 14:20:17.935] [DEBUG] database - SELECT count(*) as tmp_count FROM `act`
[2018-05-30 14:20:17.941] [DEBUG] database - SELECT * FROM `act`  order by `id` DESC LIMIT 0,15
[2018-05-30 14:20:21.281] [DEBUG] database - SELECT * FROM `act`  WHERE `id`=123 
[2018-05-30 14:20:21.295] [DEBUG] database - DELETE FROM `act` WHERE `id`=123 
[2018-05-30 14:20:21.325] [DEBUG] database - SELECT count(*) as tmp_count FROM `act`
[2018-05-30 14:20:21.325] [DEBUG] database - SELECT * FROM `act`  order by `id` DESC LIMIT 0,15
[2018-05-30 14:23:48.771] [DEBUG] database - SELECT * FROM `act`  WHERE `id`=124 
[2018-05-30 14:23:48.780] [DEBUG] database - SELECT * FROM `act_config`  order by `id` DESC
[2018-05-30 14:27:31.502] [DEBUG] database - SELECT * FROM `act`  WHERE `id`=124 
[2018-05-30 14:27:31.525] [DEBUG] database - SELECT * FROM `act_config`  order by `id` DESC
[2018-05-30 14:37:26.696] [DEBUG] database - SELECT * FROM `act_config`  order by `id` DESC
[2018-05-30 14:37:26.701] [DEBUG] database - SELECT * FROM `act`  WHERE `id`=124 
[2018-05-30 14:37:34.173] [DEBUG] database - SELECT * FROM `act_tpl`  order by `id` DESC
[2018-05-30 14:37:36.918] [DEBUG] database - SELECT * FROM `act_tpl`  WHERE `id`=60 
[2018-05-30 14:37:36.925] [DEBUG] database - SELECT * FROM `act_config`  order by `id` DESC
[2018-05-30 14:37:47.324] [DEBUG] database - SELECT * FROM `act_tpl`  WHERE `id`=60 
[2018-05-30 14:37:47.330] [DEBUG] database - SELECT * FROM `act_config`  order by `id` DESC
[2018-05-30 14:39:38.581] [DEBUG] database - SELECT * FROM `act_tpl`  WHERE `id`=60 
[2018-05-30 14:39:38.588] [DEBUG] database - SELECT * FROM `act_config`  order by `id` DESC
[2018-05-30 14:41:02.878] [DEBUG] database - SELECT * FROM `act_tpl`  WHERE `id`=60 
[2018-05-30 14:41:02.882] [DEBUG] database - SELECT * FROM `act_config`  order by `id` DESC
[2018-05-30 14:44:21.114] [DEBUG] database - SELECT * FROM `act_tpl`  WHERE `id`=60 
[2018-05-30 14:44:21.127] [DEBUG] database - SELECT * FROM `act_config`  order by `id` DESC
[2018-05-30 14:45:43.788] [DEBUG] database - SELECT * FROM `act_tpl`  WHERE `id`=60 
[2018-05-30 14:45:43.796] [DEBUG] database - SELECT * FROM `act_config`  order by `id` DESC
[2018-05-30 14:48:00.148] [DEBUG] database - SELECT * FROM `act_config`  order by `id` DESC
[2018-05-30 14:48:00.180] [DEBUG] database - SELECT * FROM `act_tpl`  WHERE `id`=60 
[2018-05-30 14:50:12.516] [DEBUG] database - SELECT * FROM `act_tpl`  WHERE `id`=60 
[2018-05-30 14:50:12.550] [DEBUG] database - SELECT * FROM `act_config`  order by `id` DESC
[2018-05-30 14:50:52.599] [DEBUG] database - SELECT * FROM `act_tpl`  WHERE `id`=60 
[2018-05-30 14:50:52.615] [DEBUG] database - SELECT * FROM `act_config`  order by `id` DESC
[2018-05-30 14:52:41.061] [DEBUG] database - SELECT * FROM `act_tpl`  WHERE `id`=60 
[2018-05-30 14:52:41.087] [DEBUG] database - SELECT * FROM `act_config`  order by `id` DESC
[2018-05-30 14:54:59.781] [DEBUG] database - SELECT * FROM `act_tpl`  WHERE `id`=60 
[2018-05-30 14:54:59.794] [DEBUG] database - SELECT * FROM `act_config`  order by `id` DESC
[2018-05-30 14:55:29.376] [DEBUG] database - SELECT * FROM `act_config`  order by `id` DESC
[2018-05-30 14:55:29.393] [DEBUG] database - SELECT * FROM `act_tpl`  WHERE `id`=60 
[2018-05-30 14:56:15.087] [DEBUG] database - SELECT * FROM `act_tpl`  WHERE `id`=60 
[2018-05-30 14:56:15.094] [DEBUG] database - SELECT * FROM `act_config`  order by `id` DESC
[2018-05-30 14:56:34.545] [DEBUG] database - SELECT * FROM `act_tpl`  WHERE `id`=60 
[2018-05-30 14:56:34.559] [DEBUG] database - SELECT * FROM `act_config`  order by `id` DESC
[2018-05-30 14:56:38.722] [DEBUG] database - SELECT * FROM `act_tpl`  WHERE `id`=60 
[2018-05-30 14:56:38.728] [DEBUG] database - SELECT * FROM `act_config`  order by `id` DESC
[2018-05-30 14:56:43.703] [DEBUG] database - SELECT * FROM `act_tpl`  WHERE `id`=60 
[2018-05-30 14:56:43.710] [DEBUG] database - SELECT * FROM `act_config`  order by `id` DESC
[2018-05-30 14:56:46.579] [DEBUG] database - SELECT * FROM `act_tpl`  WHERE `id`=60 
[2018-05-30 14:56:46.594] [DEBUG] database - SELECT * FROM `act_config`  order by `id` DESC
[2018-05-30 14:56:52.219] [DEBUG] database - SELECT * FROM `act_tpl`  WHERE `id`=60 
[2018-05-30 14:56:52.227] [DEBUG] database - SELECT * FROM `act_config`  order by `id` DESC
[2018-05-30 14:56:53.860] [DEBUG] database - SELECT * FROM `act_tpl`  WHERE `id`=60 
[2018-05-30 14:56:53.871] [DEBUG] database - SELECT * FROM `act_config`  order by `id` DESC
[2018-05-30 14:56:59.779] [DEBUG] database - SELECT * FROM `act_tpl`  WHERE `id`=60 
[2018-05-30 14:56:59.784] [DEBUG] database - SELECT * FROM `act_config`  order by `id` DESC
[2018-05-30 14:57:05.993] [DEBUG] database - SELECT * FROM `act_tpl`  WHERE `id`=60 
[2018-05-30 14:57:05.999] [DEBUG] database - SELECT * FROM `act_config`  order by `id` DESC
[2018-05-30 14:57:08.740] [DEBUG] database - SELECT * FROM `act_tpl`  WHERE `id`=60 
[2018-05-30 14:57:08.744] [DEBUG] database - SELECT * FROM `act_config`  order by `id` DESC
[2018-05-30 14:58:53.483] [DEBUG] database - SELECT * FROM `act_tpl`  WHERE `id`=60 
[2018-05-30 14:58:53.499] [DEBUG] database - SELECT * FROM `act_config`  order by `id` DESC
[2018-05-30 14:59:55.997] [DEBUG] database - SELECT * FROM `act_tpl`  WHERE `id`=60 
[2018-05-30 14:59:56.006] [DEBUG] database - SELECT * FROM `act_config`  order by `id` DESC
[2018-05-30 15:01:42.696] [DEBUG] database - SELECT * FROM `act_tpl`  WHERE `id`=60 
[2018-05-30 15:01:42.703] [DEBUG] database - SELECT * FROM `act_config`  order by `id` DESC
[2018-05-30 15:14:53.287] [DEBUG] database - SELECT * FROM `act_tpl`  WHERE `id`=60 
[2018-05-30 15:14:53.304] [DEBUG] database - SELECT * FROM `act_config`  order by `id` DESC
[2018-05-30 15:15:23.272] [DEBUG] database - SELECT * FROM `act_tpl`  WHERE `id`=60 
[2018-05-30 15:15:23.318] [DEBUG] database - SELECT * FROM `act_config`  order by `id` DESC
[2018-05-30 15:16:03.921] [DEBUG] database - SELECT * FROM `act_tpl`  WHERE `id`=60 
[2018-05-30 15:16:03.935] [DEBUG] database - SELECT * FROM `act_config`  order by `id` DESC
[2018-05-30 15:17:56.393] [DEBUG] database - SELECT * FROM `act_tpl`  WHERE `id`=60 
[2018-05-30 15:17:56.417] [DEBUG] database - SELECT * FROM `act_config`  order by `id` DESC
[2018-05-30 15:20:17.895] [DEBUG] database - SELECT * FROM `act_tpl`  WHERE `id`=60 
[2018-05-30 15:20:17.901] [DEBUG] database - SELECT * FROM `act_config`  order by `id` DESC
[2018-05-30 15:23:31.066] [DEBUG] database - SELECT * FROM `act_tpl`  WHERE `id`=60 
[2018-05-30 15:23:31.081] [DEBUG] database - SELECT * FROM `act_config`  order by `id` DESC
[2018-05-30 15:25:15.133] [DEBUG] database - SHOW COLUMNS FROM `act`
[2018-05-30 15:25:15.149] [DEBUG] database - INSERT INTO `act` (`name`,`code`,`activity_code`,`url`,`data`,`status`,`components`,`user_id`,`create_time`) VALUES (":name",":code",":activity_code",":url",":data",:status,":components",:user_id,":create_time")
[2018-05-30 15:25:15.152] [DEBUG] database - INSERT INTO `act` (`name`,`code`,`activity_code`,`url`,`data`,`status`,`components`,`user_id`,`create_time`) VALUES ("","","752f30c4f1294ed69d2620dd02887834","","{&quot;title&quot;:&quot;简单借款&quot;,&quot;style&quot;:{&quot;background-color&quot;:&quot;&quot;,&quot;background-repeat&quot;:&quot;&quot;,&quot;background-image&quot;:&quot;&quot;},&quot;components&quot;:[{&quot;name&quot;:&quot;scratch&quot;,&quot;wrap&quot;:{&quot;style&quot;:{&quot;height&quot;:&quot;&quot;,&quot;background-image&quot;:&quot;&quot;,&quot;background-color&quot;:&quot;&quot;,&quot;min-height&quot;:&quot;&quot;}},&quot;box&quot;:{&quot;style&quot;:{&quot;background-image&quot;:&quot;/temp/20180530152331/1527665016458.png&quot;,&quot;margin-top&quot;:&quot;&quot;,&quot;padding-top&quot;:&quot;160px&quot;,&quot;width&quot;:&quot;785px&quot;,&quot;height&quot;:&quot;603px&quot;}},&quot;content&quot;:{&quot;style&quot;:{&quot;width&quot;:&quot;661px&quot;,&quot;height&quot;:&quot;335px&quot;}},&quot;mask&quot;:{&quot;style&quot;:{&quot;width&quot;:&quot;661px&quot;,&quot;height&quot;:&quot;335px&quot;,&quot;margin-top&quot;:&quot;-661px&quot;,&quot;background-image&quot;:&quot;/temp/20180530152331/1527665020505.png&quot;,&quot;background-color&quot;:&quot;&quot;}},&quot;prizes&quot;:[{&quot;id&quot;:&quot;&quot;,&quot;img&quot;:&quot;/temp/20180530152331/1527665028186.png&quot;,&quot;alert&quot;:&quot;&quot;},{&quot;id&quot;:&quot;&quot;,&quot;img&quot;:&quot;/temp/20180530152331/1527665067116.png&quot;,&quot;alert&quot;:&quot;&quot;},{&quot;id&quot;:&quot;&quot;,&quot;img&quot;:&quot;/temp/20180530152331/1527665099529.png&quot;,&quot;alert&quot;:&quot;&quot;}],&quot;buttons&quot;:{&quot;items&quot;:[{&quot;imageUrl&quot;:&quot;/temp/20180530152331/1527665033573.png&quot;,&quot;usages&quot;:[&quot;download&quot;],&quot;href&quot;:&quot;&quot;,&quot;style&quot;:{&quot;width&quot;:&quot;352px&quot;,&quot;margin-top&quot;:&quot;200px&quot;},&quot;responses&quot;:[],&quot;uuid&quot;:&quot;72bd900dc35b45ea8180ef049db0f3e9&quot;},{&quot;imageUrl&quot;:&quot;/temp/20180530152331/1527665071756.png&quot;,&quot;usages&quot;:[&quot;goApp&quot;,&quot;goAppCredit&quot;],&quot;href&quot;:&quot;&quot;,&quot;style&quot;:{&quot;width&quot;:&quot;352px&quot;,&quot;margin-top&quot;:&quot;200px&quot;},&quot;responses&quot;:[],&quot;uuid&quot;:&quot;1d803ef7bced41ffaebb2627679c7fbc&quot;},null]}}],&quot;activityCode&quot;:&quot;752f30c4f1294ed69d2620dd02887834&quot;,&quot;code&quot;:&quot;&quot;}",1,"scratch",1,"2018-05-30 03:25:15")
[2018-05-30 15:25:15.521] [DEBUG] database - SELECT count(*) as tmp_count FROM `act`
[2018-05-30 15:25:15.526] [DEBUG] database - SELECT * FROM `act`  order by `id` DESC LIMIT 0,15
[2018-05-30 15:25:18.655] [DEBUG] database - SELECT * FROM `act`  WHERE `id`=124 
[2018-05-30 15:25:18.671] [DEBUG] database - DELETE FROM `act` WHERE `id`=124 
[2018-05-30 15:25:18.701] [DEBUG] database - SELECT count(*) as tmp_count FROM `act`
[2018-05-30 15:25:18.702] [DEBUG] database - SELECT * FROM `act`  order by `id` DESC LIMIT 0,15
[2018-05-30 15:28:23.775] [DEBUG] database - SELECT * FROM `act`  WHERE `id`=125 
[2018-05-30 15:28:23.787] [DEBUG] database - SELECT * FROM `act_config`  order by `id` DESC
[2018-05-30 15:44:12.499] [DEBUG] database - SELECT * FROM `act`  WHERE `id`=125 
[2018-05-30 15:44:12.525] [DEBUG] database - SELECT * FROM `act_config`  order by `id` DESC
[2018-05-30 15:44:28.945] [DEBUG] database - SELECT * FROM `act`  WHERE `id`=125 
[2018-05-30 15:44:28.991] [DEBUG] database - SELECT * FROM `act_config`  order by `id` DESC
[2018-05-30 15:46:51.085] [DEBUG] database - SELECT * FROM `act`  WHERE `id`=125 
[2018-05-30 15:46:51.097] [DEBUG] database - SELECT * FROM `act_config`  order by `id` DESC
[2018-05-30 16:44:14.516] [DEBUG] database - SELECT * FROM `act`  WHERE `id`=125 
[2018-05-30 16:44:14.534] [DEBUG] database - SELECT * FROM `act_config`  order by `id` DESC
[2018-05-30 17:03:11.199] [DEBUG] database - SELECT * FROM `act_config`  order by `id` DESC
[2018-05-30 17:03:11.211] [DEBUG] database - SELECT * FROM `act`  WHERE `id`=125 
[2018-05-30 17:04:46.005] [DEBUG] database - SELECT * FROM `act`  WHERE `id`=125 
[2018-05-30 17:04:46.056] [DEBUG] database - SELECT * FROM `act_config`  order by `id` DESC
[2018-05-30 17:08:31.995] [DEBUG] database - SELECT * FROM `act`  WHERE `id`=125 
[2018-05-30 17:08:32.098] [DEBUG] database - SELECT * FROM `act_config`  order by `id` DESC
[2018-05-30 17:11:46.613] [DEBUG] database - SELECT * FROM `act`  WHERE `id`=125 
[2018-05-30 17:11:46.633] [DEBUG] database - SELECT * FROM `act_config`  order by `id` DESC
[2018-05-30 17:14:56.325] [DEBUG] database - SELECT * FROM `act`  WHERE `id`=125 
[2018-05-30 17:14:56.337] [DEBUG] database - SELECT * FROM `act_config`  order by `id` DESC
[2018-05-30 17:15:34.544] [DEBUG] database - SHOW COLUMNS FROM `act`
[2018-05-30 17:15:34.551] [DEBUG] database - UPDATE `act` SET `name`=":name",`code`=":code",`activity_code`=":activity_code",`data`=":data",`url`=":url",`components`=":components",`uuser_id`=:uuser_id,`status`=:status,`update_time`=":update_time" WHERE `id`=125 
[2018-05-30 17:15:34.553] [DEBUG] database - UPDATE `act` SET `name`="",`code`="",`activity_code`="752f30c4f1294ed69d2620dd02887834",`data`="{&quot;title&quot;:&quot;简单借款&quot;,&quot;style&quot;:{&quot;background-color&quot;:&quot;&quot;,&quot;background-repeat&quot;:&quot;&quot;,&quot;background-image&quot;:&quot;&quot;},&quot;components&quot;:[{&quot;name&quot;:&quot;scratch&quot;,&quot;wrap&quot;:{&quot;style&quot;:{&quot;height&quot;:&quot;&quot;,&quot;background-image&quot;:&quot;&quot;,&quot;background-color&quot;:&quot;&quot;,&quot;min-height&quot;:&quot;&quot;}},&quot;box&quot;:{&quot;style&quot;:{&quot;background-image&quot;:&quot;/temp/20180530152331/1527665016458.png&quot;,&quot;margin-top&quot;:&quot;&quot;,&quot;padding-top&quot;:&quot;160px&quot;,&quot;width&quot;:&quot;785px&quot;,&quot;height&quot;:&quot;603px&quot;}},&quot;content&quot;:{&quot;style&quot;:{&quot;width&quot;:&quot;661px&quot;,&quot;height&quot;:&quot;335px&quot;}},&quot;mask&quot;:{&quot;style&quot;:{&quot;width&quot;:&quot;661px&quot;,&quot;height&quot;:&quot;335px&quot;,&quot;background-image&quot;:&quot;/temp/20180530152331/1527665020505.png&quot;,&quot;background-color&quot;:&quot;&quot;}},&quot;prizes&quot;:[{&quot;id&quot;:&quot;&quot;,&quot;img&quot;:&quot;/temp/20180530152331/1527665028186.png&quot;,&quot;alert&quot;:&quot;&quot;},{&quot;id&quot;:&quot;&quot;,&quot;img&quot;:&quot;/temp/20180530152331/1527665067116.png&quot;,&quot;alert&quot;:&quot;&quot;},{&quot;id&quot;:&quot;&quot;,&quot;img&quot;:&quot;/temp/20180530152331/1527665099529.png&quot;,&quot;alert&quot;:&quot;&quot;}],&quot;buttons&quot;:{&quot;items&quot;:[{&quot;imageUrl&quot;:&quot;/temp/20180530152331/1527665033573.png&quot;,&quot;usages&quot;:[&quot;download&quot;],&quot;href&quot;:&quot;&quot;,&quot;style&quot;:{&quot;width&quot;:&quot;352px&quot;,&quot;margin-top&quot;:&quot;200px&quot;},&quot;responses&quot;:[],&quot;uuid&quot;:&quot;72bd900dc35b45ea8180ef049db0f3e9&quot;},{&quot;imageUrl&quot;:&quot;/temp/20180530152331/1527665071756.png&quot;,&quot;usages&quot;:[&quot;goApp&quot;,&quot;goAppCredit&quot;],&quot;href&quot;:&quot;&quot;,&quot;style&quot;:{&quot;width&quot;:&quot;352px&quot;,&quot;margin-top&quot;:&quot;200px&quot;},&quot;responses&quot;:[],&quot;uuid&quot;:&quot;1d803ef7bced41ffaebb2627679c7fbc&quot;},null]}}],&quot;activityCode&quot;:&quot;752f30c4f1294ed69d2620dd02887834&quot;,&quot;code&quot;:&quot;&quot;}",`url`="",`components`="scratch",`uuser_id`=1,`status`=CASE WHEN `status` = 2 THEN 3 ELSE `status` END,`update_time`="2018-05-30 05:15:34" WHERE `id`=125 
[2018-05-30 17:15:34.954] [DEBUG] database - SELECT count(*) as tmp_count FROM `act`
[2018-05-30 17:15:34.955] [DEBUG] database - SELECT * FROM `act`  order by `id` DESC LIMIT 0,15
[2018-05-30 17:15:37.458] [DEBUG] database - SELECT * FROM `act`  WHERE `id`=125 
[2018-05-30 17:15:37.470] [DEBUG] database - SELECT * FROM `act_config`  order by `id` DESC
[2018-05-30 17:15:51.613] [DEBUG] database - SHOW COLUMNS FROM `act`
[2018-05-30 17:15:51.641] [DEBUG] database - UPDATE `act` SET `name`=":name",`code`=":code",`activity_code`=":activity_code",`data`=":data",`url`=":url",`components`=":components",`uuser_id`=:uuser_id,`status`=:status,`update_time`=":update_time" WHERE `id`=125 
[2018-05-30 17:15:51.641] [DEBUG] database - UPDATE `act` SET `name`="",`code`="",`activity_code`="752f30c4f1294ed69d2620dd02887834",`data`="{&quot;title&quot;:&quot;简单借款&quot;,&quot;style&quot;:{&quot;background-color&quot;:&quot;&quot;,&quot;background-repeat&quot;:&quot;&quot;,&quot;background-image&quot;:&quot;&quot;},&quot;components&quot;:[{&quot;name&quot;:&quot;scratch&quot;,&quot;wrap&quot;:{&quot;style&quot;:{&quot;height&quot;:&quot;&quot;,&quot;background-image&quot;:&quot;&quot;,&quot;background-color&quot;:&quot;&quot;,&quot;min-height&quot;:&quot;&quot;}},&quot;box&quot;:{&quot;style&quot;:{&quot;background-image&quot;:&quot;/temp/20180530152331/1527665016458.png&quot;,&quot;margin-top&quot;:&quot;&quot;,&quot;padding-top&quot;:&quot;160px&quot;,&quot;width&quot;:&quot;785px&quot;,&quot;height&quot;:&quot;603px&quot;}},&quot;content&quot;:{&quot;style&quot;:{&quot;width&quot;:&quot;661px&quot;,&quot;height&quot;:&quot;335px&quot;}},&quot;mask&quot;:{&quot;style&quot;:{&quot;width&quot;:&quot;661px&quot;,&quot;height&quot;:&quot;335px&quot;,&quot;background-image&quot;:&quot;/temp/20180530152331/1527665020505.png&quot;,&quot;background-color&quot;:&quot;&quot;}},&quot;prizes&quot;:[{&quot;id&quot;:&quot;1&quot;,&quot;img&quot;:&quot;/temp/20180530152331/1527665028186.png&quot;,&quot;alert&quot;:&quot;&quot;},{&quot;id&quot;:&quot;2&quot;,&quot;img&quot;:&quot;/temp/20180530152331/1527665067116.png&quot;,&quot;alert&quot;:&quot;&quot;},{&quot;id&quot;:&quot;3&quot;,&quot;img&quot;:&quot;/temp/20180530152331/1527665099529.png&quot;,&quot;alert&quot;:&quot;&quot;}],&quot;buttons&quot;:{&quot;items&quot;:[{&quot;imageUrl&quot;:&quot;/temp/20180530152331/1527665033573.png&quot;,&quot;usages&quot;:[&quot;download&quot;],&quot;href&quot;:&quot;&quot;,&quot;style&quot;:{&quot;width&quot;:&quot;352px&quot;,&quot;margin-top&quot;:&quot;200px&quot;},&quot;responses&quot;:[],&quot;uuid&quot;:&quot;72bd900dc35b45ea8180ef049db0f3e9&quot;},{&quot;imageUrl&quot;:&quot;/temp/20180530152331/1527665071756.png&quot;,&quot;usages&quot;:[&quot;goApp&quot;,&quot;goAppCredit&quot;],&quot;href&quot;:&quot;&quot;,&quot;style&quot;:{&quot;width&quot;:&quot;352px&quot;,&quot;margin-top&quot;:&quot;200px&quot;},&quot;responses&quot;:[],&quot;uuid&quot;:&quot;1d803ef7bced41ffaebb2627679c7fbc&quot;},null]}}],&quot;activityCode&quot;:&quot;752f30c4f1294ed69d2620dd02887834&quot;,&quot;code&quot;:&quot;&quot;}",`url`="",`components`="scratch",`uuser_id`=1,`status`=CASE WHEN `status` = 2 THEN 3 ELSE `status` END,`update_time`="2018-05-30 05:15:51" WHERE `id`=125 
[2018-05-30 17:15:51.930] [DEBUG] database - SELECT count(*) as tmp_count FROM `act`
[2018-05-30 17:15:51.931] [DEBUG] database - SELECT * FROM `act`  order by `id` DESC LIMIT 0,15
[2018-05-30 17:15:53.549] [DEBUG] database - SELECT * FROM `act`  WHERE `id`=125 
[2018-05-30 17:15:53.573] [DEBUG] database - SELECT * FROM `act_config`  order by `id` DESC
