[2017-11-01 17:13:25.407] [DEBUG] database - SELECT * FROM `file_type`  WHERE `status`=1 
[2017-11-01 17:13:25.414] [DEBUG] database - SELECT count(*) as tmp_count FROM `files`
[2017-11-01 17:13:25.417] [DEBUG] database - SELECT * FROM `file_type`  WHERE `status`=1 
[2017-11-01 17:13:25.419] [DEBUG] database - SELECT * FROM `files`  order by `id` DESC LIMIT 0,15
[2017-11-01 17:14:04.097] [DEBUG] database - SELECT * FROM `config`  WHERE `status`=1 
[2017-11-01 17:14:04.098] [DEBUG] database - SELECT * FROM `file_type`  WHERE `id`=2 
[2017-11-01 17:14:04.107] [DEBUG] database - SELECT * FROM `file_type`  WHERE `id` in (0,2)  order by `id` ASC
[2017-11-01 17:14:04.154] [DEBUG] database - SHOW COLUMNS FROM `files`
[2017-11-01 17:14:04.162] [DEBUG] database - INSERT INTO `files` (`typeid`,`name`,`filepath`,`filesize`,`create_time`) VALUES (:typeid,":name",":filepath",:filesize,":create_time")
[2017-11-01 17:14:04.162] [DEBUG] database - INSERT INTO `files` (`typeid`,`name`,`filepath`,`filesize`,`create_time`) VALUES (2,"tttt","http://local_node.jiandanjiekuan.com/images/image/upload_a849956b50f96c602e9834128ad64553.jpg",19239,"2017-11-01 05:14:04")
[2017-11-01 17:14:04.219] [DEBUG] database - SELECT * FROM `file_type`  WHERE `status`=1 
[2017-11-01 17:14:04.220] [DEBUG] database - SELECT count(*) as tmp_count FROM `files`
[2017-11-01 17:14:04.224] [DEBUG] database - SELECT * FROM `files`  order by `id` DESC LIMIT 0,15
[2017-11-01 17:18:58.405] [DEBUG] database - SELECT * FROM `file_type`  WHERE `id`=2 
[2017-11-01 17:18:58.411] [DEBUG] database - SELECT * FROM `file_type`  WHERE `id` in (0,2)  order by `id` ASC
[2017-11-01 17:18:58.440] [DEBUG] database - SHOW COLUMNS FROM `files`
[2017-11-01 17:18:58.447] [DEBUG] database - INSERT INTO `files` (`typeid`,`name`,`filepath`,`filesize`,`create_time`) VALUES (:typeid,":name",":filepath",:filesize,":create_time")
[2017-11-01 17:18:58.447] [DEBUG] database - INSERT INTO `files` (`typeid`,`name`,`filepath`,`filesize`,`create_time`) VALUES (2,"afsdfasdf","http://local_node.jiandanjiekuan.com/images/image/upload_37d65c13dcad832cf7a43a1f5481323f.jpg",19239,"2017-11-01 05:18:58")
[2017-11-01 17:18:58.473] [DEBUG] database - SELECT * FROM `file_type`  WHERE `status`=1 
[2017-11-01 17:18:58.478] [DEBUG] database - SELECT * FROM `files`  order by `id` DESC LIMIT 0,15
[2017-11-01 17:18:58.479] [DEBUG] database - SELECT count(*) as tmp_count FROM `files`
[2017-11-01 17:52:40.823] [DEBUG] database - SELECT * FROM `menus`  WHERE `status`=1  order by `sort` ASC
[2017-11-01 17:52:40.840] [DEBUG] database - SELECT * FROM `file_type`  WHERE `status`=1 
[2017-11-01 17:52:40.843] [DEBUG] database - SELECT * FROM `file_type`  WHERE `status`=1 
[2017-11-01 17:52:40.844] [DEBUG] database - SELECT count(*) as tmp_count FROM `files`
[2017-11-01 17:52:40.859] [DEBUG] database - SELECT * FROM `files`  order by `id` DESC LIMIT 0,15
[2017-11-01 17:56:10.900] [DEBUG] database - SELECT * FROM `menus`  WHERE `status`=1  order by `sort` ASC
[2017-11-01 17:56:10.918] [DEBUG] database - SELECT * FROM `file_type`  WHERE `status`=1 
[2017-11-01 17:56:10.919] [DEBUG] database - SELECT * FROM `file_type`  WHERE `status`=1 
[2017-11-01 17:56:10.919] [DEBUG] database - SELECT count(*) as tmp_count FROM `files`
[2017-11-01 17:56:10.934] [DEBUG] database - SELECT * FROM `files`  order by `id` DESC LIMIT 0,15
[2017-11-01 17:56:24.160] [DEBUG] database - SELECT * FROM `config`  WHERE `status`=1 
[2017-11-01 17:56:24.161] [DEBUG] database - SELECT * FROM `file_type`  WHERE `id`=2 
[2017-11-01 17:56:24.170] [DEBUG] database - SELECT * FROM `file_type`  WHERE `id` in (0,2)  order by `id` ASC
[2017-11-01 17:56:24.262] [DEBUG] database - SHOW COLUMNS FROM `files`
[2017-11-01 17:56:24.278] [DEBUG] database - INSERT INTO `files` (`typeid`,`name`,`filepath`,`filesize`,`create_time`) VALUES (:typeid,":name",":filepath",:filesize,":create_time")
[2017-11-01 17:56:24.280] [DEBUG] database - INSERT INTO `files` (`typeid`,`name`,`filepath`,`filesize`,`create_time`) VALUES (2,"rrrrrrrr","http://local_node.jiandanjiekuan.com/images/image/upload_1369b5dc7cd37d05078915089ee0a1b0.jpg",19239,"2017-11-01 05:56:24")
[2017-11-01 17:56:24.344] [DEBUG] database - SELECT * FROM `file_type`  WHERE `status`=1 
[2017-11-01 17:56:24.346] [DEBUG] database - SELECT count(*) as tmp_count FROM `files`
[2017-11-01 17:56:24.376] [DEBUG] database - SELECT * FROM `files`  order by `id` DESC LIMIT 0,15
[2017-11-01 17:57:47.002] [DEBUG] database - SELECT * FROM `file_type`  WHERE `status`=1 
[2017-11-01 17:57:47.003] [DEBUG] database - SELECT count(*) as tmp_count FROM `files`
[2017-11-01 17:57:47.010] [DEBUG] database - SELECT * FROM `file_type`  WHERE `status`=1 
[2017-11-01 17:57:47.011] [DEBUG] database - SELECT * FROM `files`  order by `id` DESC LIMIT 0,15
[2017-11-01 17:58:24.036] [DEBUG] database - SELECT * FROM `file_type`  WHERE `status`=1 
[2017-11-01 17:58:24.037] [DEBUG] database - SELECT count(*) as tmp_count FROM `files`
[2017-11-01 17:58:24.043] [DEBUG] database - SELECT * FROM `file_type`  WHERE `status`=1 
[2017-11-01 17:58:24.043] [DEBUG] database - SELECT * FROM `files`  order by `id` DESC LIMIT 0,15
[2017-11-01 17:59:45.998] [DEBUG] database - SELECT * FROM `file_type`  WHERE `id`=2 
[2017-11-01 17:59:46.003] [DEBUG] database - SELECT * FROM `file_type`  WHERE `id` in (0,2)  order by `id` ASC
[2017-11-01 17:59:46.037] [DEBUG] database - SHOW COLUMNS FROM `files`
[2017-11-01 17:59:46.046] [DEBUG] database - INSERT INTO `files` (`typeid`,`name`,`filepath`,`filesize`,`create_time`) VALUES (:typeid,":name",":filepath",:filesize,":create_time")
[2017-11-01 17:59:46.047] [DEBUG] database - INSERT INTO `files` (`typeid`,`name`,`filepath`,`filesize`,`create_time`) VALUES (2,"fasdfasdf","http://local_node.jiandanjiekuan.com/images/image/upload_c83eef644694ff7cd47256199f28df1b.jpg",19239,"2017-11-01 05:59:46")
[2017-11-01 17:59:46.086] [DEBUG] database - SELECT * FROM `file_type`  WHERE `status`=1 
[2017-11-01 17:59:46.095] [DEBUG] database - SELECT count(*) as tmp_count FROM `files`
[2017-11-01 17:59:46.102] [DEBUG] database - SELECT * FROM `files`  order by `id` DESC LIMIT 0,15
