[2018-01-09 09:52:15.944] [DEBUG] database - SELECT * FROM `users`  WHERE `email`="admin@jdjk.com" 
[2018-01-09 09:52:15.965] [DEBUG] database - SELECT * FROM `roles`  WHERE `id`=1 
[2018-01-09 09:52:15.970] [DEBUG] database - SELECT * FROM `dep`  WHERE `id`=1 
[2018-01-09 09:52:15.976] [DEBUG] database - SELECT * FROM `dep`  WHERE `id` in (0,1)  order by `pids` ASC
[2018-01-09 09:52:15.994] [DEBUG] database - SHOW COLUMNS FROM `logs`
[2018-01-09 09:52:16.013] [DEBUG] database - INSERT INTO `logs` (`content`,`url`,`ip`,`username`,`create_time`) VALUES (":content",":url",":ip",":username",":create_time")
[2018-01-09 09:52:16.014] [DEBUG] database - INSERT INTO `logs` (`content`,`url`,`ip`,`username`,`create_time`) VALUES ("登录成功:admin","/api/signin","127.0.0.1","admin","2018-01-09 09:52:15")
[2018-01-09 09:52:16.080] [DEBUG] database - SELECT * FROM `menus`  WHERE `status`=1  order by `sort` ASC
[2018-01-09 09:53:05.699] [DEBUG] database - SELECT count(*) as tmp_count FROM `act_tpl`
[2018-01-09 09:53:05.700] [DEBUG] database - SELECT * FROM `act_tpl`  order by `id` DESC LIMIT 0,15
[2018-01-09 09:53:12.152] [DEBUG] database - SELECT count(*) as tmp_count FROM `act`
[2018-01-09 09:53:12.153] [DEBUG] database - SELECT * FROM `act`  order by `id` DESC LIMIT 0,15
[2018-01-09 09:53:23.912] [DEBUG] database - SELECT count(*) as tmp_count FROM `act_tpl`
[2018-01-09 09:53:23.913] [DEBUG] database - SELECT * FROM `act_tpl`  order by `id` DESC LIMIT 0,15
[2018-01-09 09:55:54.134] [DEBUG] database - SELECT * FROM `config`  WHERE `status`=1 
[2018-01-09 09:55:54.156] [DEBUG] database - SHOW COLUMNS FROM `act_tpl`
[2018-01-09 09:55:54.174] [DEBUG] database - INSERT INTO `act_tpl` (`name`,`code`,`cover`,`parts`,`desc`,`status`,`count`,`create_time`) VALUES (":name",":code",":cover",":parts",":desc",:status,:count,":create_time")
[2018-01-09 09:55:54.175] [DEBUG] database - INSERT INTO `act_tpl` (`name`,`code`,`cover`,`parts`,`desc`,`status`,`count`,`create_time`) VALUES ("注册测试","regtest","/images/act_tpl_image/1515462954153.png","images,forms,alerts,alerts,alerts","",1,0,"2018-01-09 09:55:54")
[2018-01-09 09:55:54.454] [DEBUG] database - SELECT count(*) as tmp_count FROM `act_tpl`
[2018-01-09 09:55:54.460] [DEBUG] database - SELECT * FROM `act_tpl`  order by `id` DESC LIMIT 0,15
[2018-01-09 09:56:19.736] [DEBUG] database - SELECT count(*) as tmp_count FROM `act`
[2018-01-09 09:56:19.737] [DEBUG] database - SELECT * FROM `act`  order by `id` DESC LIMIT 0,15
[2018-01-09 09:56:21.223] [DEBUG] database - SELECT count(*) as tmp_count FROM `act_tpl`
[2018-01-09 09:56:21.224] [DEBUG] database - SELECT * FROM `act_tpl`  order by `id` DESC LIMIT 0,15
[2018-01-09 09:56:26.509] [DEBUG] database - SELECT count(*) as tmp_count FROM `act`
[2018-01-09 09:56:26.510] [DEBUG] database - SELECT * FROM `act`  order by `id` DESC LIMIT 0,15
[2018-01-09 09:56:27.482] [DEBUG] database - SELECT count(*) as tmp_count FROM `act_tpl`
[2018-01-09 09:56:27.483] [DEBUG] database - SELECT * FROM `act_tpl`  order by `id` DESC LIMIT 0,15
[2018-01-09 10:02:08.233] [DEBUG] database - SELECT * FROM `act_tpl`  order by `id` DESC LIMIT 0,15
[2018-01-09 10:02:08.233] [DEBUG] database - SELECT count(*) as tmp_count FROM `act_tpl`
[2018-01-09 10:02:37.866] [DEBUG] database - SELECT count(*) as tmp_count FROM `act_tpl`
[2018-01-09 10:02:37.868] [DEBUG] database - SELECT * FROM `act_tpl`  order by `id` DESC LIMIT 0,15
[2018-01-09 10:02:43.077] [DEBUG] database - SELECT count(*) as tmp_count FROM `act_tpl`
[2018-01-09 10:02:43.077] [DEBUG] database - SELECT * FROM `act_tpl`  order by `id` DESC LIMIT 0,15
[2018-01-09 10:03:39.585] [DEBUG] database - SELECT count(*) as tmp_count FROM `act_tpl`
[2018-01-09 10:03:39.586] [DEBUG] database - SELECT * FROM `act_tpl`  order by `id` DESC LIMIT 0,15
[2018-01-09 10:10:46.648] [DEBUG] database - SELECT count(*) as tmp_count FROM `act_tpl`
[2018-01-09 10:10:46.649] [DEBUG] database - SELECT * FROM `act_tpl`  order by `id` DESC LIMIT 0,15
[2018-01-09 10:11:13.225] [DEBUG] database - SELECT count(*) as tmp_count FROM `act_tpl`
[2018-01-09 10:11:13.226] [DEBUG] database - SELECT * FROM `act_tpl`  order by `id` DESC LIMIT 0,15
[2018-01-09 10:12:50.889] [DEBUG] database - SELECT * FROM `menus`  WHERE `status`=1  order by `sort` ASC
[2018-01-09 10:12:50.907] [DEBUG] database - SELECT count(*) as tmp_count FROM `act_tpl`
[2018-01-09 10:12:50.926] [DEBUG] database - SELECT * FROM `act_tpl`  order by `id` DESC LIMIT 0,15
[2018-01-09 10:27:20.875] [DEBUG] database - SELECT count(*) as tmp_count FROM `act_tpl`
[2018-01-09 10:27:20.876] [DEBUG] database - SELECT * FROM `act_tpl`  order by `id` DESC LIMIT 0,15
[2018-01-09 10:28:32.641] [DEBUG] database - SELECT * FROM `act_tpl`  order by `id` DESC LIMIT 0,15
[2018-01-09 10:28:32.645] [DEBUG] database - SELECT count(*) as tmp_count FROM `act_tpl`
[2018-01-09 10:29:41.727] [DEBUG] database - SELECT * FROM `act_tpl`  order by `id` DESC LIMIT 0,15
[2018-01-09 10:29:41.729] [DEBUG] database - SELECT count(*) as tmp_count FROM `act_tpl`
[2018-01-09 10:29:59.759] [DEBUG] database - SELECT count(*) as tmp_count FROM `act_tpl`
[2018-01-09 10:29:59.761] [DEBUG] database - SELECT * FROM `act_tpl`  order by `id` DESC LIMIT 0,15
[2018-01-09 10:30:02.977] [DEBUG] database - SELECT count(*) as tmp_count FROM `act_tpl`
[2018-01-09 10:30:02.979] [DEBUG] database - SELECT * FROM `act_tpl`  order by `id` DESC LIMIT 0,15
[2018-01-09 10:42:49.754] [DEBUG] database - SELECT * FROM `menus`  WHERE `status`=1  order by `sort` ASC
[2018-01-09 10:42:49.785] [DEBUG] database - SELECT * FROM `act_tpl`  order by `id` DESC
[2018-01-09 10:42:56.951] [DEBUG] database - SELECT * FROM `act_tpl`  order by `id` DESC
[2018-01-09 10:47:26.038] [DEBUG] database - SELECT * FROM `act_tpl`  WHERE `id`=37 
[2018-01-09 11:08:10.428] [DEBUG] database - SELECT * FROM `menus`  WHERE `status`=1  order by `sort` ASC
[2018-01-09 11:08:10.452] [DEBUG] database - SELECT * FROM `act_tpl`  WHERE `id`=37 
[2018-01-09 15:24:32.829] [DEBUG] database - SELECT count(*) as tmp_count FROM `act`
[2018-01-09 15:24:32.831] [DEBUG] database - SELECT * FROM `act`  order by `id` DESC LIMIT 0,15
[2018-01-09 15:24:34.954] [DEBUG] database - SELECT * FROM `act_tpl`  order by `id` DESC
[2018-01-09 15:24:52.649] [DEBUG] database - SELECT * FROM `act_tpl`  WHERE `id`=35 
[2018-01-09 15:25:00.856] [DEBUG] database - SELECT * FROM `act_tpl`  order by `id` DESC
[2018-01-09 15:25:03.041] [DEBUG] database - SELECT * FROM `act_tpl`  WHERE `id`=36 
[2018-01-09 15:25:49.536] [DEBUG] database - SELECT * FROM `act_tpl`  WHERE `id`=36 
[2018-01-09 15:25:55.387] [DEBUG] database - SELECT * FROM `act_tpl`  order by `id` DESC
[2018-01-09 15:26:06.253] [DEBUG] database - SELECT * FROM `act_tpl`  WHERE `id`=25 
[2018-01-09 15:26:51.471] [DEBUG] database - SHOW COLUMNS FROM `act`
[2018-01-09 15:26:51.488] [DEBUG] database - INSERT INTO `act` (`name`,`code`,`activity_code`,`url`,`data`,`status`,`components`,`user_id`,`create_time`) VALUES (":name",":code",":activity_code",":url",":data",:status,":components",:user_id,":create_time")
[2018-01-09 15:26:51.490] [DEBUG] database - INSERT INTO `act` (`name`,`code`,`activity_code`,`url`,`data`,`status`,`components`,`user_id`,`create_time`) VALUES ("","","f94516be763648ac9c5fa68944688cf7","","{&quot;title&quot;:&quot;简单借款&quot;,&quot;style&quot;:{&quot;background-color&quot;:&quot;&quot;,&quot;background-repeat&quot;:&quot;no-repeat&quot;,&quot;background-image&quot;:&quot;&quot;},&quot;components&quot;:[{&quot;name&quot;:&quot;images&quot;,&quot;image_path&quot;:[]},{&quot;name&quot;:&quot;buttons&quot;,&quot;buttons&quot;:[],&quot;wrap&quot;:{&quot;style&quot;:{&quot;height&quot;:&quot;&quot;,&quot;background-image&quot;:&quot;&quot;,&quot;background-color&quot;:&quot;&quot;}}},{&quot;name&quot;:&quot;forms&quot;,&quot;image_path&quot;:[],&quot;wrap&quot;:{&quot;value&quot;:&quot;&quot;,&quot;iconcolor&quot;:&quot;&quot;,&quot;style&quot;:{&quot;width&quot;:&quot;&quot;,&quot;background-color&quot;:&quot;&quot;,&quot;background-image&quot;:&quot;&quot;}},&quot;input&quot;:{&quot;style&quot;:{&quot;height&quot;:&quot;&quot;},&quot;borderColor&quot;:&quot;&quot;},&quot;buttons&quot;:{&quot;imageUrl&quot;:&quot;&quot;,&quot;usages&quot;:[],&quot;href&quot;:&quot;&quot;,&quot;style&quot;:{&quot;width&quot;:&quot;&quot;,&quot;height&quot;:&quot;&quot;},&quot;responses&quot;:[],&quot;uuid&quot;:&quot;5c3daad471c44a76819b4447e39e389f&quot;}},{&quot;name&quot;:&quot;footers&quot;,&quot;footer&quot;:{&quot;style&quot;:{&quot;width&quot;:&quot;&quot;,&quot;height&quot;:&quot;&quot;,&quot;color&quot;:&quot;&quot;,&quot;background-color&quot;:&quot;&quot;},&quot;txt&quot;:{&quot;line1&quot;:{&quot;content&quot;:&quot;&quot;,&quot;style&quot;:{&quot;font-size&quot;:&quot;&quot;}},&quot;line2&quot;:{&quot;content&quot;:&quot;&quot;,&quot;style&quot;:{&quot;font-size&quot;:&quot;&quot;}},&quot;line3&quot;:{&quot;content&quot;:&quot;&quot;,&quot;style&quot;:{&quot;font-size&quot;:&quot;&quot;}}}}},{&quot;name&quot;:&quot;alerts&quot;,&quot;wrap&quot;:{&quot;closeBtn&quot;:{&quot;isShow&quot;:false,&quot;image_path&quot;:[]},&quot;style&quot;:{&quot;width&quot;:&quot;&quot;,&quot;height&quot;:&quot;&quot;,&quot;background-color&quot;:&quot;&quot;,&quot;background-image&quot;:&quot;&quot;,&quot;background-repeat&quot;:&quot;&quot;,&quot;border-radius&quot;:&quot;&quot;}},&quot;contents&quot;:{&quot;name&quot;:&quot;&quot;,&quot;image_path&quot;:[]},&quot;buttons&quot;:[{&quot;imageUrl&quot;:&quot;/temp/20180109152606/btn0_1515482776439.png&quot;,&quot;usages&quot;:[],&quot;href&quot;:&quot;&quot;,&quot;style&quot;:{&quot;width&quot;:&quot;400px&quot;,&quot;height&quot;:&quot;&quot;},&quot;responses&quot;:[],&quot;uuid&quot;:&quot;de34ba27c5da4c46884d40ee3f3f38c9&quot;},{&quot;imageUrl&quot;:&quot;/temp/20180109152606/btn_1515482787747.png&quot;,&quot;usages&quot;:[],&quot;href&quot;:&quot;&quot;,&quot;style&quot;:{&quot;width&quot;:&quot;400px&quot;,&quot;height&quot;:&quot;&quot;},&quot;responses&quot;:[],&quot;uuid&quot;:&quot;b5280a5729d3466ba3382c98fb84077c&quot;}]},{&quot;name&quot;:&quot;alerts&quot;,&quot;wrap&quot;:{&quot;closeBtn&quot;:{&quot;isShow&quot;:false,&quot;image_path&quot;:[]},&quot;style&quot;:{&quot;width&quot;:&quot;&quot;,&quot;height&quot;:&quot;&quot;,&quot;background-color&quot;:&quot;&quot;,&quot;background-image&quot;:&quot;&quot;,&quot;background-repeat&quot;:&quot;&quot;,&quot;border-radius&quot;:&quot;&quot;}},&quot;contents&quot;:{&quot;name&quot;:&quot;&quot;,&quot;image_path&quot;:[]},&quot;buttons&quot;:[]},{&quot;name&quot;:&quot;alerts&quot;,&quot;wrap&quot;:{&quot;closeBtn&quot;:{&quot;isShow&quot;:false,&quot;image_path&quot;:[]},&quot;style&quot;:{&quot;width&quot;:&quot;&quot;,&quot;height&quot;:&quot;&quot;,&quot;background-color&quot;:&quot;&quot;,&quot;background-image&quot;:&quot;&quot;,&quot;background-repeat&quot;:&quot;&quot;,&quot;border-radius&quot;:&quot;&quot;}},&quot;contents&quot;:{&quot;name&quot;:&quot;&quot;,&quot;image_path&quot;:[]},&quot;buttons&quot;:[]},{&quot;name&quot;:&quot;alerts&quot;,&quot;wrap&quot;:{&quot;closeBtn&quot;:{&quot;isShow&quot;:false,&quot;image_path&quot;:[]},&quot;style&quot;:{&quot;width&quot;:&quot;&quot;,&quot;height&quot;:&quot;&quot;,&quot;background-color&quot;:&quot;&quot;,&quot;background-image&quot;:&quot;&quot;,&quot;background-repeat&quot;:&quot;&quot;,&quot;border-radius&quot;:&quot;&quot;}},&quot;contents&quot;:{&quot;name&quot;:&quot;&quot;,&quot;image_path&quot;:[]},&quot;buttons&quot;:[]}],&quot;activityCode&quot;:&quot;f94516be763648ac9c5fa68944688cf7&quot;}",1,"images,buttons,forms,footers,alerts,alerts,alerts,alerts",1,"2018-01-09 03:26:51")
[2018-01-09 15:26:51.785] [DEBUG] database - SELECT count(*) as tmp_count FROM `act`
[2018-01-09 15:26:51.791] [DEBUG] database - SELECT * FROM `act`  order by `id` DESC LIMIT 0,15
[2018-01-09 15:26:54.545] [DEBUG] database - SELECT * FROM `act`  WHERE `id`=69 
[2018-01-09 15:27:12.282] [DEBUG] database - SELECT * FROM `act_tpl`  order by `id` DESC
[2018-01-09 15:27:15.058] [DEBUG] database - SELECT count(*) as tmp_count FROM `act`
[2018-01-09 15:27:15.059] [DEBUG] database - SELECT * FROM `act`  order by `id` DESC LIMIT 0,15
[2018-01-09 15:36:18.032] [DEBUG] database - SELECT * FROM `config`  WHERE `status`=1 
[2018-01-09 15:36:18.044] [DEBUG] database - SELECT * FROM `act`  WHERE `id`=69 
[2018-01-09 15:36:18.051] [DEBUG] database - DELETE FROM `act` WHERE `id`=69 
[2018-01-09 15:36:18.088] [DEBUG] database - SELECT count(*) as tmp_count FROM `act`
[2018-01-09 15:36:18.093] [DEBUG] database - SELECT * FROM `act`  order by `id` DESC LIMIT 0,15
[2018-01-09 15:36:23.629] [DEBUG] database - SELECT * FROM `act_tpl`  order by `id` DESC
[2018-01-09 15:36:27.358] [DEBUG] database - SELECT * FROM `act_tpl`  WHERE `id`=38 
[2018-01-09 15:37:26.328] [DEBUG] database - SHOW COLUMNS FROM `act`
[2018-01-09 15:37:26.341] [DEBUG] database - INSERT INTO `act` (`name`,`code`,`activity_code`,`url`,`data`,`status`,`components`,`user_id`,`create_time`) VALUES (":name",":code",":activity_code",":url",":data",:status,":components",:user_id,":create_time")
[2018-01-09 15:37:26.341] [DEBUG] database - INSERT INTO `act` (`name`,`code`,`activity_code`,`url`,`data`,`status`,`components`,`user_id`,`create_time`) VALUES ("","","5e9b218e18c447eda6b9b6fe154ce73b","","{&quot;title&quot;:&quot;简单借款&quot;,&quot;style&quot;:{&quot;background-color&quot;:&quot;&quot;,&quot;background-repeat&quot;:&quot;no-repeat&quot;,&quot;background-image&quot;:&quot;&quot;},&quot;components&quot;:[{&quot;name&quot;:&quot;images&quot;,&quot;image_path&quot;:[]},{&quot;name&quot;:&quot;forms&quot;,&quot;image_path&quot;:[],&quot;wrap&quot;:{&quot;value&quot;:&quot;&quot;,&quot;iconcolor&quot;:&quot;&quot;,&quot;style&quot;:{&quot;width&quot;:&quot;&quot;,&quot;background-color&quot;:&quot;&quot;,&quot;background-image&quot;:&quot;&quot;}},&quot;input&quot;:{&quot;style&quot;:{&quot;height&quot;:&quot;&quot;},&quot;borderColor&quot;:&quot;&quot;},&quot;buttons&quot;:{&quot;imageUrl&quot;:&quot;&quot;,&quot;usages&quot;:[],&quot;href&quot;:&quot;&quot;,&quot;style&quot;:{&quot;width&quot;:&quot;&quot;,&quot;height&quot;:&quot;&quot;},&quot;responses&quot;:[],&quot;uuid&quot;:&quot;8fe7f0f4df5e494ba6db0e91f57fbd3d&quot;}},{&quot;name&quot;:&quot;alerts&quot;,&quot;wrap&quot;:{&quot;closeBtn&quot;:{&quot;isShow&quot;:false,&quot;image_path&quot;:[]},&quot;style&quot;:{&quot;width&quot;:&quot;&quot;,&quot;height&quot;:&quot;&quot;,&quot;background-color&quot;:&quot;&quot;,&quot;background-image&quot;:&quot;&quot;,&quot;background-repeat&quot;:&quot;&quot;,&quot;border-radius&quot;:&quot;&quot;}},&quot;contents&quot;:{&quot;name&quot;:&quot;&quot;,&quot;image_path&quot;:[]},&quot;buttons&quot;:[{&quot;imageUrl&quot;:&quot;/temp/20180109153627/btn0_1515483402579.png&quot;,&quot;usages&quot;:[],&quot;href&quot;:&quot;&quot;,&quot;style&quot;:{&quot;width&quot;:&quot;300px&quot;,&quot;height&quot;:&quot;&quot;},&quot;responses&quot;:[],&quot;uuid&quot;:&quot;88ceb106b4bb4e28b0a90fb435599ca8&quot;},{&quot;imageUrl&quot;:&quot;/temp/20180109153627/btn_1515483411427.png&quot;,&quot;usages&quot;:[],&quot;href&quot;:&quot;&quot;,&quot;style&quot;:{&quot;width&quot;:&quot;300px&quot;,&quot;height&quot;:&quot;&quot;},&quot;responses&quot;:[],&quot;uuid&quot;:&quot;bf9f92526b8d4ad3b2a5717d22c56acb&quot;}]},{&quot;name&quot;:&quot;alerts&quot;,&quot;wrap&quot;:{&quot;closeBtn&quot;:{&quot;isShow&quot;:false,&quot;image_path&quot;:[]},&quot;style&quot;:{&quot;width&quot;:&quot;&quot;,&quot;height&quot;:&quot;&quot;,&quot;background-color&quot;:&quot;&quot;,&quot;background-image&quot;:&quot;&quot;,&quot;background-repeat&quot;:&quot;&quot;,&quot;border-radius&quot;:&quot;&quot;}},&quot;contents&quot;:{&quot;name&quot;:&quot;&quot;,&quot;image_path&quot;:[]},&quot;buttons&quot;:[]},{&quot;name&quot;:&quot;alerts&quot;,&quot;wrap&quot;:{&quot;closeBtn&quot;:{&quot;isShow&quot;:false,&quot;image_path&quot;:[]},&quot;style&quot;:{&quot;width&quot;:&quot;&quot;,&quot;height&quot;:&quot;&quot;,&quot;background-color&quot;:&quot;&quot;,&quot;background-image&quot;:&quot;&quot;,&quot;background-repeat&quot;:&quot;&quot;,&quot;border-radius&quot;:&quot;&quot;}},&quot;contents&quot;:{&quot;name&quot;:&quot;&quot;,&quot;image_path&quot;:[]},&quot;buttons&quot;:[]},{&quot;name&quot;:&quot;alerts&quot;,&quot;wrap&quot;:{&quot;closeBtn&quot;:{&quot;isShow&quot;:false,&quot;image_path&quot;:[]},&quot;style&quot;:{&quot;width&quot;:&quot;&quot;,&quot;height&quot;:&quot;&quot;,&quot;background-color&quot;:&quot;&quot;,&quot;background-image&quot;:&quot;&quot;,&quot;background-repeat&quot;:&quot;&quot;,&quot;border-radius&quot;:&quot;&quot;}},&quot;contents&quot;:{&quot;name&quot;:&quot;&quot;,&quot;image_path&quot;:[]},&quot;buttons&quot;:[]}],&quot;activityCode&quot;:&quot;5e9b218e18c447eda6b9b6fe154ce73b&quot;}",1,"images,forms,alerts,alerts,alerts,alerts",1,"2018-01-09 03:37:26")
[2018-01-09 15:37:26.620] [DEBUG] database - SELECT count(*) as tmp_count FROM `act`
[2018-01-09 15:37:26.627] [DEBUG] database - SELECT * FROM `act`  order by `id` DESC LIMIT 0,15
[2018-01-09 15:37:28.547] [DEBUG] database - SELECT * FROM `act`  WHERE `id`=70 
[2018-01-09 15:39:54.142] [DEBUG] database - SELECT * FROM `act`  WHERE `id`=70 
[2018-01-09 15:40:05.592] [DEBUG] database - SHOW COLUMNS FROM `act`
[2018-01-09 15:40:05.610] [DEBUG] database - UPDATE `act` SET `name`=":name",`code`=":code",`activity_code`=":activity_code",`data`=":data",`url`=":url",`components`=":components",`uuser_id`=:uuser_id,`status`=:status,`update_time`=":update_time" WHERE `id`="70" 
[2018-01-09 15:40:05.610] [DEBUG] database - UPDATE `act` SET `name`="",`code`="",`activity_code`="5e9b218e18c447eda6b9b6fe154ce73b",`data`="{&quot;title&quot;:&quot;简单借款&quot;,&quot;style&quot;:{&quot;background-color&quot;:&quot;&quot;,&quot;background-repeat&quot;:&quot;no-repeat&quot;,&quot;background-image&quot;:&quot;&quot;},&quot;components&quot;:[{&quot;name&quot;:&quot;images&quot;},{&quot;name&quot;:&quot;forms&quot;,&quot;wrap&quot;:{&quot;value&quot;:&quot;&quot;,&quot;iconcolor&quot;:&quot;&quot;,&quot;style&quot;:{&quot;width&quot;:&quot;&quot;,&quot;background-color&quot;:&quot;&quot;,&quot;background-image&quot;:&quot;&quot;}},&quot;input&quot;:{&quot;style&quot;:{&quot;height&quot;:&quot;&quot;},&quot;borderColor&quot;:&quot;&quot;},&quot;buttons&quot;:{&quot;imageUrl&quot;:&quot;&quot;,&quot;href&quot;:&quot;&quot;,&quot;style&quot;:{&quot;width&quot;:&quot;&quot;,&quot;height&quot;:&quot;&quot;},&quot;uuid&quot;:&quot;7d9d2fc0d96d4c06a418f2c8603736d6&quot;}},{&quot;name&quot;:&quot;alerts&quot;,&quot;wrap&quot;:{&quot;closeBtn&quot;:{&quot;isShow&quot;:&quot;false&quot;},&quot;style&quot;:{&quot;width&quot;:&quot;800px&quot;,&quot;height&quot;:&quot;800px&quot;,&quot;background-color&quot;:&quot;&quot;,&quot;background-image&quot;:&quot;&quot;,&quot;background-repeat&quot;:&quot;&quot;,&quot;border-radius&quot;:&quot;&quot;}},&quot;contents&quot;:{&quot;name&quot;:&quot;&quot;},&quot;buttons&quot;:[{&quot;imageUrl&quot;:&quot;/temp/20180109153627/btn0_1515483402579.png&quot;,&quot;href&quot;:&quot;&quot;,&quot;style&quot;:{&quot;width&quot;:&quot;300px&quot;,&quot;height&quot;:&quot;&quot;},&quot;uuid&quot;:&quot;88ceb106b4bb4e28b0a90fb435599ca8&quot;},{&quot;imageUrl&quot;:&quot;/temp/20180109153627/btn_1515483411427.png&quot;,&quot;href&quot;:&quot;&quot;,&quot;style&quot;:{&quot;width&quot;:&quot;300px&quot;,&quot;height&quot;:&quot;&quot;},&quot;uuid&quot;:&quot;bf9f92526b8d4ad3b2a5717d22c56acb&quot;}]},{&quot;name&quot;:&quot;alerts&quot;,&quot;wrap&quot;:{&quot;closeBtn&quot;:{&quot;isShow&quot;:&quot;false&quot;},&quot;style&quot;:{&quot;width&quot;:&quot;&quot;,&quot;height&quot;:&quot;&quot;,&quot;background-color&quot;:&quot;&quot;,&quot;background-image&quot;:&quot;&quot;,&quot;background-repeat&quot;:&quot;&quot;,&quot;border-radius&quot;:&quot;&quot;}},&quot;contents&quot;:{&quot;name&quot;:&quot;&quot;}},{&quot;name&quot;:&quot;alerts&quot;,&quot;wrap&quot;:{&quot;closeBtn&quot;:{&quot;isShow&quot;:&quot;false&quot;},&quot;style&quot;:{&quot;width&quot;:&quot;&quot;,&quot;height&quot;:&quot;&quot;,&quot;background-color&quot;:&quot;&quot;,&quot;background-image&quot;:&quot;&quot;,&quot;background-repeat&quot;:&quot;&quot;,&quot;border-radius&quot;:&quot;&quot;}},&quot;contents&quot;:{&quot;name&quot;:&quot;&quot;}},{&quot;name&quot;:&quot;alerts&quot;,&quot;wrap&quot;:{&quot;closeBtn&quot;:{&quot;isShow&quot;:&quot;false&quot;},&quot;style&quot;:{&quot;width&quot;:&quot;&quot;,&quot;height&quot;:&quot;&quot;,&quot;background-color&quot;:&quot;&quot;,&quot;background-image&quot;:&quot;&quot;,&quot;background-repeat&quot;:&quot;&quot;,&quot;border-radius&quot;:&quot;&quot;}},&quot;contents&quot;:{&quot;name&quot;:&quot;&quot;}}],&quot;activityCode&quot;:&quot;5e9b218e18c447eda6b9b6fe154ce73b&quot;}",`url`="",`components`="images,forms,alerts,alerts,alerts,alerts",`uuser_id`=1,`status`=CASE WHEN `status` = 1 THEN 1 ELSE 3 END,`update_time`="2018-01-09 03:40:05" WHERE `id`="70" 
[2018-01-09 15:40:05.934] [DEBUG] database - SELECT count(*) as tmp_count FROM `act`
[2018-01-09 15:40:05.945] [DEBUG] database - SELECT * FROM `act`  order by `id` DESC LIMIT 0,15
[2018-01-09 15:40:07.845] [DEBUG] database - SELECT * FROM `act`  WHERE `id`=70 
[2018-01-09 15:40:31.396] [DEBUG] database - SELECT * FROM `act`  WHERE `id`=70 
[2018-01-09 15:46:16.470] [DEBUG] database - SELECT * FROM `act`  WHERE `id`=70 
[2018-01-09 15:53:14.582] [DEBUG] database - SELECT * FROM `act_tpl`  order by `id` DESC
[2018-01-09 15:53:16.464] [DEBUG] database - SELECT * FROM `act_tpl`  WHERE `id`=38 
[2018-01-09 15:57:11.036] [DEBUG] database - SELECT count(*) as tmp_count FROM `act`
[2018-01-09 15:57:11.038] [DEBUG] database - SELECT * FROM `act`  order by `id` DESC LIMIT 0,15
[2018-01-09 15:57:13.338] [DEBUG] database - SELECT * FROM `act`  WHERE `id`=70 
[2018-01-09 15:57:13.351] [DEBUG] database - DELETE FROM `act` WHERE `id`=70 
[2018-01-09 15:57:13.385] [DEBUG] database - SELECT count(*) as tmp_count FROM `act`
[2018-01-09 15:57:13.385] [DEBUG] database - SELECT * FROM `act`  order by `id` DESC LIMIT 0,15
[2018-01-09 15:57:17.308] [DEBUG] database - SELECT * FROM `act_tpl`  order by `id` DESC
[2018-01-09 16:06:56.295] [DEBUG] database - SELECT * FROM `act_tpl`  order by `id` DESC
[2018-01-09 16:07:03.571] [DEBUG] database - SELECT count(*) as tmp_count FROM `act`
[2018-01-09 16:07:03.576] [DEBUG] database - SELECT * FROM `act`  order by `id` DESC LIMIT 0,15
[2018-01-09 16:07:05.848] [DEBUG] database - SELECT * FROM `act_tpl`  order by `id` DESC
[2018-01-09 16:07:08.663] [DEBUG] database - SELECT * FROM `act_tpl`  WHERE `id`=38 
[2018-01-09 16:07:30.051] [DEBUG] database - SHOW COLUMNS FROM `act`
[2018-01-09 16:07:30.059] [DEBUG] database - INSERT INTO `act` (`name`,`code`,`activity_code`,`url`,`data`,`status`,`components`,`user_id`,`create_time`) VALUES (":name",":code",":activity_code",":url",":data",:status,":components",:user_id,":create_time")
[2018-01-09 16:07:30.059] [DEBUG] database - INSERT INTO `act` (`name`,`code`,`activity_code`,`url`,`data`,`status`,`components`,`user_id`,`create_time`) VALUES ("","","9a6c8f34fb3944a08081b31319ee3279","","{&quot;title&quot;:&quot;简单借款&quot;,&quot;style&quot;:{&quot;background-color&quot;:&quot;&quot;,&quot;background-repeat&quot;:&quot;no-repeat&quot;,&quot;background-image&quot;:&quot;&quot;},&quot;components&quot;:[{&quot;name&quot;:&quot;images&quot;,&quot;image_path&quot;:[]},{&quot;name&quot;:&quot;forms&quot;,&quot;image_path&quot;:[],&quot;wrap&quot;:{&quot;value&quot;:&quot;&quot;,&quot;iconcolor&quot;:&quot;&quot;,&quot;style&quot;:{&quot;width&quot;:&quot;&quot;,&quot;background-color&quot;:&quot;&quot;,&quot;background-image&quot;:&quot;&quot;}},&quot;input&quot;:{&quot;style&quot;:{&quot;height&quot;:&quot;&quot;},&quot;borderColor&quot;:&quot;&quot;},&quot;buttons&quot;:{&quot;imageUrl&quot;:&quot;&quot;,&quot;usages&quot;:[],&quot;href&quot;:&quot;&quot;,&quot;style&quot;:{&quot;width&quot;:&quot;&quot;,&quot;height&quot;:&quot;&quot;},&quot;responses&quot;:[],&quot;uuid&quot;:&quot;da52f059756e4c7b8c905a68b383036f&quot;}},{&quot;name&quot;:&quot;alerts&quot;,&quot;wrap&quot;:{&quot;closeBtn&quot;:{&quot;isShow&quot;:false,&quot;image_path&quot;:[]},&quot;style&quot;:{&quot;width&quot;:&quot;&quot;,&quot;height&quot;:&quot;&quot;,&quot;background-color&quot;:&quot;&quot;,&quot;background-image&quot;:&quot;&quot;,&quot;background-repeat&quot;:&quot;&quot;,&quot;border-radius&quot;:&quot;&quot;}},&quot;contents&quot;:{&quot;name&quot;:&quot;&quot;,&quot;image_path&quot;:[]},&quot;buttons&quot;:[]},{&quot;name&quot;:&quot;alerts&quot;,&quot;wrap&quot;:{&quot;closeBtn&quot;:{&quot;isShow&quot;:false,&quot;image_path&quot;:[]},&quot;style&quot;:{&quot;width&quot;:&quot;&quot;,&quot;height&quot;:&quot;&quot;,&quot;background-color&quot;:&quot;&quot;,&quot;background-image&quot;:&quot;&quot;,&quot;background-repeat&quot;:&quot;&quot;,&quot;border-radius&quot;:&quot;&quot;}},&quot;contents&quot;:{&quot;name&quot;:&quot;&quot;,&quot;image_path&quot;:[]},&quot;buttons&quot;:[]},{&quot;name&quot;:&quot;alerts&quot;,&quot;wrap&quot;:{&quot;closeBtn&quot;:{&quot;isShow&quot;:false,&quot;image_path&quot;:[]},&quot;style&quot;:{&quot;width&quot;:&quot;&quot;,&quot;height&quot;:&quot;&quot;,&quot;background-color&quot;:&quot;&quot;,&quot;background-image&quot;:&quot;&quot;,&quot;background-repeat&quot;:&quot;&quot;,&quot;border-radius&quot;:&quot;&quot;}},&quot;contents&quot;:{&quot;name&quot;:&quot;&quot;,&quot;image_path&quot;:[]},&quot;buttons&quot;:[]},{&quot;name&quot;:&quot;alerts&quot;,&quot;wrap&quot;:{&quot;closeBtn&quot;:{&quot;isShow&quot;:false,&quot;image_path&quot;:[]},&quot;style&quot;:{&quot;width&quot;:&quot;&quot;,&quot;height&quot;:&quot;&quot;,&quot;background-color&quot;:&quot;&quot;,&quot;background-image&quot;:&quot;&quot;,&quot;background-repeat&quot;:&quot;&quot;,&quot;border-radius&quot;:&quot;&quot;}},&quot;contents&quot;:{&quot;name&quot;:&quot;&quot;,&quot;image_path&quot;:[]},&quot;buttons&quot;:[]}],&quot;activityCode&quot;:&quot;9a6c8f34fb3944a08081b31319ee3279&quot;}",1,"images,forms,alerts,alerts,alerts,alerts",1,"2018-01-09 04:07:30")
[2018-01-09 16:07:30.352] [DEBUG] database - SELECT * FROM `act`  order by `id` DESC LIMIT 0,15
[2018-01-09 16:07:30.353] [DEBUG] database - SELECT count(*) as tmp_count FROM `act`
[2018-01-09 16:07:32.323] [DEBUG] database - SELECT * FROM `act`  WHERE `id`=71 
[2018-01-09 16:08:08.920] [DEBUG] database - SHOW COLUMNS FROM `act`
[2018-01-09 16:08:08.932] [DEBUG] database - UPDATE `act` SET `name`=":name",`code`=":code",`activity_code`=":activity_code",`data`=":data",`url`=":url",`components`=":components",`uuser_id`=:uuser_id,`status`=:status,`update_time`=":update_time" WHERE `id`="71" 
[2018-01-09 16:08:08.933] [DEBUG] database - UPDATE `act` SET `name`="",`code`="",`activity_code`="9a6c8f34fb3944a08081b31319ee3279",`data`="{&quot;title&quot;:&quot;简单借款&quot;,&quot;style&quot;:{&quot;background-color&quot;:&quot;&quot;,&quot;background-repeat&quot;:&quot;no-repeat&quot;,&quot;background-image&quot;:&quot;&quot;},&quot;components&quot;:[{&quot;name&quot;:&quot;images&quot;},{&quot;name&quot;:&quot;forms&quot;,&quot;wrap&quot;:{&quot;value&quot;:&quot;&quot;,&quot;iconcolor&quot;:&quot;&quot;,&quot;style&quot;:{&quot;width&quot;:&quot;&quot;,&quot;background-color&quot;:&quot;&quot;,&quot;background-image&quot;:&quot;&quot;}},&quot;input&quot;:{&quot;style&quot;:{&quot;height&quot;:&quot;&quot;},&quot;borderColor&quot;:&quot;&quot;},&quot;buttons&quot;:{&quot;imageUrl&quot;:&quot;&quot;,&quot;href&quot;:&quot;&quot;,&quot;style&quot;:{&quot;width&quot;:&quot;&quot;,&quot;height&quot;:&quot;&quot;},&quot;uuid&quot;:&quot;815ca0ad82204fc0acc62c7770f43ccb&quot;}},{&quot;name&quot;:&quot;alerts&quot;,&quot;wrap&quot;:{&quot;closeBtn&quot;:{&quot;isShow&quot;:&quot;false&quot;},&quot;style&quot;:{&quot;width&quot;:&quot;&quot;,&quot;height&quot;:&quot;&quot;,&quot;background-color&quot;:&quot;&quot;,&quot;background-image&quot;:&quot;&quot;,&quot;background-repeat&quot;:&quot;&quot;,&quot;border-radius&quot;:&quot;&quot;}},&quot;contents&quot;:{&quot;name&quot;:&quot;&quot;},&quot;buttons&quot;:[{&quot;imageUrl&quot;:&quot;/temp/20180109160732/btn0_1515485278721.png&quot;,&quot;href&quot;:&quot;&quot;,&quot;style&quot;:{&quot;width&quot;:&quot;&quot;,&quot;height&quot;:&quot;&quot;},&quot;uuid&quot;:&quot;64f9ae7d37bb4514b36fdaed601225d5&quot;}]},{&quot;name&quot;:&quot;alerts&quot;,&quot;wrap&quot;:{&quot;closeBtn&quot;:{&quot;isShow&quot;:&quot;false&quot;},&quot;style&quot;:{&quot;width&quot;:&quot;&quot;,&quot;height&quot;:&quot;&quot;,&quot;background-color&quot;:&quot;&quot;,&quot;background-image&quot;:&quot;&quot;,&quot;background-repeat&quot;:&quot;&quot;,&quot;border-radius&quot;:&quot;&quot;}},&quot;contents&quot;:{&quot;name&quot;:&quot;&quot;}},{&quot;name&quot;:&quot;alerts&quot;,&quot;wrap&quot;:{&quot;closeBtn&quot;:{&quot;isShow&quot;:&quot;false&quot;},&quot;style&quot;:{&quot;width&quot;:&quot;&quot;,&quot;height&quot;:&quot;&quot;,&quot;background-color&quot;:&quot;&quot;,&quot;background-image&quot;:&quot;&quot;,&quot;background-repeat&quot;:&quot;&quot;,&quot;border-radius&quot;:&quot;&quot;}},&quot;contents&quot;:{&quot;name&quot;:&quot;&quot;}},{&quot;name&quot;:&quot;alerts&quot;,&quot;wrap&quot;:{&quot;closeBtn&quot;:{&quot;isShow&quot;:&quot;false&quot;},&quot;style&quot;:{&quot;width&quot;:&quot;&quot;,&quot;height&quot;:&quot;&quot;,&quot;background-color&quot;:&quot;&quot;,&quot;background-image&quot;:&quot;&quot;,&quot;background-repeat&quot;:&quot;&quot;,&quot;border-radius&quot;:&quot;&quot;}},&quot;contents&quot;:{&quot;name&quot;:&quot;&quot;}}],&quot;activityCode&quot;:&quot;9a6c8f34fb3944a08081b31319ee3279&quot;}",`url`="",`components`="images,forms,alerts,alerts,alerts,alerts",`uuser_id`=1,`status`=CASE WHEN `status` = 1 THEN 1 ELSE 3 END,`update_time`="2018-01-09 04:08:08" WHERE `id`="71" 
[2018-01-09 16:08:09.222] [DEBUG] database - SELECT * FROM `act`  order by `id` DESC LIMIT 0,15
[2018-01-09 16:08:09.223] [DEBUG] database - SELECT count(*) as tmp_count FROM `act`
[2018-01-09 16:08:11.815] [DEBUG] database - SELECT * FROM `act`  WHERE `id`=71 
[2018-01-09 16:09:12.376] [DEBUG] database - SELECT * FROM `act_tpl`  order by `id` DESC
[2018-01-09 16:09:16.049] [DEBUG] database - SELECT count(*) as tmp_count FROM `act`
[2018-01-09 16:09:16.058] [DEBUG] database - SELECT * FROM `act`  order by `id` DESC LIMIT 0,15
[2018-01-09 16:09:18.476] [DEBUG] database - SELECT * FROM `config`  WHERE `status`=1 
[2018-01-09 16:09:18.484] [DEBUG] database - SELECT * FROM `act`  WHERE `id`=71 
[2018-01-09 16:09:18.491] [DEBUG] database - DELETE FROM `act` WHERE `id`=71 
[2018-01-09 16:09:18.533] [DEBUG] database - SELECT count(*) as tmp_count FROM `act`
[2018-01-09 16:09:18.534] [DEBUG] database - SELECT * FROM `act`  order by `id` DESC LIMIT 0,15
[2018-01-09 16:09:19.812] [DEBUG] database - SELECT * FROM `act_tpl`  order by `id` DESC
[2018-01-09 16:09:22.268] [DEBUG] database - SELECT * FROM `act_tpl`  WHERE `id`=38 
[2018-01-09 16:10:30.914] [DEBUG] database - SHOW COLUMNS FROM `act`
[2018-01-09 16:10:30.925] [DEBUG] database - INSERT INTO `act` (`name`,`code`,`activity_code`,`url`,`data`,`status`,`components`,`user_id`,`create_time`) VALUES (":name",":code",":activity_code",":url",":data",:status,":components",:user_id,":create_time")
[2018-01-09 16:10:30.926] [DEBUG] database - INSERT INTO `act` (`name`,`code`,`activity_code`,`url`,`data`,`status`,`components`,`user_id`,`create_time`) VALUES ("","","e4481fb6c3af4dd0a731e571b5f84811","","{&quot;title&quot;:&quot;简单借款&quot;,&quot;style&quot;:{&quot;background-color&quot;:&quot;&quot;,&quot;background-repeat&quot;:&quot;no-repeat&quot;,&quot;background-image&quot;:&quot;&quot;},&quot;components&quot;:[{&quot;name&quot;:&quot;images&quot;,&quot;image_path&quot;:[]},{&quot;name&quot;:&quot;forms&quot;,&quot;image_path&quot;:[],&quot;wrap&quot;:{&quot;value&quot;:&quot;&quot;,&quot;iconcolor&quot;:&quot;&quot;,&quot;style&quot;:{&quot;width&quot;:&quot;&quot;,&quot;background-color&quot;:&quot;&quot;,&quot;background-image&quot;:&quot;&quot;}},&quot;input&quot;:{&quot;style&quot;:{&quot;height&quot;:&quot;&quot;},&quot;borderColor&quot;:&quot;&quot;},&quot;buttons&quot;:{&quot;imageUrl&quot;:&quot;&quot;,&quot;usages&quot;:[],&quot;href&quot;:&quot;&quot;,&quot;style&quot;:{&quot;width&quot;:&quot;&quot;,&quot;height&quot;:&quot;&quot;},&quot;responses&quot;:[],&quot;uuid&quot;:&quot;25356a90dbb04cd9aee4b6343fec0676&quot;}},{&quot;name&quot;:&quot;alerts&quot;,&quot;wrap&quot;:{&quot;closeBtn&quot;:{&quot;isShow&quot;:false,&quot;image_path&quot;:[]},&quot;style&quot;:{&quot;width&quot;:&quot;&quot;,&quot;height&quot;:&quot;&quot;,&quot;background-color&quot;:&quot;&quot;,&quot;background-image&quot;:&quot;&quot;,&quot;background-repeat&quot;:&quot;&quot;,&quot;border-radius&quot;:&quot;&quot;}},&quot;contents&quot;:{&quot;name&quot;:&quot;&quot;,&quot;image_path&quot;:[]},&quot;buttons&quot;:[{&quot;imageUrl&quot;:&quot;/temp/20180109160922/btn0_1515485372229.png&quot;,&quot;usages&quot;:[],&quot;href&quot;:&quot;&quot;,&quot;style&quot;:{&quot;width&quot;:&quot;&quot;,&quot;height&quot;:&quot;&quot;},&quot;responses&quot;:[],&quot;uuid&quot;:&quot;bd7178972c0446b384fcfc68f53bba1f&quot;}]},{&quot;name&quot;:&quot;alerts&quot;,&quot;wrap&quot;:{&quot;closeBtn&quot;:{&quot;isShow&quot;:false,&quot;image_path&quot;:[]},&quot;style&quot;:{&quot;width&quot;:&quot;&quot;,&quot;height&quot;:&quot;&quot;,&quot;background-color&quot;:&quot;&quot;,&quot;background-image&quot;:&quot;&quot;,&quot;background-repeat&quot;:&quot;&quot;,&quot;border-radius&quot;:&quot;&quot;}},&quot;contents&quot;:{&quot;name&quot;:&quot;&quot;,&quot;image_path&quot;:[]},&quot;buttons&quot;:[]},{&quot;name&quot;:&quot;alerts&quot;,&quot;wrap&quot;:{&quot;closeBtn&quot;:{&quot;isShow&quot;:false,&quot;image_path&quot;:[]},&quot;style&quot;:{&quot;width&quot;:&quot;&quot;,&quot;height&quot;:&quot;&quot;,&quot;background-color&quot;:&quot;&quot;,&quot;background-image&quot;:&quot;&quot;,&quot;background-repeat&quot;:&quot;&quot;,&quot;border-radius&quot;:&quot;&quot;}},&quot;contents&quot;:{&quot;name&quot;:&quot;&quot;,&quot;image_path&quot;:[]},&quot;buttons&quot;:[]},{&quot;name&quot;:&quot;alerts&quot;,&quot;wrap&quot;:{&quot;closeBtn&quot;:{&quot;isShow&quot;:false,&quot;image_path&quot;:[]},&quot;style&quot;:{&quot;width&quot;:&quot;&quot;,&quot;height&quot;:&quot;&quot;,&quot;background-color&quot;:&quot;&quot;,&quot;background-image&quot;:&quot;&quot;,&quot;background-repeat&quot;:&quot;&quot;,&quot;border-radius&quot;:&quot;&quot;}},&quot;contents&quot;:{&quot;name&quot;:&quot;&quot;,&quot;image_path&quot;:[]},&quot;buttons&quot;:[]}],&quot;activityCode&quot;:&quot;e4481fb6c3af4dd0a731e571b5f84811&quot;}",1,"images,forms,alerts,alerts,alerts,alerts",1,"2018-01-09 04:10:30")
[2018-01-09 16:10:31.210] [DEBUG] database - SELECT count(*) as tmp_count FROM `act`
[2018-01-09 16:10:31.215] [DEBUG] database - SELECT * FROM `act`  order by `id` DESC LIMIT 0,15
[2018-01-09 16:11:27.683] [DEBUG] database - SELECT * FROM `act`  WHERE `id`=72 
[2018-01-09 16:15:25.903] [DEBUG] database - SHOW COLUMNS FROM `act`
[2018-01-09 16:15:25.914] [DEBUG] database - UPDATE `act` SET `name`=":name",`code`=":code",`activity_code`=":activity_code",`data`=":data",`url`=":url",`components`=":components",`uuser_id`=:uuser_id,`status`=:status,`update_time`=":update_time" WHERE `id`="72" 
[2018-01-09 16:15:25.915] [DEBUG] database - UPDATE `act` SET `name`="",`code`="",`activity_code`="e4481fb6c3af4dd0a731e571b5f84811",`data`="{&quot;title&quot;:&quot;简单借款&quot;,&quot;style&quot;:{&quot;background-color&quot;:&quot;&quot;,&quot;background-repeat&quot;:&quot;no-repeat&quot;,&quot;background-image&quot;:&quot;&quot;},&quot;components&quot;:[{&quot;name&quot;:&quot;images&quot;},{&quot;name&quot;:&quot;forms&quot;,&quot;wrap&quot;:{&quot;value&quot;:&quot;&quot;,&quot;iconcolor&quot;:&quot;&quot;,&quot;style&quot;:{&quot;width&quot;:&quot;&quot;,&quot;background-color&quot;:&quot;&quot;,&quot;background-image&quot;:&quot;&quot;}},&quot;input&quot;:{&quot;style&quot;:{&quot;height&quot;:&quot;&quot;},&quot;borderColor&quot;:&quot;&quot;},&quot;buttons&quot;:{&quot;imageUrl&quot;:&quot;&quot;,&quot;href&quot;:&quot;&quot;,&quot;style&quot;:{&quot;width&quot;:&quot;&quot;,&quot;height&quot;:&quot;&quot;},&quot;uuid&quot;:&quot;2f20aabe66e243d3ae3ca2e485636266&quot;}},{&quot;name&quot;:&quot;alerts&quot;,&quot;wrap&quot;:{&quot;closeBtn&quot;:{&quot;isShow&quot;:&quot;false&quot;},&quot;style&quot;:{&quot;width&quot;:&quot;800px&quot;,&quot;height&quot;:&quot;800px&quot;,&quot;background-color&quot;:&quot;&quot;,&quot;background-image&quot;:&quot;&quot;,&quot;background-repeat&quot;:&quot;&quot;,&quot;border-radius&quot;:&quot;&quot;}},&quot;contents&quot;:{&quot;name&quot;:&quot;&quot;},&quot;buttons&quot;:[{&quot;imageUrl&quot;:&quot;/temp/20180109160922/btn0_1515485372229.png&quot;,&quot;href&quot;:&quot;&quot;,&quot;style&quot;:{&quot;width&quot;:&quot;&quot;,&quot;height&quot;:&quot;&quot;},&quot;uuid&quot;:&quot;bd7178972c0446b384fcfc68f53bba1f&quot;}]},{&quot;name&quot;:&quot;alerts&quot;,&quot;wrap&quot;:{&quot;closeBtn&quot;:{&quot;isShow&quot;:&quot;false&quot;},&quot;style&quot;:{&quot;width&quot;:&quot;&quot;,&quot;height&quot;:&quot;&quot;,&quot;background-color&quot;:&quot;&quot;,&quot;background-image&quot;:&quot;&quot;,&quot;background-repeat&quot;:&quot;&quot;,&quot;border-radius&quot;:&quot;&quot;}},&quot;contents&quot;:{&quot;name&quot;:&quot;&quot;}},{&quot;name&quot;:&quot;alerts&quot;,&quot;wrap&quot;:{&quot;closeBtn&quot;:{&quot;isShow&quot;:&quot;false&quot;},&quot;style&quot;:{&quot;width&quot;:&quot;&quot;,&quot;height&quot;:&quot;&quot;,&quot;background-color&quot;:&quot;&quot;,&quot;background-image&quot;:&quot;&quot;,&quot;background-repeat&quot;:&quot;&quot;,&quot;border-radius&quot;:&quot;&quot;}},&quot;contents&quot;:{&quot;name&quot;:&quot;&quot;}},{&quot;name&quot;:&quot;alerts&quot;,&quot;wrap&quot;:{&quot;closeBtn&quot;:{&quot;isShow&quot;:&quot;false&quot;},&quot;style&quot;:{&quot;width&quot;:&quot;&quot;,&quot;height&quot;:&quot;&quot;,&quot;background-color&quot;:&quot;&quot;,&quot;background-image&quot;:&quot;&quot;,&quot;background-repeat&quot;:&quot;&quot;,&quot;border-radius&quot;:&quot;&quot;}},&quot;contents&quot;:{&quot;name&quot;:&quot;&quot;}}],&quot;activityCode&quot;:&quot;e4481fb6c3af4dd0a731e571b5f84811&quot;}",`url`="",`components`="images,forms,alerts,alerts,alerts,alerts",`uuser_id`=1,`status`=CASE WHEN `status` = 1 THEN 1 ELSE 3 END,`update_time`="2018-01-09 04:15:25" WHERE `id`="72" 
[2018-01-09 16:15:26.177] [DEBUG] database - SELECT count(*) as tmp_count FROM `act`
[2018-01-09 16:15:26.183] [DEBUG] database - SELECT * FROM `act`  order by `id` DESC LIMIT 0,15
[2018-01-09 16:17:24.873] [DEBUG] database - SELECT * FROM `act_tpl`  order by `id` DESC
[2018-01-09 16:17:26.693] [DEBUG] database - SELECT * FROM `act_tpl`  WHERE `id`=38 
[2018-01-09 16:17:48.427] [DEBUG] database - SHOW COLUMNS FROM `act`
[2018-01-09 16:17:48.437] [DEBUG] database - INSERT INTO `act` (`name`,`code`,`activity_code`,`url`,`data`,`status`,`components`,`user_id`,`create_time`) VALUES (":name",":code",":activity_code",":url",":data",:status,":components",:user_id,":create_time")
[2018-01-09 16:17:48.437] [DEBUG] database - INSERT INTO `act` (`name`,`code`,`activity_code`,`url`,`data`,`status`,`components`,`user_id`,`create_time`) VALUES ("","","58ac7e60839b48c38a492feb7cdfe0fc","","{&quot;title&quot;:&quot;简单借款&quot;,&quot;style&quot;:{&quot;background-color&quot;:&quot;&quot;,&quot;background-repeat&quot;:&quot;no-repeat&quot;,&quot;background-image&quot;:&quot;&quot;},&quot;components&quot;:[{&quot;name&quot;:&quot;images&quot;,&quot;image_path&quot;:[]},{&quot;name&quot;:&quot;forms&quot;,&quot;image_path&quot;:[],&quot;wrap&quot;:{&quot;value&quot;:&quot;&quot;,&quot;iconcolor&quot;:&quot;&quot;,&quot;style&quot;:{&quot;width&quot;:&quot;&quot;,&quot;background-color&quot;:&quot;&quot;,&quot;background-image&quot;:&quot;&quot;}},&quot;input&quot;:{&quot;style&quot;:{&quot;height&quot;:&quot;&quot;},&quot;borderColor&quot;:&quot;&quot;},&quot;buttons&quot;:{&quot;imageUrl&quot;:&quot;&quot;,&quot;usages&quot;:[],&quot;href&quot;:&quot;&quot;,&quot;style&quot;:{&quot;width&quot;:&quot;&quot;,&quot;height&quot;:&quot;&quot;},&quot;responses&quot;:[],&quot;uuid&quot;:&quot;1a2f8c65e0124a05a8303a18483d7787&quot;}},{&quot;name&quot;:&quot;alerts&quot;,&quot;wrap&quot;:{&quot;closeBtn&quot;:{&quot;isShow&quot;:false,&quot;image_path&quot;:[]},&quot;style&quot;:{&quot;width&quot;:&quot;800px&quot;,&quot;height&quot;:&quot;800px&quot;,&quot;background-color&quot;:&quot;&quot;,&quot;background-image&quot;:&quot;&quot;,&quot;background-repeat&quot;:&quot;&quot;,&quot;border-radius&quot;:&quot;&quot;}},&quot;contents&quot;:{&quot;name&quot;:&quot;&quot;,&quot;image_path&quot;:[]},&quot;buttons&quot;:[{&quot;imageUrl&quot;:&quot;/temp/20180109161726/btn0_1515485856054.png&quot;,&quot;usages&quot;:[],&quot;href&quot;:&quot;&quot;,&quot;style&quot;:{&quot;width&quot;:&quot;&quot;,&quot;height&quot;:&quot;&quot;},&quot;responses&quot;:[],&quot;uuid&quot;:&quot;af358334faaf4a02899c91bcadb35a0c&quot;}]},{&quot;name&quot;:&quot;alerts&quot;,&quot;wrap&quot;:{&quot;closeBtn&quot;:{&quot;isShow&quot;:false,&quot;image_path&quot;:[]},&quot;style&quot;:{&quot;width&quot;:&quot;&quot;,&quot;height&quot;:&quot;&quot;,&quot;background-color&quot;:&quot;&quot;,&quot;background-image&quot;:&quot;&quot;,&quot;background-repeat&quot;:&quot;&quot;,&quot;border-radius&quot;:&quot;&quot;}},&quot;contents&quot;:{&quot;name&quot;:&quot;&quot;,&quot;image_path&quot;:[]},&quot;buttons&quot;:[]},{&quot;name&quot;:&quot;alerts&quot;,&quot;wrap&quot;:{&quot;closeBtn&quot;:{&quot;isShow&quot;:false,&quot;image_path&quot;:[]},&quot;style&quot;:{&quot;width&quot;:&quot;&quot;,&quot;height&quot;:&quot;&quot;,&quot;background-color&quot;:&quot;&quot;,&quot;background-image&quot;:&quot;&quot;,&quot;background-repeat&quot;:&quot;&quot;,&quot;border-radius&quot;:&quot;&quot;}},&quot;contents&quot;:{&quot;name&quot;:&quot;&quot;,&quot;image_path&quot;:[]},&quot;buttons&quot;:[]},{&quot;name&quot;:&quot;alerts&quot;,&quot;wrap&quot;:{&quot;closeBtn&quot;:{&quot;isShow&quot;:false,&quot;image_path&quot;:[]},&quot;style&quot;:{&quot;width&quot;:&quot;&quot;,&quot;height&quot;:&quot;&quot;,&quot;background-color&quot;:&quot;&quot;,&quot;background-image&quot;:&quot;&quot;,&quot;background-repeat&quot;:&quot;&quot;,&quot;border-radius&quot;:&quot;&quot;}},&quot;contents&quot;:{&quot;name&quot;:&quot;&quot;,&quot;image_path&quot;:[]},&quot;buttons&quot;:[]}],&quot;activityCode&quot;:&quot;58ac7e60839b48c38a492feb7cdfe0fc&quot;}",1,"images,forms,alerts,alerts,alerts,alerts",1,"2018-01-09 04:17:48")
[2018-01-09 16:17:48.723] [DEBUG] database - SELECT count(*) as tmp_count FROM `act`
[2018-01-09 16:17:48.728] [DEBUG] database - SELECT * FROM `act`  order by `id` DESC LIMIT 0,15
[2018-01-09 16:17:51.046] [DEBUG] database - SELECT * FROM `act`  WHERE `id`=73 
[2018-01-09 16:17:59.886] [DEBUG] database - SELECT * FROM `menus`  WHERE `status`=1  order by `sort` ASC
[2018-01-09 16:17:59.908] [DEBUG] database - SELECT * FROM `act`  WHERE `id`=73 
[2018-01-09 16:18:23.820] [DEBUG] database - SELECT * FROM `act`  WHERE `id`=73 
[2018-01-09 16:20:18.448] [DEBUG] database - SHOW COLUMNS FROM `act`
[2018-01-09 16:20:18.463] [DEBUG] database - UPDATE `act` SET `name`=":name",`code`=":code",`activity_code`=":activity_code",`data`=":data",`url`=":url",`components`=":components",`uuser_id`=:uuser_id,`status`=:status,`update_time`=":update_time" WHERE `id`="73" 
[2018-01-09 16:20:18.463] [DEBUG] database - UPDATE `act` SET `name`="",`code`="",`activity_code`="58ac7e60839b48c38a492feb7cdfe0fc",`data`="{&quot;title&quot;:&quot;简单借款&quot;,&quot;style&quot;:{&quot;background-color&quot;:&quot;&quot;,&quot;background-repeat&quot;:&quot;no-repeat&quot;,&quot;background-image&quot;:&quot;&quot;},&quot;components&quot;:[{&quot;name&quot;:&quot;images&quot;},{&quot;name&quot;:&quot;forms&quot;,&quot;wrap&quot;:{&quot;value&quot;:&quot;&quot;,&quot;iconcolor&quot;:&quot;&quot;,&quot;style&quot;:{&quot;width&quot;:&quot;&quot;,&quot;background-color&quot;:&quot;&quot;,&quot;background-image&quot;:&quot;&quot;}},&quot;input&quot;:{&quot;style&quot;:{&quot;height&quot;:&quot;&quot;},&quot;borderColor&quot;:&quot;&quot;},&quot;buttons&quot;:{&quot;imageUrl&quot;:&quot;&quot;,&quot;href&quot;:&quot;&quot;,&quot;style&quot;:{&quot;width&quot;:&quot;&quot;,&quot;height&quot;:&quot;&quot;},&quot;uuid&quot;:&quot;1f10c6668cef4c789fa98d79a5958252&quot;}},{&quot;name&quot;:&quot;alerts&quot;,&quot;wrap&quot;:{&quot;closeBtn&quot;:{&quot;isShow&quot;:&quot;false&quot;},&quot;style&quot;:{&quot;width&quot;:&quot;800px&quot;,&quot;height&quot;:&quot;800px&quot;,&quot;background-color&quot;:&quot;&quot;,&quot;background-image&quot;:&quot;&quot;,&quot;background-repeat&quot;:&quot;&quot;,&quot;border-radius&quot;:&quot;&quot;}},&quot;contents&quot;:{&quot;name&quot;:&quot;&quot;},&quot;buttons&quot;:[{&quot;imageUrl&quot;:&quot;/temp/20180109161726/btn0_1515485856054.png&quot;,&quot;href&quot;:&quot;&quot;,&quot;style&quot;:{&quot;width&quot;:&quot;&quot;,&quot;height&quot;:&quot;&quot;},&quot;uuid&quot;:&quot;af358334faaf4a02899c91bcadb35a0c&quot;}]},{&quot;name&quot;:&quot;alerts&quot;,&quot;wrap&quot;:{&quot;closeBtn&quot;:{&quot;isShow&quot;:&quot;false&quot;},&quot;style&quot;:{&quot;width&quot;:&quot;&quot;,&quot;height&quot;:&quot;&quot;,&quot;background-color&quot;:&quot;&quot;,&quot;background-image&quot;:&quot;&quot;,&quot;background-repeat&quot;:&quot;&quot;,&quot;border-radius&quot;:&quot;&quot;}},&quot;contents&quot;:{&quot;name&quot;:&quot;&quot;}},{&quot;name&quot;:&quot;alerts&quot;,&quot;wrap&quot;:{&quot;closeBtn&quot;:{&quot;isShow&quot;:&quot;false&quot;},&quot;style&quot;:{&quot;width&quot;:&quot;&quot;,&quot;height&quot;:&quot;&quot;,&quot;background-color&quot;:&quot;&quot;,&quot;background-image&quot;:&quot;&quot;,&quot;background-repeat&quot;:&quot;&quot;,&quot;border-radius&quot;:&quot;&quot;}},&quot;contents&quot;:{&quot;name&quot;:&quot;&quot;}},{&quot;name&quot;:&quot;alerts&quot;,&quot;wrap&quot;:{&quot;closeBtn&quot;:{&quot;isShow&quot;:&quot;false&quot;},&quot;style&quot;:{&quot;width&quot;:&quot;&quot;,&quot;height&quot;:&quot;&quot;,&quot;background-color&quot;:&quot;&quot;,&quot;background-image&quot;:&quot;&quot;,&quot;background-repeat&quot;:&quot;&quot;,&quot;border-radius&quot;:&quot;&quot;}},&quot;contents&quot;:{&quot;name&quot;:&quot;&quot;}}],&quot;activityCode&quot;:&quot;58ac7e60839b48c38a492feb7cdfe0fc&quot;}",`url`="",`components`="images,forms,alerts,alerts,alerts,alerts",`uuser_id`=1,`status`=CASE WHEN `status` = 1 THEN 1 ELSE 3 END,`update_time`="2018-01-09 04:20:18" WHERE `id`="73" 
[2018-01-09 16:21:12.218] [DEBUG] database - SELECT count(*) as tmp_count FROM `act`
[2018-01-09 16:21:12.219] [DEBUG] database - SELECT * FROM `act`  order by `id` DESC LIMIT 0,15
[2018-01-09 16:21:17.363] [DEBUG] database - SELECT * FROM `act`  WHERE `id`=73 
[2018-01-09 16:21:23.453] [DEBUG] database - SELECT * FROM `act`  WHERE `id`=73 
[2018-01-09 16:21:31.164] [DEBUG] database - SELECT count(*) as tmp_count FROM `act`
[2018-01-09 16:21:31.165] [DEBUG] database - SELECT * FROM `act`  order by `id` DESC LIMIT 0,15
[2018-01-09 16:21:33.423] [DEBUG] database - SELECT * FROM `act`  WHERE `id`=73 
[2018-01-09 16:21:33.429] [DEBUG] database - DELETE FROM `act` WHERE `id`=73 
[2018-01-09 16:21:33.459] [DEBUG] database - SELECT count(*) as tmp_count FROM `act`
[2018-01-09 16:21:33.461] [DEBUG] database - SELECT * FROM `act`  order by `id` DESC LIMIT 0,15
[2018-01-09 16:21:41.197] [DEBUG] database - SELECT * FROM `act`  WHERE `id`=72 
[2018-01-09 16:21:41.204] [DEBUG] database - DELETE FROM `act` WHERE `id`=72 
[2018-01-09 16:21:41.232] [DEBUG] database - SELECT count(*) as tmp_count FROM `act`
[2018-01-09 16:21:41.232] [DEBUG] database - SELECT * FROM `act`  order by `id` DESC LIMIT 0,15
[2018-01-09 16:22:25.544] [DEBUG] database - SELECT * FROM `act_tpl`  order by `id` DESC
[2018-01-09 16:22:27.342] [DEBUG] database - SELECT * FROM `act_tpl`  WHERE `id`=38 
[2018-01-09 16:22:48.766] [DEBUG] database - SHOW COLUMNS FROM `act`
[2018-01-09 16:22:48.774] [DEBUG] database - INSERT INTO `act` (`name`,`code`,`activity_code`,`url`,`data`,`status`,`components`,`user_id`,`create_time`) VALUES (":name",":code",":activity_code",":url",":data",:status,":components",:user_id,":create_time")
[2018-01-09 16:22:48.775] [DEBUG] database - INSERT INTO `act` (`name`,`code`,`activity_code`,`url`,`data`,`status`,`components`,`user_id`,`create_time`) VALUES ("","","8836695ba429421487145e3085f5817a","","{&quot;title&quot;:&quot;简单借款&quot;,&quot;style&quot;:{&quot;background-color&quot;:&quot;&quot;,&quot;background-repeat&quot;:&quot;no-repeat&quot;,&quot;background-image&quot;:&quot;&quot;},&quot;components&quot;:[{&quot;name&quot;:&quot;images&quot;,&quot;image_path&quot;:[]},{&quot;name&quot;:&quot;forms&quot;,&quot;image_path&quot;:[],&quot;wrap&quot;:{&quot;value&quot;:&quot;&quot;,&quot;iconcolor&quot;:&quot;&quot;,&quot;style&quot;:{&quot;width&quot;:&quot;&quot;,&quot;background-color&quot;:&quot;&quot;,&quot;background-image&quot;:&quot;&quot;}},&quot;input&quot;:{&quot;style&quot;:{&quot;height&quot;:&quot;&quot;},&quot;borderColor&quot;:&quot;&quot;},&quot;buttons&quot;:{&quot;imageUrl&quot;:&quot;&quot;,&quot;usages&quot;:[],&quot;href&quot;:&quot;&quot;,&quot;style&quot;:{&quot;width&quot;:&quot;&quot;,&quot;height&quot;:&quot;&quot;},&quot;responses&quot;:[],&quot;uuid&quot;:&quot;2b92dc62e5ea48c9824a4cdf4e2ecf92&quot;}},{&quot;name&quot;:&quot;alerts&quot;,&quot;wrap&quot;:{&quot;closeBtn&quot;:{&quot;isShow&quot;:false,&quot;image_path&quot;:[]},&quot;style&quot;:{&quot;width&quot;:&quot;800px&quot;,&quot;height&quot;:&quot;800px&quot;,&quot;background-color&quot;:&quot;&quot;,&quot;background-image&quot;:&quot;&quot;,&quot;background-repeat&quot;:&quot;&quot;,&quot;border-radius&quot;:&quot;&quot;}},&quot;contents&quot;:{&quot;name&quot;:&quot;&quot;,&quot;image_path&quot;:[]},&quot;buttons&quot;:[{&quot;imageUrl&quot;:&quot;/temp/20180109162227/btn0_1515486161711.png&quot;,&quot;usages&quot;:[],&quot;href&quot;:&quot;&quot;,&quot;style&quot;:{&quot;width&quot;:&quot;&quot;,&quot;height&quot;:&quot;&quot;},&quot;responses&quot;:[],&quot;uuid&quot;:&quot;db54dc6e0a7948e69b462629051f5b5f&quot;}]},{&quot;name&quot;:&quot;alerts&quot;,&quot;wrap&quot;:{&quot;closeBtn&quot;:{&quot;isShow&quot;:false,&quot;image_path&quot;:[]},&quot;style&quot;:{&quot;width&quot;:&quot;&quot;,&quot;height&quot;:&quot;&quot;,&quot;background-color&quot;:&quot;&quot;,&quot;background-image&quot;:&quot;&quot;,&quot;background-repeat&quot;:&quot;&quot;,&quot;border-radius&quot;:&quot;&quot;}},&quot;contents&quot;:{&quot;name&quot;:&quot;&quot;,&quot;image_path&quot;:[]},&quot;buttons&quot;:[]},{&quot;name&quot;:&quot;alerts&quot;,&quot;wrap&quot;:{&quot;closeBtn&quot;:{&quot;isShow&quot;:false,&quot;image_path&quot;:[]},&quot;style&quot;:{&quot;width&quot;:&quot;&quot;,&quot;height&quot;:&quot;&quot;,&quot;background-color&quot;:&quot;&quot;,&quot;background-image&quot;:&quot;&quot;,&quot;background-repeat&quot;:&quot;&quot;,&quot;border-radius&quot;:&quot;&quot;}},&quot;contents&quot;:{&quot;name&quot;:&quot;&quot;,&quot;image_path&quot;:[]},&quot;buttons&quot;:[]},{&quot;name&quot;:&quot;alerts&quot;,&quot;wrap&quot;:{&quot;closeBtn&quot;:{&quot;isShow&quot;:false,&quot;image_path&quot;:[]},&quot;style&quot;:{&quot;width&quot;:&quot;&quot;,&quot;height&quot;:&quot;&quot;,&quot;background-color&quot;:&quot;&quot;,&quot;background-image&quot;:&quot;&quot;,&quot;background-repeat&quot;:&quot;&quot;,&quot;border-radius&quot;:&quot;&quot;}},&quot;contents&quot;:{&quot;name&quot;:&quot;&quot;,&quot;image_path&quot;:[]},&quot;buttons&quot;:[]}],&quot;activityCode&quot;:&quot;8836695ba429421487145e3085f5817a&quot;}",1,"images,forms,alerts,alerts,alerts,alerts",1,"2018-01-09 04:22:48")
[2018-01-09 16:22:49.079] [DEBUG] database - SELECT * FROM `act`  order by `id` DESC LIMIT 0,15
[2018-01-09 16:22:49.079] [DEBUG] database - SELECT count(*) as tmp_count FROM `act`
[2018-01-09 16:22:51.844] [DEBUG] database - SELECT * FROM `act`  WHERE `id`=74 
[2018-01-09 16:23:34.636] [DEBUG] database - SHOW COLUMNS FROM `act`
[2018-01-09 16:23:34.656] [DEBUG] database - UPDATE `act` SET `name`=":name",`code`=":code",`activity_code`=":activity_code",`data`=":data",`url`=":url",`components`=":components",`uuser_id`=:uuser_id,`status`=:status,`update_time`=":update_time" WHERE `id`="74" 
[2018-01-09 16:23:34.656] [DEBUG] database - UPDATE `act` SET `name`="",`code`="",`activity_code`="8836695ba429421487145e3085f5817a",`data`="{&quot;title&quot;:&quot;简单借款&quot;,&quot;style&quot;:{&quot;background-color&quot;:&quot;&quot;,&quot;background-repeat&quot;:&quot;no-repeat&quot;,&quot;background-image&quot;:&quot;&quot;},&quot;components&quot;:[{&quot;name&quot;:&quot;images&quot;},{&quot;name&quot;:&quot;forms&quot;,&quot;wrap&quot;:{&quot;value&quot;:&quot;&quot;,&quot;iconcolor&quot;:&quot;&quot;,&quot;style&quot;:{&quot;width&quot;:&quot;&quot;,&quot;background-color&quot;:&quot;&quot;,&quot;background-image&quot;:&quot;&quot;}},&quot;input&quot;:{&quot;style&quot;:{&quot;height&quot;:&quot;&quot;},&quot;borderColor&quot;:&quot;&quot;},&quot;buttons&quot;:{&quot;imageUrl&quot;:&quot;&quot;,&quot;href&quot;:&quot;&quot;,&quot;style&quot;:{&quot;width&quot;:&quot;&quot;,&quot;height&quot;:&quot;&quot;},&quot;uuid&quot;:&quot;33d784afc52f4d2e8644dc34a32cc1b1&quot;}},{&quot;name&quot;:&quot;alerts&quot;,&quot;wrap&quot;:{&quot;closeBtn&quot;:{&quot;isShow&quot;:&quot;false&quot;},&quot;style&quot;:{&quot;width&quot;:&quot;800px&quot;,&quot;height&quot;:&quot;800px&quot;,&quot;background-color&quot;:&quot;&quot;,&quot;background-image&quot;:&quot;&quot;,&quot;background-repeat&quot;:&quot;&quot;,&quot;border-radius&quot;:&quot;&quot;}},&quot;contents&quot;:{&quot;name&quot;:&quot;&quot;},&quot;buttons&quot;:[{&quot;imageUrl&quot;:&quot;/temp/20180109162227/btn0_1515486161711.png&quot;,&quot;href&quot;:&quot;&quot;,&quot;style&quot;:{&quot;width&quot;:&quot;&quot;,&quot;height&quot;:&quot;&quot;},&quot;uuid&quot;:&quot;db54dc6e0a7948e69b462629051f5b5f&quot;}]},{&quot;name&quot;:&quot;alerts&quot;,&quot;wrap&quot;:{&quot;closeBtn&quot;:{&quot;isShow&quot;:&quot;false&quot;},&quot;style&quot;:{&quot;width&quot;:&quot;&quot;,&quot;height&quot;:&quot;&quot;,&quot;background-color&quot;:&quot;&quot;,&quot;background-image&quot;:&quot;&quot;,&quot;background-repeat&quot;:&quot;&quot;,&quot;border-radius&quot;:&quot;&quot;}},&quot;contents&quot;:{&quot;name&quot;:&quot;&quot;}},{&quot;name&quot;:&quot;alerts&quot;,&quot;wrap&quot;:{&quot;closeBtn&quot;:{&quot;isShow&quot;:&quot;false&quot;},&quot;style&quot;:{&quot;width&quot;:&quot;&quot;,&quot;height&quot;:&quot;&quot;,&quot;background-color&quot;:&quot;&quot;,&quot;background-image&quot;:&quot;&quot;,&quot;background-repeat&quot;:&quot;&quot;,&quot;border-radius&quot;:&quot;&quot;}},&quot;contents&quot;:{&quot;name&quot;:&quot;&quot;}},{&quot;name&quot;:&quot;alerts&quot;,&quot;wrap&quot;:{&quot;closeBtn&quot;:{&quot;isShow&quot;:&quot;false&quot;},&quot;style&quot;:{&quot;width&quot;:&quot;&quot;,&quot;height&quot;:&quot;&quot;,&quot;background-color&quot;:&quot;&quot;,&quot;background-image&quot;:&quot;&quot;,&quot;background-repeat&quot;:&quot;&quot;,&quot;border-radius&quot;:&quot;&quot;}},&quot;contents&quot;:{&quot;name&quot;:&quot;&quot;}}],&quot;activityCode&quot;:&quot;8836695ba429421487145e3085f5817a&quot;}",`url`="",`components`="images,forms,alerts,alerts,alerts,alerts",`uuser_id`=1,`status`=CASE WHEN `status` = 1 THEN 1 ELSE 3 END,`update_time`="2018-01-09 04:23:34" WHERE `id`="74" 
[2018-01-09 16:25:10.282] [DEBUG] database - SELECT * FROM `act`  order by `id` DESC LIMIT 0,15
[2018-01-09 16:25:10.282] [DEBUG] database - SELECT count(*) as tmp_count FROM `act`
[2018-01-09 16:25:13.699] [DEBUG] database - SELECT * FROM `act`  WHERE `id`=74 
[2018-01-09 16:25:13.705] [DEBUG] database - DELETE FROM `act` WHERE `id`=74 
[2018-01-09 16:25:13.740] [DEBUG] database - SELECT count(*) as tmp_count FROM `act`
[2018-01-09 16:25:13.742] [DEBUG] database - SELECT * FROM `act`  order by `id` DESC LIMIT 0,15
[2018-01-09 16:26:04.178] [DEBUG] database - SELECT * FROM `act_tpl`  order by `id` DESC
[2018-01-09 16:26:06.473] [DEBUG] database - SELECT * FROM `act_tpl`  WHERE `id`=38 
[2018-01-09 16:26:22.795] [DEBUG] database - SHOW COLUMNS FROM `act`
[2018-01-09 16:26:22.812] [DEBUG] database - INSERT INTO `act` (`name`,`code`,`activity_code`,`url`,`data`,`status`,`components`,`user_id`,`create_time`) VALUES (":name",":code",":activity_code",":url",":data",:status,":components",:user_id,":create_time")
[2018-01-09 16:26:22.812] [DEBUG] database - INSERT INTO `act` (`name`,`code`,`activity_code`,`url`,`data`,`status`,`components`,`user_id`,`create_time`) VALUES ("","","8c17cc9d557a42a692ecf7c846d0630a","","{&quot;title&quot;:&quot;简单借款&quot;,&quot;style&quot;:{&quot;background-color&quot;:&quot;&quot;,&quot;background-repeat&quot;:&quot;no-repeat&quot;,&quot;background-image&quot;:&quot;&quot;},&quot;components&quot;:[{&quot;name&quot;:&quot;images&quot;,&quot;image_path&quot;:[]},{&quot;name&quot;:&quot;forms&quot;,&quot;image_path&quot;:[],&quot;wrap&quot;:{&quot;value&quot;:&quot;&quot;,&quot;iconcolor&quot;:&quot;&quot;,&quot;style&quot;:{&quot;width&quot;:&quot;&quot;,&quot;background-color&quot;:&quot;&quot;,&quot;background-image&quot;:&quot;&quot;}},&quot;input&quot;:{&quot;style&quot;:{&quot;height&quot;:&quot;&quot;},&quot;borderColor&quot;:&quot;&quot;},&quot;buttons&quot;:{&quot;imageUrl&quot;:&quot;&quot;,&quot;usages&quot;:[],&quot;href&quot;:&quot;&quot;,&quot;style&quot;:{&quot;width&quot;:&quot;&quot;,&quot;height&quot;:&quot;&quot;},&quot;responses&quot;:[],&quot;uuid&quot;:&quot;d20f0a53284c43d38d7fe16cde64112c&quot;}},{&quot;name&quot;:&quot;alerts&quot;,&quot;wrap&quot;:{&quot;closeBtn&quot;:{&quot;isShow&quot;:false,&quot;image_path&quot;:[]},&quot;style&quot;:{&quot;width&quot;:&quot;800px&quot;,&quot;height&quot;:&quot;800px&quot;,&quot;background-color&quot;:&quot;&quot;,&quot;background-image&quot;:&quot;&quot;,&quot;background-repeat&quot;:&quot;&quot;,&quot;border-radius&quot;:&quot;&quot;}},&quot;contents&quot;:{&quot;name&quot;:&quot;&quot;,&quot;image_path&quot;:[]},&quot;buttons&quot;:[{&quot;imageUrl&quot;:&quot;/temp/20180109162606/btn_1515486379977.png&quot;,&quot;usages&quot;:[],&quot;href&quot;:&quot;&quot;,&quot;style&quot;:{&quot;width&quot;:&quot;&quot;,&quot;height&quot;:&quot;&quot;},&quot;responses&quot;:[],&quot;uuid&quot;:&quot;991ba67e2ad6474fb4d742569d17c72f&quot;}]},{&quot;name&quot;:&quot;alerts&quot;,&quot;wrap&quot;:{&quot;closeBtn&quot;:{&quot;isShow&quot;:false,&quot;image_path&quot;:[]},&quot;style&quot;:{&quot;width&quot;:&quot;&quot;,&quot;height&quot;:&quot;&quot;,&quot;background-color&quot;:&quot;&quot;,&quot;background-image&quot;:&quot;&quot;,&quot;background-repeat&quot;:&quot;&quot;,&quot;border-radius&quot;:&quot;&quot;}},&quot;contents&quot;:{&quot;name&quot;:&quot;&quot;,&quot;image_path&quot;:[]},&quot;buttons&quot;:[]},{&quot;name&quot;:&quot;alerts&quot;,&quot;wrap&quot;:{&quot;closeBtn&quot;:{&quot;isShow&quot;:false,&quot;image_path&quot;:[]},&quot;style&quot;:{&quot;width&quot;:&quot;&quot;,&quot;height&quot;:&quot;&quot;,&quot;background-color&quot;:&quot;&quot;,&quot;background-image&quot;:&quot;&quot;,&quot;background-repeat&quot;:&quot;&quot;,&quot;border-radius&quot;:&quot;&quot;}},&quot;contents&quot;:{&quot;name&quot;:&quot;&quot;,&quot;image_path&quot;:[]},&quot;buttons&quot;:[]},{&quot;name&quot;:&quot;alerts&quot;,&quot;wrap&quot;:{&quot;closeBtn&quot;:{&quot;isShow&quot;:false,&quot;image_path&quot;:[]},&quot;style&quot;:{&quot;width&quot;:&quot;&quot;,&quot;height&quot;:&quot;&quot;,&quot;background-color&quot;:&quot;&quot;,&quot;background-image&quot;:&quot;&quot;,&quot;background-repeat&quot;:&quot;&quot;,&quot;border-radius&quot;:&quot;&quot;}},&quot;contents&quot;:{&quot;name&quot;:&quot;&quot;,&quot;image_path&quot;:[]},&quot;buttons&quot;:[]}],&quot;activityCode&quot;:&quot;8c17cc9d557a42a692ecf7c846d0630a&quot;}",1,"images,forms,alerts,alerts,alerts,alerts",1,"2018-01-09 04:26:22")
[2018-01-09 16:26:23.108] [DEBUG] database - SELECT count(*) as tmp_count FROM `act`
[2018-01-09 16:26:23.127] [DEBUG] database - SELECT * FROM `act`  order by `id` DESC LIMIT 0,15
[2018-01-09 16:26:24.879] [DEBUG] database - SELECT * FROM `act`  WHERE `id`=75 
[2018-01-09 16:26:33.145] [DEBUG] database - SHOW COLUMNS FROM `act`
[2018-01-09 16:26:33.156] [DEBUG] database - UPDATE `act` SET `name`=":name",`code`=":code",`activity_code`=":activity_code",`data`=":data",`url`=":url",`components`=":components",`uuser_id`=:uuser_id,`status`=:status,`update_time`=":update_time" WHERE `id`="75" 
[2018-01-09 16:26:33.156] [DEBUG] database - UPDATE `act` SET `name`="",`code`="",`activity_code`="8c17cc9d557a42a692ecf7c846d0630a",`data`="&quot;{\&quot;title\&quot;:\&quot;简单借款\&quot;,\&quot;style\&quot;:{\&quot;background-color\&quot;:\&quot;\&quot;,\&quot;background-repeat\&quot;:\&quot;no-repeat\&quot;,\&quot;background-image\&quot;:\&quot;\&quot;},\&quot;components\&quot;:[{\&quot;name\&quot;:\&quot;images\&quot;,\&quot;image_path\&quot;:[]},{\&quot;name\&quot;:\&quot;forms\&quot;,\&quot;image_path\&quot;:[],\&quot;wrap\&quot;:{\&quot;value\&quot;:\&quot;\&quot;,\&quot;iconcolor\&quot;:\&quot;\&quot;,\&quot;style\&quot;:{\&quot;width\&quot;:\&quot;\&quot;,\&quot;background-color\&quot;:\&quot;\&quot;,\&quot;background-image\&quot;:\&quot;\&quot;}},\&quot;input\&quot;:{\&quot;style\&quot;:{\&quot;height\&quot;:\&quot;\&quot;},\&quot;borderColor\&quot;:\&quot;\&quot;},\&quot;buttons\&quot;:{\&quot;imageUrl\&quot;:\&quot;\&quot;,\&quot;usages\&quot;:[],\&quot;href\&quot;:\&quot;\&quot;,\&quot;style\&quot;:{\&quot;width\&quot;:\&quot;\&quot;,\&quot;height\&quot;:\&quot;\&quot;},\&quot;responses\&quot;:[],\&quot;uuid\&quot;:\&quot;255caf6dd91a45bfa76cbe87ffb9c2b6\&quot;}},{\&quot;name\&quot;:\&quot;alerts\&quot;,\&quot;wrap\&quot;:{\&quot;closeBtn\&quot;:{\&quot;isShow\&quot;:false,\&quot;image_path\&quot;:[]},\&quot;style\&quot;:{\&quot;width\&quot;:\&quot;800px\&quot;,\&quot;height\&quot;:\&quot;800px\&quot;,\&quot;background-color\&quot;:\&quot;\&quot;,\&quot;background-image\&quot;:\&quot;\&quot;,\&quot;background-repeat\&quot;:\&quot;\&quot;,\&quot;border-radius\&quot;:\&quot;\&quot;}},\&quot;contents\&quot;:{\&quot;name\&quot;:\&quot;\&quot;,\&quot;image_path\&quot;:[]},\&quot;buttons\&quot;:[{\&quot;imageUrl\&quot;:\&quot;/temp/20180109162606/btn_1515486379977.png\&quot;,\&quot;usages\&quot;:[],\&quot;href\&quot;:\&quot;\&quot;,\&quot;style\&quot;:{\&quot;width\&quot;:\&quot;\&quot;,\&quot;height\&quot;:\&quot;\&quot;},\&quot;responses\&quot;:[],\&quot;uuid\&quot;:\&quot;991ba67e2ad6474fb4d742569d17c72f\&quot;}]},{\&quot;name\&quot;:\&quot;alerts\&quot;,\&quot;wrap\&quot;:{\&quot;closeBtn\&quot;:{\&quot;isShow\&quot;:false,\&quot;image_path\&quot;:[]},\&quot;style\&quot;:{\&quot;width\&quot;:\&quot;\&quot;,\&quot;height\&quot;:\&quot;\&quot;,\&quot;background-color\&quot;:\&quot;\&quot;,\&quot;background-image\&quot;:\&quot;\&quot;,\&quot;background-repeat\&quot;:\&quot;\&quot;,\&quot;border-radius\&quot;:\&quot;\&quot;}},\&quot;contents\&quot;:{\&quot;name\&quot;:\&quot;\&quot;,\&quot;image_path\&quot;:[]},\&quot;buttons\&quot;:[]},{\&quot;name\&quot;:\&quot;alerts\&quot;,\&quot;wrap\&quot;:{\&quot;closeBtn\&quot;:{\&quot;isShow\&quot;:false,\&quot;image_path\&quot;:[]},\&quot;style\&quot;:{\&quot;width\&quot;:\&quot;\&quot;,\&quot;height\&quot;:\&quot;\&quot;,\&quot;background-color\&quot;:\&quot;\&quot;,\&quot;background-image\&quot;:\&quot;\&quot;,\&quot;background-repeat\&quot;:\&quot;\&quot;,\&quot;border-radius\&quot;:\&quot;\&quot;}},\&quot;contents\&quot;:{\&quot;name\&quot;:\&quot;\&quot;,\&quot;image_path\&quot;:[]},\&quot;buttons\&quot;:[]},{\&quot;name\&quot;:\&quot;alerts\&quot;,\&quot;wrap\&quot;:{\&quot;closeBtn\&quot;:{\&quot;isShow\&quot;:false,\&quot;image_path\&quot;:[]},\&quot;style\&quot;:{\&quot;width\&quot;:\&quot;\&quot;,\&quot;height\&quot;:\&quot;\&quot;,\&quot;background-color\&quot;:\&quot;\&quot;,\&quot;background-image\&quot;:\&quot;\&quot;,\&quot;background-repeat\&quot;:\&quot;\&quot;,\&quot;border-radius\&quot;:\&quot;\&quot;}},\&quot;contents\&quot;:{\&quot;name\&quot;:\&quot;\&quot;,\&quot;image_path\&quot;:[]},\&quot;buttons\&quot;:[]}],\&quot;activityCode\&quot;:\&quot;8c17cc9d557a42a692ecf7c846d0630a\&quot;}&quot;",`url`="",`components`="images,forms,alerts,alerts,alerts,alerts",`uuser_id`=1,`status`=CASE WHEN `status` = 1 THEN 1 ELSE 3 END,`update_time`="2018-01-09 04:26:33" WHERE `id`="75" 
[2018-01-09 16:26:33.427] [DEBUG] database - SELECT count(*) as tmp_count FROM `act`
[2018-01-09 16:26:33.428] [DEBUG] database - SELECT * FROM `act`  order by `id` DESC LIMIT 0,15
[2018-01-09 16:26:37.064] [DEBUG] database - SELECT * FROM `act`  WHERE `id`=75 
[2018-01-09 16:26:45.002] [DEBUG] database - SELECT * FROM `act`  WHERE `id`=75 
[2018-01-09 16:27:06.710] [DEBUG] database - SELECT * FROM `act`  WHERE `id`=75 
[2018-01-09 16:28:12.113] [DEBUG] database - SELECT * FROM `act`  WHERE `id`=75 
[2018-01-09 16:28:19.257] [DEBUG] database - SELECT count(*) as tmp_count FROM `act`
[2018-01-09 16:28:19.263] [DEBUG] database - SELECT * FROM `act`  order by `id` DESC LIMIT 0,15
[2018-01-09 16:28:21.725] [DEBUG] database - SELECT * FROM `act`  WHERE `id`=75 
[2018-01-09 16:28:21.731] [DEBUG] database - DELETE FROM `act` WHERE `id`=75 
[2018-01-09 16:28:21.759] [DEBUG] database - SELECT count(*) as tmp_count FROM `act`
[2018-01-09 16:28:21.760] [DEBUG] database - SELECT * FROM `act`  order by `id` DESC LIMIT 0,15
[2018-01-09 16:28:22.888] [DEBUG] database - SELECT * FROM `act_tpl`  order by `id` DESC
[2018-01-09 16:28:25.095] [DEBUG] database - SELECT * FROM `act_tpl`  WHERE `id`=38 
[2018-01-09 16:28:44.139] [DEBUG] database - SHOW COLUMNS FROM `act`
[2018-01-09 16:28:44.154] [DEBUG] database - INSERT INTO `act` (`name`,`code`,`activity_code`,`url`,`data`,`status`,`components`,`user_id`,`create_time`) VALUES (":name",":code",":activity_code",":url",":data",:status,":components",:user_id,":create_time")
[2018-01-09 16:28:44.154] [DEBUG] database - INSERT INTO `act` (`name`,`code`,`activity_code`,`url`,`data`,`status`,`components`,`user_id`,`create_time`) VALUES ("","","82a03255dc5e4da5a7d0366d17dc6c88","","{&quot;title&quot;:&quot;简单借款&quot;,&quot;style&quot;:{&quot;background-color&quot;:&quot;&quot;,&quot;background-repeat&quot;:&quot;no-repeat&quot;,&quot;background-image&quot;:&quot;&quot;},&quot;components&quot;:[{&quot;name&quot;:&quot;images&quot;,&quot;image_path&quot;:[]},{&quot;name&quot;:&quot;forms&quot;,&quot;image_path&quot;:[],&quot;wrap&quot;:{&quot;value&quot;:&quot;&quot;,&quot;iconcolor&quot;:&quot;&quot;,&quot;style&quot;:{&quot;width&quot;:&quot;&quot;,&quot;background-color&quot;:&quot;&quot;,&quot;background-image&quot;:&quot;&quot;}},&quot;input&quot;:{&quot;style&quot;:{&quot;height&quot;:&quot;&quot;},&quot;borderColor&quot;:&quot;&quot;},&quot;buttons&quot;:{&quot;imageUrl&quot;:&quot;&quot;,&quot;usages&quot;:[],&quot;href&quot;:&quot;&quot;,&quot;style&quot;:{&quot;width&quot;:&quot;&quot;,&quot;height&quot;:&quot;&quot;},&quot;responses&quot;:[],&quot;uuid&quot;:&quot;67911307d5324a038dab6ffad4f50883&quot;}},{&quot;name&quot;:&quot;alerts&quot;,&quot;wrap&quot;:{&quot;closeBtn&quot;:{&quot;isShow&quot;:false,&quot;image_path&quot;:[]},&quot;style&quot;:{&quot;width&quot;:&quot;800px&quot;,&quot;height&quot;:&quot;800px&quot;,&quot;background-color&quot;:&quot;&quot;,&quot;background-image&quot;:&quot;&quot;,&quot;background-repeat&quot;:&quot;&quot;,&quot;border-radius&quot;:&quot;&quot;}},&quot;contents&quot;:{&quot;name&quot;:&quot;&quot;,&quot;image_path&quot;:[]},&quot;buttons&quot;:[{&quot;imageUrl&quot;:&quot;/temp/20180109162825/btn_1515486521853.png&quot;,&quot;usages&quot;:[],&quot;href&quot;:&quot;&quot;,&quot;style&quot;:{&quot;width&quot;:&quot;&quot;,&quot;height&quot;:&quot;&quot;},&quot;responses&quot;:[],&quot;uuid&quot;:&quot;5f143391cbae48a9b144d8055c4f22b9&quot;}]},{&quot;name&quot;:&quot;alerts&quot;,&quot;wrap&quot;:{&quot;closeBtn&quot;:{&quot;isShow&quot;:false,&quot;image_path&quot;:[]},&quot;style&quot;:{&quot;width&quot;:&quot;&quot;,&quot;height&quot;:&quot;&quot;,&quot;background-color&quot;:&quot;&quot;,&quot;background-image&quot;:&quot;&quot;,&quot;background-repeat&quot;:&quot;&quot;,&quot;border-radius&quot;:&quot;&quot;}},&quot;contents&quot;:{&quot;name&quot;:&quot;&quot;,&quot;image_path&quot;:[]},&quot;buttons&quot;:[]},{&quot;name&quot;:&quot;alerts&quot;,&quot;wrap&quot;:{&quot;closeBtn&quot;:{&quot;isShow&quot;:false,&quot;image_path&quot;:[]},&quot;style&quot;:{&quot;width&quot;:&quot;&quot;,&quot;height&quot;:&quot;&quot;,&quot;background-color&quot;:&quot;&quot;,&quot;background-image&quot;:&quot;&quot;,&quot;background-repeat&quot;:&quot;&quot;,&quot;border-radius&quot;:&quot;&quot;}},&quot;contents&quot;:{&quot;name&quot;:&quot;&quot;,&quot;image_path&quot;:[]},&quot;buttons&quot;:[]},{&quot;name&quot;:&quot;alerts&quot;,&quot;wrap&quot;:{&quot;closeBtn&quot;:{&quot;isShow&quot;:false,&quot;image_path&quot;:[]},&quot;style&quot;:{&quot;width&quot;:&quot;&quot;,&quot;height&quot;:&quot;&quot;,&quot;background-color&quot;:&quot;&quot;,&quot;background-image&quot;:&quot;&quot;,&quot;background-repeat&quot;:&quot;&quot;,&quot;border-radius&quot;:&quot;&quot;}},&quot;contents&quot;:{&quot;name&quot;:&quot;&quot;,&quot;image_path&quot;:[]},&quot;buttons&quot;:[]}],&quot;activityCode&quot;:&quot;82a03255dc5e4da5a7d0366d17dc6c88&quot;}",1,"images,forms,alerts,alerts,alerts,alerts",1,"2018-01-09 04:28:44")
[2018-01-09 16:28:44.446] [DEBUG] database - SELECT * FROM `act`  order by `id` DESC LIMIT 0,15
[2018-01-09 16:28:44.446] [DEBUG] database - SELECT count(*) as tmp_count FROM `act`
[2018-01-09 16:28:46.242] [DEBUG] database - SELECT * FROM `act`  WHERE `id`=76 
[2018-01-09 16:28:48.741] [DEBUG] database - SHOW COLUMNS FROM `act`
[2018-01-09 16:28:48.749] [DEBUG] database - UPDATE `act` SET `name`=":name",`code`=":code",`activity_code`=":activity_code",`data`=":data",`url`=":url",`components`=":components",`uuser_id`=:uuser_id,`status`=:status,`update_time`=":update_time" WHERE `id`=76 
[2018-01-09 16:28:48.750] [DEBUG] database - UPDATE `act` SET `name`="",`code`="",`activity_code`="82a03255dc5e4da5a7d0366d17dc6c88",`data`="{&quot;title&quot;:&quot;简单借款&quot;,&quot;style&quot;:{&quot;background-color&quot;:&quot;&quot;,&quot;background-repeat&quot;:&quot;no-repeat&quot;,&quot;background-image&quot;:&quot;&quot;},&quot;components&quot;:[{&quot;name&quot;:&quot;images&quot;,&quot;image_path&quot;:[]},{&quot;name&quot;:&quot;forms&quot;,&quot;image_path&quot;:[],&quot;wrap&quot;:{&quot;value&quot;:&quot;&quot;,&quot;iconcolor&quot;:&quot;&quot;,&quot;style&quot;:{&quot;width&quot;:&quot;&quot;,&quot;background-color&quot;:&quot;&quot;,&quot;background-image&quot;:&quot;&quot;}},&quot;input&quot;:{&quot;style&quot;:{&quot;height&quot;:&quot;&quot;},&quot;borderColor&quot;:&quot;&quot;},&quot;buttons&quot;:{&quot;imageUrl&quot;:&quot;&quot;,&quot;usages&quot;:[],&quot;href&quot;:&quot;&quot;,&quot;style&quot;:{&quot;width&quot;:&quot;&quot;,&quot;height&quot;:&quot;&quot;},&quot;responses&quot;:[],&quot;uuid&quot;:&quot;ba42a41af8924bf780300d8d621daaad&quot;}},{&quot;name&quot;:&quot;alerts&quot;,&quot;wrap&quot;:{&quot;closeBtn&quot;:{&quot;isShow&quot;:false,&quot;image_path&quot;:[]},&quot;style&quot;:{&quot;width&quot;:&quot;800px&quot;,&quot;height&quot;:&quot;800px&quot;,&quot;background-color&quot;:&quot;&quot;,&quot;background-image&quot;:&quot;&quot;,&quot;background-repeat&quot;:&quot;&quot;,&quot;border-radius&quot;:&quot;&quot;}},&quot;contents&quot;:{&quot;name&quot;:&quot;&quot;,&quot;image_path&quot;:[]},&quot;buttons&quot;:[{&quot;imageUrl&quot;:&quot;/temp/20180109162825/btn_1515486521853.png&quot;,&quot;usages&quot;:[],&quot;href&quot;:&quot;&quot;,&quot;style&quot;:{&quot;width&quot;:&quot;&quot;,&quot;height&quot;:&quot;&quot;},&quot;responses&quot;:[],&quot;uuid&quot;:&quot;5f143391cbae48a9b144d8055c4f22b9&quot;}]},{&quot;name&quot;:&quot;alerts&quot;,&quot;wrap&quot;:{&quot;closeBtn&quot;:{&quot;isShow&quot;:false,&quot;image_path&quot;:[]},&quot;style&quot;:{&quot;width&quot;:&quot;&quot;,&quot;height&quot;:&quot;&quot;,&quot;background-color&quot;:&quot;&quot;,&quot;background-image&quot;:&quot;&quot;,&quot;background-repeat&quot;:&quot;&quot;,&quot;border-radius&quot;:&quot;&quot;}},&quot;contents&quot;:{&quot;name&quot;:&quot;&quot;,&quot;image_path&quot;:[]},&quot;buttons&quot;:[]},{&quot;name&quot;:&quot;alerts&quot;,&quot;wrap&quot;:{&quot;closeBtn&quot;:{&quot;isShow&quot;:false,&quot;image_path&quot;:[]},&quot;style&quot;:{&quot;width&quot;:&quot;&quot;,&quot;height&quot;:&quot;&quot;,&quot;background-color&quot;:&quot;&quot;,&quot;background-image&quot;:&quot;&quot;,&quot;background-repeat&quot;:&quot;&quot;,&quot;border-radius&quot;:&quot;&quot;}},&quot;contents&quot;:{&quot;name&quot;:&quot;&quot;,&quot;image_path&quot;:[]},&quot;buttons&quot;:[]},{&quot;name&quot;:&quot;alerts&quot;,&quot;wrap&quot;:{&quot;closeBtn&quot;:{&quot;isShow&quot;:false,&quot;image_path&quot;:[]},&quot;style&quot;:{&quot;width&quot;:&quot;&quot;,&quot;height&quot;:&quot;&quot;,&quot;background-color&quot;:&quot;&quot;,&quot;background-image&quot;:&quot;&quot;,&quot;background-repeat&quot;:&quot;&quot;,&quot;border-radius&quot;:&quot;&quot;}},&quot;contents&quot;:{&quot;name&quot;:&quot;&quot;,&quot;image_path&quot;:[]},&quot;buttons&quot;:[]}],&quot;activityCode&quot;:&quot;82a03255dc5e4da5a7d0366d17dc6c88&quot;}",`url`="",`components`="images,forms,alerts,alerts,alerts,alerts",`uuser_id`=1,`status`=CASE WHEN `status` = 1 THEN 1 ELSE 3 END,`update_time`="2018-01-09 04:28:48" WHERE `id`=76 
[2018-01-09 16:28:49.025] [DEBUG] database - SELECT * FROM `act`  order by `id` DESC LIMIT 0,15
[2018-01-09 16:28:49.026] [DEBUG] database - SELECT count(*) as tmp_count FROM `act`
[2018-01-09 16:28:52.249] [DEBUG] database - SELECT * FROM `act`  WHERE `id`=76 
[2018-01-09 16:28:53.906] [DEBUG] database - SHOW COLUMNS FROM `act`
[2018-01-09 16:28:53.916] [DEBUG] database - UPDATE `act` SET `name`=":name",`code`=":code",`activity_code`=":activity_code",`data`=":data",`url`=":url",`components`=":components",`uuser_id`=:uuser_id,`status`=:status,`update_time`=":update_time" WHERE `id`=76 
[2018-01-09 16:28:53.916] [DEBUG] database - UPDATE `act` SET `name`="",`code`="",`activity_code`="82a03255dc5e4da5a7d0366d17dc6c88",`data`="{&quot;title&quot;:&quot;简单借款&quot;,&quot;style&quot;:{&quot;background-color&quot;:&quot;&quot;,&quot;background-repeat&quot;:&quot;no-repeat&quot;,&quot;background-image&quot;:&quot;&quot;},&quot;components&quot;:[{&quot;name&quot;:&quot;images&quot;,&quot;image_path&quot;:[]},{&quot;name&quot;:&quot;forms&quot;,&quot;image_path&quot;:[],&quot;wrap&quot;:{&quot;value&quot;:&quot;&quot;,&quot;iconcolor&quot;:&quot;&quot;,&quot;style&quot;:{&quot;width&quot;:&quot;&quot;,&quot;background-color&quot;:&quot;&quot;,&quot;background-image&quot;:&quot;&quot;}},&quot;input&quot;:{&quot;style&quot;:{&quot;height&quot;:&quot;&quot;},&quot;borderColor&quot;:&quot;&quot;},&quot;buttons&quot;:{&quot;imageUrl&quot;:&quot;&quot;,&quot;usages&quot;:[],&quot;href&quot;:&quot;&quot;,&quot;style&quot;:{&quot;width&quot;:&quot;&quot;,&quot;height&quot;:&quot;&quot;},&quot;responses&quot;:[],&quot;uuid&quot;:&quot;b986c735078340aa95097009dbd63d8b&quot;}},{&quot;name&quot;:&quot;alerts&quot;,&quot;wrap&quot;:{&quot;closeBtn&quot;:{&quot;isShow&quot;:false,&quot;image_path&quot;:[]},&quot;style&quot;:{&quot;width&quot;:&quot;800px&quot;,&quot;height&quot;:&quot;800px&quot;,&quot;background-color&quot;:&quot;&quot;,&quot;background-image&quot;:&quot;&quot;,&quot;background-repeat&quot;:&quot;&quot;,&quot;border-radius&quot;:&quot;&quot;}},&quot;contents&quot;:{&quot;name&quot;:&quot;&quot;,&quot;image_path&quot;:[]},&quot;buttons&quot;:[{&quot;imageUrl&quot;:&quot;/temp/20180109162825/btn_1515486521853.png&quot;,&quot;usages&quot;:[],&quot;href&quot;:&quot;&quot;,&quot;style&quot;:{&quot;width&quot;:&quot;&quot;,&quot;height&quot;:&quot;&quot;},&quot;responses&quot;:[],&quot;uuid&quot;:&quot;5f143391cbae48a9b144d8055c4f22b9&quot;}]},{&quot;name&quot;:&quot;alerts&quot;,&quot;wrap&quot;:{&quot;closeBtn&quot;:{&quot;isShow&quot;:false,&quot;image_path&quot;:[]},&quot;style&quot;:{&quot;width&quot;:&quot;&quot;,&quot;height&quot;:&quot;&quot;,&quot;background-color&quot;:&quot;&quot;,&quot;background-image&quot;:&quot;&quot;,&quot;background-repeat&quot;:&quot;&quot;,&quot;border-radius&quot;:&quot;&quot;}},&quot;contents&quot;:{&quot;name&quot;:&quot;&quot;,&quot;image_path&quot;:[]},&quot;buttons&quot;:[]},{&quot;name&quot;:&quot;alerts&quot;,&quot;wrap&quot;:{&quot;closeBtn&quot;:{&quot;isShow&quot;:false,&quot;image_path&quot;:[]},&quot;style&quot;:{&quot;width&quot;:&quot;&quot;,&quot;height&quot;:&quot;&quot;,&quot;background-color&quot;:&quot;&quot;,&quot;background-image&quot;:&quot;&quot;,&quot;background-repeat&quot;:&quot;&quot;,&quot;border-radius&quot;:&quot;&quot;}},&quot;contents&quot;:{&quot;name&quot;:&quot;&quot;,&quot;image_path&quot;:[]},&quot;buttons&quot;:[]},{&quot;name&quot;:&quot;alerts&quot;,&quot;wrap&quot;:{&quot;closeBtn&quot;:{&quot;isShow&quot;:false,&quot;image_path&quot;:[]},&quot;style&quot;:{&quot;width&quot;:&quot;&quot;,&quot;height&quot;:&quot;&quot;,&quot;background-color&quot;:&quot;&quot;,&quot;background-image&quot;:&quot;&quot;,&quot;background-repeat&quot;:&quot;&quot;,&quot;border-radius&quot;:&quot;&quot;}},&quot;contents&quot;:{&quot;name&quot;:&quot;&quot;,&quot;image_path&quot;:[]},&quot;buttons&quot;:[]}],&quot;activityCode&quot;:&quot;82a03255dc5e4da5a7d0366d17dc6c88&quot;}",`url`="",`components`="images,forms,alerts,alerts,alerts,alerts",`uuser_id`=1,`status`=CASE WHEN `status` = 1 THEN 1 ELSE 3 END,`update_time`="2018-01-09 04:28:53" WHERE `id`=76 
[2018-01-09 16:28:54.171] [DEBUG] database - SELECT * FROM `act`  order by `id` DESC LIMIT 0,15
[2018-01-09 16:28:54.171] [DEBUG] database - SELECT count(*) as tmp_count FROM `act`
[2018-01-09 16:31:34.732] [DEBUG] database - SELECT * FROM `act`  WHERE `id`=76 
[2018-01-09 16:32:25.021] [DEBUG] database - SHOW COLUMNS FROM `act`
[2018-01-09 16:32:25.031] [DEBUG] database - UPDATE `act` SET `name`=":name",`code`=":code",`activity_code`=":activity_code",`data`=":data",`url`=":url",`components`=":components",`uuser_id`=:uuser_id,`status`=:status,`update_time`=":update_time" WHERE `id`=76 
[2018-01-09 16:32:25.031] [DEBUG] database - UPDATE `act` SET `name`="",`code`="",`activity_code`="82a03255dc5e4da5a7d0366d17dc6c88",`data`="{&quot;title&quot;:&quot;简单借款&quot;,&quot;style&quot;:{&quot;background-color&quot;:&quot;&quot;,&quot;background-repeat&quot;:&quot;no-repeat&quot;,&quot;background-image&quot;:&quot;&quot;},&quot;components&quot;:[{&quot;name&quot;:&quot;images&quot;,&quot;image_path&quot;:[]},{&quot;name&quot;:&quot;forms&quot;,&quot;image_path&quot;:[],&quot;wrap&quot;:{&quot;value&quot;:&quot;&quot;,&quot;iconcolor&quot;:&quot;&quot;,&quot;style&quot;:{&quot;width&quot;:&quot;&quot;,&quot;background-color&quot;:&quot;&quot;,&quot;background-image&quot;:&quot;&quot;}},&quot;input&quot;:{&quot;style&quot;:{&quot;height&quot;:&quot;&quot;},&quot;borderColor&quot;:&quot;&quot;},&quot;buttons&quot;:{&quot;imageUrl&quot;:&quot;&quot;,&quot;usages&quot;:[],&quot;href&quot;:&quot;&quot;,&quot;style&quot;:{&quot;width&quot;:&quot;&quot;,&quot;height&quot;:&quot;&quot;},&quot;responses&quot;:[],&quot;uuid&quot;:&quot;3318baa6d9c042889f374bb27df73a09&quot;}},{&quot;name&quot;:&quot;alerts&quot;,&quot;wrap&quot;:{&quot;closeBtn&quot;:{&quot;isShow&quot;:false,&quot;image_path&quot;:[]},&quot;style&quot;:{&quot;width&quot;:&quot;800px&quot;,&quot;height&quot;:&quot;800px&quot;,&quot;background-color&quot;:&quot;&quot;,&quot;background-image&quot;:&quot;&quot;,&quot;background-repeat&quot;:&quot;&quot;,&quot;border-radius&quot;:&quot;&quot;}},&quot;contents&quot;:{&quot;name&quot;:&quot;&quot;,&quot;image_path&quot;:[]},&quot;buttons&quot;:[{&quot;imageUrl&quot;:&quot;/temp/20180109162825/btn_1515486521853.png&quot;,&quot;usages&quot;:[],&quot;href&quot;:&quot;&quot;,&quot;style&quot;:{&quot;width&quot;:&quot;400px&quot;,&quot;height&quot;:&quot;&quot;},&quot;responses&quot;:[],&quot;uuid&quot;:&quot;5f143391cbae48a9b144d8055c4f22b9&quot;},{&quot;imageUrl&quot;:&quot;/temp/20180109163134/btn0_1515486706136.png&quot;,&quot;usages&quot;:[],&quot;href&quot;:&quot;&quot;,&quot;style&quot;:{&quot;width&quot;:&quot;400px&quot;,&quot;height&quot;:&quot;&quot;},&quot;responses&quot;:[],&quot;uuid&quot;:&quot;aa25114716164c69ac567fc7bbbfbb29&quot;}]},{&quot;name&quot;:&quot;alerts&quot;,&quot;wrap&quot;:{&quot;closeBtn&quot;:{&quot;isShow&quot;:false,&quot;image_path&quot;:[]},&quot;style&quot;:{&quot;width&quot;:&quot;&quot;,&quot;height&quot;:&quot;&quot;,&quot;background-color&quot;:&quot;&quot;,&quot;background-image&quot;:&quot;&quot;,&quot;background-repeat&quot;:&quot;&quot;,&quot;border-radius&quot;:&quot;&quot;}},&quot;contents&quot;:{&quot;name&quot;:&quot;&quot;,&quot;image_path&quot;:[]},&quot;buttons&quot;:[]},{&quot;name&quot;:&quot;alerts&quot;,&quot;wrap&quot;:{&quot;closeBtn&quot;:{&quot;isShow&quot;:false,&quot;image_path&quot;:[]},&quot;style&quot;:{&quot;width&quot;:&quot;&quot;,&quot;height&quot;:&quot;&quot;,&quot;background-color&quot;:&quot;&quot;,&quot;background-image&quot;:&quot;&quot;,&quot;background-repeat&quot;:&quot;&quot;,&quot;border-radius&quot;:&quot;&quot;}},&quot;contents&quot;:{&quot;name&quot;:&quot;&quot;,&quot;image_path&quot;:[]},&quot;buttons&quot;:[]},{&quot;name&quot;:&quot;alerts&quot;,&quot;wrap&quot;:{&quot;closeBtn&quot;:{&quot;isShow&quot;:false,&quot;image_path&quot;:[]},&quot;style&quot;:{&quot;width&quot;:&quot;&quot;,&quot;height&quot;:&quot;&quot;,&quot;background-color&quot;:&quot;&quot;,&quot;background-image&quot;:&quot;&quot;,&quot;background-repeat&quot;:&quot;&quot;,&quot;border-radius&quot;:&quot;&quot;}},&quot;contents&quot;:{&quot;name&quot;:&quot;&quot;,&quot;image_path&quot;:[]},&quot;buttons&quot;:[]}],&quot;activityCode&quot;:&quot;82a03255dc5e4da5a7d0366d17dc6c88&quot;}",`url`="",`components`="images,forms,alerts,alerts,alerts,alerts",`uuser_id`=1,`status`=CASE WHEN `status` = 1 THEN 1 ELSE 3 END,`update_time`="2018-01-09 04:32:25" WHERE `id`=76 
[2018-01-09 16:32:25.313] [DEBUG] database - SELECT count(*) as tmp_count FROM `act`
[2018-01-09 16:32:25.319] [DEBUG] database - SELECT * FROM `act`  order by `id` DESC LIMIT 0,15
[2018-01-09 16:32:26.999] [DEBUG] database - SELECT * FROM `act`  WHERE `id`=76 
[2018-01-09 16:34:03.146] [DEBUG] database - SELECT * FROM `act`  WHERE `id`=76 
[2018-01-09 16:37:17.608] [DEBUG] database - SELECT * FROM `act_tpl`  WHERE `id`=37 
[2018-01-09 16:37:17.644] [DEBUG] database - SHOW COLUMNS FROM `logs`
[2018-01-09 16:37:17.751] [DEBUG] database - INSERT INTO `logs` (`content`,`url`,`ip`,`username`,`create_time`) VALUES (":content",":url",":ip",":username",":create_time")
[2018-01-09 16:37:17.751] [DEBUG] database - INSERT INTO `logs` (`content`,`url`,`ip`,`username`,`create_time`) VALUES ("服务器出错，新增模版失败","/api/act/tpl/37","127.0.0.1","admin","2018-01-09 04:37:17")
[2018-01-09 16:37:24.096] [DEBUG] database - SELECT * FROM `act`  WHERE `id`=76 
[2018-01-09 16:41:47.358] [DEBUG] database - SELECT count(*) as tmp_count FROM `act`
[2018-01-09 16:41:47.358] [DEBUG] database - SELECT * FROM `act`  order by `id` DESC LIMIT 0,15
[2018-01-09 16:41:51.209] [DEBUG] database - SELECT * FROM `act_tpl`  order by `id` DESC
[2018-01-09 16:41:54.779] [DEBUG] database - SELECT * FROM `act_tpl`  WHERE `id`=38 
[2018-01-09 16:43:11.146] [DEBUG] database - SELECT * FROM `act_tpl`  WHERE `id`=38 
[2018-01-09 16:43:23.000] [DEBUG] database - SELECT count(*) as tmp_count FROM `act`
[2018-01-09 16:43:23.008] [DEBUG] database - SELECT * FROM `act`  order by `id` DESC LIMIT 0,15
[2018-01-09 16:43:25.117] [DEBUG] database - SELECT * FROM `act`  WHERE `id`=76 
[2018-01-09 16:44:56.193] [DEBUG] database - SELECT * FROM `act`  WHERE `id`=76 
[2018-01-09 16:45:16.572] [DEBUG] database - SELECT * FROM `act`  WHERE `id`=76 
[2018-01-09 16:46:00.385] [DEBUG] database - SELECT * FROM `act`  WHERE `id`=76 
[2018-01-09 16:47:47.882] [DEBUG] database - SELECT * FROM `act`  WHERE `id`=76 
[2018-01-09 16:49:31.876] [DEBUG] database - SELECT * FROM `act`  WHERE `id`=76 
[2018-01-09 16:53:32.347] [DEBUG] database - SHOW COLUMNS FROM `act`
[2018-01-09 16:53:32.364] [DEBUG] database - UPDATE `act` SET `name`=":name",`code`=":code",`activity_code`=":activity_code",`data`=":data",`url`=":url",`components`=":components",`uuser_id`=:uuser_id,`status`=:status,`update_time`=":update_time" WHERE `id`=76 
[2018-01-09 16:53:32.364] [DEBUG] database - UPDATE `act` SET `name`="",`code`="",`activity_code`="82a03255dc5e4da5a7d0366d17dc6c88",`data`="{&quot;title&quot;:&quot;简单借款&quot;,&quot;style&quot;:{&quot;background-color&quot;:&quot;&quot;,&quot;background-repeat&quot;:&quot;no-repeat&quot;,&quot;background-image&quot;:&quot;&quot;},&quot;components&quot;:[{&quot;name&quot;:&quot;images&quot;,&quot;image_path&quot;:[]},{&quot;name&quot;:&quot;forms&quot;,&quot;image_path&quot;:[],&quot;wrap&quot;:{&quot;value&quot;:&quot;&quot;,&quot;iconcolor&quot;:&quot;&quot;,&quot;style&quot;:{&quot;width&quot;:&quot;&quot;,&quot;background-color&quot;:&quot;&quot;,&quot;background-image&quot;:&quot;&quot;}},&quot;input&quot;:{&quot;style&quot;:{&quot;height&quot;:&quot;&quot;},&quot;borderColor&quot;:&quot;&quot;},&quot;buttons&quot;:{&quot;imageUrl&quot;:&quot;&quot;,&quot;usages&quot;:[],&quot;href&quot;:&quot;&quot;,&quot;style&quot;:{&quot;width&quot;:&quot;&quot;,&quot;height&quot;:&quot;&quot;},&quot;responses&quot;:[],&quot;uuid&quot;:&quot;ffab1bbaa8ac4a27a026ec30932b4b64&quot;}},{&quot;name&quot;:&quot;alerts&quot;,&quot;wrap&quot;:{&quot;closeBtn&quot;:{&quot;isShow&quot;:false,&quot;image_path&quot;:[]},&quot;style&quot;:{&quot;width&quot;:&quot;800px&quot;,&quot;height&quot;:&quot;800px&quot;,&quot;background-color&quot;:&quot;&quot;,&quot;background-image&quot;:&quot;&quot;,&quot;background-repeat&quot;:&quot;&quot;,&quot;border-radius&quot;:&quot;&quot;}},&quot;contents&quot;:{&quot;name&quot;:&quot;&quot;,&quot;image_path&quot;:[]},&quot;buttons&quot;:[]},{&quot;name&quot;:&quot;alerts&quot;,&quot;wrap&quot;:{&quot;closeBtn&quot;:{&quot;isShow&quot;:false,&quot;image_path&quot;:[]},&quot;style&quot;:{&quot;width&quot;:&quot;&quot;,&quot;height&quot;:&quot;&quot;,&quot;background-color&quot;:&quot;&quot;,&quot;background-image&quot;:&quot;&quot;,&quot;background-repeat&quot;:&quot;&quot;,&quot;border-radius&quot;:&quot;&quot;}},&quot;contents&quot;:{&quot;name&quot;:&quot;&quot;,&quot;image_path&quot;:[]},&quot;buttons&quot;:[]},{&quot;name&quot;:&quot;alerts&quot;,&quot;wrap&quot;:{&quot;closeBtn&quot;:{&quot;isShow&quot;:false,&quot;image_path&quot;:[]},&quot;style&quot;:{&quot;width&quot;:&quot;&quot;,&quot;height&quot;:&quot;&quot;,&quot;background-color&quot;:&quot;&quot;,&quot;background-image&quot;:&quot;&quot;,&quot;background-repeat&quot;:&quot;&quot;,&quot;border-radius&quot;:&quot;&quot;}},&quot;contents&quot;:{&quot;name&quot;:&quot;&quot;,&quot;image_path&quot;:[]},&quot;buttons&quot;:[]},{&quot;name&quot;:&quot;alerts&quot;,&quot;wrap&quot;:{&quot;closeBtn&quot;:{&quot;isShow&quot;:false,&quot;image_path&quot;:[]},&quot;style&quot;:{&quot;width&quot;:&quot;&quot;,&quot;height&quot;:&quot;&quot;,&quot;background-color&quot;:&quot;&quot;,&quot;background-image&quot;:&quot;&quot;,&quot;background-repeat&quot;:&quot;&quot;,&quot;border-radius&quot;:&quot;&quot;}},&quot;contents&quot;:{&quot;name&quot;:&quot;&quot;,&quot;image_path&quot;:[]},&quot;buttons&quot;:[]}],&quot;activityCode&quot;:&quot;82a03255dc5e4da5a7d0366d17dc6c88&quot;}",`url`="",`components`="images,forms,alerts,alerts,alerts,alerts",`uuser_id`=1,`status`=CASE WHEN `status` = 1 THEN 1 ELSE 3 END,`update_time`="2018-01-09 04:53:32" WHERE `id`=76 
[2018-01-09 16:53:32.665] [DEBUG] database - SELECT count(*) as tmp_count FROM `act`
[2018-01-09 16:53:32.670] [DEBUG] database - SELECT * FROM `act`  order by `id` DESC LIMIT 0,15
[2018-01-09 16:53:35.539] [DEBUG] database - SELECT * FROM `act`  WHERE `id`=76 
[2018-01-09 16:53:35.545] [DEBUG] database - DELETE FROM `act` WHERE `id`=76 
[2018-01-09 16:53:35.573] [DEBUG] database - SELECT * FROM `act`  order by `id` DESC LIMIT 0,15
[2018-01-09 16:53:35.576] [DEBUG] database - SELECT count(*) as tmp_count FROM `act`
[2018-01-09 19:02:16.180] [DEBUG] database - SELECT * FROM `menus`  WHERE `status`=1  order by `sort` ASC
[2018-01-09 19:02:16.202] [DEBUG] database - SELECT count(*) as tmp_count FROM `act`
[2018-01-09 19:02:16.215] [DEBUG] database - SELECT * FROM `act`  order by `id` DESC LIMIT 0,15
[2018-01-09 19:24:44.890] [DEBUG] database - SELECT * FROM `act`  order by `id` DESC LIMIT 0,15
[2018-01-09 19:24:44.891] [DEBUG] database - SELECT count(*) as tmp_count FROM `act`
