[2018-01-17 10:52:20.569] [DEBUG] database - SELECT * FROM `act_tpl`  WHERE `id`=39 
[2018-01-17 11:11:22.634] [DEBUG] database - SELECT * FROM `menus`  WHERE `status`=1  order by `sort` ASC
[2018-01-17 11:11:22.645] [DEBUG] database - SELECT * FROM `act_tpl`  WHERE `id`=39 
[2018-01-17 11:44:46.323] [DEBUG] database - SELECT * FROM `act_tpl`  WHERE `id`=39 
[2018-01-17 12:03:25.930] [DEBUG] database - SELECT * FROM `act_tpl`  WHERE `id`=39 
[2018-01-17 12:09:50.912] [DEBUG] database - SELECT * FROM `act_tpl`  WHERE `id`=39 
[2018-01-17 12:09:53.403] [DEBUG] database - SELECT * FROM `act_tpl`  WHERE `id`=39 
[2018-01-17 13:41:02.314] [DEBUG] database - SELECT * FROM `act_tpl`  order by `id` DESC
[2018-01-17 13:41:05.417] [DEBUG] database - SELECT * FROM `act_tpl`  WHERE `id`=41 
[2018-01-17 13:41:49.425] [DEBUG] database - SELECT * FROM `act_tpl`  order by `id` DESC
[2018-01-17 13:41:54.617] [DEBUG] database - SELECT * FROM `act_tpl`  WHERE `id`=39 
[2018-01-17 18:45:19.015] [DEBUG] database - SELECT count(*) as tmp_count FROM `act`
[2018-01-17 18:45:19.020] [DEBUG] database - SELECT * FROM `act`  order by `id` DESC LIMIT 0,15
[2018-01-17 18:45:19.718] [DEBUG] database - SELECT * FROM `act_tpl`  order by `id` DESC
[2018-01-17 18:45:24.796] [DEBUG] database - SELECT * FROM `act_tpl`  WHERE `id`=41 
[2018-01-17 19:24:17.125] [DEBUG] database - SELECT count(*) as tmp_count FROM `config`
[2018-01-17 19:24:17.128] [DEBUG] database - SELECT * FROM `config`  order by `id` DESC LIMIT 0,15
[2018-01-17 19:24:29.623] [DEBUG] database - SELECT * FROM `act_tpl`  order by `id` DESC
[2018-01-17 19:24:31.343] [DEBUG] database - SELECT count(*) as tmp_count FROM `act`
[2018-01-17 19:24:31.344] [DEBUG] database - SELECT * FROM `act`  order by `id` DESC LIMIT 0,15
[2018-01-17 19:24:33.739] [DEBUG] database - SELECT * FROM `act_tpl`  order by `id` DESC
[2018-01-17 19:24:37.147] [DEBUG] database - SELECT * FROM `act_tpl`  WHERE `id`=41 
[2018-01-17 19:29:16.747] [DEBUG] database - SELECT * FROM `act_tpl`  order by `id` DESC
[2018-01-17 19:29:20.034] [DEBUG] database - SELECT * FROM `act_tpl`  WHERE `id`=42 
[2018-01-17 19:30:13.741] [DEBUG] database - SELECT * FROM `act_tpl`  order by `id` DESC
[2018-01-17 19:30:21.398] [DEBUG] database - SELECT * FROM `act_tpl`  order by `id` DESC
[2018-01-17 19:31:30.632] [DEBUG] database - SELECT * FROM `act_tpl`  WHERE `id`=42 
[2018-01-17 19:42:00.102] [DEBUG] database - SELECT * FROM `act_tpl`  WHERE `id`=42 
[2018-01-17 19:56:22.083] [DEBUG] database - SELECT * FROM `act_tpl`  WHERE `id`=42 
[2018-01-17 20:26:22.792] [DEBUG] database - SELECT * FROM `act_tpl`  WHERE `id`=42 
[2018-01-17 20:33:27.134] [DEBUG] database - SELECT * FROM `act_tpl`  WHERE `id`=42 
[2018-01-17 20:34:56.168] [DEBUG] database - SELECT * FROM `act_tpl`  WHERE `id`=42 
[2018-01-17 20:58:23.740] [DEBUG] database - SELECT * FROM `act_tpl`  WHERE `id`=42 
[2018-01-17 20:58:27.890] [DEBUG] database - SELECT * FROM `menus`  order by `sort` ASC
