[2018-01-20 13:34:06.810] [DEBUG] database - SELECT * FROM `menus`  WHERE `status`=1  order by `sort` ASC
[2018-01-20 13:34:45.417] [DEBUG] database - SELECT * FROM `menus`  WHERE `status`=1  order by `sort` ASC
[2018-01-20 13:35:02.650] [DEBUG] database - SELECT * FROM `menus`  WHERE `status`=1  order by `sort` ASC
[2018-01-20 13:36:03.960] [DEBUG] database - SELECT * FROM `menus`  WHERE `status`=1  order by `sort` ASC
[2018-01-20 13:37:06.754] [DEBUG] database - SELECT * FROM `menus`  WHERE `status`=1  order by `sort` ASC
[2018-01-20 13:41:02.996] [DEBUG] database - SELECT * FROM `menus`  WHERE `status`=1  order by `sort` ASC
[2018-01-20 13:41:37.006] [DEBUG] database - SELECT * FROM `menus`  WHERE `status`=1  order by `sort` ASC
[2018-01-20 15:42:50.037] [DEBUG] database - SELECT * FROM `users`  WHERE `email`="admin@jdjk.com" 
[2018-01-20 15:42:50.062] [DEBUG] database - SELECT * FROM `roles`  WHERE `id`=1 
[2018-01-20 15:42:50.066] [DEBUG] database - SELECT * FROM `dep`  WHERE `id`=1 
[2018-01-20 15:42:50.078] [DEBUG] database - SELECT * FROM `dep`  WHERE `id` in (0,1)  order by `pids` ASC
[2018-01-20 15:42:50.097] [DEBUG] database - SHOW COLUMNS FROM `logs`
[2018-01-20 15:42:50.116] [DEBUG] database - INSERT INTO `logs` (`content`,`url`,`ip`,`username`,`create_time`) VALUES (":content",":url",":ip",":username",":create_time")
[2018-01-20 15:42:50.117] [DEBUG] database - INSERT INTO `logs` (`content`,`url`,`ip`,`username`,`create_time`) VALUES ("登录成功:admin","/api/signin","127.0.0.1","admin","2018-01-20 03:42:50")
[2018-01-20 15:42:50.189] [DEBUG] database - SELECT * FROM `menus`  WHERE `status`=1  order by `sort` ASC
[2018-01-20 16:45:57.411] [DEBUG] database - SELECT * FROM `menus`  WHERE `status`=1  order by `sort` ASC
[2018-01-20 16:53:47.414] [DEBUG] database - SELECT * FROM `users`  WHERE `email`="admin@jdjk.com" 
[2018-01-20 16:53:47.436] [DEBUG] database - SELECT * FROM `roles`  WHERE `id`=1 
[2018-01-20 16:53:47.446] [DEBUG] database - SELECT * FROM `dep`  WHERE `id`=1 
[2018-01-20 16:53:47.452] [DEBUG] database - SELECT * FROM `dep`  WHERE `id` in (0,1)  order by `pids` ASC
[2018-01-20 16:53:47.465] [DEBUG] database - SHOW COLUMNS FROM `logs`
[2018-01-20 16:53:47.485] [DEBUG] database - INSERT INTO `logs` (`content`,`url`,`ip`,`username`,`create_time`) VALUES (":content",":url",":ip",":username",":create_time")
[2018-01-20 16:53:47.486] [DEBUG] database - INSERT INTO `logs` (`content`,`url`,`ip`,`username`,`create_time`) VALUES ("登录成功:admin","/api/signin","127.0.0.1","admin","2018-01-20 04:53:47")
