[2018-03-22 10:43:54.334] [DEBUG] database - SELECT * FROM `act_tpl`  order by `id` DESC
[2018-03-22 10:43:55.969] [DEBUG] database - SELECT count(*) as tmp_count FROM `act`
[2018-03-22 10:43:55.974] [DEBUG] database - SELECT * FROM `act`  order by `id` DESC LIMIT 0,15
[2018-03-22 11:47:10.113] [DEBUG] database - SELECT * FROM `config`  order by `id` DESC LIMIT 0,15
[2018-03-22 11:47:10.115] [DEBUG] database - SELECT count(*) as tmp_count FROM `config`
[2018-03-22 14:26:48.640] [DEBUG] database - SELECT count(*) as tmp_count FROM `act`
[2018-03-22 14:26:48.643] [DEBUG] database - SELECT * FROM `act`  order by `id` DESC LIMIT 0,15
[2018-03-22 14:26:51.540] [DEBUG] database - SELECT * FROM `act`  WHERE `id`=95 
[2018-03-22 14:26:59.666] [DEBUG] database - SELECT * FROM `act_tpl`  order by `id` DESC
[2018-03-22 14:27:08.047] [DEBUG] database - SELECT * FROM `act_tpl`  WHERE `id`=54 
[2018-03-22 14:28:37.387] [DEBUG] database - SHOW COLUMNS FROM `act`
[2018-03-22 14:28:37.398] [DEBUG] database - INSERT INTO `act` (`name`,`code`,`activity_code`,`url`,`data`,`status`,`components`,`user_id`,`create_time`) VALUES (":name",":code",":activity_code",":url",":data",:status,":components",:user_id,":create_time")
[2018-03-22 14:28:37.398] [DEBUG] database - INSERT INTO `act` (`name`,`code`,`activity_code`,`url`,`data`,`status`,`components`,`user_id`,`create_time`) VALUES ("test","test","654ab2c85280449987368b9cd8bb37ae","","{&quot;title&quot;:&quot;test&quot;,&quot;style&quot;:{&quot;background-color&quot;:&quot;#c63a2f&quot;,&quot;background-repeat&quot;:&quot;&quot;,&quot;background-image&quot;:&quot;&quot;},&quot;components&quot;:[{&quot;name&quot;:&quot;images&quot;,&quot;image_path&quot;:[&quot;/temp/20180322142708/01_1521700054372.png&quot;]},{&quot;name&quot;:&quot;buttons&quot;,&quot;buttons&quot;:{&quot;orientH&quot;:false,&quot;space&quot;:&quot;20px&quot;,&quot;items&quot;:[{&quot;imageUrl&quot;:&quot;/temp/20180322142708/验证码_06_1521700089832.png&quot;,&quot;usages&quot;:[],&quot;href&quot;:&quot;&quot;,&quot;style&quot;:{&quot;width&quot;:&quot;240px&quot;,&quot;height&quot;:&quot;&quot;,&quot;margin-bottom&quot;:&quot;20px&quot;},&quot;responses&quot;:[],&quot;uuid&quot;:&quot;7f83d5b0a3824d61bb0531f2fd28b45b&quot;}]},&quot;wrap&quot;:{&quot;style&quot;:{&quot;height&quot;:&quot;&quot;,&quot;background-image&quot;:&quot;&quot;,&quot;background-color&quot;:&quot;&quot;}}},{&quot;name&quot;:&quot;images&quot;,&quot;image_path&quot;:[&quot;/temp/20180322142708/04_1521700113550.png&quot;]}],&quot;activityCode&quot;:&quot;654ab2c85280449987368b9cd8bb37ae&quot;}",1,"images,buttons,images",1,"2018-03-22 02:28:37")
[2018-03-22 14:28:37.674] [DEBUG] database - SELECT count(*) as tmp_count FROM `act`
[2018-03-22 14:28:37.679] [DEBUG] database - SELECT * FROM `act`  order by `id` DESC LIMIT 0,15
[2018-03-22 14:28:41.979] [DEBUG] database - SELECT * FROM `config`  WHERE `status`=1 
[2018-03-22 14:28:41.986] [DEBUG] database - SELECT * FROM `act`  WHERE `id`=96 
[2018-03-22 14:28:41.990] [DEBUG] database - DELETE FROM `act` WHERE `id`=96 
[2018-03-22 14:28:42.016] [DEBUG] database - SELECT count(*) as tmp_count FROM `act`
[2018-03-22 14:28:42.016] [DEBUG] database - SELECT * FROM `act`  order by `id` DESC LIMIT 0,15
[2018-03-22 14:29:37.229] [DEBUG] database - SELECT * FROM `act`  WHERE `id`=97 
[2018-03-22 14:29:43.677] [DEBUG] database - SHOW COLUMNS FROM `act`
[2018-03-22 14:29:43.684] [DEBUG] database - UPDATE `act` SET `name`=":name",`code`=":code",`activity_code`=":activity_code",`data`=":data",`url`=":url",`components`=":components",`uuser_id`=:uuser_id,`status`=:status,`update_time`=":update_time" WHERE `id`=97 
[2018-03-22 14:29:43.684] [DEBUG] database - UPDATE `act` SET `name`="test",`code`="test",`activity_code`="654ab2c85280449987368b9cd8bb37ae",`data`="{&quot;title&quot;:&quot;test&quot;,&quot;style&quot;:{&quot;background-color&quot;:&quot;#c63a2f&quot;,&quot;background-repeat&quot;:&quot;&quot;,&quot;background-image&quot;:&quot;&quot;},&quot;components&quot;:[{&quot;name&quot;:&quot;images&quot;,&quot;image_path&quot;:[&quot;/temp/20180322142708/01_1521700054372.png&quot;]},{&quot;name&quot;:&quot;buttons&quot;,&quot;buttons&quot;:{&quot;orientH&quot;:false,&quot;space&quot;:&quot;20px&quot;,&quot;items&quot;:[{&quot;imageUrl&quot;:&quot;/temp/20180322142708/验证码_06_1521700089832.png&quot;,&quot;usages&quot;:[],&quot;href&quot;:&quot;&quot;,&quot;style&quot;:{&quot;width&quot;:&quot;240px&quot;,&quot;height&quot;:&quot;&quot;,&quot;margin-bottom&quot;:&quot;20px&quot;},&quot;responses&quot;:[],&quot;uuid&quot;:&quot;7f83d5b0a3824d61bb0531f2fd28b45b&quot;}]},&quot;wrap&quot;:{&quot;style&quot;:{&quot;height&quot;:&quot;&quot;,&quot;background-image&quot;:&quot;&quot;,&quot;background-color&quot;:&quot;&quot;}}},{&quot;name&quot;:&quot;images&quot;,&quot;image_path&quot;:[&quot;/temp/20180322142708/04_1521700113550.png&quot;]}],&quot;activityCode&quot;:&quot;654ab2c85280449987368b9cd8bb37ae&quot;}",`url`="",`components`="images,buttons,images",`uuser_id`=1,`status`=CASE WHEN `status` = 1 THEN 1 ELSE 3 END,`update_time`="2018-03-22 02:29:43" WHERE `id`=97 
[2018-03-22 14:29:43.952] [DEBUG] database - SELECT count(*) as tmp_count FROM `act`
[2018-03-22 14:29:43.960] [DEBUG] database - SELECT * FROM `act`  order by `id` DESC LIMIT 0,15
[2018-03-22 14:30:41.214] [DEBUG] database - SELECT * FROM `act`  WHERE `id`=97 
[2018-03-22 14:30:49.154] [DEBUG] database - SHOW COLUMNS FROM `act`
[2018-03-22 14:30:49.162] [DEBUG] database - UPDATE `act` SET `name`=":name",`code`=":code",`activity_code`=":activity_code",`data`=":data",`url`=":url",`components`=":components",`uuser_id`=:uuser_id,`status`=:status,`update_time`=":update_time" WHERE `id`=97 
[2018-03-22 14:30:49.163] [DEBUG] database - UPDATE `act` SET `name`="test",`code`="test",`activity_code`="654ab2c85280449987368b9cd8bb37ae",`data`="{&quot;title&quot;:&quot;test&quot;,&quot;style&quot;:{&quot;background-color&quot;:&quot;#c63a2f&quot;,&quot;background-repeat&quot;:&quot;&quot;,&quot;background-image&quot;:&quot;&quot;},&quot;components&quot;:[{&quot;name&quot;:&quot;images&quot;,&quot;image_path&quot;:[&quot;/temp/20180322142708/01_1521700054372.png&quot;]},{&quot;name&quot;:&quot;buttons&quot;,&quot;buttons&quot;:{&quot;orientH&quot;:false,&quot;space&quot;:&quot;20px&quot;,&quot;items&quot;:[{&quot;imageUrl&quot;:&quot;/temp/20180322142708/验证码_06_1521700089832.png&quot;,&quot;usages&quot;:[],&quot;href&quot;:&quot;&quot;,&quot;style&quot;:{&quot;width&quot;:&quot;240px&quot;,&quot;height&quot;:&quot;&quot;,&quot;margin-bottom&quot;:&quot;20px&quot;},&quot;responses&quot;:[],&quot;uuid&quot;:&quot;7f83d5b0a3824d61bb0531f2fd28b45b&quot;}]},&quot;wrap&quot;:{&quot;style&quot;:{&quot;height&quot;:&quot;&quot;,&quot;background-image&quot;:&quot;&quot;,&quot;background-color&quot;:&quot;&quot;}}},{&quot;name&quot;:&quot;images&quot;,&quot;image_path&quot;:[&quot;/temp/20180322142708/04_1521700113550.png&quot;]}],&quot;activityCode&quot;:&quot;654ab2c85280449987368b9cd8bb37ae&quot;}",`url`="",`components`="images,buttons,images",`uuser_id`=1,`status`=CASE WHEN `status` = 1 THEN 1 ELSE 3 END,`update_time`="2018-03-22 02:30:49" WHERE `id`=97 
[2018-03-22 14:30:49.432] [DEBUG] database - SELECT count(*) as tmp_count FROM `act`
[2018-03-22 14:30:49.438] [DEBUG] database - SELECT * FROM `act`  order by `id` DESC LIMIT 0,15
[2018-03-22 14:32:03.776] [DEBUG] database - SELECT * FROM `act`  WHERE `id`=97 
[2018-03-22 14:32:11.379] [DEBUG] database - SHOW COLUMNS FROM `act`
[2018-03-22 14:32:11.388] [DEBUG] database - UPDATE `act` SET `name`=":name",`code`=":code",`activity_code`=":activity_code",`data`=":data",`url`=":url",`components`=":components",`uuser_id`=:uuser_id,`status`=:status,`update_time`=":update_time" WHERE `id`=97 
[2018-03-22 14:32:11.389] [DEBUG] database - UPDATE `act` SET `name`="test",`code`="test",`activity_code`="654ab2c85280449987368b9cd8bb37ae",`data`="{&quot;title&quot;:&quot;test&quot;,&quot;style&quot;:{&quot;background-color&quot;:&quot;#c63a2f&quot;,&quot;background-repeat&quot;:&quot;&quot;,&quot;background-image&quot;:&quot;&quot;},&quot;components&quot;:[{&quot;name&quot;:&quot;images&quot;,&quot;image_path&quot;:[&quot;/temp/20180322142708/01_1521700054372.png&quot;]},{&quot;name&quot;:&quot;buttons&quot;,&quot;buttons&quot;:{&quot;orientH&quot;:false,&quot;space&quot;:&quot;20px&quot;,&quot;items&quot;:[{&quot;imageUrl&quot;:&quot;/temp/20180322142708/验证码_06_1521700089832.png&quot;,&quot;usages&quot;:[],&quot;href&quot;:&quot;&quot;,&quot;style&quot;:{&quot;width&quot;:&quot;240px&quot;,&quot;height&quot;:&quot;&quot;,&quot;margin-bottom&quot;:&quot;20px&quot;},&quot;responses&quot;:[],&quot;uuid&quot;:&quot;7f83d5b0a3824d61bb0531f2fd28b45b&quot;}]},&quot;wrap&quot;:{&quot;style&quot;:{&quot;height&quot;:&quot;&quot;,&quot;background-image&quot;:&quot;&quot;,&quot;background-color&quot;:&quot;&quot;}}},{&quot;name&quot;:&quot;images&quot;,&quot;image_path&quot;:[&quot;/temp/20180322142708/04_1521700113550.png&quot;]}],&quot;activityCode&quot;:&quot;654ab2c85280449987368b9cd8bb37ae&quot;}",`url`="",`components`="images,buttons,images",`uuser_id`=1,`status`=CASE WHEN `status` = 1 THEN 1 ELSE 3 END,`update_time`="2018-03-22 02:32:11" WHERE `id`=97 
[2018-03-22 14:32:11.658] [DEBUG] database - SELECT count(*) as tmp_count FROM `act`
[2018-03-22 14:32:11.665] [DEBUG] database - SELECT * FROM `act`  order by `id` DESC LIMIT 0,15
[2018-03-22 14:33:44.553] [DEBUG] database - SELECT * FROM `act`  WHERE `id`=97 
[2018-03-22 14:33:51.198] [DEBUG] database - SELECT * FROM `config`  WHERE `status`=1 
[2018-03-22 14:33:51.351] [DEBUG] database - SHOW COLUMNS FROM `act`
[2018-03-22 14:33:51.358] [DEBUG] database - UPDATE `act` SET `name`=":name",`code`=":code",`components`=":components",`url`=":url",`data`=":data",`activity_code`=":activity_code",`user_id`=:user_id,`status`=:status,`update_time`=":update_time",`publish_time`=":publish_time" WHERE `id`=97 
[2018-03-22 14:33:51.358] [DEBUG] database - UPDATE `act` SET `name`="test",`code`="test",`components`="images,buttons,images",`url`="http://local_activity.jiandanjiekuan.com/pages/test/1/index.html",`data`="{&quot;title&quot;:&quot;test&quot;,&quot;style&quot;:{&quot;background-color&quot;:&quot;#c63a2f&quot;,&quot;background-repeat&quot;:&quot;&quot;,&quot;background-image&quot;:&quot;&quot;},&quot;components&quot;:[{&quot;name&quot;:&quot;images&quot;,&quot;image_path&quot;:[&quot;http://local_activity.jiandanjiekuan.com/pages/test/1/img/01_1521700054372.png&quot;]},{&quot;name&quot;:&quot;buttons&quot;,&quot;buttons&quot;:{&quot;orientH&quot;:false,&quot;space&quot;:&quot;20px&quot;,&quot;items&quot;:[{&quot;imageUrl&quot;:&quot;http://local_activity.jiandanjiekuan.com/pages/test/1/img/验证码_06_1521700089832.png&quot;,&quot;usages&quot;:[],&quot;href&quot;:&quot;&quot;,&quot;style&quot;:{&quot;width&quot;:&quot;240px&quot;,&quot;height&quot;:&quot;&quot;,&quot;margin-bottom&quot;:&quot;20px&quot;},&quot;responses&quot;:[],&quot;uuid&quot;:&quot;7f83d5b0a3824d61bb0531f2fd28b45b&quot;}]},&quot;wrap&quot;:{&quot;style&quot;:{&quot;height&quot;:&quot;&quot;,&quot;background-image&quot;:&quot;&quot;,&quot;background-color&quot;:&quot;&quot;}}},{&quot;name&quot;:&quot;images&quot;,&quot;image_path&quot;:[&quot;http://local_activity.jiandanjiekuan.com/pages/test/1/img/04_1521700113550.png&quot;]}],&quot;activityCode&quot;:&quot;654ab2c85280449987368b9cd8bb37ae&quot;}",`activity_code`="654ab2c85280449987368b9cd8bb37ae",`user_id`=1,`status`=2,`update_time`="2018-03-22 02:33:51",`publish_time`="2018-03-22 14:33:51" WHERE `id`=97 
[2018-03-22 14:34:00.320] [DEBUG] database - SELECT * FROM `menus`  WHERE `status`=1  order by `sort` ASC
[2018-03-22 14:34:00.337] [DEBUG] database - SELECT count(*) as tmp_count FROM `act`
[2018-03-22 14:34:00.338] [DEBUG] database - SELECT * FROM `act`  order by `id` DESC LIMIT 0,15
[2018-03-22 14:35:57.667] [DEBUG] database - SELECT * FROM `act`  WHERE `id`=97 
[2018-03-22 14:36:45.193] [DEBUG] database - SELECT * FROM `menus`  WHERE `status`=1  order by `sort` ASC
[2018-03-22 14:36:45.222] [DEBUG] database - SELECT * FROM `act`  WHERE `id`=97 
[2018-03-22 14:36:54.716] [DEBUG] database - SELECT * FROM `config`  WHERE `status`=1 
[2018-03-22 14:36:54.848] [DEBUG] database - SHOW COLUMNS FROM `act`
[2018-03-22 14:36:54.857] [DEBUG] database - UPDATE `act` SET `name`=":name",`code`=":code",`components`=":components",`url`=":url",`data`=":data",`activity_code`=":activity_code",`user_id`=:user_id,`status`=:status,`update_time`=":update_time",`publish_time`=":publish_time" WHERE `id`=97 
[2018-03-22 14:36:54.858] [DEBUG] database - UPDATE `act` SET `name`="test",`code`="test",`components`="images,buttons,images",`url`="http://local_activity.jiandanjiekuan.com/pages/test/1/index.html",`data`="{&quot;title&quot;:&quot;test&quot;,&quot;style&quot;:{&quot;background-color&quot;:&quot;#c63a2f&quot;,&quot;background-repeat&quot;:&quot;&quot;,&quot;background-image&quot;:&quot;&quot;},&quot;components&quot;:[{&quot;name&quot;:&quot;images&quot;,&quot;image_path&quot;:[&quot;http://local_activity.jiandanjiekuan.com/pages/test/1/img/01_1521700054372.png&quot;]},{&quot;name&quot;:&quot;buttons&quot;,&quot;buttons&quot;:{&quot;orientH&quot;:false,&quot;space&quot;:&quot;20px&quot;,&quot;items&quot;:[{&quot;imageUrl&quot;:&quot;http://local_activity.jiandanjiekuan.com/pages/test/1/img/验证码_06_1521700089832.png&quot;,&quot;usages&quot;:[],&quot;href&quot;:&quot;&quot;,&quot;style&quot;:{&quot;width&quot;:&quot;240px&quot;,&quot;height&quot;:&quot;&quot;,&quot;margin-bottom&quot;:&quot;20px&quot;},&quot;responses&quot;:[],&quot;uuid&quot;:&quot;7f83d5b0a3824d61bb0531f2fd28b45b&quot;}]},&quot;wrap&quot;:{&quot;style&quot;:{&quot;height&quot;:&quot;&quot;,&quot;background-image&quot;:&quot;&quot;,&quot;background-color&quot;:&quot;&quot;}}},{&quot;name&quot;:&quot;images&quot;,&quot;image_path&quot;:[&quot;http://local_activity.jiandanjiekuan.com/pages/test/1/img/04_1521700113550.png&quot;]}],&quot;activityCode&quot;:&quot;654ab2c85280449987368b9cd8bb37ae&quot;}",`activity_code`="654ab2c85280449987368b9cd8bb37ae",`user_id`=1,`status`=2,`update_time`="2018-03-22 02:36:54",`publish_time`="2018-03-22 14:36:54" WHERE `id`=97 
[2018-03-22 14:42:00.090] [DEBUG] database - SELECT * FROM `act_tpl`  order by `id` DESC
[2018-03-22 14:42:00.908] [DEBUG] database - SELECT count(*) as tmp_count FROM `act`
[2018-03-22 14:42:00.914] [DEBUG] database - SELECT * FROM `act`  order by `id` DESC LIMIT 0,15
[2018-03-22 14:42:02.811] [DEBUG] database - SELECT * FROM `act`  WHERE `id`=97 
[2018-03-22 14:42:05.490] [DEBUG] database - SELECT * FROM `config`  WHERE `status`=1 
[2018-03-22 14:42:05.636] [DEBUG] database - SHOW COLUMNS FROM `act`
[2018-03-22 14:42:05.645] [DEBUG] database - UPDATE `act` SET `name`=":name",`code`=":code",`components`=":components",`url`=":url",`data`=":data",`activity_code`=":activity_code",`user_id`=:user_id,`status`=:status,`update_time`=":update_time",`publish_time`=":publish_time" WHERE `id`=97 
[2018-03-22 14:42:05.645] [DEBUG] database - UPDATE `act` SET `name`="test",`code`="test",`components`="images,buttons,images",`url`="http://local_activity.jiandanjiekuan.com/pages/test/1/index.html",`data`="{&quot;title&quot;:&quot;test&quot;,&quot;style&quot;:{&quot;background-color&quot;:&quot;#c63a2f&quot;,&quot;background-repeat&quot;:&quot;&quot;,&quot;background-image&quot;:&quot;&quot;},&quot;components&quot;:[{&quot;name&quot;:&quot;images&quot;,&quot;image_path&quot;:[&quot;http://local_activity.jiandanjiekuan.com/pages/test/1/img/01_1521700054372.png&quot;]},{&quot;name&quot;:&quot;buttons&quot;,&quot;buttons&quot;:{&quot;orientH&quot;:false,&quot;space&quot;:&quot;20px&quot;,&quot;items&quot;:[{&quot;imageUrl&quot;:&quot;http://local_activity.jiandanjiekuan.com/pages/test/1/img/验证码_06_1521700089832.png&quot;,&quot;usages&quot;:[],&quot;href&quot;:&quot;&quot;,&quot;style&quot;:{&quot;width&quot;:&quot;240px&quot;,&quot;height&quot;:&quot;&quot;,&quot;margin-bottom&quot;:&quot;20px&quot;},&quot;responses&quot;:[],&quot;uuid&quot;:&quot;7f83d5b0a3824d61bb0531f2fd28b45b&quot;}]},&quot;wrap&quot;:{&quot;style&quot;:{&quot;height&quot;:&quot;&quot;,&quot;background-image&quot;:&quot;&quot;,&quot;background-color&quot;:&quot;&quot;}}},{&quot;name&quot;:&quot;images&quot;,&quot;image_path&quot;:[&quot;http://local_activity.jiandanjiekuan.com/pages/test/1/img/04_1521700113550.png&quot;]}],&quot;activityCode&quot;:&quot;654ab2c85280449987368b9cd8bb37ae&quot;}",`activity_code`="654ab2c85280449987368b9cd8bb37ae",`user_id`=1,`status`=2,`update_time`="2018-03-22 02:42:05",`publish_time`="2018-03-22 14:42:05" WHERE `id`=97 
[2018-03-22 14:42:05.904] [DEBUG] database - SELECT * FROM `act`  order by `id` DESC LIMIT 0,15
[2018-03-22 14:42:05.904] [DEBUG] database - SELECT count(*) as tmp_count FROM `act`
[2018-03-22 14:43:35.153] [DEBUG] database - SELECT * FROM `act`  WHERE `id`=97 
[2018-03-22 14:43:38.392] [DEBUG] database - SELECT * FROM `config`  WHERE `status`=1 
[2018-03-22 14:43:38.532] [DEBUG] database - SHOW COLUMNS FROM `act`
[2018-03-22 14:43:38.541] [DEBUG] database - UPDATE `act` SET `name`=":name",`code`=":code",`components`=":components",`url`=":url",`data`=":data",`activity_code`=":activity_code",`user_id`=:user_id,`status`=:status,`update_time`=":update_time",`publish_time`=":publish_time" WHERE `id`=97 
[2018-03-22 14:43:38.542] [DEBUG] database - UPDATE `act` SET `name`="test",`code`="test",`components`="images,buttons,images",`url`="http://local_activity.jiandanjiekuan.com/pages/test/1/index.html",`data`="{&quot;title&quot;:&quot;test&quot;,&quot;style&quot;:{&quot;background-color&quot;:&quot;#c63a2f&quot;,&quot;background-repeat&quot;:&quot;&quot;,&quot;background-image&quot;:&quot;&quot;},&quot;components&quot;:[{&quot;name&quot;:&quot;images&quot;,&quot;image_path&quot;:[&quot;http://local_activity.jiandanjiekuan.com/pages/test/1/img/01_1521700054372.png&quot;]},{&quot;name&quot;:&quot;buttons&quot;,&quot;buttons&quot;:{&quot;orientH&quot;:false,&quot;space&quot;:&quot;20px&quot;,&quot;items&quot;:[{&quot;imageUrl&quot;:&quot;http://local_activity.jiandanjiekuan.com/pages/test/1/img/验证码_06_1521700089832.png&quot;,&quot;usages&quot;:[],&quot;href&quot;:&quot;&quot;,&quot;style&quot;:{&quot;width&quot;:&quot;240px&quot;,&quot;height&quot;:&quot;&quot;,&quot;margin-bottom&quot;:&quot;20px&quot;},&quot;responses&quot;:[],&quot;uuid&quot;:&quot;7f83d5b0a3824d61bb0531f2fd28b45b&quot;}]},&quot;wrap&quot;:{&quot;style&quot;:{&quot;height&quot;:&quot;&quot;,&quot;background-image&quot;:&quot;&quot;,&quot;background-color&quot;:&quot;&quot;}}},{&quot;name&quot;:&quot;images&quot;,&quot;image_path&quot;:[&quot;http://local_activity.jiandanjiekuan.com/pages/test/1/img/04_1521700113550.png&quot;]}],&quot;activityCode&quot;:&quot;654ab2c85280449987368b9cd8bb37ae&quot;}",`activity_code`="654ab2c85280449987368b9cd8bb37ae",`user_id`=1,`status`=2,`update_time`="2018-03-22 02:43:38",`publish_time`="2018-03-22 14:43:38" WHERE `id`=97 
[2018-03-22 14:43:38.815] [DEBUG] database - SELECT count(*) as tmp_count FROM `act`
[2018-03-22 14:43:38.821] [DEBUG] database - SELECT * FROM `act`  order by `id` DESC LIMIT 0,15
[2018-03-22 14:47:43.804] [DEBUG] database - SELECT * FROM `act`  WHERE `id`=97 
[2018-03-22 14:47:46.325] [DEBUG] database - SELECT * FROM `config`  WHERE `status`=1 
[2018-03-22 14:47:46.458] [DEBUG] database - SHOW COLUMNS FROM `act`
[2018-03-22 14:47:46.464] [DEBUG] database - UPDATE `act` SET `name`=":name",`code`=":code",`components`=":components",`url`=":url",`data`=":data",`activity_code`=":activity_code",`user_id`=:user_id,`status`=:status,`update_time`=":update_time",`publish_time`=":publish_time" WHERE `id`=97 
[2018-03-22 14:47:46.465] [DEBUG] database - UPDATE `act` SET `name`="test",`code`="test",`components`="images,buttons,images",`url`="http://local_activity.jiandanjiekuan.com/pages/test/1/index.html",`data`="{&quot;title&quot;:&quot;test&quot;,&quot;style&quot;:{&quot;background-color&quot;:&quot;#c63a2f&quot;,&quot;background-repeat&quot;:&quot;&quot;,&quot;background-image&quot;:&quot;&quot;},&quot;components&quot;:[{&quot;name&quot;:&quot;images&quot;,&quot;image_path&quot;:[&quot;http://local_activity.jiandanjiekuan.com/pages/test/1/img/01_1521700054372.png&quot;]},{&quot;name&quot;:&quot;buttons&quot;,&quot;buttons&quot;:{&quot;orientH&quot;:false,&quot;space&quot;:&quot;20px&quot;,&quot;items&quot;:[{&quot;imageUrl&quot;:&quot;http://local_activity.jiandanjiekuan.com/pages/test/1/img/验证码_06_1521700089832.png&quot;,&quot;usages&quot;:[],&quot;href&quot;:&quot;&quot;,&quot;style&quot;:{&quot;width&quot;:&quot;240px&quot;,&quot;height&quot;:&quot;&quot;,&quot;margin-bottom&quot;:&quot;20px&quot;},&quot;responses&quot;:[],&quot;uuid&quot;:&quot;7f83d5b0a3824d61bb0531f2fd28b45b&quot;}]},&quot;wrap&quot;:{&quot;style&quot;:{&quot;height&quot;:&quot;&quot;,&quot;background-image&quot;:&quot;&quot;,&quot;background-color&quot;:&quot;&quot;}}},{&quot;name&quot;:&quot;images&quot;,&quot;image_path&quot;:[&quot;http://local_activity.jiandanjiekuan.com/pages/test/1/img/04_1521700113550.png&quot;]}],&quot;activityCode&quot;:&quot;654ab2c85280449987368b9cd8bb37ae&quot;}",`activity_code`="654ab2c85280449987368b9cd8bb37ae",`user_id`=1,`status`=2,`update_time`="2018-03-22 02:47:46",`publish_time`="2018-03-22 14:47:46" WHERE `id`=97 
[2018-03-22 14:47:46.742] [DEBUG] database - SELECT count(*) as tmp_count FROM `act`
[2018-03-22 14:47:46.750] [DEBUG] database - SELECT * FROM `act`  order by `id` DESC LIMIT 0,15
[2018-03-22 14:49:09.067] [DEBUG] database - SELECT * FROM `act`  WHERE `id`=97 
[2018-03-22 14:49:11.172] [DEBUG] database - SELECT * FROM `config`  WHERE `status`=1 
[2018-03-22 14:49:11.310] [DEBUG] database - SHOW COLUMNS FROM `act`
[2018-03-22 14:49:11.316] [DEBUG] database - UPDATE `act` SET `name`=":name",`code`=":code",`components`=":components",`url`=":url",`data`=":data",`activity_code`=":activity_code",`user_id`=:user_id,`status`=:status,`update_time`=":update_time",`publish_time`=":publish_time" WHERE `id`=97 
[2018-03-22 14:49:11.317] [DEBUG] database - UPDATE `act` SET `name`="test",`code`="test",`components`="images,buttons,images",`url`="http://local_activity.jiandanjiekuan.com/pages/test/1/index.html",`data`="{&quot;title&quot;:&quot;test&quot;,&quot;style&quot;:{&quot;background-color&quot;:&quot;#c63a2f&quot;,&quot;background-repeat&quot;:&quot;&quot;,&quot;background-image&quot;:&quot;&quot;},&quot;components&quot;:[{&quot;name&quot;:&quot;images&quot;,&quot;image_path&quot;:[&quot;http://local_activity.jiandanjiekuan.com/pages/test/1/img/01_1521700054372.png&quot;]},{&quot;name&quot;:&quot;buttons&quot;,&quot;buttons&quot;:{&quot;orientH&quot;:false,&quot;space&quot;:&quot;20px&quot;,&quot;items&quot;:[{&quot;imageUrl&quot;:&quot;http://local_activity.jiandanjiekuan.com/pages/test/1/img/验证码_06_1521700089832.png&quot;,&quot;usages&quot;:[],&quot;href&quot;:&quot;&quot;,&quot;style&quot;:{&quot;width&quot;:&quot;240px&quot;,&quot;height&quot;:&quot;&quot;,&quot;margin-bottom&quot;:&quot;20px&quot;},&quot;responses&quot;:[],&quot;uuid&quot;:&quot;7f83d5b0a3824d61bb0531f2fd28b45b&quot;}]},&quot;wrap&quot;:{&quot;style&quot;:{&quot;height&quot;:&quot;&quot;,&quot;background-image&quot;:&quot;&quot;,&quot;background-color&quot;:&quot;&quot;}}},{&quot;name&quot;:&quot;images&quot;,&quot;image_path&quot;:[&quot;http://local_activity.jiandanjiekuan.com/pages/test/1/img/04_1521700113550.png&quot;]}],&quot;activityCode&quot;:&quot;654ab2c85280449987368b9cd8bb37ae&quot;}",`activity_code`="654ab2c85280449987368b9cd8bb37ae",`user_id`=1,`status`=2,`update_time`="2018-03-22 02:49:11",`publish_time`="2018-03-22 14:49:11" WHERE `id`=97 
[2018-03-22 14:49:11.583] [DEBUG] database - SELECT count(*) as tmp_count FROM `act`
[2018-03-22 14:49:11.589] [DEBUG] database - SELECT * FROM `act`  order by `id` DESC LIMIT 0,15
[2018-03-22 14:50:07.983] [DEBUG] database - SELECT * FROM `act`  WHERE `id`=97 
[2018-03-22 14:50:15.478] [DEBUG] database - SELECT * FROM `config`  WHERE `status`=1 
[2018-03-22 14:50:15.609] [DEBUG] database - SHOW COLUMNS FROM `act`
[2018-03-22 14:50:15.615] [DEBUG] database - UPDATE `act` SET `name`=":name",`code`=":code",`components`=":components",`url`=":url",`data`=":data",`activity_code`=":activity_code",`user_id`=:user_id,`status`=:status,`update_time`=":update_time",`publish_time`=":publish_time" WHERE `id`=97 
[2018-03-22 14:50:15.616] [DEBUG] database - UPDATE `act` SET `name`="test",`code`="test",`components`="images,buttons,images",`url`="http://local_activity.jiandanjiekuan.com/pages/test/1/index.html",`data`="{&quot;title&quot;:&quot;test&quot;,&quot;style&quot;:{&quot;background-color&quot;:&quot;#c63a2f&quot;,&quot;background-repeat&quot;:&quot;&quot;,&quot;background-image&quot;:&quot;&quot;},&quot;components&quot;:[{&quot;name&quot;:&quot;images&quot;,&quot;image_path&quot;:[&quot;http://local_activity.jiandanjiekuan.com/pages/test/1/img/01_1521700054372.png&quot;]},{&quot;name&quot;:&quot;buttons&quot;,&quot;buttons&quot;:{&quot;orientH&quot;:false,&quot;space&quot;:&quot;20px&quot;,&quot;items&quot;:[{&quot;imageUrl&quot;:&quot;http://local_activity.jiandanjiekuan.com/pages/test/1/img/验证码_06_1521700089832.png&quot;,&quot;usages&quot;:[],&quot;href&quot;:&quot;&quot;,&quot;style&quot;:{&quot;width&quot;:&quot;240px&quot;,&quot;height&quot;:&quot;&quot;,&quot;margin-bottom&quot;:&quot;20px&quot;},&quot;responses&quot;:[],&quot;uuid&quot;:&quot;7f83d5b0a3824d61bb0531f2fd28b45b&quot;}]},&quot;wrap&quot;:{&quot;style&quot;:{&quot;height&quot;:&quot;&quot;,&quot;background-image&quot;:&quot;&quot;,&quot;background-color&quot;:&quot;&quot;}}},{&quot;name&quot;:&quot;images&quot;,&quot;image_path&quot;:[&quot;http://local_activity.jiandanjiekuan.com/pages/test/1/img/04_1521700113550.png&quot;]}],&quot;activityCode&quot;:&quot;654ab2c85280449987368b9cd8bb37ae&quot;}",`activity_code`="654ab2c85280449987368b9cd8bb37ae",`user_id`=1,`status`=2,`update_time`="2018-03-22 02:50:15",`publish_time`="2018-03-22 14:50:15" WHERE `id`=97 
[2018-03-22 14:57:40.375] [DEBUG] database - SELECT * FROM `menus`  WHERE `status`=1  order by `sort` ASC
[2018-03-22 14:57:40.389] [DEBUG] database - SELECT count(*) as tmp_count FROM `act`
[2018-03-22 14:57:40.392] [DEBUG] database - SELECT * FROM `act`  order by `id` DESC LIMIT 0,15
[2018-03-22 14:57:42.728] [DEBUG] database - SELECT * FROM `act`  WHERE `id`=97 
[2018-03-22 14:57:45.532] [DEBUG] database - SELECT * FROM `config`  WHERE `status`=1 
[2018-03-22 14:57:45.671] [DEBUG] database - SHOW COLUMNS FROM `act`
[2018-03-22 14:57:45.680] [DEBUG] database - UPDATE `act` SET `name`=":name",`code`=":code",`components`=":components",`url`=":url",`data`=":data",`activity_code`=":activity_code",`user_id`=:user_id,`status`=:status,`update_time`=":update_time",`publish_time`=":publish_time" WHERE `id`=97 
[2018-03-22 14:57:45.681] [DEBUG] database - UPDATE `act` SET `name`="test",`code`="test",`components`="images,buttons,images",`url`="http://local_activity.jiandanjiekuan.com/pages/test/1/index.html",`data`="{&quot;title&quot;:&quot;test&quot;,&quot;style&quot;:{&quot;background-color&quot;:&quot;#c63a2f&quot;,&quot;background-repeat&quot;:&quot;&quot;,&quot;background-image&quot;:&quot;&quot;},&quot;components&quot;:[{&quot;name&quot;:&quot;images&quot;,&quot;image_path&quot;:[&quot;http://local_activity.jiandanjiekuan.com/pages/test/1/img/01_1521700054372.png&quot;]},{&quot;name&quot;:&quot;buttons&quot;,&quot;buttons&quot;:{&quot;orientH&quot;:false,&quot;space&quot;:&quot;20px&quot;,&quot;items&quot;:[{&quot;imageUrl&quot;:&quot;http://local_activity.jiandanjiekuan.com/pages/test/1/img/验证码_06_1521700089832.png&quot;,&quot;usages&quot;:[],&quot;href&quot;:&quot;&quot;,&quot;style&quot;:{&quot;width&quot;:&quot;240px&quot;,&quot;height&quot;:&quot;&quot;,&quot;margin-bottom&quot;:&quot;20px&quot;},&quot;responses&quot;:[],&quot;uuid&quot;:&quot;7f83d5b0a3824d61bb0531f2fd28b45b&quot;}]},&quot;wrap&quot;:{&quot;style&quot;:{&quot;height&quot;:&quot;&quot;,&quot;background-image&quot;:&quot;&quot;,&quot;background-color&quot;:&quot;&quot;}}},{&quot;name&quot;:&quot;images&quot;,&quot;image_path&quot;:[&quot;http://local_activity.jiandanjiekuan.com/pages/test/1/img/04_1521700113550.png&quot;]}],&quot;activityCode&quot;:&quot;654ab2c85280449987368b9cd8bb37ae&quot;}",`activity_code`="654ab2c85280449987368b9cd8bb37ae",`user_id`=1,`status`=2,`update_time`="2018-03-22 02:57:45",`publish_time`="2018-03-22 14:57:45" WHERE `id`=97 
[2018-03-22 14:57:45.963] [DEBUG] database - SELECT count(*) as tmp_count FROM `act`
[2018-03-22 14:57:45.965] [DEBUG] database - SELECT * FROM `act`  order by `id` DESC LIMIT 0,15
[2018-03-22 14:57:53.758] [DEBUG] database - SELECT * FROM `act`  WHERE `id`=97 
[2018-03-22 14:57:56.163] [DEBUG] database - SELECT * FROM `config`  WHERE `status`=1 
[2018-03-22 14:57:56.297] [DEBUG] database - SHOW COLUMNS FROM `act`
[2018-03-22 14:57:56.304] [DEBUG] database - UPDATE `act` SET `name`=":name",`code`=":code",`components`=":components",`url`=":url",`data`=":data",`activity_code`=":activity_code",`user_id`=:user_id,`status`=:status,`update_time`=":update_time",`publish_time`=":publish_time" WHERE `id`=97 
[2018-03-22 14:57:56.305] [DEBUG] database - UPDATE `act` SET `name`="test",`code`="test",`components`="images,buttons,images",`url`="http://local_activity.jiandanjiekuan.com/pages/test/1/index.html",`data`="{&quot;title&quot;:&quot;test&quot;,&quot;style&quot;:{&quot;background-color&quot;:&quot;#c63a2f&quot;,&quot;background-repeat&quot;:&quot;&quot;,&quot;background-image&quot;:&quot;&quot;},&quot;components&quot;:[{&quot;name&quot;:&quot;images&quot;,&quot;image_path&quot;:[&quot;http://local_activity.jiandanjiekuan.com/pages/test/1/img/01_1521700054372.png&quot;]},{&quot;name&quot;:&quot;buttons&quot;,&quot;buttons&quot;:{&quot;orientH&quot;:false,&quot;space&quot;:&quot;20px&quot;,&quot;items&quot;:[{&quot;imageUrl&quot;:&quot;http://local_activity.jiandanjiekuan.com/pages/test/1/img/验证码_06_1521700089832.png&quot;,&quot;usages&quot;:[],&quot;href&quot;:&quot;&quot;,&quot;style&quot;:{&quot;width&quot;:&quot;240px&quot;,&quot;height&quot;:&quot;&quot;,&quot;margin-bottom&quot;:&quot;20px&quot;},&quot;responses&quot;:[],&quot;uuid&quot;:&quot;7f83d5b0a3824d61bb0531f2fd28b45b&quot;}]},&quot;wrap&quot;:{&quot;style&quot;:{&quot;height&quot;:&quot;&quot;,&quot;background-image&quot;:&quot;&quot;,&quot;background-color&quot;:&quot;&quot;}}},{&quot;name&quot;:&quot;images&quot;,&quot;image_path&quot;:[&quot;http://local_activity.jiandanjiekuan.com/pages/test/1/img/04_1521700113550.png&quot;]}],&quot;activityCode&quot;:&quot;654ab2c85280449987368b9cd8bb37ae&quot;}",`activity_code`="654ab2c85280449987368b9cd8bb37ae",`user_id`=1,`status`=2,`update_time`="2018-03-22 02:57:56",`publish_time`="2018-03-22 14:57:56" WHERE `id`=97 
[2018-03-22 15:53:14.668] [DEBUG] database - SELECT * FROM `menus`  WHERE `status`=1  order by `sort` ASC
[2018-03-22 15:53:14.687] [DEBUG] database - SELECT count(*) as tmp_count FROM `act`
[2018-03-22 15:53:14.693] [DEBUG] database - SELECT * FROM `act`  order by `id` DESC LIMIT 0,15
[2018-03-22 15:53:17.028] [DEBUG] database - SELECT count(*) as tmp_count FROM `act`
[2018-03-22 15:53:17.029] [DEBUG] database - SELECT * FROM `act`  order by `id` DESC LIMIT 0,15
[2018-03-22 15:53:19.524] [DEBUG] database - SELECT * FROM `act`  WHERE `id`=97 
[2018-03-22 15:53:22.374] [DEBUG] database - SELECT * FROM `config`  WHERE `status`=1 
[2018-03-22 15:53:43.908] [DEBUG] database - SELECT * FROM `config`  WHERE `status`=1 
[2018-03-22 15:54:24.129] [DEBUG] database - SELECT * FROM `config`  WHERE `status`=1 
[2018-03-22 15:55:13.923] [DEBUG] database - SELECT * FROM `menus`  WHERE `status`=1  order by `sort` ASC
[2018-03-22 15:55:13.940] [DEBUG] database - SELECT * FROM `act`  WHERE `id`=97 
[2018-03-22 15:56:27.946] [DEBUG] database - SELECT * FROM `config`  WHERE `status`=1 
[2018-03-22 15:56:45.517] [DEBUG] database - SELECT * FROM `config`  WHERE `status`=1 
[2018-03-22 15:58:12.585] [DEBUG] database - SELECT * FROM `config`  WHERE `status`=1 
[2018-03-22 15:58:16.136] [DEBUG] database - SELECT * FROM `config`  WHERE `status`=1 
[2018-03-22 15:59:23.991] [DEBUG] database - SELECT * FROM `config`  WHERE `status`=1 
[2018-03-22 16:00:08.798] [DEBUG] database - SELECT * FROM `config`  WHERE `status`=1 
[2018-03-22 16:00:23.697] [DEBUG] database - SELECT * FROM `config`  WHERE `status`=1 
[2018-03-22 16:00:30.646] [DEBUG] database - SELECT * FROM `config`  WHERE `status`=1 
[2018-03-22 16:01:48.562] [DEBUG] database - SELECT * FROM `config`  WHERE `status`=1 
[2018-03-22 16:01:52.002] [DEBUG] database - SELECT * FROM `config`  WHERE `status`=1 
[2018-03-22 16:02:34.401] [DEBUG] database - SELECT * FROM `config`  WHERE `status`=1 
[2018-03-22 16:02:34.593] [DEBUG] database - SHOW COLUMNS FROM `act`
[2018-03-22 16:02:34.648] [DEBUG] database - UPDATE `act` SET `name`=":name",`code`=":code",`components`=":components",`url`=":url",`data`=":data",`activity_code`=":activity_code",`user_id`=:user_id,`status`=:status,`update_time`=":update_time",`publish_time`=":publish_time" WHERE `id`=97 
[2018-03-22 16:02:34.649] [DEBUG] database - UPDATE `act` SET `name`="test",`code`="test",`components`="images,buttons,images",`url`="http://local_activity.jiandanjiekuan.com/pages/test/1/index.html",`data`="{&quot;title&quot;:&quot;test&quot;,&quot;style&quot;:{&quot;background-color&quot;:&quot;#c63a2f&quot;,&quot;background-repeat&quot;:&quot;&quot;,&quot;background-image&quot;:&quot;&quot;},&quot;components&quot;:[{&quot;name&quot;:&quot;images&quot;,&quot;image_path&quot;:[&quot;http://local_activity.jiandanjiekuan.com/pages/test/1/img/01_1521700054372.png&quot;]},{&quot;name&quot;:&quot;buttons&quot;,&quot;buttons&quot;:{&quot;orientH&quot;:false,&quot;space&quot;:&quot;20px&quot;,&quot;items&quot;:[{&quot;imageUrl&quot;:&quot;http://local_activity.jiandanjiekuan.com/pages/test/1/img/验证码_06_1521700089832.png&quot;,&quot;usages&quot;:[],&quot;href&quot;:&quot;&quot;,&quot;style&quot;:{&quot;width&quot;:&quot;240px&quot;,&quot;height&quot;:&quot;&quot;,&quot;margin-bottom&quot;:&quot;20px&quot;},&quot;responses&quot;:[],&quot;uuid&quot;:&quot;7f83d5b0a3824d61bb0531f2fd28b45b&quot;}]},&quot;wrap&quot;:{&quot;style&quot;:{&quot;height&quot;:&quot;&quot;,&quot;background-image&quot;:&quot;&quot;,&quot;background-color&quot;:&quot;&quot;}}},{&quot;name&quot;:&quot;images&quot;,&quot;image_path&quot;:[&quot;http://local_activity.jiandanjiekuan.com/pages/test/1/img/04_1521700113550.png&quot;]}],&quot;activityCode&quot;:&quot;654ab2c85280449987368b9cd8bb37ae&quot;}",`activity_code`="654ab2c85280449987368b9cd8bb37ae",`user_id`=1,`status`=2,`update_time`="2018-03-22 04:02:34",`publish_time`="2018-03-22 16:02:34" WHERE `id`=97 
[2018-03-22 16:02:35.083] [DEBUG] database - SELECT count(*) as tmp_count FROM `act`
[2018-03-22 16:02:35.101] [DEBUG] database - SELECT * FROM `act`  order by `id` DESC LIMIT 0,15
[2018-03-22 16:03:41.109] [DEBUG] database - SELECT * FROM `act`  WHERE `id`=97 
[2018-03-22 16:03:47.395] [DEBUG] database - SELECT * FROM `config`  WHERE `status`=1 
[2018-03-22 16:03:47.602] [DEBUG] database - SHOW COLUMNS FROM `act`
[2018-03-22 16:03:47.629] [DEBUG] database - UPDATE `act` SET `name`=":name",`code`=":code",`components`=":components",`url`=":url",`data`=":data",`activity_code`=":activity_code",`user_id`=:user_id,`status`=:status,`update_time`=":update_time",`publish_time`=":publish_time" WHERE `id`=97 
[2018-03-22 16:03:47.630] [DEBUG] database - UPDATE `act` SET `name`="test",`code`="test",`components`="images,buttons,images",`url`="http://local_activity.jiandanjiekuan.com/pages/test/1/index.html",`data`="{&quot;title&quot;:&quot;test&quot;,&quot;style&quot;:{&quot;background-color&quot;:&quot;#c63a2f&quot;,&quot;background-repeat&quot;:&quot;&quot;,&quot;background-image&quot;:&quot;&quot;},&quot;components&quot;:[{&quot;name&quot;:&quot;images&quot;,&quot;image_path&quot;:[&quot;http://local_activity.jiandanjiekuan.com/pages/test/1/img/01_1521700054372.png&quot;]},{&quot;name&quot;:&quot;buttons&quot;,&quot;buttons&quot;:{&quot;orientH&quot;:false,&quot;space&quot;:&quot;20px&quot;,&quot;items&quot;:[{&quot;imageUrl&quot;:&quot;http://local_activity.jiandanjiekuan.com/pages/test/1/img/验证码_06_1521700089832.png&quot;,&quot;usages&quot;:[],&quot;href&quot;:&quot;&quot;,&quot;style&quot;:{&quot;width&quot;:&quot;240px&quot;,&quot;height&quot;:&quot;&quot;,&quot;margin-bottom&quot;:&quot;20px&quot;},&quot;responses&quot;:[],&quot;uuid&quot;:&quot;7f83d5b0a3824d61bb0531f2fd28b45b&quot;}]},&quot;wrap&quot;:{&quot;style&quot;:{&quot;height&quot;:&quot;&quot;,&quot;background-image&quot;:&quot;&quot;,&quot;background-color&quot;:&quot;&quot;}}},{&quot;name&quot;:&quot;images&quot;,&quot;image_path&quot;:[&quot;http://local_activity.jiandanjiekuan.com/pages/test/1/img/04_1521700113550.png&quot;]}],&quot;activityCode&quot;:&quot;654ab2c85280449987368b9cd8bb37ae&quot;}",`activity_code`="654ab2c85280449987368b9cd8bb37ae",`user_id`=1,`status`=2,`update_time`="2018-03-22 04:03:47",`publish_time`="2018-03-22 16:03:47" WHERE `id`=97 
[2018-03-22 16:03:47.943] [DEBUG] database - SELECT count(*) as tmp_count FROM `act`
[2018-03-22 16:03:47.950] [DEBUG] database - SELECT * FROM `act`  order by `id` DESC LIMIT 0,15
[2018-03-22 16:04:40.209] [DEBUG] database - SELECT * FROM `act`  WHERE `id`=97 
[2018-03-22 16:04:47.333] [DEBUG] database - SELECT * FROM `config`  WHERE `status`=1 
[2018-03-22 16:04:47.534] [DEBUG] database - SHOW COLUMNS FROM `act`
[2018-03-22 16:04:47.541] [DEBUG] database - UPDATE `act` SET `name`=":name",`code`=":code",`components`=":components",`url`=":url",`data`=":data",`activity_code`=":activity_code",`user_id`=:user_id,`status`=:status,`update_time`=":update_time",`publish_time`=":publish_time" WHERE `id`=97 
[2018-03-22 16:04:47.542] [DEBUG] database - UPDATE `act` SET `name`="test",`code`="test",`components`="images,buttons,images",`url`="http://local_activity.jiandanjiekuan.com/pages/test/1/index.html",`data`="{&quot;title&quot;:&quot;test&quot;,&quot;style&quot;:{&quot;background-color&quot;:&quot;#c63a2f&quot;,&quot;background-repeat&quot;:&quot;&quot;,&quot;background-image&quot;:&quot;&quot;},&quot;components&quot;:[{&quot;name&quot;:&quot;images&quot;,&quot;image_path&quot;:[&quot;http://local_activity.jiandanjiekuan.com/pages/test/1/img/01_1521700054372.png&quot;]},{&quot;name&quot;:&quot;buttons&quot;,&quot;buttons&quot;:{&quot;orientH&quot;:false,&quot;space&quot;:&quot;20px&quot;,&quot;items&quot;:[{&quot;imageUrl&quot;:&quot;http://local_activity.jiandanjiekuan.com/pages/test/1/img/验证码_06_1521700089832.png&quot;,&quot;usages&quot;:[],&quot;href&quot;:&quot;&quot;,&quot;style&quot;:{&quot;width&quot;:&quot;240px&quot;,&quot;height&quot;:&quot;&quot;,&quot;margin-bottom&quot;:&quot;20px&quot;},&quot;responses&quot;:[],&quot;uuid&quot;:&quot;7f83d5b0a3824d61bb0531f2fd28b45b&quot;}]},&quot;wrap&quot;:{&quot;style&quot;:{&quot;height&quot;:&quot;&quot;,&quot;background-image&quot;:&quot;&quot;,&quot;background-color&quot;:&quot;&quot;}}},{&quot;name&quot;:&quot;images&quot;,&quot;image_path&quot;:[&quot;http://local_activity.jiandanjiekuan.com/pages/test/1/img/04_1521700113550.png&quot;]}],&quot;activityCode&quot;:&quot;654ab2c85280449987368b9cd8bb37ae&quot;}",`activity_code`="654ab2c85280449987368b9cd8bb37ae",`user_id`=1,`status`=2,`update_time`="2018-03-22 04:04:47",`publish_time`="2018-03-22 16:04:47" WHERE `id`=97 
[2018-03-22 16:10:45.721] [DEBUG] database - SELECT * FROM `act_tpl`  order by `id` DESC
[2018-03-22 16:10:46.506] [DEBUG] database - SELECT count(*) as tmp_count FROM `act`
[2018-03-22 16:10:46.512] [DEBUG] database - SELECT * FROM `act`  order by `id` DESC LIMIT 0,15
[2018-03-22 16:10:48.203] [DEBUG] database - SELECT * FROM `act`  WHERE `id`=97 
[2018-03-22 16:10:54.182] [DEBUG] database - SELECT * FROM `config`  WHERE `status`=1 
[2018-03-22 16:10:54.341] [DEBUG] database - SHOW COLUMNS FROM `act`
[2018-03-22 16:10:54.368] [DEBUG] database - UPDATE `act` SET `name`=":name",`code`=":code",`components`=":components",`url`=":url",`data`=":data",`activity_code`=":activity_code",`user_id`=:user_id,`status`=:status,`update_time`=":update_time",`publish_time`=":publish_time" WHERE `id`=97 
[2018-03-22 16:10:54.368] [DEBUG] database - UPDATE `act` SET `name`="test",`code`="test",`components`="images,buttons,images",`url`="http://local_activity.jiandanjiekuan.com/pages/test/1/index.html",`data`="{&quot;title&quot;:&quot;test&quot;,&quot;style&quot;:{&quot;background-color&quot;:&quot;#c63a2f&quot;,&quot;background-repeat&quot;:&quot;&quot;,&quot;background-image&quot;:&quot;&quot;},&quot;components&quot;:[{&quot;name&quot;:&quot;images&quot;,&quot;image_path&quot;:[&quot;http://local_activity.jiandanjiekuan.com/pages/test/1/img/01_1521700054372.png&quot;]},{&quot;name&quot;:&quot;buttons&quot;,&quot;buttons&quot;:{&quot;orientH&quot;:false,&quot;space&quot;:&quot;20px&quot;,&quot;items&quot;:[{&quot;imageUrl&quot;:&quot;http://local_activity.jiandanjiekuan.com/pages/test/1/img/验证码_06_1521700089832.png&quot;,&quot;usages&quot;:[],&quot;href&quot;:&quot;&quot;,&quot;style&quot;:{&quot;width&quot;:&quot;240px&quot;,&quot;height&quot;:&quot;&quot;,&quot;margin-bottom&quot;:&quot;20px&quot;},&quot;responses&quot;:[],&quot;uuid&quot;:&quot;7f83d5b0a3824d61bb0531f2fd28b45b&quot;}]},&quot;wrap&quot;:{&quot;style&quot;:{&quot;height&quot;:&quot;&quot;,&quot;background-image&quot;:&quot;&quot;,&quot;background-color&quot;:&quot;&quot;}}},{&quot;name&quot;:&quot;images&quot;,&quot;image_path&quot;:[&quot;http://local_activity.jiandanjiekuan.com/pages/test/1/img/04_1521700113550.png&quot;]}],&quot;activityCode&quot;:&quot;654ab2c85280449987368b9cd8bb37ae&quot;}",`activity_code`="654ab2c85280449987368b9cd8bb37ae",`user_id`=1,`status`=2,`update_time`="2018-03-22 04:10:54",`publish_time`="2018-03-22 16:10:54" WHERE `id`=97 
[2018-03-22 16:11:23.352] [DEBUG] database - SELECT * FROM `config`  WHERE `status`=1 
[2018-03-22 16:11:23.505] [DEBUG] database - SHOW COLUMNS FROM `act`
[2018-03-22 16:11:23.518] [DEBUG] database - UPDATE `act` SET `name`=":name",`code`=":code",`components`=":components",`url`=":url",`data`=":data",`activity_code`=":activity_code",`user_id`=:user_id,`status`=:status,`update_time`=":update_time",`publish_time`=":publish_time" WHERE `id`=97 
[2018-03-22 16:11:23.519] [DEBUG] database - UPDATE `act` SET `name`="test",`code`="test",`components`="images,buttons,images",`url`="http://local_activity.jiandanjiekuan.com/pages/test/1/index.html",`data`="{&quot;title&quot;:&quot;test&quot;,&quot;style&quot;:{&quot;background-color&quot;:&quot;#c63a2f&quot;,&quot;background-repeat&quot;:&quot;&quot;,&quot;background-image&quot;:&quot;&quot;},&quot;components&quot;:[{&quot;name&quot;:&quot;images&quot;,&quot;image_path&quot;:[&quot;http://local_activity.jiandanjiekuan.com/pages/test/1/img/01_1521700054372.png&quot;]},{&quot;name&quot;:&quot;buttons&quot;,&quot;buttons&quot;:{&quot;orientH&quot;:false,&quot;space&quot;:&quot;20px&quot;,&quot;items&quot;:[{&quot;imageUrl&quot;:&quot;http://local_activity.jiandanjiekuan.com/pages/test/1/img/验证码_06_1521700089832.png&quot;,&quot;usages&quot;:[],&quot;href&quot;:&quot;&quot;,&quot;style&quot;:{&quot;width&quot;:&quot;240px&quot;,&quot;height&quot;:&quot;&quot;,&quot;margin-bottom&quot;:&quot;20px&quot;},&quot;responses&quot;:[],&quot;uuid&quot;:&quot;7f83d5b0a3824d61bb0531f2fd28b45b&quot;}]},&quot;wrap&quot;:{&quot;style&quot;:{&quot;height&quot;:&quot;&quot;,&quot;background-image&quot;:&quot;&quot;,&quot;background-color&quot;:&quot;&quot;}}},{&quot;name&quot;:&quot;images&quot;,&quot;image_path&quot;:[&quot;http://local_activity.jiandanjiekuan.com/pages/test/1/img/04_1521700113550.png&quot;]}],&quot;activityCode&quot;:&quot;654ab2c85280449987368b9cd8bb37ae&quot;}",`activity_code`="654ab2c85280449987368b9cd8bb37ae",`user_id`=1,`status`=2,`update_time`="2018-03-22 04:11:23",`publish_time`="2018-03-22 16:11:23" WHERE `id`=97 
[2018-03-22 16:11:23.783] [DEBUG] database - SELECT count(*) as tmp_count FROM `act`
[2018-03-22 16:11:23.789] [DEBUG] database - SELECT * FROM `act`  order by `id` DESC LIMIT 0,15
[2018-03-22 16:13:08.677] [DEBUG] database - SELECT * FROM `act`  WHERE `id`=97 
[2018-03-22 16:13:17.150] [DEBUG] database - SELECT * FROM `config`  WHERE `status`=1 
[2018-03-22 16:13:17.305] [DEBUG] database - SHOW COLUMNS FROM `act`
[2018-03-22 16:13:24.472] [DEBUG] database - SELECT * FROM `config`  WHERE `status`=1 
[2018-03-22 16:13:24.622] [DEBUG] database - SHOW COLUMNS FROM `act`
[2018-03-22 16:13:24.681] [DEBUG] database - UPDATE `act` SET `name`=":name",`code`=":code",`components`=":components",`url`=":url",`data`=":data",`activity_code`=":activity_code",`user_id`=:user_id,`status`=:status,`update_time`=":update_time",`publish_time`=":publish_time" WHERE `id`=97 
[2018-03-22 16:13:24.682] [DEBUG] database - UPDATE `act` SET `name`="test",`code`="test",`components`="images,buttons,images",`url`="http://local_activity.jiandanjiekuan.com/pages/test/1/index.html",`data`="{&quot;title&quot;:&quot;test&quot;,&quot;style&quot;:{&quot;background-color&quot;:&quot;#c63a2f&quot;,&quot;background-repeat&quot;:&quot;&quot;,&quot;background-image&quot;:&quot;&quot;},&quot;components&quot;:[{&quot;name&quot;:&quot;images&quot;,&quot;image_path&quot;:[&quot;http://local_activity.jiandanjiekuan.com/pages/test/1/img/01_1521700054372.png&quot;]},{&quot;name&quot;:&quot;buttons&quot;,&quot;buttons&quot;:{&quot;orientH&quot;:false,&quot;space&quot;:&quot;20px&quot;,&quot;items&quot;:[{&quot;imageUrl&quot;:&quot;http://local_activity.jiandanjiekuan.com/pages/test/1/img/验证码_06_1521700089832.png&quot;,&quot;usages&quot;:[],&quot;href&quot;:&quot;&quot;,&quot;style&quot;:{&quot;width&quot;:&quot;240px&quot;,&quot;height&quot;:&quot;&quot;,&quot;margin-bottom&quot;:&quot;20px&quot;},&quot;responses&quot;:[],&quot;uuid&quot;:&quot;7f83d5b0a3824d61bb0531f2fd28b45b&quot;}]},&quot;wrap&quot;:{&quot;style&quot;:{&quot;height&quot;:&quot;&quot;,&quot;background-image&quot;:&quot;&quot;,&quot;background-color&quot;:&quot;&quot;}}},{&quot;name&quot;:&quot;images&quot;,&quot;image_path&quot;:[&quot;http://local_activity.jiandanjiekuan.com/pages/test/1/img/04_1521700113550.png&quot;]}],&quot;activityCode&quot;:&quot;654ab2c85280449987368b9cd8bb37ae&quot;}",`activity_code`="654ab2c85280449987368b9cd8bb37ae",`user_id`=1,`status`=2,`update_time`="2018-03-22 04:13:24",`publish_time`="2018-03-22 16:13:24" WHERE `id`=97 
[2018-03-22 16:13:24.982] [DEBUG] database - SELECT count(*) as tmp_count FROM `act`
[2018-03-22 16:13:24.990] [DEBUG] database - SELECT * FROM `act`  order by `id` DESC LIMIT 0,15
[2018-03-22 16:15:01.919] [DEBUG] database - SELECT * FROM `act`  WHERE `id`=97 
[2018-03-22 16:15:04.182] [DEBUG] database - SELECT * FROM `config`  WHERE `status`=1 
[2018-03-22 16:15:04.330] [DEBUG] database - SHOW COLUMNS FROM `act`
[2018-03-22 16:15:04.387] [DEBUG] database - UPDATE `act` SET `name`=":name",`code`=":code",`components`=":components",`url`=":url",`data`=":data",`activity_code`=":activity_code",`user_id`=:user_id,`status`=:status,`update_time`=":update_time",`publish_time`=":publish_time" WHERE `id`=97 
[2018-03-22 16:15:04.387] [DEBUG] database - UPDATE `act` SET `name`="test",`code`="test",`components`="images,buttons,images",`url`="http://local_activity.jiandanjiekuan.com/pages/test/1/index.html",`data`="{&quot;title&quot;:&quot;test&quot;,&quot;style&quot;:{&quot;background-color&quot;:&quot;#c63a2f&quot;,&quot;background-repeat&quot;:&quot;&quot;,&quot;background-image&quot;:&quot;&quot;},&quot;components&quot;:[{&quot;name&quot;:&quot;images&quot;,&quot;image_path&quot;:[&quot;http://local_activity.jiandanjiekuan.com/pages/test/1/img/01_1521700054372.png&quot;]},{&quot;name&quot;:&quot;buttons&quot;,&quot;buttons&quot;:{&quot;orientH&quot;:false,&quot;space&quot;:&quot;20px&quot;,&quot;items&quot;:[{&quot;imageUrl&quot;:&quot;http://local_activity.jiandanjiekuan.com/pages/test/1/img/验证码_06_1521700089832.png&quot;,&quot;usages&quot;:[],&quot;href&quot;:&quot;&quot;,&quot;style&quot;:{&quot;width&quot;:&quot;240px&quot;,&quot;height&quot;:&quot;&quot;,&quot;margin-bottom&quot;:&quot;20px&quot;},&quot;responses&quot;:[],&quot;uuid&quot;:&quot;7f83d5b0a3824d61bb0531f2fd28b45b&quot;}]},&quot;wrap&quot;:{&quot;style&quot;:{&quot;height&quot;:&quot;&quot;,&quot;background-image&quot;:&quot;&quot;,&quot;background-color&quot;:&quot;&quot;}}},{&quot;name&quot;:&quot;images&quot;,&quot;image_path&quot;:[&quot;http://local_activity.jiandanjiekuan.com/pages/test/1/img/04_1521700113550.png&quot;]}],&quot;activityCode&quot;:&quot;654ab2c85280449987368b9cd8bb37ae&quot;}",`activity_code`="654ab2c85280449987368b9cd8bb37ae",`user_id`=1,`status`=2,`update_time`="2018-03-22 04:15:04",`publish_time`="2018-03-22 16:15:04" WHERE `id`=97 
[2018-03-22 16:16:50.186] [DEBUG] database - SELECT * FROM `menus`  WHERE `status`=1  order by `sort` ASC
[2018-03-22 16:16:50.203] [DEBUG] database - SELECT count(*) as tmp_count FROM `act`
[2018-03-22 16:16:50.217] [DEBUG] database - SELECT * FROM `act`  order by `id` DESC LIMIT 0,15
[2018-03-22 16:16:52.391] [DEBUG] database - SELECT * FROM `act`  WHERE `id`=97 
[2018-03-22 16:17:01.028] [DEBUG] database - SELECT * FROM `config`  WHERE `status`=1 
[2018-03-22 16:17:01.186] [DEBUG] database - SHOW COLUMNS FROM `act`
[2018-03-22 16:17:01.243] [DEBUG] database - UPDATE `act` SET `name`=":name",`code`=":code",`components`=":components",`url`=":url",`data`=":data",`activity_code`=":activity_code",`user_id`=:user_id,`status`=:status,`update_time`=":update_time",`publish_time`=":publish_time" WHERE `id`=97 
[2018-03-22 16:17:01.245] [DEBUG] database - UPDATE `act` SET `name`="test",`code`="test",`components`="images,buttons,images",`url`="http://local_activity.jiandanjiekuan.com/pages/test/1/index.html",`data`="{&quot;title&quot;:&quot;test&quot;,&quot;style&quot;:{&quot;background-color&quot;:&quot;#c63a2f&quot;,&quot;background-repeat&quot;:&quot;&quot;,&quot;background-image&quot;:&quot;&quot;},&quot;components&quot;:[{&quot;name&quot;:&quot;images&quot;,&quot;image_path&quot;:[&quot;http://local_activity.jiandanjiekuan.com/pages/test/1/img/01_1521700054372.png&quot;]},{&quot;name&quot;:&quot;buttons&quot;,&quot;buttons&quot;:{&quot;orientH&quot;:false,&quot;space&quot;:&quot;20px&quot;,&quot;items&quot;:[{&quot;imageUrl&quot;:&quot;http://local_activity.jiandanjiekuan.com/pages/test/1/img/验证码_06_1521700089832.png&quot;,&quot;usages&quot;:[],&quot;href&quot;:&quot;&quot;,&quot;style&quot;:{&quot;width&quot;:&quot;240px&quot;,&quot;height&quot;:&quot;&quot;,&quot;margin-bottom&quot;:&quot;20px&quot;},&quot;responses&quot;:[],&quot;uuid&quot;:&quot;7f83d5b0a3824d61bb0531f2fd28b45b&quot;}]},&quot;wrap&quot;:{&quot;style&quot;:{&quot;height&quot;:&quot;&quot;,&quot;background-image&quot;:&quot;&quot;,&quot;background-color&quot;:&quot;&quot;}}},{&quot;name&quot;:&quot;images&quot;,&quot;image_path&quot;:[&quot;http://local_activity.jiandanjiekuan.com/pages/test/1/img/04_1521700113550.png&quot;]}],&quot;activityCode&quot;:&quot;654ab2c85280449987368b9cd8bb37ae&quot;}",`activity_code`="654ab2c85280449987368b9cd8bb37ae",`user_id`=1,`status`=2,`update_time`="2018-03-22 04:17:01",`publish_time`="2018-03-22 16:17:01" WHERE `id`=97 
[2018-03-22 16:17:01.562] [DEBUG] database - SELECT count(*) as tmp_count FROM `act`
[2018-03-22 16:17:01.563] [DEBUG] database - SELECT * FROM `act`  order by `id` DESC LIMIT 0,15
[2018-03-22 16:32:42.773] [DEBUG] database - SELECT * FROM `act`  WHERE `id`=97 
[2018-03-22 16:32:47.168] [DEBUG] database - SELECT * FROM `menus`  WHERE `status`=1  order by `sort` ASC
[2018-03-22 16:32:47.184] [DEBUG] database - SELECT * FROM `act`  WHERE `id`=97 
[2018-03-22 16:32:49.239] [DEBUG] database - SELECT * FROM `act`  WHERE `id`=97 
[2018-03-22 16:44:50.899] [DEBUG] database - SELECT * FROM `config`  WHERE `status`=1 
[2018-03-22 16:45:40.115] [DEBUG] database - SELECT * FROM `config`  WHERE `status`=1 
[2018-03-22 16:45:40.272] [DEBUG] database - SHOW COLUMNS FROM `act`
[2018-03-22 16:45:40.325] [DEBUG] database - UPDATE `act` SET `name`=":name",`code`=":code",`components`=":components",`url`=":url",`data`=":data",`activity_code`=":activity_code",`user_id`=:user_id,`status`=:status,`update_time`=":update_time",`publish_time`=":publish_time" WHERE `id`=97 
[2018-03-22 16:45:40.326] [DEBUG] database - UPDATE `act` SET `name`="test",`code`="test",`components`="images,buttons,images",`url`="http://local_activity.jiandanjiekuan.com/pages/test/1/index.html",`data`="{&quot;title&quot;:&quot;test&quot;,&quot;style&quot;:{&quot;background-color&quot;:&quot;#c63a2f&quot;,&quot;background-repeat&quot;:&quot;&quot;,&quot;background-image&quot;:&quot;&quot;},&quot;components&quot;:[{&quot;name&quot;:&quot;images&quot;,&quot;image_path&quot;:[&quot;http://local_activity.jiandanjiekuan.com/pages/test/1/img/01_1521707732225.png&quot;]},{&quot;name&quot;:&quot;buttons&quot;,&quot;buttons&quot;:{&quot;orientH&quot;:false,&quot;space&quot;:&quot;20px&quot;,&quot;items&quot;:[{&quot;imageUrl&quot;:&quot;http://local_activity.jiandanjiekuan.com/pages/test/1/img/注册成功-拷贝_18_1521708272711.png&quot;,&quot;usages&quot;:[],&quot;href&quot;:&quot;&quot;,&quot;style&quot;:{&quot;width&quot;:&quot;240px&quot;,&quot;height&quot;:&quot;&quot;,&quot;margin-bottom&quot;:&quot;20px&quot;},&quot;responses&quot;:[],&quot;uuid&quot;:&quot;7f83d5b0a3824d61bb0531f2fd28b45b&quot;}]},&quot;wrap&quot;:{&quot;style&quot;:{&quot;height&quot;:&quot;&quot;,&quot;background-image&quot;:&quot;&quot;,&quot;background-color&quot;:&quot;&quot;}}},{&quot;name&quot;:&quot;images&quot;,&quot;image_path&quot;:[&quot;http://local_activity.jiandanjiekuan.com/pages/test/1/img/04_1521708288819.png&quot;]}],&quot;activityCode&quot;:&quot;654ab2c85280449987368b9cd8bb37ae&quot;}",`activity_code`="654ab2c85280449987368b9cd8bb37ae",`user_id`=1,`status`=2,`update_time`="2018-03-22 04:45:40",`publish_time`="2018-03-22 16:45:40" WHERE `id`=97 
[2018-03-22 16:45:40.675] [DEBUG] database - SELECT count(*) as tmp_count FROM `act`
[2018-03-22 16:45:40.681] [DEBUG] database - SELECT * FROM `act`  order by `id` DESC LIMIT 0,15
[2018-03-22 16:56:38.915] [DEBUG] database - SELECT * FROM `act`  WHERE `id`=97 
[2018-03-22 16:57:16.081] [DEBUG] database - SELECT * FROM `config`  WHERE `status`=1 
[2018-03-22 16:57:16.254] [DEBUG] database - SHOW COLUMNS FROM `act`
[2018-03-22 16:57:16.305] [DEBUG] database - UPDATE `act` SET `name`=":name",`code`=":code",`components`=":components",`url`=":url",`data`=":data",`activity_code`=":activity_code",`user_id`=:user_id,`status`=:status,`update_time`=":update_time",`publish_time`=":publish_time" WHERE `id`=97 
[2018-03-22 16:57:16.306] [DEBUG] database - UPDATE `act` SET `name`="test",`code`="test",`components`="images,buttons,images",`url`="http://local_activity.jiandanjiekuan.com/pages/test/1/index.html",`data`="{&quot;title&quot;:&quot;test&quot;,&quot;style&quot;:{&quot;background-color&quot;:&quot;#c63a2f&quot;,&quot;background-repeat&quot;:&quot;&quot;,&quot;background-image&quot;:&quot;&quot;},&quot;components&quot;:[{&quot;name&quot;:&quot;images&quot;,&quot;image_path&quot;:[&quot;http://local_activity.jiandanjiekuan.com/pages/test/1/img/01.png&quot;]},{&quot;name&quot;:&quot;buttons&quot;,&quot;buttons&quot;:{&quot;orientH&quot;:false,&quot;space&quot;:&quot;20px&quot;,&quot;items&quot;:[{&quot;imageUrl&quot;:&quot;http://local_activity.jiandanjiekuan.com/pages/test/1/img/注册成功-拷贝_10.png&quot;,&quot;usages&quot;:[],&quot;href&quot;:&quot;&quot;,&quot;style&quot;:{&quot;width&quot;:&quot;240px&quot;,&quot;height&quot;:&quot;&quot;,&quot;margin-bottom&quot;:&quot;20px&quot;},&quot;responses&quot;:[],&quot;uuid&quot;:&quot;7f83d5b0a3824d61bb0531f2fd28b45b&quot;}]},&quot;wrap&quot;:{&quot;style&quot;:{&quot;height&quot;:&quot;&quot;,&quot;background-image&quot;:&quot;&quot;,&quot;background-color&quot;:&quot;&quot;}}},{&quot;name&quot;:&quot;images&quot;,&quot;image_path&quot;:[&quot;http://local_activity.jiandanjiekuan.com/pages/test/1/img/04.png&quot;]}],&quot;activityCode&quot;:&quot;654ab2c85280449987368b9cd8bb37ae&quot;}",`activity_code`="654ab2c85280449987368b9cd8bb37ae",`user_id`=1,`status`=2,`update_time`="2018-03-22 04:57:16",`publish_time`="2018-03-22 16:57:16" WHERE `id`=97 
[2018-03-22 16:57:16.605] [DEBUG] database - SELECT count(*) as tmp_count FROM `act`
[2018-03-22 16:57:16.612] [DEBUG] database - SELECT * FROM `act`  order by `id` DESC LIMIT 0,15
[2018-03-22 16:57:44.994] [DEBUG] database - SELECT * FROM `act`  WHERE `id`=97 
[2018-03-22 16:58:02.487] [DEBUG] database - SELECT * FROM `config`  WHERE `status`=1 
[2018-03-22 16:58:02.645] [DEBUG] database - SHOW COLUMNS FROM `act`
[2018-03-22 16:58:02.690] [DEBUG] database - UPDATE `act` SET `name`=":name",`code`=":code",`components`=":components",`url`=":url",`data`=":data",`activity_code`=":activity_code",`user_id`=:user_id,`status`=:status,`update_time`=":update_time",`publish_time`=":publish_time" WHERE `id`=97 
[2018-03-22 16:58:02.690] [DEBUG] database - UPDATE `act` SET `name`="test",`code`="test",`components`="images,buttons,images",`url`="http://local_activity.jiandanjiekuan.com/pages/test/1/index.html",`data`="{&quot;title&quot;:&quot;test&quot;,&quot;style&quot;:{&quot;background-color&quot;:&quot;#c63a2f&quot;,&quot;background-repeat&quot;:&quot;&quot;,&quot;background-image&quot;:&quot;&quot;},&quot;components&quot;:[{&quot;name&quot;:&quot;images&quot;,&quot;image_path&quot;:[&quot;http://local_activity.jiandanjiekuan.com/pages/test/1/img/01.png&quot;]},{&quot;name&quot;:&quot;buttons&quot;,&quot;buttons&quot;:{&quot;orientH&quot;:false,&quot;space&quot;:&quot;20px&quot;,&quot;items&quot;:[{&quot;imageUrl&quot;:&quot;http://local_activity.jiandanjiekuan.com/pages/test/1/img/注册成功-拷贝_10.png&quot;,&quot;usages&quot;:[],&quot;href&quot;:&quot;&quot;,&quot;style&quot;:{&quot;width&quot;:&quot;240px&quot;,&quot;height&quot;:&quot;&quot;,&quot;margin-bottom&quot;:&quot;20px&quot;},&quot;responses&quot;:[],&quot;uuid&quot;:&quot;7f83d5b0a3824d61bb0531f2fd28b45b&quot;}]},&quot;wrap&quot;:{&quot;style&quot;:{&quot;height&quot;:&quot;&quot;,&quot;background-image&quot;:&quot;&quot;,&quot;background-color&quot;:&quot;&quot;}}},{&quot;name&quot;:&quot;images&quot;,&quot;image_path&quot;:[&quot;http://local_activity.jiandanjiekuan.com/pages/test/1/img/04.png&quot;]}],&quot;activityCode&quot;:&quot;654ab2c85280449987368b9cd8bb37ae&quot;}",`activity_code`="654ab2c85280449987368b9cd8bb37ae",`user_id`=1,`status`=2,`update_time`="2018-03-22 04:58:02",`publish_time`="2018-03-22 16:58:02" WHERE `id`=97 
[2018-03-22 16:58:02.988] [DEBUG] database - SELECT count(*) as tmp_count FROM `act`
[2018-03-22 16:58:02.995] [DEBUG] database - SELECT * FROM `act`  order by `id` DESC LIMIT 0,15
[2018-03-22 16:58:32.144] [DEBUG] database - SELECT * FROM `act`  WHERE `id`=97 
[2018-03-22 16:58:42.788] [DEBUG] database - SELECT * FROM `menus`  WHERE `status`=1  order by `sort` ASC
[2018-03-22 16:58:42.812] [DEBUG] database - SELECT * FROM `act`  WHERE `id`=97 
[2018-03-22 16:59:24.870] [DEBUG] database - SELECT * FROM `menus`  WHERE `status`=1  order by `sort` ASC
[2018-03-22 16:59:24.894] [DEBUG] database - SELECT * FROM `act`  WHERE `id`=97 
[2018-03-22 16:59:43.628] [DEBUG] database - SELECT * FROM `config`  WHERE `status`=1 
[2018-03-22 16:59:43.777] [DEBUG] database - SHOW COLUMNS FROM `act`
[2018-03-22 16:59:43.835] [DEBUG] database - UPDATE `act` SET `name`=":name",`code`=":code",`components`=":components",`url`=":url",`data`=":data",`activity_code`=":activity_code",`user_id`=:user_id,`status`=:status,`update_time`=":update_time",`publish_time`=":publish_time" WHERE `id`=97 
[2018-03-22 16:59:43.835] [DEBUG] database - UPDATE `act` SET `name`="test",`code`="test",`components`="images,buttons,images",`url`="http://local_activity.jiandanjiekuan.com/pages/test/1/index.html",`data`="{&quot;title&quot;:&quot;test&quot;,&quot;style&quot;:{&quot;background-color&quot;:&quot;#c63a2f&quot;,&quot;background-repeat&quot;:&quot;&quot;,&quot;background-image&quot;:&quot;&quot;},&quot;components&quot;:[{&quot;name&quot;:&quot;images&quot;,&quot;image_path&quot;:[&quot;http://local_activity.jiandanjiekuan.com/pages/test/1/img/1521709172550.png&quot;]},{&quot;name&quot;:&quot;buttons&quot;,&quot;buttons&quot;:{&quot;orientH&quot;:false,&quot;space&quot;:&quot;20px&quot;,&quot;items&quot;:[{&quot;imageUrl&quot;:&quot;http://local_activity.jiandanjiekuan.com/pages/test/1/img/注册成功-拷贝_10.png&quot;,&quot;usages&quot;:[],&quot;href&quot;:&quot;&quot;,&quot;style&quot;:{&quot;width&quot;:&quot;240px&quot;,&quot;height&quot;:&quot;&quot;,&quot;margin-bottom&quot;:&quot;20px&quot;},&quot;responses&quot;:[],&quot;uuid&quot;:&quot;7f83d5b0a3824d61bb0531f2fd28b45b&quot;}]},&quot;wrap&quot;:{&quot;style&quot;:{&quot;height&quot;:&quot;&quot;,&quot;background-image&quot;:&quot;&quot;,&quot;background-color&quot;:&quot;&quot;}}},{&quot;name&quot;:&quot;images&quot;,&quot;image_path&quot;:[&quot;http://local_activity.jiandanjiekuan.com/pages/test/1/img/04.png&quot;]}],&quot;activityCode&quot;:&quot;654ab2c85280449987368b9cd8bb37ae&quot;}",`activity_code`="654ab2c85280449987368b9cd8bb37ae",`user_id`=1,`status`=2,`update_time`="2018-03-22 04:59:43",`publish_time`="2018-03-22 16:59:43" WHERE `id`=97 
[2018-03-22 16:59:44.156] [DEBUG] database - SELECT count(*) as tmp_count FROM `act`
[2018-03-22 16:59:44.163] [DEBUG] database - SELECT * FROM `act`  order by `id` DESC LIMIT 0,15
[2018-03-22 16:59:49.604] [DEBUG] database - SELECT * FROM `act`  WHERE `id`=97 
[2018-03-22 17:00:42.009] [DEBUG] database - SELECT * FROM `menus`  WHERE `status`=1  order by `sort` ASC
[2018-03-22 17:00:42.027] [DEBUG] database - SELECT * FROM `act`  WHERE `id`=97 
[2018-03-22 17:15:24.634] [DEBUG] database - SELECT * FROM `config`  WHERE `status`=1 
[2018-03-22 17:15:24.779] [DEBUG] database - SHOW COLUMNS FROM `act`
[2018-03-22 17:15:24.828] [DEBUG] database - UPDATE `act` SET `name`=":name",`code`=":code",`components`=":components",`url`=":url",`data`=":data",`activity_code`=":activity_code",`user_id`=:user_id,`status`=:status,`update_time`=":update_time",`publish_time`=":publish_time" WHERE `id`=97 
[2018-03-22 17:15:24.829] [DEBUG] database - UPDATE `act` SET `name`="test",`code`="test",`components`="images,buttons,images",`url`="http://local_activity.jiandanjiekuan.com/pages/test/1/index.html",`data`="{&quot;title&quot;:&quot;test&quot;,&quot;style&quot;:{&quot;background-color&quot;:&quot;#c63a2f&quot;,&quot;background-repeat&quot;:&quot;&quot;,&quot;background-image&quot;:&quot;&quot;},&quot;components&quot;:[{&quot;name&quot;:&quot;images&quot;,&quot;image_path&quot;:[&quot;http://local_activity.jiandanjiekuan.com/pages/test/1/img/1521709172550.png&quot;]},{&quot;name&quot;:&quot;buttons&quot;,&quot;buttons&quot;:{&quot;orientH&quot;:false,&quot;space&quot;:&quot;20px&quot;,&quot;items&quot;:[{&quot;imageUrl&quot;:&quot;http://local_activity.jiandanjiekuan.com/pages/test/1/img/注册成功-拷贝_10.png&quot;,&quot;usages&quot;:[],&quot;href&quot;:&quot;&quot;,&quot;style&quot;:{&quot;width&quot;:&quot;240px&quot;,&quot;height&quot;:&quot;&quot;,&quot;margin-bottom&quot;:&quot;20px&quot;},&quot;responses&quot;:[],&quot;uuid&quot;:&quot;7f83d5b0a3824d61bb0531f2fd28b45b&quot;}]},&quot;wrap&quot;:{&quot;style&quot;:{&quot;height&quot;:&quot;&quot;,&quot;background-image&quot;:&quot;&quot;,&quot;background-color&quot;:&quot;&quot;}}},{&quot;name&quot;:&quot;images&quot;,&quot;image_path&quot;:[&quot;http://local_activity.jiandanjiekuan.com/pages/test/1/img/1521709274975.png&quot;]}],&quot;activityCode&quot;:&quot;654ab2c85280449987368b9cd8bb37ae&quot;}",`activity_code`="654ab2c85280449987368b9cd8bb37ae",`user_id`=1,`status`=2,`update_time`="2018-03-22 05:15:24",`publish_time`="2018-03-22 17:15:24" WHERE `id`=97 
[2018-03-22 17:15:25.168] [DEBUG] database - SELECT count(*) as tmp_count FROM `act`
[2018-03-22 17:15:25.173] [DEBUG] database - SELECT * FROM `act`  order by `id` DESC LIMIT 0,15
[2018-03-22 17:26:46.296] [DEBUG] database - SELECT * FROM `act`  WHERE `id`=97 
[2018-03-22 17:29:16.876] [DEBUG] database - SELECT * FROM `menus`  WHERE `status`=1  order by `sort` ASC
[2018-03-22 17:29:16.904] [DEBUG] database - SELECT * FROM `act`  WHERE `id`=97 
[2018-03-22 17:29:40.279] [DEBUG] database - SELECT * FROM `menus`  WHERE `status`=1  order by `sort` ASC
[2018-03-22 17:29:40.298] [DEBUG] database - SELECT * FROM `act`  WHERE `id`=97 
[2018-03-22 17:29:44.830] [DEBUG] database - SELECT * FROM `config`  WHERE `status`=1 
[2018-03-22 17:29:44.983] [DEBUG] database - SHOW COLUMNS FROM `act`
[2018-03-22 17:29:45.039] [DEBUG] database - UPDATE `act` SET `name`=":name",`code`=":code",`components`=":components",`url`=":url",`data`=":data",`activity_code`=":activity_code",`user_id`=:user_id,`status`=:status,`update_time`=":update_time",`publish_time`=":publish_time" WHERE `id`=97 
[2018-03-22 17:29:45.040] [DEBUG] database - UPDATE `act` SET `name`="test",`code`="test",`components`="images,buttons,images",`url`="http://local_activity.jiandanjiekuan.com/pages/test/1/index.html",`data`="{&quot;title&quot;:&quot;test&quot;,&quot;style&quot;:{&quot;background-color&quot;:&quot;#c63a2f&quot;,&quot;background-repeat&quot;:&quot;&quot;,&quot;background-image&quot;:&quot;&quot;},&quot;components&quot;:[{&quot;name&quot;:&quot;images&quot;,&quot;image_path&quot;:[&quot;http://local_activity.jiandanjiekuan.com/pages/test/1/img/1521709172550.png&quot;]},{&quot;name&quot;:&quot;buttons&quot;,&quot;buttons&quot;:{&quot;orientH&quot;:false,&quot;space&quot;:&quot;20px&quot;,&quot;items&quot;:[{&quot;imageUrl&quot;:&quot;http://local_activity.jiandanjiekuan.com/pages/test/1/img/注册成功-拷贝_10.png&quot;,&quot;usages&quot;:[],&quot;href&quot;:&quot;&quot;,&quot;style&quot;:{&quot;width&quot;:&quot;240px&quot;,&quot;height&quot;:&quot;&quot;,&quot;margin-bottom&quot;:&quot;20px&quot;},&quot;responses&quot;:[],&quot;uuid&quot;:&quot;7f83d5b0a3824d61bb0531f2fd28b45b&quot;}]},&quot;wrap&quot;:{&quot;style&quot;:{&quot;height&quot;:&quot;&quot;,&quot;background-image&quot;:&quot;&quot;,&quot;background-color&quot;:&quot;&quot;}}},{&quot;name&quot;:&quot;images&quot;,&quot;image_path&quot;:[&quot;http://local_activity.jiandanjiekuan.com/pages/test/1/img/1521709274975.png&quot;]}],&quot;activityCode&quot;:&quot;654ab2c85280449987368b9cd8bb37ae&quot;}",`activity_code`="654ab2c85280449987368b9cd8bb37ae",`user_id`=1,`status`=2,`update_time`="2018-03-22 05:29:44",`publish_time`="2018-03-22 17:29:44" WHERE `id`=97 
[2018-03-22 17:30:03.502] [DEBUG] database - SELECT * FROM `menus`  WHERE `status`=1  order by `sort` ASC
[2018-03-22 17:30:03.519] [DEBUG] database - SELECT count(*) as tmp_count FROM `act`
[2018-03-22 17:30:03.520] [DEBUG] database - SELECT * FROM `act`  order by `id` DESC LIMIT 0,15
[2018-03-22 17:30:05.431] [DEBUG] database - SELECT * FROM `act`  WHERE `id`=97 
[2018-03-22 17:30:15.881] [DEBUG] database - SELECT * FROM `config`  WHERE `status`=1 
[2018-03-22 17:30:16.009] [DEBUG] database - SHOW COLUMNS FROM `act`
[2018-03-22 17:30:16.073] [DEBUG] database - UPDATE `act` SET `name`=":name",`code`=":code",`components`=":components",`url`=":url",`data`=":data",`activity_code`=":activity_code",`user_id`=:user_id,`status`=:status,`update_time`=":update_time",`publish_time`=":publish_time" WHERE `id`=97 
[2018-03-22 17:30:16.074] [DEBUG] database - UPDATE `act` SET `name`="test",`code`="test",`components`="images,buttons,images",`url`="http://local_activity.jiandanjiekuan.com/pages/test/1/index.html",`data`="{&quot;title&quot;:&quot;test&quot;,&quot;style&quot;:{&quot;background-color&quot;:&quot;#c63a2f&quot;,&quot;background-repeat&quot;:&quot;&quot;,&quot;background-image&quot;:&quot;&quot;},&quot;components&quot;:[{&quot;name&quot;:&quot;images&quot;,&quot;image_path&quot;:[&quot;http://local_activity.jiandanjiekuan.com/pages/test/1/img/1521709172550.png&quot;]},{&quot;name&quot;:&quot;buttons&quot;,&quot;buttons&quot;:{&quot;orientH&quot;:false,&quot;space&quot;:&quot;20px&quot;,&quot;items&quot;:[{&quot;imageUrl&quot;:&quot;http://local_activity.jiandanjiekuan.com/pages/test/1/img/注册成功-拷贝_10.png&quot;,&quot;usages&quot;:[],&quot;href&quot;:&quot;&quot;,&quot;style&quot;:{&quot;width&quot;:&quot;240px&quot;,&quot;height&quot;:&quot;&quot;,&quot;margin-bottom&quot;:&quot;20px&quot;},&quot;responses&quot;:[],&quot;uuid&quot;:&quot;7f83d5b0a3824d61bb0531f2fd28b45b&quot;}]},&quot;wrap&quot;:{&quot;style&quot;:{&quot;height&quot;:&quot;&quot;,&quot;background-image&quot;:&quot;&quot;,&quot;background-color&quot;:&quot;&quot;}}},{&quot;name&quot;:&quot;images&quot;,&quot;image_path&quot;:[&quot;http://local_activity.jiandanjiekuan.com/pages/test/1/img/1521709274975.png&quot;]}],&quot;activityCode&quot;:&quot;654ab2c85280449987368b9cd8bb37ae&quot;}",`activity_code`="654ab2c85280449987368b9cd8bb37ae",`user_id`=1,`status`=2,`update_time`="2018-03-22 05:30:15",`publish_time`="2018-03-22 17:30:15" WHERE `id`=97 
[2018-03-22 17:33:43.244] [DEBUG] database - SELECT * FROM `menus`  WHERE `status`=1  order by `sort` ASC
[2018-03-22 17:33:43.263] [DEBUG] database - SELECT count(*) as tmp_count FROM `act`
[2018-03-22 17:33:43.265] [DEBUG] database - SELECT * FROM `act`  order by `id` DESC LIMIT 0,15
[2018-03-22 17:33:44.911] [DEBUG] database - SELECT * FROM `act`  WHERE `id`=97 
[2018-03-22 17:33:47.258] [DEBUG] database - SELECT * FROM `config`  WHERE `status`=1 
[2018-03-22 17:33:47.427] [DEBUG] database - SHOW COLUMNS FROM `act`
[2018-03-22 17:33:47.487] [DEBUG] database - UPDATE `act` SET `name`=":name",`code`=":code",`components`=":components",`url`=":url",`data`=":data",`activity_code`=":activity_code",`user_id`=:user_id,`status`=:status,`update_time`=":update_time",`publish_time`=":publish_time" WHERE `id`=97 
[2018-03-22 17:33:47.488] [DEBUG] database - UPDATE `act` SET `name`="test",`code`="test",`components`="images,buttons,images",`url`="http://local_activity.jiandanjiekuan.com/pages/test/1/index.html",`data`="{&quot;title&quot;:&quot;test&quot;,&quot;style&quot;:{&quot;background-color&quot;:&quot;#c63a2f&quot;,&quot;background-repeat&quot;:&quot;&quot;,&quot;background-image&quot;:&quot;&quot;},&quot;components&quot;:[{&quot;name&quot;:&quot;images&quot;,&quot;image_path&quot;:[&quot;http://local_activity.jiandanjiekuan.com/pages/test/1/img/1521709172550.png&quot;]},{&quot;name&quot;:&quot;buttons&quot;,&quot;buttons&quot;:{&quot;orientH&quot;:false,&quot;space&quot;:&quot;20px&quot;,&quot;items&quot;:[{&quot;imageUrl&quot;:&quot;http://local_activity.jiandanjiekuan.com/pages/test/1/img/注册成功-拷贝_10.png&quot;,&quot;usages&quot;:[],&quot;href&quot;:&quot;&quot;,&quot;style&quot;:{&quot;width&quot;:&quot;240px&quot;,&quot;height&quot;:&quot;&quot;,&quot;margin-bottom&quot;:&quot;20px&quot;},&quot;responses&quot;:[],&quot;uuid&quot;:&quot;7f83d5b0a3824d61bb0531f2fd28b45b&quot;}]},&quot;wrap&quot;:{&quot;style&quot;:{&quot;height&quot;:&quot;&quot;,&quot;background-image&quot;:&quot;&quot;,&quot;background-color&quot;:&quot;&quot;}}},{&quot;name&quot;:&quot;images&quot;,&quot;image_path&quot;:[&quot;http://local_activity.jiandanjiekuan.com/pages/test/1/img/1521709274975.png&quot;]}],&quot;activityCode&quot;:&quot;654ab2c85280449987368b9cd8bb37ae&quot;}",`activity_code`="654ab2c85280449987368b9cd8bb37ae",`user_id`=1,`status`=2,`update_time`="2018-03-22 05:33:47",`publish_time`="2018-03-22 17:33:47" WHERE `id`=97 
[2018-03-22 17:33:47.848] [DEBUG] database - SELECT count(*) as tmp_count FROM `act`
[2018-03-22 17:33:47.848] [DEBUG] database - SELECT * FROM `act`  order by `id` DESC LIMIT 0,15
[2018-03-22 17:34:38.908] [DEBUG] database - SELECT * FROM `act`  WHERE `id`=97 
[2018-03-22 17:34:54.143] [DEBUG] database - SELECT * FROM `config`  WHERE `status`=1 
[2018-03-22 17:34:54.283] [DEBUG] database - SHOW COLUMNS FROM `act`
[2018-03-22 17:34:54.333] [DEBUG] database - UPDATE `act` SET `name`=":name",`code`=":code",`components`=":components",`url`=":url",`data`=":data",`activity_code`=":activity_code",`user_id`=:user_id,`status`=:status,`update_time`=":update_time",`publish_time`=":publish_time" WHERE `id`=97 
[2018-03-22 17:34:54.334] [DEBUG] database - UPDATE `act` SET `name`="test",`code`="test",`components`="images,buttons,images",`url`="http://local_activity.jiandanjiekuan.com/pages/test/1/index.html",`data`="{&quot;title&quot;:&quot;test&quot;,&quot;style&quot;:{&quot;background-color&quot;:&quot;#c63a2f&quot;,&quot;background-repeat&quot;:&quot;&quot;,&quot;background-image&quot;:&quot;&quot;},&quot;components&quot;:[{&quot;name&quot;:&quot;images&quot;,&quot;image_path&quot;:[&quot;/pages/test/1/img/1521711292090.png&quot;]},{&quot;name&quot;:&quot;buttons&quot;,&quot;buttons&quot;:{&quot;orientH&quot;:false,&quot;space&quot;:&quot;20px&quot;,&quot;items&quot;:[{&quot;imageUrl&quot;:&quot;http://local_activity.jiandanjiekuan.com/pages/test/1/img/注册成功-拷贝_10.png&quot;,&quot;usages&quot;:[],&quot;href&quot;:&quot;&quot;,&quot;style&quot;:{&quot;width&quot;:&quot;240px&quot;,&quot;height&quot;:&quot;&quot;,&quot;margin-bottom&quot;:&quot;20px&quot;},&quot;responses&quot;:[],&quot;uuid&quot;:&quot;7f83d5b0a3824d61bb0531f2fd28b45b&quot;}]},&quot;wrap&quot;:{&quot;style&quot;:{&quot;height&quot;:&quot;&quot;,&quot;background-image&quot;:&quot;&quot;,&quot;background-color&quot;:&quot;&quot;}}},{&quot;name&quot;:&quot;images&quot;,&quot;image_path&quot;:[&quot;http://local_activity.jiandanjiekuan.com/pages/test/1/img/1521709274975.png&quot;]}],&quot;activityCode&quot;:&quot;654ab2c85280449987368b9cd8bb37ae&quot;}",`activity_code`="654ab2c85280449987368b9cd8bb37ae",`user_id`=1,`status`=2,`update_time`="2018-03-22 05:34:54",`publish_time`="2018-03-22 17:34:54" WHERE `id`=97 
[2018-03-22 17:34:54.646] [DEBUG] database - SELECT count(*) as tmp_count FROM `act`
[2018-03-22 17:34:54.654] [DEBUG] database - SELECT * FROM `act`  order by `id` DESC LIMIT 0,15
[2018-03-22 20:07:55.715] [DEBUG] database - SELECT * FROM `menus`  WHERE `status`=1  order by `sort` ASC
[2018-03-22 20:07:56.398] [DEBUG] database - SELECT * FROM `menus`  order by `sort` ASC
[2018-03-22 20:08:36.087] [DEBUG] database - SHOW COLUMNS FROM `menus`
[2018-03-22 20:08:36.095] [DEBUG] database - INSERT INTO `menus` (`name`,`alink`,`pid`,`pids`,`status`,`sort`,`create_time`) VALUES (":name",":alink",:pid,":pids",:status,:sort,":create_time")
[2018-03-22 20:08:36.098] [DEBUG] database - INSERT INTO `menus` (`name`,`alink`,`pid`,`pids`,`status`,`sort`,`create_time`) VALUES ("活动配置","/act/config",14,"14",1,4,"2018-03-22 08:08:36")
[2018-03-22 20:08:36.110] [DEBUG] database - SHOW COLUMNS FROM `logs`
[2018-03-22 20:08:36.115] [DEBUG] database - INSERT INTO `logs` (`content`,`url`,`ip`,`username`,`create_time`) VALUES (":content",":url",":ip",":username",":create_time")
[2018-03-22 20:08:36.115] [DEBUG] database - INSERT INTO `logs` (`content`,`url`,`ip`,`username`,`create_time`) VALUES ("新增菜单成功活动配置","/api/menu/add","127.0.0.1","admin","2018-03-22 08:08:36")
[2018-03-22 20:08:36.131] [DEBUG] database - SELECT * FROM `menus`  WHERE `status`=1  order by `sort` ASC
[2018-03-22 20:08:36.144] [DEBUG] database - SELECT * FROM `menus`  order by `sort` ASC
[2018-03-22 20:09:06.239] [DEBUG] database - UPDATE :tbname SET pids = REPLACE(pids, 
													     (SELECT cpids from (SELECT CONCAT(pids,',',id) as cpids FROM :tbname WHERE id = :id) as b),
													     CONCAT(':pids',',',':id')) 
										WHERE id in(
											SELECT a.id from (
												SELECT * FROM :tbname 
												WHERE id = :id or pids LIKE CONCAT((SELECT CASE pids WHEN '0' THEN id ELSE CONCAT(pids,',',id) END 
												FROM :tbname WHERE id = :id),'%') 
											) a
										)
[2018-03-22 20:09:06.239] [DEBUG] database - UPDATE menus SET pids = REPLACE(pids, 
													     (SELECT cpids from (SELECT CONCAT(pids,',',id) as cpids FROM menus WHERE id = 33) as b),
													     CONCAT('22',',','33')) 
										WHERE id in(
											SELECT a.id from (
												SELECT * FROM menus 
												WHERE id = 33 or pids LIKE CONCAT((SELECT CASE pids WHEN '0' THEN id ELSE CONCAT(pids,',',id) END 
												FROM menus WHERE id = 33),'%') 
											) a
										)
[2018-03-22 20:09:06.245] [DEBUG] database - SHOW COLUMNS FROM `menus`
[2018-03-22 20:09:06.250] [DEBUG] database - UPDATE `menus` SET `name`=":name",`alink`=":alink",`pid`=:pid,`pids`=":pids",`sort`=:sort,`status`=:status WHERE `id`=33 
[2018-03-22 20:09:06.251] [DEBUG] database - UPDATE `menus` SET `name`="活动配置",`alink`="/act/config",`pid`=22,`pids`="22",`sort`=4,`status`=1 WHERE `id`=33 
[2018-03-22 20:09:06.256] [DEBUG] database - SHOW COLUMNS FROM `logs`
[2018-03-22 20:09:06.264] [DEBUG] database - INSERT INTO `logs` (`content`,`url`,`ip`,`username`,`create_time`) VALUES (":content",":url",":ip",":username",":create_time")
[2018-03-22 20:09:06.264] [DEBUG] database - INSERT INTO `logs` (`content`,`url`,`ip`,`username`,`create_time`) VALUES ("更新成功","/api/menu/33","127.0.0.1","admin","2018-03-22 08:09:06")
[2018-03-22 20:09:06.277] [DEBUG] database - SELECT * FROM `menus`  WHERE `status`=1  order by `sort` ASC
[2018-03-22 20:09:06.282] [DEBUG] database - SELECT * FROM `menus`  order by `sort` ASC
[2018-03-22 20:09:14.377] [DEBUG] database - SELECT * FROM `act_config`  order by `id` DESC
[2018-03-22 20:09:14.381] [ERROR] database - /Users/mac/Desktop/Applications/GitLab/cms-backend/src/services/act/config.service.js { Error: ER_NO_SUCH_TABLE: Table 'cms_system.act_config' doesn't exist
    at Query.Sequence._packetToError (/Users/mac/Desktop/Applications/GitLab/cms-backend/node_modules/mysql/lib/protocol/sequences/Sequence.js:52:14)
    at Query.ErrorPacket (/Users/mac/Desktop/Applications/GitLab/cms-backend/node_modules/mysql/lib/protocol/sequences/Query.js:77:18)
    at Protocol._parsePacket (/Users/mac/Desktop/Applications/GitLab/cms-backend/node_modules/mysql/lib/protocol/Protocol.js:280:23)
    at Parser.write (/Users/mac/Desktop/Applications/GitLab/cms-backend/node_modules/mysql/lib/protocol/Parser.js:75:12)
    at Protocol.write (/Users/mac/Desktop/Applications/GitLab/cms-backend/node_modules/mysql/lib/protocol/Protocol.js:39:16)
    at Socket.<anonymous> (/Users/mac/Desktop/Applications/GitLab/cms-backend/node_modules/mysql/lib/Connection.js:103:28)
    at emitOne (events.js:96:13)
    at Socket.emit (events.js:188:7)
    at readableAddChunk (_stream_readable.js:176:18)
    at Socket.Readable.push (_stream_readable.js:134:10)
    at TCP.onread (net.js:548:20)
    --------------------
    at Protocol._enqueue (/Users/mac/Desktop/Applications/GitLab/cms-backend/node_modules/mysql/lib/protocol/Protocol.js:141:48)
    at PoolConnection.query (/Users/mac/Desktop/Applications/GitLab/cms-backend/node_modules/mysql/lib/Connection.js:208:25)
    at /Users/mac/Desktop/Applications/GitLab/cms-backend/src/lib/mysqldb.lib.js:45:14
    at Ping.onOperationComplete (/Users/mac/Desktop/Applications/GitLab/cms-backend/node_modules/mysql/lib/Pool.js:110:5)
    at bound (domain.js:280:14)
    at Ping.runBound [as _callback] (domain.js:293:12)
    at Ping.Sequence.end (/Users/mac/Desktop/Applications/GitLab/cms-backend/node_modules/mysql/lib/protocol/sequences/Sequence.js:86:24)
    at Ping.Sequence.OkPacket (/Users/mac/Desktop/Applications/GitLab/cms-backend/node_modules/mysql/lib/protocol/sequences/Sequence.js:95:8)
    at Protocol._parsePacket (/Users/mac/Desktop/Applications/GitLab/cms-backend/node_modules/mysql/lib/protocol/Protocol.js:280:23)
    at Parser.write (/Users/mac/Desktop/Applications/GitLab/cms-backend/node_modules/mysql/lib/protocol/Parser.js:75:12)
    at Protocol.write (/Users/mac/Desktop/Applications/GitLab/cms-backend/node_modules/mysql/lib/protocol/Protocol.js:39:16)
    at Socket.<anonymous> (/Users/mac/Desktop/Applications/GitLab/cms-backend/node_modules/mysql/lib/Connection.js:103:28)
    at emitOne (events.js:96:13)
    at Socket.emit (events.js:188:7)
    at readableAddChunk (_stream_readable.js:176:18)
    at Socket.Readable.push (_stream_readable.js:134:10)
    at TCP.onread (net.js:548:20)
  code: 'ER_NO_SUCH_TABLE',
  errno: 1146,
  sqlState: '42S02',
  index: 0 }
[2018-03-22 20:09:14.390] [DEBUG] database - SHOW COLUMNS FROM `logs`
[2018-03-22 20:09:14.397] [DEBUG] database - INSERT INTO `logs` (`content`,`url`,`ip`,`username`,`create_time`) VALUES (":content",":url",":ip",":username",":create_time")
[2018-03-22 20:09:14.397] [DEBUG] database - INSERT INTO `logs` (`content`,`url`,`ip`,`username`,`create_time`) VALUES ("服务器出错，获取活动配置列表失败","/api/act/config/lists?keys=","127.0.0.1","admin","2018-03-22 08:09:14")
[2018-03-22 20:10:11.211] [DEBUG] database - SELECT * FROM `act_config`  order by `id` DESC
[2018-03-22 20:15:04.212] [DEBUG] database - SELECT * FROM `act_config`  order by `id` DESC
[2018-03-22 20:19:37.830] [DEBUG] database - SELECT * FROM `menus`  WHERE `status`=1  order by `sort` ASC
[2018-03-22 20:19:37.844] [DEBUG] database - SELECT * FROM `act_config`  order by `id` DESC
[2018-03-22 20:19:46.828] [DEBUG] database - SHOW COLUMNS FROM `act_config`
[2018-03-22 20:19:46.835] [DEBUG] database - INSERT INTO `act_config` (`name`,`domain`,`path_code`,`baidu_code`,`download_urls`,`user_id`,`create_time`) VALUES (":name",":domain",":path_code",":baidu_code",":download_urls",:user_id,":create_time")
[2018-03-22 20:19:46.836] [DEBUG] database - INSERT INTO `act_config` (`name`,`domain`,`path_code`,`baidu_code`,`download_urls`,`user_id`,`create_time`) VALUES ("test","test","tet","test","test",1,"2018-03-22 08:19:46")
[2018-03-22 20:19:46.863] [DEBUG] database - SELECT * FROM `act_config`  order by `id` DESC
[2018-03-22 20:19:50.571] [DEBUG] database - SELECT * FROM `act_config`  order by `id` DESC
[2018-03-22 20:20:25.561] [DEBUG] database - SELECT * FROM `act_config`  order by `id` DESC
[2018-03-22 20:20:58.991] [DEBUG] database - SELECT * FROM `act_config`  order by `id` DESC
[2018-03-22 20:22:43.578] [DEBUG] database - SELECT * FROM `act_config`  order by `id` DESC
[2018-03-22 20:23:07.458] [DEBUG] database - SELECT * FROM `act_config`  order by `id` DESC
[2018-03-22 20:23:18.324] [DEBUG] database - SHOW COLUMNS FROM `act_config`
[2018-03-22 20:23:18.331] [DEBUG] database - UPDATE `act_config` SET `name`=":name",`domain`=":domain",`path_code`=":path_code",`baidu_code`=":baidu_code",`download_urls`=":download_urls",`uuser_id`=:uuser_id,`update_time`=":update_time" WHERE `id`=1 
[2018-03-22 20:23:18.331] [DEBUG] database - UPDATE `act_config` SET `name`="test",`domain`="test",`path_code`="",`baidu_code`="",`download_urls`="",`uuser_id`=1,`update_time`="2018-03-22 08:23:18" WHERE `id`=1 
[2018-03-22 20:23:18.354] [DEBUG] database - SELECT * FROM `act_config`  order by `id` DESC
[2018-03-22 20:23:30.756] [DEBUG] database - SELECT * FROM `act_config`  order by `id` DESC
[2018-03-22 20:23:43.264] [DEBUG] database - SELECT * FROM `act_config`  order by `id` DESC
[2018-03-22 20:24:49.754] [DEBUG] database - SELECT * FROM `act_config`  order by `id` DESC
[2018-03-22 20:24:56.523] [DEBUG] database - SHOW COLUMNS FROM `act_config`
[2018-03-22 20:24:56.533] [DEBUG] database - UPDATE `act_config` SET `name`=":name",`domain`=":domain",`path_code`=":path_code",`baidu_code`=":baidu_code",`download_urls`=":download_urls",`uuser_id`=:uuser_id,`update_time`=":update_time" WHERE `id`=1 
[2018-03-22 20:24:56.533] [DEBUG] database - UPDATE `act_config` SET `name`="test",`domain`="test",`path_code`="",`baidu_code`="",`download_urls`="",`uuser_id`=1,`update_time`="2018-03-22 08:24:56" WHERE `id`=1 
[2018-03-22 20:24:56.559] [DEBUG] database - SELECT * FROM `act_config`  order by `id` DESC
[2018-03-22 20:25:01.459] [DEBUG] database - SELECT * FROM `act_config`  order by `id` DESC
[2018-03-22 20:25:13.357] [DEBUG] database - SHOW COLUMNS FROM `act_config`
[2018-03-22 20:25:13.362] [DEBUG] database - UPDATE `act_config` SET `name`=":name",`domain`=":domain",`path_code`=":path_code",`baidu_code`=":baidu_code",`download_urls`=":download_urls",`uuser_id`=:uuser_id,`update_time`=":update_time" WHERE `id`=1 
[2018-03-22 20:25:13.363] [DEBUG] database - UPDATE `act_config` SET `name`="test",`domain`="test",`path_code`="",`baidu_code`="",`download_urls`="",`uuser_id`=1,`update_time`="2018-03-22 08:25:13" WHERE `id`=1 
[2018-03-22 20:25:13.383] [DEBUG] database - SELECT * FROM `act_config`  order by `id` DESC
[2018-03-22 20:25:47.207] [DEBUG] database - SHOW COLUMNS FROM `act_config`
[2018-03-22 20:25:47.218] [DEBUG] database - UPDATE `act_config` SET `name`=":name",`domain`=":domain",`path_code`=":path_code",`baidu_code`=":baidu_code",`download_urls`=":download_urls",`uuser_id`=:uuser_id,`update_time`=":update_time" WHERE `id`=1 
[2018-03-22 20:25:47.219] [DEBUG] database - UPDATE `act_config` SET `name`="test",`domain`="test",`path_code`="aaa",`baidu_code`="bbb",`download_urls`="ccc",`uuser_id`=1,`update_time`="2018-03-22 08:25:47" WHERE `id`=1 
[2018-03-22 20:25:47.253] [DEBUG] database - SELECT * FROM `act_config`  order by `id` DESC
[2018-03-22 20:26:24.469] [DEBUG] database - DELETE FROM `act_config` WHERE `id`=1 
[2018-03-22 20:26:24.489] [DEBUG] database - SELECT * FROM `act_config`  order by `id` DESC
[2018-03-22 20:26:31.515] [DEBUG] database - SELECT * FROM `menus`  WHERE `status`=1  order by `sort` ASC
[2018-03-22 20:26:31.529] [DEBUG] database - SELECT * FROM `act_config`  order by `id` DESC
[2018-03-22 20:27:20.378] [DEBUG] database - SHOW COLUMNS FROM `act_config`
[2018-03-22 20:27:20.388] [DEBUG] database - INSERT INTO `act_config` (`name`,`domain`,`path_code`,`baidu_code`,`download_urls`,`user_id`,`create_time`) VALUES (":name",":domain",":path_code",":baidu_code",":download_urls",:user_id,":create_time")
[2018-03-22 20:27:20.388] [DEBUG] database - INSERT INTO `act_config` (`name`,`domain`,`path_code`,`baidu_code`,`download_urls`,`user_id`,`create_time`) VALUES ("小小租","activity.xiaoxiaozulin.com","xxz","bbbbbbb","cccccc",1,"2018-03-22 08:27:20")
[2018-03-22 20:27:20.416] [DEBUG] database - SELECT * FROM `act_config`  order by `id` DESC
[2018-03-22 20:27:50.166] [DEBUG] database - SELECT * FROM `act_config`  order by `id` DESC
