[2017-10-24 10:06:43.225] [DEBUG] database - SELECT * FROM `users`  WHERE `email`="admin@jdjk.com" 
[2017-10-24 10:07:29.313] [DEBUG] database - SELECT * FROM `users`  WHERE `email`="admin@jdjk.com" 
[2017-10-24 10:07:29.325] [DEBUG] database - SELECT * FROM `roles`  WHERE `id`=9 
[2017-10-24 10:07:29.331] [DEBUG] database - SELECT * FROM `dep`  WHERE `id`=4 
[2017-10-24 10:07:29.338] [DEBUG] database - SELECT * FROM `dep`  WHERE `id` in (0,4)  order by `pids` ASC
[2017-10-24 10:07:29.349] [DEBUG] database - SHOW COLUMNS FROM `logs`
[2017-10-24 10:07:29.361] [DEBUG] database - INSERT INTO `logs` (`content`,`url`,`ip`,`username`,`create_time`) VALUES (":content",":url",":ip",":username",":create_time")
[2017-10-24 10:07:29.362] [DEBUG] database - INSERT INTO `logs` (`content`,`url`,`ip`,`username`,`create_time`) VALUES ("登录成功:admin","/api/signin","127.0.0.1","admin","2017-10-24 10:07:29")
[2017-10-24 10:07:29.457] [DEBUG] database - SELECT * FROM `menus`  WHERE `status`=1  order by `sort` ASC
[2017-10-24 18:47:38.136] [DEBUG] database - SELECT * FROM `news_type`  order by `id` ASC
[2017-10-24 18:47:38.154] [DEBUG] database - SELECT * FROM `news_type`  WHERE `status`=1 
[2017-10-24 18:47:43.040] [DEBUG] database - SELECT count(*) as tmp_count FROM `news`
[2017-10-24 18:47:43.041] [DEBUG] database - SELECT * FROM `news`  order by `create_time` DESC,`publish_time` DESC LIMIT 0,15
[2017-10-24 18:47:47.090] [DEBUG] database - SELECT * FROM `config`  WHERE `status`=1 
[2017-10-24 18:47:47.091] [DEBUG] database - SELECT * FROM `news_type`  WHERE `code`="zx" AND `status`=1 
[2017-10-24 18:47:47.114] [DEBUG] database - SELECT * FROM `news_type`  WHERE `code`="wd" AND `status`=1 
[2017-10-24 18:49:02.134] [DEBUG] database - SELECT * FROM `menus`  WHERE `status`=1  order by `sort` ASC
[2017-10-24 18:49:10.322] [DEBUG] database - SELECT count(*) as tmp_count FROM `news`
[2017-10-24 18:49:10.329] [DEBUG] database - SELECT * FROM `news`  order by `create_time` DESC,`publish_time` DESC LIMIT 0,15
[2017-10-24 18:50:49.637] [DEBUG] database - SELECT * FROM `menus`  WHERE `status`=1  order by `sort` ASC
[2017-10-24 18:52:12.248] [DEBUG] database - SELECT * FROM `menus`  WHERE `status`=1  order by `sort` ASC
[2017-10-24 18:52:26.899] [DEBUG] database - SELECT * FROM `config`  WHERE `status`=1 
[2017-10-24 18:52:26.913] [DEBUG] database - SELECT * FROM `news_type`  WHERE `code`="zx" AND `status`=1 
[2017-10-24 18:52:26.913] [DEBUG] database - SELECT * FROM `news_type`  WHERE `status`=1 
[2017-10-24 18:52:26.915] [DEBUG] database - SELECT * FROM `news`  WHERE `id`=261 
[2017-10-24 18:52:26.915] [DEBUG] database - SELECT * FROM `news_type`  WHERE `code`="wd" AND `status`=1 
[2017-10-24 18:52:26.916] [DEBUG] database - SELECT * FROM `news_type`  WHERE `status`=1 
[2017-10-24 18:52:26.925] [DEBUG] database - SELECT * FROM `news_type`  WHERE `id`=4 
[2017-10-24 18:55:34.927] [DEBUG] database - SELECT * FROM `news_type`  WHERE `status`=1 
[2017-10-24 18:55:34.929] [DEBUG] database - SELECT count(*) as tmp_count FROM `news`
[2017-10-24 18:55:34.940] [DEBUG] database - SELECT * FROM `news`  order by `create_time` DESC,`publish_time` DESC LIMIT 0,15
[2017-10-24 18:55:47.113] [DEBUG] database - SELECT * FROM `menus`  WHERE `status`=1  order by `sort` ASC
[2017-10-24 18:55:47.315] [DEBUG] database - SELECT count(*) as tmp_count FROM `news`
[2017-10-24 18:55:47.315] [DEBUG] database - SELECT * FROM `news`  order by `create_time` DESC,`publish_time` DESC LIMIT 0,15
[2017-10-24 18:55:49.467] [DEBUG] database - SELECT * FROM `config`  WHERE `status`=1 
[2017-10-24 18:55:49.469] [DEBUG] database - SELECT * FROM `news_type`  WHERE `code`="zx" AND `status`=1 
[2017-10-24 18:55:49.480] [DEBUG] database - SELECT * FROM `news_type`  WHERE `code`="wd" AND `status`=1 
[2017-10-24 18:55:49.484] [DEBUG] database - SELECT * FROM `news`  WHERE `id`=261 
[2017-10-24 18:55:49.490] [DEBUG] database - SELECT * FROM `news_type`  WHERE `id`=4 
[2017-10-24 19:01:26.450] [DEBUG] database - SELECT * FROM `menus`  WHERE `status`=1  order by `sort` ASC
[2017-10-24 19:01:26.602] [DEBUG] database - SELECT * FROM `news_type`  WHERE `status`=1 
[2017-10-24 19:01:26.610] [DEBUG] database - SELECT * FROM `news`  order by `create_time` DESC,`publish_time` DESC LIMIT 0,15
[2017-10-24 19:01:26.611] [DEBUG] database - SELECT count(*) as tmp_count FROM `news`
[2017-10-24 19:01:47.211] [DEBUG] database - SELECT * FROM `config`  WHERE `status`=1 
[2017-10-24 19:01:47.212] [DEBUG] database - SELECT * FROM `news_type`  WHERE `code`="zx" AND `status`=1 
[2017-10-24 19:01:47.232] [DEBUG] database - SELECT * FROM `news_type`  WHERE `code`="wd" AND `status`=1 
[2017-10-24 19:02:00.201] [DEBUG] database - SELECT `news_seo`.* FROM `news_seo` left join `news_type` on `news_type`.`id` = `news_seo`.`typeid` WHERE `news_type`.`code`="jdjk"  order by `news_seo`.`id` DESC
[2017-10-24 19:02:00.202] [DEBUG] database - SELECT * FROM `news_type`  WHERE `code`="zx" AND `status`=1 
[2017-10-24 19:02:00.203] [DEBUG] database - SELECT * FROM `news_type`  WHERE `code`="wd" AND `status`=1 
[2017-10-24 19:02:00.209] [DEBUG] database - SELECT * FROM `news`  WHERE `typeid` in (4,5,6,7,8,18) AND `status`=1  order by RAND() LIMIT 0,5
[2017-10-24 19:02:00.210] [DEBUG] database - SELECT * FROM `news`  WHERE `typeid` in (9,10,11) AND `status`=1  order by RAND() LIMIT 0,5
[2017-10-24 19:02:51.014] [DEBUG] database - SELECT count(*) as tmp_count FROM `news`
[2017-10-24 19:02:51.017] [DEBUG] database - SELECT * FROM `news`  order by `create_time` DESC,`publish_time` DESC LIMIT 0,15
[2017-10-24 19:03:18.193] [DEBUG] database - SELECT * FROM `menus`  WHERE `status`=1  order by `sort` ASC
[2017-10-24 19:03:18.443] [DEBUG] database - SELECT * FROM `news_type`  WHERE `status`=1 
[2017-10-24 19:03:18.450] [DEBUG] database - SELECT * FROM `news`  order by `create_time` DESC,`publish_time` DESC LIMIT 0,15
[2017-10-24 19:03:18.451] [DEBUG] database - SELECT count(*) as tmp_count FROM `news`
[2017-10-24 19:03:21.677] [DEBUG] database - SHOW COLUMNS FROM `logs`
[2017-10-24 19:03:21.678] [DEBUG] database - SELECT * FROM `config`  WHERE `status`=1 
[2017-10-24 19:03:21.690] [DEBUG] database - SELECT * FROM `news_type`  WHERE `code`="zx" AND `status`=1 
[2017-10-24 19:03:21.690] [DEBUG] database - SELECT * FROM `news`  WHERE `id`="261" 
[2017-10-24 19:03:21.692] [DEBUG] database - INSERT INTO `logs` (`content`,`url`,`ip`,`username`,`create_time`) VALUES (":content",":url",":ip",":username",":create_time")
[2017-10-24 19:03:21.692] [DEBUG] database - INSERT INTO `logs` (`content`,`url`,`ip`,`username`,`create_time`) VALUES ("发布新闻详情:261","/api/news/publish/261","127.0.0.1","admin","2017-10-24 07:03:21")
[2017-10-24 19:03:21.699] [DEBUG] database - SELECT * FROM `news_type`  WHERE `code`="wd" AND `status`=1 
[2017-10-24 19:03:21.702] [DEBUG] database - SELECT * FROM `news_type`  WHERE `id`=4 
[2017-10-24 19:04:04.933] [DEBUG] database - SELECT * FROM `config`  WHERE `status`=1 
[2017-10-24 19:04:04.936] [DEBUG] database - SELECT * FROM `news`  WHERE `id`="261" 
[2017-10-24 19:04:04.938] [DEBUG] database - SHOW COLUMNS FROM `logs`
[2017-10-24 19:04:04.940] [DEBUG] database - SELECT * FROM `news_type`  WHERE `code`="wd" AND `status`=1 
[2017-10-24 19:04:04.940] [DEBUG] database - SELECT * FROM `news_type`  WHERE `status`=1 
[2017-10-24 19:04:04.941] [DEBUG] database - SELECT * FROM `news_type`  WHERE `status`=1 
[2017-10-24 19:04:04.941] [DEBUG] database - SELECT * FROM `news_type`  WHERE `code`="zx" AND `status`=1 
[2017-10-24 19:04:04.956] [DEBUG] database - SELECT * FROM `news_type`  WHERE `id`=4 
[2017-10-24 19:04:04.963] [DEBUG] database - INSERT INTO `logs` (`content`,`url`,`ip`,`username`,`create_time`) VALUES (":content",":url",":ip",":username",":create_time")
[2017-10-24 19:04:04.963] [DEBUG] database - INSERT INTO `logs` (`content`,`url`,`ip`,`username`,`create_time`) VALUES ("发布新闻详情:261","/api/news/publish/261","127.0.0.1","admin","2017-10-24 07:04:04")
[2017-10-24 19:04:04.970] [DEBUG] database - SELECT * FROM `news_type`  WHERE `status`=1 
[2017-10-24 19:04:35.565] [DEBUG] database - SELECT * FROM `config`  WHERE `status`=1 
[2017-10-24 19:04:35.570] [DEBUG] database - SHOW COLUMNS FROM `logs`
[2017-10-24 19:04:35.576] [DEBUG] database - SELECT * FROM `news_type`  WHERE `code`="zx" AND `status`=1 
[2017-10-24 19:04:35.577] [DEBUG] database - SELECT * FROM `news_type`  WHERE `status`=1 
[2017-10-24 19:04:35.577] [DEBUG] database - SELECT * FROM `news_type`  WHERE `status`=1 
[2017-10-24 19:04:35.578] [DEBUG] database - SELECT * FROM `news_type`  WHERE `code`="wd" AND `status`=1 
[2017-10-24 19:04:35.579] [DEBUG] database - SELECT * FROM `news`  WHERE `id`="261" 
[2017-10-24 19:04:35.596] [DEBUG] database - INSERT INTO `logs` (`content`,`url`,`ip`,`username`,`create_time`) VALUES (":content",":url",":ip",":username",":create_time")
[2017-10-24 19:04:35.596] [DEBUG] database - INSERT INTO `logs` (`content`,`url`,`ip`,`username`,`create_time`) VALUES ("发布新闻详情:261","/api/news/publish/261","127.0.0.1","admin","2017-10-24 07:04:35")
[2017-10-24 19:04:35.597] [DEBUG] database - SELECT * FROM `news_type`  WHERE `id`=4 
[2017-10-24 19:04:58.243] [DEBUG] database - SHOW COLUMNS FROM `logs`
[2017-10-24 19:04:58.246] [DEBUG] database - SELECT * FROM `config`  WHERE `status`=1 
[2017-10-24 19:04:58.247] [DEBUG] database - SELECT * FROM `news_type`  WHERE `code`="zx" AND `status`=1 
[2017-10-24 19:04:58.248] [DEBUG] database - SELECT * FROM `news_type`  WHERE `code`="wd" AND `status`=1 
[2017-10-24 19:04:58.249] [DEBUG] database - SELECT * FROM `news_type`  WHERE `status`=1 
[2017-10-24 19:04:58.249] [DEBUG] database - SELECT * FROM `news`  WHERE `id`="261" 
[2017-10-24 19:04:58.263] [DEBUG] database - SELECT * FROM `news_type`  WHERE `status`=1 
[2017-10-24 19:04:58.289] [DEBUG] database - INSERT INTO `logs` (`content`,`url`,`ip`,`username`,`create_time`) VALUES (":content",":url",":ip",":username",":create_time")
[2017-10-24 19:04:58.290] [DEBUG] database - INSERT INTO `logs` (`content`,`url`,`ip`,`username`,`create_time`) VALUES ("发布新闻详情:261","/api/news/publish/261","127.0.0.1","admin","2017-10-24 07:04:58")
[2017-10-24 19:04:58.291] [DEBUG] database - SELECT * FROM `news_type`  WHERE `id`=4 
[2017-10-24 19:04:58.340] [DEBUG] database - SHOW COLUMNS FROM `news`
[2017-10-24 19:04:58.347] [DEBUG] database - UPDATE `news` SET `status`=:status,`publish_time`=":publish_time",`update_time`=":update_time" WHERE `id`="261" 
[2017-10-24 19:04:58.347] [DEBUG] database - UPDATE `news` SET `status`=1,`publish_time`="2017-10-24 07:04:58",`update_time`="2017-10-24 07:04:58" WHERE `id`="261" 
[2017-10-24 19:04:58.410] [DEBUG] database - SELECT count(*) as tmp_count FROM `news`
[2017-10-24 19:04:58.412] [DEBUG] database - SELECT * FROM `news`  order by `create_time` DESC,`publish_time` DESC LIMIT 0,15
[2017-10-24 19:05:27.331] [DEBUG] database - SHOW COLUMNS FROM `logs`
[2017-10-24 19:05:27.332] [DEBUG] database - SELECT * FROM `news_type`  WHERE `code`="zx" AND `status`=1 
[2017-10-24 19:05:27.332] [DEBUG] database - SELECT * FROM `news_type`  WHERE `code`="wd" AND `status`=1 
[2017-10-24 19:05:27.333] [DEBUG] database - SELECT * FROM `news`  WHERE `id`="256" 
[2017-10-24 19:05:27.352] [DEBUG] database - INSERT INTO `logs` (`content`,`url`,`ip`,`username`,`create_time`) VALUES (":content",":url",":ip",":username",":create_time")
[2017-10-24 19:05:27.353] [DEBUG] database - INSERT INTO `logs` (`content`,`url`,`ip`,`username`,`create_time`) VALUES ("发布新闻详情:256","/api/news/publish/256","127.0.0.1","admin","2017-10-24 07:05:27")
[2017-10-24 19:05:27.355] [DEBUG] database - SELECT * FROM `news_type`  WHERE `id`=1 
[2017-10-24 19:05:27.369] [DEBUG] database - SHOW COLUMNS FROM `news`
[2017-10-24 19:05:27.375] [DEBUG] database - UPDATE `news` SET `status`=:status,`publish_time`=":publish_time",`update_time`=":update_time" WHERE `id`="256" 
[2017-10-24 19:05:27.375] [DEBUG] database - UPDATE `news` SET `status`=1,`publish_time`="2017-10-24 07:05:27",`update_time`="2017-10-24 07:05:27" WHERE `id`="256" 
[2017-10-24 19:05:27.426] [DEBUG] database - SELECT count(*) as tmp_count FROM `news`
[2017-10-24 19:05:27.427] [DEBUG] database - SELECT * FROM `news`  order by `create_time` DESC,`publish_time` DESC LIMIT 0,15
[2017-10-24 19:28:04.300] [DEBUG] database - SELECT * FROM `menus`  WHERE `status`=1  order by `sort` ASC
[2017-10-24 19:28:04.486] [DEBUG] database - SELECT count(*) as tmp_count FROM `news`
[2017-10-24 19:28:04.493] [DEBUG] database - SELECT * FROM `news`  order by `create_time` DESC,`publish_time` DESC LIMIT 0,15
[2017-10-24 19:28:37.087] [DEBUG] database - SELECT count(*) as tmp_count FROM `news`
[2017-10-24 19:28:37.088] [DEBUG] database - SELECT * FROM `news`  order by `create_time` DESC,`publish_time` DESC LIMIT 0,15
[2017-10-24 19:29:44.603] [DEBUG] database - SHOW COLUMNS FROM `logs`
[2017-10-24 19:29:44.625] [DEBUG] database - INSERT INTO `logs` (`content`,`url`,`ip`,`username`,`create_time`) VALUES (":content",":url",":ip",":username",":create_time")
[2017-10-24 19:29:44.626] [DEBUG] database - INSERT INTO `logs` (`content`,`url`,`ip`,`username`,`create_time`) VALUES ("重新发布所有新闻","/api/news/publish/all","127.0.0.1","admin","2017-10-24 07:29:44")
[2017-10-24 19:30:01.125] [DEBUG] database - SELECT * FROM `news_type`  WHERE `code`="zx" AND `status`=1 
[2017-10-24 19:30:01.128] [DEBUG] database - SELECT * FROM `config`  WHERE `status`=1 
[2017-10-24 19:30:01.129] [DEBUG] database - SELECT * FROM `news_type`  WHERE `status`=1 
[2017-10-24 19:30:01.130] [DEBUG] database - SELECT * FROM `news_type`  WHERE `status`=1 
[2017-10-24 19:30:01.130] [DEBUG] database - SELECT * FROM `news_type`  WHERE `code`="wd" AND `status`=1 
[2017-10-24 19:30:01.131] [DEBUG] database - SELECT * FROM `news`  WHERE `id`="259" 
[2017-10-24 19:30:01.131] [DEBUG] database - SHOW COLUMNS FROM `logs`
[2017-10-24 19:30:01.149] [DEBUG] database - SELECT * FROM `news_type`  WHERE `id`=14 
[2017-10-24 19:30:01.151] [DEBUG] database - INSERT INTO `logs` (`content`,`url`,`ip`,`username`,`create_time`) VALUES (":content",":url",":ip",":username",":create_time")
[2017-10-24 19:30:01.152] [DEBUG] database - INSERT INTO `logs` (`content`,`url`,`ip`,`username`,`create_time`) VALUES ("发布新闻详情:259","/api/news/publish/259","127.0.0.1","admin","2017-10-24 07:30:01")
[2017-10-24 19:33:47.415] [DEBUG] database - SHOW COLUMNS FROM `logs`
[2017-10-24 19:33:47.419] [DEBUG] database - SELECT * FROM `news_type`  WHERE `code`="zx" AND `status`=1 
[2017-10-24 19:33:47.421] [DEBUG] database - SELECT * FROM `news`  WHERE `id`="259" 
[2017-10-24 19:33:47.422] [DEBUG] database - SELECT * FROM `news_type`  WHERE `status`=1 
[2017-10-24 19:33:47.422] [DEBUG] database - SELECT * FROM `config`  WHERE `status`=1 
[2017-10-24 19:33:47.423] [DEBUG] database - SELECT * FROM `news_type`  WHERE `status`=1 
[2017-10-24 19:33:47.424] [DEBUG] database - SELECT * FROM `news_type`  WHERE `code`="wd" AND `status`=1 
[2017-10-24 19:33:47.445] [DEBUG] database - INSERT INTO `logs` (`content`,`url`,`ip`,`username`,`create_time`) VALUES (":content",":url",":ip",":username",":create_time")
[2017-10-24 19:33:47.446] [DEBUG] database - INSERT INTO `logs` (`content`,`url`,`ip`,`username`,`create_time`) VALUES ("发布新闻详情:259","/api/news/publish/259","127.0.0.1","admin","2017-10-24 07:33:47")
[2017-10-24 19:33:47.447] [DEBUG] database - SELECT * FROM `news_type`  WHERE `id`=14 
[2017-10-24 19:33:47.460] [DEBUG] database - SHOW COLUMNS FROM `logs`
[2017-10-24 19:33:47.476] [DEBUG] database - INSERT INTO `logs` (`content`,`url`,`ip`,`username`,`create_time`) VALUES (":content",":url",":ip",":username",":create_time")
[2017-10-24 19:33:47.477] [DEBUG] database - INSERT INTO `logs` (`content`,`url`,`ip`,`username`,`create_time`) VALUES ("发布失败：新闻类型不存在,","/api/news/publish/259","127.0.0.1","admin","2017-10-24 07:33:47")
[2017-10-24 19:34:20.298] [DEBUG] database - SELECT * FROM `news_type`  WHERE `status`=1 
[2017-10-24 19:34:20.310] [DEBUG] database - SELECT * FROM `news`  WHERE `id`=257 
[2017-10-24 19:34:32.877] [DEBUG] database - SELECT count(*) as tmp_count FROM `news`
[2017-10-24 19:34:32.883] [DEBUG] database - SELECT * FROM `news`  order by `create_time` DESC,`publish_time` DESC LIMIT 0,15
[2017-10-24 19:34:44.551] [DEBUG] database - SELECT * FROM `news`  WHERE `id`=259 
[2017-10-24 19:38:52.682] [DEBUG] database - SELECT * FROM `news`  WHERE `id`=259 
[2017-10-24 19:42:19.122] [DEBUG] database - SELECT * FROM `news`  WHERE `id`=259 
[2017-10-24 19:42:23.855] [DEBUG] database - SELECT * FROM `news`  WHERE `id`=259 
[2017-10-24 19:42:23.874] [DEBUG] database - SELECT * FROM `menus`  WHERE `status`=1  order by `sort` ASC
[2017-10-24 19:42:33.669] [DEBUG] database - SELECT * FROM `news`  WHERE `id`=259 
[2017-10-24 19:42:54.499] [DEBUG] database - SELECT * FROM `news`  WHERE `id`=259 
[2017-10-24 19:42:57.352] [DEBUG] database - SELECT * FROM `news`  WHERE `id`=259 
[2017-10-24 19:43:10.572] [DEBUG] database - SELECT * FROM `news`  WHERE `id`=259 
[2017-10-24 19:44:04.671] [DEBUG] database - SELECT * FROM `news`  WHERE `id`=259 
[2017-10-24 19:45:10.184] [DEBUG] database - SELECT * FROM `news`  WHERE `id`=259 
[2017-10-24 19:45:13.084] [DEBUG] database - SELECT * FROM `news`  WHERE `id`=259 
[2017-10-24 19:45:20.853] [DEBUG] database - SELECT count(*) as tmp_count FROM `news`
[2017-10-24 19:45:20.859] [DEBUG] database - SELECT * FROM `news`  order by `create_time` DESC,`publish_time` DESC LIMIT 0,15
[2017-10-24 19:45:26.425] [DEBUG] database - SELECT * FROM `news`  WHERE `id`=259 
[2017-10-24 19:45:37.853] [DEBUG] database - SELECT * FROM `news`  WHERE `id`=259 
[2017-10-24 19:46:54.080] [DEBUG] database - SELECT * FROM `news`  WHERE `id`=259 
[2017-10-24 19:47:00.374] [DEBUG] database - SELECT count(*) as tmp_count FROM `news`
[2017-10-24 19:47:00.380] [DEBUG] database - SELECT * FROM `news`  order by `create_time` DESC,`publish_time` DESC LIMIT 0,15
[2017-10-24 19:47:04.551] [DEBUG] database - SELECT * FROM `news`  WHERE `id`=257 
[2017-10-24 19:48:19.801] [DEBUG] database - SELECT * FROM `news`  WHERE `id`=257 
[2017-10-24 19:48:38.054] [DEBUG] database - SELECT * FROM `news`  WHERE `id`=257 
[2017-10-24 19:50:36.226] [DEBUG] database - SELECT * FROM `news`  WHERE `id`=257 
[2017-10-24 19:50:41.429] [DEBUG] database - SELECT * FROM `contracts_type`  WHERE `status`=1  order by `id` ASC
[2017-10-24 19:50:41.434] [DEBUG] database - SELECT count(*) as tmp_count FROM `contracts`
[2017-10-24 19:50:41.434] [DEBUG] database - SELECT * FROM `contracts`  order by `id` DESC,`publish_time` DESC LIMIT 0,15
[2017-10-24 19:50:42.905] [DEBUG] database - SELECT * FROM `config`  WHERE `status`=1 
[2017-10-24 19:50:42.905] [DEBUG] database - SELECT * FROM `news_type`  WHERE `code`="zx" AND `status`=1 
[2017-10-24 19:50:42.926] [DEBUG] database - SELECT * FROM `news_type`  WHERE `code`="wd" AND `status`=1 
[2017-10-24 19:53:42.964] [DEBUG] database - SELECT * FROM `contracts`  WHERE `id`=23 
[2017-10-24 19:54:15.611] [DEBUG] database - SELECT * FROM `contracts`  WHERE `id`=23 
[2017-10-24 19:55:07.160] [DEBUG] database - SELECT * FROM `contracts`  WHERE `id`=23 
[2017-10-24 19:55:27.658] [DEBUG] database - SHOW COLUMNS FROM `contracts`
[2017-10-24 19:55:27.669] [DEBUG] database - UPDATE `contracts` SET `status`=:status,`publish_time`=":publish_time",`update_time`=":update_time" WHERE `id`=9 
[2017-10-24 19:55:27.669] [DEBUG] database - UPDATE `contracts` SET `status`=1,`publish_time`="2017-10-24 19:55:27",`update_time`="2017-10-24 19:55:27" WHERE `id`=9 
[2017-10-24 19:55:27.680] [DEBUG] database - INSERT INTO contracts_history (`cid`,`version`,`content`, `title`, `typename`,`publish_time`,`create_time`)
    SELECT a.id,(SELECT CASE WHEN ISNULL(MAX(version)) THEN 1 ELSE MAX(version)+1 END FROM contracts_history WHERE cid = :contractsId),a.content,a.title,b.`name`,a.publish_time, NOW() from contracts a
   INNER JOIN contracts_type b on a.typeid = b.id
   WHERE a.id = :contractsId
[2017-10-24 19:55:27.681] [DEBUG] database - INSERT INTO contracts_history (`cid`,`version`,`content`, `title`, `typename`,`publish_time`,`create_time`)
    SELECT a.id,(SELECT CASE WHEN ISNULL(MAX(version)) THEN 1 ELSE MAX(version)+1 END FROM contracts_history WHERE cid = 9),a.content,a.title,b.`name`,a.publish_time, NOW() from contracts a
   INNER JOIN contracts_type b on a.typeid = b.id
   WHERE a.id = 9
[2017-10-24 19:55:27.722] [DEBUG] database - SELECT * FROM `contracts_type`  WHERE `status`=1  order by `id` ASC
[2017-10-24 19:55:27.729] [DEBUG] database - SELECT * FROM `contracts`  order by `id` DESC,`publish_time` DESC LIMIT 0,15
[2017-10-24 19:55:27.730] [DEBUG] database - SELECT count(*) as tmp_count FROM `contracts`
[2017-10-24 19:55:58.908] [DEBUG] database - SELECT * FROM `contracts`  WHERE `id`=9 
[2017-10-24 19:56:01.979] [DEBUG] database - SELECT * FROM `contracts`  WHERE `id`=9 
[2017-10-24 19:56:32.621] [DEBUG] database - SELECT * FROM `contracts_type`  WHERE `status`=1  order by `id` ASC
[2017-10-24 19:56:32.622] [DEBUG] database - SELECT count(*) as tmp_count FROM `contracts_history`
[2017-10-24 19:56:32.629] [DEBUG] database - SELECT * FROM `contracts_history`  order by `id` ASC LIMIT 0,15
[2017-10-24 19:56:58.929] [DEBUG] database - SELECT * FROM `config`  WHERE `status`=1 
[2017-10-24 19:56:58.929] [DEBUG] database - SELECT * FROM `news_type`  WHERE `status`=1 
[2017-10-24 19:56:58.956] [DEBUG] database - SELECT * FROM `news_type`  WHERE `status`=1 
[2017-10-24 19:56:58.958] [DEBUG] database - SELECT * FROM `news_type`  WHERE `status`=1 
[2017-10-24 19:56:58.959] [DEBUG] database - SELECT * FROM `news_type`  WHERE `code`="zx" AND `status`=1 
[2017-10-24 19:56:58.959] [DEBUG] database - SELECT * FROM `news_type`  WHERE `code`="wd" AND `status`=1 
[2017-10-24 19:57:43.803] [DEBUG] database - SELECT * FROM `contracts_history`  WHERE `id`=5 
[2017-10-24 19:58:09.400] [DEBUG] database - SELECT * FROM `contracts_history`  WHERE `id`=5 
