[2017-12-05 16:34:05.239] [INFO] system - 正在监听 port 7071
[2017-12-05 16:37:03.184] [INFO] system - 正在监听 port 7071
[2017-12-05 16:37:23.187] [ERROR] system - error in domain { Error: EPERM: operation not permitted, unlink '/Users/mac/Desktop/Applications/GitLab/cms-backend/src/themes/activity/components/buttons'
    at Error (native)
    at Object.fs.unlinkSync (fs.js:1089:18)
    at /Users/mac/Desktop/Applications/GitLab/cms-backend/src/controllers/act/components.controller.js:72:12
    at /Users/mac/Desktop/Applications/GitLab/cms-backend/node_modules/async/dist/async.js:421:16
    at processQueue (/Users/mac/Desktop/Applications/GitLab/cms-backend/node_modules/async/dist/async.js:1565:20)
    at taskComplete (/Users/mac/Desktop/Applications/GitLab/cms-backend/node_modules/async/dist/async.js:1588:9)
    at /Users/mac/Desktop/Applications/GitLab/cms-backend/node_modules/async/dist/async.js:1612:17
    at /Users/mac/Desktop/Applications/GitLab/cms-backend/node_modules/async/dist/async.js:906:16
    at /Users/mac/Desktop/Applications/GitLab/cms-backend/src/services/act/tpl.service.js:96:20
    at /Users/mac/Desktop/Applications/GitLab/cms-backend/src/lib/mysqldb.lib.js:136:16
    at Query.<anonymous> (/Users/mac/Desktop/Applications/GitLab/cms-backend/src/lib/mysqldb.lib.js:49:13)
    at bound (domain.js:280:14)
    at Query.runBound [as _callback] (domain.js:293:12)
    at Query.Sequence.end (/Users/mac/Desktop/Applications/GitLab/cms-backend/node_modules/mysql/lib/protocol/sequences/Sequence.js:86:24)
    at Query._handleFinalResultPacket (/Users/mac/Desktop/Applications/GitLab/cms-backend/node_modules/mysql/lib/protocol/sequences/Query.js:137:8)
    at Query.EofPacket (/Users/mac/Desktop/Applications/GitLab/cms-backend/node_modules/mysql/lib/protocol/sequences/Query.js:121:8)
  errno: -1,
  code: 'EPERM',
  syscall: 'unlink',
  path: '/Users/mac/Desktop/Applications/GitLab/cms-backend/src/themes/activity/components/buttons',
  domain: 
   Domain {
     domain: null,
     _events: { error: [Function] },
     _eventsCount: 1,
     _maxListeners: undefined,
     members: [] },
  domainThrown: true }
