[2018-04-10 10:48:50.273] [INFO] system - 正在监听 port 7071
[2018-04-10 10:52:27.465] [INFO] system - 正在监听 port 7071
[2018-04-10 11:02:40.511] [INFO] system - 正在监听 port 7071
[2018-04-10 11:05:14.032] [INFO] system - 正在监听 port 7071
[2018-04-10 11:59:45.435] [INFO] system - 正在监听 port 7071
[2018-04-10 11:59:47.226] [INFO] system - 正在监听 port 7071
[2018-04-10 12:00:09.208] [INFO] system - 正在监听 port 7071
[2018-04-10 12:00:10.226] [INFO] system - 正在监听 port 7071
[2018-04-10 12:00:41.133] [ERROR] system - error in domain { TypeError: First argument must be a string or Buffer
    at ServerResponse.OutgoingMessage.write (_http_outgoing.js:456:11)
    at ServerResponse.write (/Users/mac/Desktop/Applications/GitLab/cms-backend/node_modules/compression/index.js:89:18)
    at writetop (/Users/mac/Desktop/Applications/GitLab/cms-backend/node_modules/express-session/index.js:296:22)
    at ServerResponse.end (/Users/mac/Desktop/Applications/GitLab/cms-backend/node_modules/express-session/index.js:351:16)
    at /Users/mac/Desktop/Applications/GitLab/cms-backend/src/controllers/act/act.controller.js:599:40
    at /Users/mac/Desktop/Applications/GitLab/cms-backend/node_modules/async/dist/async.js:421:16
    at next (/Users/mac/Desktop/Applications/GitLab/cms-backend/node_modules/async/dist/async.js:5302:29)
    at /Users/mac/Desktop/Applications/GitLab/cms-backend/node_modules/async/dist/async.js:906:16
    at /Users/mac/Desktop/Applications/GitLab/cms-backend/src/controllers/act/act.controller.js:568:28
    at /Users/mac/Desktop/Applications/GitLab/cms-backend/src/services/act/act.service.js:18:16
    at /Users/mac/Desktop/Applications/GitLab/cms-backend/src/lib/mysqldb.lib.js:160:16
    at Query.<anonymous> (/Users/mac/Desktop/Applications/GitLab/cms-backend/src/lib/mysqldb.lib.js:49:13)
    at bound (domain.js:280:14)
    at Query.runBound [as _callback] (domain.js:293:12)
    at Query.Sequence.end (/Users/mac/Desktop/Applications/GitLab/cms-backend/node_modules/mysql/lib/protocol/sequences/Sequence.js:86:24)
    at Query._handleFinalResultPacket (/Users/mac/Desktop/Applications/GitLab/cms-backend/node_modules/mysql/lib/protocol/sequences/Query.js:137:8)
  domain: 
   Domain {
     domain: null,
     _events: { error: [Function] },
     _eventsCount: 1,
     _maxListeners: undefined,
     members: [] },
  domainThrown: true }
[2018-04-10 12:00:41.145] [ERROR] system - error in exception handler Error: Can't set headers after they are sent.
    at ServerResponse.OutgoingMessage.setHeader (_http_outgoing.js:356:11)
    at ServerResponse.header (/Users/mac/Desktop/Applications/GitLab/cms-backend/node_modules/express/lib/response.js:730:10)
    at ServerResponse.json (/Users/mac/Desktop/Applications/GitLab/cms-backend/node_modules/express/lib/response.js:253:10)
    at Domain.<anonymous> (/Users/mac/Desktop/Applications/GitLab/cms-backend/src/handlers/exception.handler.js:26:27)
    at emitOne (events.js:96:13)
    at Domain.emit (events.js:188:7)
    at Domain.errorHandler [as _errorHandler] (domain.js:97:23)
    at process._fatalException (bootstrap_node.js:293:33)
[2018-04-10 12:00:41.155] [ERROR] system - error in domain { TypeError: First argument must be a string or Buffer
    at ServerResponse.OutgoingMessage.end (_http_outgoing.js:555:11)
    at ServerResponse.end (/Users/mac/Desktop/Applications/GitLab/cms-backend/node_modules/compression/index.js:107:21)
    at writeend (/Users/mac/Desktop/Applications/GitLab/cms-backend/node_modules/express-session/index.js:261:22)
    at ontouch (/Users/mac/Desktop/Applications/GitLab/cms-backend/node_modules/express-session/index.js:348:11)
    at Query.<anonymous> (/Users/mac/Desktop/Applications/GitLab/cms-backend/node_modules/express-mysql-session/lib/index.js:247:17)
    at bound (domain.js:280:14)
    at Query.runBound [as _callback] (domain.js:293:12)
    at Query.Sequence.end (/Users/mac/Desktop/Applications/GitLab/cms-backend/node_modules/express-mysql-session/node_modules/mysql/lib/protocol/sequences/Sequence.js:88:24)
    at Query._handleFinalResultPacket (/Users/mac/Desktop/Applications/GitLab/cms-backend/node_modules/express-mysql-session/node_modules/mysql/lib/protocol/sequences/Query.js:139:8)
    at Query.OkPacket (/Users/mac/Desktop/Applications/GitLab/cms-backend/node_modules/express-mysql-session/node_modules/mysql/lib/protocol/sequences/Query.js:72:10)
    at Protocol._parsePacket (/Users/mac/Desktop/Applications/GitLab/cms-backend/node_modules/express-mysql-session/node_modules/mysql/lib/protocol/Protocol.js:279:23)
    at Parser.write (/Users/mac/Desktop/Applications/GitLab/cms-backend/node_modules/express-mysql-session/node_modules/mysql/lib/protocol/Parser.js:76:12)
    at Protocol.write (/Users/mac/Desktop/Applications/GitLab/cms-backend/node_modules/express-mysql-session/node_modules/mysql/lib/protocol/Protocol.js:39:16)
    at Socket.<anonymous> (/Users/mac/Desktop/Applications/GitLab/cms-backend/node_modules/express-mysql-session/node_modules/mysql/lib/Connection.js:103:28)
    at emitOne (events.js:96:13)
    at Socket.emit (events.js:188:7)
  domain: 
   Domain {
     domain: null,
     _events: { error: [Function] },
     _eventsCount: 1,
     _maxListeners: undefined,
     members: [] },
  domainThrown: true }
[2018-04-10 12:00:41.160] [ERROR] system - error in exception handler Error: Can't set headers after they are sent.
    at ServerResponse.OutgoingMessage.setHeader (_http_outgoing.js:356:11)
    at ServerResponse.header (/Users/mac/Desktop/Applications/GitLab/cms-backend/node_modules/express/lib/response.js:730:10)
    at ServerResponse.json (/Users/mac/Desktop/Applications/GitLab/cms-backend/node_modules/express/lib/response.js:253:10)
    at Domain.<anonymous> (/Users/mac/Desktop/Applications/GitLab/cms-backend/src/handlers/exception.handler.js:26:27)
    at emitOne (events.js:96:13)
    at Domain.emit (events.js:188:7)
    at Domain.errorHandler [as _errorHandler] (domain.js:97:23)
    at process._fatalException (bootstrap_node.js:293:33)
[2018-04-10 12:01:42.358] [ERROR] system - error in domain { TypeError: First argument must be a string or Buffer
    at ServerResponse.OutgoingMessage.write (_http_outgoing.js:456:11)
    at ServerResponse.write (/Users/mac/Desktop/Applications/GitLab/cms-backend/node_modules/compression/index.js:89:18)
    at writetop (/Users/mac/Desktop/Applications/GitLab/cms-backend/node_modules/express-session/index.js:296:22)
    at ServerResponse.end (/Users/mac/Desktop/Applications/GitLab/cms-backend/node_modules/express-session/index.js:351:16)
    at /Users/mac/Desktop/Applications/GitLab/cms-backend/src/controllers/act/act.controller.js:599:40
    at /Users/mac/Desktop/Applications/GitLab/cms-backend/node_modules/async/dist/async.js:421:16
    at next (/Users/mac/Desktop/Applications/GitLab/cms-backend/node_modules/async/dist/async.js:5302:29)
    at /Users/mac/Desktop/Applications/GitLab/cms-backend/node_modules/async/dist/async.js:906:16
    at /Users/mac/Desktop/Applications/GitLab/cms-backend/src/controllers/act/act.controller.js:568:28
    at /Users/mac/Desktop/Applications/GitLab/cms-backend/src/services/act/act.service.js:18:16
    at /Users/mac/Desktop/Applications/GitLab/cms-backend/src/lib/mysqldb.lib.js:160:16
    at Query.<anonymous> (/Users/mac/Desktop/Applications/GitLab/cms-backend/src/lib/mysqldb.lib.js:49:13)
    at bound (domain.js:280:14)
    at Query.runBound [as _callback] (domain.js:293:12)
    at Query.Sequence.end (/Users/mac/Desktop/Applications/GitLab/cms-backend/node_modules/mysql/lib/protocol/sequences/Sequence.js:86:24)
    at Query._handleFinalResultPacket (/Users/mac/Desktop/Applications/GitLab/cms-backend/node_modules/mysql/lib/protocol/sequences/Query.js:137:8)
  domain: 
   Domain {
     domain: null,
     _events: { error: [Function] },
     _eventsCount: 1,
     _maxListeners: undefined,
     members: [] },
  domainThrown: true }
[2018-04-10 12:01:42.362] [ERROR] system - error in exception handler Error: Can't set headers after they are sent.
    at ServerResponse.OutgoingMessage.setHeader (_http_outgoing.js:356:11)
    at ServerResponse.header (/Users/mac/Desktop/Applications/GitLab/cms-backend/node_modules/express/lib/response.js:730:10)
    at ServerResponse.json (/Users/mac/Desktop/Applications/GitLab/cms-backend/node_modules/express/lib/response.js:253:10)
    at Domain.<anonymous> (/Users/mac/Desktop/Applications/GitLab/cms-backend/src/handlers/exception.handler.js:26:27)
    at emitOne (events.js:96:13)
    at Domain.emit (events.js:188:7)
    at Domain.errorHandler [as _errorHandler] (domain.js:97:23)
    at process._fatalException (bootstrap_node.js:293:33)
[2018-04-10 12:01:42.371] [ERROR] system - error in domain { TypeError: First argument must be a string or Buffer
    at ServerResponse.OutgoingMessage.end (_http_outgoing.js:555:11)
    at ServerResponse.end (/Users/mac/Desktop/Applications/GitLab/cms-backend/node_modules/compression/index.js:107:21)
    at writeend (/Users/mac/Desktop/Applications/GitLab/cms-backend/node_modules/express-session/index.js:261:22)
    at ontouch (/Users/mac/Desktop/Applications/GitLab/cms-backend/node_modules/express-session/index.js:348:11)
    at Query.<anonymous> (/Users/mac/Desktop/Applications/GitLab/cms-backend/node_modules/express-mysql-session/lib/index.js:247:17)
    at bound (domain.js:280:14)
    at Query.runBound [as _callback] (domain.js:293:12)
    at Query.Sequence.end (/Users/mac/Desktop/Applications/GitLab/cms-backend/node_modules/express-mysql-session/node_modules/mysql/lib/protocol/sequences/Sequence.js:88:24)
    at Query._handleFinalResultPacket (/Users/mac/Desktop/Applications/GitLab/cms-backend/node_modules/express-mysql-session/node_modules/mysql/lib/protocol/sequences/Query.js:139:8)
    at Query.OkPacket (/Users/mac/Desktop/Applications/GitLab/cms-backend/node_modules/express-mysql-session/node_modules/mysql/lib/protocol/sequences/Query.js:72:10)
    at Protocol._parsePacket (/Users/mac/Desktop/Applications/GitLab/cms-backend/node_modules/express-mysql-session/node_modules/mysql/lib/protocol/Protocol.js:279:23)
    at Parser.write (/Users/mac/Desktop/Applications/GitLab/cms-backend/node_modules/express-mysql-session/node_modules/mysql/lib/protocol/Parser.js:76:12)
    at Protocol.write (/Users/mac/Desktop/Applications/GitLab/cms-backend/node_modules/express-mysql-session/node_modules/mysql/lib/protocol/Protocol.js:39:16)
    at Socket.<anonymous> (/Users/mac/Desktop/Applications/GitLab/cms-backend/node_modules/express-mysql-session/node_modules/mysql/lib/Connection.js:103:28)
    at emitOne (events.js:96:13)
    at Socket.emit (events.js:188:7)
  domain: 
   Domain {
     domain: null,
     _events: { error: [Function] },
     _eventsCount: 1,
     _maxListeners: undefined,
     members: [] },
  domainThrown: true }
[2018-04-10 12:01:42.378] [ERROR] system - error in exception handler Error: Can't set headers after they are sent.
    at ServerResponse.OutgoingMessage.setHeader (_http_outgoing.js:356:11)
    at ServerResponse.header (/Users/mac/Desktop/Applications/GitLab/cms-backend/node_modules/express/lib/response.js:730:10)
    at ServerResponse.json (/Users/mac/Desktop/Applications/GitLab/cms-backend/node_modules/express/lib/response.js:253:10)
    at Domain.<anonymous> (/Users/mac/Desktop/Applications/GitLab/cms-backend/src/handlers/exception.handler.js:26:27)
    at emitOne (events.js:96:13)
    at Domain.emit (events.js:188:7)
    at Domain.errorHandler [as _errorHandler] (domain.js:97:23)
    at process._fatalException (bootstrap_node.js:293:33)
[2018-04-10 12:02:19.609] [INFO] system - 正在监听 port 7071
[2018-04-10 13:16:10.781] [ERROR] system - error in domain { TypeError: First argument must be a string or Buffer
    at ServerResponse.OutgoingMessage.write (_http_outgoing.js:456:11)
    at ServerResponse.write (/Users/mac/Desktop/Applications/GitLab/cms-backend/node_modules/compression/index.js:89:18)
    at writetop (/Users/mac/Desktop/Applications/GitLab/cms-backend/node_modules/express-session/index.js:296:22)
    at ServerResponse.end (/Users/mac/Desktop/Applications/GitLab/cms-backend/node_modules/express-session/index.js:351:16)
    at /Users/mac/Desktop/Applications/GitLab/cms-backend/src/controllers/act/act.controller.js:599:40
    at /Users/mac/Desktop/Applications/GitLab/cms-backend/node_modules/async/dist/async.js:421:16
    at next (/Users/mac/Desktop/Applications/GitLab/cms-backend/node_modules/async/dist/async.js:5302:29)
    at /Users/mac/Desktop/Applications/GitLab/cms-backend/node_modules/async/dist/async.js:906:16
    at /Users/mac/Desktop/Applications/GitLab/cms-backend/src/controllers/act/act.controller.js:568:28
    at /Users/mac/Desktop/Applications/GitLab/cms-backend/src/services/act/act.service.js:18:16
    at /Users/mac/Desktop/Applications/GitLab/cms-backend/src/lib/mysqldb.lib.js:160:16
    at Query.<anonymous> (/Users/mac/Desktop/Applications/GitLab/cms-backend/src/lib/mysqldb.lib.js:49:13)
    at bound (domain.js:280:14)
    at Query.runBound [as _callback] (domain.js:293:12)
    at Query.Sequence.end (/Users/mac/Desktop/Applications/GitLab/cms-backend/node_modules/mysql/lib/protocol/sequences/Sequence.js:86:24)
    at Query._handleFinalResultPacket (/Users/mac/Desktop/Applications/GitLab/cms-backend/node_modules/mysql/lib/protocol/sequences/Query.js:137:8)
  domain: 
   Domain {
     domain: null,
     _events: { error: [Function] },
     _eventsCount: 1,
     _maxListeners: undefined,
     members: [] },
  domainThrown: true }
[2018-04-10 13:16:10.792] [ERROR] system - error in exception handler Error: Can't set headers after they are sent.
    at ServerResponse.OutgoingMessage.setHeader (_http_outgoing.js:356:11)
    at ServerResponse.header (/Users/mac/Desktop/Applications/GitLab/cms-backend/node_modules/express/lib/response.js:730:10)
    at ServerResponse.json (/Users/mac/Desktop/Applications/GitLab/cms-backend/node_modules/express/lib/response.js:253:10)
    at Domain.<anonymous> (/Users/mac/Desktop/Applications/GitLab/cms-backend/src/handlers/exception.handler.js:26:27)
    at emitOne (events.js:96:13)
    at Domain.emit (events.js:188:7)
    at Domain.errorHandler [as _errorHandler] (domain.js:97:23)
    at process._fatalException (bootstrap_node.js:293:33)
[2018-04-10 13:16:10.800] [ERROR] system - error in domain { TypeError: First argument must be a string or Buffer
    at ServerResponse.OutgoingMessage.end (_http_outgoing.js:555:11)
    at ServerResponse.end (/Users/mac/Desktop/Applications/GitLab/cms-backend/node_modules/compression/index.js:107:21)
    at writeend (/Users/mac/Desktop/Applications/GitLab/cms-backend/node_modules/express-session/index.js:261:22)
    at ontouch (/Users/mac/Desktop/Applications/GitLab/cms-backend/node_modules/express-session/index.js:348:11)
    at Query.<anonymous> (/Users/mac/Desktop/Applications/GitLab/cms-backend/node_modules/express-mysql-session/lib/index.js:247:17)
    at bound (domain.js:280:14)
    at Query.runBound [as _callback] (domain.js:293:12)
    at Query.Sequence.end (/Users/mac/Desktop/Applications/GitLab/cms-backend/node_modules/express-mysql-session/node_modules/mysql/lib/protocol/sequences/Sequence.js:88:24)
    at Query._handleFinalResultPacket (/Users/mac/Desktop/Applications/GitLab/cms-backend/node_modules/express-mysql-session/node_modules/mysql/lib/protocol/sequences/Query.js:139:8)
    at Query.OkPacket (/Users/mac/Desktop/Applications/GitLab/cms-backend/node_modules/express-mysql-session/node_modules/mysql/lib/protocol/sequences/Query.js:72:10)
    at Protocol._parsePacket (/Users/mac/Desktop/Applications/GitLab/cms-backend/node_modules/express-mysql-session/node_modules/mysql/lib/protocol/Protocol.js:279:23)
    at Parser.write (/Users/mac/Desktop/Applications/GitLab/cms-backend/node_modules/express-mysql-session/node_modules/mysql/lib/protocol/Parser.js:76:12)
    at Protocol.write (/Users/mac/Desktop/Applications/GitLab/cms-backend/node_modules/express-mysql-session/node_modules/mysql/lib/protocol/Protocol.js:39:16)
    at Socket.<anonymous> (/Users/mac/Desktop/Applications/GitLab/cms-backend/node_modules/express-mysql-session/node_modules/mysql/lib/Connection.js:103:28)
    at emitOne (events.js:96:13)
    at Socket.emit (events.js:188:7)
  domain: 
   Domain {
     domain: null,
     _events: { error: [Function] },
     _eventsCount: 1,
     _maxListeners: undefined,
     members: [] },
  domainThrown: true }
[2018-04-10 13:16:10.805] [ERROR] system - error in exception handler Error: Can't set headers after they are sent.
    at ServerResponse.OutgoingMessage.setHeader (_http_outgoing.js:356:11)
    at ServerResponse.header (/Users/mac/Desktop/Applications/GitLab/cms-backend/node_modules/express/lib/response.js:730:10)
    at ServerResponse.json (/Users/mac/Desktop/Applications/GitLab/cms-backend/node_modules/express/lib/response.js:253:10)
    at Domain.<anonymous> (/Users/mac/Desktop/Applications/GitLab/cms-backend/src/handlers/exception.handler.js:26:27)
    at emitOne (events.js:96:13)
    at Domain.emit (events.js:188:7)
    at Domain.errorHandler [as _errorHandler] (domain.js:97:23)
    at process._fatalException (bootstrap_node.js:293:33)
[2018-04-10 13:18:02.756] [INFO] system - 正在监听 port 7071
[2018-04-10 13:19:29.231] [ERROR] system - error in domain { TypeError: First argument must be a string or Buffer
    at ServerResponse.OutgoingMessage.write (_http_outgoing.js:456:11)
    at ServerResponse.write (/Users/mac/Desktop/Applications/GitLab/cms-backend/node_modules/compression/index.js:89:18)
    at writetop (/Users/mac/Desktop/Applications/GitLab/cms-backend/node_modules/express-session/index.js:296:22)
    at ServerResponse.end (/Users/mac/Desktop/Applications/GitLab/cms-backend/node_modules/express-session/index.js:351:16)
    at /Users/mac/Desktop/Applications/GitLab/cms-backend/src/controllers/act/act.controller.js:599:40
    at /Users/mac/Desktop/Applications/GitLab/cms-backend/node_modules/async/dist/async.js:421:16
    at next (/Users/mac/Desktop/Applications/GitLab/cms-backend/node_modules/async/dist/async.js:5302:29)
    at /Users/mac/Desktop/Applications/GitLab/cms-backend/node_modules/async/dist/async.js:906:16
    at /Users/mac/Desktop/Applications/GitLab/cms-backend/src/controllers/act/act.controller.js:568:28
    at /Users/mac/Desktop/Applications/GitLab/cms-backend/src/services/act/act.service.js:18:16
    at /Users/mac/Desktop/Applications/GitLab/cms-backend/src/lib/mysqldb.lib.js:160:16
    at Query.<anonymous> (/Users/mac/Desktop/Applications/GitLab/cms-backend/src/lib/mysqldb.lib.js:49:13)
    at bound (domain.js:280:14)
    at Query.runBound [as _callback] (domain.js:293:12)
    at Query.Sequence.end (/Users/mac/Desktop/Applications/GitLab/cms-backend/node_modules/mysql/lib/protocol/sequences/Sequence.js:86:24)
    at Query._handleFinalResultPacket (/Users/mac/Desktop/Applications/GitLab/cms-backend/node_modules/mysql/lib/protocol/sequences/Query.js:137:8)
  domain: 
   Domain {
     domain: null,
     _events: { error: [Function] },
     _eventsCount: 1,
     _maxListeners: undefined,
     members: [] },
  domainThrown: true }
[2018-04-10 13:19:29.244] [ERROR] system - error in exception handler Error: Can't set headers after they are sent.
    at ServerResponse.OutgoingMessage.setHeader (_http_outgoing.js:356:11)
    at ServerResponse.header (/Users/mac/Desktop/Applications/GitLab/cms-backend/node_modules/express/lib/response.js:730:10)
    at ServerResponse.json (/Users/mac/Desktop/Applications/GitLab/cms-backend/node_modules/express/lib/response.js:253:10)
    at Domain.<anonymous> (/Users/mac/Desktop/Applications/GitLab/cms-backend/src/handlers/exception.handler.js:26:27)
    at emitOne (events.js:96:13)
    at Domain.emit (events.js:188:7)
    at Domain.errorHandler [as _errorHandler] (domain.js:97:23)
    at process._fatalException (bootstrap_node.js:293:33)
[2018-04-10 13:19:29.253] [ERROR] system - error in domain { TypeError: First argument must be a string or Buffer
    at ServerResponse.OutgoingMessage.end (_http_outgoing.js:555:11)
    at ServerResponse.end (/Users/mac/Desktop/Applications/GitLab/cms-backend/node_modules/compression/index.js:107:21)
    at writeend (/Users/mac/Desktop/Applications/GitLab/cms-backend/node_modules/express-session/index.js:261:22)
    at ontouch (/Users/mac/Desktop/Applications/GitLab/cms-backend/node_modules/express-session/index.js:348:11)
    at Query.<anonymous> (/Users/mac/Desktop/Applications/GitLab/cms-backend/node_modules/express-mysql-session/lib/index.js:247:17)
    at bound (domain.js:280:14)
    at Query.runBound [as _callback] (domain.js:293:12)
    at Query.Sequence.end (/Users/mac/Desktop/Applications/GitLab/cms-backend/node_modules/express-mysql-session/node_modules/mysql/lib/protocol/sequences/Sequence.js:88:24)
    at Query._handleFinalResultPacket (/Users/mac/Desktop/Applications/GitLab/cms-backend/node_modules/express-mysql-session/node_modules/mysql/lib/protocol/sequences/Query.js:139:8)
    at Query.OkPacket (/Users/mac/Desktop/Applications/GitLab/cms-backend/node_modules/express-mysql-session/node_modules/mysql/lib/protocol/sequences/Query.js:72:10)
    at Protocol._parsePacket (/Users/mac/Desktop/Applications/GitLab/cms-backend/node_modules/express-mysql-session/node_modules/mysql/lib/protocol/Protocol.js:279:23)
    at Parser.write (/Users/mac/Desktop/Applications/GitLab/cms-backend/node_modules/express-mysql-session/node_modules/mysql/lib/protocol/Parser.js:76:12)
    at Protocol.write (/Users/mac/Desktop/Applications/GitLab/cms-backend/node_modules/express-mysql-session/node_modules/mysql/lib/protocol/Protocol.js:39:16)
    at Socket.<anonymous> (/Users/mac/Desktop/Applications/GitLab/cms-backend/node_modules/express-mysql-session/node_modules/mysql/lib/Connection.js:103:28)
    at emitOne (events.js:96:13)
    at Socket.emit (events.js:188:7)
  domain: 
   Domain {
     domain: null,
     _events: { error: [Function] },
     _eventsCount: 1,
     _maxListeners: undefined,
     members: [] },
  domainThrown: true }
[2018-04-10 13:19:29.259] [ERROR] system - error in exception handler Error: Can't set headers after they are sent.
    at ServerResponse.OutgoingMessage.setHeader (_http_outgoing.js:356:11)
    at ServerResponse.header (/Users/mac/Desktop/Applications/GitLab/cms-backend/node_modules/express/lib/response.js:730:10)
    at ServerResponse.json (/Users/mac/Desktop/Applications/GitLab/cms-backend/node_modules/express/lib/response.js:253:10)
    at Domain.<anonymous> (/Users/mac/Desktop/Applications/GitLab/cms-backend/src/handlers/exception.handler.js:26:27)
    at emitOne (events.js:96:13)
    at Domain.emit (events.js:188:7)
    at Domain.errorHandler [as _errorHandler] (domain.js:97:23)
    at process._fatalException (bootstrap_node.js:293:33)
[2018-04-10 13:19:52.122] [INFO] system - 正在监听 port 7071
[2018-04-10 13:19:56.246] [ERROR] system - error in domain { TypeError: First argument must be a string or Buffer
    at ServerResponse.OutgoingMessage.write (_http_outgoing.js:456:11)
    at ServerResponse.write (/Users/mac/Desktop/Applications/GitLab/cms-backend/node_modules/compression/index.js:89:18)
    at writetop (/Users/mac/Desktop/Applications/GitLab/cms-backend/node_modules/express-session/index.js:296:22)
    at ServerResponse.end (/Users/mac/Desktop/Applications/GitLab/cms-backend/node_modules/express-session/index.js:351:16)
    at /Users/mac/Desktop/Applications/GitLab/cms-backend/src/controllers/act/act.controller.js:600:40
    at /Users/mac/Desktop/Applications/GitLab/cms-backend/node_modules/async/dist/async.js:421:16
    at next (/Users/mac/Desktop/Applications/GitLab/cms-backend/node_modules/async/dist/async.js:5302:29)
    at /Users/mac/Desktop/Applications/GitLab/cms-backend/node_modules/async/dist/async.js:906:16
    at /Users/mac/Desktop/Applications/GitLab/cms-backend/src/controllers/act/act.controller.js:569:28
    at /Users/mac/Desktop/Applications/GitLab/cms-backend/src/services/act/act.service.js:18:16
    at /Users/mac/Desktop/Applications/GitLab/cms-backend/src/lib/mysqldb.lib.js:160:16
    at Query.<anonymous> (/Users/mac/Desktop/Applications/GitLab/cms-backend/src/lib/mysqldb.lib.js:49:13)
    at bound (domain.js:280:14)
    at Query.runBound [as _callback] (domain.js:293:12)
    at Query.Sequence.end (/Users/mac/Desktop/Applications/GitLab/cms-backend/node_modules/mysql/lib/protocol/sequences/Sequence.js:86:24)
    at Query._handleFinalResultPacket (/Users/mac/Desktop/Applications/GitLab/cms-backend/node_modules/mysql/lib/protocol/sequences/Query.js:137:8)
  domain: 
   Domain {
     domain: null,
     _events: { error: [Function] },
     _eventsCount: 1,
     _maxListeners: undefined,
     members: [] },
  domainThrown: true }
[2018-04-10 13:19:56.258] [ERROR] system - error in exception handler Error: Can't set headers after they are sent.
    at ServerResponse.OutgoingMessage.setHeader (_http_outgoing.js:356:11)
    at ServerResponse.header (/Users/mac/Desktop/Applications/GitLab/cms-backend/node_modules/express/lib/response.js:730:10)
    at ServerResponse.json (/Users/mac/Desktop/Applications/GitLab/cms-backend/node_modules/express/lib/response.js:253:10)
    at Domain.<anonymous> (/Users/mac/Desktop/Applications/GitLab/cms-backend/src/handlers/exception.handler.js:26:27)
    at emitOne (events.js:96:13)
    at Domain.emit (events.js:188:7)
    at Domain.errorHandler [as _errorHandler] (domain.js:97:23)
    at process._fatalException (bootstrap_node.js:293:33)
[2018-04-10 13:19:56.268] [ERROR] system - error in domain { TypeError: First argument must be a string or Buffer
    at ServerResponse.OutgoingMessage.end (_http_outgoing.js:555:11)
    at ServerResponse.end (/Users/mac/Desktop/Applications/GitLab/cms-backend/node_modules/compression/index.js:107:21)
    at writeend (/Users/mac/Desktop/Applications/GitLab/cms-backend/node_modules/express-session/index.js:261:22)
    at ontouch (/Users/mac/Desktop/Applications/GitLab/cms-backend/node_modules/express-session/index.js:348:11)
    at Query.<anonymous> (/Users/mac/Desktop/Applications/GitLab/cms-backend/node_modules/express-mysql-session/lib/index.js:247:17)
    at bound (domain.js:280:14)
    at Query.runBound [as _callback] (domain.js:293:12)
    at Query.Sequence.end (/Users/mac/Desktop/Applications/GitLab/cms-backend/node_modules/express-mysql-session/node_modules/mysql/lib/protocol/sequences/Sequence.js:88:24)
    at Query._handleFinalResultPacket (/Users/mac/Desktop/Applications/GitLab/cms-backend/node_modules/express-mysql-session/node_modules/mysql/lib/protocol/sequences/Query.js:139:8)
    at Query.OkPacket (/Users/mac/Desktop/Applications/GitLab/cms-backend/node_modules/express-mysql-session/node_modules/mysql/lib/protocol/sequences/Query.js:72:10)
    at Protocol._parsePacket (/Users/mac/Desktop/Applications/GitLab/cms-backend/node_modules/express-mysql-session/node_modules/mysql/lib/protocol/Protocol.js:279:23)
    at Parser.write (/Users/mac/Desktop/Applications/GitLab/cms-backend/node_modules/express-mysql-session/node_modules/mysql/lib/protocol/Parser.js:76:12)
    at Protocol.write (/Users/mac/Desktop/Applications/GitLab/cms-backend/node_modules/express-mysql-session/node_modules/mysql/lib/protocol/Protocol.js:39:16)
    at Socket.<anonymous> (/Users/mac/Desktop/Applications/GitLab/cms-backend/node_modules/express-mysql-session/node_modules/mysql/lib/Connection.js:103:28)
    at emitOne (events.js:96:13)
    at Socket.emit (events.js:188:7)
  domain: 
   Domain {
     domain: null,
     _events: { error: [Function] },
     _eventsCount: 1,
     _maxListeners: undefined,
     members: [] },
  domainThrown: true }
[2018-04-10 13:19:56.273] [ERROR] system - error in exception handler Error: Can't set headers after they are sent.
    at ServerResponse.OutgoingMessage.setHeader (_http_outgoing.js:356:11)
    at ServerResponse.header (/Users/mac/Desktop/Applications/GitLab/cms-backend/node_modules/express/lib/response.js:730:10)
    at ServerResponse.json (/Users/mac/Desktop/Applications/GitLab/cms-backend/node_modules/express/lib/response.js:253:10)
    at Domain.<anonymous> (/Users/mac/Desktop/Applications/GitLab/cms-backend/src/handlers/exception.handler.js:26:27)
    at emitOne (events.js:96:13)
    at Domain.emit (events.js:188:7)
    at Domain.errorHandler [as _errorHandler] (domain.js:97:23)
    at process._fatalException (bootstrap_node.js:293:33)
[2018-04-10 13:21:56.229] [ERROR] system - error in domain { TypeError: First argument must be a string or Buffer
    at ServerResponse.OutgoingMessage.write (_http_outgoing.js:456:11)
    at ServerResponse.write (/Users/mac/Desktop/Applications/GitLab/cms-backend/node_modules/compression/index.js:89:18)
    at writetop (/Users/mac/Desktop/Applications/GitLab/cms-backend/node_modules/express-session/index.js:296:22)
    at ServerResponse.end (/Users/mac/Desktop/Applications/GitLab/cms-backend/node_modules/express-session/index.js:351:16)
    at /Users/mac/Desktop/Applications/GitLab/cms-backend/src/controllers/act/act.controller.js:600:40
    at /Users/mac/Desktop/Applications/GitLab/cms-backend/node_modules/async/dist/async.js:421:16
    at next (/Users/mac/Desktop/Applications/GitLab/cms-backend/node_modules/async/dist/async.js:5302:29)
    at /Users/mac/Desktop/Applications/GitLab/cms-backend/node_modules/async/dist/async.js:906:16
    at /Users/mac/Desktop/Applications/GitLab/cms-backend/src/controllers/act/act.controller.js:569:28
    at /Users/mac/Desktop/Applications/GitLab/cms-backend/src/services/act/act.service.js:18:16
    at /Users/mac/Desktop/Applications/GitLab/cms-backend/src/lib/mysqldb.lib.js:160:16
    at Query.<anonymous> (/Users/mac/Desktop/Applications/GitLab/cms-backend/src/lib/mysqldb.lib.js:49:13)
    at bound (domain.js:280:14)
    at Query.runBound [as _callback] (domain.js:293:12)
    at Query.Sequence.end (/Users/mac/Desktop/Applications/GitLab/cms-backend/node_modules/mysql/lib/protocol/sequences/Sequence.js:86:24)
    at Query._handleFinalResultPacket (/Users/mac/Desktop/Applications/GitLab/cms-backend/node_modules/mysql/lib/protocol/sequences/Query.js:137:8)
  domain: 
   Domain {
     domain: null,
     _events: { error: [Function] },
     _eventsCount: 1,
     _maxListeners: undefined,
     members: [] },
  domainThrown: true }
[2018-04-10 13:21:56.234] [ERROR] system - error in exception handler Error: Can't set headers after they are sent.
    at ServerResponse.OutgoingMessage.setHeader (_http_outgoing.js:356:11)
    at ServerResponse.header (/Users/mac/Desktop/Applications/GitLab/cms-backend/node_modules/express/lib/response.js:730:10)
    at ServerResponse.json (/Users/mac/Desktop/Applications/GitLab/cms-backend/node_modules/express/lib/response.js:253:10)
    at Domain.<anonymous> (/Users/mac/Desktop/Applications/GitLab/cms-backend/src/handlers/exception.handler.js:26:27)
    at emitOne (events.js:96:13)
    at Domain.emit (events.js:188:7)
    at Domain.errorHandler [as _errorHandler] (domain.js:97:23)
    at process._fatalException (bootstrap_node.js:293:33)
[2018-04-10 13:21:56.238] [ERROR] system - error in domain { TypeError: First argument must be a string or Buffer
    at ServerResponse.OutgoingMessage.end (_http_outgoing.js:555:11)
    at ServerResponse.end (/Users/mac/Desktop/Applications/GitLab/cms-backend/node_modules/compression/index.js:107:21)
    at writeend (/Users/mac/Desktop/Applications/GitLab/cms-backend/node_modules/express-session/index.js:261:22)
    at ontouch (/Users/mac/Desktop/Applications/GitLab/cms-backend/node_modules/express-session/index.js:348:11)
    at Query.<anonymous> (/Users/mac/Desktop/Applications/GitLab/cms-backend/node_modules/express-mysql-session/lib/index.js:247:17)
    at bound (domain.js:280:14)
    at Query.runBound [as _callback] (domain.js:293:12)
    at Query.Sequence.end (/Users/mac/Desktop/Applications/GitLab/cms-backend/node_modules/express-mysql-session/node_modules/mysql/lib/protocol/sequences/Sequence.js:88:24)
    at Query._handleFinalResultPacket (/Users/mac/Desktop/Applications/GitLab/cms-backend/node_modules/express-mysql-session/node_modules/mysql/lib/protocol/sequences/Query.js:139:8)
    at Query.OkPacket (/Users/mac/Desktop/Applications/GitLab/cms-backend/node_modules/express-mysql-session/node_modules/mysql/lib/protocol/sequences/Query.js:72:10)
    at Protocol._parsePacket (/Users/mac/Desktop/Applications/GitLab/cms-backend/node_modules/express-mysql-session/node_modules/mysql/lib/protocol/Protocol.js:279:23)
    at Parser.write (/Users/mac/Desktop/Applications/GitLab/cms-backend/node_modules/express-mysql-session/node_modules/mysql/lib/protocol/Parser.js:76:12)
    at Protocol.write (/Users/mac/Desktop/Applications/GitLab/cms-backend/node_modules/express-mysql-session/node_modules/mysql/lib/protocol/Protocol.js:39:16)
    at Socket.<anonymous> (/Users/mac/Desktop/Applications/GitLab/cms-backend/node_modules/express-mysql-session/node_modules/mysql/lib/Connection.js:103:28)
    at emitOne (events.js:96:13)
    at Socket.emit (events.js:188:7)
  domain: 
   Domain {
     domain: null,
     _events: { error: [Function] },
     _eventsCount: 1,
     _maxListeners: undefined,
     members: [] },
  domainThrown: true }
[2018-04-10 13:21:56.242] [ERROR] system - error in exception handler Error: Can't set headers after they are sent.
    at ServerResponse.OutgoingMessage.setHeader (_http_outgoing.js:356:11)
    at ServerResponse.header (/Users/mac/Desktop/Applications/GitLab/cms-backend/node_modules/express/lib/response.js:730:10)
    at ServerResponse.json (/Users/mac/Desktop/Applications/GitLab/cms-backend/node_modules/express/lib/response.js:253:10)
    at Domain.<anonymous> (/Users/mac/Desktop/Applications/GitLab/cms-backend/src/handlers/exception.handler.js:26:27)
    at emitOne (events.js:96:13)
    at Domain.emit (events.js:188:7)
    at Domain.errorHandler [as _errorHandler] (domain.js:97:23)
    at process._fatalException (bootstrap_node.js:293:33)
[2018-04-10 13:27:10.722] [INFO] system - 正在监听 port 7071
[2018-04-10 13:27:11.758] [INFO] system - 正在监听 port 7071
[2018-04-10 13:27:12.768] [INFO] system - 正在监听 port 7071
[2018-04-10 13:27:16.769] [INFO] system - 正在监听 port 7071
[2018-04-10 14:30:13.361] [INFO] system - 正在监听 port 7071
[2018-04-10 14:30:37.352] [INFO] system - 正在监听 port 7071
[2018-04-10 14:39:07.553] [INFO] system - 正在监听 port 7071
[2018-04-10 14:39:27.533] [INFO] system - 正在监听 port 7071
[2018-04-10 14:39:29.366] [INFO] system - 正在监听 port 7071
[2018-04-10 14:40:10.366] [INFO] system - 正在监听 port 7071
[2018-04-10 14:40:11.375] [INFO] system - 正在监听 port 7071
[2018-04-10 14:40:18.510] [INFO] system - 正在监听 port 7071
[2018-04-10 15:17:05.950] [INFO] system - 正在监听 port 7071
[2018-04-10 15:26:40.046] [INFO] system - 正在监听 port 7071
[2018-04-10 15:26:42.848] [INFO] system - 正在监听 port 7071
[2018-04-10 15:28:15.144] [INFO] system - 正在监听 port 7071
[2018-04-10 15:35:54.482] [INFO] system - 正在监听 port 7071
[2018-04-10 15:35:59.226] [INFO] system - 正在监听 port 7071
[2018-04-10 15:36:24.413] [INFO] system - 正在监听 port 7071
[2018-04-10 15:36:32.341] [INFO] system - 正在监听 port 7071
[2018-04-10 15:37:16.391] [INFO] system - 正在监听 port 7071
[2018-04-10 15:37:18.410] [INFO] system - 正在监听 port 7071
[2018-04-10 15:37:20.408] [INFO] system - 正在监听 port 7071
[2018-04-10 20:54:09.008] [INFO] system - 正在监听 port 7071
