[2018-01-12 15:25:50.514] [ERROR] system - { Error: connect ETIMEDOUT
    at PoolConnection.Connection._handleConnectTimeout (/Users/mac/Desktop/Applications/GitLab/cms-backend/node_modules/express-mysql-session/node_modules/mysql/lib/Connection.js:419:13)
    at Socket.g (events.js:291:16)
    at emitNone (events.js:86:13)
    at Socket.emit (events.js:185:7)
    at Socket._onTimeout (net.js:339:8)
    at ontimeout (timers.js:365:14)
    at tryOnTimeout (timers.js:237:5)
    at Timer.listOnTimeout (timers.js:207:5)
    --------------------
    at Protocol._enqueue (/Users/mac/Desktop/Applications/GitLab/cms-backend/node_modules/express-mysql-session/node_modules/mysql/lib/protocol/Protocol.js:145:48)
    at Protocol.handshake (/Users/mac/Desktop/Applications/GitLab/cms-backend/node_modules/express-mysql-session/node_modules/mysql/lib/protocol/Protocol.js:52:23)
    at PoolConnection.connect (/Users/mac/Desktop/Applications/GitLab/cms-backend/node_modules/express-mysql-session/node_modules/mysql/lib/Connection.js:130:18)
    at Pool.getConnection (/Users/mac/Desktop/Applications/GitLab/cms-backend/node_modules/express-mysql-session/node_modules/mysql/lib/Pool.js:48:16)
    at Pool.query (/Users/mac/Desktop/Applications/GitLab/cms-backend/node_modules/express-mysql-session/node_modules/mysql/lib/Pool.js:202:8)
    at MySQLStore.get (/Users/mac/Desktop/Applications/GitLab/cms-backend/node_modules/express-mysql-session/lib/index.js:130:19)
    at session (/Users/mac/Desktop/Applications/GitLab/cms-backend/node_modules/express-session/index.js:460:11)
    at Layer.handle [as handle_request] (/Users/mac/Desktop/Applications/GitLab/cms-backend/node_modules/express/lib/router/layer.js:95:5)
    at trim_prefix (/Users/mac/Desktop/Applications/GitLab/cms-backend/node_modules/express/lib/router/index.js:317:13)
    at /Users/mac/Desktop/Applications/GitLab/cms-backend/node_modules/express/lib/router/index.js:284:7
    at Function.process_params (/Users/mac/Desktop/Applications/GitLab/cms-backend/node_modules/express/lib/router/index.js:335:12)
    at next (/Users/mac/Desktop/Applications/GitLab/cms-backend/node_modules/express/lib/router/index.js:275:10)
    at /Users/mac/Desktop/Applications/GitLab/cms-backend/src/lib/session.lib.js:12:5
    at Layer.handle [as handle_request] (/Users/mac/Desktop/Applications/GitLab/cms-backend/node_modules/express/lib/router/layer.js:95:5)
    at trim_prefix (/Users/mac/Desktop/Applications/GitLab/cms-backend/node_modules/express/lib/router/index.js:317:13)
    at /Users/mac/Desktop/Applications/GitLab/cms-backend/node_modules/express/lib/router/index.js:284:7
  errorno: 'ETIMEDOUT',
  code: 'ETIMEDOUT',
  syscall: 'connect',
  fatal: true } undefined
[2018-01-12 15:26:00.519] [ERROR] system - { Error: Handshake inactivity timeout
    at Handshake.<anonymous> (/Users/mac/Desktop/Applications/GitLab/cms-backend/node_modules/express-mysql-session/node_modules/mysql/lib/protocol/Protocol.js:164:17)
    at emitNone (events.js:86:13)
    at Handshake.emit (events.js:185:7)
    at Handshake._onTimeout (/Users/mac/Desktop/Applications/GitLab/cms-backend/node_modules/express-mysql-session/node_modules/mysql/lib/protocol/sequences/Sequence.js:129:8)
    at ontimeout (timers.js:365:14)
    at tryOnTimeout (timers.js:237:5)
    at Timer.listOnTimeout (timers.js:207:5)
    --------------------
    at Protocol._enqueue (/Users/mac/Desktop/Applications/GitLab/cms-backend/node_modules/express-mysql-session/node_modules/mysql/lib/protocol/Protocol.js:145:48)
    at Protocol.handshake (/Users/mac/Desktop/Applications/GitLab/cms-backend/node_modules/express-mysql-session/node_modules/mysql/lib/protocol/Protocol.js:52:23)
    at PoolConnection.connect (/Users/mac/Desktop/Applications/GitLab/cms-backend/node_modules/express-mysql-session/node_modules/mysql/lib/Connection.js:130:18)
    at Pool.getConnection (/Users/mac/Desktop/Applications/GitLab/cms-backend/node_modules/express-mysql-session/node_modules/mysql/lib/Pool.js:48:16)
    at Pool.releaseConnection (/Users/mac/Desktop/Applications/GitLab/cms-backend/node_modules/express-mysql-session/node_modules/mysql/lib/Pool.js:157:10)
    at Pool._removeConnection (/Users/mac/Desktop/Applications/GitLab/cms-backend/node_modules/express-mysql-session/node_modules/mysql/lib/Pool.js:277:8)
    at Pool._purgeConnection (/Users/mac/Desktop/Applications/GitLab/cms-backend/node_modules/express-mysql-session/node_modules/mysql/lib/Pool.js:258:8)
    at Handshake.onConnect (/Users/mac/Desktop/Applications/GitLab/cms-backend/node_modules/express-mysql-session/node_modules/mysql/lib/Pool.js:57:14)
    at Handshake.Sequence.end (/Users/mac/Desktop/Applications/GitLab/cms-backend/node_modules/express-mysql-session/node_modules/mysql/lib/protocol/sequences/Sequence.js:88:24)
    at Protocol.handleNetworkError (/Users/mac/Desktop/Applications/GitLab/cms-backend/node_modules/express-mysql-session/node_modules/mysql/lib/protocol/Protocol.js:363:14)
    at PoolConnection.Connection._handleNetworkError (/Users/mac/Desktop/Applications/GitLab/cms-backend/node_modules/express-mysql-session/node_modules/mysql/lib/Connection.js:428:18)
    at PoolConnection.Connection._handleConnectTimeout (/Users/mac/Desktop/Applications/GitLab/cms-backend/node_modules/express-mysql-session/node_modules/mysql/lib/Connection.js:424:8)
    at Socket.g (events.js:291:16)
    at emitNone (events.js:86:13)
    at Socket.emit (events.js:185:7)
    at Socket._onTimeout (net.js:339:8)
  code: 'PROTOCOL_SEQUENCE_TIMEOUT',
  fatal: true,
  timeout: 10000 } undefined
[2018-01-12 15:26:10.521] [ERROR] system - { Error: Handshake inactivity timeout
    at Handshake.<anonymous> (/Users/mac/Desktop/Applications/GitLab/cms-backend/node_modules/express-mysql-session/node_modules/mysql/lib/protocol/Protocol.js:164:17)
    at emitNone (events.js:86:13)
    at Handshake.emit (events.js:185:7)
    at Handshake._onTimeout (/Users/mac/Desktop/Applications/GitLab/cms-backend/node_modules/express-mysql-session/node_modules/mysql/lib/protocol/sequences/Sequence.js:129:8)
    at ontimeout (timers.js:365:14)
    at tryOnTimeout (timers.js:237:5)
    at Timer.listOnTimeout (timers.js:207:5)
    --------------------
    at Protocol._enqueue (/Users/mac/Desktop/Applications/GitLab/cms-backend/node_modules/express-mysql-session/node_modules/mysql/lib/protocol/Protocol.js:145:48)
    at Protocol.handshake (/Users/mac/Desktop/Applications/GitLab/cms-backend/node_modules/express-mysql-session/node_modules/mysql/lib/protocol/Protocol.js:52:23)
    at PoolConnection.connect (/Users/mac/Desktop/Applications/GitLab/cms-backend/node_modules/express-mysql-session/node_modules/mysql/lib/Connection.js:130:18)
    at Pool.getConnection (/Users/mac/Desktop/Applications/GitLab/cms-backend/node_modules/express-mysql-session/node_modules/mysql/lib/Pool.js:48:16)
    at Pool.releaseConnection (/Users/mac/Desktop/Applications/GitLab/cms-backend/node_modules/express-mysql-session/node_modules/mysql/lib/Pool.js:157:10)
    at Pool._removeConnection (/Users/mac/Desktop/Applications/GitLab/cms-backend/node_modules/express-mysql-session/node_modules/mysql/lib/Pool.js:277:8)
    at Pool._purgeConnection (/Users/mac/Desktop/Applications/GitLab/cms-backend/node_modules/express-mysql-session/node_modules/mysql/lib/Pool.js:258:8)
    at Handshake.onConnect (/Users/mac/Desktop/Applications/GitLab/cms-backend/node_modules/express-mysql-session/node_modules/mysql/lib/Pool.js:57:14)
    at Handshake.Sequence.end (/Users/mac/Desktop/Applications/GitLab/cms-backend/node_modules/express-mysql-session/node_modules/mysql/lib/protocol/sequences/Sequence.js:88:24)
    at /Users/mac/Desktop/Applications/GitLab/cms-backend/node_modules/express-mysql-session/node_modules/mysql/lib/protocol/Protocol.js:398:18
    at Array.forEach (native)
    at /Users/mac/Desktop/Applications/GitLab/cms-backend/node_modules/express-mysql-session/node_modules/mysql/lib/protocol/Protocol.js:397:13
    at _combinedTickCallback (internal/process/next_tick.js:67:7)
    at process._tickDomainCallback (internal/process/next_tick.js:122:9)
  code: 'PROTOCOL_SEQUENCE_TIMEOUT',
  fatal: true,
  timeout: 10000 } undefined
[2018-01-12 15:26:20.523] [ERROR] system - { Error: Handshake inactivity timeout
    at Handshake.<anonymous> (/Users/mac/Desktop/Applications/GitLab/cms-backend/node_modules/express-mysql-session/node_modules/mysql/lib/protocol/Protocol.js:164:17)
    at emitNone (events.js:86:13)
    at Handshake.emit (events.js:185:7)
    at Handshake._onTimeout (/Users/mac/Desktop/Applications/GitLab/cms-backend/node_modules/express-mysql-session/node_modules/mysql/lib/protocol/sequences/Sequence.js:129:8)
    at ontimeout (timers.js:365:14)
    at tryOnTimeout (timers.js:237:5)
    at Timer.listOnTimeout (timers.js:207:5)
    --------------------
    at Protocol._enqueue (/Users/mac/Desktop/Applications/GitLab/cms-backend/node_modules/express-mysql-session/node_modules/mysql/lib/protocol/Protocol.js:145:48)
    at Protocol.handshake (/Users/mac/Desktop/Applications/GitLab/cms-backend/node_modules/express-mysql-session/node_modules/mysql/lib/protocol/Protocol.js:52:23)
    at PoolConnection.connect (/Users/mac/Desktop/Applications/GitLab/cms-backend/node_modules/express-mysql-session/node_modules/mysql/lib/Connection.js:130:18)
    at Pool.getConnection (/Users/mac/Desktop/Applications/GitLab/cms-backend/node_modules/express-mysql-session/node_modules/mysql/lib/Pool.js:48:16)
    at Pool.releaseConnection (/Users/mac/Desktop/Applications/GitLab/cms-backend/node_modules/express-mysql-session/node_modules/mysql/lib/Pool.js:157:10)
    at Pool._removeConnection (/Users/mac/Desktop/Applications/GitLab/cms-backend/node_modules/express-mysql-session/node_modules/mysql/lib/Pool.js:277:8)
    at Pool._purgeConnection (/Users/mac/Desktop/Applications/GitLab/cms-backend/node_modules/express-mysql-session/node_modules/mysql/lib/Pool.js:258:8)
    at Handshake.onConnect (/Users/mac/Desktop/Applications/GitLab/cms-backend/node_modules/express-mysql-session/node_modules/mysql/lib/Pool.js:57:14)
    at Handshake.Sequence.end (/Users/mac/Desktop/Applications/GitLab/cms-backend/node_modules/express-mysql-session/node_modules/mysql/lib/protocol/sequences/Sequence.js:88:24)
    at /Users/mac/Desktop/Applications/GitLab/cms-backend/node_modules/express-mysql-session/node_modules/mysql/lib/protocol/Protocol.js:398:18
    at Array.forEach (native)
    at /Users/mac/Desktop/Applications/GitLab/cms-backend/node_modules/express-mysql-session/node_modules/mysql/lib/protocol/Protocol.js:397:13
    at _combinedTickCallback (internal/process/next_tick.js:67:7)
    at process._tickDomainCallback (internal/process/next_tick.js:122:9)
  code: 'PROTOCOL_SEQUENCE_TIMEOUT',
  fatal: true,
  timeout: 10000 } undefined
[2018-01-12 15:27:58.320] [ERROR] system - { Error: Handshake inactivity timeout
    at Handshake.<anonymous> (/Users/mac/Desktop/Applications/GitLab/cms-backend/node_modules/express-mysql-session/node_modules/mysql/lib/protocol/Protocol.js:164:17)
    at emitNone (events.js:86:13)
    at Handshake.emit (events.js:185:7)
    at Handshake._onTimeout (/Users/mac/Desktop/Applications/GitLab/cms-backend/node_modules/express-mysql-session/node_modules/mysql/lib/protocol/sequences/Sequence.js:129:8)
    at ontimeout (timers.js:365:14)
    at tryOnTimeout (timers.js:237:5)
    at Timer.listOnTimeout (timers.js:207:5)
    --------------------
    at Protocol._enqueue (/Users/mac/Desktop/Applications/GitLab/cms-backend/node_modules/express-mysql-session/node_modules/mysql/lib/protocol/Protocol.js:145:48)
    at Protocol.handshake (/Users/mac/Desktop/Applications/GitLab/cms-backend/node_modules/express-mysql-session/node_modules/mysql/lib/protocol/Protocol.js:52:23)
    at PoolConnection.connect (/Users/mac/Desktop/Applications/GitLab/cms-backend/node_modules/express-mysql-session/node_modules/mysql/lib/Connection.js:130:18)
    at Pool.getConnection (/Users/mac/Desktop/Applications/GitLab/cms-backend/node_modules/express-mysql-session/node_modules/mysql/lib/Pool.js:48:16)
    at Pool.query (/Users/mac/Desktop/Applications/GitLab/cms-backend/node_modules/express-mysql-session/node_modules/mysql/lib/Pool.js:202:8)
    at MySQLStore.get (/Users/mac/Desktop/Applications/GitLab/cms-backend/node_modules/express-mysql-session/lib/index.js:130:19)
    at session (/Users/mac/Desktop/Applications/GitLab/cms-backend/node_modules/express-session/index.js:460:11)
    at Layer.handle [as handle_request] (/Users/mac/Desktop/Applications/GitLab/cms-backend/node_modules/express/lib/router/layer.js:95:5)
    at trim_prefix (/Users/mac/Desktop/Applications/GitLab/cms-backend/node_modules/express/lib/router/index.js:317:13)
    at /Users/mac/Desktop/Applications/GitLab/cms-backend/node_modules/express/lib/router/index.js:284:7
    at Function.process_params (/Users/mac/Desktop/Applications/GitLab/cms-backend/node_modules/express/lib/router/index.js:335:12)
    at next (/Users/mac/Desktop/Applications/GitLab/cms-backend/node_modules/express/lib/router/index.js:275:10)
    at /Users/mac/Desktop/Applications/GitLab/cms-backend/src/lib/session.lib.js:12:5
    at Layer.handle [as handle_request] (/Users/mac/Desktop/Applications/GitLab/cms-backend/node_modules/express/lib/router/layer.js:95:5)
    at trim_prefix (/Users/mac/Desktop/Applications/GitLab/cms-backend/node_modules/express/lib/router/index.js:317:13)
    at /Users/mac/Desktop/Applications/GitLab/cms-backend/node_modules/express/lib/router/index.js:284:7
  code: 'PROTOCOL_SEQUENCE_TIMEOUT',
  fatal: true,
  timeout: 10000 } undefined
[2018-01-12 15:28:08.322] [ERROR] system - { Error: Handshake inactivity timeout
    at Handshake.<anonymous> (/Users/mac/Desktop/Applications/GitLab/cms-backend/node_modules/express-mysql-session/node_modules/mysql/lib/protocol/Protocol.js:164:17)
    at emitNone (events.js:86:13)
    at Handshake.emit (events.js:185:7)
    at Handshake._onTimeout (/Users/mac/Desktop/Applications/GitLab/cms-backend/node_modules/express-mysql-session/node_modules/mysql/lib/protocol/sequences/Sequence.js:129:8)
    at ontimeout (timers.js:365:14)
    at tryOnTimeout (timers.js:237:5)
    at Timer.listOnTimeout (timers.js:207:5)
    --------------------
    at Protocol._enqueue (/Users/mac/Desktop/Applications/GitLab/cms-backend/node_modules/express-mysql-session/node_modules/mysql/lib/protocol/Protocol.js:145:48)
    at Protocol.handshake (/Users/mac/Desktop/Applications/GitLab/cms-backend/node_modules/express-mysql-session/node_modules/mysql/lib/protocol/Protocol.js:52:23)
    at PoolConnection.connect (/Users/mac/Desktop/Applications/GitLab/cms-backend/node_modules/express-mysql-session/node_modules/mysql/lib/Connection.js:130:18)
    at Pool.getConnection (/Users/mac/Desktop/Applications/GitLab/cms-backend/node_modules/express-mysql-session/node_modules/mysql/lib/Pool.js:48:16)
    at Pool.releaseConnection (/Users/mac/Desktop/Applications/GitLab/cms-backend/node_modules/express-mysql-session/node_modules/mysql/lib/Pool.js:157:10)
    at Pool._removeConnection (/Users/mac/Desktop/Applications/GitLab/cms-backend/node_modules/express-mysql-session/node_modules/mysql/lib/Pool.js:277:8)
    at Pool._purgeConnection (/Users/mac/Desktop/Applications/GitLab/cms-backend/node_modules/express-mysql-session/node_modules/mysql/lib/Pool.js:258:8)
    at Handshake.onConnect (/Users/mac/Desktop/Applications/GitLab/cms-backend/node_modules/express-mysql-session/node_modules/mysql/lib/Pool.js:57:14)
    at Handshake.Sequence.end (/Users/mac/Desktop/Applications/GitLab/cms-backend/node_modules/express-mysql-session/node_modules/mysql/lib/protocol/sequences/Sequence.js:88:24)
    at /Users/mac/Desktop/Applications/GitLab/cms-backend/node_modules/express-mysql-session/node_modules/mysql/lib/protocol/Protocol.js:398:18
    at Array.forEach (native)
    at /Users/mac/Desktop/Applications/GitLab/cms-backend/node_modules/express-mysql-session/node_modules/mysql/lib/protocol/Protocol.js:397:13
    at _combinedTickCallback (internal/process/next_tick.js:67:7)
    at process._tickDomainCallback (internal/process/next_tick.js:122:9)
  code: 'PROTOCOL_SEQUENCE_TIMEOUT',
  fatal: true,
  timeout: 10000 } undefined
[2018-01-12 16:31:23.970] [ERROR] system - { Error: Handshake inactivity timeout
    at Handshake.<anonymous> (/Users/mac/Desktop/Applications/GitLab/cms-backend/node_modules/express-mysql-session/node_modules/mysql/lib/protocol/Protocol.js:164:17)
    at emitNone (events.js:86:13)
    at Handshake.emit (events.js:185:7)
    at Handshake._onTimeout (/Users/mac/Desktop/Applications/GitLab/cms-backend/node_modules/express-mysql-session/node_modules/mysql/lib/protocol/sequences/Sequence.js:129:8)
    at ontimeout (timers.js:365:14)
    at tryOnTimeout (timers.js:237:5)
    at Timer.listOnTimeout (timers.js:207:5)
    --------------------
    at Protocol._enqueue (/Users/mac/Desktop/Applications/GitLab/cms-backend/node_modules/express-mysql-session/node_modules/mysql/lib/protocol/Protocol.js:145:48)
    at Protocol.handshake (/Users/mac/Desktop/Applications/GitLab/cms-backend/node_modules/express-mysql-session/node_modules/mysql/lib/protocol/Protocol.js:52:23)
    at PoolConnection.connect (/Users/mac/Desktop/Applications/GitLab/cms-backend/node_modules/express-mysql-session/node_modules/mysql/lib/Connection.js:130:18)
    at Pool.getConnection (/Users/mac/Desktop/Applications/GitLab/cms-backend/node_modules/express-mysql-session/node_modules/mysql/lib/Pool.js:48:16)
    at Pool.query (/Users/mac/Desktop/Applications/GitLab/cms-backend/node_modules/express-mysql-session/node_modules/mysql/lib/Pool.js:202:8)
    at MySQLStore.get (/Users/mac/Desktop/Applications/GitLab/cms-backend/node_modules/express-mysql-session/lib/index.js:130:19)
    at session (/Users/mac/Desktop/Applications/GitLab/cms-backend/node_modules/express-session/index.js:460:11)
    at Layer.handle [as handle_request] (/Users/mac/Desktop/Applications/GitLab/cms-backend/node_modules/express/lib/router/layer.js:95:5)
    at trim_prefix (/Users/mac/Desktop/Applications/GitLab/cms-backend/node_modules/express/lib/router/index.js:317:13)
    at /Users/mac/Desktop/Applications/GitLab/cms-backend/node_modules/express/lib/router/index.js:284:7
    at Function.process_params (/Users/mac/Desktop/Applications/GitLab/cms-backend/node_modules/express/lib/router/index.js:335:12)
    at next (/Users/mac/Desktop/Applications/GitLab/cms-backend/node_modules/express/lib/router/index.js:275:10)
    at /Users/mac/Desktop/Applications/GitLab/cms-backend/src/lib/session.lib.js:12:5
    at Layer.handle [as handle_request] (/Users/mac/Desktop/Applications/GitLab/cms-backend/node_modules/express/lib/router/layer.js:95:5)
    at trim_prefix (/Users/mac/Desktop/Applications/GitLab/cms-backend/node_modules/express/lib/router/index.js:317:13)
    at /Users/mac/Desktop/Applications/GitLab/cms-backend/node_modules/express/lib/router/index.js:284:7
  code: 'PROTOCOL_SEQUENCE_TIMEOUT',
  fatal: true,
  timeout: 10000 } undefined
[2018-01-12 22:02:13.079] [ERROR] system - { Error: connect ETIMEDOUT
    at PoolConnection.Connection._handleConnectTimeout (/Users/mac/Desktop/Applications/GitLab/cms-backend/node_modules/express-mysql-session/node_modules/mysql/lib/Connection.js:419:13)
    at Socket.g (events.js:291:16)
    at emitNone (events.js:86:13)
    at Socket.emit (events.js:185:7)
    at Socket._onTimeout (net.js:339:8)
    at ontimeout (timers.js:365:14)
    at tryOnTimeout (timers.js:237:5)
    at Timer.listOnTimeout (timers.js:207:5)
    --------------------
    at Protocol._enqueue (/Users/mac/Desktop/Applications/GitLab/cms-backend/node_modules/express-mysql-session/node_modules/mysql/lib/protocol/Protocol.js:145:48)
    at Protocol.handshake (/Users/mac/Desktop/Applications/GitLab/cms-backend/node_modules/express-mysql-session/node_modules/mysql/lib/protocol/Protocol.js:52:23)
    at PoolConnection.connect (/Users/mac/Desktop/Applications/GitLab/cms-backend/node_modules/express-mysql-session/node_modules/mysql/lib/Connection.js:130:18)
    at Pool.getConnection (/Users/mac/Desktop/Applications/GitLab/cms-backend/node_modules/express-mysql-session/node_modules/mysql/lib/Pool.js:48:16)
    at Pool.query (/Users/mac/Desktop/Applications/GitLab/cms-backend/node_modules/express-mysql-session/node_modules/mysql/lib/Pool.js:202:8)
    at MySQLStore.get (/Users/mac/Desktop/Applications/GitLab/cms-backend/node_modules/express-mysql-session/lib/index.js:130:19)
    at session (/Users/mac/Desktop/Applications/GitLab/cms-backend/node_modules/express-session/index.js:460:11)
    at Layer.handle [as handle_request] (/Users/mac/Desktop/Applications/GitLab/cms-backend/node_modules/express/lib/router/layer.js:95:5)
    at trim_prefix (/Users/mac/Desktop/Applications/GitLab/cms-backend/node_modules/express/lib/router/index.js:317:13)
    at /Users/mac/Desktop/Applications/GitLab/cms-backend/node_modules/express/lib/router/index.js:284:7
    at Function.process_params (/Users/mac/Desktop/Applications/GitLab/cms-backend/node_modules/express/lib/router/index.js:335:12)
    at next (/Users/mac/Desktop/Applications/GitLab/cms-backend/node_modules/express/lib/router/index.js:275:10)
    at /Users/mac/Desktop/Applications/GitLab/cms-backend/src/lib/session.lib.js:12:5
    at Layer.handle [as handle_request] (/Users/mac/Desktop/Applications/GitLab/cms-backend/node_modules/express/lib/router/layer.js:95:5)
    at trim_prefix (/Users/mac/Desktop/Applications/GitLab/cms-backend/node_modules/express/lib/router/index.js:317:13)
    at /Users/mac/Desktop/Applications/GitLab/cms-backend/node_modules/express/lib/router/index.js:284:7
  errorno: 'ETIMEDOUT',
  code: 'ETIMEDOUT',
  syscall: 'connect',
  fatal: true } undefined
[2018-01-12 22:02:23.082] [ERROR] system - { Error: connect ETIMEDOUT
    at PoolConnection.Connection._handleConnectTimeout (/Users/mac/Desktop/Applications/GitLab/cms-backend/node_modules/express-mysql-session/node_modules/mysql/lib/Connection.js:419:13)
    at Socket.g (events.js:291:16)
    at emitNone (events.js:86:13)
    at Socket.emit (events.js:185:7)
    at Socket._onTimeout (net.js:339:8)
    at ontimeout (timers.js:365:14)
    at tryOnTimeout (timers.js:237:5)
    at Timer.listOnTimeout (timers.js:207:5)
    --------------------
    at Protocol._enqueue (/Users/mac/Desktop/Applications/GitLab/cms-backend/node_modules/express-mysql-session/node_modules/mysql/lib/protocol/Protocol.js:145:48)
    at Protocol.handshake (/Users/mac/Desktop/Applications/GitLab/cms-backend/node_modules/express-mysql-session/node_modules/mysql/lib/protocol/Protocol.js:52:23)
    at PoolConnection.connect (/Users/mac/Desktop/Applications/GitLab/cms-backend/node_modules/express-mysql-session/node_modules/mysql/lib/Connection.js:130:18)
    at Pool.getConnection (/Users/mac/Desktop/Applications/GitLab/cms-backend/node_modules/express-mysql-session/node_modules/mysql/lib/Pool.js:48:16)
    at Pool.releaseConnection (/Users/mac/Desktop/Applications/GitLab/cms-backend/node_modules/express-mysql-session/node_modules/mysql/lib/Pool.js:157:10)
    at Pool._removeConnection (/Users/mac/Desktop/Applications/GitLab/cms-backend/node_modules/express-mysql-session/node_modules/mysql/lib/Pool.js:277:8)
    at Pool._purgeConnection (/Users/mac/Desktop/Applications/GitLab/cms-backend/node_modules/express-mysql-session/node_modules/mysql/lib/Pool.js:258:8)
    at Handshake.onConnect (/Users/mac/Desktop/Applications/GitLab/cms-backend/node_modules/express-mysql-session/node_modules/mysql/lib/Pool.js:57:14)
    at Handshake.Sequence.end (/Users/mac/Desktop/Applications/GitLab/cms-backend/node_modules/express-mysql-session/node_modules/mysql/lib/protocol/sequences/Sequence.js:88:24)
    at Protocol.handleNetworkError (/Users/mac/Desktop/Applications/GitLab/cms-backend/node_modules/express-mysql-session/node_modules/mysql/lib/protocol/Protocol.js:363:14)
    at PoolConnection.Connection._handleNetworkError (/Users/mac/Desktop/Applications/GitLab/cms-backend/node_modules/express-mysql-session/node_modules/mysql/lib/Connection.js:428:18)
    at PoolConnection.Connection._handleConnectTimeout (/Users/mac/Desktop/Applications/GitLab/cms-backend/node_modules/express-mysql-session/node_modules/mysql/lib/Connection.js:424:8)
    at Socket.g (events.js:291:16)
    at emitNone (events.js:86:13)
    at Socket.emit (events.js:185:7)
    at Socket._onTimeout (net.js:339:8)
  errorno: 'ETIMEDOUT',
  code: 'ETIMEDOUT',
  syscall: 'connect',
  fatal: true } undefined
