[2017-10-31 10:11:32.792] [ERROR] system - error in domain { ReferenceError: result is not defined
    at /Users/mac/Desktop/Applications/GitLab/cms-backend/src/controllers/login.controller.js:76:12
    at /Users/mac/Desktop/Applications/GitLab/cms-backend/node_modules/async/dist/async.js:421:16
    at /Users/mac/Desktop/Applications/GitLab/cms-backend/node_modules/async/dist/async.js:1609:17
    at /Users/mac/Desktop/Applications/GitLab/cms-backend/node_modules/async/dist/async.js:906:16
    at /Users/mac/Desktop/Applications/GitLab/cms-backend/src/controllers/login.controller.js:44:18
    at /Users/mac/Desktop/Applications/GitLab/cms-backend/src/services/system/user.service.js:19:10
    at /Users/mac/Desktop/Applications/GitLab/cms-backend/src/lib/mysqldb.lib.js:160:16
    at Query.<anonymous> (/Users/mac/Desktop/Applications/GitLab/cms-backend/src/lib/mysqldb.lib.js:49:13)
    at bound (domain.js:280:14)
    at Query.runBound [as _callback] (domain.js:293:12)
    at Query.Sequence.end (/Users/mac/Desktop/Applications/GitLab/cms-backend/node_modules/mysql/lib/protocol/sequences/Sequence.js:86:24)
    at Query._handleFinalResultPacket (/Users/mac/Desktop/Applications/GitLab/cms-backend/node_modules/mysql/lib/protocol/sequences/Query.js:137:8)
    at Query.EofPacket (/Users/mac/Desktop/Applications/GitLab/cms-backend/node_modules/mysql/lib/protocol/sequences/Query.js:121:8)
    at Protocol._parsePacket (/Users/mac/Desktop/Applications/GitLab/cms-backend/node_modules/mysql/lib/protocol/Protocol.js:280:23)
    at Parser.write (/Users/mac/Desktop/Applications/GitLab/cms-backend/node_modules/mysql/lib/protocol/Parser.js:75:12)
    at Protocol.write (/Users/mac/Desktop/Applications/GitLab/cms-backend/node_modules/mysql/lib/protocol/Protocol.js:39:16)
  domain: 
   Domain {
     domain: null,
     _events: { error: [Function] },
     _eventsCount: 1,
     _maxListeners: undefined,
     members: [] },
  domainThrown: true }
[2017-10-31 10:14:30.804] [ERROR] system - error in domain { ReferenceError: result is not defined
    at /Users/mac/Desktop/Applications/GitLab/cms-backend/src/controllers/login.controller.js:76:12
    at /Users/mac/Desktop/Applications/GitLab/cms-backend/node_modules/async/dist/async.js:421:16
    at /Users/mac/Desktop/Applications/GitLab/cms-backend/node_modules/async/dist/async.js:1609:17
    at /Users/mac/Desktop/Applications/GitLab/cms-backend/node_modules/async/dist/async.js:906:16
    at /Users/mac/Desktop/Applications/GitLab/cms-backend/src/controllers/login.controller.js:44:18
    at /Users/mac/Desktop/Applications/GitLab/cms-backend/src/services/system/user.service.js:19:10
    at /Users/mac/Desktop/Applications/GitLab/cms-backend/src/lib/mysqldb.lib.js:160:16
    at Query.<anonymous> (/Users/mac/Desktop/Applications/GitLab/cms-backend/src/lib/mysqldb.lib.js:49:13)
    at bound (domain.js:280:14)
    at Query.runBound [as _callback] (domain.js:293:12)
    at Query.Sequence.end (/Users/mac/Desktop/Applications/GitLab/cms-backend/node_modules/mysql/lib/protocol/sequences/Sequence.js:86:24)
    at Query._handleFinalResultPacket (/Users/mac/Desktop/Applications/GitLab/cms-backend/node_modules/mysql/lib/protocol/sequences/Query.js:137:8)
    at Query.EofPacket (/Users/mac/Desktop/Applications/GitLab/cms-backend/node_modules/mysql/lib/protocol/sequences/Query.js:121:8)
    at Protocol._parsePacket (/Users/mac/Desktop/Applications/GitLab/cms-backend/node_modules/mysql/lib/protocol/Protocol.js:280:23)
    at Parser.write (/Users/mac/Desktop/Applications/GitLab/cms-backend/node_modules/mysql/lib/protocol/Parser.js:75:12)
    at Protocol.write (/Users/mac/Desktop/Applications/GitLab/cms-backend/node_modules/mysql/lib/protocol/Protocol.js:39:16)
  domain: 
   Domain {
     domain: null,
     _events: { error: [Function] },
     _eventsCount: 1,
     _maxListeners: undefined,
     members: [] },
  domainThrown: true }
[2017-10-31 10:14:54.066] [ERROR] system - error in domain { ReferenceError: result is not defined
    at /Users/mac/Desktop/Applications/GitLab/cms-backend/src/controllers/login.controller.js:76:12
    at /Users/mac/Desktop/Applications/GitLab/cms-backend/node_modules/async/dist/async.js:421:16
    at /Users/mac/Desktop/Applications/GitLab/cms-backend/node_modules/async/dist/async.js:1609:17
    at /Users/mac/Desktop/Applications/GitLab/cms-backend/node_modules/async/dist/async.js:906:16
    at /Users/mac/Desktop/Applications/GitLab/cms-backend/src/controllers/login.controller.js:44:18
    at /Users/mac/Desktop/Applications/GitLab/cms-backend/src/services/system/user.service.js:19:10
    at /Users/mac/Desktop/Applications/GitLab/cms-backend/src/lib/mysqldb.lib.js:160:16
    at Query.<anonymous> (/Users/mac/Desktop/Applications/GitLab/cms-backend/src/lib/mysqldb.lib.js:49:13)
    at bound (domain.js:280:14)
    at Query.runBound [as _callback] (domain.js:293:12)
    at Query.Sequence.end (/Users/mac/Desktop/Applications/GitLab/cms-backend/node_modules/mysql/lib/protocol/sequences/Sequence.js:86:24)
    at Query._handleFinalResultPacket (/Users/mac/Desktop/Applications/GitLab/cms-backend/node_modules/mysql/lib/protocol/sequences/Query.js:137:8)
    at Query.EofPacket (/Users/mac/Desktop/Applications/GitLab/cms-backend/node_modules/mysql/lib/protocol/sequences/Query.js:121:8)
    at Protocol._parsePacket (/Users/mac/Desktop/Applications/GitLab/cms-backend/node_modules/mysql/lib/protocol/Protocol.js:280:23)
    at Parser.write (/Users/mac/Desktop/Applications/GitLab/cms-backend/node_modules/mysql/lib/protocol/Parser.js:75:12)
    at Protocol.write (/Users/mac/Desktop/Applications/GitLab/cms-backend/node_modules/mysql/lib/protocol/Protocol.js:39:16)
  domain: 
   Domain {
     domain: null,
     _events: { error: [Function] },
     _eventsCount: 1,
     _maxListeners: undefined,
     members: [] },
  domainThrown: true }
[2017-10-31 10:15:13.137] [INFO] system - 正在监听 port 7071
[2017-10-31 10:15:16.391] [ERROR] system - error in domain { ReferenceError: result is not defined
    at /Users/mac/Desktop/Applications/GitLab/cms-backend/src/controllers/login.controller.js:76:12
    at /Users/mac/Desktop/Applications/GitLab/cms-backend/node_modules/async/dist/async.js:421:16
    at /Users/mac/Desktop/Applications/GitLab/cms-backend/node_modules/async/dist/async.js:1609:17
    at /Users/mac/Desktop/Applications/GitLab/cms-backend/node_modules/async/dist/async.js:906:16
    at /Users/mac/Desktop/Applications/GitLab/cms-backend/src/controllers/login.controller.js:44:18
    at /Users/mac/Desktop/Applications/GitLab/cms-backend/src/services/system/user.service.js:19:10
    at /Users/mac/Desktop/Applications/GitLab/cms-backend/src/lib/mysqldb.lib.js:160:16
    at Query.<anonymous> (/Users/mac/Desktop/Applications/GitLab/cms-backend/src/lib/mysqldb.lib.js:49:13)
    at bound (domain.js:280:14)
    at Query.runBound [as _callback] (domain.js:293:12)
    at Query.Sequence.end (/Users/mac/Desktop/Applications/GitLab/cms-backend/node_modules/mysql/lib/protocol/sequences/Sequence.js:86:24)
    at Query._handleFinalResultPacket (/Users/mac/Desktop/Applications/GitLab/cms-backend/node_modules/mysql/lib/protocol/sequences/Query.js:137:8)
    at Query.EofPacket (/Users/mac/Desktop/Applications/GitLab/cms-backend/node_modules/mysql/lib/protocol/sequences/Query.js:121:8)
    at Protocol._parsePacket (/Users/mac/Desktop/Applications/GitLab/cms-backend/node_modules/mysql/lib/protocol/Protocol.js:280:23)
    at Parser.write (/Users/mac/Desktop/Applications/GitLab/cms-backend/node_modules/mysql/lib/protocol/Parser.js:75:12)
    at Protocol.write (/Users/mac/Desktop/Applications/GitLab/cms-backend/node_modules/mysql/lib/protocol/Protocol.js:39:16)
  domain: 
   Domain {
     domain: null,
     _events: { error: [Function] },
     _eventsCount: 1,
     _maxListeners: undefined,
     members: [] },
  domainThrown: true }
[2017-10-31 10:15:39.143] [ERROR] system - error in domain { ReferenceError: result is not defined
    at /Users/mac/Desktop/Applications/GitLab/cms-backend/src/controllers/login.controller.js:76:12
    at /Users/mac/Desktop/Applications/GitLab/cms-backend/node_modules/async/dist/async.js:421:16
    at /Users/mac/Desktop/Applications/GitLab/cms-backend/node_modules/async/dist/async.js:1609:17
    at /Users/mac/Desktop/Applications/GitLab/cms-backend/node_modules/async/dist/async.js:906:16
    at /Users/mac/Desktop/Applications/GitLab/cms-backend/src/controllers/login.controller.js:44:18
    at /Users/mac/Desktop/Applications/GitLab/cms-backend/src/services/system/user.service.js:19:10
    at /Users/mac/Desktop/Applications/GitLab/cms-backend/src/lib/mysqldb.lib.js:160:16
    at Query.<anonymous> (/Users/mac/Desktop/Applications/GitLab/cms-backend/src/lib/mysqldb.lib.js:49:13)
    at bound (domain.js:280:14)
    at Query.runBound [as _callback] (domain.js:293:12)
    at Query.Sequence.end (/Users/mac/Desktop/Applications/GitLab/cms-backend/node_modules/mysql/lib/protocol/sequences/Sequence.js:86:24)
    at Query._handleFinalResultPacket (/Users/mac/Desktop/Applications/GitLab/cms-backend/node_modules/mysql/lib/protocol/sequences/Query.js:137:8)
    at Query.EofPacket (/Users/mac/Desktop/Applications/GitLab/cms-backend/node_modules/mysql/lib/protocol/sequences/Query.js:121:8)
    at Protocol._parsePacket (/Users/mac/Desktop/Applications/GitLab/cms-backend/node_modules/mysql/lib/protocol/Protocol.js:280:23)
    at Parser.write (/Users/mac/Desktop/Applications/GitLab/cms-backend/node_modules/mysql/lib/protocol/Parser.js:75:12)
    at Protocol.write (/Users/mac/Desktop/Applications/GitLab/cms-backend/node_modules/mysql/lib/protocol/Protocol.js:39:16)
  domain: 
   Domain {
     domain: null,
     _events: { error: [Function] },
     _eventsCount: 1,
     _maxListeners: undefined,
     members: [] },
  domainThrown: true }
[2017-10-31 10:16:25.428] [ERROR] system - error in domain { ReferenceError: result is not defined
    at /Users/mac/Desktop/Applications/GitLab/cms-backend/src/controllers/login.controller.js:76:12
    at /Users/mac/Desktop/Applications/GitLab/cms-backend/node_modules/async/dist/async.js:421:16
    at /Users/mac/Desktop/Applications/GitLab/cms-backend/node_modules/async/dist/async.js:1609:17
    at /Users/mac/Desktop/Applications/GitLab/cms-backend/node_modules/async/dist/async.js:906:16
    at /Users/mac/Desktop/Applications/GitLab/cms-backend/src/controllers/login.controller.js:44:18
    at /Users/mac/Desktop/Applications/GitLab/cms-backend/src/services/system/user.service.js:19:10
    at /Users/mac/Desktop/Applications/GitLab/cms-backend/src/lib/mysqldb.lib.js:160:16
    at Query.<anonymous> (/Users/mac/Desktop/Applications/GitLab/cms-backend/src/lib/mysqldb.lib.js:49:13)
    at bound (domain.js:280:14)
    at Query.runBound [as _callback] (domain.js:293:12)
    at Query.Sequence.end (/Users/mac/Desktop/Applications/GitLab/cms-backend/node_modules/mysql/lib/protocol/sequences/Sequence.js:86:24)
    at Query._handleFinalResultPacket (/Users/mac/Desktop/Applications/GitLab/cms-backend/node_modules/mysql/lib/protocol/sequences/Query.js:137:8)
    at Query.EofPacket (/Users/mac/Desktop/Applications/GitLab/cms-backend/node_modules/mysql/lib/protocol/sequences/Query.js:121:8)
    at Protocol._parsePacket (/Users/mac/Desktop/Applications/GitLab/cms-backend/node_modules/mysql/lib/protocol/Protocol.js:280:23)
    at Parser.write (/Users/mac/Desktop/Applications/GitLab/cms-backend/node_modules/mysql/lib/protocol/Parser.js:75:12)
    at Protocol.write (/Users/mac/Desktop/Applications/GitLab/cms-backend/node_modules/mysql/lib/protocol/Protocol.js:39:16)
  domain: 
   Domain {
     domain: null,
     _events: { error: [Function] },
     _eventsCount: 1,
     _maxListeners: undefined,
     members: [] },
  domainThrown: true }
[2017-10-31 10:17:07.138] [ERROR] system - error in domain { ReferenceError: result is not defined
    at /Users/mac/Desktop/Applications/GitLab/cms-backend/src/controllers/login.controller.js:76:12
    at /Users/mac/Desktop/Applications/GitLab/cms-backend/node_modules/async/dist/async.js:421:16
    at /Users/mac/Desktop/Applications/GitLab/cms-backend/node_modules/async/dist/async.js:1609:17
    at /Users/mac/Desktop/Applications/GitLab/cms-backend/node_modules/async/dist/async.js:906:16
    at /Users/mac/Desktop/Applications/GitLab/cms-backend/src/controllers/login.controller.js:44:18
    at /Users/mac/Desktop/Applications/GitLab/cms-backend/src/services/system/user.service.js:19:10
    at /Users/mac/Desktop/Applications/GitLab/cms-backend/src/lib/mysqldb.lib.js:160:16
    at Query.<anonymous> (/Users/mac/Desktop/Applications/GitLab/cms-backend/src/lib/mysqldb.lib.js:49:13)
    at bound (domain.js:280:14)
    at Query.runBound [as _callback] (domain.js:293:12)
    at Query.Sequence.end (/Users/mac/Desktop/Applications/GitLab/cms-backend/node_modules/mysql/lib/protocol/sequences/Sequence.js:86:24)
    at Query._handleFinalResultPacket (/Users/mac/Desktop/Applications/GitLab/cms-backend/node_modules/mysql/lib/protocol/sequences/Query.js:137:8)
    at Query.EofPacket (/Users/mac/Desktop/Applications/GitLab/cms-backend/node_modules/mysql/lib/protocol/sequences/Query.js:121:8)
    at Protocol._parsePacket (/Users/mac/Desktop/Applications/GitLab/cms-backend/node_modules/mysql/lib/protocol/Protocol.js:280:23)
    at Parser.write (/Users/mac/Desktop/Applications/GitLab/cms-backend/node_modules/mysql/lib/protocol/Parser.js:75:12)
    at Protocol.write (/Users/mac/Desktop/Applications/GitLab/cms-backend/node_modules/mysql/lib/protocol/Protocol.js:39:16)
  domain: 
   Domain {
     domain: null,
     _events: { error: [Function] },
     _eventsCount: 1,
     _maxListeners: undefined,
     members: [] },
  domainThrown: true }
[2017-10-31 10:18:51.999] [INFO] system - 正在监听 port 7071
[2017-10-31 10:18:53.291] [ERROR] system - error in domain { ReferenceError: result is not defined
    at /Users/mac/Desktop/Applications/GitLab/cms-backend/src/controllers/login.controller.js:77:12
    at /Users/mac/Desktop/Applications/GitLab/cms-backend/node_modules/async/dist/async.js:421:16
    at /Users/mac/Desktop/Applications/GitLab/cms-backend/node_modules/async/dist/async.js:1609:17
    at /Users/mac/Desktop/Applications/GitLab/cms-backend/node_modules/async/dist/async.js:906:16
    at /Users/mac/Desktop/Applications/GitLab/cms-backend/src/controllers/login.controller.js:45:18
    at /Users/mac/Desktop/Applications/GitLab/cms-backend/src/services/system/user.service.js:19:10
    at /Users/mac/Desktop/Applications/GitLab/cms-backend/src/lib/mysqldb.lib.js:160:16
    at Query.<anonymous> (/Users/mac/Desktop/Applications/GitLab/cms-backend/src/lib/mysqldb.lib.js:49:13)
    at bound (domain.js:280:14)
    at Query.runBound [as _callback] (domain.js:293:12)
    at Query.Sequence.end (/Users/mac/Desktop/Applications/GitLab/cms-backend/node_modules/mysql/lib/protocol/sequences/Sequence.js:86:24)
    at Query._handleFinalResultPacket (/Users/mac/Desktop/Applications/GitLab/cms-backend/node_modules/mysql/lib/protocol/sequences/Query.js:137:8)
    at Query.EofPacket (/Users/mac/Desktop/Applications/GitLab/cms-backend/node_modules/mysql/lib/protocol/sequences/Query.js:121:8)
    at Protocol._parsePacket (/Users/mac/Desktop/Applications/GitLab/cms-backend/node_modules/mysql/lib/protocol/Protocol.js:280:23)
    at Parser.write (/Users/mac/Desktop/Applications/GitLab/cms-backend/node_modules/mysql/lib/protocol/Parser.js:75:12)
    at Protocol.write (/Users/mac/Desktop/Applications/GitLab/cms-backend/node_modules/mysql/lib/protocol/Protocol.js:39:16)
  domain: 
   Domain {
     domain: null,
     _events: { error: [Function] },
     _eventsCount: 1,
     _maxListeners: undefined,
     members: [] },
  domainThrown: true }
[2017-10-31 10:19:00.871] [INFO] system - 正在监听 port 7071
[2017-10-31 10:19:02.819] [ERROR] system - error in domain { ReferenceError: result is not defined
    at /Users/mac/Desktop/Applications/GitLab/cms-backend/src/controllers/login.controller.js:77:12
    at /Users/mac/Desktop/Applications/GitLab/cms-backend/node_modules/async/dist/async.js:421:16
    at /Users/mac/Desktop/Applications/GitLab/cms-backend/node_modules/async/dist/async.js:1609:17
    at /Users/mac/Desktop/Applications/GitLab/cms-backend/node_modules/async/dist/async.js:906:16
    at /Users/mac/Desktop/Applications/GitLab/cms-backend/src/controllers/login.controller.js:45:18
    at /Users/mac/Desktop/Applications/GitLab/cms-backend/src/services/system/user.service.js:19:10
    at /Users/mac/Desktop/Applications/GitLab/cms-backend/src/lib/mysqldb.lib.js:160:16
    at Query.<anonymous> (/Users/mac/Desktop/Applications/GitLab/cms-backend/src/lib/mysqldb.lib.js:49:13)
    at bound (domain.js:280:14)
    at Query.runBound [as _callback] (domain.js:293:12)
    at Query.Sequence.end (/Users/mac/Desktop/Applications/GitLab/cms-backend/node_modules/mysql/lib/protocol/sequences/Sequence.js:86:24)
    at Query._handleFinalResultPacket (/Users/mac/Desktop/Applications/GitLab/cms-backend/node_modules/mysql/lib/protocol/sequences/Query.js:137:8)
    at Query.EofPacket (/Users/mac/Desktop/Applications/GitLab/cms-backend/node_modules/mysql/lib/protocol/sequences/Query.js:121:8)
    at Protocol._parsePacket (/Users/mac/Desktop/Applications/GitLab/cms-backend/node_modules/mysql/lib/protocol/Protocol.js:280:23)
    at Parser.write (/Users/mac/Desktop/Applications/GitLab/cms-backend/node_modules/mysql/lib/protocol/Parser.js:75:12)
    at Protocol.write (/Users/mac/Desktop/Applications/GitLab/cms-backend/node_modules/mysql/lib/protocol/Protocol.js:39:16)
  domain: 
   Domain {
     domain: null,
     _events: { error: [Function] },
     _eventsCount: 1,
     _maxListeners: undefined,
     members: [] },
  domainThrown: true }
[2017-10-31 10:19:33.817] [INFO] system - 正在监听 port 7071
[2017-10-31 10:19:45.865] [INFO] system - 正在监听 port 7071
[2017-10-31 10:19:46.907] [INFO] system - 正在监听 port 7071
[2017-10-31 10:19:48.428] [ERROR] system - error in domain { ReferenceError: result is not defined
    at /Users/mac/Desktop/Applications/GitLab/cms-backend/src/controllers/login.controller.js:79:12
    at /Users/mac/Desktop/Applications/GitLab/cms-backend/node_modules/async/dist/async.js:421:16
    at /Users/mac/Desktop/Applications/GitLab/cms-backend/node_modules/async/dist/async.js:1609:17
    at /Users/mac/Desktop/Applications/GitLab/cms-backend/node_modules/async/dist/async.js:906:16
    at /Users/mac/Desktop/Applications/GitLab/cms-backend/src/controllers/login.controller.js:45:18
    at /Users/mac/Desktop/Applications/GitLab/cms-backend/src/services/system/user.service.js:19:10
    at /Users/mac/Desktop/Applications/GitLab/cms-backend/src/lib/mysqldb.lib.js:160:16
    at Query.<anonymous> (/Users/mac/Desktop/Applications/GitLab/cms-backend/src/lib/mysqldb.lib.js:49:13)
    at bound (domain.js:280:14)
    at Query.runBound [as _callback] (domain.js:293:12)
    at Query.Sequence.end (/Users/mac/Desktop/Applications/GitLab/cms-backend/node_modules/mysql/lib/protocol/sequences/Sequence.js:86:24)
    at Query._handleFinalResultPacket (/Users/mac/Desktop/Applications/GitLab/cms-backend/node_modules/mysql/lib/protocol/sequences/Query.js:137:8)
    at Query.EofPacket (/Users/mac/Desktop/Applications/GitLab/cms-backend/node_modules/mysql/lib/protocol/sequences/Query.js:121:8)
    at Protocol._parsePacket (/Users/mac/Desktop/Applications/GitLab/cms-backend/node_modules/mysql/lib/protocol/Protocol.js:280:23)
    at Parser.write (/Users/mac/Desktop/Applications/GitLab/cms-backend/node_modules/mysql/lib/protocol/Parser.js:75:12)
    at Protocol.write (/Users/mac/Desktop/Applications/GitLab/cms-backend/node_modules/mysql/lib/protocol/Protocol.js:39:16)
  domain: 
   Domain {
     domain: null,
     _events: { error: [Function] },
     _eventsCount: 1,
     _maxListeners: undefined,
     members: [] },
  domainThrown: true }
[2017-10-31 10:20:07.916] [INFO] system - 正在监听 port 7071
[2017-10-31 10:20:09.944] [INFO] system - 正在监听 port 7071
[2017-10-31 10:20:14.995] [INFO] system - 正在监听 port 7071
[2017-10-31 10:20:17.587] [ERROR] system - error in domain { ReferenceError: result is not defined
    at /Users/mac/Desktop/Applications/GitLab/cms-backend/src/controllers/login.controller.js:77:12
    at /Users/mac/Desktop/Applications/GitLab/cms-backend/node_modules/async/dist/async.js:421:16
    at /Users/mac/Desktop/Applications/GitLab/cms-backend/node_modules/async/dist/async.js:1609:17
    at /Users/mac/Desktop/Applications/GitLab/cms-backend/node_modules/async/dist/async.js:906:16
    at /Users/mac/Desktop/Applications/GitLab/cms-backend/src/controllers/login.controller.js:45:18
    at /Users/mac/Desktop/Applications/GitLab/cms-backend/src/services/system/user.service.js:19:10
    at /Users/mac/Desktop/Applications/GitLab/cms-backend/src/lib/mysqldb.lib.js:160:16
    at Query.<anonymous> (/Users/mac/Desktop/Applications/GitLab/cms-backend/src/lib/mysqldb.lib.js:49:13)
    at bound (domain.js:280:14)
    at Query.runBound [as _callback] (domain.js:293:12)
    at Query.Sequence.end (/Users/mac/Desktop/Applications/GitLab/cms-backend/node_modules/mysql/lib/protocol/sequences/Sequence.js:86:24)
    at Query._handleFinalResultPacket (/Users/mac/Desktop/Applications/GitLab/cms-backend/node_modules/mysql/lib/protocol/sequences/Query.js:137:8)
    at Query.EofPacket (/Users/mac/Desktop/Applications/GitLab/cms-backend/node_modules/mysql/lib/protocol/sequences/Query.js:121:8)
    at Protocol._parsePacket (/Users/mac/Desktop/Applications/GitLab/cms-backend/node_modules/mysql/lib/protocol/Protocol.js:280:23)
    at Parser.write (/Users/mac/Desktop/Applications/GitLab/cms-backend/node_modules/mysql/lib/protocol/Parser.js:75:12)
    at Protocol.write (/Users/mac/Desktop/Applications/GitLab/cms-backend/node_modules/mysql/lib/protocol/Protocol.js:39:16)
  domain: 
   Domain {
     domain: null,
     _events: { error: [Function] },
     _eventsCount: 1,
     _maxListeners: undefined,
     members: [] },
  domainThrown: true }
[2017-10-31 10:20:25.013] [INFO] system - 正在监听 port 7071
[2017-10-31 10:20:26.444] [ERROR] system - error in domain { ReferenceError: result is not defined
    at /Users/mac/Desktop/Applications/GitLab/cms-backend/src/controllers/login.controller.js:77:12
    at /Users/mac/Desktop/Applications/GitLab/cms-backend/node_modules/async/dist/async.js:421:16
    at /Users/mac/Desktop/Applications/GitLab/cms-backend/node_modules/async/dist/async.js:1609:17
    at /Users/mac/Desktop/Applications/GitLab/cms-backend/node_modules/async/dist/async.js:906:16
    at /Users/mac/Desktop/Applications/GitLab/cms-backend/src/controllers/login.controller.js:44:18
    at /Users/mac/Desktop/Applications/GitLab/cms-backend/src/services/system/user.service.js:19:10
    at /Users/mac/Desktop/Applications/GitLab/cms-backend/src/lib/mysqldb.lib.js:160:16
    at Query.<anonymous> (/Users/mac/Desktop/Applications/GitLab/cms-backend/src/lib/mysqldb.lib.js:49:13)
    at bound (domain.js:280:14)
    at Query.runBound [as _callback] (domain.js:293:12)
    at Query.Sequence.end (/Users/mac/Desktop/Applications/GitLab/cms-backend/node_modules/mysql/lib/protocol/sequences/Sequence.js:86:24)
    at Query._handleFinalResultPacket (/Users/mac/Desktop/Applications/GitLab/cms-backend/node_modules/mysql/lib/protocol/sequences/Query.js:137:8)
    at Query.EofPacket (/Users/mac/Desktop/Applications/GitLab/cms-backend/node_modules/mysql/lib/protocol/sequences/Query.js:121:8)
    at Protocol._parsePacket (/Users/mac/Desktop/Applications/GitLab/cms-backend/node_modules/mysql/lib/protocol/Protocol.js:280:23)
    at Parser.write (/Users/mac/Desktop/Applications/GitLab/cms-backend/node_modules/mysql/lib/protocol/Parser.js:75:12)
    at Protocol.write (/Users/mac/Desktop/Applications/GitLab/cms-backend/node_modules/mysql/lib/protocol/Protocol.js:39:16)
  domain: 
   Domain {
     domain: null,
     _events: { error: [Function] },
     _eventsCount: 1,
     _maxListeners: undefined,
     members: [] },
  domainThrown: true }
[2017-10-31 13:29:09.571] [INFO] system - 正在监听 port 7071
