[2018-01-09 09:51:10.715] [INFO] system - 正在监听 port 7071
[2018-01-09 10:12:38.366] [INFO] system - 正在监听 port 7071
[2018-01-09 10:34:53.536] [INFO] system - 正在监听 port 7071
[2018-01-09 10:35:00.256] [INFO] system - 正在监听 port 7071
[2018-01-09 10:37:39.791] [INFO] system - 正在监听 port 7071
[2018-01-09 10:37:44.757] [INFO] system - 正在监听 port 7071
[2018-01-09 10:37:50.782] [INFO] system - 正在监听 port 7071
[2018-01-09 10:38:45.929] [INFO] system - 正在监听 port 7071
[2018-01-09 10:41:31.661] [INFO] system - 正在监听 port 7071
[2018-01-09 10:41:45.667] [INFO] system - 正在监听 port 7071
[2018-01-09 11:07:47.884] [INFO] system - 正在监听 port 7071
[2018-01-09 16:09:06.574] [INFO] system - 正在监听 port 7071
[2018-01-09 16:37:17.616] [ERROR] system - error in domain { TypeError: First argument must be a string or Buffer
    at ServerResponse.OutgoingMessage.write (_http_outgoing.js:456:11)
    at ServerResponse.write (/Users/mac/Desktop/Applications/GitLab/cms-backend/node_modules/compression/index.js:89:18)
    at writetop (/Users/mac/Desktop/Applications/GitLab/cms-backend/node_modules/express-session/index.js:296:22)
    at ServerResponse.end (/Users/mac/Desktop/Applications/GitLab/cms-backend/node_modules/express-session/index.js:351:16)
    at /Users/mac/Desktop/Applications/GitLab/cms-backend/src/controllers/act/tpl.controller.js:36:36
    at /Users/mac/Desktop/Applications/GitLab/cms-backend/src/services/act/tpl.service.js:16:46
    at /Users/mac/Desktop/Applications/GitLab/cms-backend/src/lib/mysqldb.lib.js:160:16
    at Query.<anonymous> (/Users/mac/Desktop/Applications/GitLab/cms-backend/src/lib/mysqldb.lib.js:49:13)
    at bound (domain.js:280:14)
    at Query.runBound [as _callback] (domain.js:293:12)
    at Query.Sequence.end (/Users/mac/Desktop/Applications/GitLab/cms-backend/node_modules/mysql/lib/protocol/sequences/Sequence.js:86:24)
    at Query._handleFinalResultPacket (/Users/mac/Desktop/Applications/GitLab/cms-backend/node_modules/mysql/lib/protocol/sequences/Query.js:137:8)
    at Query.EofPacket (/Users/mac/Desktop/Applications/GitLab/cms-backend/node_modules/mysql/lib/protocol/sequences/Query.js:121:8)
    at Protocol._parsePacket (/Users/mac/Desktop/Applications/GitLab/cms-backend/node_modules/mysql/lib/protocol/Protocol.js:280:23)
    at Parser.write (/Users/mac/Desktop/Applications/GitLab/cms-backend/node_modules/mysql/lib/protocol/Parser.js:75:12)
    at Protocol.write (/Users/mac/Desktop/Applications/GitLab/cms-backend/node_modules/mysql/lib/protocol/Protocol.js:39:16)
    at Socket.<anonymous> (/Users/mac/Desktop/Applications/GitLab/cms-backend/node_modules/mysql/lib/Connection.js:103:28)
  domain: 
   Domain {
     domain: null,
     _events: { error: [Function] },
     _eventsCount: 1,
     _maxListeners: undefined,
     members: [] },
  domainThrown: true }
[2018-01-09 16:37:17.643] [ERROR] system - error in exception handler Error: Can't set headers after they are sent.
    at ServerResponse.OutgoingMessage.setHeader (_http_outgoing.js:356:11)
    at ServerResponse.header (/Users/mac/Desktop/Applications/GitLab/cms-backend/node_modules/express/lib/response.js:730:10)
    at ServerResponse.json (/Users/mac/Desktop/Applications/GitLab/cms-backend/node_modules/express/lib/response.js:253:10)
    at Domain.<anonymous> (/Users/mac/Desktop/Applications/GitLab/cms-backend/src/handlers/exception.handler.js:26:27)
    at emitOne (events.js:96:13)
    at Domain.emit (events.js:188:7)
    at Domain.errorHandler [as _errorHandler] (domain.js:97:23)
    at process._fatalException (bootstrap_node.js:293:33)
[2018-01-09 16:37:17.649] [ERROR] system - error in domain { TypeError: First argument must be a string or Buffer
    at ServerResponse.OutgoingMessage.end (_http_outgoing.js:555:11)
    at ServerResponse.end (/Users/mac/Desktop/Applications/GitLab/cms-backend/node_modules/compression/index.js:107:21)
    at writeend (/Users/mac/Desktop/Applications/GitLab/cms-backend/node_modules/express-session/index.js:261:22)
    at ontouch (/Users/mac/Desktop/Applications/GitLab/cms-backend/node_modules/express-session/index.js:348:11)
    at Query.<anonymous> (/Users/mac/Desktop/Applications/GitLab/cms-backend/node_modules/express-mysql-session/lib/index.js:247:17)
    at bound (domain.js:280:14)
    at Query.runBound [as _callback] (domain.js:293:12)
    at Query.Sequence.end (/Users/mac/Desktop/Applications/GitLab/cms-backend/node_modules/express-mysql-session/node_modules/mysql/lib/protocol/sequences/Sequence.js:88:24)
    at Query._handleFinalResultPacket (/Users/mac/Desktop/Applications/GitLab/cms-backend/node_modules/express-mysql-session/node_modules/mysql/lib/protocol/sequences/Query.js:139:8)
    at Query.OkPacket (/Users/mac/Desktop/Applications/GitLab/cms-backend/node_modules/express-mysql-session/node_modules/mysql/lib/protocol/sequences/Query.js:72:10)
    at Protocol._parsePacket (/Users/mac/Desktop/Applications/GitLab/cms-backend/node_modules/express-mysql-session/node_modules/mysql/lib/protocol/Protocol.js:279:23)
    at Parser.write (/Users/mac/Desktop/Applications/GitLab/cms-backend/node_modules/express-mysql-session/node_modules/mysql/lib/protocol/Parser.js:76:12)
    at Protocol.write (/Users/mac/Desktop/Applications/GitLab/cms-backend/node_modules/express-mysql-session/node_modules/mysql/lib/protocol/Protocol.js:39:16)
    at Socket.<anonymous> (/Users/mac/Desktop/Applications/GitLab/cms-backend/node_modules/express-mysql-session/node_modules/mysql/lib/Connection.js:103:28)
    at emitOne (events.js:96:13)
    at Socket.emit (events.js:188:7)
  domain: 
   Domain {
     domain: null,
     _events: { error: [Function] },
     _eventsCount: 1,
     _maxListeners: undefined,
     members: [] },
  domainThrown: true }
[2018-01-09 16:37:17.746] [ERROR] system - error in exception handler Error: Can't set headers after they are sent.
    at ServerResponse.OutgoingMessage.setHeader (_http_outgoing.js:356:11)
    at ServerResponse.header (/Users/mac/Desktop/Applications/GitLab/cms-backend/node_modules/express/lib/response.js:730:10)
    at ServerResponse.json (/Users/mac/Desktop/Applications/GitLab/cms-backend/node_modules/express/lib/response.js:253:10)
    at Domain.<anonymous> (/Users/mac/Desktop/Applications/GitLab/cms-backend/src/handlers/exception.handler.js:26:27)
    at emitOne (events.js:96:13)
    at Domain.emit (events.js:188:7)
    at Domain.errorHandler [as _errorHandler] (domain.js:97:23)
    at process._fatalException (bootstrap_node.js:293:33)
[2018-01-09 19:00:36.405] [INFO] system - 正在监听 port 7071
