[2018-04-25 11:38:16.826] [INFO] system - 正在监听 port 7071
[2018-04-25 11:38:16.831] [INFO] system - 程序出现未捕获异常
[2018-04-25 11:38:16.832] [INFO] system - --------------------------------  uncaught Exception Start: --------------------------------
[2018-04-25 11:38:16.832] [FATAL] system - { Error: EEXIST: file already exists, symlink '/www/nodecms/static-temp' -> '/Users/mac/Desktop/Applications/GitLab/cms-backend/temp'
    at Error (native)
    at Object.fs.symlinkSync (fs.js:1054:18)
    at fs.access (/Users/mac/Desktop/Applications/GitLab/cms-backend/src/handlers/system.handler.js:48:8)
    at FSReqWrap.oncomplete (fs.js:123:15)
  errno: -17,
  code: 'EEXIST',
  syscall: 'symlink',
  path: '/www/nodecms/static-temp',
  dest: '/Users/mac/Desktop/Applications/GitLab/cms-backend/temp' }
[2018-04-25 11:38:16.841] [INFO] system - --------------------------------  uncaught Exception End: --------------------------------
[2018-04-25 11:38:16.841] [INFO] system - 关闭连接
[2018-04-25 11:38:16.842] [INFO] system - 程序出现未捕获异常
[2018-04-25 11:38:16.843] [INFO] system - --------------------------------  uncaught Exception Start: --------------------------------
[2018-04-25 11:38:16.843] [FATAL] system - { Error: EEXIST: file already exists, symlink '/www/nodecms/static-act-comps' -> '/Users/mac/Desktop/Applications/GitLab/cms-backend/src/themes/activity/components'
    at Error (native)
    at Object.fs.symlinkSync (fs.js:1054:18)
    at fs.access (/Users/mac/Desktop/Applications/GitLab/cms-backend/src/handlers/system.handler.js:27:8)
    at FSReqWrap.oncomplete (fs.js:123:15)
  errno: -17,
  code: 'EEXIST',
  syscall: 'symlink',
  path: '/www/nodecms/static-act-comps',
  dest: '/Users/mac/Desktop/Applications/GitLab/cms-backend/src/themes/activity/components' }
[2018-04-25 11:38:16.844] [INFO] system - --------------------------------  uncaught Exception End: --------------------------------
[2018-04-25 11:38:16.844] [INFO] system - 关闭连接
[2018-04-25 11:38:16.846] [INFO] system - 正在监听 port 7071
[2018-04-25 11:38:16.846] [INFO] system - 正在监听 port 7071
[2018-04-25 11:39:24.918] [INFO] system - 正在监听 port 7071
[2018-04-25 11:39:24.923] [INFO] system - 程序出现未捕获异常
[2018-04-25 11:39:24.923] [INFO] system - --------------------------------  uncaught Exception Start: --------------------------------
[2018-04-25 11:39:24.923] [FATAL] system - { Error: EEXIST: file already exists, symlink '/www/nodecms/static-temp' -> '/Users/mac/Desktop/Applications/GitLab/cms-backend/temp'
    at Error (native)
    at Object.fs.symlinkSync (fs.js:1054:18)
    at fs.access (/Users/mac/Desktop/Applications/GitLab/cms-backend/src/handlers/system.handler.js:48:8)
    at FSReqWrap.oncomplete (fs.js:123:15)
  errno: -17,
  code: 'EEXIST',
  syscall: 'symlink',
  path: '/www/nodecms/static-temp',
  dest: '/Users/mac/Desktop/Applications/GitLab/cms-backend/temp' }
[2018-04-25 11:39:24.931] [INFO] system - --------------------------------  uncaught Exception End: --------------------------------
[2018-04-25 11:39:24.931] [INFO] system - 关闭连接
[2018-04-25 11:39:24.932] [INFO] system - 程序出现未捕获异常
[2018-04-25 11:39:24.932] [INFO] system - --------------------------------  uncaught Exception Start: --------------------------------
[2018-04-25 11:39:24.932] [FATAL] system - { Error: EEXIST: file already exists, symlink '/www/nodecms/static-act-comps' -> '/Users/mac/Desktop/Applications/GitLab/cms-backend/src/themes/activity/components'
    at Error (native)
    at Object.fs.symlinkSync (fs.js:1054:18)
    at fs.access (/Users/mac/Desktop/Applications/GitLab/cms-backend/src/handlers/system.handler.js:27:8)
    at FSReqWrap.oncomplete (fs.js:123:15)
  errno: -17,
  code: 'EEXIST',
  syscall: 'symlink',
  path: '/www/nodecms/static-act-comps',
  dest: '/Users/mac/Desktop/Applications/GitLab/cms-backend/src/themes/activity/components' }
[2018-04-25 11:39:24.938] [INFO] system - --------------------------------  uncaught Exception End: --------------------------------
[2018-04-25 11:39:24.938] [INFO] system - 关闭连接
[2018-04-25 11:39:24.940] [INFO] system - 正在监听 port 7071
[2018-04-25 11:39:24.940] [INFO] system - 正在监听 port 7071
[2018-04-25 11:39:25.936] [INFO] system - 正在监听 port 7071
[2018-04-25 11:39:25.941] [INFO] system - 程序出现未捕获异常
[2018-04-25 11:39:25.942] [INFO] system - --------------------------------  uncaught Exception Start: --------------------------------
[2018-04-25 11:39:25.942] [FATAL] system - { Error: EEXIST: file already exists, symlink '/www/nodecms/static-temp' -> '/Users/mac/Desktop/Applications/GitLab/cms-backend/temp'
    at Error (native)
    at Object.fs.symlinkSync (fs.js:1054:18)
    at fs.access (/Users/mac/Desktop/Applications/GitLab/cms-backend/src/handlers/system.handler.js:48:8)
    at FSReqWrap.oncomplete (fs.js:123:15)
  errno: -17,
  code: 'EEXIST',
  syscall: 'symlink',
  path: '/www/nodecms/static-temp',
  dest: '/Users/mac/Desktop/Applications/GitLab/cms-backend/temp' }
[2018-04-25 11:39:25.949] [INFO] system - --------------------------------  uncaught Exception End: --------------------------------
[2018-04-25 11:39:25.949] [INFO] system - 关闭连接
[2018-04-25 11:39:25.950] [INFO] system - 程序出现未捕获异常
[2018-04-25 11:39:25.950] [INFO] system - --------------------------------  uncaught Exception Start: --------------------------------
[2018-04-25 11:39:25.950] [FATAL] system - { Error: EEXIST: file already exists, symlink '/www/nodecms/static-act-comps' -> '/Users/mac/Desktop/Applications/GitLab/cms-backend/src/themes/activity/components'
    at Error (native)
    at Object.fs.symlinkSync (fs.js:1054:18)
    at fs.access (/Users/mac/Desktop/Applications/GitLab/cms-backend/src/handlers/system.handler.js:27:8)
    at FSReqWrap.oncomplete (fs.js:123:15)
  errno: -17,
  code: 'EEXIST',
  syscall: 'symlink',
  path: '/www/nodecms/static-act-comps',
  dest: '/Users/mac/Desktop/Applications/GitLab/cms-backend/src/themes/activity/components' }
[2018-04-25 11:39:25.951] [INFO] system - --------------------------------  uncaught Exception End: --------------------------------
[2018-04-25 11:39:25.951] [INFO] system - 关闭连接
[2018-04-25 11:39:25.953] [INFO] system - 正在监听 port 7071
[2018-04-25 11:39:25.953] [INFO] system - 正在监听 port 7071
[2018-04-25 11:39:26.935] [INFO] system - 正在监听 port 7071
[2018-04-25 11:39:26.940] [INFO] system - 程序出现未捕获异常
[2018-04-25 11:39:26.941] [INFO] system - --------------------------------  uncaught Exception Start: --------------------------------
[2018-04-25 11:39:26.941] [FATAL] system - { Error: EEXIST: file already exists, symlink '/www/nodecms/static-temp' -> '/Users/mac/Desktop/Applications/GitLab/cms-backend/temp'
    at Error (native)
    at Object.fs.symlinkSync (fs.js:1054:18)
    at fs.access (/Users/mac/Desktop/Applications/GitLab/cms-backend/src/handlers/system.handler.js:48:8)
    at FSReqWrap.oncomplete (fs.js:123:15)
  errno: -17,
  code: 'EEXIST',
  syscall: 'symlink',
  path: '/www/nodecms/static-temp',
  dest: '/Users/mac/Desktop/Applications/GitLab/cms-backend/temp' }
[2018-04-25 11:39:26.948] [INFO] system - --------------------------------  uncaught Exception End: --------------------------------
[2018-04-25 11:39:26.948] [INFO] system - 关闭连接
[2018-04-25 11:39:26.949] [INFO] system - 程序出现未捕获异常
[2018-04-25 11:39:26.950] [INFO] system - --------------------------------  uncaught Exception Start: --------------------------------
[2018-04-25 11:39:26.950] [FATAL] system - { Error: EEXIST: file already exists, symlink '/www/nodecms/static-act-comps' -> '/Users/mac/Desktop/Applications/GitLab/cms-backend/src/themes/activity/components'
    at Error (native)
    at Object.fs.symlinkSync (fs.js:1054:18)
    at fs.access (/Users/mac/Desktop/Applications/GitLab/cms-backend/src/handlers/system.handler.js:27:8)
    at FSReqWrap.oncomplete (fs.js:123:15)
  errno: -17,
  code: 'EEXIST',
  syscall: 'symlink',
  path: '/www/nodecms/static-act-comps',
  dest: '/Users/mac/Desktop/Applications/GitLab/cms-backend/src/themes/activity/components' }
[2018-04-25 11:39:26.950] [INFO] system - --------------------------------  uncaught Exception End: --------------------------------
[2018-04-25 11:39:26.951] [INFO] system - 关闭连接
[2018-04-25 11:39:26.952] [INFO] system - 正在监听 port 7071
[2018-04-25 11:39:26.952] [INFO] system - 正在监听 port 7071
[2018-04-25 11:39:36.910] [INFO] system - 正在监听 port 7071
[2018-04-25 11:39:36.915] [INFO] system - 程序出现未捕获异常
[2018-04-25 11:39:36.916] [INFO] system - --------------------------------  uncaught Exception Start: --------------------------------
[2018-04-25 11:39:36.916] [FATAL] system - { Error: EEXIST: file already exists, symlink '/www/nodecms/static-temp' -> '/Users/mac/Desktop/Applications/GitLab/cms-backend/temp'
    at Error (native)
    at Object.fs.symlinkSync (fs.js:1054:18)
    at fs.access (/Users/mac/Desktop/Applications/GitLab/cms-backend/src/handlers/system.handler.js:48:8)
    at FSReqWrap.oncomplete (fs.js:123:15)
  errno: -17,
  code: 'EEXIST',
  syscall: 'symlink',
  path: '/www/nodecms/static-temp',
  dest: '/Users/mac/Desktop/Applications/GitLab/cms-backend/temp' }
[2018-04-25 11:39:36.923] [INFO] system - --------------------------------  uncaught Exception End: --------------------------------
[2018-04-25 11:39:36.923] [INFO] system - 关闭连接
[2018-04-25 11:39:36.924] [INFO] system - 程序出现未捕获异常
[2018-04-25 11:39:36.924] [INFO] system - --------------------------------  uncaught Exception Start: --------------------------------
[2018-04-25 11:39:36.924] [FATAL] system - { Error: EEXIST: file already exists, symlink '/www/nodecms/static-act-comps' -> '/Users/mac/Desktop/Applications/GitLab/cms-backend/src/themes/activity/components'
    at Error (native)
    at Object.fs.symlinkSync (fs.js:1054:18)
    at fs.access (/Users/mac/Desktop/Applications/GitLab/cms-backend/src/handlers/system.handler.js:27:8)
    at FSReqWrap.oncomplete (fs.js:123:15)
  errno: -17,
  code: 'EEXIST',
  syscall: 'symlink',
  path: '/www/nodecms/static-act-comps',
  dest: '/Users/mac/Desktop/Applications/GitLab/cms-backend/src/themes/activity/components' }
[2018-04-25 11:39:36.925] [INFO] system - --------------------------------  uncaught Exception End: --------------------------------
[2018-04-25 11:39:36.925] [INFO] system - 关闭连接
[2018-04-25 11:39:36.926] [INFO] system - 正在监听 port 7071
[2018-04-25 11:39:36.926] [INFO] system - 正在监听 port 7071
[2018-04-25 11:39:37.924] [INFO] system - 正在监听 port 7071
[2018-04-25 11:39:37.929] [INFO] system - 程序出现未捕获异常
[2018-04-25 11:39:37.930] [INFO] system - --------------------------------  uncaught Exception Start: --------------------------------
[2018-04-25 11:39:37.930] [FATAL] system - { Error: EEXIST: file already exists, symlink '/www/nodecms/static-temp' -> '/Users/mac/Desktop/Applications/GitLab/cms-backend/temp'
    at Error (native)
    at Object.fs.symlinkSync (fs.js:1054:18)
    at fs.access (/Users/mac/Desktop/Applications/GitLab/cms-backend/src/handlers/system.handler.js:48:8)
    at FSReqWrap.oncomplete (fs.js:123:15)
  errno: -17,
  code: 'EEXIST',
  syscall: 'symlink',
  path: '/www/nodecms/static-temp',
  dest: '/Users/mac/Desktop/Applications/GitLab/cms-backend/temp' }
[2018-04-25 11:39:37.941] [INFO] system - --------------------------------  uncaught Exception End: --------------------------------
[2018-04-25 11:39:37.941] [INFO] system - 关闭连接
[2018-04-25 11:39:37.942] [INFO] system - 程序出现未捕获异常
[2018-04-25 11:39:37.942] [INFO] system - --------------------------------  uncaught Exception Start: --------------------------------
[2018-04-25 11:39:37.943] [FATAL] system - { Error: EEXIST: file already exists, symlink '/www/nodecms/static-act-comps' -> '/Users/mac/Desktop/Applications/GitLab/cms-backend/src/themes/activity/components'
    at Error (native)
    at Object.fs.symlinkSync (fs.js:1054:18)
    at fs.access (/Users/mac/Desktop/Applications/GitLab/cms-backend/src/handlers/system.handler.js:27:8)
    at FSReqWrap.oncomplete (fs.js:123:15)
  errno: -17,
  code: 'EEXIST',
  syscall: 'symlink',
  path: '/www/nodecms/static-act-comps',
  dest: '/Users/mac/Desktop/Applications/GitLab/cms-backend/src/themes/activity/components' }
[2018-04-25 11:39:37.943] [INFO] system - --------------------------------  uncaught Exception End: --------------------------------
[2018-04-25 11:39:37.943] [INFO] system - 关闭连接
[2018-04-25 11:39:37.945] [INFO] system - 正在监听 port 7071
[2018-04-25 11:39:37.945] [INFO] system - 正在监听 port 7071
[2018-04-25 11:39:38.938] [INFO] system - 正在监听 port 7071
[2018-04-25 11:39:38.945] [INFO] system - 程序出现未捕获异常
[2018-04-25 11:39:38.946] [INFO] system - --------------------------------  uncaught Exception Start: --------------------------------
[2018-04-25 11:39:38.946] [FATAL] system - { Error: EEXIST: file already exists, symlink '/www/nodecms/static-temp' -> '/Users/mac/Desktop/Applications/GitLab/cms-backend/temp'
    at Error (native)
    at Object.fs.symlinkSync (fs.js:1054:18)
    at fs.access (/Users/mac/Desktop/Applications/GitLab/cms-backend/src/handlers/system.handler.js:48:8)
    at FSReqWrap.oncomplete (fs.js:123:15)
  errno: -17,
  code: 'EEXIST',
  syscall: 'symlink',
  path: '/www/nodecms/static-temp',
  dest: '/Users/mac/Desktop/Applications/GitLab/cms-backend/temp' }
[2018-04-25 11:39:38.954] [INFO] system - --------------------------------  uncaught Exception End: --------------------------------
[2018-04-25 11:39:38.955] [INFO] system - 关闭连接
[2018-04-25 11:39:38.956] [INFO] system - 程序出现未捕获异常
[2018-04-25 11:39:38.956] [INFO] system - --------------------------------  uncaught Exception Start: --------------------------------
[2018-04-25 11:39:38.956] [FATAL] system - { Error: EEXIST: file already exists, symlink '/www/nodecms/static-act-comps' -> '/Users/mac/Desktop/Applications/GitLab/cms-backend/src/themes/activity/components'
    at Error (native)
    at Object.fs.symlinkSync (fs.js:1054:18)
    at fs.access (/Users/mac/Desktop/Applications/GitLab/cms-backend/src/handlers/system.handler.js:27:8)
    at FSReqWrap.oncomplete (fs.js:123:15)
  errno: -17,
  code: 'EEXIST',
  syscall: 'symlink',
  path: '/www/nodecms/static-act-comps',
  dest: '/Users/mac/Desktop/Applications/GitLab/cms-backend/src/themes/activity/components' }
[2018-04-25 11:39:38.957] [INFO] system - --------------------------------  uncaught Exception End: --------------------------------
[2018-04-25 11:39:38.957] [INFO] system - 关闭连接
[2018-04-25 11:39:38.958] [INFO] system - 正在监听 port 7071
[2018-04-25 11:39:38.958] [INFO] system - 正在监听 port 7071
[2018-04-25 11:39:39.920] [INFO] system - 正在监听 port 7071
[2018-04-25 11:39:39.925] [INFO] system - 程序出现未捕获异常
[2018-04-25 11:39:39.926] [INFO] system - --------------------------------  uncaught Exception Start: --------------------------------
[2018-04-25 11:39:39.926] [FATAL] system - { Error: EEXIST: file already exists, symlink '/www/nodecms/static-temp' -> '/Users/mac/Desktop/Applications/GitLab/cms-backend/temp'
    at Error (native)
    at Object.fs.symlinkSync (fs.js:1054:18)
    at fs.access (/Users/mac/Desktop/Applications/GitLab/cms-backend/src/handlers/system.handler.js:48:8)
    at FSReqWrap.oncomplete (fs.js:123:15)
  errno: -17,
  code: 'EEXIST',
  syscall: 'symlink',
  path: '/www/nodecms/static-temp',
  dest: '/Users/mac/Desktop/Applications/GitLab/cms-backend/temp' }
[2018-04-25 11:39:39.935] [INFO] system - --------------------------------  uncaught Exception End: --------------------------------
[2018-04-25 11:39:39.935] [INFO] system - 关闭连接
[2018-04-25 11:39:39.936] [INFO] system - 程序出现未捕获异常
[2018-04-25 11:39:39.937] [INFO] system - --------------------------------  uncaught Exception Start: --------------------------------
[2018-04-25 11:39:39.937] [FATAL] system - { Error: EEXIST: file already exists, symlink '/www/nodecms/static-act-comps' -> '/Users/mac/Desktop/Applications/GitLab/cms-backend/src/themes/activity/components'
    at Error (native)
    at Object.fs.symlinkSync (fs.js:1054:18)
    at fs.access (/Users/mac/Desktop/Applications/GitLab/cms-backend/src/handlers/system.handler.js:27:8)
    at FSReqWrap.oncomplete (fs.js:123:15)
  errno: -17,
  code: 'EEXIST',
  syscall: 'symlink',
  path: '/www/nodecms/static-act-comps',
  dest: '/Users/mac/Desktop/Applications/GitLab/cms-backend/src/themes/activity/components' }
[2018-04-25 11:39:39.938] [INFO] system - --------------------------------  uncaught Exception End: --------------------------------
[2018-04-25 11:39:39.938] [INFO] system - 关闭连接
[2018-04-25 11:39:39.940] [INFO] system - 正在监听 port 7071
[2018-04-25 11:39:39.940] [INFO] system - 正在监听 port 7071
[2018-04-25 11:39:47.218] [INFO] system - 正在监听 port 7071
[2018-04-25 11:39:47.223] [INFO] system - 程序出现未捕获异常
[2018-04-25 11:39:47.224] [INFO] system - --------------------------------  uncaught Exception Start: --------------------------------
[2018-04-25 11:39:47.224] [FATAL] system - { Error: EEXIST: file already exists, symlink '/www/nodecms/static-temp' -> '/Users/mac/Desktop/Applications/GitLab/cms-backend/temp'
    at Error (native)
    at Object.fs.symlinkSync (fs.js:1054:18)
    at fs.access (/Users/mac/Desktop/Applications/GitLab/cms-backend/src/handlers/system.handler.js:48:8)
    at FSReqWrap.oncomplete (fs.js:123:15)
  errno: -17,
  code: 'EEXIST',
  syscall: 'symlink',
  path: '/www/nodecms/static-temp',
  dest: '/Users/mac/Desktop/Applications/GitLab/cms-backend/temp' }
[2018-04-25 11:39:47.231] [INFO] system - --------------------------------  uncaught Exception End: --------------------------------
[2018-04-25 11:39:47.231] [INFO] system - 关闭连接
[2018-04-25 11:39:47.233] [INFO] system - 程序出现未捕获异常
[2018-04-25 11:39:47.233] [INFO] system - --------------------------------  uncaught Exception Start: --------------------------------
[2018-04-25 11:39:47.233] [FATAL] system - { Error: EEXIST: file already exists, symlink '/www/nodecms/static-act-comps' -> '/Users/mac/Desktop/Applications/GitLab/cms-backend/src/themes/activity/components'
    at Error (native)
    at Object.fs.symlinkSync (fs.js:1054:18)
    at fs.access (/Users/mac/Desktop/Applications/GitLab/cms-backend/src/handlers/system.handler.js:27:8)
    at FSReqWrap.oncomplete (fs.js:123:15)
  errno: -17,
  code: 'EEXIST',
  syscall: 'symlink',
  path: '/www/nodecms/static-act-comps',
  dest: '/Users/mac/Desktop/Applications/GitLab/cms-backend/src/themes/activity/components' }
[2018-04-25 11:39:47.239] [INFO] system - --------------------------------  uncaught Exception End: --------------------------------
[2018-04-25 11:39:47.239] [INFO] system - 关闭连接
[2018-04-25 11:39:47.241] [INFO] system - 正在监听 port 7071
[2018-04-25 11:39:47.241] [INFO] system - 正在监听 port 7071
[2018-04-25 11:40:40.140] [INFO] system - 正在监听 port 7071
[2018-04-25 11:40:40.145] [INFO] system - 程序出现未捕获异常
[2018-04-25 11:40:40.146] [INFO] system - --------------------------------  uncaught Exception Start: --------------------------------
[2018-04-25 11:40:40.146] [FATAL] system - { Error: EEXIST: file already exists, symlink '/www/nodecms/static-temp' -> '/Users/mac/Desktop/Applications/GitLab/cms-backend/temp'
    at Error (native)
    at Object.fs.symlinkSync (fs.js:1054:18)
    at fs.access (/Users/mac/Desktop/Applications/GitLab/cms-backend/src/handlers/system.handler.js:48:8)
    at FSReqWrap.oncomplete (fs.js:123:15)
  errno: -17,
  code: 'EEXIST',
  syscall: 'symlink',
  path: '/www/nodecms/static-temp',
  dest: '/Users/mac/Desktop/Applications/GitLab/cms-backend/temp' }
[2018-04-25 11:40:40.154] [INFO] system - --------------------------------  uncaught Exception End: --------------------------------
[2018-04-25 11:40:40.154] [INFO] system - 关闭连接
[2018-04-25 11:40:40.156] [INFO] system - 程序出现未捕获异常
[2018-04-25 11:40:40.156] [INFO] system - --------------------------------  uncaught Exception Start: --------------------------------
[2018-04-25 11:40:40.156] [FATAL] system - { Error: EEXIST: file already exists, symlink '/www/nodecms/static-act-comps' -> '/Users/mac/Desktop/Applications/GitLab/cms-backend/src/themes/activity/components'
    at Error (native)
    at Object.fs.symlinkSync (fs.js:1054:18)
    at fs.access (/Users/mac/Desktop/Applications/GitLab/cms-backend/src/handlers/system.handler.js:27:8)
    at FSReqWrap.oncomplete (fs.js:123:15)
  errno: -17,
  code: 'EEXIST',
  syscall: 'symlink',
  path: '/www/nodecms/static-act-comps',
  dest: '/Users/mac/Desktop/Applications/GitLab/cms-backend/src/themes/activity/components' }
[2018-04-25 11:40:40.157] [INFO] system - --------------------------------  uncaught Exception End: --------------------------------
[2018-04-25 11:40:40.157] [INFO] system - 关闭连接
[2018-04-25 11:40:40.158] [INFO] system - 正在监听 port 7071
[2018-04-25 11:40:40.158] [INFO] system - 正在监听 port 7071
[2018-04-25 14:31:07.783] [INFO] system - 正在监听 port 7071
[2018-04-25 14:31:07.797] [INFO] system - 程序出现未捕获异常
[2018-04-25 14:31:07.799] [INFO] system - --------------------------------  uncaught Exception Start: --------------------------------
[2018-04-25 14:31:07.799] [FATAL] system - { Error: EEXIST: file already exists, symlink '/www/nodecms/static-temp' -> '/Users/mac/Desktop/Applications/GitLab/cms-backend/temp'
    at Error (native)
    at Object.fs.symlinkSync (fs.js:1054:18)
    at fs.access (/Users/mac/Desktop/Applications/GitLab/cms-backend/src/handlers/system.handler.js:48:8)
    at FSReqWrap.oncomplete (fs.js:123:15)
  errno: -17,
  code: 'EEXIST',
  syscall: 'symlink',
  path: '/www/nodecms/static-temp',
  dest: '/Users/mac/Desktop/Applications/GitLab/cms-backend/temp' }
[2018-04-25 14:31:07.818] [INFO] system - --------------------------------  uncaught Exception End: --------------------------------
[2018-04-25 14:31:07.818] [INFO] system - 关闭连接
[2018-04-25 14:31:07.821] [INFO] system - 程序出现未捕获异常
[2018-04-25 14:31:07.851] [INFO] system - --------------------------------  uncaught Exception Start: --------------------------------
[2018-04-25 14:31:07.851] [FATAL] system - { Error: EEXIST: file already exists, symlink '/www/nodecms/static-act-comps' -> '/Users/mac/Desktop/Applications/GitLab/cms-backend/src/themes/activity/components'
    at Error (native)
    at Object.fs.symlinkSync (fs.js:1054:18)
    at fs.access (/Users/mac/Desktop/Applications/GitLab/cms-backend/src/handlers/system.handler.js:27:8)
    at FSReqWrap.oncomplete (fs.js:123:15)
  errno: -17,
  code: 'EEXIST',
  syscall: 'symlink',
  path: '/www/nodecms/static-act-comps',
  dest: '/Users/mac/Desktop/Applications/GitLab/cms-backend/src/themes/activity/components' }
[2018-04-25 14:31:07.854] [INFO] system - --------------------------------  uncaught Exception End: --------------------------------
[2018-04-25 14:31:07.854] [INFO] system - 关闭连接
[2018-04-25 14:31:07.860] [INFO] system - 正在监听 port 7071
[2018-04-25 14:31:07.861] [INFO] system - 正在监听 port 7071
[2018-04-25 14:31:09.310] [INFO] system - 正在监听 port 7071
[2018-04-25 14:31:09.316] [INFO] system - 程序出现未捕获异常
[2018-04-25 14:31:09.318] [INFO] system - --------------------------------  uncaught Exception Start: --------------------------------
[2018-04-25 14:31:09.318] [FATAL] system - { Error: EEXIST: file already exists, symlink '/www/nodecms/static-temp' -> '/Users/mac/Desktop/Applications/GitLab/cms-backend/temp'
    at Error (native)
    at Object.fs.symlinkSync (fs.js:1054:18)
    at fs.access (/Users/mac/Desktop/Applications/GitLab/cms-backend/src/handlers/system.handler.js:48:8)
    at FSReqWrap.oncomplete (fs.js:123:15)
  errno: -17,
  code: 'EEXIST',
  syscall: 'symlink',
  path: '/www/nodecms/static-temp',
  dest: '/Users/mac/Desktop/Applications/GitLab/cms-backend/temp' }
[2018-04-25 14:31:09.330] [INFO] system - --------------------------------  uncaught Exception End: --------------------------------
[2018-04-25 14:31:09.331] [INFO] system - 关闭连接
[2018-04-25 14:31:09.337] [INFO] system - 程序出现未捕获异常
[2018-04-25 14:31:09.337] [INFO] system - --------------------------------  uncaught Exception Start: --------------------------------
[2018-04-25 14:31:09.337] [FATAL] system - { Error: EEXIST: file already exists, symlink '/www/nodecms/static-act-comps' -> '/Users/mac/Desktop/Applications/GitLab/cms-backend/src/themes/activity/components'
    at Error (native)
    at Object.fs.symlinkSync (fs.js:1054:18)
    at fs.access (/Users/mac/Desktop/Applications/GitLab/cms-backend/src/handlers/system.handler.js:27:8)
    at FSReqWrap.oncomplete (fs.js:123:15)
  errno: -17,
  code: 'EEXIST',
  syscall: 'symlink',
  path: '/www/nodecms/static-act-comps',
  dest: '/Users/mac/Desktop/Applications/GitLab/cms-backend/src/themes/activity/components' }
[2018-04-25 14:31:09.338] [INFO] system - --------------------------------  uncaught Exception End: --------------------------------
[2018-04-25 14:31:09.338] [INFO] system - 关闭连接
[2018-04-25 14:31:09.341] [INFO] system - 正在监听 port 7071
[2018-04-25 14:31:09.341] [INFO] system - 正在监听 port 7071
[2018-04-25 14:31:12.247] [INFO] system - 正在监听 port 7071
[2018-04-25 14:31:12.254] [INFO] system - 程序出现未捕获异常
[2018-04-25 14:31:12.255] [INFO] system - --------------------------------  uncaught Exception Start: --------------------------------
[2018-04-25 14:31:12.256] [FATAL] system - { Error: EEXIST: file already exists, symlink '/www/nodecms/static-temp' -> '/Users/mac/Desktop/Applications/GitLab/cms-backend/temp'
    at Error (native)
    at Object.fs.symlinkSync (fs.js:1054:18)
    at fs.access (/Users/mac/Desktop/Applications/GitLab/cms-backend/src/handlers/system.handler.js:48:8)
    at FSReqWrap.oncomplete (fs.js:123:15)
  errno: -17,
  code: 'EEXIST',
  syscall: 'symlink',
  path: '/www/nodecms/static-temp',
  dest: '/Users/mac/Desktop/Applications/GitLab/cms-backend/temp' }
[2018-04-25 14:31:12.268] [INFO] system - --------------------------------  uncaught Exception End: --------------------------------
[2018-04-25 14:31:12.268] [INFO] system - 关闭连接
[2018-04-25 14:31:12.270] [INFO] system - 程序出现未捕获异常
[2018-04-25 14:31:12.285] [INFO] system - --------------------------------  uncaught Exception Start: --------------------------------
[2018-04-25 14:31:12.285] [FATAL] system - { Error: EEXIST: file already exists, symlink '/www/nodecms/static-act-comps' -> '/Users/mac/Desktop/Applications/GitLab/cms-backend/src/themes/activity/components'
    at Error (native)
    at Object.fs.symlinkSync (fs.js:1054:18)
    at fs.access (/Users/mac/Desktop/Applications/GitLab/cms-backend/src/handlers/system.handler.js:27:8)
    at FSReqWrap.oncomplete (fs.js:123:15)
  errno: -17,
  code: 'EEXIST',
  syscall: 'symlink',
  path: '/www/nodecms/static-act-comps',
  dest: '/Users/mac/Desktop/Applications/GitLab/cms-backend/src/themes/activity/components' }
[2018-04-25 14:31:12.286] [INFO] system - --------------------------------  uncaught Exception End: --------------------------------
[2018-04-25 14:31:12.286] [INFO] system - 关闭连接
[2018-04-25 14:31:12.289] [INFO] system - 正在监听 port 7071
[2018-04-25 14:31:12.289] [INFO] system - 正在监听 port 7071
[2018-04-25 14:31:16.118] [INFO] system - 正在监听 port 7071
[2018-04-25 14:31:16.123] [INFO] system - 程序出现未捕获异常
[2018-04-25 14:31:16.124] [INFO] system - --------------------------------  uncaught Exception Start: --------------------------------
[2018-04-25 14:31:16.124] [FATAL] system - { Error: EEXIST: file already exists, symlink '/www/nodecms/static-temp' -> '/Users/mac/Desktop/Applications/GitLab/cms-backend/temp'
    at Error (native)
    at Object.fs.symlinkSync (fs.js:1054:18)
    at fs.access (/Users/mac/Desktop/Applications/GitLab/cms-backend/src/handlers/system.handler.js:48:8)
    at FSReqWrap.oncomplete (fs.js:123:15)
  errno: -17,
  code: 'EEXIST',
  syscall: 'symlink',
  path: '/www/nodecms/static-temp',
  dest: '/Users/mac/Desktop/Applications/GitLab/cms-backend/temp' }
[2018-04-25 14:31:16.132] [INFO] system - --------------------------------  uncaught Exception End: --------------------------------
[2018-04-25 14:31:16.132] [INFO] system - 关闭连接
[2018-04-25 14:31:16.136] [INFO] system - 程序出现未捕获异常
[2018-04-25 14:31:16.136] [INFO] system - --------------------------------  uncaught Exception Start: --------------------------------
[2018-04-25 14:31:16.136] [FATAL] system - { Error: EEXIST: file already exists, symlink '/www/nodecms/static-act-comps' -> '/Users/mac/Desktop/Applications/GitLab/cms-backend/src/themes/activity/components'
    at Error (native)
    at Object.fs.symlinkSync (fs.js:1054:18)
    at fs.access (/Users/mac/Desktop/Applications/GitLab/cms-backend/src/handlers/system.handler.js:27:8)
    at FSReqWrap.oncomplete (fs.js:123:15)
  errno: -17,
  code: 'EEXIST',
  syscall: 'symlink',
  path: '/www/nodecms/static-act-comps',
  dest: '/Users/mac/Desktop/Applications/GitLab/cms-backend/src/themes/activity/components' }
[2018-04-25 14:31:16.137] [INFO] system - --------------------------------  uncaught Exception End: --------------------------------
[2018-04-25 14:31:16.137] [INFO] system - 关闭连接
[2018-04-25 14:31:16.139] [INFO] system - 正在监听 port 7071
[2018-04-25 14:31:16.139] [INFO] system - 正在监听 port 7071
[2018-04-25 14:36:32.973] [INFO] system - 正在监听 port 7071
[2018-04-25 14:36:32.980] [INFO] system - 程序出现未捕获异常
[2018-04-25 14:36:32.981] [INFO] system - --------------------------------  uncaught Exception Start: --------------------------------
[2018-04-25 14:36:32.981] [FATAL] system - { Error: EEXIST: file already exists, symlink '/www/nodecms/static-temp' -> '/Users/mac/Desktop/Applications/GitLab/cms-backend/temp'
    at Error (native)
    at Object.fs.symlinkSync (fs.js:1054:18)
    at fs.access (/Users/mac/Desktop/Applications/GitLab/cms-backend/src/handlers/system.handler.js:48:8)
    at FSReqWrap.oncomplete (fs.js:123:15)
  errno: -17,
  code: 'EEXIST',
  syscall: 'symlink',
  path: '/www/nodecms/static-temp',
  dest: '/Users/mac/Desktop/Applications/GitLab/cms-backend/temp' }
[2018-04-25 14:36:32.991] [INFO] system - --------------------------------  uncaught Exception End: --------------------------------
[2018-04-25 14:36:32.991] [INFO] system - 关闭连接
[2018-04-25 14:36:32.993] [INFO] system - 程序出现未捕获异常
[2018-04-25 14:36:32.993] [INFO] system - --------------------------------  uncaught Exception Start: --------------------------------
[2018-04-25 14:36:32.993] [FATAL] system - { Error: EEXIST: file already exists, symlink '/www/nodecms/static-act-comps' -> '/Users/mac/Desktop/Applications/GitLab/cms-backend/src/themes/activity/components'
    at Error (native)
    at Object.fs.symlinkSync (fs.js:1054:18)
    at fs.access (/Users/mac/Desktop/Applications/GitLab/cms-backend/src/handlers/system.handler.js:27:8)
    at FSReqWrap.oncomplete (fs.js:123:15)
  errno: -17,
  code: 'EEXIST',
  syscall: 'symlink',
  path: '/www/nodecms/static-act-comps',
  dest: '/Users/mac/Desktop/Applications/GitLab/cms-backend/src/themes/activity/components' }
[2018-04-25 14:36:33.040] [INFO] system - --------------------------------  uncaught Exception End: --------------------------------
[2018-04-25 14:36:33.040] [INFO] system - 关闭连接
[2018-04-25 14:36:33.042] [INFO] system - 正在监听 port 7071
[2018-04-25 14:36:33.042] [INFO] system - 正在监听 port 7071
[2018-04-25 14:36:41.565] [INFO] system - 正在监听 port 7071
[2018-04-25 14:36:41.577] [INFO] system - 程序出现未捕获异常
[2018-04-25 14:36:41.578] [INFO] system - --------------------------------  uncaught Exception Start: --------------------------------
[2018-04-25 14:36:41.579] [FATAL] system - { Error: EEXIST: file already exists, symlink '/www/nodecms/static-temp' -> '/Users/mac/Desktop/Applications/GitLab/cms-backend/temp'
    at Error (native)
    at Object.fs.symlinkSync (fs.js:1054:18)
    at fs.access (/Users/mac/Desktop/Applications/GitLab/cms-backend/src/handlers/system.handler.js:48:8)
    at FSReqWrap.oncomplete (fs.js:123:15)
  errno: -17,
  code: 'EEXIST',
  syscall: 'symlink',
  path: '/www/nodecms/static-temp',
  dest: '/Users/mac/Desktop/Applications/GitLab/cms-backend/temp' }
[2018-04-25 14:36:41.603] [INFO] system - --------------------------------  uncaught Exception End: --------------------------------
[2018-04-25 14:36:41.603] [INFO] system - 关闭连接
[2018-04-25 14:36:41.606] [INFO] system - 程序出现未捕获异常
[2018-04-25 14:36:41.606] [INFO] system - --------------------------------  uncaught Exception Start: --------------------------------
[2018-04-25 14:36:41.607] [FATAL] system - { Error: EEXIST: file already exists, symlink '/www/nodecms/static-act-comps' -> '/Users/mac/Desktop/Applications/GitLab/cms-backend/src/themes/activity/components'
    at Error (native)
    at Object.fs.symlinkSync (fs.js:1054:18)
    at fs.access (/Users/mac/Desktop/Applications/GitLab/cms-backend/src/handlers/system.handler.js:27:8)
    at FSReqWrap.oncomplete (fs.js:123:15)
  errno: -17,
  code: 'EEXIST',
  syscall: 'symlink',
  path: '/www/nodecms/static-act-comps',
  dest: '/Users/mac/Desktop/Applications/GitLab/cms-backend/src/themes/activity/components' }
[2018-04-25 14:36:41.619] [INFO] system - --------------------------------  uncaught Exception End: --------------------------------
[2018-04-25 14:36:41.620] [INFO] system - 关闭连接
[2018-04-25 14:36:41.625] [INFO] system - 正在监听 port 7071
[2018-04-25 14:36:41.625] [INFO] system - 正在监听 port 7071
