[2017-11-21 16:51:35.366] [INFO] system - 正在监听 port 7071
[2017-11-21 17:18:20.504] [INFO] system - 正在监听 port 7071
[2017-11-21 17:26:25.586] [ERROR] system - error in domain { TypeError: Cannot read property 'pids' of undefined
    at async.auto.newsData (/Users/mac/Desktop/Applications/GitLab/cms-backend/src/controllers/news/jdjk.controller.js:81:38)
    at runTask (/Users/mac/Desktop/Applications/GitLab/cms-backend/node_modules/async/dist/async.js:1619:13)
    at /Users/mac/Desktop/Applications/GitLab/cms-backend/node_modules/async/dist/async.js:1559:13
    at processQueue (/Users/mac/Desktop/Applications/GitLab/cms-backend/node_modules/async/dist/async.js:1569:13)
    at taskComplete (/Users/mac/Desktop/Applications/GitLab/cms-backend/node_modules/async/dist/async.js:1588:9)
    at /Users/mac/Desktop/Applications/GitLab/cms-backend/node_modules/async/dist/async.js:1612:17
    at /Users/mac/Desktop/Applications/GitLab/cms-backend/node_modules/async/dist/async.js:906:16
    at async.auto.newsType (/Users/mac/Desktop/Applications/GitLab/cms-backend/src/controllers/news/jdjk.controller.js:78:4)
    at runTask (/Users/mac/Desktop/Applications/GitLab/cms-backend/node_modules/async/dist/async.js:1619:13)
    at /Users/mac/Desktop/Applications/GitLab/cms-backend/node_modules/async/dist/async.js:1559:13
    at processQueue (/Users/mac/Desktop/Applications/GitLab/cms-backend/node_modules/async/dist/async.js:1569:13)
    at taskComplete (/Users/mac/Desktop/Applications/GitLab/cms-backend/node_modules/async/dist/async.js:1588:9)
    at /Users/mac/Desktop/Applications/GitLab/cms-backend/node_modules/async/dist/async.js:1612:17
    at /Users/mac/Desktop/Applications/GitLab/cms-backend/node_modules/async/dist/async.js:906:16
    at /Users/mac/Desktop/Applications/GitLab/cms-backend/src/services/news/type.service.js:104:12
    at /Users/mac/Desktop/Applications/GitLab/cms-backend/src/lib/mysqldb.lib.js:160:16
  domain: 
   Domain {
     domain: null,
     _events: { error: [Function] },
     _eventsCount: 1,
     _maxListeners: undefined,
     members: [] },
  domainThrown: true }
[2017-11-21 17:35:55.975] [INFO] system - 正在监听 port 7071
[2017-11-21 17:39:36.542] [INFO] system - 正在监听 port 7071
[2017-11-21 17:40:03.674] [INFO] system - 正在监听 port 7071
[2017-11-21 17:40:40.591] [INFO] system - 正在监听 port 7071
[2017-11-21 17:40:57.503] [INFO] system - 正在监听 port 7071
[2017-11-21 17:41:47.730] [INFO] system - 正在监听 port 7071
[2017-11-21 17:41:52.718] [INFO] system - 正在监听 port 7071
[2017-11-21 17:41:56.711] [INFO] system - 正在监听 port 7071
[2017-11-21 17:41:57.731] [INFO] system - 正在监听 port 7071
[2017-11-21 17:45:49.404] [ERROR] system - error in domain { TypeError: Cannot read property 'typeid' of undefined
    at /Users/mac/Desktop/Applications/GitLab/cms-backend/src/controllers/news/news.controller.js:52:21
    at /Users/mac/Desktop/Applications/GitLab/cms-backend/src/services/news/news.service.js:13:11
    at /Users/mac/Desktop/Applications/GitLab/cms-backend/src/lib/mysqldb.lib.js:158:20
    at Query.<anonymous> (/Users/mac/Desktop/Applications/GitLab/cms-backend/src/lib/mysqldb.lib.js:49:13)
    at bound (domain.js:280:14)
    at Query.runBound [as _callback] (domain.js:293:12)
    at Query.Sequence.end (/Users/mac/Desktop/Applications/GitLab/cms-backend/node_modules/mysql/lib/protocol/sequences/Sequence.js:86:24)
    at Query.ErrorPacket (/Users/mac/Desktop/Applications/GitLab/cms-backend/node_modules/mysql/lib/protocol/sequences/Query.js:88:8)
    at Protocol._parsePacket (/Users/mac/Desktop/Applications/GitLab/cms-backend/node_modules/mysql/lib/protocol/Protocol.js:280:23)
    at Parser.write (/Users/mac/Desktop/Applications/GitLab/cms-backend/node_modules/mysql/lib/protocol/Parser.js:75:12)
    at Protocol.write (/Users/mac/Desktop/Applications/GitLab/cms-backend/node_modules/mysql/lib/protocol/Protocol.js:39:16)
    at Socket.<anonymous> (/Users/mac/Desktop/Applications/GitLab/cms-backend/node_modules/mysql/lib/Connection.js:103:28)
    at emitOne (events.js:96:13)
    at Socket.emit (events.js:188:7)
    at readableAddChunk (_stream_readable.js:176:18)
    at Socket.Readable.push (_stream_readable.js:134:10)
    at TCP.onread (net.js:548:20)
  domain: 
   Domain {
     domain: null,
     _events: { error: [Function] },
     _eventsCount: 1,
     _maxListeners: undefined,
     members: [] },
  domainThrown: true }
[2017-11-21 17:59:55.324] [INFO] system - 正在监听 port 7071
[2017-11-21 18:00:04.325] [INFO] system - 正在监听 port 7071
[2017-11-21 18:00:10.189] [INFO] system - 正在监听 port 7071
[2017-11-21 18:00:16.090] [INFO] system - 正在监听 port 7071
[2017-11-21 18:00:20.084] [INFO] system - 正在监听 port 7071
[2017-11-21 18:01:57.389] [INFO] system - 正在监听 port 7071
[2017-11-21 18:02:04.358] [INFO] system - 正在监听 port 7071
[2017-11-21 18:02:16.061] [ERROR] system - error in domain { ReferenceError: nType is not defined
    at /Users/mac/Desktop/Applications/GitLab/cms-backend/src/controllers/news/news.controller.js:43:26
    at /Users/mac/Desktop/Applications/GitLab/cms-backend/src/services/news/news.service.js:18:10
    at /Users/mac/Desktop/Applications/GitLab/cms-backend/src/lib/mysqldb.lib.js:160:16
    at Query.<anonymous> (/Users/mac/Desktop/Applications/GitLab/cms-backend/src/lib/mysqldb.lib.js:49:13)
    at bound (domain.js:280:14)
    at Query.runBound [as _callback] (domain.js:293:12)
    at Query.Sequence.end (/Users/mac/Desktop/Applications/GitLab/cms-backend/node_modules/mysql/lib/protocol/sequences/Sequence.js:86:24)
    at Query._handleFinalResultPacket (/Users/mac/Desktop/Applications/GitLab/cms-backend/node_modules/mysql/lib/protocol/sequences/Query.js:137:8)
    at Query.EofPacket (/Users/mac/Desktop/Applications/GitLab/cms-backend/node_modules/mysql/lib/protocol/sequences/Query.js:121:8)
    at Protocol._parsePacket (/Users/mac/Desktop/Applications/GitLab/cms-backend/node_modules/mysql/lib/protocol/Protocol.js:280:23)
    at Parser.write (/Users/mac/Desktop/Applications/GitLab/cms-backend/node_modules/mysql/lib/protocol/Parser.js:75:12)
    at Protocol.write (/Users/mac/Desktop/Applications/GitLab/cms-backend/node_modules/mysql/lib/protocol/Protocol.js:39:16)
    at Socket.<anonymous> (/Users/mac/Desktop/Applications/GitLab/cms-backend/node_modules/mysql/lib/Connection.js:103:28)
    at emitOne (events.js:96:13)
    at Socket.emit (events.js:188:7)
    at readableAddChunk (_stream_readable.js:176:18)
  domain: 
   Domain {
     domain: null,
     _events: { error: [Function] },
     _eventsCount: 1,
     _maxListeners: undefined,
     members: [] },
  domainThrown: true }
[2017-11-21 18:02:36.680] [ERROR] system - error in domain { ReferenceError: nType is not defined
    at /Users/mac/Desktop/Applications/GitLab/cms-backend/src/controllers/news/news.controller.js:43:26
    at /Users/mac/Desktop/Applications/GitLab/cms-backend/src/services/news/news.service.js:18:10
    at /Users/mac/Desktop/Applications/GitLab/cms-backend/src/lib/mysqldb.lib.js:160:16
    at Query.<anonymous> (/Users/mac/Desktop/Applications/GitLab/cms-backend/src/lib/mysqldb.lib.js:49:13)
    at bound (domain.js:280:14)
    at Query.runBound [as _callback] (domain.js:293:12)
    at Query.Sequence.end (/Users/mac/Desktop/Applications/GitLab/cms-backend/node_modules/mysql/lib/protocol/sequences/Sequence.js:86:24)
    at Query._handleFinalResultPacket (/Users/mac/Desktop/Applications/GitLab/cms-backend/node_modules/mysql/lib/protocol/sequences/Query.js:137:8)
    at Query.EofPacket (/Users/mac/Desktop/Applications/GitLab/cms-backend/node_modules/mysql/lib/protocol/sequences/Query.js:121:8)
    at Protocol._parsePacket (/Users/mac/Desktop/Applications/GitLab/cms-backend/node_modules/mysql/lib/protocol/Protocol.js:280:23)
    at Parser.write (/Users/mac/Desktop/Applications/GitLab/cms-backend/node_modules/mysql/lib/protocol/Parser.js:75:12)
    at Protocol.write (/Users/mac/Desktop/Applications/GitLab/cms-backend/node_modules/mysql/lib/protocol/Protocol.js:39:16)
    at Socket.<anonymous> (/Users/mac/Desktop/Applications/GitLab/cms-backend/node_modules/mysql/lib/Connection.js:103:28)
    at emitOne (events.js:96:13)
    at Socket.emit (events.js:188:7)
    at readableAddChunk (_stream_readable.js:176:18)
  domain: 
   Domain {
     domain: null,
     _events: { error: [Function] },
     _eventsCount: 1,
     _maxListeners: undefined,
     members: [] },
  domainThrown: true }
[2017-11-21 18:02:43.709] [ERROR] system - error in domain { ReferenceError: nType is not defined
    at /Users/mac/Desktop/Applications/GitLab/cms-backend/src/controllers/news/news.controller.js:43:26
    at /Users/mac/Desktop/Applications/GitLab/cms-backend/src/services/news/news.service.js:18:10
    at /Users/mac/Desktop/Applications/GitLab/cms-backend/src/lib/mysqldb.lib.js:160:16
    at Query.<anonymous> (/Users/mac/Desktop/Applications/GitLab/cms-backend/src/lib/mysqldb.lib.js:49:13)
    at bound (domain.js:280:14)
    at Query.runBound [as _callback] (domain.js:293:12)
    at Query.Sequence.end (/Users/mac/Desktop/Applications/GitLab/cms-backend/node_modules/mysql/lib/protocol/sequences/Sequence.js:86:24)
    at Query._handleFinalResultPacket (/Users/mac/Desktop/Applications/GitLab/cms-backend/node_modules/mysql/lib/protocol/sequences/Query.js:137:8)
    at Query.EofPacket (/Users/mac/Desktop/Applications/GitLab/cms-backend/node_modules/mysql/lib/protocol/sequences/Query.js:121:8)
    at Protocol._parsePacket (/Users/mac/Desktop/Applications/GitLab/cms-backend/node_modules/mysql/lib/protocol/Protocol.js:280:23)
    at Parser.write (/Users/mac/Desktop/Applications/GitLab/cms-backend/node_modules/mysql/lib/protocol/Parser.js:75:12)
    at Protocol.write (/Users/mac/Desktop/Applications/GitLab/cms-backend/node_modules/mysql/lib/protocol/Protocol.js:39:16)
    at Socket.<anonymous> (/Users/mac/Desktop/Applications/GitLab/cms-backend/node_modules/mysql/lib/Connection.js:103:28)
    at emitOne (events.js:96:13)
    at Socket.emit (events.js:188:7)
    at readableAddChunk (_stream_readable.js:176:18)
  domain: 
   Domain {
     domain: null,
     _events: { error: [Function] },
     _eventsCount: 1,
     _maxListeners: undefined,
     members: [] },
  domainThrown: true }
[2017-11-21 18:02:47.844] [ERROR] system - error in domain { ReferenceError: nType is not defined
    at /Users/mac/Desktop/Applications/GitLab/cms-backend/src/controllers/news/news.controller.js:43:26
    at /Users/mac/Desktop/Applications/GitLab/cms-backend/src/services/news/news.service.js:18:10
    at /Users/mac/Desktop/Applications/GitLab/cms-backend/src/lib/mysqldb.lib.js:160:16
    at Query.<anonymous> (/Users/mac/Desktop/Applications/GitLab/cms-backend/src/lib/mysqldb.lib.js:49:13)
    at bound (domain.js:280:14)
    at Query.runBound [as _callback] (domain.js:293:12)
    at Query.Sequence.end (/Users/mac/Desktop/Applications/GitLab/cms-backend/node_modules/mysql/lib/protocol/sequences/Sequence.js:86:24)
    at Query._handleFinalResultPacket (/Users/mac/Desktop/Applications/GitLab/cms-backend/node_modules/mysql/lib/protocol/sequences/Query.js:137:8)
    at Query.EofPacket (/Users/mac/Desktop/Applications/GitLab/cms-backend/node_modules/mysql/lib/protocol/sequences/Query.js:121:8)
    at Protocol._parsePacket (/Users/mac/Desktop/Applications/GitLab/cms-backend/node_modules/mysql/lib/protocol/Protocol.js:280:23)
    at Parser.write (/Users/mac/Desktop/Applications/GitLab/cms-backend/node_modules/mysql/lib/protocol/Parser.js:75:12)
    at Protocol.write (/Users/mac/Desktop/Applications/GitLab/cms-backend/node_modules/mysql/lib/protocol/Protocol.js:39:16)
    at Socket.<anonymous> (/Users/mac/Desktop/Applications/GitLab/cms-backend/node_modules/mysql/lib/Connection.js:103:28)
    at emitOne (events.js:96:13)
    at Socket.emit (events.js:188:7)
    at readableAddChunk (_stream_readable.js:176:18)
  domain: 
   Domain {
     domain: null,
     _events: { error: [Function] },
     _eventsCount: 1,
     _maxListeners: undefined,
     members: [] },
  domainThrown: true }
[2017-11-21 18:03:36.699] [ERROR] system - error in domain { ReferenceError: nType is not defined
    at /Users/mac/Desktop/Applications/GitLab/cms-backend/src/controllers/news/news.controller.js:43:26
    at /Users/mac/Desktop/Applications/GitLab/cms-backend/src/services/news/news.service.js:18:10
    at /Users/mac/Desktop/Applications/GitLab/cms-backend/src/lib/mysqldb.lib.js:160:16
    at Query.<anonymous> (/Users/mac/Desktop/Applications/GitLab/cms-backend/src/lib/mysqldb.lib.js:49:13)
    at bound (domain.js:280:14)
    at Query.runBound [as _callback] (domain.js:293:12)
    at Query.Sequence.end (/Users/mac/Desktop/Applications/GitLab/cms-backend/node_modules/mysql/lib/protocol/sequences/Sequence.js:86:24)
    at Query._handleFinalResultPacket (/Users/mac/Desktop/Applications/GitLab/cms-backend/node_modules/mysql/lib/protocol/sequences/Query.js:137:8)
    at Query.EofPacket (/Users/mac/Desktop/Applications/GitLab/cms-backend/node_modules/mysql/lib/protocol/sequences/Query.js:121:8)
    at Protocol._parsePacket (/Users/mac/Desktop/Applications/GitLab/cms-backend/node_modules/mysql/lib/protocol/Protocol.js:280:23)
    at Parser.write (/Users/mac/Desktop/Applications/GitLab/cms-backend/node_modules/mysql/lib/protocol/Parser.js:75:12)
    at Protocol.write (/Users/mac/Desktop/Applications/GitLab/cms-backend/node_modules/mysql/lib/protocol/Protocol.js:39:16)
    at Socket.<anonymous> (/Users/mac/Desktop/Applications/GitLab/cms-backend/node_modules/mysql/lib/Connection.js:103:28)
    at emitOne (events.js:96:13)
    at Socket.emit (events.js:188:7)
    at readableAddChunk (_stream_readable.js:176:18)
  domain: 
   Domain {
     domain: null,
     _events: { error: [Function] },
     _eventsCount: 1,
     _maxListeners: undefined,
     members: [] },
  domainThrown: true }
[2017-11-21 18:04:09.892] [ERROR] system - error in domain { ReferenceError: nType is not defined
    at /Users/mac/Desktop/Applications/GitLab/cms-backend/src/controllers/news/news.controller.js:43:26
    at /Users/mac/Desktop/Applications/GitLab/cms-backend/src/services/news/news.service.js:18:10
    at /Users/mac/Desktop/Applications/GitLab/cms-backend/src/lib/mysqldb.lib.js:160:16
    at Query.<anonymous> (/Users/mac/Desktop/Applications/GitLab/cms-backend/src/lib/mysqldb.lib.js:49:13)
    at bound (domain.js:280:14)
    at Query.runBound [as _callback] (domain.js:293:12)
    at Query.Sequence.end (/Users/mac/Desktop/Applications/GitLab/cms-backend/node_modules/mysql/lib/protocol/sequences/Sequence.js:86:24)
    at Query._handleFinalResultPacket (/Users/mac/Desktop/Applications/GitLab/cms-backend/node_modules/mysql/lib/protocol/sequences/Query.js:137:8)
    at Query.EofPacket (/Users/mac/Desktop/Applications/GitLab/cms-backend/node_modules/mysql/lib/protocol/sequences/Query.js:121:8)
    at Protocol._parsePacket (/Users/mac/Desktop/Applications/GitLab/cms-backend/node_modules/mysql/lib/protocol/Protocol.js:280:23)
    at Parser.write (/Users/mac/Desktop/Applications/GitLab/cms-backend/node_modules/mysql/lib/protocol/Parser.js:75:12)
    at Protocol.write (/Users/mac/Desktop/Applications/GitLab/cms-backend/node_modules/mysql/lib/protocol/Protocol.js:39:16)
    at Socket.<anonymous> (/Users/mac/Desktop/Applications/GitLab/cms-backend/node_modules/mysql/lib/Connection.js:103:28)
    at emitOne (events.js:96:13)
    at Socket.emit (events.js:188:7)
    at readableAddChunk (_stream_readable.js:176:18)
  domain: 
   Domain {
     domain: null,
     _events: { error: [Function] },
     _eventsCount: 1,
     _maxListeners: undefined,
     members: [] },
  domainThrown: true }
[2017-11-21 18:04:20.029] [ERROR] system - error in domain { ReferenceError: nType is not defined
    at /Users/mac/Desktop/Applications/GitLab/cms-backend/src/controllers/news/news.controller.js:43:26
    at /Users/mac/Desktop/Applications/GitLab/cms-backend/src/services/news/news.service.js:18:10
    at /Users/mac/Desktop/Applications/GitLab/cms-backend/src/lib/mysqldb.lib.js:160:16
    at Query.<anonymous> (/Users/mac/Desktop/Applications/GitLab/cms-backend/src/lib/mysqldb.lib.js:49:13)
    at bound (domain.js:280:14)
    at Query.runBound [as _callback] (domain.js:293:12)
    at Query.Sequence.end (/Users/mac/Desktop/Applications/GitLab/cms-backend/node_modules/mysql/lib/protocol/sequences/Sequence.js:86:24)
    at Query._handleFinalResultPacket (/Users/mac/Desktop/Applications/GitLab/cms-backend/node_modules/mysql/lib/protocol/sequences/Query.js:137:8)
    at Query.EofPacket (/Users/mac/Desktop/Applications/GitLab/cms-backend/node_modules/mysql/lib/protocol/sequences/Query.js:121:8)
    at Protocol._parsePacket (/Users/mac/Desktop/Applications/GitLab/cms-backend/node_modules/mysql/lib/protocol/Protocol.js:280:23)
    at Parser.write (/Users/mac/Desktop/Applications/GitLab/cms-backend/node_modules/mysql/lib/protocol/Parser.js:75:12)
    at Protocol.write (/Users/mac/Desktop/Applications/GitLab/cms-backend/node_modules/mysql/lib/protocol/Protocol.js:39:16)
    at Socket.<anonymous> (/Users/mac/Desktop/Applications/GitLab/cms-backend/node_modules/mysql/lib/Connection.js:103:28)
    at emitOne (events.js:96:13)
    at Socket.emit (events.js:188:7)
    at readableAddChunk (_stream_readable.js:176:18)
  domain: 
   Domain {
     domain: null,
     _events: { error: [Function] },
     _eventsCount: 1,
     _maxListeners: undefined,
     members: [] },
  domainThrown: true }
[2017-11-21 18:04:43.370] [ERROR] system - error in domain { ReferenceError: nType is not defined
    at /Users/mac/Desktop/Applications/GitLab/cms-backend/src/controllers/news/news.controller.js:43:26
    at /Users/mac/Desktop/Applications/GitLab/cms-backend/src/services/news/news.service.js:18:10
    at /Users/mac/Desktop/Applications/GitLab/cms-backend/src/lib/mysqldb.lib.js:160:16
    at Query.<anonymous> (/Users/mac/Desktop/Applications/GitLab/cms-backend/src/lib/mysqldb.lib.js:49:13)
    at bound (domain.js:280:14)
    at Query.runBound [as _callback] (domain.js:293:12)
    at Query.Sequence.end (/Users/mac/Desktop/Applications/GitLab/cms-backend/node_modules/mysql/lib/protocol/sequences/Sequence.js:86:24)
    at Query._handleFinalResultPacket (/Users/mac/Desktop/Applications/GitLab/cms-backend/node_modules/mysql/lib/protocol/sequences/Query.js:137:8)
    at Query.EofPacket (/Users/mac/Desktop/Applications/GitLab/cms-backend/node_modules/mysql/lib/protocol/sequences/Query.js:121:8)
    at Protocol._parsePacket (/Users/mac/Desktop/Applications/GitLab/cms-backend/node_modules/mysql/lib/protocol/Protocol.js:280:23)
    at Parser.write (/Users/mac/Desktop/Applications/GitLab/cms-backend/node_modules/mysql/lib/protocol/Parser.js:75:12)
    at Protocol.write (/Users/mac/Desktop/Applications/GitLab/cms-backend/node_modules/mysql/lib/protocol/Protocol.js:39:16)
    at Socket.<anonymous> (/Users/mac/Desktop/Applications/GitLab/cms-backend/node_modules/mysql/lib/Connection.js:103:28)
    at emitOne (events.js:96:13)
    at Socket.emit (events.js:188:7)
    at readableAddChunk (_stream_readable.js:176:18)
  domain: 
   Domain {
     domain: null,
     _events: { error: [Function] },
     _eventsCount: 1,
     _maxListeners: undefined,
     members: [] },
  domainThrown: true }
[2017-11-21 18:04:45.111] [ERROR] system - error in domain { ReferenceError: nType is not defined
    at /Users/mac/Desktop/Applications/GitLab/cms-backend/src/controllers/news/news.controller.js:43:26
    at /Users/mac/Desktop/Applications/GitLab/cms-backend/src/services/news/news.service.js:18:10
    at /Users/mac/Desktop/Applications/GitLab/cms-backend/src/lib/mysqldb.lib.js:160:16
    at Query.<anonymous> (/Users/mac/Desktop/Applications/GitLab/cms-backend/src/lib/mysqldb.lib.js:49:13)
    at bound (domain.js:280:14)
    at Query.runBound [as _callback] (domain.js:293:12)
    at Query.Sequence.end (/Users/mac/Desktop/Applications/GitLab/cms-backend/node_modules/mysql/lib/protocol/sequences/Sequence.js:86:24)
    at Query._handleFinalResultPacket (/Users/mac/Desktop/Applications/GitLab/cms-backend/node_modules/mysql/lib/protocol/sequences/Query.js:137:8)
    at Query.EofPacket (/Users/mac/Desktop/Applications/GitLab/cms-backend/node_modules/mysql/lib/protocol/sequences/Query.js:121:8)
    at Protocol._parsePacket (/Users/mac/Desktop/Applications/GitLab/cms-backend/node_modules/mysql/lib/protocol/Protocol.js:280:23)
    at Parser.write (/Users/mac/Desktop/Applications/GitLab/cms-backend/node_modules/mysql/lib/protocol/Parser.js:75:12)
    at Protocol.write (/Users/mac/Desktop/Applications/GitLab/cms-backend/node_modules/mysql/lib/protocol/Protocol.js:39:16)
    at Socket.<anonymous> (/Users/mac/Desktop/Applications/GitLab/cms-backend/node_modules/mysql/lib/Connection.js:103:28)
    at emitOne (events.js:96:13)
    at Socket.emit (events.js:188:7)
    at readableAddChunk (_stream_readable.js:176:18)
  domain: 
   Domain {
     domain: null,
     _events: { error: [Function] },
     _eventsCount: 1,
     _maxListeners: undefined,
     members: [] },
  domainThrown: true }
[2017-11-21 18:07:12.465] [ERROR] system - error in domain { ReferenceError: nType is not defined
    at /Users/mac/Desktop/Applications/GitLab/cms-backend/src/controllers/news/news.controller.js:43:26
    at /Users/mac/Desktop/Applications/GitLab/cms-backend/src/services/news/news.service.js:18:10
    at /Users/mac/Desktop/Applications/GitLab/cms-backend/src/lib/mysqldb.lib.js:160:16
    at Query.<anonymous> (/Users/mac/Desktop/Applications/GitLab/cms-backend/src/lib/mysqldb.lib.js:49:13)
    at bound (domain.js:280:14)
    at Query.runBound [as _callback] (domain.js:293:12)
    at Query.Sequence.end (/Users/mac/Desktop/Applications/GitLab/cms-backend/node_modules/mysql/lib/protocol/sequences/Sequence.js:86:24)
    at Query._handleFinalResultPacket (/Users/mac/Desktop/Applications/GitLab/cms-backend/node_modules/mysql/lib/protocol/sequences/Query.js:137:8)
    at Query.EofPacket (/Users/mac/Desktop/Applications/GitLab/cms-backend/node_modules/mysql/lib/protocol/sequences/Query.js:121:8)
    at Protocol._parsePacket (/Users/mac/Desktop/Applications/GitLab/cms-backend/node_modules/mysql/lib/protocol/Protocol.js:280:23)
    at Parser.write (/Users/mac/Desktop/Applications/GitLab/cms-backend/node_modules/mysql/lib/protocol/Parser.js:75:12)
    at Protocol.write (/Users/mac/Desktop/Applications/GitLab/cms-backend/node_modules/mysql/lib/protocol/Protocol.js:39:16)
    at Socket.<anonymous> (/Users/mac/Desktop/Applications/GitLab/cms-backend/node_modules/mysql/lib/Connection.js:103:28)
    at emitOne (events.js:96:13)
    at Socket.emit (events.js:188:7)
    at readableAddChunk (_stream_readable.js:176:18)
  domain: 
   Domain {
     domain: null,
     _events: { error: [Function] },
     _eventsCount: 1,
     _maxListeners: undefined,
     members: [] },
  domainThrown: true }
[2017-11-21 18:07:49.338] [ERROR] system - error in domain { ReferenceError: nType is not defined
    at /Users/mac/Desktop/Applications/GitLab/cms-backend/src/controllers/news/news.controller.js:43:26
    at /Users/mac/Desktop/Applications/GitLab/cms-backend/src/services/news/news.service.js:18:10
    at /Users/mac/Desktop/Applications/GitLab/cms-backend/src/lib/mysqldb.lib.js:160:16
    at Query.<anonymous> (/Users/mac/Desktop/Applications/GitLab/cms-backend/src/lib/mysqldb.lib.js:49:13)
    at bound (domain.js:280:14)
    at Query.runBound [as _callback] (domain.js:293:12)
    at Query.Sequence.end (/Users/mac/Desktop/Applications/GitLab/cms-backend/node_modules/mysql/lib/protocol/sequences/Sequence.js:86:24)
    at Query._handleFinalResultPacket (/Users/mac/Desktop/Applications/GitLab/cms-backend/node_modules/mysql/lib/protocol/sequences/Query.js:137:8)
    at Query.EofPacket (/Users/mac/Desktop/Applications/GitLab/cms-backend/node_modules/mysql/lib/protocol/sequences/Query.js:121:8)
    at Protocol._parsePacket (/Users/mac/Desktop/Applications/GitLab/cms-backend/node_modules/mysql/lib/protocol/Protocol.js:280:23)
    at Parser.write (/Users/mac/Desktop/Applications/GitLab/cms-backend/node_modules/mysql/lib/protocol/Parser.js:75:12)
    at Protocol.write (/Users/mac/Desktop/Applications/GitLab/cms-backend/node_modules/mysql/lib/protocol/Protocol.js:39:16)
    at Socket.<anonymous> (/Users/mac/Desktop/Applications/GitLab/cms-backend/node_modules/mysql/lib/Connection.js:103:28)
    at emitOne (events.js:96:13)
    at Socket.emit (events.js:188:7)
    at readableAddChunk (_stream_readable.js:176:18)
  domain: 
   Domain {
     domain: null,
     _events: { error: [Function] },
     _eventsCount: 1,
     _maxListeners: undefined,
     members: [] },
  domainThrown: true }
[2017-11-21 18:08:06.019] [ERROR] system - error in domain { ReferenceError: nType is not defined
    at /Users/mac/Desktop/Applications/GitLab/cms-backend/src/controllers/news/news.controller.js:43:26
    at /Users/mac/Desktop/Applications/GitLab/cms-backend/src/services/news/news.service.js:18:10
    at /Users/mac/Desktop/Applications/GitLab/cms-backend/src/lib/mysqldb.lib.js:160:16
    at Query.<anonymous> (/Users/mac/Desktop/Applications/GitLab/cms-backend/src/lib/mysqldb.lib.js:49:13)
    at bound (domain.js:280:14)
    at Query.runBound [as _callback] (domain.js:293:12)
    at Query.Sequence.end (/Users/mac/Desktop/Applications/GitLab/cms-backend/node_modules/mysql/lib/protocol/sequences/Sequence.js:86:24)
    at Query._handleFinalResultPacket (/Users/mac/Desktop/Applications/GitLab/cms-backend/node_modules/mysql/lib/protocol/sequences/Query.js:137:8)
    at Query.EofPacket (/Users/mac/Desktop/Applications/GitLab/cms-backend/node_modules/mysql/lib/protocol/sequences/Query.js:121:8)
    at Protocol._parsePacket (/Users/mac/Desktop/Applications/GitLab/cms-backend/node_modules/mysql/lib/protocol/Protocol.js:280:23)
    at Parser.write (/Users/mac/Desktop/Applications/GitLab/cms-backend/node_modules/mysql/lib/protocol/Parser.js:75:12)
    at Protocol.write (/Users/mac/Desktop/Applications/GitLab/cms-backend/node_modules/mysql/lib/protocol/Protocol.js:39:16)
    at Socket.<anonymous> (/Users/mac/Desktop/Applications/GitLab/cms-backend/node_modules/mysql/lib/Connection.js:103:28)
    at emitOne (events.js:96:13)
    at Socket.emit (events.js:188:7)
    at readableAddChunk (_stream_readable.js:176:18)
  domain: 
   Domain {
     domain: null,
     _events: { error: [Function] },
     _eventsCount: 1,
     _maxListeners: undefined,
     members: [] },
  domainThrown: true }
[2017-11-21 18:08:34.883] [ERROR] system - error in domain { ReferenceError: nType is not defined
    at /Users/mac/Desktop/Applications/GitLab/cms-backend/src/controllers/news/news.controller.js:43:26
    at /Users/mac/Desktop/Applications/GitLab/cms-backend/src/services/news/news.service.js:18:10
    at /Users/mac/Desktop/Applications/GitLab/cms-backend/src/lib/mysqldb.lib.js:160:16
    at Query.<anonymous> (/Users/mac/Desktop/Applications/GitLab/cms-backend/src/lib/mysqldb.lib.js:49:13)
    at bound (domain.js:280:14)
    at Query.runBound [as _callback] (domain.js:293:12)
    at Query.Sequence.end (/Users/mac/Desktop/Applications/GitLab/cms-backend/node_modules/mysql/lib/protocol/sequences/Sequence.js:86:24)
    at Query._handleFinalResultPacket (/Users/mac/Desktop/Applications/GitLab/cms-backend/node_modules/mysql/lib/protocol/sequences/Query.js:137:8)
    at Query.EofPacket (/Users/mac/Desktop/Applications/GitLab/cms-backend/node_modules/mysql/lib/protocol/sequences/Query.js:121:8)
    at Protocol._parsePacket (/Users/mac/Desktop/Applications/GitLab/cms-backend/node_modules/mysql/lib/protocol/Protocol.js:280:23)
    at Parser.write (/Users/mac/Desktop/Applications/GitLab/cms-backend/node_modules/mysql/lib/protocol/Parser.js:75:12)
    at Protocol.write (/Users/mac/Desktop/Applications/GitLab/cms-backend/node_modules/mysql/lib/protocol/Protocol.js:39:16)
    at Socket.<anonymous> (/Users/mac/Desktop/Applications/GitLab/cms-backend/node_modules/mysql/lib/Connection.js:103:28)
    at emitOne (events.js:96:13)
    at Socket.emit (events.js:188:7)
    at readableAddChunk (_stream_readable.js:176:18)
  domain: 
   Domain {
     domain: null,
     _events: { error: [Function] },
     _eventsCount: 1,
     _maxListeners: undefined,
     members: [] },
  domainThrown: true }
[2017-11-21 18:08:44.421] [ERROR] system - error in domain { ReferenceError: nType is not defined
    at /Users/mac/Desktop/Applications/GitLab/cms-backend/src/controllers/news/news.controller.js:43:26
    at /Users/mac/Desktop/Applications/GitLab/cms-backend/src/services/news/news.service.js:18:10
    at /Users/mac/Desktop/Applications/GitLab/cms-backend/src/lib/mysqldb.lib.js:160:16
    at Query.<anonymous> (/Users/mac/Desktop/Applications/GitLab/cms-backend/src/lib/mysqldb.lib.js:49:13)
    at bound (domain.js:280:14)
    at Query.runBound [as _callback] (domain.js:293:12)
    at Query.Sequence.end (/Users/mac/Desktop/Applications/GitLab/cms-backend/node_modules/mysql/lib/protocol/sequences/Sequence.js:86:24)
    at Query._handleFinalResultPacket (/Users/mac/Desktop/Applications/GitLab/cms-backend/node_modules/mysql/lib/protocol/sequences/Query.js:137:8)
    at Query.EofPacket (/Users/mac/Desktop/Applications/GitLab/cms-backend/node_modules/mysql/lib/protocol/sequences/Query.js:121:8)
    at Protocol._parsePacket (/Users/mac/Desktop/Applications/GitLab/cms-backend/node_modules/mysql/lib/protocol/Protocol.js:280:23)
    at Parser.write (/Users/mac/Desktop/Applications/GitLab/cms-backend/node_modules/mysql/lib/protocol/Parser.js:75:12)
    at Protocol.write (/Users/mac/Desktop/Applications/GitLab/cms-backend/node_modules/mysql/lib/protocol/Protocol.js:39:16)
    at Socket.<anonymous> (/Users/mac/Desktop/Applications/GitLab/cms-backend/node_modules/mysql/lib/Connection.js:103:28)
    at emitOne (events.js:96:13)
    at Socket.emit (events.js:188:7)
    at readableAddChunk (_stream_readable.js:176:18)
  domain: 
   Domain {
     domain: null,
     _events: { error: [Function] },
     _eventsCount: 1,
     _maxListeners: undefined,
     members: [] },
  domainThrown: true }
[2017-11-21 18:08:46.678] [ERROR] system - error in domain { ReferenceError: nType is not defined
    at /Users/mac/Desktop/Applications/GitLab/cms-backend/src/controllers/news/news.controller.js:43:26
    at /Users/mac/Desktop/Applications/GitLab/cms-backend/src/services/news/news.service.js:18:10
    at /Users/mac/Desktop/Applications/GitLab/cms-backend/src/lib/mysqldb.lib.js:160:16
    at Query.<anonymous> (/Users/mac/Desktop/Applications/GitLab/cms-backend/src/lib/mysqldb.lib.js:49:13)
    at bound (domain.js:280:14)
    at Query.runBound [as _callback] (domain.js:293:12)
    at Query.Sequence.end (/Users/mac/Desktop/Applications/GitLab/cms-backend/node_modules/mysql/lib/protocol/sequences/Sequence.js:86:24)
    at Query._handleFinalResultPacket (/Users/mac/Desktop/Applications/GitLab/cms-backend/node_modules/mysql/lib/protocol/sequences/Query.js:137:8)
    at Query.EofPacket (/Users/mac/Desktop/Applications/GitLab/cms-backend/node_modules/mysql/lib/protocol/sequences/Query.js:121:8)
    at Protocol._parsePacket (/Users/mac/Desktop/Applications/GitLab/cms-backend/node_modules/mysql/lib/protocol/Protocol.js:280:23)
    at Parser.write (/Users/mac/Desktop/Applications/GitLab/cms-backend/node_modules/mysql/lib/protocol/Parser.js:75:12)
    at Protocol.write (/Users/mac/Desktop/Applications/GitLab/cms-backend/node_modules/mysql/lib/protocol/Protocol.js:39:16)
    at Socket.<anonymous> (/Users/mac/Desktop/Applications/GitLab/cms-backend/node_modules/mysql/lib/Connection.js:103:28)
    at emitOne (events.js:96:13)
    at Socket.emit (events.js:188:7)
    at readableAddChunk (_stream_readable.js:176:18)
  domain: 
   Domain {
     domain: null,
     _events: { error: [Function] },
     _eventsCount: 1,
     _maxListeners: undefined,
     members: [] },
  domainThrown: true }
[2017-11-21 18:11:07.502] [ERROR] system - error in domain { ReferenceError: nType is not defined
    at /Users/mac/Desktop/Applications/GitLab/cms-backend/src/controllers/news/news.controller.js:43:26
    at /Users/mac/Desktop/Applications/GitLab/cms-backend/src/services/news/news.service.js:18:10
    at /Users/mac/Desktop/Applications/GitLab/cms-backend/src/lib/mysqldb.lib.js:160:16
    at Query.<anonymous> (/Users/mac/Desktop/Applications/GitLab/cms-backend/src/lib/mysqldb.lib.js:49:13)
    at bound (domain.js:280:14)
    at Query.runBound [as _callback] (domain.js:293:12)
    at Query.Sequence.end (/Users/mac/Desktop/Applications/GitLab/cms-backend/node_modules/mysql/lib/protocol/sequences/Sequence.js:86:24)
    at Query._handleFinalResultPacket (/Users/mac/Desktop/Applications/GitLab/cms-backend/node_modules/mysql/lib/protocol/sequences/Query.js:137:8)
    at Query.EofPacket (/Users/mac/Desktop/Applications/GitLab/cms-backend/node_modules/mysql/lib/protocol/sequences/Query.js:121:8)
    at Protocol._parsePacket (/Users/mac/Desktop/Applications/GitLab/cms-backend/node_modules/mysql/lib/protocol/Protocol.js:280:23)
    at Parser.write (/Users/mac/Desktop/Applications/GitLab/cms-backend/node_modules/mysql/lib/protocol/Parser.js:75:12)
    at Protocol.write (/Users/mac/Desktop/Applications/GitLab/cms-backend/node_modules/mysql/lib/protocol/Protocol.js:39:16)
    at Socket.<anonymous> (/Users/mac/Desktop/Applications/GitLab/cms-backend/node_modules/mysql/lib/Connection.js:103:28)
    at emitOne (events.js:96:13)
    at Socket.emit (events.js:188:7)
    at readableAddChunk (_stream_readable.js:176:18)
  domain: 
   Domain {
     domain: null,
     _events: { error: [Function] },
     _eventsCount: 1,
     _maxListeners: undefined,
     members: [] },
  domainThrown: true }
[2017-11-21 18:13:11.004] [ERROR] system - error in domain { ReferenceError: nType is not defined
    at /Users/mac/Desktop/Applications/GitLab/cms-backend/src/controllers/news/news.controller.js:43:26
    at /Users/mac/Desktop/Applications/GitLab/cms-backend/src/services/news/news.service.js:18:10
    at /Users/mac/Desktop/Applications/GitLab/cms-backend/src/lib/mysqldb.lib.js:160:16
    at Query.<anonymous> (/Users/mac/Desktop/Applications/GitLab/cms-backend/src/lib/mysqldb.lib.js:49:13)
    at bound (domain.js:280:14)
    at Query.runBound [as _callback] (domain.js:293:12)
    at Query.Sequence.end (/Users/mac/Desktop/Applications/GitLab/cms-backend/node_modules/mysql/lib/protocol/sequences/Sequence.js:86:24)
    at Query._handleFinalResultPacket (/Users/mac/Desktop/Applications/GitLab/cms-backend/node_modules/mysql/lib/protocol/sequences/Query.js:137:8)
    at Query.EofPacket (/Users/mac/Desktop/Applications/GitLab/cms-backend/node_modules/mysql/lib/protocol/sequences/Query.js:121:8)
    at Protocol._parsePacket (/Users/mac/Desktop/Applications/GitLab/cms-backend/node_modules/mysql/lib/protocol/Protocol.js:280:23)
    at Parser.write (/Users/mac/Desktop/Applications/GitLab/cms-backend/node_modules/mysql/lib/protocol/Parser.js:75:12)
    at Protocol.write (/Users/mac/Desktop/Applications/GitLab/cms-backend/node_modules/mysql/lib/protocol/Protocol.js:39:16)
    at Socket.<anonymous> (/Users/mac/Desktop/Applications/GitLab/cms-backend/node_modules/mysql/lib/Connection.js:103:28)
    at emitOne (events.js:96:13)
    at Socket.emit (events.js:188:7)
    at readableAddChunk (_stream_readable.js:176:18)
  domain: 
   Domain {
     domain: null,
     _events: { error: [Function] },
     _eventsCount: 1,
     _maxListeners: undefined,
     members: [] },
  domainThrown: true }
[2017-11-21 18:13:12.447] [ERROR] system - error in domain { ReferenceError: nType is not defined
    at /Users/mac/Desktop/Applications/GitLab/cms-backend/src/controllers/news/news.controller.js:43:26
    at /Users/mac/Desktop/Applications/GitLab/cms-backend/src/services/news/news.service.js:18:10
    at /Users/mac/Desktop/Applications/GitLab/cms-backend/src/lib/mysqldb.lib.js:160:16
    at Query.<anonymous> (/Users/mac/Desktop/Applications/GitLab/cms-backend/src/lib/mysqldb.lib.js:49:13)
    at bound (domain.js:280:14)
    at Query.runBound [as _callback] (domain.js:293:12)
    at Query.Sequence.end (/Users/mac/Desktop/Applications/GitLab/cms-backend/node_modules/mysql/lib/protocol/sequences/Sequence.js:86:24)
    at Query._handleFinalResultPacket (/Users/mac/Desktop/Applications/GitLab/cms-backend/node_modules/mysql/lib/protocol/sequences/Query.js:137:8)
    at Query.EofPacket (/Users/mac/Desktop/Applications/GitLab/cms-backend/node_modules/mysql/lib/protocol/sequences/Query.js:121:8)
    at Protocol._parsePacket (/Users/mac/Desktop/Applications/GitLab/cms-backend/node_modules/mysql/lib/protocol/Protocol.js:280:23)
    at Parser.write (/Users/mac/Desktop/Applications/GitLab/cms-backend/node_modules/mysql/lib/protocol/Parser.js:75:12)
    at Protocol.write (/Users/mac/Desktop/Applications/GitLab/cms-backend/node_modules/mysql/lib/protocol/Protocol.js:39:16)
    at Socket.<anonymous> (/Users/mac/Desktop/Applications/GitLab/cms-backend/node_modules/mysql/lib/Connection.js:103:28)
    at emitOne (events.js:96:13)
    at Socket.emit (events.js:188:7)
    at readableAddChunk (_stream_readable.js:176:18)
  domain: 
   Domain {
     domain: null,
     _events: { error: [Function] },
     _eventsCount: 1,
     _maxListeners: undefined,
     members: [] },
  domainThrown: true }
[2017-11-21 18:20:37.981] [ERROR] system - error in domain { ReferenceError: nType is not defined
    at /Users/mac/Desktop/Applications/GitLab/cms-backend/src/controllers/news/news.controller.js:43:26
    at /Users/mac/Desktop/Applications/GitLab/cms-backend/src/services/news/news.service.js:18:10
    at /Users/mac/Desktop/Applications/GitLab/cms-backend/src/lib/mysqldb.lib.js:160:16
    at Query.<anonymous> (/Users/mac/Desktop/Applications/GitLab/cms-backend/src/lib/mysqldb.lib.js:49:13)
    at bound (domain.js:280:14)
    at Query.runBound [as _callback] (domain.js:293:12)
    at Query.Sequence.end (/Users/mac/Desktop/Applications/GitLab/cms-backend/node_modules/mysql/lib/protocol/sequences/Sequence.js:86:24)
    at Query._handleFinalResultPacket (/Users/mac/Desktop/Applications/GitLab/cms-backend/node_modules/mysql/lib/protocol/sequences/Query.js:137:8)
    at Query.EofPacket (/Users/mac/Desktop/Applications/GitLab/cms-backend/node_modules/mysql/lib/protocol/sequences/Query.js:121:8)
    at Protocol._parsePacket (/Users/mac/Desktop/Applications/GitLab/cms-backend/node_modules/mysql/lib/protocol/Protocol.js:280:23)
    at Parser.write (/Users/mac/Desktop/Applications/GitLab/cms-backend/node_modules/mysql/lib/protocol/Parser.js:75:12)
    at Protocol.write (/Users/mac/Desktop/Applications/GitLab/cms-backend/node_modules/mysql/lib/protocol/Protocol.js:39:16)
    at Socket.<anonymous> (/Users/mac/Desktop/Applications/GitLab/cms-backend/node_modules/mysql/lib/Connection.js:103:28)
    at emitOne (events.js:96:13)
    at Socket.emit (events.js:188:7)
    at readableAddChunk (_stream_readable.js:176:18)
  domain: 
   Domain {
     domain: null,
     _events: { error: [Function] },
     _eventsCount: 1,
     _maxListeners: undefined,
     members: [] },
  domainThrown: true }
[2017-11-21 18:21:21.716] [ERROR] system - error in domain { ReferenceError: nType is not defined
    at /Users/mac/Desktop/Applications/GitLab/cms-backend/src/controllers/news/news.controller.js:43:26
    at /Users/mac/Desktop/Applications/GitLab/cms-backend/src/services/news/news.service.js:18:10
    at /Users/mac/Desktop/Applications/GitLab/cms-backend/src/lib/mysqldb.lib.js:160:16
    at Query.<anonymous> (/Users/mac/Desktop/Applications/GitLab/cms-backend/src/lib/mysqldb.lib.js:49:13)
    at bound (domain.js:280:14)
    at Query.runBound [as _callback] (domain.js:293:12)
    at Query.Sequence.end (/Users/mac/Desktop/Applications/GitLab/cms-backend/node_modules/mysql/lib/protocol/sequences/Sequence.js:86:24)
    at Query._handleFinalResultPacket (/Users/mac/Desktop/Applications/GitLab/cms-backend/node_modules/mysql/lib/protocol/sequences/Query.js:137:8)
    at Query.EofPacket (/Users/mac/Desktop/Applications/GitLab/cms-backend/node_modules/mysql/lib/protocol/sequences/Query.js:121:8)
    at Protocol._parsePacket (/Users/mac/Desktop/Applications/GitLab/cms-backend/node_modules/mysql/lib/protocol/Protocol.js:280:23)
    at Parser.write (/Users/mac/Desktop/Applications/GitLab/cms-backend/node_modules/mysql/lib/protocol/Parser.js:75:12)
    at Protocol.write (/Users/mac/Desktop/Applications/GitLab/cms-backend/node_modules/mysql/lib/protocol/Protocol.js:39:16)
    at Socket.<anonymous> (/Users/mac/Desktop/Applications/GitLab/cms-backend/node_modules/mysql/lib/Connection.js:103:28)
    at emitOne (events.js:96:13)
    at Socket.emit (events.js:188:7)
    at readableAddChunk (_stream_readable.js:176:18)
  domain: 
   Domain {
     domain: null,
     _events: { error: [Function] },
     _eventsCount: 1,
     _maxListeners: undefined,
     members: [] },
  domainThrown: true }
[2017-11-21 18:25:55.681] [ERROR] system - error in domain { ReferenceError: nType is not defined
    at /Users/mac/Desktop/Applications/GitLab/cms-backend/src/controllers/news/news.controller.js:43:26
    at /Users/mac/Desktop/Applications/GitLab/cms-backend/src/services/news/news.service.js:18:10
    at /Users/mac/Desktop/Applications/GitLab/cms-backend/src/lib/mysqldb.lib.js:160:16
    at Query.<anonymous> (/Users/mac/Desktop/Applications/GitLab/cms-backend/src/lib/mysqldb.lib.js:49:13)
    at bound (domain.js:280:14)
    at Query.runBound [as _callback] (domain.js:293:12)
    at Query.Sequence.end (/Users/mac/Desktop/Applications/GitLab/cms-backend/node_modules/mysql/lib/protocol/sequences/Sequence.js:86:24)
    at Query._handleFinalResultPacket (/Users/mac/Desktop/Applications/GitLab/cms-backend/node_modules/mysql/lib/protocol/sequences/Query.js:137:8)
    at Query.EofPacket (/Users/mac/Desktop/Applications/GitLab/cms-backend/node_modules/mysql/lib/protocol/sequences/Query.js:121:8)
    at Protocol._parsePacket (/Users/mac/Desktop/Applications/GitLab/cms-backend/node_modules/mysql/lib/protocol/Protocol.js:280:23)
    at Parser.write (/Users/mac/Desktop/Applications/GitLab/cms-backend/node_modules/mysql/lib/protocol/Parser.js:75:12)
    at Protocol.write (/Users/mac/Desktop/Applications/GitLab/cms-backend/node_modules/mysql/lib/protocol/Protocol.js:39:16)
    at Socket.<anonymous> (/Users/mac/Desktop/Applications/GitLab/cms-backend/node_modules/mysql/lib/Connection.js:103:28)
    at emitOne (events.js:96:13)
    at Socket.emit (events.js:188:7)
    at readableAddChunk (_stream_readable.js:176:18)
  domain: 
   Domain {
     domain: null,
     _events: { error: [Function] },
     _eventsCount: 1,
     _maxListeners: undefined,
     members: [] },
  domainThrown: true }
[2017-11-21 18:26:11.066] [ERROR] system - error in domain { ReferenceError: nType is not defined
    at /Users/mac/Desktop/Applications/GitLab/cms-backend/src/controllers/news/news.controller.js:43:26
    at /Users/mac/Desktop/Applications/GitLab/cms-backend/src/services/news/news.service.js:18:10
    at /Users/mac/Desktop/Applications/GitLab/cms-backend/src/lib/mysqldb.lib.js:160:16
    at Query.<anonymous> (/Users/mac/Desktop/Applications/GitLab/cms-backend/src/lib/mysqldb.lib.js:49:13)
    at bound (domain.js:280:14)
    at Query.runBound [as _callback] (domain.js:293:12)
    at Query.Sequence.end (/Users/mac/Desktop/Applications/GitLab/cms-backend/node_modules/mysql/lib/protocol/sequences/Sequence.js:86:24)
    at Query._handleFinalResultPacket (/Users/mac/Desktop/Applications/GitLab/cms-backend/node_modules/mysql/lib/protocol/sequences/Query.js:137:8)
    at Query.EofPacket (/Users/mac/Desktop/Applications/GitLab/cms-backend/node_modules/mysql/lib/protocol/sequences/Query.js:121:8)
    at Protocol._parsePacket (/Users/mac/Desktop/Applications/GitLab/cms-backend/node_modules/mysql/lib/protocol/Protocol.js:280:23)
    at Parser.write (/Users/mac/Desktop/Applications/GitLab/cms-backend/node_modules/mysql/lib/protocol/Parser.js:75:12)
    at Protocol.write (/Users/mac/Desktop/Applications/GitLab/cms-backend/node_modules/mysql/lib/protocol/Protocol.js:39:16)
    at Socket.<anonymous> (/Users/mac/Desktop/Applications/GitLab/cms-backend/node_modules/mysql/lib/Connection.js:103:28)
    at emitOne (events.js:96:13)
    at Socket.emit (events.js:188:7)
    at readableAddChunk (_stream_readable.js:176:18)
  domain: 
   Domain {
     domain: null,
     _events: { error: [Function] },
     _eventsCount: 1,
     _maxListeners: undefined,
     members: [] },
  domainThrown: true }
[2017-11-21 18:26:47.953] [ERROR] system - error in domain { ReferenceError: nType is not defined
    at /Users/mac/Desktop/Applications/GitLab/cms-backend/src/controllers/news/news.controller.js:43:26
    at /Users/mac/Desktop/Applications/GitLab/cms-backend/src/services/news/news.service.js:18:10
    at /Users/mac/Desktop/Applications/GitLab/cms-backend/src/lib/mysqldb.lib.js:160:16
    at Query.<anonymous> (/Users/mac/Desktop/Applications/GitLab/cms-backend/src/lib/mysqldb.lib.js:49:13)
    at bound (domain.js:280:14)
    at Query.runBound [as _callback] (domain.js:293:12)
    at Query.Sequence.end (/Users/mac/Desktop/Applications/GitLab/cms-backend/node_modules/mysql/lib/protocol/sequences/Sequence.js:86:24)
    at Query._handleFinalResultPacket (/Users/mac/Desktop/Applications/GitLab/cms-backend/node_modules/mysql/lib/protocol/sequences/Query.js:137:8)
    at Query.EofPacket (/Users/mac/Desktop/Applications/GitLab/cms-backend/node_modules/mysql/lib/protocol/sequences/Query.js:121:8)
    at Protocol._parsePacket (/Users/mac/Desktop/Applications/GitLab/cms-backend/node_modules/mysql/lib/protocol/Protocol.js:280:23)
    at Parser.write (/Users/mac/Desktop/Applications/GitLab/cms-backend/node_modules/mysql/lib/protocol/Parser.js:75:12)
    at Protocol.write (/Users/mac/Desktop/Applications/GitLab/cms-backend/node_modules/mysql/lib/protocol/Protocol.js:39:16)
    at Socket.<anonymous> (/Users/mac/Desktop/Applications/GitLab/cms-backend/node_modules/mysql/lib/Connection.js:103:28)
    at emitOne (events.js:96:13)
    at Socket.emit (events.js:188:7)
    at readableAddChunk (_stream_readable.js:176:18)
  domain: 
   Domain {
     domain: null,
     _events: { error: [Function] },
     _eventsCount: 1,
     _maxListeners: undefined,
     members: [] },
  domainThrown: true }
[2017-11-21 18:27:58.638] [ERROR] system - error in domain { ReferenceError: nType is not defined
    at /Users/mac/Desktop/Applications/GitLab/cms-backend/src/controllers/news/news.controller.js:43:26
    at /Users/mac/Desktop/Applications/GitLab/cms-backend/src/services/news/news.service.js:18:10
    at /Users/mac/Desktop/Applications/GitLab/cms-backend/src/lib/mysqldb.lib.js:160:16
    at Query.<anonymous> (/Users/mac/Desktop/Applications/GitLab/cms-backend/src/lib/mysqldb.lib.js:49:13)
    at bound (domain.js:280:14)
    at Query.runBound [as _callback] (domain.js:293:12)
    at Query.Sequence.end (/Users/mac/Desktop/Applications/GitLab/cms-backend/node_modules/mysql/lib/protocol/sequences/Sequence.js:86:24)
    at Query._handleFinalResultPacket (/Users/mac/Desktop/Applications/GitLab/cms-backend/node_modules/mysql/lib/protocol/sequences/Query.js:137:8)
    at Query.EofPacket (/Users/mac/Desktop/Applications/GitLab/cms-backend/node_modules/mysql/lib/protocol/sequences/Query.js:121:8)
    at Protocol._parsePacket (/Users/mac/Desktop/Applications/GitLab/cms-backend/node_modules/mysql/lib/protocol/Protocol.js:280:23)
    at Parser.write (/Users/mac/Desktop/Applications/GitLab/cms-backend/node_modules/mysql/lib/protocol/Parser.js:75:12)
    at Protocol.write (/Users/mac/Desktop/Applications/GitLab/cms-backend/node_modules/mysql/lib/protocol/Protocol.js:39:16)
    at Socket.<anonymous> (/Users/mac/Desktop/Applications/GitLab/cms-backend/node_modules/mysql/lib/Connection.js:103:28)
    at emitOne (events.js:96:13)
    at Socket.emit (events.js:188:7)
    at readableAddChunk (_stream_readable.js:176:18)
  domain: 
   Domain {
     domain: null,
     _events: { error: [Function] },
     _eventsCount: 1,
     _maxListeners: undefined,
     members: [] },
  domainThrown: true }
[2017-11-21 18:30:45.816] [ERROR] system - error in domain { ReferenceError: nType is not defined
    at /Users/mac/Desktop/Applications/GitLab/cms-backend/src/controllers/news/news.controller.js:43:26
    at /Users/mac/Desktop/Applications/GitLab/cms-backend/src/services/news/news.service.js:18:10
    at /Users/mac/Desktop/Applications/GitLab/cms-backend/src/lib/mysqldb.lib.js:160:16
    at Query.<anonymous> (/Users/mac/Desktop/Applications/GitLab/cms-backend/src/lib/mysqldb.lib.js:49:13)
    at bound (domain.js:280:14)
    at Query.runBound [as _callback] (domain.js:293:12)
    at Query.Sequence.end (/Users/mac/Desktop/Applications/GitLab/cms-backend/node_modules/mysql/lib/protocol/sequences/Sequence.js:86:24)
    at Query._handleFinalResultPacket (/Users/mac/Desktop/Applications/GitLab/cms-backend/node_modules/mysql/lib/protocol/sequences/Query.js:137:8)
    at Query.EofPacket (/Users/mac/Desktop/Applications/GitLab/cms-backend/node_modules/mysql/lib/protocol/sequences/Query.js:121:8)
    at Protocol._parsePacket (/Users/mac/Desktop/Applications/GitLab/cms-backend/node_modules/mysql/lib/protocol/Protocol.js:280:23)
    at Parser.write (/Users/mac/Desktop/Applications/GitLab/cms-backend/node_modules/mysql/lib/protocol/Parser.js:75:12)
    at Protocol.write (/Users/mac/Desktop/Applications/GitLab/cms-backend/node_modules/mysql/lib/protocol/Protocol.js:39:16)
    at Socket.<anonymous> (/Users/mac/Desktop/Applications/GitLab/cms-backend/node_modules/mysql/lib/Connection.js:103:28)
    at emitOne (events.js:96:13)
    at Socket.emit (events.js:188:7)
    at readableAddChunk (_stream_readable.js:176:18)
  domain: 
   Domain {
     domain: null,
     _events: { error: [Function] },
     _eventsCount: 1,
     _maxListeners: undefined,
     members: [] },
  domainThrown: true }
[2017-11-21 18:35:12.782] [ERROR] system - error in domain { ReferenceError: nType is not defined
    at /Users/mac/Desktop/Applications/GitLab/cms-backend/src/controllers/news/news.controller.js:43:26
    at /Users/mac/Desktop/Applications/GitLab/cms-backend/src/services/news/news.service.js:18:10
    at /Users/mac/Desktop/Applications/GitLab/cms-backend/src/lib/mysqldb.lib.js:160:16
    at Query.<anonymous> (/Users/mac/Desktop/Applications/GitLab/cms-backend/src/lib/mysqldb.lib.js:49:13)
    at bound (domain.js:280:14)
    at Query.runBound [as _callback] (domain.js:293:12)
    at Query.Sequence.end (/Users/mac/Desktop/Applications/GitLab/cms-backend/node_modules/mysql/lib/protocol/sequences/Sequence.js:86:24)
    at Query._handleFinalResultPacket (/Users/mac/Desktop/Applications/GitLab/cms-backend/node_modules/mysql/lib/protocol/sequences/Query.js:137:8)
    at Query.EofPacket (/Users/mac/Desktop/Applications/GitLab/cms-backend/node_modules/mysql/lib/protocol/sequences/Query.js:121:8)
    at Protocol._parsePacket (/Users/mac/Desktop/Applications/GitLab/cms-backend/node_modules/mysql/lib/protocol/Protocol.js:280:23)
    at Parser.write (/Users/mac/Desktop/Applications/GitLab/cms-backend/node_modules/mysql/lib/protocol/Parser.js:75:12)
    at Protocol.write (/Users/mac/Desktop/Applications/GitLab/cms-backend/node_modules/mysql/lib/protocol/Protocol.js:39:16)
    at Socket.<anonymous> (/Users/mac/Desktop/Applications/GitLab/cms-backend/node_modules/mysql/lib/Connection.js:103:28)
    at emitOne (events.js:96:13)
    at Socket.emit (events.js:188:7)
    at readableAddChunk (_stream_readable.js:176:18)
  domain: 
   Domain {
     domain: null,
     _events: { error: [Function] },
     _eventsCount: 1,
     _maxListeners: undefined,
     members: [] },
  domainThrown: true }
[2017-11-21 18:35:46.882] [ERROR] system - error in domain { ReferenceError: nType is not defined
    at /Users/mac/Desktop/Applications/GitLab/cms-backend/src/controllers/news/news.controller.js:43:26
    at /Users/mac/Desktop/Applications/GitLab/cms-backend/src/services/news/news.service.js:18:10
    at /Users/mac/Desktop/Applications/GitLab/cms-backend/src/lib/mysqldb.lib.js:160:16
    at Query.<anonymous> (/Users/mac/Desktop/Applications/GitLab/cms-backend/src/lib/mysqldb.lib.js:49:13)
    at bound (domain.js:280:14)
    at Query.runBound [as _callback] (domain.js:293:12)
    at Query.Sequence.end (/Users/mac/Desktop/Applications/GitLab/cms-backend/node_modules/mysql/lib/protocol/sequences/Sequence.js:86:24)
    at Query._handleFinalResultPacket (/Users/mac/Desktop/Applications/GitLab/cms-backend/node_modules/mysql/lib/protocol/sequences/Query.js:137:8)
    at Query.EofPacket (/Users/mac/Desktop/Applications/GitLab/cms-backend/node_modules/mysql/lib/protocol/sequences/Query.js:121:8)
    at Protocol._parsePacket (/Users/mac/Desktop/Applications/GitLab/cms-backend/node_modules/mysql/lib/protocol/Protocol.js:280:23)
    at Parser.write (/Users/mac/Desktop/Applications/GitLab/cms-backend/node_modules/mysql/lib/protocol/Parser.js:75:12)
    at Protocol.write (/Users/mac/Desktop/Applications/GitLab/cms-backend/node_modules/mysql/lib/protocol/Protocol.js:39:16)
    at Socket.<anonymous> (/Users/mac/Desktop/Applications/GitLab/cms-backend/node_modules/mysql/lib/Connection.js:103:28)
    at emitOne (events.js:96:13)
    at Socket.emit (events.js:188:7)
    at readableAddChunk (_stream_readable.js:176:18)
  domain: 
   Domain {
     domain: null,
     _events: { error: [Function] },
     _eventsCount: 1,
     _maxListeners: undefined,
     members: [] },
  domainThrown: true }
[2017-11-21 18:37:31.008] [ERROR] system - error in domain { ReferenceError: nType is not defined
    at /Users/mac/Desktop/Applications/GitLab/cms-backend/src/controllers/news/news.controller.js:43:26
    at /Users/mac/Desktop/Applications/GitLab/cms-backend/src/services/news/news.service.js:18:10
    at /Users/mac/Desktop/Applications/GitLab/cms-backend/src/lib/mysqldb.lib.js:160:16
    at Query.<anonymous> (/Users/mac/Desktop/Applications/GitLab/cms-backend/src/lib/mysqldb.lib.js:49:13)
    at bound (domain.js:280:14)
    at Query.runBound [as _callback] (domain.js:293:12)
    at Query.Sequence.end (/Users/mac/Desktop/Applications/GitLab/cms-backend/node_modules/mysql/lib/protocol/sequences/Sequence.js:86:24)
    at Query._handleFinalResultPacket (/Users/mac/Desktop/Applications/GitLab/cms-backend/node_modules/mysql/lib/protocol/sequences/Query.js:137:8)
    at Query.EofPacket (/Users/mac/Desktop/Applications/GitLab/cms-backend/node_modules/mysql/lib/protocol/sequences/Query.js:121:8)
    at Protocol._parsePacket (/Users/mac/Desktop/Applications/GitLab/cms-backend/node_modules/mysql/lib/protocol/Protocol.js:280:23)
    at Parser.write (/Users/mac/Desktop/Applications/GitLab/cms-backend/node_modules/mysql/lib/protocol/Parser.js:75:12)
    at Protocol.write (/Users/mac/Desktop/Applications/GitLab/cms-backend/node_modules/mysql/lib/protocol/Protocol.js:39:16)
    at Socket.<anonymous> (/Users/mac/Desktop/Applications/GitLab/cms-backend/node_modules/mysql/lib/Connection.js:103:28)
    at emitOne (events.js:96:13)
    at Socket.emit (events.js:188:7)
    at readableAddChunk (_stream_readable.js:176:18)
  domain: 
   Domain {
     domain: null,
     _events: { error: [Function] },
     _eventsCount: 1,
     _maxListeners: undefined,
     members: [] },
  domainThrown: true }
[2017-11-21 18:37:36.352] [ERROR] system - error in domain { ReferenceError: nType is not defined
    at /Users/mac/Desktop/Applications/GitLab/cms-backend/src/controllers/news/news.controller.js:43:26
    at /Users/mac/Desktop/Applications/GitLab/cms-backend/src/services/news/news.service.js:18:10
    at /Users/mac/Desktop/Applications/GitLab/cms-backend/src/lib/mysqldb.lib.js:160:16
    at Query.<anonymous> (/Users/mac/Desktop/Applications/GitLab/cms-backend/src/lib/mysqldb.lib.js:49:13)
    at bound (domain.js:280:14)
    at Query.runBound [as _callback] (domain.js:293:12)
    at Query.Sequence.end (/Users/mac/Desktop/Applications/GitLab/cms-backend/node_modules/mysql/lib/protocol/sequences/Sequence.js:86:24)
    at Query._handleFinalResultPacket (/Users/mac/Desktop/Applications/GitLab/cms-backend/node_modules/mysql/lib/protocol/sequences/Query.js:137:8)
    at Query.EofPacket (/Users/mac/Desktop/Applications/GitLab/cms-backend/node_modules/mysql/lib/protocol/sequences/Query.js:121:8)
    at Protocol._parsePacket (/Users/mac/Desktop/Applications/GitLab/cms-backend/node_modules/mysql/lib/protocol/Protocol.js:280:23)
    at Parser.write (/Users/mac/Desktop/Applications/GitLab/cms-backend/node_modules/mysql/lib/protocol/Parser.js:75:12)
    at Protocol.write (/Users/mac/Desktop/Applications/GitLab/cms-backend/node_modules/mysql/lib/protocol/Protocol.js:39:16)
    at Socket.<anonymous> (/Users/mac/Desktop/Applications/GitLab/cms-backend/node_modules/mysql/lib/Connection.js:103:28)
    at emitOne (events.js:96:13)
    at Socket.emit (events.js:188:7)
    at readableAddChunk (_stream_readable.js:176:18)
  domain: 
   Domain {
     domain: null,
     _events: { error: [Function] },
     _eventsCount: 1,
     _maxListeners: undefined,
     members: [] },
  domainThrown: true }
[2017-11-21 18:37:52.847] [ERROR] system - error in domain { ReferenceError: nType is not defined
    at /Users/mac/Desktop/Applications/GitLab/cms-backend/src/controllers/news/news.controller.js:43:26
    at /Users/mac/Desktop/Applications/GitLab/cms-backend/src/services/news/news.service.js:18:10
    at /Users/mac/Desktop/Applications/GitLab/cms-backend/src/lib/mysqldb.lib.js:160:16
    at Query.<anonymous> (/Users/mac/Desktop/Applications/GitLab/cms-backend/src/lib/mysqldb.lib.js:49:13)
    at bound (domain.js:280:14)
    at Query.runBound [as _callback] (domain.js:293:12)
    at Query.Sequence.end (/Users/mac/Desktop/Applications/GitLab/cms-backend/node_modules/mysql/lib/protocol/sequences/Sequence.js:86:24)
    at Query._handleFinalResultPacket (/Users/mac/Desktop/Applications/GitLab/cms-backend/node_modules/mysql/lib/protocol/sequences/Query.js:137:8)
    at Query.EofPacket (/Users/mac/Desktop/Applications/GitLab/cms-backend/node_modules/mysql/lib/protocol/sequences/Query.js:121:8)
    at Protocol._parsePacket (/Users/mac/Desktop/Applications/GitLab/cms-backend/node_modules/mysql/lib/protocol/Protocol.js:280:23)
    at Parser.write (/Users/mac/Desktop/Applications/GitLab/cms-backend/node_modules/mysql/lib/protocol/Parser.js:75:12)
    at Protocol.write (/Users/mac/Desktop/Applications/GitLab/cms-backend/node_modules/mysql/lib/protocol/Protocol.js:39:16)
    at Socket.<anonymous> (/Users/mac/Desktop/Applications/GitLab/cms-backend/node_modules/mysql/lib/Connection.js:103:28)
    at emitOne (events.js:96:13)
    at Socket.emit (events.js:188:7)
    at readableAddChunk (_stream_readable.js:176:18)
  domain: 
   Domain {
     domain: null,
     _events: { error: [Function] },
     _eventsCount: 1,
     _maxListeners: undefined,
     members: [] },
  domainThrown: true }
[2017-11-21 18:37:54.737] [ERROR] system - error in domain { ReferenceError: nType is not defined
    at /Users/mac/Desktop/Applications/GitLab/cms-backend/src/controllers/news/news.controller.js:43:26
    at /Users/mac/Desktop/Applications/GitLab/cms-backend/src/services/news/news.service.js:18:10
    at /Users/mac/Desktop/Applications/GitLab/cms-backend/src/lib/mysqldb.lib.js:160:16
    at Query.<anonymous> (/Users/mac/Desktop/Applications/GitLab/cms-backend/src/lib/mysqldb.lib.js:49:13)
    at bound (domain.js:280:14)
    at Query.runBound [as _callback] (domain.js:293:12)
    at Query.Sequence.end (/Users/mac/Desktop/Applications/GitLab/cms-backend/node_modules/mysql/lib/protocol/sequences/Sequence.js:86:24)
    at Query._handleFinalResultPacket (/Users/mac/Desktop/Applications/GitLab/cms-backend/node_modules/mysql/lib/protocol/sequences/Query.js:137:8)
    at Query.EofPacket (/Users/mac/Desktop/Applications/GitLab/cms-backend/node_modules/mysql/lib/protocol/sequences/Query.js:121:8)
    at Protocol._parsePacket (/Users/mac/Desktop/Applications/GitLab/cms-backend/node_modules/mysql/lib/protocol/Protocol.js:280:23)
    at Parser.write (/Users/mac/Desktop/Applications/GitLab/cms-backend/node_modules/mysql/lib/protocol/Parser.js:75:12)
    at Protocol.write (/Users/mac/Desktop/Applications/GitLab/cms-backend/node_modules/mysql/lib/protocol/Protocol.js:39:16)
    at Socket.<anonymous> (/Users/mac/Desktop/Applications/GitLab/cms-backend/node_modules/mysql/lib/Connection.js:103:28)
    at emitOne (events.js:96:13)
    at Socket.emit (events.js:188:7)
    at readableAddChunk (_stream_readable.js:176:18)
  domain: 
   Domain {
     domain: null,
     _events: { error: [Function] },
     _eventsCount: 1,
     _maxListeners: undefined,
     members: [] },
  domainThrown: true }
[2017-11-21 18:38:38.737] [INFO] system - 正在监听 port 7071
[2017-11-21 18:38:40.475] [INFO] system - 正在监听 port 7071
[2017-11-21 18:38:57.437] [ERROR] system - error in domain { ReferenceError: nType is not defined
    at /Users/mac/Desktop/Applications/GitLab/cms-backend/src/controllers/news/news.controller.js:43:26
    at /Users/mac/Desktop/Applications/GitLab/cms-backend/src/services/news/news.service.js:18:10
    at /Users/mac/Desktop/Applications/GitLab/cms-backend/src/lib/mysqldb.lib.js:160:16
    at Query.<anonymous> (/Users/mac/Desktop/Applications/GitLab/cms-backend/src/lib/mysqldb.lib.js:49:13)
    at bound (domain.js:280:14)
    at Query.runBound [as _callback] (domain.js:293:12)
    at Query.Sequence.end (/Users/mac/Desktop/Applications/GitLab/cms-backend/node_modules/mysql/lib/protocol/sequences/Sequence.js:86:24)
    at Query._handleFinalResultPacket (/Users/mac/Desktop/Applications/GitLab/cms-backend/node_modules/mysql/lib/protocol/sequences/Query.js:137:8)
    at Query.EofPacket (/Users/mac/Desktop/Applications/GitLab/cms-backend/node_modules/mysql/lib/protocol/sequences/Query.js:121:8)
    at Protocol._parsePacket (/Users/mac/Desktop/Applications/GitLab/cms-backend/node_modules/mysql/lib/protocol/Protocol.js:280:23)
    at Parser.write (/Users/mac/Desktop/Applications/GitLab/cms-backend/node_modules/mysql/lib/protocol/Parser.js:75:12)
    at Protocol.write (/Users/mac/Desktop/Applications/GitLab/cms-backend/node_modules/mysql/lib/protocol/Protocol.js:39:16)
    at Socket.<anonymous> (/Users/mac/Desktop/Applications/GitLab/cms-backend/node_modules/mysql/lib/Connection.js:103:28)
    at emitOne (events.js:96:13)
    at Socket.emit (events.js:188:7)
    at readableAddChunk (_stream_readable.js:176:18)
  domain: 
   Domain {
     domain: null,
     _events: { error: [Function] },
     _eventsCount: 1,
     _maxListeners: undefined,
     members: [] },
  domainThrown: true }
[2017-11-21 18:39:45.166] [ERROR] system - error in domain { ReferenceError: nType is not defined
    at /Users/mac/Desktop/Applications/GitLab/cms-backend/src/controllers/news/news.controller.js:43:26
    at /Users/mac/Desktop/Applications/GitLab/cms-backend/src/services/news/news.service.js:18:10
    at /Users/mac/Desktop/Applications/GitLab/cms-backend/src/lib/mysqldb.lib.js:160:16
    at Query.<anonymous> (/Users/mac/Desktop/Applications/GitLab/cms-backend/src/lib/mysqldb.lib.js:49:13)
    at bound (domain.js:280:14)
    at Query.runBound [as _callback] (domain.js:293:12)
    at Query.Sequence.end (/Users/mac/Desktop/Applications/GitLab/cms-backend/node_modules/mysql/lib/protocol/sequences/Sequence.js:86:24)
    at Query._handleFinalResultPacket (/Users/mac/Desktop/Applications/GitLab/cms-backend/node_modules/mysql/lib/protocol/sequences/Query.js:137:8)
    at Query.EofPacket (/Users/mac/Desktop/Applications/GitLab/cms-backend/node_modules/mysql/lib/protocol/sequences/Query.js:121:8)
    at Protocol._parsePacket (/Users/mac/Desktop/Applications/GitLab/cms-backend/node_modules/mysql/lib/protocol/Protocol.js:280:23)
    at Parser.write (/Users/mac/Desktop/Applications/GitLab/cms-backend/node_modules/mysql/lib/protocol/Parser.js:75:12)
    at Protocol.write (/Users/mac/Desktop/Applications/GitLab/cms-backend/node_modules/mysql/lib/protocol/Protocol.js:39:16)
    at Socket.<anonymous> (/Users/mac/Desktop/Applications/GitLab/cms-backend/node_modules/mysql/lib/Connection.js:103:28)
    at emitOne (events.js:96:13)
    at Socket.emit (events.js:188:7)
    at readableAddChunk (_stream_readable.js:176:18)
  domain: 
   Domain {
     domain: null,
     _events: { error: [Function] },
     _eventsCount: 1,
     _maxListeners: undefined,
     members: [] },
  domainThrown: true }
[2017-11-21 18:40:40.682] [ERROR] system - error in domain { ReferenceError: nType is not defined
    at /Users/mac/Desktop/Applications/GitLab/cms-backend/src/controllers/news/news.controller.js:43:26
    at /Users/mac/Desktop/Applications/GitLab/cms-backend/src/services/news/news.service.js:18:10
    at /Users/mac/Desktop/Applications/GitLab/cms-backend/src/lib/mysqldb.lib.js:160:16
    at Query.<anonymous> (/Users/mac/Desktop/Applications/GitLab/cms-backend/src/lib/mysqldb.lib.js:49:13)
    at bound (domain.js:280:14)
    at Query.runBound [as _callback] (domain.js:293:12)
    at Query.Sequence.end (/Users/mac/Desktop/Applications/GitLab/cms-backend/node_modules/mysql/lib/protocol/sequences/Sequence.js:86:24)
    at Query._handleFinalResultPacket (/Users/mac/Desktop/Applications/GitLab/cms-backend/node_modules/mysql/lib/protocol/sequences/Query.js:137:8)
    at Query.EofPacket (/Users/mac/Desktop/Applications/GitLab/cms-backend/node_modules/mysql/lib/protocol/sequences/Query.js:121:8)
    at Protocol._parsePacket (/Users/mac/Desktop/Applications/GitLab/cms-backend/node_modules/mysql/lib/protocol/Protocol.js:280:23)
    at Parser.write (/Users/mac/Desktop/Applications/GitLab/cms-backend/node_modules/mysql/lib/protocol/Parser.js:75:12)
    at Protocol.write (/Users/mac/Desktop/Applications/GitLab/cms-backend/node_modules/mysql/lib/protocol/Protocol.js:39:16)
    at Socket.<anonymous> (/Users/mac/Desktop/Applications/GitLab/cms-backend/node_modules/mysql/lib/Connection.js:103:28)
    at emitOne (events.js:96:13)
    at Socket.emit (events.js:188:7)
    at readableAddChunk (_stream_readable.js:176:18)
  domain: 
   Domain {
     domain: null,
     _events: { error: [Function] },
     _eventsCount: 1,
     _maxListeners: undefined,
     members: [] },
  domainThrown: true }
[2017-11-21 18:41:01.983] [ERROR] system - error in domain { ReferenceError: nType is not defined
    at /Users/mac/Desktop/Applications/GitLab/cms-backend/src/controllers/news/news.controller.js:43:26
    at /Users/mac/Desktop/Applications/GitLab/cms-backend/src/services/news/news.service.js:18:10
    at /Users/mac/Desktop/Applications/GitLab/cms-backend/src/lib/mysqldb.lib.js:160:16
    at Query.<anonymous> (/Users/mac/Desktop/Applications/GitLab/cms-backend/src/lib/mysqldb.lib.js:49:13)
    at bound (domain.js:280:14)
    at Query.runBound [as _callback] (domain.js:293:12)
    at Query.Sequence.end (/Users/mac/Desktop/Applications/GitLab/cms-backend/node_modules/mysql/lib/protocol/sequences/Sequence.js:86:24)
    at Query._handleFinalResultPacket (/Users/mac/Desktop/Applications/GitLab/cms-backend/node_modules/mysql/lib/protocol/sequences/Query.js:137:8)
    at Query.EofPacket (/Users/mac/Desktop/Applications/GitLab/cms-backend/node_modules/mysql/lib/protocol/sequences/Query.js:121:8)
    at Protocol._parsePacket (/Users/mac/Desktop/Applications/GitLab/cms-backend/node_modules/mysql/lib/protocol/Protocol.js:280:23)
    at Parser.write (/Users/mac/Desktop/Applications/GitLab/cms-backend/node_modules/mysql/lib/protocol/Parser.js:75:12)
    at Protocol.write (/Users/mac/Desktop/Applications/GitLab/cms-backend/node_modules/mysql/lib/protocol/Protocol.js:39:16)
    at Socket.<anonymous> (/Users/mac/Desktop/Applications/GitLab/cms-backend/node_modules/mysql/lib/Connection.js:103:28)
    at emitOne (events.js:96:13)
    at Socket.emit (events.js:188:7)
    at readableAddChunk (_stream_readable.js:176:18)
  domain: 
   Domain {
     domain: null,
     _events: { error: [Function] },
     _eventsCount: 1,
     _maxListeners: undefined,
     members: [] },
  domainThrown: true }
[2017-11-21 18:41:04.261] [ERROR] system - error in domain { ReferenceError: nType is not defined
    at /Users/mac/Desktop/Applications/GitLab/cms-backend/src/controllers/news/news.controller.js:43:26
    at /Users/mac/Desktop/Applications/GitLab/cms-backend/src/services/news/news.service.js:18:10
    at /Users/mac/Desktop/Applications/GitLab/cms-backend/src/lib/mysqldb.lib.js:160:16
    at Query.<anonymous> (/Users/mac/Desktop/Applications/GitLab/cms-backend/src/lib/mysqldb.lib.js:49:13)
    at bound (domain.js:280:14)
    at Query.runBound [as _callback] (domain.js:293:12)
    at Query.Sequence.end (/Users/mac/Desktop/Applications/GitLab/cms-backend/node_modules/mysql/lib/protocol/sequences/Sequence.js:86:24)
    at Query._handleFinalResultPacket (/Users/mac/Desktop/Applications/GitLab/cms-backend/node_modules/mysql/lib/protocol/sequences/Query.js:137:8)
    at Query.EofPacket (/Users/mac/Desktop/Applications/GitLab/cms-backend/node_modules/mysql/lib/protocol/sequences/Query.js:121:8)
    at Protocol._parsePacket (/Users/mac/Desktop/Applications/GitLab/cms-backend/node_modules/mysql/lib/protocol/Protocol.js:280:23)
    at Parser.write (/Users/mac/Desktop/Applications/GitLab/cms-backend/node_modules/mysql/lib/protocol/Parser.js:75:12)
    at Protocol.write (/Users/mac/Desktop/Applications/GitLab/cms-backend/node_modules/mysql/lib/protocol/Protocol.js:39:16)
    at Socket.<anonymous> (/Users/mac/Desktop/Applications/GitLab/cms-backend/node_modules/mysql/lib/Connection.js:103:28)
    at emitOne (events.js:96:13)
    at Socket.emit (events.js:188:7)
    at readableAddChunk (_stream_readable.js:176:18)
  domain: 
   Domain {
     domain: null,
     _events: { error: [Function] },
     _eventsCount: 1,
     _maxListeners: undefined,
     members: [] },
  domainThrown: true }
[2017-11-21 18:41:58.650] [ERROR] system - error in domain { ReferenceError: nType is not defined
    at /Users/mac/Desktop/Applications/GitLab/cms-backend/src/controllers/news/news.controller.js:43:26
    at /Users/mac/Desktop/Applications/GitLab/cms-backend/src/services/news/news.service.js:18:10
    at /Users/mac/Desktop/Applications/GitLab/cms-backend/src/lib/mysqldb.lib.js:160:16
    at Query.<anonymous> (/Users/mac/Desktop/Applications/GitLab/cms-backend/src/lib/mysqldb.lib.js:49:13)
    at bound (domain.js:280:14)
    at Query.runBound [as _callback] (domain.js:293:12)
    at Query.Sequence.end (/Users/mac/Desktop/Applications/GitLab/cms-backend/node_modules/mysql/lib/protocol/sequences/Sequence.js:86:24)
    at Query._handleFinalResultPacket (/Users/mac/Desktop/Applications/GitLab/cms-backend/node_modules/mysql/lib/protocol/sequences/Query.js:137:8)
    at Query.EofPacket (/Users/mac/Desktop/Applications/GitLab/cms-backend/node_modules/mysql/lib/protocol/sequences/Query.js:121:8)
    at Protocol._parsePacket (/Users/mac/Desktop/Applications/GitLab/cms-backend/node_modules/mysql/lib/protocol/Protocol.js:280:23)
    at Parser.write (/Users/mac/Desktop/Applications/GitLab/cms-backend/node_modules/mysql/lib/protocol/Parser.js:75:12)
    at Protocol.write (/Users/mac/Desktop/Applications/GitLab/cms-backend/node_modules/mysql/lib/protocol/Protocol.js:39:16)
    at Socket.<anonymous> (/Users/mac/Desktop/Applications/GitLab/cms-backend/node_modules/mysql/lib/Connection.js:103:28)
    at emitOne (events.js:96:13)
    at Socket.emit (events.js:188:7)
    at readableAddChunk (_stream_readable.js:176:18)
  domain: 
   Domain {
     domain: null,
     _events: { error: [Function] },
     _eventsCount: 1,
     _maxListeners: undefined,
     members: [] },
  domainThrown: true }
[2017-11-21 18:42:16.773] [ERROR] system - error in domain { ReferenceError: nType is not defined
    at /Users/mac/Desktop/Applications/GitLab/cms-backend/src/controllers/news/news.controller.js:43:26
    at /Users/mac/Desktop/Applications/GitLab/cms-backend/src/services/news/news.service.js:18:10
    at /Users/mac/Desktop/Applications/GitLab/cms-backend/src/lib/mysqldb.lib.js:160:16
    at Query.<anonymous> (/Users/mac/Desktop/Applications/GitLab/cms-backend/src/lib/mysqldb.lib.js:49:13)
    at bound (domain.js:280:14)
    at Query.runBound [as _callback] (domain.js:293:12)
    at Query.Sequence.end (/Users/mac/Desktop/Applications/GitLab/cms-backend/node_modules/mysql/lib/protocol/sequences/Sequence.js:86:24)
    at Query._handleFinalResultPacket (/Users/mac/Desktop/Applications/GitLab/cms-backend/node_modules/mysql/lib/protocol/sequences/Query.js:137:8)
    at Query.EofPacket (/Users/mac/Desktop/Applications/GitLab/cms-backend/node_modules/mysql/lib/protocol/sequences/Query.js:121:8)
    at Protocol._parsePacket (/Users/mac/Desktop/Applications/GitLab/cms-backend/node_modules/mysql/lib/protocol/Protocol.js:280:23)
    at Parser.write (/Users/mac/Desktop/Applications/GitLab/cms-backend/node_modules/mysql/lib/protocol/Parser.js:75:12)
    at Protocol.write (/Users/mac/Desktop/Applications/GitLab/cms-backend/node_modules/mysql/lib/protocol/Protocol.js:39:16)
    at Socket.<anonymous> (/Users/mac/Desktop/Applications/GitLab/cms-backend/node_modules/mysql/lib/Connection.js:103:28)
    at emitOne (events.js:96:13)
    at Socket.emit (events.js:188:7)
    at readableAddChunk (_stream_readable.js:176:18)
  domain: 
   Domain {
     domain: null,
     _events: { error: [Function] },
     _eventsCount: 1,
     _maxListeners: undefined,
     members: [] },
  domainThrown: true }
[2017-11-21 18:43:22.655] [ERROR] system - error in domain { ReferenceError: nType is not defined
    at /Users/mac/Desktop/Applications/GitLab/cms-backend/src/controllers/news/news.controller.js:43:26
    at /Users/mac/Desktop/Applications/GitLab/cms-backend/src/services/news/news.service.js:18:10
    at /Users/mac/Desktop/Applications/GitLab/cms-backend/src/lib/mysqldb.lib.js:160:16
    at Query.<anonymous> (/Users/mac/Desktop/Applications/GitLab/cms-backend/src/lib/mysqldb.lib.js:49:13)
    at bound (domain.js:280:14)
    at Query.runBound [as _callback] (domain.js:293:12)
    at Query.Sequence.end (/Users/mac/Desktop/Applications/GitLab/cms-backend/node_modules/mysql/lib/protocol/sequences/Sequence.js:86:24)
    at Query._handleFinalResultPacket (/Users/mac/Desktop/Applications/GitLab/cms-backend/node_modules/mysql/lib/protocol/sequences/Query.js:137:8)
    at Query.EofPacket (/Users/mac/Desktop/Applications/GitLab/cms-backend/node_modules/mysql/lib/protocol/sequences/Query.js:121:8)
    at Protocol._parsePacket (/Users/mac/Desktop/Applications/GitLab/cms-backend/node_modules/mysql/lib/protocol/Protocol.js:280:23)
    at Parser.write (/Users/mac/Desktop/Applications/GitLab/cms-backend/node_modules/mysql/lib/protocol/Parser.js:75:12)
    at Protocol.write (/Users/mac/Desktop/Applications/GitLab/cms-backend/node_modules/mysql/lib/protocol/Protocol.js:39:16)
    at Socket.<anonymous> (/Users/mac/Desktop/Applications/GitLab/cms-backend/node_modules/mysql/lib/Connection.js:103:28)
    at emitOne (events.js:96:13)
    at Socket.emit (events.js:188:7)
    at readableAddChunk (_stream_readable.js:176:18)
  domain: 
   Domain {
     domain: null,
     _events: { error: [Function] },
     _eventsCount: 1,
     _maxListeners: undefined,
     members: [] },
  domainThrown: true }
[2017-11-21 18:48:05.644] [ERROR] system - error in domain { ReferenceError: nType is not defined
    at /Users/mac/Desktop/Applications/GitLab/cms-backend/src/controllers/news/news.controller.js:43:26
    at /Users/mac/Desktop/Applications/GitLab/cms-backend/src/services/news/news.service.js:18:10
    at /Users/mac/Desktop/Applications/GitLab/cms-backend/src/lib/mysqldb.lib.js:160:16
    at Query.<anonymous> (/Users/mac/Desktop/Applications/GitLab/cms-backend/src/lib/mysqldb.lib.js:49:13)
    at bound (domain.js:280:14)
    at Query.runBound [as _callback] (domain.js:293:12)
    at Query.Sequence.end (/Users/mac/Desktop/Applications/GitLab/cms-backend/node_modules/mysql/lib/protocol/sequences/Sequence.js:86:24)
    at Query._handleFinalResultPacket (/Users/mac/Desktop/Applications/GitLab/cms-backend/node_modules/mysql/lib/protocol/sequences/Query.js:137:8)
    at Query.EofPacket (/Users/mac/Desktop/Applications/GitLab/cms-backend/node_modules/mysql/lib/protocol/sequences/Query.js:121:8)
    at Protocol._parsePacket (/Users/mac/Desktop/Applications/GitLab/cms-backend/node_modules/mysql/lib/protocol/Protocol.js:280:23)
    at Parser.write (/Users/mac/Desktop/Applications/GitLab/cms-backend/node_modules/mysql/lib/protocol/Parser.js:75:12)
    at Protocol.write (/Users/mac/Desktop/Applications/GitLab/cms-backend/node_modules/mysql/lib/protocol/Protocol.js:39:16)
    at Socket.<anonymous> (/Users/mac/Desktop/Applications/GitLab/cms-backend/node_modules/mysql/lib/Connection.js:103:28)
    at emitOne (events.js:96:13)
    at Socket.emit (events.js:188:7)
    at readableAddChunk (_stream_readable.js:176:18)
  domain: 
   Domain {
     domain: null,
     _events: { error: [Function] },
     _eventsCount: 1,
     _maxListeners: undefined,
     members: [] },
  domainThrown: true }
[2017-11-21 18:54:08.464] [ERROR] system - error in domain { ReferenceError: nType is not defined
    at /Users/mac/Desktop/Applications/GitLab/cms-backend/src/controllers/news/news.controller.js:43:26
    at /Users/mac/Desktop/Applications/GitLab/cms-backend/src/services/news/news.service.js:18:10
    at /Users/mac/Desktop/Applications/GitLab/cms-backend/src/lib/mysqldb.lib.js:160:16
    at Query.<anonymous> (/Users/mac/Desktop/Applications/GitLab/cms-backend/src/lib/mysqldb.lib.js:49:13)
    at bound (domain.js:280:14)
    at Query.runBound [as _callback] (domain.js:293:12)
    at Query.Sequence.end (/Users/mac/Desktop/Applications/GitLab/cms-backend/node_modules/mysql/lib/protocol/sequences/Sequence.js:86:24)
    at Query._handleFinalResultPacket (/Users/mac/Desktop/Applications/GitLab/cms-backend/node_modules/mysql/lib/protocol/sequences/Query.js:137:8)
    at Query.EofPacket (/Users/mac/Desktop/Applications/GitLab/cms-backend/node_modules/mysql/lib/protocol/sequences/Query.js:121:8)
    at Protocol._parsePacket (/Users/mac/Desktop/Applications/GitLab/cms-backend/node_modules/mysql/lib/protocol/Protocol.js:280:23)
    at Parser.write (/Users/mac/Desktop/Applications/GitLab/cms-backend/node_modules/mysql/lib/protocol/Parser.js:75:12)
    at Protocol.write (/Users/mac/Desktop/Applications/GitLab/cms-backend/node_modules/mysql/lib/protocol/Protocol.js:39:16)
    at Socket.<anonymous> (/Users/mac/Desktop/Applications/GitLab/cms-backend/node_modules/mysql/lib/Connection.js:103:28)
    at emitOne (events.js:96:13)
    at Socket.emit (events.js:188:7)
    at readableAddChunk (_stream_readable.js:176:18)
  domain: 
   Domain {
     domain: null,
     _events: { error: [Function] },
     _eventsCount: 1,
     _maxListeners: undefined,
     members: [] },
  domainThrown: true }
[2017-11-21 18:54:36.049] [ERROR] system - error in domain { ReferenceError: nType is not defined
    at /Users/mac/Desktop/Applications/GitLab/cms-backend/src/controllers/news/news.controller.js:43:26
    at /Users/mac/Desktop/Applications/GitLab/cms-backend/src/services/news/news.service.js:18:10
    at /Users/mac/Desktop/Applications/GitLab/cms-backend/src/lib/mysqldb.lib.js:160:16
    at Query.<anonymous> (/Users/mac/Desktop/Applications/GitLab/cms-backend/src/lib/mysqldb.lib.js:49:13)
    at bound (domain.js:280:14)
    at Query.runBound [as _callback] (domain.js:293:12)
    at Query.Sequence.end (/Users/mac/Desktop/Applications/GitLab/cms-backend/node_modules/mysql/lib/protocol/sequences/Sequence.js:86:24)
    at Query._handleFinalResultPacket (/Users/mac/Desktop/Applications/GitLab/cms-backend/node_modules/mysql/lib/protocol/sequences/Query.js:137:8)
    at Query.EofPacket (/Users/mac/Desktop/Applications/GitLab/cms-backend/node_modules/mysql/lib/protocol/sequences/Query.js:121:8)
    at Protocol._parsePacket (/Users/mac/Desktop/Applications/GitLab/cms-backend/node_modules/mysql/lib/protocol/Protocol.js:280:23)
    at Parser.write (/Users/mac/Desktop/Applications/GitLab/cms-backend/node_modules/mysql/lib/protocol/Parser.js:75:12)
    at Protocol.write (/Users/mac/Desktop/Applications/GitLab/cms-backend/node_modules/mysql/lib/protocol/Protocol.js:39:16)
    at Socket.<anonymous> (/Users/mac/Desktop/Applications/GitLab/cms-backend/node_modules/mysql/lib/Connection.js:103:28)
    at emitOne (events.js:96:13)
    at Socket.emit (events.js:188:7)
    at readableAddChunk (_stream_readable.js:176:18)
  domain: 
   Domain {
     domain: null,
     _events: { error: [Function] },
     _eventsCount: 1,
     _maxListeners: undefined,
     members: [] },
  domainThrown: true }
[2017-11-21 18:55:14.389] [ERROR] system - error in domain { ReferenceError: nType is not defined
    at /Users/mac/Desktop/Applications/GitLab/cms-backend/src/controllers/news/news.controller.js:43:26
    at /Users/mac/Desktop/Applications/GitLab/cms-backend/src/services/news/news.service.js:18:10
    at /Users/mac/Desktop/Applications/GitLab/cms-backend/src/lib/mysqldb.lib.js:160:16
    at Query.<anonymous> (/Users/mac/Desktop/Applications/GitLab/cms-backend/src/lib/mysqldb.lib.js:49:13)
    at bound (domain.js:280:14)
    at Query.runBound [as _callback] (domain.js:293:12)
    at Query.Sequence.end (/Users/mac/Desktop/Applications/GitLab/cms-backend/node_modules/mysql/lib/protocol/sequences/Sequence.js:86:24)
    at Query._handleFinalResultPacket (/Users/mac/Desktop/Applications/GitLab/cms-backend/node_modules/mysql/lib/protocol/sequences/Query.js:137:8)
    at Query.EofPacket (/Users/mac/Desktop/Applications/GitLab/cms-backend/node_modules/mysql/lib/protocol/sequences/Query.js:121:8)
    at Protocol._parsePacket (/Users/mac/Desktop/Applications/GitLab/cms-backend/node_modules/mysql/lib/protocol/Protocol.js:280:23)
    at Parser.write (/Users/mac/Desktop/Applications/GitLab/cms-backend/node_modules/mysql/lib/protocol/Parser.js:75:12)
    at Protocol.write (/Users/mac/Desktop/Applications/GitLab/cms-backend/node_modules/mysql/lib/protocol/Protocol.js:39:16)
    at Socket.<anonymous> (/Users/mac/Desktop/Applications/GitLab/cms-backend/node_modules/mysql/lib/Connection.js:103:28)
    at emitOne (events.js:96:13)
    at Socket.emit (events.js:188:7)
    at readableAddChunk (_stream_readable.js:176:18)
  domain: 
   Domain {
     domain: null,
     _events: { error: [Function] },
     _eventsCount: 1,
     _maxListeners: undefined,
     members: [] },
  domainThrown: true }
[2017-11-21 18:56:20.718] [ERROR] system - error in domain { ReferenceError: nType is not defined
    at /Users/mac/Desktop/Applications/GitLab/cms-backend/src/controllers/news/news.controller.js:43:26
    at /Users/mac/Desktop/Applications/GitLab/cms-backend/src/services/news/news.service.js:18:10
    at /Users/mac/Desktop/Applications/GitLab/cms-backend/src/lib/mysqldb.lib.js:160:16
    at Query.<anonymous> (/Users/mac/Desktop/Applications/GitLab/cms-backend/src/lib/mysqldb.lib.js:49:13)
    at bound (domain.js:280:14)
    at Query.runBound [as _callback] (domain.js:293:12)
    at Query.Sequence.end (/Users/mac/Desktop/Applications/GitLab/cms-backend/node_modules/mysql/lib/protocol/sequences/Sequence.js:86:24)
    at Query._handleFinalResultPacket (/Users/mac/Desktop/Applications/GitLab/cms-backend/node_modules/mysql/lib/protocol/sequences/Query.js:137:8)
    at Query.EofPacket (/Users/mac/Desktop/Applications/GitLab/cms-backend/node_modules/mysql/lib/protocol/sequences/Query.js:121:8)
    at Protocol._parsePacket (/Users/mac/Desktop/Applications/GitLab/cms-backend/node_modules/mysql/lib/protocol/Protocol.js:280:23)
    at Parser.write (/Users/mac/Desktop/Applications/GitLab/cms-backend/node_modules/mysql/lib/protocol/Parser.js:75:12)
    at Protocol.write (/Users/mac/Desktop/Applications/GitLab/cms-backend/node_modules/mysql/lib/protocol/Protocol.js:39:16)
    at Socket.<anonymous> (/Users/mac/Desktop/Applications/GitLab/cms-backend/node_modules/mysql/lib/Connection.js:103:28)
    at emitOne (events.js:96:13)
    at Socket.emit (events.js:188:7)
    at readableAddChunk (_stream_readable.js:176:18)
  domain: 
   Domain {
     domain: null,
     _events: { error: [Function] },
     _eventsCount: 1,
     _maxListeners: undefined,
     members: [] },
  domainThrown: true }
[2017-11-21 18:57:30.302] [ERROR] system - error in domain { ReferenceError: nType is not defined
    at /Users/mac/Desktop/Applications/GitLab/cms-backend/src/controllers/news/news.controller.js:43:26
    at /Users/mac/Desktop/Applications/GitLab/cms-backend/src/services/news/news.service.js:18:10
    at /Users/mac/Desktop/Applications/GitLab/cms-backend/src/lib/mysqldb.lib.js:160:16
    at Query.<anonymous> (/Users/mac/Desktop/Applications/GitLab/cms-backend/src/lib/mysqldb.lib.js:49:13)
    at bound (domain.js:280:14)
    at Query.runBound [as _callback] (domain.js:293:12)
    at Query.Sequence.end (/Users/mac/Desktop/Applications/GitLab/cms-backend/node_modules/mysql/lib/protocol/sequences/Sequence.js:86:24)
    at Query._handleFinalResultPacket (/Users/mac/Desktop/Applications/GitLab/cms-backend/node_modules/mysql/lib/protocol/sequences/Query.js:137:8)
    at Query.EofPacket (/Users/mac/Desktop/Applications/GitLab/cms-backend/node_modules/mysql/lib/protocol/sequences/Query.js:121:8)
    at Protocol._parsePacket (/Users/mac/Desktop/Applications/GitLab/cms-backend/node_modules/mysql/lib/protocol/Protocol.js:280:23)
    at Parser.write (/Users/mac/Desktop/Applications/GitLab/cms-backend/node_modules/mysql/lib/protocol/Parser.js:75:12)
    at Protocol.write (/Users/mac/Desktop/Applications/GitLab/cms-backend/node_modules/mysql/lib/protocol/Protocol.js:39:16)
    at Socket.<anonymous> (/Users/mac/Desktop/Applications/GitLab/cms-backend/node_modules/mysql/lib/Connection.js:103:28)
    at emitOne (events.js:96:13)
    at Socket.emit (events.js:188:7)
    at readableAddChunk (_stream_readable.js:176:18)
  domain: 
   Domain {
     domain: null,
     _events: { error: [Function] },
     _eventsCount: 1,
     _maxListeners: undefined,
     members: [] },
  domainThrown: true }
[2017-11-21 18:57:59.736] [ERROR] system - error in domain { ReferenceError: nType is not defined
    at /Users/mac/Desktop/Applications/GitLab/cms-backend/src/controllers/news/news.controller.js:43:26
    at /Users/mac/Desktop/Applications/GitLab/cms-backend/src/services/news/news.service.js:18:10
    at /Users/mac/Desktop/Applications/GitLab/cms-backend/src/lib/mysqldb.lib.js:160:16
    at Query.<anonymous> (/Users/mac/Desktop/Applications/GitLab/cms-backend/src/lib/mysqldb.lib.js:49:13)
    at bound (domain.js:280:14)
    at Query.runBound [as _callback] (domain.js:293:12)
    at Query.Sequence.end (/Users/mac/Desktop/Applications/GitLab/cms-backend/node_modules/mysql/lib/protocol/sequences/Sequence.js:86:24)
    at Query._handleFinalResultPacket (/Users/mac/Desktop/Applications/GitLab/cms-backend/node_modules/mysql/lib/protocol/sequences/Query.js:137:8)
    at Query.EofPacket (/Users/mac/Desktop/Applications/GitLab/cms-backend/node_modules/mysql/lib/protocol/sequences/Query.js:121:8)
    at Protocol._parsePacket (/Users/mac/Desktop/Applications/GitLab/cms-backend/node_modules/mysql/lib/protocol/Protocol.js:280:23)
    at Parser.write (/Users/mac/Desktop/Applications/GitLab/cms-backend/node_modules/mysql/lib/protocol/Parser.js:75:12)
    at Protocol.write (/Users/mac/Desktop/Applications/GitLab/cms-backend/node_modules/mysql/lib/protocol/Protocol.js:39:16)
    at Socket.<anonymous> (/Users/mac/Desktop/Applications/GitLab/cms-backend/node_modules/mysql/lib/Connection.js:103:28)
    at emitOne (events.js:96:13)
    at Socket.emit (events.js:188:7)
    at readableAddChunk (_stream_readable.js:176:18)
  domain: 
   Domain {
     domain: null,
     _events: { error: [Function] },
     _eventsCount: 1,
     _maxListeners: undefined,
     members: [] },
  domainThrown: true }
[2017-11-21 18:59:15.585] [INFO] system - 正在监听 port 7071
[2017-11-21 18:59:20.333] [INFO] system - 正在监听 port 7071
[2017-11-21 19:01:57.122] [INFO] system - 正在监听 port 7071
[2017-11-21 19:52:09.791] [INFO] system - 正在监听 port 7071
[2017-11-21 19:52:16.730] [INFO] system - 正在监听 port 7071
[2017-11-21 19:52:22.638] [INFO] system - 正在监听 port 7071
[2017-11-21 19:52:24.527] [INFO] system - 正在监听 port 7071
[2017-11-21 19:52:50.621] [INFO] system - 正在监听 port 7071
[2017-11-21 19:53:10.679] [INFO] system - 正在监听 port 7071
[2017-11-21 19:53:16.644] [INFO] system - 正在监听 port 7071
[2017-11-21 19:54:30.222] [INFO] system - 正在监听 port 7071
[2017-11-21 19:56:14.518] [INFO] system - 正在监听 port 7071
[2017-11-21 19:57:21.717] [INFO] system - 正在监听 port 7071
[2017-11-21 19:57:47.732] [INFO] system - 正在监听 port 7071
[2017-11-21 19:57:59.626] [INFO] system - 正在监听 port 7071
[2017-11-21 19:58:21.692] [INFO] system - 正在监听 port 7071
[2017-11-21 19:59:10.849] [INFO] system - 正在监听 port 7071
[2017-11-21 19:59:15.726] [INFO] system - 正在监听 port 7071
[2017-11-21 20:01:04.411] [INFO] system - 正在监听 port 7071
[2017-11-21 20:04:58.770] [INFO] system - 正在监听 port 7071
[2017-11-21 20:05:26.846] [INFO] system - 正在监听 port 7071
[2017-11-21 20:05:58.957] [INFO] system - 正在监听 port 7071
[2017-11-21 20:06:08.027] [INFO] system - 正在监听 port 7071
[2017-11-21 20:06:27.080] [INFO] system - 正在监听 port 7071
