[2017-11-30 10:58:34.433] [INFO] system - 正在监听 port 7071
[2017-11-30 11:14:31.731] [INFO] system - 正在监听 port 7071
[2017-11-30 11:20:09.842] [INFO] system - 正在监听 port 7071
[2017-11-30 11:26:44.171] [INFO] system - 正在监听 port 7071
[2017-11-30 11:29:52.802] [INFO] system - 正在监听 port 7071
[2017-11-30 11:29:58.644] [INFO] system - 正在监听 port 7071
[2017-11-30 11:29:59.385] [INFO] system - 正在监听 port 7071
[2017-11-30 11:30:05.433] [INFO] system - 正在监听 port 7071
[2017-11-30 11:30:06.415] [INFO] system - 正在监听 port 7071
[2017-11-30 11:30:07.424] [INFO] system - 正在监听 port 7071
[2017-11-30 11:30:08.444] [INFO] system - 正在监听 port 7071
[2017-11-30 11:30:09.462] [INFO] system - 正在监听 port 7071
[2017-11-30 11:33:45.097] [INFO] system - 正在监听 port 7071
[2017-11-30 11:33:46.124] [INFO] system - 正在监听 port 7071
[2017-11-30 11:33:48.187] [INFO] system - 正在监听 port 7071
[2017-11-30 11:33:51.191] [INFO] system - 正在监听 port 7071
[2017-11-30 11:36:20.632] [INFO] system - 正在监听 port 7071
[2017-11-30 11:36:26.646] [INFO] system - 正在监听 port 7071
[2017-11-30 11:36:36.639] [INFO] system - 正在监听 port 7071
[2017-11-30 11:36:37.656] [INFO] system - 正在监听 port 7071
[2017-11-30 11:36:38.721] [INFO] system - 正在监听 port 7071
[2017-11-30 11:37:39.935] [INFO] system - 正在监听 port 7071
[2017-11-30 11:37:50.894] [INFO] system - 正在监听 port 7071
[2017-11-30 11:37:51.912] [INFO] system - 正在监听 port 7071
[2017-11-30 11:37:52.915] [INFO] system - 正在监听 port 7071
[2017-11-30 11:37:53.900] [INFO] system - 正在监听 port 7071
[2017-11-30 11:37:54.922] [INFO] system - 正在监听 port 7071
[2017-11-30 11:42:48.880] [INFO] system - 正在监听 port 7071
[2017-11-30 11:42:49.922] [INFO] system - 正在监听 port 7071
[2017-11-30 11:42:59.898] [INFO] system - 正在监听 port 7071
[2017-11-30 11:43:02.939] [INFO] system - 正在监听 port 7071
[2017-11-30 11:45:08.667] [INFO] system - 正在监听 port 7071
[2017-11-30 11:45:12.339] [INFO] system - 正在监听 port 7071
[2017-11-30 11:45:13.351] [INFO] system - 正在监听 port 7071
[2017-11-30 11:45:18.366] [INFO] system - 正在监听 port 7071
[2017-11-30 11:45:26.339] [INFO] system - 正在监听 port 7071
[2017-11-30 11:45:27.340] [INFO] system - 正在监听 port 7071
[2017-11-30 11:45:28.360] [INFO] system - 正在监听 port 7071
[2017-11-30 11:45:30.368] [INFO] system - 正在监听 port 7071
[2017-11-30 11:46:25.629] [INFO] system - 正在监听 port 7071
[2017-11-30 11:46:28.616] [INFO] system - 正在监听 port 7071
[2017-11-30 11:46:29.627] [INFO] system - 正在监听 port 7071
[2017-11-30 11:46:30.602] [INFO] system - 正在监听 port 7071
[2017-11-30 11:46:31.603] [INFO] system - 正在监听 port 7071
[2017-11-30 11:46:32.595] [INFO] system - 正在监听 port 7071
[2017-11-30 11:49:15.425] [INFO] system - 正在监听 port 7071
[2017-11-30 11:49:17.115] [INFO] system - 正在监听 port 7071
[2017-11-30 11:49:19.178] [INFO] system - 正在监听 port 7071
[2017-11-30 12:34:14.695] [INFO] system - 正在监听 port 7071
[2017-11-30 12:34:18.356] [INFO] system - 正在监听 port 7071
[2017-11-30 13:07:26.485] [INFO] system - 正在监听 port 7071
[2017-11-30 13:07:53.502] [INFO] system - 正在监听 port 7071
[2017-11-30 13:08:03.606] [INFO] system - 正在监听 port 7071
[2017-11-30 13:08:10.602] [INFO] system - 正在监听 port 7071
[2017-11-30 13:10:38.448] [INFO] system - 正在监听 port 7071
[2017-11-30 13:10:39.386] [INFO] system - 正在监听 port 7071
[2017-11-30 13:10:40.395] [INFO] system - 正在监听 port 7071
[2017-11-30 13:10:41.387] [INFO] system - 正在监听 port 7071
[2017-11-30 13:10:43.409] [INFO] system - 正在监听 port 7071
[2017-11-30 13:11:29.480] [INFO] system - 正在监听 port 7071
[2017-11-30 13:11:30.500] [INFO] system - 正在监听 port 7071
[2017-11-30 13:11:31.572] [INFO] system - 正在监听 port 7071
[2017-11-30 13:11:43.595] [INFO] system - 正在监听 port 7071
[2017-11-30 13:12:10.685] [INFO] system - 正在监听 port 7071
[2017-11-30 13:12:26.711] [INFO] system - 正在监听 port 7071
[2017-11-30 13:12:27.746] [INFO] system - 正在监听 port 7071
[2017-11-30 13:12:30.747] [INFO] system - 正在监听 port 7071
[2017-11-30 13:12:51.738] [INFO] system - 正在监听 port 7071
[2017-11-30 13:12:52.831] [INFO] system - 正在监听 port 7071
[2017-11-30 13:13:06.980] [INFO] system - 正在监听 port 7071
[2017-11-30 19:14:07.386] [INFO] system - 正在监听 port 7071
[2017-11-30 19:14:13.172] [INFO] system - 正在监听 port 7071
[2017-11-30 19:14:28.597] [INFO] system - 正在监听 port 7071
[2017-11-30 19:15:16.427] [ERROR] system - error in domain { SyntaxError: Unexpected end of JSON input
    at Object.parse (native)
    at /Users/mac/Desktop/Applications/GitLab/cms-backend/src/controllers/act/act.controller.js:217:49
    at /Users/mac/Desktop/Applications/GitLab/cms-backend/src/services/system/config.service.js:104:9
    at /Users/mac/Desktop/Applications/GitLab/cms-backend/src/lib/mysqldb.lib.js:160:16
    at Query.<anonymous> (/Users/mac/Desktop/Applications/GitLab/cms-backend/src/lib/mysqldb.lib.js:49:13)
    at bound (domain.js:280:14)
    at Query.runBound [as _callback] (domain.js:293:12)
    at Query.Sequence.end (/Users/mac/Desktop/Applications/GitLab/cms-backend/node_modules/mysql/lib/protocol/sequences/Sequence.js:86:24)
    at Query._handleFinalResultPacket (/Users/mac/Desktop/Applications/GitLab/cms-backend/node_modules/mysql/lib/protocol/sequences/Query.js:137:8)
    at Query.EofPacket (/Users/mac/Desktop/Applications/GitLab/cms-backend/node_modules/mysql/lib/protocol/sequences/Query.js:121:8)
    at Protocol._parsePacket (/Users/mac/Desktop/Applications/GitLab/cms-backend/node_modules/mysql/lib/protocol/Protocol.js:280:23)
    at Parser.write (/Users/mac/Desktop/Applications/GitLab/cms-backend/node_modules/mysql/lib/protocol/Parser.js:75:12)
    at Protocol.write (/Users/mac/Desktop/Applications/GitLab/cms-backend/node_modules/mysql/lib/protocol/Protocol.js:39:16)
    at Socket.<anonymous> (/Users/mac/Desktop/Applications/GitLab/cms-backend/node_modules/mysql/lib/Connection.js:103:28)
    at emitOne (events.js:96:13)
    at Socket.emit (events.js:188:7)
  domain: 
   Domain {
     domain: null,
     _events: { error: [Function] },
     _eventsCount: 1,
     _maxListeners: undefined,
     members: [] },
  domainThrown: true }
[2017-11-30 19:18:07.647] [INFO] system - 正在监听 port 7071
[2017-11-30 19:18:28.713] [INFO] system - 正在监听 port 7071
[2017-11-30 19:18:39.801] [INFO] system - 正在监听 port 7071
[2017-11-30 19:18:44.730] [INFO] system - 正在监听 port 7071
[2017-11-30 19:19:05.543] [INFO] system - 正在监听 port 7071
[2017-11-30 19:19:06.550] [INFO] system - 正在监听 port 7071
[2017-11-30 19:19:34.123] [INFO] system - 正在监听 port 7071
[2017-11-30 19:19:38.894] [INFO] system - 正在监听 port 7071
[2017-11-30 19:19:48.085] [INFO] system - 正在监听 port 7071
[2017-11-30 19:20:50.265] [INFO] system - 正在监听 port 7071
[2017-11-30 19:23:12.868] [INFO] system - 正在监听 port 7071
[2017-11-30 19:45:43.672] [INFO] system - 正在监听 port 7071
[2017-11-30 19:46:23.925] [INFO] system - 正在监听 port 7071
[2017-11-30 19:46:24.925] [INFO] system - 正在监听 port 7071
[2017-11-30 19:46:42.026] [INFO] system - 正在监听 port 7071
[2017-11-30 19:47:11.537] [INFO] system - 正在监听 port 7071
[2017-11-30 19:47:57.795] [INFO] system - 正在监听 port 7071
[2017-11-30 19:47:58.753] [INFO] system - 正在监听 port 7071
[2017-11-30 19:48:00.786] [INFO] system - 正在监听 port 7071
[2017-11-30 19:48:01.809] [INFO] system - 正在监听 port 7071
[2017-11-30 19:48:11.798] [INFO] system - 正在监听 port 7071
[2017-11-30 19:48:12.789] [INFO] system - 正在监听 port 7071
[2017-11-30 19:48:41.897] [INFO] system - 正在监听 port 7071
[2017-11-30 19:48:45.963] [INFO] system - 正在监听 port 7071
[2017-11-30 19:49:28.084] [INFO] system - 正在监听 port 7071
[2017-11-30 19:49:41.070] [INFO] system - 正在监听 port 7071
[2017-11-30 19:49:47.068] [INFO] system - 正在监听 port 7071
[2017-11-30 19:49:48.081] [INFO] system - 正在监听 port 7071
[2017-11-30 19:50:43.263] [INFO] system - 正在监听 port 7071
[2017-11-30 19:50:44.305] [INFO] system - 正在监听 port 7071
[2017-11-30 19:51:42.508] [INFO] system - 正在监听 port 7071
[2017-11-30 19:52:30.686] [INFO] system - 正在监听 port 7071
[2017-11-30 19:52:31.700] [INFO] system - 正在监听 port 7071
