[2017-10-23 15:05:17.774] [INFO] system - 正在监听 port 7071
[2017-10-23 15:05:38.637] [INFO] system - 正在监听 port 7071
[2017-10-23 15:20:11.742] [INFO] system - 正在监听 port 7071
[2017-10-23 15:23:06.483] [INFO] system - 正在监听 port 7071
[2017-10-23 15:28:00.378] [INFO] system - 正在监听 port 7071
[2017-10-23 15:28:21.444] [INFO] system - 正在监听 port 7071
[2017-10-23 15:28:22.149] [INFO] system - 正在监听 port 7071
[2017-10-23 15:28:39.222] [INFO] system - 正在监听 port 7071
[2017-10-23 15:28:42.242] [INFO] system - 正在监听 port 7071
[2017-10-23 15:36:56.071] [ERROR] system - { Error: connect ETIMEDOUT
    at PoolConnection.Connection._handleConnectTimeout (/Users/mac/Desktop/Applications/GitLab/cms-backend/node_modules/express-mysql-session/node_modules/mysql/lib/Connection.js:419:13)
    at Socket.g (events.js:291:16)
    at emitNone (events.js:86:13)
    at Socket.emit (events.js:185:7)
    at Socket._onTimeout (net.js:339:8)
    at ontimeout (timers.js:365:14)
    at tryOnTimeout (timers.js:237:5)
    at Timer.listOnTimeout (timers.js:207:5)
    --------------------
    at Protocol._enqueue (/Users/mac/Desktop/Applications/GitLab/cms-backend/node_modules/express-mysql-session/node_modules/mysql/lib/protocol/Protocol.js:145:48)
    at Protocol.handshake (/Users/mac/Desktop/Applications/GitLab/cms-backend/node_modules/express-mysql-session/node_modules/mysql/lib/protocol/Protocol.js:52:23)
    at PoolConnection.connect (/Users/mac/Desktop/Applications/GitLab/cms-backend/node_modules/express-mysql-session/node_modules/mysql/lib/Connection.js:130:18)
    at Pool.getConnection (/Users/mac/Desktop/Applications/GitLab/cms-backend/node_modules/express-mysql-session/node_modules/mysql/lib/Pool.js:48:16)
    at Pool.releaseConnection (/Users/mac/Desktop/Applications/GitLab/cms-backend/node_modules/express-mysql-session/node_modules/mysql/lib/Pool.js:157:10)
    at Pool._removeConnection (/Users/mac/Desktop/Applications/GitLab/cms-backend/node_modules/express-mysql-session/node_modules/mysql/lib/Pool.js:277:8)
    at Pool._purgeConnection (/Users/mac/Desktop/Applications/GitLab/cms-backend/node_modules/express-mysql-session/node_modules/mysql/lib/Pool.js:258:8)
    at Ping.onOperationComplete [as _callback] (/Users/mac/Desktop/Applications/GitLab/cms-backend/node_modules/express-mysql-session/node_modules/mysql/lib/Pool.js:101:12)
    at Ping.Sequence.end (/Users/mac/Desktop/Applications/GitLab/cms-backend/node_modules/express-mysql-session/node_modules/mysql/lib/protocol/sequences/Sequence.js:88:24)
    at /Users/mac/Desktop/Applications/GitLab/cms-backend/node_modules/express-mysql-session/node_modules/mysql/lib/protocol/Protocol.js:398:18
    at Array.forEach (native)
    at /Users/mac/Desktop/Applications/GitLab/cms-backend/node_modules/express-mysql-session/node_modules/mysql/lib/protocol/Protocol.js:397:13
    at _combinedTickCallback (internal/process/next_tick.js:67:7)
    at process._tickDomainCallback (internal/process/next_tick.js:122:9)
  errorno: 'ETIMEDOUT',
  code: 'ETIMEDOUT',
  syscall: 'connect',
  fatal: true } undefined
[2017-10-23 15:56:48.744] [INFO] system - 正在监听 port 7071
[2017-10-23 16:01:45.868] [INFO] system - 正在监听 port 7071
[2017-10-23 16:01:55.567] [INFO] system - 正在监听 port 7071
[2017-10-23 16:01:56.572] [INFO] system - 正在监听 port 7071
[2017-10-23 16:06:34.636] [INFO] system - 正在监听 port 7071
[2017-10-23 16:06:36.445] [INFO] system - 正在监听 port 7071
[2017-10-23 16:07:18.438] [INFO] system - 正在监听 port 7071
[2017-10-23 16:11:44.528] [INFO] system - 正在监听 port 7071
[2017-10-23 16:11:50.938] [INFO] system - 正在监听 port 7071
[2017-10-23 16:11:52.282] [INFO] system - 正在监听 port 7071
[2017-10-23 16:12:49.750] [INFO] system - 正在监听 port 7071
[2017-10-23 16:13:27.642] [INFO] system - 正在监听 port 7071
[2017-10-23 16:16:30.494] [INFO] system - 正在监听 port 7071
[2017-10-23 16:19:11.940] [INFO] system - 正在监听 port 7071
[2017-10-23 16:24:03.043] [ERROR] system - error in domain { TypeError: Cannot read property 'typeid' of undefined
    at /Users/mac/Desktop/Applications/GitLab/cms-backend/src/controllers/news/news.controller.js:36:21
    at /Users/mac/Desktop/Applications/GitLab/cms-backend/src/services/news/news.service.js:13:11
    at /Users/mac/Desktop/Applications/GitLab/cms-backend/src/lib/mysqldb.lib.js:158:20
    at Query.<anonymous> (/Users/mac/Desktop/Applications/GitLab/cms-backend/src/lib/mysqldb.lib.js:49:13)
    at bound (domain.js:280:14)
    at Query.runBound [as _callback] (domain.js:293:12)
    at Query.Sequence.end (/Users/mac/Desktop/Applications/GitLab/cms-backend/node_modules/mysql/lib/protocol/sequences/Sequence.js:86:24)
    at Query.ErrorPacket (/Users/mac/Desktop/Applications/GitLab/cms-backend/node_modules/mysql/lib/protocol/sequences/Query.js:88:8)
    at Protocol._parsePacket (/Users/mac/Desktop/Applications/GitLab/cms-backend/node_modules/mysql/lib/protocol/Protocol.js:280:23)
    at Parser.write (/Users/mac/Desktop/Applications/GitLab/cms-backend/node_modules/mysql/lib/protocol/Parser.js:75:12)
    at Protocol.write (/Users/mac/Desktop/Applications/GitLab/cms-backend/node_modules/mysql/lib/protocol/Protocol.js:39:16)
    at Socket.<anonymous> (/Users/mac/Desktop/Applications/GitLab/cms-backend/node_modules/mysql/lib/Connection.js:103:28)
    at emitOne (events.js:96:13)
    at Socket.emit (events.js:188:7)
    at readableAddChunk (_stream_readable.js:176:18)
    at Socket.Readable.push (_stream_readable.js:134:10)
    at TCP.onread (net.js:548:20)
  domain: 
   Domain {
     domain: null,
     _events: { error: [Function] },
     _eventsCount: 1,
     _maxListeners: undefined,
     members: [] },
  domainThrown: true }
[2017-10-23 16:24:20.483] [ERROR] system - error in domain { TypeError: Cannot read property 'typeid' of undefined
    at /Users/mac/Desktop/Applications/GitLab/cms-backend/src/controllers/news/news.controller.js:36:21
    at /Users/mac/Desktop/Applications/GitLab/cms-backend/src/services/news/news.service.js:13:11
    at /Users/mac/Desktop/Applications/GitLab/cms-backend/src/lib/mysqldb.lib.js:158:20
    at Query.<anonymous> (/Users/mac/Desktop/Applications/GitLab/cms-backend/src/lib/mysqldb.lib.js:49:13)
    at bound (domain.js:280:14)
    at Query.runBound [as _callback] (domain.js:293:12)
    at Query.Sequence.end (/Users/mac/Desktop/Applications/GitLab/cms-backend/node_modules/mysql/lib/protocol/sequences/Sequence.js:86:24)
    at Query.ErrorPacket (/Users/mac/Desktop/Applications/GitLab/cms-backend/node_modules/mysql/lib/protocol/sequences/Query.js:88:8)
    at Protocol._parsePacket (/Users/mac/Desktop/Applications/GitLab/cms-backend/node_modules/mysql/lib/protocol/Protocol.js:280:23)
    at Parser.write (/Users/mac/Desktop/Applications/GitLab/cms-backend/node_modules/mysql/lib/protocol/Parser.js:75:12)
    at Protocol.write (/Users/mac/Desktop/Applications/GitLab/cms-backend/node_modules/mysql/lib/protocol/Protocol.js:39:16)
    at Socket.<anonymous> (/Users/mac/Desktop/Applications/GitLab/cms-backend/node_modules/mysql/lib/Connection.js:103:28)
    at emitOne (events.js:96:13)
    at Socket.emit (events.js:188:7)
    at readableAddChunk (_stream_readable.js:176:18)
    at Socket.Readable.push (_stream_readable.js:134:10)
    at TCP.onread (net.js:548:20)
  domain: 
   Domain {
     domain: null,
     _events: { error: [Function] },
     _eventsCount: 1,
     _maxListeners: undefined,
     members: [] },
  domainThrown: true }
[2017-10-23 16:24:47.946] [INFO] system - 正在监听 port 7071
[2017-10-23 16:24:48.683] [INFO] system - 正在监听 port 7071
[2017-10-23 16:24:50.770] [ERROR] system - error in domain { TypeError: Cannot read property 'typeid' of undefined
    at /Users/mac/Desktop/Applications/GitLab/cms-backend/src/controllers/news/news.controller.js:36:21
    at /Users/mac/Desktop/Applications/GitLab/cms-backend/src/services/news/news.service.js:13:11
    at /Users/mac/Desktop/Applications/GitLab/cms-backend/src/lib/mysqldb.lib.js:158:20
    at Query.<anonymous> (/Users/mac/Desktop/Applications/GitLab/cms-backend/src/lib/mysqldb.lib.js:49:13)
    at bound (domain.js:280:14)
    at Query.runBound [as _callback] (domain.js:293:12)
    at Query.Sequence.end (/Users/mac/Desktop/Applications/GitLab/cms-backend/node_modules/mysql/lib/protocol/sequences/Sequence.js:86:24)
    at Query.ErrorPacket (/Users/mac/Desktop/Applications/GitLab/cms-backend/node_modules/mysql/lib/protocol/sequences/Query.js:88:8)
    at Protocol._parsePacket (/Users/mac/Desktop/Applications/GitLab/cms-backend/node_modules/mysql/lib/protocol/Protocol.js:280:23)
    at Parser.write (/Users/mac/Desktop/Applications/GitLab/cms-backend/node_modules/mysql/lib/protocol/Parser.js:75:12)
    at Protocol.write (/Users/mac/Desktop/Applications/GitLab/cms-backend/node_modules/mysql/lib/protocol/Protocol.js:39:16)
    at Socket.<anonymous> (/Users/mac/Desktop/Applications/GitLab/cms-backend/node_modules/mysql/lib/Connection.js:103:28)
    at emitOne (events.js:96:13)
    at Socket.emit (events.js:188:7)
    at readableAddChunk (_stream_readable.js:176:18)
    at Socket.Readable.push (_stream_readable.js:134:10)
  domain: 
   Domain {
     domain: null,
     _events: { error: [Function] },
     _eventsCount: 1,
     _maxListeners: undefined,
     members: [] },
  domainThrown: true }
[2017-10-23 16:25:44.054] [ERROR] system - error in domain { TypeError: Cannot read property 'typeid' of undefined
    at /Users/mac/Desktop/Applications/GitLab/cms-backend/src/controllers/news/news.controller.js:36:21
    at /Users/mac/Desktop/Applications/GitLab/cms-backend/src/services/news/news.service.js:13:11
    at /Users/mac/Desktop/Applications/GitLab/cms-backend/src/lib/mysqldb.lib.js:158:20
    at Query.<anonymous> (/Users/mac/Desktop/Applications/GitLab/cms-backend/src/lib/mysqldb.lib.js:49:13)
    at bound (domain.js:280:14)
    at Query.runBound [as _callback] (domain.js:293:12)
    at Query.Sequence.end (/Users/mac/Desktop/Applications/GitLab/cms-backend/node_modules/mysql/lib/protocol/sequences/Sequence.js:86:24)
    at Query.ErrorPacket (/Users/mac/Desktop/Applications/GitLab/cms-backend/node_modules/mysql/lib/protocol/sequences/Query.js:88:8)
    at Protocol._parsePacket (/Users/mac/Desktop/Applications/GitLab/cms-backend/node_modules/mysql/lib/protocol/Protocol.js:280:23)
    at Parser.write (/Users/mac/Desktop/Applications/GitLab/cms-backend/node_modules/mysql/lib/protocol/Parser.js:75:12)
    at Protocol.write (/Users/mac/Desktop/Applications/GitLab/cms-backend/node_modules/mysql/lib/protocol/Protocol.js:39:16)
    at Socket.<anonymous> (/Users/mac/Desktop/Applications/GitLab/cms-backend/node_modules/mysql/lib/Connection.js:103:28)
    at emitOne (events.js:96:13)
    at Socket.emit (events.js:188:7)
    at readableAddChunk (_stream_readable.js:176:18)
    at Socket.Readable.push (_stream_readable.js:134:10)
  domain: 
   Domain {
     domain: null,
     _events: { error: [Function] },
     _eventsCount: 1,
     _maxListeners: undefined,
     members: [] },
  domainThrown: true }
[2017-10-23 16:26:01.180] [INFO] system - 正在监听 port 7071
[2017-10-23 16:26:06.962] [INFO] system - 正在监听 port 7071
[2017-10-23 16:27:50.273] [ERROR] system - error in domain { TypeError: Cannot read property 'typeid' of undefined
    at /Users/mac/Desktop/Applications/GitLab/cms-backend/src/controllers/news/news.controller.js:36:21
    at /Users/mac/Desktop/Applications/GitLab/cms-backend/src/services/news/news.service.js:13:11
    at /Users/mac/Desktop/Applications/GitLab/cms-backend/src/lib/mysqldb.lib.js:158:20
    at Query.<anonymous> (/Users/mac/Desktop/Applications/GitLab/cms-backend/src/lib/mysqldb.lib.js:49:13)
    at bound (domain.js:280:14)
    at Query.runBound [as _callback] (domain.js:293:12)
    at Query.Sequence.end (/Users/mac/Desktop/Applications/GitLab/cms-backend/node_modules/mysql/lib/protocol/sequences/Sequence.js:86:24)
    at Query.ErrorPacket (/Users/mac/Desktop/Applications/GitLab/cms-backend/node_modules/mysql/lib/protocol/sequences/Query.js:88:8)
    at Protocol._parsePacket (/Users/mac/Desktop/Applications/GitLab/cms-backend/node_modules/mysql/lib/protocol/Protocol.js:280:23)
    at Parser.write (/Users/mac/Desktop/Applications/GitLab/cms-backend/node_modules/mysql/lib/protocol/Parser.js:75:12)
    at Protocol.write (/Users/mac/Desktop/Applications/GitLab/cms-backend/node_modules/mysql/lib/protocol/Protocol.js:39:16)
    at Socket.<anonymous> (/Users/mac/Desktop/Applications/GitLab/cms-backend/node_modules/mysql/lib/Connection.js:103:28)
    at emitOne (events.js:96:13)
    at Socket.emit (events.js:188:7)
    at readableAddChunk (_stream_readable.js:176:18)
    at Socket.Readable.push (_stream_readable.js:134:10)
  domain: 
   Domain {
     domain: null,
     _events: { error: [Function] },
     _eventsCount: 1,
     _maxListeners: undefined,
     members: [] },
  domainThrown: true }
[2017-10-23 16:28:16.246] [INFO] system - 正在监听 port 7071
[2017-10-23 16:28:17.654] [ERROR] system - error in domain { TypeError: Cannot read property 'typeid' of undefined
    at /Users/mac/Desktop/Applications/GitLab/cms-backend/src/controllers/news/news.controller.js:37:21
    at /Users/mac/Desktop/Applications/GitLab/cms-backend/src/services/news/news.service.js:13:11
    at /Users/mac/Desktop/Applications/GitLab/cms-backend/src/lib/mysqldb.lib.js:158:20
    at Query.<anonymous> (/Users/mac/Desktop/Applications/GitLab/cms-backend/src/lib/mysqldb.lib.js:49:13)
    at bound (domain.js:280:14)
    at Query.runBound [as _callback] (domain.js:293:12)
    at Query.Sequence.end (/Users/mac/Desktop/Applications/GitLab/cms-backend/node_modules/mysql/lib/protocol/sequences/Sequence.js:86:24)
    at Query.ErrorPacket (/Users/mac/Desktop/Applications/GitLab/cms-backend/node_modules/mysql/lib/protocol/sequences/Query.js:88:8)
    at Protocol._parsePacket (/Users/mac/Desktop/Applications/GitLab/cms-backend/node_modules/mysql/lib/protocol/Protocol.js:280:23)
    at Parser.write (/Users/mac/Desktop/Applications/GitLab/cms-backend/node_modules/mysql/lib/protocol/Parser.js:75:12)
    at Protocol.write (/Users/mac/Desktop/Applications/GitLab/cms-backend/node_modules/mysql/lib/protocol/Protocol.js:39:16)
    at Socket.<anonymous> (/Users/mac/Desktop/Applications/GitLab/cms-backend/node_modules/mysql/lib/Connection.js:103:28)
    at emitOne (events.js:96:13)
    at Socket.emit (events.js:188:7)
    at readableAddChunk (_stream_readable.js:176:18)
    at Socket.Readable.push (_stream_readable.js:134:10)
  domain: 
   Domain {
     domain: null,
     _events: { error: [Function] },
     _eventsCount: 1,
     _maxListeners: undefined,
     members: [] },
  domainThrown: true }
[2017-10-23 16:29:25.731] [INFO] system - 正在监听 port 7071
[2017-10-23 16:29:50.819] [INFO] system - 正在监听 port 7071
[2017-10-23 16:29:52.149] [ERROR] system - error in domain { TypeError: Cannot read property 'typeid' of undefined
    at /Users/mac/Desktop/Applications/GitLab/cms-backend/src/controllers/news/news.controller.js:37:21
    at /Users/mac/Desktop/Applications/GitLab/cms-backend/src/services/news/news.service.js:13:11
    at /Users/mac/Desktop/Applications/GitLab/cms-backend/src/lib/mysqldb.lib.js:158:20
    at Query.<anonymous> (/Users/mac/Desktop/Applications/GitLab/cms-backend/src/lib/mysqldb.lib.js:49:13)
    at bound (domain.js:280:14)
    at Query.runBound [as _callback] (domain.js:293:12)
    at Query.Sequence.end (/Users/mac/Desktop/Applications/GitLab/cms-backend/node_modules/mysql/lib/protocol/sequences/Sequence.js:86:24)
    at Query.ErrorPacket (/Users/mac/Desktop/Applications/GitLab/cms-backend/node_modules/mysql/lib/protocol/sequences/Query.js:88:8)
    at Protocol._parsePacket (/Users/mac/Desktop/Applications/GitLab/cms-backend/node_modules/mysql/lib/protocol/Protocol.js:280:23)
    at Parser.write (/Users/mac/Desktop/Applications/GitLab/cms-backend/node_modules/mysql/lib/protocol/Parser.js:75:12)
    at Protocol.write (/Users/mac/Desktop/Applications/GitLab/cms-backend/node_modules/mysql/lib/protocol/Protocol.js:39:16)
    at Socket.<anonymous> (/Users/mac/Desktop/Applications/GitLab/cms-backend/node_modules/mysql/lib/Connection.js:103:28)
    at emitOne (events.js:96:13)
    at Socket.emit (events.js:188:7)
    at readableAddChunk (_stream_readable.js:176:18)
    at Socket.Readable.push (_stream_readable.js:134:10)
  domain: 
   Domain {
     domain: null,
     _events: { error: [Function] },
     _eventsCount: 1,
     _maxListeners: undefined,
     members: [] },
  domainThrown: true }
[2017-10-23 16:30:07.033] [ERROR] system - error in domain { TypeError: Cannot read property 'typeid' of undefined
    at /Users/mac/Desktop/Applications/GitLab/cms-backend/src/controllers/news/news.controller.js:37:21
    at /Users/mac/Desktop/Applications/GitLab/cms-backend/src/services/news/news.service.js:13:11
    at /Users/mac/Desktop/Applications/GitLab/cms-backend/src/lib/mysqldb.lib.js:158:20
    at Query.<anonymous> (/Users/mac/Desktop/Applications/GitLab/cms-backend/src/lib/mysqldb.lib.js:49:13)
    at bound (domain.js:280:14)
    at Query.runBound [as _callback] (domain.js:293:12)
    at Query.Sequence.end (/Users/mac/Desktop/Applications/GitLab/cms-backend/node_modules/mysql/lib/protocol/sequences/Sequence.js:86:24)
    at Query.ErrorPacket (/Users/mac/Desktop/Applications/GitLab/cms-backend/node_modules/mysql/lib/protocol/sequences/Query.js:88:8)
    at Protocol._parsePacket (/Users/mac/Desktop/Applications/GitLab/cms-backend/node_modules/mysql/lib/protocol/Protocol.js:280:23)
    at Parser.write (/Users/mac/Desktop/Applications/GitLab/cms-backend/node_modules/mysql/lib/protocol/Parser.js:75:12)
    at Protocol.write (/Users/mac/Desktop/Applications/GitLab/cms-backend/node_modules/mysql/lib/protocol/Protocol.js:39:16)
    at Socket.<anonymous> (/Users/mac/Desktop/Applications/GitLab/cms-backend/node_modules/mysql/lib/Connection.js:103:28)
    at emitOne (events.js:96:13)
    at Socket.emit (events.js:188:7)
    at readableAddChunk (_stream_readable.js:176:18)
    at Socket.Readable.push (_stream_readable.js:134:10)
  domain: 
   Domain {
     domain: null,
     _events: { error: [Function] },
     _eventsCount: 1,
     _maxListeners: undefined,
     members: [] },
  domainThrown: true }
[2017-10-23 16:32:10.752] [INFO] system - 正在监听 port 7071
[2017-10-23 16:32:29.518] [INFO] system - 正在监听 port 7071
[2017-10-23 16:32:36.952] [ERROR] system - error in domain { TypeError: Cannot read property 'typeid' of undefined
    at /Users/mac/Desktop/Applications/GitLab/cms-backend/src/controllers/news/news.controller.js:37:21
    at /Users/mac/Desktop/Applications/GitLab/cms-backend/src/services/news/news.service.js:13:11
    at /Users/mac/Desktop/Applications/GitLab/cms-backend/src/lib/mysqldb.lib.js:158:20
    at Query.<anonymous> (/Users/mac/Desktop/Applications/GitLab/cms-backend/src/lib/mysqldb.lib.js:49:13)
    at bound (domain.js:280:14)
    at Query.runBound [as _callback] (domain.js:293:12)
    at Query.Sequence.end (/Users/mac/Desktop/Applications/GitLab/cms-backend/node_modules/mysql/lib/protocol/sequences/Sequence.js:86:24)
    at Query.ErrorPacket (/Users/mac/Desktop/Applications/GitLab/cms-backend/node_modules/mysql/lib/protocol/sequences/Query.js:88:8)
    at Protocol._parsePacket (/Users/mac/Desktop/Applications/GitLab/cms-backend/node_modules/mysql/lib/protocol/Protocol.js:280:23)
    at Parser.write (/Users/mac/Desktop/Applications/GitLab/cms-backend/node_modules/mysql/lib/protocol/Parser.js:75:12)
    at Protocol.write (/Users/mac/Desktop/Applications/GitLab/cms-backend/node_modules/mysql/lib/protocol/Protocol.js:39:16)
    at Socket.<anonymous> (/Users/mac/Desktop/Applications/GitLab/cms-backend/node_modules/mysql/lib/Connection.js:103:28)
    at emitOne (events.js:96:13)
    at Socket.emit (events.js:188:7)
    at readableAddChunk (_stream_readable.js:176:18)
    at Socket.Readable.push (_stream_readable.js:134:10)
  domain: 
   Domain {
     domain: null,
     _events: { error: [Function] },
     _eventsCount: 1,
     _maxListeners: undefined,
     members: [] },
  domainThrown: true }
[2017-10-23 16:37:04.561] [INFO] system - 正在监听 port 7071
[2017-10-23 16:37:09.310] [INFO] system - 正在监听 port 7071
[2017-10-23 16:37:13.247] [INFO] system - 正在监听 port 7071
[2017-10-23 16:37:14.253] [INFO] system - 正在监听 port 7071
[2017-10-23 16:38:16.763] [INFO] system - 正在监听 port 7071
[2017-10-23 16:41:55.367] [INFO] system - 正在监听 port 7071
[2017-10-23 16:42:09.425] [INFO] system - 正在监听 port 7071
[2017-10-23 16:42:31.461] [INFO] system - 正在监听 port 7071
[2017-10-23 16:44:44.814] [INFO] system - 正在监听 port 7071
[2017-10-23 16:44:45.610] [INFO] system - 正在监听 port 7071
[2017-10-23 16:53:28.380] [INFO] system - 正在监听 port 7071
[2017-10-23 16:53:49.113] [INFO] system - 正在监听 port 7071
[2017-10-23 16:53:51.183] [INFO] system - 正在监听 port 7071
[2017-10-23 16:54:16.473] [INFO] system - 正在监听 port 7071
[2017-10-23 16:54:17.253] [INFO] system - 正在监听 port 7071
[2017-10-23 17:15:37.262] [INFO] system - 正在监听 port 7071
[2017-10-23 17:15:48.254] [INFO] system - 正在监听 port 7071
[2017-10-23 17:16:07.011] [INFO] system - 正在监听 port 7071
[2017-10-23 17:16:36.067] [INFO] system - 正在监听 port 7071
[2017-10-23 17:18:49.263] [ERROR] system - error in domain { ReferenceError: callback is not defined
    at /Users/mac/Desktop/Applications/GitLab/cms-backend/src/controllers/contracts/contracts.controller.js:147:20
    at /Users/mac/Desktop/Applications/GitLab/cms-backend/node_modules/async/dist/async.js:421:16
    at /Users/mac/Desktop/Applications/GitLab/cms-backend/node_modules/async/dist/async.js:1609:17
    at /Users/mac/Desktop/Applications/GitLab/cms-backend/node_modules/async/dist/async.js:906:16
    at /Users/mac/Desktop/Applications/GitLab/cms-backend/src/controllers/contracts/contracts.controller.js:127:18
    at /Users/mac/Desktop/Applications/GitLab/cms-backend/src/services/contracts/contracts.service.js:109:20
    at /Users/mac/Desktop/Applications/GitLab/cms-backend/src/lib/mysqldb.lib.js:158:20
    at Query.<anonymous> (/Users/mac/Desktop/Applications/GitLab/cms-backend/src/lib/mysqldb.lib.js:49:13)
    at bound (domain.js:280:14)
    at Query.runBound [as _callback] (domain.js:293:12)
    at Query.Sequence.end (/Users/mac/Desktop/Applications/GitLab/cms-backend/node_modules/mysql/lib/protocol/sequences/Sequence.js:86:24)
    at Query.ErrorPacket (/Users/mac/Desktop/Applications/GitLab/cms-backend/node_modules/mysql/lib/protocol/sequences/Query.js:88:8)
    at Protocol._parsePacket (/Users/mac/Desktop/Applications/GitLab/cms-backend/node_modules/mysql/lib/protocol/Protocol.js:280:23)
    at Parser.write (/Users/mac/Desktop/Applications/GitLab/cms-backend/node_modules/mysql/lib/protocol/Parser.js:75:12)
    at Protocol.write (/Users/mac/Desktop/Applications/GitLab/cms-backend/node_modules/mysql/lib/protocol/Protocol.js:39:16)
    at Socket.<anonymous> (/Users/mac/Desktop/Applications/GitLab/cms-backend/node_modules/mysql/lib/Connection.js:103:28)
  domain: 
   Domain {
     domain: null,
     _events: { error: [Function] },
     _eventsCount: 1,
     _maxListeners: undefined,
     members: [] },
  domainThrown: true }
[2017-10-23 17:19:33.063] [ERROR] system - error in domain { ReferenceError: callback is not defined
    at /Users/mac/Desktop/Applications/GitLab/cms-backend/src/controllers/contracts/contracts.controller.js:147:20
    at /Users/mac/Desktop/Applications/GitLab/cms-backend/node_modules/async/dist/async.js:421:16
    at /Users/mac/Desktop/Applications/GitLab/cms-backend/node_modules/async/dist/async.js:1609:17
    at /Users/mac/Desktop/Applications/GitLab/cms-backend/node_modules/async/dist/async.js:906:16
    at /Users/mac/Desktop/Applications/GitLab/cms-backend/src/controllers/contracts/contracts.controller.js:127:18
    at /Users/mac/Desktop/Applications/GitLab/cms-backend/src/services/contracts/contracts.service.js:109:20
    at /Users/mac/Desktop/Applications/GitLab/cms-backend/src/lib/mysqldb.lib.js:158:20
    at Query.<anonymous> (/Users/mac/Desktop/Applications/GitLab/cms-backend/src/lib/mysqldb.lib.js:49:13)
    at bound (domain.js:280:14)
    at Query.runBound [as _callback] (domain.js:293:12)
    at Query.Sequence.end (/Users/mac/Desktop/Applications/GitLab/cms-backend/node_modules/mysql/lib/protocol/sequences/Sequence.js:86:24)
    at Query.ErrorPacket (/Users/mac/Desktop/Applications/GitLab/cms-backend/node_modules/mysql/lib/protocol/sequences/Query.js:88:8)
    at Protocol._parsePacket (/Users/mac/Desktop/Applications/GitLab/cms-backend/node_modules/mysql/lib/protocol/Protocol.js:280:23)
    at Parser.write (/Users/mac/Desktop/Applications/GitLab/cms-backend/node_modules/mysql/lib/protocol/Parser.js:75:12)
    at Protocol.write (/Users/mac/Desktop/Applications/GitLab/cms-backend/node_modules/mysql/lib/protocol/Protocol.js:39:16)
    at Socket.<anonymous> (/Users/mac/Desktop/Applications/GitLab/cms-backend/node_modules/mysql/lib/Connection.js:103:28)
  domain: 
   Domain {
     domain: null,
     _events: { error: [Function] },
     _eventsCount: 1,
     _maxListeners: undefined,
     members: [] },
  domainThrown: true }
[2017-10-23 17:20:11.035] [INFO] system - 正在监听 port 7071
[2017-10-23 19:50:28.354] [INFO] system - 正在监听 port 7071
[2017-10-23 19:50:46.951] [ERROR] system - TypeError: rsaEncrypt is not a function
    at Object.decrypt (/Users/mac/Desktop/Applications/GitLab/cms-backend/src/lib/utils.js:126:25)
    at exports.signIn (/Users/mac/Desktop/Applications/GitLab/cms-backend/src/controllers/login.controller.js:14:20)
    at Layer.handle [as handle_request] (/Users/mac/Desktop/Applications/GitLab/cms-backend/node_modules/express/lib/router/layer.js:95:5)
    at next (/Users/mac/Desktop/Applications/GitLab/cms-backend/node_modules/express/lib/router/route.js:137:13)
    at Route.dispatch (/Users/mac/Desktop/Applications/GitLab/cms-backend/node_modules/express/lib/router/route.js:112:3)
    at Layer.handle [as handle_request] (/Users/mac/Desktop/Applications/GitLab/cms-backend/node_modules/express/lib/router/layer.js:95:5)
    at /Users/mac/Desktop/Applications/GitLab/cms-backend/node_modules/express/lib/router/index.js:281:22
    at Function.process_params (/Users/mac/Desktop/Applications/GitLab/cms-backend/node_modules/express/lib/router/index.js:335:12)
    at next (/Users/mac/Desktop/Applications/GitLab/cms-backend/node_modules/express/lib/router/index.js:275:10)
    at Function.handle (/Users/mac/Desktop/Applications/GitLab/cms-backend/node_modules/express/lib/router/index.js:174:3)
    at router (/Users/mac/Desktop/Applications/GitLab/cms-backend/node_modules/express/lib/router/index.js:47:12)
    at Layer.handle [as handle_request] (/Users/mac/Desktop/Applications/GitLab/cms-backend/node_modules/express/lib/router/layer.js:95:5)
    at trim_prefix (/Users/mac/Desktop/Applications/GitLab/cms-backend/node_modules/express/lib/router/index.js:317:13)
    at /Users/mac/Desktop/Applications/GitLab/cms-backend/node_modules/express/lib/router/index.js:284:7
    at Function.process_params (/Users/mac/Desktop/Applications/GitLab/cms-backend/node_modules/express/lib/router/index.js:335:12)
    at next (/Users/mac/Desktop/Applications/GitLab/cms-backend/node_modules/express/lib/router/index.js:275:10) undefined
[2017-10-23 19:50:59.801] [INFO] system - 正在监听 port 7071
[2017-10-23 19:51:03.249] [ERROR] system - TypeError: rsaEncrypt is not a function
    at Object.decrypt (/Users/mac/Desktop/Applications/GitLab/cms-backend/src/lib/utils.js:126:25)
    at exports.signIn (/Users/mac/Desktop/Applications/GitLab/cms-backend/src/controllers/login.controller.js:14:20)
    at Layer.handle [as handle_request] (/Users/mac/Desktop/Applications/GitLab/cms-backend/node_modules/express/lib/router/layer.js:95:5)
    at next (/Users/mac/Desktop/Applications/GitLab/cms-backend/node_modules/express/lib/router/route.js:137:13)
    at Route.dispatch (/Users/mac/Desktop/Applications/GitLab/cms-backend/node_modules/express/lib/router/route.js:112:3)
    at Layer.handle [as handle_request] (/Users/mac/Desktop/Applications/GitLab/cms-backend/node_modules/express/lib/router/layer.js:95:5)
    at /Users/mac/Desktop/Applications/GitLab/cms-backend/node_modules/express/lib/router/index.js:281:22
    at Function.process_params (/Users/mac/Desktop/Applications/GitLab/cms-backend/node_modules/express/lib/router/index.js:335:12)
    at next (/Users/mac/Desktop/Applications/GitLab/cms-backend/node_modules/express/lib/router/index.js:275:10)
    at Function.handle (/Users/mac/Desktop/Applications/GitLab/cms-backend/node_modules/express/lib/router/index.js:174:3)
    at router (/Users/mac/Desktop/Applications/GitLab/cms-backend/node_modules/express/lib/router/index.js:47:12)
    at Layer.handle [as handle_request] (/Users/mac/Desktop/Applications/GitLab/cms-backend/node_modules/express/lib/router/layer.js:95:5)
    at trim_prefix (/Users/mac/Desktop/Applications/GitLab/cms-backend/node_modules/express/lib/router/index.js:317:13)
    at /Users/mac/Desktop/Applications/GitLab/cms-backend/node_modules/express/lib/router/index.js:284:7
    at Function.process_params (/Users/mac/Desktop/Applications/GitLab/cms-backend/node_modules/express/lib/router/index.js:335:12)
    at next (/Users/mac/Desktop/Applications/GitLab/cms-backend/node_modules/express/lib/router/index.js:275:10) undefined
[2017-10-23 19:51:24.119] [INFO] system - 正在监听 port 7071
[2017-10-23 19:51:45.999] [ERROR] system - TypeError: rsaEncrypt is not a function
    at Object.decrypt (/Users/mac/Desktop/Applications/GitLab/cms-backend/src/lib/utils.js:126:25)
    at exports.signIn (/Users/mac/Desktop/Applications/GitLab/cms-backend/src/controllers/login.controller.js:14:20)
    at Layer.handle [as handle_request] (/Users/mac/Desktop/Applications/GitLab/cms-backend/node_modules/express/lib/router/layer.js:95:5)
    at next (/Users/mac/Desktop/Applications/GitLab/cms-backend/node_modules/express/lib/router/route.js:137:13)
    at Route.dispatch (/Users/mac/Desktop/Applications/GitLab/cms-backend/node_modules/express/lib/router/route.js:112:3)
    at Layer.handle [as handle_request] (/Users/mac/Desktop/Applications/GitLab/cms-backend/node_modules/express/lib/router/layer.js:95:5)
    at /Users/mac/Desktop/Applications/GitLab/cms-backend/node_modules/express/lib/router/index.js:281:22
    at Function.process_params (/Users/mac/Desktop/Applications/GitLab/cms-backend/node_modules/express/lib/router/index.js:335:12)
    at next (/Users/mac/Desktop/Applications/GitLab/cms-backend/node_modules/express/lib/router/index.js:275:10)
    at Function.handle (/Users/mac/Desktop/Applications/GitLab/cms-backend/node_modules/express/lib/router/index.js:174:3)
    at router (/Users/mac/Desktop/Applications/GitLab/cms-backend/node_modules/express/lib/router/index.js:47:12)
    at Layer.handle [as handle_request] (/Users/mac/Desktop/Applications/GitLab/cms-backend/node_modules/express/lib/router/layer.js:95:5)
    at trim_prefix (/Users/mac/Desktop/Applications/GitLab/cms-backend/node_modules/express/lib/router/index.js:317:13)
    at /Users/mac/Desktop/Applications/GitLab/cms-backend/node_modules/express/lib/router/index.js:284:7
    at Function.process_params (/Users/mac/Desktop/Applications/GitLab/cms-backend/node_modules/express/lib/router/index.js:335:12)
    at next (/Users/mac/Desktop/Applications/GitLab/cms-backend/node_modules/express/lib/router/index.js:275:10) undefined
[2017-10-23 19:52:35.444] [INFO] system - 正在监听 port 7071
[2017-10-23 19:52:44.636] [ERROR] system - TypeError: rsaEncrypt is not a function
    at Object.decrypt (/Users/mac/Desktop/Applications/GitLab/cms-backend/src/lib/utils.js:127:25)
    at exports.signIn (/Users/mac/Desktop/Applications/GitLab/cms-backend/src/controllers/login.controller.js:14:20)
    at Layer.handle [as handle_request] (/Users/mac/Desktop/Applications/GitLab/cms-backend/node_modules/express/lib/router/layer.js:95:5)
    at next (/Users/mac/Desktop/Applications/GitLab/cms-backend/node_modules/express/lib/router/route.js:137:13)
    at Route.dispatch (/Users/mac/Desktop/Applications/GitLab/cms-backend/node_modules/express/lib/router/route.js:112:3)
    at Layer.handle [as handle_request] (/Users/mac/Desktop/Applications/GitLab/cms-backend/node_modules/express/lib/router/layer.js:95:5)
    at /Users/mac/Desktop/Applications/GitLab/cms-backend/node_modules/express/lib/router/index.js:281:22
    at Function.process_params (/Users/mac/Desktop/Applications/GitLab/cms-backend/node_modules/express/lib/router/index.js:335:12)
    at next (/Users/mac/Desktop/Applications/GitLab/cms-backend/node_modules/express/lib/router/index.js:275:10)
    at Function.handle (/Users/mac/Desktop/Applications/GitLab/cms-backend/node_modules/express/lib/router/index.js:174:3)
    at router (/Users/mac/Desktop/Applications/GitLab/cms-backend/node_modules/express/lib/router/index.js:47:12)
    at Layer.handle [as handle_request] (/Users/mac/Desktop/Applications/GitLab/cms-backend/node_modules/express/lib/router/layer.js:95:5)
    at trim_prefix (/Users/mac/Desktop/Applications/GitLab/cms-backend/node_modules/express/lib/router/index.js:317:13)
    at /Users/mac/Desktop/Applications/GitLab/cms-backend/node_modules/express/lib/router/index.js:284:7
    at Function.process_params (/Users/mac/Desktop/Applications/GitLab/cms-backend/node_modules/express/lib/router/index.js:335:12)
    at next (/Users/mac/Desktop/Applications/GitLab/cms-backend/node_modules/express/lib/router/index.js:275:10) undefined
[2017-10-23 19:53:25.558] [INFO] system - 正在监听 port 7071
[2017-10-23 19:53:40.992] [INFO] system - 正在监听 port 7071
[2017-10-23 19:54:40.459] [INFO] system - 正在监听 port 7071
[2017-10-23 19:54:53.233] [INFO] system - 正在监听 port 7071
[2017-10-23 19:54:57.248] [INFO] system - 正在监听 port 7071
[2017-10-23 19:55:00.234] [INFO] system - 正在监听 port 7071
[2017-10-23 19:58:05.165] [INFO] system - 正在监听 port 7071
[2017-10-23 20:00:31.582] [INFO] system - 正在监听 port 7071
[2017-10-23 20:01:21.871] [ERROR] system - Error: Key format must be specified
    at Error (native)
    at NodeRSA.module.exports.NodeRSA.importKey (/Users/mac/Desktop/Applications/GitLab/cms-backend/node_modules/node-rsa/src/NodeRSA.js:186:19)
    at new NodeRSA (/Users/mac/Desktop/Applications/GitLab/cms-backend/node_modules/node-rsa/src/NodeRSA.js:75:18)
    at Object.decrypt (/Users/mac/Desktop/Applications/GitLab/cms-backend/src/lib/utils.js:136:26)
    at exports.signIn (/Users/mac/Desktop/Applications/GitLab/cms-backend/src/controllers/login.controller.js:14:20)
    at Layer.handle [as handle_request] (/Users/mac/Desktop/Applications/GitLab/cms-backend/node_modules/express/lib/router/layer.js:95:5)
    at next (/Users/mac/Desktop/Applications/GitLab/cms-backend/node_modules/express/lib/router/route.js:137:13)
    at Route.dispatch (/Users/mac/Desktop/Applications/GitLab/cms-backend/node_modules/express/lib/router/route.js:112:3)
    at Layer.handle [as handle_request] (/Users/mac/Desktop/Applications/GitLab/cms-backend/node_modules/express/lib/router/layer.js:95:5)
    at /Users/mac/Desktop/Applications/GitLab/cms-backend/node_modules/express/lib/router/index.js:281:22
    at Function.process_params (/Users/mac/Desktop/Applications/GitLab/cms-backend/node_modules/express/lib/router/index.js:335:12)
    at next (/Users/mac/Desktop/Applications/GitLab/cms-backend/node_modules/express/lib/router/index.js:275:10)
    at Function.handle (/Users/mac/Desktop/Applications/GitLab/cms-backend/node_modules/express/lib/router/index.js:174:3)
    at router (/Users/mac/Desktop/Applications/GitLab/cms-backend/node_modules/express/lib/router/index.js:47:12)
    at Layer.handle [as handle_request] (/Users/mac/Desktop/Applications/GitLab/cms-backend/node_modules/express/lib/router/layer.js:95:5)
    at trim_prefix (/Users/mac/Desktop/Applications/GitLab/cms-backend/node_modules/express/lib/router/index.js:317:13) undefined
[2017-10-23 20:02:21.291] [ERROR] system - Error: Key format must be specified
    at Error (native)
    at NodeRSA.module.exports.NodeRSA.importKey (/Users/mac/Desktop/Applications/GitLab/cms-backend/node_modules/node-rsa/src/NodeRSA.js:186:19)
    at new NodeRSA (/Users/mac/Desktop/Applications/GitLab/cms-backend/node_modules/node-rsa/src/NodeRSA.js:75:18)
    at Object.decrypt (/Users/mac/Desktop/Applications/GitLab/cms-backend/src/lib/utils.js:136:26)
    at exports.signIn (/Users/mac/Desktop/Applications/GitLab/cms-backend/src/controllers/login.controller.js:14:20)
    at Layer.handle [as handle_request] (/Users/mac/Desktop/Applications/GitLab/cms-backend/node_modules/express/lib/router/layer.js:95:5)
    at next (/Users/mac/Desktop/Applications/GitLab/cms-backend/node_modules/express/lib/router/route.js:137:13)
    at Route.dispatch (/Users/mac/Desktop/Applications/GitLab/cms-backend/node_modules/express/lib/router/route.js:112:3)
    at Layer.handle [as handle_request] (/Users/mac/Desktop/Applications/GitLab/cms-backend/node_modules/express/lib/router/layer.js:95:5)
    at /Users/mac/Desktop/Applications/GitLab/cms-backend/node_modules/express/lib/router/index.js:281:22
    at Function.process_params (/Users/mac/Desktop/Applications/GitLab/cms-backend/node_modules/express/lib/router/index.js:335:12)
    at next (/Users/mac/Desktop/Applications/GitLab/cms-backend/node_modules/express/lib/router/index.js:275:10)
    at Function.handle (/Users/mac/Desktop/Applications/GitLab/cms-backend/node_modules/express/lib/router/index.js:174:3)
    at router (/Users/mac/Desktop/Applications/GitLab/cms-backend/node_modules/express/lib/router/index.js:47:12)
    at Layer.handle [as handle_request] (/Users/mac/Desktop/Applications/GitLab/cms-backend/node_modules/express/lib/router/layer.js:95:5)
    at trim_prefix (/Users/mac/Desktop/Applications/GitLab/cms-backend/node_modules/express/lib/router/index.js:317:13) undefined
[2017-10-23 20:07:57.996] [INFO] system - 正在监听 port 7071
[2017-10-23 20:08:07.914] [INFO] system - 正在监听 port 7071
[2017-10-23 20:08:12.738] [INFO] system - 正在监听 port 7071
[2017-10-23 20:08:56.137] [INFO] system - 正在监听 port 7071
[2017-10-23 20:08:56.917] [INFO] system - 正在监听 port 7071
[2017-10-23 20:09:14.903] [INFO] system - 正在监听 port 7071
[2017-10-23 20:10:47.512] [INFO] system - 正在监听 port 7071
[2017-10-23 20:10:52.283] [INFO] system - 正在监听 port 7071
[2017-10-23 20:11:08.594] [INFO] system - 正在监听 port 7071
[2017-10-23 20:11:22.316] [INFO] system - 正在监听 port 7071
[2017-10-23 20:11:23.320] [INFO] system - 正在监听 port 7071
[2017-10-23 20:11:24.359] [INFO] system - 正在监听 port 7071
[2017-10-23 20:11:28.313] [INFO] system - 正在监听 port 7071
[2017-10-23 20:20:14.252] [ERROR] system - error in domain { TypeError: First argument must be a string or Buffer
    at ServerResponse.OutgoingMessage.write (_http_outgoing.js:456:11)
    at ServerResponse.write (/Users/mac/Desktop/Applications/GitLab/cms-backend/node_modules/compression/index.js:89:18)
    at writetop (/Users/mac/Desktop/Applications/GitLab/cms-backend/node_modules/express-session/index.js:296:22)
    at ServerResponse.end (/Users/mac/Desktop/Applications/GitLab/cms-backend/node_modules/express-session/index.js:351:16)
    at /Users/mac/Desktop/Applications/GitLab/cms-backend/src/controllers/system/pwd.controller.js:34:27
    at /Users/mac/Desktop/Applications/GitLab/cms-backend/src/services/system/user.service.js:37:11
    at /Users/mac/Desktop/Applications/GitLab/cms-backend/src/lib/mysqldb.lib.js:236:24
    at Query.<anonymous> (/Users/mac/Desktop/Applications/GitLab/cms-backend/src/lib/mysqldb.lib.js:49:13)
    at bound (domain.js:280:14)
    at Query.runBound [as _callback] (domain.js:293:12)
    at Query.Sequence.end (/Users/mac/Desktop/Applications/GitLab/cms-backend/node_modules/mysql/lib/protocol/sequences/Sequence.js:86:24)
    at Query.ErrorPacket (/Users/mac/Desktop/Applications/GitLab/cms-backend/node_modules/mysql/lib/protocol/sequences/Query.js:88:8)
    at Protocol._parsePacket (/Users/mac/Desktop/Applications/GitLab/cms-backend/node_modules/mysql/lib/protocol/Protocol.js:280:23)
    at Parser.write (/Users/mac/Desktop/Applications/GitLab/cms-backend/node_modules/mysql/lib/protocol/Parser.js:75:12)
    at Protocol.write (/Users/mac/Desktop/Applications/GitLab/cms-backend/node_modules/mysql/lib/protocol/Protocol.js:39:16)
    at Socket.<anonymous> (/Users/mac/Desktop/Applications/GitLab/cms-backend/node_modules/mysql/lib/Connection.js:103:28)
  domain: 
   Domain {
     domain: null,
     _events: { error: [Function] },
     _eventsCount: 1,
     _maxListeners: undefined,
     members: [] },
  domainThrown: true }
[2017-10-23 20:20:14.256] [ERROR] system - error in exception handler Error: Can't set headers after they are sent.
    at ServerResponse.OutgoingMessage.setHeader (_http_outgoing.js:356:11)
    at ServerResponse.header (/Users/mac/Desktop/Applications/GitLab/cms-backend/node_modules/express/lib/response.js:730:10)
    at ServerResponse.json (/Users/mac/Desktop/Applications/GitLab/cms-backend/node_modules/express/lib/response.js:253:10)
    at Domain.<anonymous> (/Users/mac/Desktop/Applications/GitLab/cms-backend/src/handlers/exception.handler.js:26:27)
    at emitOne (events.js:96:13)
    at Domain.emit (events.js:188:7)
    at Domain.errorHandler [as _errorHandler] (domain.js:97:23)
    at process._fatalException (bootstrap_node.js:293:33)
[2017-10-23 20:20:14.265] [ERROR] system - error in domain { TypeError: First argument must be a string or Buffer
    at ServerResponse.OutgoingMessage.end (_http_outgoing.js:555:11)
    at ServerResponse.end (/Users/mac/Desktop/Applications/GitLab/cms-backend/node_modules/compression/index.js:107:21)
    at writeend (/Users/mac/Desktop/Applications/GitLab/cms-backend/node_modules/express-session/index.js:261:22)
    at ontouch (/Users/mac/Desktop/Applications/GitLab/cms-backend/node_modules/express-session/index.js:348:11)
    at Query.<anonymous> (/Users/mac/Desktop/Applications/GitLab/cms-backend/node_modules/express-mysql-session/lib/index.js:247:17)
    at bound (domain.js:280:14)
    at Query.runBound [as _callback] (domain.js:293:12)
    at Query.Sequence.end (/Users/mac/Desktop/Applications/GitLab/cms-backend/node_modules/express-mysql-session/node_modules/mysql/lib/protocol/sequences/Sequence.js:88:24)
    at Query._handleFinalResultPacket (/Users/mac/Desktop/Applications/GitLab/cms-backend/node_modules/express-mysql-session/node_modules/mysql/lib/protocol/sequences/Query.js:139:8)
    at Query.OkPacket (/Users/mac/Desktop/Applications/GitLab/cms-backend/node_modules/express-mysql-session/node_modules/mysql/lib/protocol/sequences/Query.js:72:10)
    at Protocol._parsePacket (/Users/mac/Desktop/Applications/GitLab/cms-backend/node_modules/express-mysql-session/node_modules/mysql/lib/protocol/Protocol.js:279:23)
    at Parser.write (/Users/mac/Desktop/Applications/GitLab/cms-backend/node_modules/express-mysql-session/node_modules/mysql/lib/protocol/Parser.js:76:12)
    at Protocol.write (/Users/mac/Desktop/Applications/GitLab/cms-backend/node_modules/express-mysql-session/node_modules/mysql/lib/protocol/Protocol.js:39:16)
    at Socket.<anonymous> (/Users/mac/Desktop/Applications/GitLab/cms-backend/node_modules/express-mysql-session/node_modules/mysql/lib/Connection.js:103:28)
    at emitOne (events.js:96:13)
    at Socket.emit (events.js:188:7)
  domain: 
   Domain {
     domain: null,
     _events: { error: [Function] },
     _eventsCount: 1,
     _maxListeners: undefined,
     members: [] },
  domainThrown: true }
[2017-10-23 20:20:14.269] [ERROR] system - error in exception handler Error: Can't set headers after they are sent.
    at ServerResponse.OutgoingMessage.setHeader (_http_outgoing.js:356:11)
    at ServerResponse.header (/Users/mac/Desktop/Applications/GitLab/cms-backend/node_modules/express/lib/response.js:730:10)
    at ServerResponse.json (/Users/mac/Desktop/Applications/GitLab/cms-backend/node_modules/express/lib/response.js:253:10)
    at Domain.<anonymous> (/Users/mac/Desktop/Applications/GitLab/cms-backend/src/handlers/exception.handler.js:26:27)
    at emitOne (events.js:96:13)
    at Domain.emit (events.js:188:7)
    at Domain.errorHandler [as _errorHandler] (domain.js:97:23)
    at process._fatalException (bootstrap_node.js:293:33)
[2017-10-23 20:22:09.599] [ERROR] system - error in domain { TypeError: First argument must be a string or Buffer
    at ServerResponse.OutgoingMessage.write (_http_outgoing.js:456:11)
    at ServerResponse.write (/Users/mac/Desktop/Applications/GitLab/cms-backend/node_modules/compression/index.js:89:18)
    at writetop (/Users/mac/Desktop/Applications/GitLab/cms-backend/node_modules/express-session/index.js:296:22)
    at ServerResponse.end (/Users/mac/Desktop/Applications/GitLab/cms-backend/node_modules/express-session/index.js:351:16)
    at /Users/mac/Desktop/Applications/GitLab/cms-backend/src/controllers/system/pwd.controller.js:34:27
    at /Users/mac/Desktop/Applications/GitLab/cms-backend/src/services/system/user.service.js:37:11
    at /Users/mac/Desktop/Applications/GitLab/cms-backend/src/lib/mysqldb.lib.js:236:24
    at Query.<anonymous> (/Users/mac/Desktop/Applications/GitLab/cms-backend/src/lib/mysqldb.lib.js:49:13)
    at bound (domain.js:280:14)
    at Query.runBound [as _callback] (domain.js:293:12)
    at Query.Sequence.end (/Users/mac/Desktop/Applications/GitLab/cms-backend/node_modules/mysql/lib/protocol/sequences/Sequence.js:86:24)
    at Query.ErrorPacket (/Users/mac/Desktop/Applications/GitLab/cms-backend/node_modules/mysql/lib/protocol/sequences/Query.js:88:8)
    at Protocol._parsePacket (/Users/mac/Desktop/Applications/GitLab/cms-backend/node_modules/mysql/lib/protocol/Protocol.js:280:23)
    at Parser.write (/Users/mac/Desktop/Applications/GitLab/cms-backend/node_modules/mysql/lib/protocol/Parser.js:75:12)
    at Protocol.write (/Users/mac/Desktop/Applications/GitLab/cms-backend/node_modules/mysql/lib/protocol/Protocol.js:39:16)
    at Socket.<anonymous> (/Users/mac/Desktop/Applications/GitLab/cms-backend/node_modules/mysql/lib/Connection.js:103:28)
  domain: 
   Domain {
     domain: null,
     _events: { error: [Function] },
     _eventsCount: 1,
     _maxListeners: undefined,
     members: [] },
  domainThrown: true }
[2017-10-23 20:22:09.602] [ERROR] system - error in exception handler Error: Can't set headers after they are sent.
    at ServerResponse.OutgoingMessage.setHeader (_http_outgoing.js:356:11)
    at ServerResponse.header (/Users/mac/Desktop/Applications/GitLab/cms-backend/node_modules/express/lib/response.js:730:10)
    at ServerResponse.json (/Users/mac/Desktop/Applications/GitLab/cms-backend/node_modules/express/lib/response.js:253:10)
    at Domain.<anonymous> (/Users/mac/Desktop/Applications/GitLab/cms-backend/src/handlers/exception.handler.js:26:27)
    at emitOne (events.js:96:13)
    at Domain.emit (events.js:188:7)
    at Domain.errorHandler [as _errorHandler] (domain.js:97:23)
    at process._fatalException (bootstrap_node.js:293:33)
[2017-10-23 20:22:09.613] [ERROR] system - error in domain { TypeError: First argument must be a string or Buffer
    at ServerResponse.OutgoingMessage.end (_http_outgoing.js:555:11)
    at ServerResponse.end (/Users/mac/Desktop/Applications/GitLab/cms-backend/node_modules/compression/index.js:107:21)
    at writeend (/Users/mac/Desktop/Applications/GitLab/cms-backend/node_modules/express-session/index.js:261:22)
    at ontouch (/Users/mac/Desktop/Applications/GitLab/cms-backend/node_modules/express-session/index.js:348:11)
    at Query.<anonymous> (/Users/mac/Desktop/Applications/GitLab/cms-backend/node_modules/express-mysql-session/lib/index.js:247:17)
    at bound (domain.js:280:14)
    at Query.runBound [as _callback] (domain.js:293:12)
    at Query.Sequence.end (/Users/mac/Desktop/Applications/GitLab/cms-backend/node_modules/express-mysql-session/node_modules/mysql/lib/protocol/sequences/Sequence.js:88:24)
    at Query._handleFinalResultPacket (/Users/mac/Desktop/Applications/GitLab/cms-backend/node_modules/express-mysql-session/node_modules/mysql/lib/protocol/sequences/Query.js:139:8)
    at Query.OkPacket (/Users/mac/Desktop/Applications/GitLab/cms-backend/node_modules/express-mysql-session/node_modules/mysql/lib/protocol/sequences/Query.js:72:10)
    at Protocol._parsePacket (/Users/mac/Desktop/Applications/GitLab/cms-backend/node_modules/express-mysql-session/node_modules/mysql/lib/protocol/Protocol.js:279:23)
    at Parser.write (/Users/mac/Desktop/Applications/GitLab/cms-backend/node_modules/express-mysql-session/node_modules/mysql/lib/protocol/Parser.js:76:12)
    at Protocol.write (/Users/mac/Desktop/Applications/GitLab/cms-backend/node_modules/express-mysql-session/node_modules/mysql/lib/protocol/Protocol.js:39:16)
    at Socket.<anonymous> (/Users/mac/Desktop/Applications/GitLab/cms-backend/node_modules/express-mysql-session/node_modules/mysql/lib/Connection.js:103:28)
    at emitOne (events.js:96:13)
    at Socket.emit (events.js:188:7)
  domain: 
   Domain {
     domain: null,
     _events: { error: [Function] },
     _eventsCount: 1,
     _maxListeners: undefined,
     members: [] },
  domainThrown: true }
[2017-10-23 20:22:09.616] [ERROR] system - error in exception handler Error: Can't set headers after they are sent.
    at ServerResponse.OutgoingMessage.setHeader (_http_outgoing.js:356:11)
    at ServerResponse.header (/Users/mac/Desktop/Applications/GitLab/cms-backend/node_modules/express/lib/response.js:730:10)
    at ServerResponse.json (/Users/mac/Desktop/Applications/GitLab/cms-backend/node_modules/express/lib/response.js:253:10)
    at Domain.<anonymous> (/Users/mac/Desktop/Applications/GitLab/cms-backend/src/handlers/exception.handler.js:26:27)
    at emitOne (events.js:96:13)
    at Domain.emit (events.js:188:7)
    at Domain.errorHandler [as _errorHandler] (domain.js:97:23)
    at process._fatalException (bootstrap_node.js:293:33)
[2017-10-23 20:26:53.358] [INFO] system - 正在监听 port 7071
[2017-10-23 20:26:54.196] [INFO] system - 正在监听 port 7071
[2017-10-23 20:27:57.699] [INFO] system - 正在监听 port 7071
[2017-10-23 20:27:58.440] [INFO] system - 正在监听 port 7071
[2017-10-23 20:28:04.442] [INFO] system - 正在监听 port 7071
[2017-10-23 20:28:26.477] [INFO] system - 正在监听 port 7071
[2017-10-23 20:28:27.541] [INFO] system - 正在监听 port 7071
[2017-10-23 20:30:03.332] [INFO] system - 正在监听 port 7071
[2017-10-23 20:31:56.908] [INFO] system - 正在监听 port 7071
[2017-10-23 20:32:28.998] [INFO] system - 正在监听 port 7071
[2017-10-23 20:32:31.717] [INFO] system - 正在监听 port 7071
[2017-10-23 20:33:17.099] [INFO] system - 正在监听 port 7071
[2017-10-23 20:34:55.413] [INFO] system - 正在监听 port 7071
[2017-10-23 20:35:00.172] [INFO] system - 正在监听 port 7071
[2017-10-23 20:35:01.164] [INFO] system - 正在监听 port 7071
[2017-10-23 20:35:07.176] [INFO] system - 正在监听 port 7071
[2017-10-23 20:35:14.149] [INFO] system - 正在监听 port 7071
[2017-10-23 20:35:31.522] [INFO] system - 正在监听 port 7071
[2017-10-23 20:35:50.542] [INFO] system - 正在监听 port 7071
[2017-10-23 20:35:51.295] [INFO] system - 正在监听 port 7071
[2017-10-23 20:35:55.295] [INFO] system - 正在监听 port 7071
