[2018-03-26 09:38:45.201] [INFO] system - 正在监听 port 7071
[2018-03-26 09:44:27.960] [INFO] system - 正在监听 port 7071
[2018-03-26 09:44:28.852] [INFO] system - 正在监听 port 7071
[2018-03-26 09:50:49.206] [INFO] system - 正在监听 port 7071
[2018-03-26 09:50:50.191] [INFO] system - 正在监听 port 7071
[2018-03-26 09:50:51.208] [INFO] system - 正在监听 port 7071
[2018-03-26 09:50:52.249] [INFO] system - 正在监听 port 7071
[2018-03-26 09:50:54.243] [INFO] system - 正在监听 port 7071
[2018-03-26 09:51:21.431] [INFO] system - 正在监听 port 7071
[2018-03-26 09:51:22.425] [INFO] system - 正在监听 port 7071
[2018-03-26 10:59:50.050] [INFO] system - 正在监听 port 7071
[2018-03-26 10:59:51.629] [INFO] system - 正在监听 port 7071
[2018-03-26 10:59:52.604] [INFO] system - 正在监听 port 7071
[2018-03-26 11:00:05.644] [INFO] system - 正在监听 port 7071
[2018-03-26 11:01:16.970] [INFO] system - 正在监听 port 7071
[2018-03-26 11:01:23.014] [INFO] system - 正在监听 port 7071
[2018-03-26 11:02:04.058] [INFO] system - 正在监听 port 7071
[2018-03-26 11:02:07.094] [INFO] system - 正在监听 port 7071
[2018-03-26 11:03:41.431] [INFO] system - 正在监听 port 7071
[2018-03-26 11:03:52.448] [INFO] system - 正在监听 port 7071
[2018-03-26 11:03:53.488] [INFO] system - 正在监听 port 7071
[2018-03-26 11:05:32.338] [INFO] system - 正在监听 port 7071
[2018-03-26 11:05:35.345] [INFO] system - 正在监听 port 7071
[2018-03-26 11:05:39.279] [INFO] system - 正在监听 port 7071
[2018-03-26 11:07:18.680] [INFO] system - 正在监听 port 7071
[2018-03-26 11:07:30.707] [INFO] system - 正在监听 port 7071
[2018-03-26 11:07:32.731] [INFO] system - 正在监听 port 7071
[2018-03-26 11:07:49.778] [INFO] system - 正在监听 port 7071
[2018-03-26 11:07:52.789] [INFO] system - 正在监听 port 7071
[2018-03-26 11:07:53.834] [INFO] system - 正在监听 port 7071
[2018-03-26 11:08:01.847] [INFO] system - 正在监听 port 7071
[2018-03-26 11:08:04.855] [INFO] system - 正在监听 port 7071
[2018-03-26 11:08:06.846] [INFO] system - 正在监听 port 7071
[2018-03-26 11:08:09.813] [INFO] system - 正在监听 port 7071
[2018-03-26 11:08:11.883] [INFO] system - 正在监听 port 7071
[2018-03-26 11:08:12.816] [INFO] system - 正在监听 port 7071
[2018-03-26 11:09:03.960] [INFO] system - 正在监听 port 7071
[2018-03-26 11:09:34.173] [INFO] system - 正在监听 port 7071
[2018-03-26 11:09:35.134] [INFO] system - 正在监听 port 7071
[2018-03-26 11:09:44.122] [INFO] system - 正在监听 port 7071
[2018-03-26 11:51:22.860] [INFO] system - 正在监听 port 7071
[2018-03-26 12:42:50.737] [INFO] system - 正在监听 port 7071
[2018-03-26 12:42:52.371] [INFO] system - 正在监听 port 7071
[2018-03-26 12:43:57.950] [INFO] system - 正在监听 port 7071
[2018-03-26 12:44:36.075] [INFO] system - 正在监听 port 7071
[2018-03-26 12:44:37.730] [INFO] system - 正在监听 port 7071
[2018-03-26 12:45:13.856] [INFO] system - 正在监听 port 7071
[2018-03-26 12:45:14.832] [INFO] system - 正在监听 port 7071
[2018-03-26 12:52:29.744] [INFO] system - 正在监听 port 7071
[2018-03-26 12:55:16.816] [INFO] system - 正在监听 port 7071
[2018-03-26 12:58:25.504] [INFO] system - 正在监听 port 7071
[2018-03-26 12:59:58.830] [INFO] system - 正在监听 port 7071
[2018-03-26 13:01:24.039] [INFO] system - 正在监听 port 7071
[2018-03-26 13:01:47.181] [INFO] system - 正在监听 port 7071
[2018-03-26 13:01:49.202] [INFO] system - 正在监听 port 7071
[2018-03-26 13:02:17.338] [INFO] system - 正在监听 port 7071
[2018-03-26 13:04:01.641] [INFO] system - 正在监听 port 7071
[2018-03-26 13:04:47.809] [INFO] system - 正在监听 port 7071
[2018-03-26 13:05:43.994] [INFO] system - 正在监听 port 7071
[2018-03-26 13:06:05.034] [INFO] system - 正在监听 port 7071
[2018-03-26 13:06:31.102] [INFO] system - 正在监听 port 7071
[2018-03-26 13:06:33.141] [INFO] system - 正在监听 port 7071
[2018-03-26 13:08:05.456] [INFO] system - 正在监听 port 7071
[2018-03-26 13:08:17.465] [INFO] system - 正在监听 port 7071
[2018-03-26 13:09:07.696] [INFO] system - 正在监听 port 7071
[2018-03-26 13:09:18.620] [INFO] system - 正在监听 port 7071
[2018-03-26 13:09:20.619] [INFO] system - 正在监听 port 7071
[2018-03-26 13:24:21.674] [INFO] system - 正在监听 port 7071
[2018-03-26 13:24:22.577] [INFO] system - 正在监听 port 7071
[2018-03-26 13:25:41.731] [INFO] system - 正在监听 port 7071
[2018-03-26 13:25:42.850] [INFO] system - 正在监听 port 7071
[2018-03-26 13:25:56.020] [INFO] system - 正在监听 port 7071
[2018-03-26 13:25:56.990] [INFO] system - 正在监听 port 7071
[2018-03-26 13:31:20.399] [INFO] system - 正在监听 port 7071
[2018-03-26 13:31:23.077] [INFO] system - 正在监听 port 7071
[2018-03-26 13:31:42.027] [INFO] system - 正在监听 port 7071
[2018-03-26 13:31:43.124] [INFO] system - 正在监听 port 7071
[2018-03-26 13:33:11.423] [INFO] system - 正在监听 port 7071
[2018-03-26 18:22:31.273] [INFO] system - 正在监听 port 7071
[2018-03-26 18:32:20.919] [ERROR] system - { Error: Handshake inactivity timeout
    at Handshake.<anonymous> (/Users/mac/Desktop/Applications/GitLab/cms-backend/node_modules/express-mysql-session/node_modules/mysql/lib/protocol/Protocol.js:164:17)
    at emitNone (events.js:86:13)
    at Handshake.emit (events.js:185:7)
    at Handshake._onTimeout (/Users/mac/Desktop/Applications/GitLab/cms-backend/node_modules/express-mysql-session/node_modules/mysql/lib/protocol/sequences/Sequence.js:129:8)
    at ontimeout (timers.js:365:14)
    at tryOnTimeout (timers.js:237:5)
    at Timer.listOnTimeout (timers.js:207:5)
    --------------------
    at Protocol._enqueue (/Users/mac/Desktop/Applications/GitLab/cms-backend/node_modules/express-mysql-session/node_modules/mysql/lib/protocol/Protocol.js:145:48)
    at Protocol.handshake (/Users/mac/Desktop/Applications/GitLab/cms-backend/node_modules/express-mysql-session/node_modules/mysql/lib/protocol/Protocol.js:52:23)
    at PoolConnection.connect (/Users/mac/Desktop/Applications/GitLab/cms-backend/node_modules/express-mysql-session/node_modules/mysql/lib/Connection.js:130:18)
    at Pool.getConnection (/Users/mac/Desktop/Applications/GitLab/cms-backend/node_modules/express-mysql-session/node_modules/mysql/lib/Pool.js:48:16)
    at Pool.query (/Users/mac/Desktop/Applications/GitLab/cms-backend/node_modules/express-mysql-session/node_modules/mysql/lib/Pool.js:202:8)
    at MySQLStore.get (/Users/mac/Desktop/Applications/GitLab/cms-backend/node_modules/express-mysql-session/lib/index.js:130:19)
    at session (/Users/mac/Desktop/Applications/GitLab/cms-backend/node_modules/express-session/index.js:460:11)
    at Layer.handle [as handle_request] (/Users/mac/Desktop/Applications/GitLab/cms-backend/node_modules/express/lib/router/layer.js:95:5)
    at trim_prefix (/Users/mac/Desktop/Applications/GitLab/cms-backend/node_modules/express/lib/router/index.js:317:13)
    at /Users/mac/Desktop/Applications/GitLab/cms-backend/node_modules/express/lib/router/index.js:284:7
    at Function.process_params (/Users/mac/Desktop/Applications/GitLab/cms-backend/node_modules/express/lib/router/index.js:335:12)
    at next (/Users/mac/Desktop/Applications/GitLab/cms-backend/node_modules/express/lib/router/index.js:275:10)
    at /Users/mac/Desktop/Applications/GitLab/cms-backend/src/lib/session.lib.js:12:5
    at Layer.handle [as handle_request] (/Users/mac/Desktop/Applications/GitLab/cms-backend/node_modules/express/lib/router/layer.js:95:5)
    at trim_prefix (/Users/mac/Desktop/Applications/GitLab/cms-backend/node_modules/express/lib/router/index.js:317:13)
    at /Users/mac/Desktop/Applications/GitLab/cms-backend/node_modules/express/lib/router/index.js:284:7
  code: 'PROTOCOL_SEQUENCE_TIMEOUT',
  fatal: true,
  timeout: 10000 } undefined
